<?xml version="1.0" encoding="utf-8"?>
<test-run id="2" name="Open-Lab-04.14.dll" fullname="C:/Users/onkom/Source/Repos/Open-Lab-04.14/Open-Lab-04.14/bin/Debug/netcoreapp3.0/Open-Lab-04.14.dll" testcasecount="100" result="Passed" start-time="2021-12-27 14:18:10Z" end-time="2021-12-27 14:18:12Z" duration="1.940780" total="100" passed="100" failed="0" inconclusive="0" skipped="0" asserts="538332" random-seed="609549406">
  <command-line><![CDATA[C:\Users\onkom\Source\Repos\Open-Lab-04.14\Open-Lab-04.14\bin\Debug\netcoreapp3.0\Open-Lab-04.14.dll]]></command-line>
  <filter />
  <test-suite type="Assembly" id="1103" name="Open-Lab-04.14.dll" fullname="C:/Users/onkom/Source/Repos/Open-Lab-04.14/Open-Lab-04.14/bin/Debug/netcoreapp3.0/Open-Lab-04.14.dll" runstate="Runnable" testcasecount="100" result="Passed" start-time="2021-12-27 14:18:10Z" end-time="2021-12-27 14:18:12Z" duration="1.940780" total="100" passed="100" failed="0" warnings="0" inconclusive="0" skipped="0" asserts="538332">
    <environment framework-version="3.12.0.0" clr-version="3.1.19" os-version="Microsoft Windows 10.0.19042" platform="Win32NT" cwd="C:\Users\onkom\Source\Repos\Open-Lab-04.14\Open-Lab-04.14\bin\Debug\netcoreapp3.0" machine-name="DESKTOP-7OQAPDJ" user="onkom" user-domain="DESKTOP-7OQAPDJ" culture="en-US" uiculture="en-US" os-architecture="x64" />
    <settings>
      <setting name="WorkDirectory" value="C:\Users\onkom\Source\Repos\Open-Lab-04.14\Open-Lab-04.14\bin\Debug\netcoreapp3.0" />
      <setting name="NumberOfTestWorkers" value="4" />
    </settings>
    <properties>
      <property name="_PID" value="3948" />
      <property name="_APPDOMAIN" value="Open-Lab-04.14" />
    </properties>
    <test-suite type="TestSuite" id="1104" name="Open_Lab_04" fullname="Open_Lab_04" runstate="Runnable" testcasecount="100" result="Passed" start-time="2021-12-27 14:18:10Z" end-time="2021-12-27 14:18:12Z" duration="1.915768" total="100" passed="100" failed="0" warnings="0" inconclusive="0" skipped="0" asserts="538332">
      <test-suite type="TestSuite" id="1105" name="_14" fullname="Open_Lab_04._14" runstate="Runnable" testcasecount="100" result="Passed" start-time="2021-12-27 14:18:10Z" end-time="2021-12-27 14:18:12Z" duration="1.911754" total="100" passed="100" failed="0" warnings="0" inconclusive="0" skipped="0" asserts="538332">
        <test-suite type="TestFixture" id="1000" name="Tests" fullname="Open_Lab_04._14.Tests" classname="Open_Lab_04._14.Tests" runstate="Runnable" testcasecount="100" result="Passed" start-time="2021-12-27 14:18:10Z" end-time="2021-12-27 14:18:12Z" duration="1.904962" total="100" passed="100" failed="0" warnings="0" inconclusive="0" skipped="0" asserts="538332">
          <test-suite type="ParameterizedMethod" id="1003" name="TestWithPredefined" fullname="Open_Lab_04._14.Tests.TestWithPredefined" classname="Open_Lab_04._14.Tests" runstate="Runnable" testcasecount="2" result="Passed" start-time="2021-12-27 14:18:10Z" end-time="2021-12-27 14:18:10Z" duration="0.037096" total="2" passed="2" failed="0" warnings="0" inconclusive="0" skipped="0" asserts="136">
            <test-case id="1001" name="TestWithPredefined([&quot;Hello&quot;, &quot;World&quot;, &quot;in&quot;, &quot;a&quot;, &quot;frame&quot;],&quot;*********\r\n* Hello *\r\n* World *\r\n* in    *\r\n* a     *\r\n* frame *\r\n*********\r\n&quot;)" fullname="Open_Lab_04._14.Tests.TestWithPredefined([&quot;Hello&quot;, &quot;World&quot;, &quot;in&quot;, &quot;a&quot;, &quot;frame&quot;],&quot;*********\r\n* Hello *\r\n* World *\r\n* in    *\r\n* a     *\r\n* frame *\r\n*********\r\n&quot;)" methodname="TestWithPredefined" classname="Open_Lab_04._14.Tests" runstate="Runnable" seed="315388220" result="Passed" start-time="2021-12-27 14:18:10Z" end-time="2021-12-27 14:18:10Z" duration="0.029538" asserts="73" />
            <test-case id="1002" name="TestWithPredefined([&quot;Hello&quot;, &quot;Xamarin&quot;, &quot;Lab!&quot;],&quot;***********\r\n* Hello   *\r\n* Xamarin *\r\n* Lab!    *\r\n***********\r\n&quot;)" fullname="Open_Lab_04._14.Tests.TestWithPredefined([&quot;Hello&quot;, &quot;Xamarin&quot;, &quot;Lab!&quot;],&quot;***********\r\n* Hello   *\r\n* Xamarin *\r\n* Lab!    *\r\n***********\r\n&quot;)" methodname="TestWithPredefined" classname="Open_Lab_04._14.Tests" runstate="Runnable" seed="1158813704" result="Passed" start-time="2021-12-27 14:18:10Z" end-time="2021-12-27 14:18:10Z" duration="0.000268" asserts="63" />
          </test-suite>
          <test-suite type="ParameterizedMethod" id="1102" name="TestWithRandom" fullname="Open_Lab_04._14.Tests.TestWithRandom" classname="Open_Lab_04._14.Tests" runstate="Runnable" testcasecount="98" result="Passed" start-time="2021-12-27 14:18:10Z" end-time="2021-12-27 14:18:12Z" duration="1.853672" total="98" passed="98" failed="0" warnings="0" inconclusive="0" skipped="0" asserts="538196">
            <test-case id="1004" name="TestWithRandom([&quot;RERMGEK&quot;, &quot;RGANAYBERMHWDRAGMPODLGMPBBSQJ&quot;, &quot;NOONDKA&quot;, &quot;TDOGBTUDXADLZRQHVLTLLYFLVPYSIQOQGNVLOFETVYDSNYBWYHRRRONUXDKLVCUHMNEMVFSQHAPMVNYXOCTAZXYRZANLUSYTDW&quot;, &quot;ZTPATPAKRZBZJFNXSITHOONN&quot;, ...],&quot;********************************************************************************************************\r\n* RERMGEK                                                                                              *\r\n* RGANAYBERMHWDRAGMPODLGMPBBSQJ                                                                        *\r\n* NOONDKA                                                                                              *\r\n* TDOGBTUDXADLZRQHVLTLLYFLVPYSIQOQGNVLOFETVYDSNYBWYHRRRONUXDKLVCUHMNEMVFSQHAPMVNYXOCTAZXYRZANLUSYTDW   *\r\n* ZTPATPAKRZBZJFNXSITHOONN                                                                             *\r\n* RGWOBWIYHYDYBZLYMHSYADGGVFKJORLGBFBIEVPCSACHKYRIIJCGUPUNAPSWLYKQMXWWXCTQSPFAAYWWNBB                  *\r\n* PELMKOIPDSQTQMUNBVKF                                                                                 *\r\n* LOFJUMBTWIJXFAHLKLJUENZYMKOEJUSRWPEQGDQBHWGKGWKLMBRJBKLXOGWKYW                                       *\r\n* CPSAQWQFHVINHHPSQZDRHCJQLDGCAGGCKMEUOV                                                               *\r\n* OVWKOSXDPZNGKVFBZGCOMQOEAOGDVDUEUEOVLSUXOZRCMZVHEKFNLGHYHRJZLUIMEJMGGJPGLEAMYMS                      *\r\n* TYYKYH                                                                                               *\r\n* NWQOUIVMUREYCNPAVVYBGGUZVYIGNVXOXRYJQVVYQSFVUNQOEXDPZFMHCQTVAPYYTPALPFKZZ                            *\r\n* LNAZFHIUBPSIOSEQHZBZXBTHBEMEYYNDPATZGCLMNGNJFLBIGYYKYACKTTXAUDVDBPSOYFJEOPLRNKBQCDXAZCFPXJFNFKRJLKHQ *\r\n* MKBOUWIOKWJRHYQFUDZKDQOZWZEYCGDCLXPTWMFFWANNWWXMBDQGIFPWVBSVSKMETHGJIWJHY                            *\r\n* NCDBDZBRWYPWTFHTXUUJNMOITPQOEEUIIOSMSTYSUANNPWNABOZONOFBOVIOJNNSEGNFNUADWBPN                         *\r\n* ATWCPMPFFVTJQYXLJJGMUJIIINGNVRMYSDNBLMTAYNYLUVXWDSMRIBDQKNTCFBJNJUQMLVAXQFNHLXOMPKKCFUPRZXRXSQ       *\r\n* WDKCZFKLHRPBDNWFNYHMUQHIOEZMOEDFZKRDBUPGFZDLQSMDDRDYKDAFWBNUFXXDOJBSWTESJAHVNVSWSWJ                  *\r\n* AEUVKLGZHVBHCAWGQUHKNLPKWESBIQCJOACJPGILMELOZZTNYMFXOYIPPKZFTFQQTSSBXNRKLWXJZAKWLECWLE               *\r\n* PSNUEGDSHNUVHHRQLVVLSAZPOZCTOCUFOXDJKTMDIEQVFFDPTORBPSCOSXFEDJDESPGJEIFSIRCOKDKJ                     *\r\n* NZALTPVUOQMNIZZAMCPYULLIYSXPOEONVIQJCSZZKOPRSEZRDNXBUKCBOSNASGGJCZRZJQYUDQOFVTPUSFMAH                *\r\n* SLGOVKFYHEHGPSMAINPDXEWWGUCSHMTGCOHGTUUNPFJJXPEWHSXZ                                                 *\r\n* EPOPJIAIMQVKBDALGGOSBNSVMZQQFKOPUUYYTQJMUFDOO                                                        *\r\n* VLDLBMIGJQXSDKRKCBBFQHFCRPXCYWKDHMDFMUJCGNKIBANZUKCBNIIOFBTMOGINFULQGMXIRYZCWXBRCYHNUIQZDPZLAXNZE    *\r\n* CGOWSIMTJOIGSIACJQZUTWDMMRMLIUKAXYVUCGFZBAYCQXXQLYNXAJEFCBJBVBLPDHITNGZDLZTSYBWPUWAKGNANUPR          *\r\n* WEE                                                                                                  *\r\n* PJYJPDDFYKLAQMHBFUHYABIPGUYYOZHHUTDOCMZQSVLWBZXIIQUBWFZOBJCUEFQZCEGWISYTUQGFPLNHWQPYEFKOUONTKFLNEMUX *\r\n* BZPRBGGZTYPVVXOPRVWTRBUFEIPESADRQNVRAHCZDPBQXYPHXYNRXDCAFJMSQCGSVYFHCXOKSXPB                         *\r\n* DHGTIHUNLUMKVLQUJIBIIUZTHFAJCYZNAABCGZIUMFJESWGLYQIPOTRJINMCGLLNUYJVKONKZGVDKVAKYPLLQJZHIRTTNFOBUWJU *\r\n* LAJCXQHXNYNMBERAZWKYCMSVUXTSUJOLFXMOBJSTSKVTFGLBWBU                                                  *\r\n* YVKZIOIAWOCEKBHESDYPERGSRZPOLSVTOONKMMGMBRXDHQIEZHJTCEUHPSIJZTOETJQVNWRFWLOMUCKAQKPEIBQJTGVTEXNHDSK  *\r\n* ANQCQDWQQIMMHHSOEKVRTGCHBXAZYGJBSNADUNOFEZTLTIMWEYDSWSETKJASCXRJYLUUHPURWQNTNQNTLEVADRFZIHS          *\r\n* MVCHHJNIORPOEMWGFLFUVHHYBRFHGULZXIEANFLDDEET                                                         *\r\n* GWRUYTXBYPFODFQDGCUFPRVIVSAZBRQCNKVVOMHANYZTYMKZVAXCKNYP                                             *\r\n* JZG                                                                                                  *\r\n* YZGYCATKUPTUTSRSCJIIAEBUNSZLGUFNAGPZSUWMQPALDIQVHWYAQYTUXMKKBHEAJGTMCRAHMWRKD                        *\r\n* QFBDEJVFWCNVBFJLLIKZBWODSPWRNUGIQGWFIXDUEDKRZHPVXBLJAEPTRYLPNESBV                                    *\r\n* EVIEDOFPVXMWDKZBTLJ                                                                                  *\r\n* IMRCNKLOHZLIWUDUMSXXEKIRGUUAPMLGSYWSDGRSCQIVMEAJHEPAOMSYDZVTQLYVOEQXYKQGBEUNCMFCULSLXKSFFY           *\r\n* EKYCRSMHHNCKXNIYJRFVQUTYFSNYDMKSAUMVDCDVPFXORAVXOLJNACYJQZXY                                         *\r\n* NEVCKKCBNVHOKGLWEHEWQ                                                                                *\r\n* RDXSXWDEEEEPBBCLHQSVAQCZPWNMMRSBPDMSFRMGY                                                            *\r\n* QCJUEKUTAOEUJBAXCBIQSMMDAYOJFPDMX                                                                    *\r\n* ZAQVRDRTREXUTLRIPKYHPDPGTGVLNKKSXRBAGGKFYZVIFFFDSXASNPCVKKBLHGFHTFXBJQB                              *\r\n* ASJQIHANASSPKREHPFQWEYXSTOOAIDTBWR                                                                   *\r\n* VGMNCKOKOOPXCBQMDAEDCURWUTAFXYQTSZJBCSNMQNIDERLYSQQBROPAPQTJJINQXWECSP                               *\r\n* KMSMOLNSCHBNGIPCEJILMZECIASGHMIGDGFPYBA                                                              *\r\n* CXQBHVHHHTATJDXLHPEOSGKQYUKZDZDDIUJOJDUNTLZNLPXAJTIJWMVV                                             *\r\n* ZCNKHDHQXKOTICDURVHHWEIXKQJRTGWZOAJAHCLIRXOFIGAREOEQO                                                *\r\n* RUTPAQTQWQOPEHSDMPJYPYQDODPSNFCFLZJOGSCUOAAXRTCSZACPHPYSE                                            *\r\n* BWBBDROIEFYDWUNOKPYSMVBWTMCMYVARKQRFTNXJJIOWUVEHCSEJULDFVEIQOBK                                      *\r\n* EHTFDHVWRPJDGECXHVKFQQXZMLKPFHUHYG                                                                   *\r\n* NCYEUXISEBAZQCKITQERNKUSRXFRKVBEANOVJQQIIYSXMMTNUYAQUODDHFMWRQHJZVYD                                 *\r\n* PZDAVIPRWGFESWMUKJLJLNDDTQSQIXQNQZFYXQZFOLKZHSZTVPOM                                                 *\r\n* TBBWZHEQYJZQRNSROWUKGUACEVARYVTIEAWXEBXIUPQCLIQFGC                                                   *\r\n* SUBGYBYSDGNRCPQLQQVMMZMQQEXRV                                                                        *\r\n* VLWOAODUXVFITBHYOMUWZO                                                                               *\r\n* PVTILQUEHXYLBUOOCIWSZGDFKISPLWYGGAGTHGREDRY                                                          *\r\n* VQFDZXSODVLIRNXCYESKYSEBOVHWRSPHIRJTCOQNEKCLOX                                                       *\r\n* TIOGYY                                                                                               *\r\n* MDLEPEQVWKGEAZEDAJOEGOPTNQUNNCMRIVEGIYZMXINSEKXBPEOWJ                                                *\r\n* HYORRYJDHUYOVFUYVCJCHXBXOCSSXJNPHOOGRQGACUASTQOSGRIMNHNJWRDOGRFYGJGGROGEVJZMXI                       *\r\n* YOZLFABCABEJANS                                                                                      *\r\n* KPCLKJIBSLEQEHALONEAGGZYFGGEMEGRDPOXVWTPFYSUWKYSATVMJRNEPEGDDDPOEMNOSDQSUPUINF                       *\r\n* VINDSJT                                                                                              *\r\n* LBKHRQPLCIEPJWJZXCDSTXEQKCLVPZWF                                                                     *\r\n* ECNIWZCEDSAJPRYYOGQFBOOXTXOEUWCMYEFTWRBDBO                                                           *\r\n* EDHUKMWASGZJPOPOYKXJGQOKKMECWFMENYJTMDERYVJFZVPFHCCTDEJOPWJYIUD                                      *\r\n* TUVREVCVFFLKGILPWZVUDSAJOVEPTFJDRWLEZYALAGNYTYIGKU                                                   *\r\n* IYJJBTMD                                                                                             *\r\n* RMCZVHSJXHPYYJTWECPPMXFYDAEINKKNVQUOEN                                                               *\r\n* LGYJDFDKPPN                                                                                          *\r\n* RWNXTHDWUCKWMWBDHPFRRAEJNOBSAQPSZNTQHTBHARHJVCXGDADAKVFRSDJFFKVEMSWYDKVNNYQZSVOLQVOZNPH              *\r\n* ICYEKVBPVDWCGYDTF                                                                                    *\r\n* MMEGYXPXOKWWRXKSQBMRDRWADOYLFSSVUXDVZCDBOMHRTZMZSOIBGOMUQEC                                          *\r\n* YESVSABTTPSNXKCQKEGDCZTQKQOGLJFVZTDKULZ                                                              *\r\n* YSFCVUEVLWJLXZHYKBLBLVHKKXNEHSWYFNFKTQVPMSUPZTXAMEZSZXHCKVSXHAOTALGJTWEUGWP                          *\r\n* ASKQZNRCSDYHFDZXYXHLEBPNNOGPZFMDHPBSLBYUILAWMYEQXHVIPDOZCWCLGBCNRVZQBGMX                             *\r\n* NDSBTBPKQSSJDOEBCPOYNNGIMERYNPRUYJBAVXJVNAQJJDOHVPYQYYMAWJOOJQWAAYLTMDGEGSLMXXYJQJDYQAWZXBELJVLXE    *\r\n* ILRUURJUKFNZDZLFXZMYKACLWLZUVKHOHHONRWPLPWQQMXYEAEYLKGFIIGXIS                                        *\r\n* ZZYZRVLXOAKAIOJLYYNUUQMVDBCFELZGTBWQSNFCTCQXBJXRZWHYVXT                                              *\r\n* NDVPTGSCBDHHRSTLSLBSAPTTEKGIDALW                                                                     *\r\n* ODPSQJNJNVXCQAGDVFJVBHYJBLIZKZ                                                                       *\r\n* SKZCOE                                                                                               *\r\n* CCOINTWROKZFHUBAFHFFQEANZOUFRQXRYCCHHTTENKXXAFRGQKTVJZCYBAIZZRZYNIGERTTMNB                           *\r\n* FHCNTWNOHWCIZAEGGKUFVKZKSYMPXRHHHGWRZNPCLDSBKZHENNMCSVWUHRUUKYQQOUASDMGS                             *\r\n* RTSSXZSRHBJEFOMJCJHTUSNMCNQZOBAGUGBCDCKRCDCWHLJFOJBDZZAZGGQKJTCGBDKYNKFZZPQRQQEQDL                   *\r\n* FZXHUGCWXMAIIAVVEBKREDBDJIJJPBZGYIXGDVPSLNI                                                          *\r\n* YHHQUVAPSTGCYTXLWTGVMTJADPSILSGQUNFBASOTBKOFBUIJXDVSH                                                *\r\n* BFXHNEDSDANQHKOVLEEMUBFEZIHIKIWNJHMZETFKQIHOSLMXVBSR                                                 *\r\n* UTZZTIEXUHVDZHAXORRYTWLURMOVJNIPEZPNNALKAMWBLKTDLZGKASU                                              *\r\n* HEIGUINHYFYZSMKOGGYGZKIGTKKKGYPMFRGIREQRZOCGMTLYORDTUNXXVBNJYDAAQMUAGCXBQGHLHCUZYLVPUVRSTIMQR        *\r\n* SVNCQAZKRMUBDNFMQTGNLNILFU                                                                           *\r\n* BHYPGKJOLXFMUAOTIUTSEMGSSJEVENCWVFXCTXNRTZTOKHMNXUZRMCQPBGWXGNJYVIQOCLZLGBYESRHL                     *\r\n* QYKOLKTPHBMAQKFPVTBRXKMUNKKDLXJYLAPPZJKYWZUJMLQRSPWYFTYGMPAAZQDKSNOPVQQMICUXQCHCUTKWAKTS             *\r\n* JDJJJZG                                                                                              *\r\n* JRZWAVCZKPDYBQJHXGFFHJHUWOLMGCYDNBGLIGTXHWQVPTATUCMDTBOZJEAMKQSHQALZJXYRMHXKTMEDNSRDQV               *\r\n* MMGCEFHNREIEPIBJWDUQMDEGXZXYSYORVRYM                                                                 *\r\n* VULEUGGLHPUMIUZ                                                                                      *\r\n* FXJIZEFIJVSPQJYJOFBJILRWXVPJCLJDPVPUODDQPDVZNQUYQLXCTQNTFMKEPVGXLPAVTEVKBLUFQSIGAQTRN                *\r\n********************************************************************************************************\r\n&quot;)" fullname="Open_Lab_04._14.Tests.TestWithRandom([&quot;RERMGEK&quot;, &quot;RGANAYBERMHWDRAGMPODLGMPBBSQJ&quot;, &quot;NOONDKA&quot;, &quot;TDOGBTUDXADLZRQHVLTLLYFLVPYSIQOQGNVLOFETVYDSNYBWYHRRRONUXDKLVCUHMNEMVFSQHAPMVNYXOCTAZXYRZANLUSYTDW&quot;, &quot;ZTPATPAKRZBZJFNXSITHOONN&quot;, ...],&quot;********************************************************************************************************\r\n* RERMGEK                                                                                              *\r\n* RGANAYBERMHWDRAGMPODLGMPBBSQJ                                                                        *\r\n* NOONDKA                                                                                              *\r\n* TDOGBTUDXADLZRQHVLTLLYFLVPYSIQOQGNVLOFETVYDSNYBWYHRRRONUXDKLVCUHMNEMVFSQHAPMVNYXOCTAZXYRZANLUSYTDW   *\r\n* ZTPATPAKRZBZJFNXSITHOONN                                                                             *\r\n* RGWOBWIYHYDYBZLYMHSYADGGVFKJORLGBFBIEVPCSACHKYRIIJCGUPUNAPSWLYKQMXWWXCTQSPFAAYWWNBB                  *\r\n* PELMKOIPDSQTQMUNBVKF                                                                                 *\r\n* LOFJUMBTWIJXFAHLKLJUENZYMKOEJUSRWPEQGDQBHWGKGWKLMBRJBKLXOGWKYW                                       *\r\n* CPSAQWQFHVINHHPSQZDRHCJQLDGCAGGCKMEUOV                                                               *\r\n* OVWKOSXDPZNGKVFBZGCOMQOEAOGDVDUEUEOVLSUXOZRCMZVHEKFNLGHYHRJZLUIMEJMGGJPGLEAMYMS                      *\r\n* TYYKYH                                                                                               *\r\n* NWQOUIVMUREYCNPAVVYBGGUZVYIGNVXOXRYJQVVYQSFVUNQOEXDPZFMHCQTVAPYYTPALPFKZZ                            *\r\n* LNAZFHIUBPSIOSEQHZBZXBTHBEMEYYNDPATZGCLMNGNJFLBIGYYKYACKTTXAUDVDBPSOYFJEOPLRNKBQCDXAZCFPXJFNFKRJLKHQ *\r\n* MKBOUWIOKWJRHYQFUDZKDQOZWZEYCGDCLXPTWMFFWANNWWXMBDQGIFPWVBSVSKMETHGJIWJHY                            *\r\n* NCDBDZBRWYPWTFHTXUUJNMOITPQOEEUIIOSMSTYSUANNPWNABOZONOFBOVIOJNNSEGNFNUADWBPN                         *\r\n* ATWCPMPFFVTJQYXLJJGMUJIIINGNVRMYSDNBLMTAYNYLUVXWDSMRIBDQKNTCFBJNJUQMLVAXQFNHLXOMPKKCFUPRZXRXSQ       *\r\n* WDKCZFKLHRPBDNWFNYHMUQHIOEZMOEDFZKRDBUPGFZDLQSMDDRDYKDAFWBNUFXXDOJBSWTESJAHVNVSWSWJ                  *\r\n* AEUVKLGZHVBHCAWGQUHKNLPKWESBIQCJOACJPGILMELOZZTNYMFXOYIPPKZFTFQQTSSBXNRKLWXJZAKWLECWLE               *\r\n* PSNUEGDSHNUVHHRQLVVLSAZPOZCTOCUFOXDJKTMDIEQVFFDPTORBPSCOSXFEDJDESPGJEIFSIRCOKDKJ                     *\r\n* NZALTPVUOQMNIZZAMCPYULLIYSXPOEONVIQJCSZZKOPRSEZRDNXBUKCBOSNASGGJCZRZJQYUDQOFVTPUSFMAH                *\r\n* SLGOVKFYHEHGPSMAINPDXEWWGUCSHMTGCOHGTUUNPFJJXPEWHSXZ                                                 *\r\n* EPOPJIAIMQVKBDALGGOSBNSVMZQQFKOPUUYYTQJMUFDOO                                                        *\r\n* VLDLBMIGJQXSDKRKCBBFQHFCRPXCYWKDHMDFMUJCGNKIBANZUKCBNIIOFBTMOGINFULQGMXIRYZCWXBRCYHNUIQZDPZLAXNZE    *\r\n* CGOWSIMTJOIGSIACJQZUTWDMMRMLIUKAXYVUCGFZBAYCQXXQLYNXAJEFCBJBVBLPDHITNGZDLZTSYBWPUWAKGNANUPR          *\r\n* WEE                                                                                                  *\r\n* PJYJPDDFYKLAQMHBFUHYABIPGUYYOZHHUTDOCMZQSVLWBZXIIQUBWFZOBJCUEFQZCEGWISYTUQGFPLNHWQPYEFKOUONTKFLNEMUX *\r\n* BZPRBGGZTYPVVXOPRVWTRBUFEIPESADRQNVRAHCZDPBQXYPHXYNRXDCAFJMSQCGSVYFHCXOKSXPB                         *\r\n* DHGTIHUNLUMKVLQUJIBIIUZTHFAJCYZNAABCGZIUMFJESWGLYQIPOTRJINMCGLLNUYJVKONKZGVDKVAKYPLLQJZHIRTTNFOBUWJU *\r\n* LAJCXQHXNYNMBERAZWKYCMSVUXTSUJOLFXMOBJSTSKVTFGLBWBU                                                  *\r\n* YVKZIOIAWOCEKBHESDYPERGSRZPOLSVTOONKMMGMBRXDHQIEZHJTCEUHPSIJZTOETJQVNWRFWLOMUCKAQKPEIBQJTGVTEXNHDSK  *\r\n* ANQCQDWQQIMMHHSOEKVRTGCHBXAZYGJBSNADUNOFEZTLTIMWEYDSWSETKJASCXRJYLUUHPURWQNTNQNTLEVADRFZIHS          *\r\n* MVCHHJNIORPOEMWGFLFUVHHYBRFHGULZXIEANFLDDEET                                                         *\r\n* GWRUYTXBYPFODFQDGCUFPRVIVSAZBRQCNKVVOMHANYZTYMKZVAXCKNYP                                             *\r\n* JZG                                                                                                  *\r\n* YZGYCATKUPTUTSRSCJIIAEBUNSZLGUFNAGPZSUWMQPALDIQVHWYAQYTUXMKKBHEAJGTMCRAHMWRKD                        *\r\n* QFBDEJVFWCNVBFJLLIKZBWODSPWRNUGIQGWFIXDUEDKRZHPVXBLJAEPTRYLPNESBV                                    *\r\n* EVIEDOFPVXMWDKZBTLJ                                                                                  *\r\n* IMRCNKLOHZLIWUDUMSXXEKIRGUUAPMLGSYWSDGRSCQIVMEAJHEPAOMSYDZVTQLYVOEQXYKQGBEUNCMFCULSLXKSFFY           *\r\n* EKYCRSMHHNCKXNIYJRFVQUTYFSNYDMKSAUMVDCDVPFXORAVXOLJNACYJQZXY                                         *\r\n* NEVCKKCBNVHOKGLWEHEWQ                                                                                *\r\n* RDXSXWDEEEEPBBCLHQSVAQCZPWNMMRSBPDMSFRMGY                                                            *\r\n* QCJUEKUTAOEUJBAXCBIQSMMDAYOJFPDMX                                                                    *\r\n* ZAQVRDRTREXUTLRIPKYHPDPGTGVLNKKSXRBAGGKFYZVIFFFDSXASNPCVKKBLHGFHTFXBJQB                              *\r\n* ASJQIHANASSPKREHPFQWEYXSTOOAIDTBWR                                                                   *\r\n* VGMNCKOKOOPXCBQMDAEDCURWUTAFXYQTSZJBCSNMQNIDERLYSQQBROPAPQTJJINQXWECSP                               *\r\n* KMSMOLNSCHBNGIPCEJILMZECIASGHMIGDGFPYBA                                                              *\r\n* CXQBHVHHHTATJDXLHPEOSGKQYUKZDZDDIUJOJDUNTLZNLPXAJTIJWMVV                                             *\r\n* ZCNKHDHQXKOTICDURVHHWEIXKQJRTGWZOAJAHCLIRXOFIGAREOEQO                                                *\r\n* RUTPAQTQWQOPEHSDMPJYPYQDODPSNFCFLZJOGSCUOAAXRTCSZACPHPYSE                                            *\r\n* BWBBDROIEFYDWUNOKPYSMVBWTMCMYVARKQRFTNXJJIOWUVEHCSEJULDFVEIQOBK                                      *\r\n* EHTFDHVWRPJDGECXHVKFQQXZMLKPFHUHYG                                                                   *\r\n* NCYEUXISEBAZQCKITQERNKUSRXFRKVBEANOVJQQIIYSXMMTNUYAQUODDHFMWRQHJZVYD                                 *\r\n* PZDAVIPRWGFESWMUKJLJLNDDTQSQIXQNQZFYXQZFOLKZHSZTVPOM                                                 *\r\n* TBBWZHEQYJZQRNSROWUKGUACEVARYVTIEAWXEBXIUPQCLIQFGC                                                   *\r\n* SUBGYBYSDGNRCPQLQQVMMZMQQEXRV                                                                        *\r\n* VLWOAODUXVFITBHYOMUWZO                                                                               *\r\n* PVTILQUEHXYLBUOOCIWSZGDFKISPLWYGGAGTHGREDRY                                                          *\r\n* VQFDZXSODVLIRNXCYESKYSEBOVHWRSPHIRJTCOQNEKCLOX                                                       *\r\n* TIOGYY                                                                                               *\r\n* MDLEPEQVWKGEAZEDAJOEGOPTNQUNNCMRIVEGIYZMXINSEKXBPEOWJ                                                *\r\n* HYORRYJDHUYOVFUYVCJCHXBXOCSSXJNPHOOGRQGACUASTQOSGRIMNHNJWRDOGRFYGJGGROGEVJZMXI                       *\r\n* YOZLFABCABEJANS                                                                                      *\r\n* KPCLKJIBSLEQEHALONEAGGZYFGGEMEGRDPOXVWTPFYSUWKYSATVMJRNEPEGDDDPOEMNOSDQSUPUINF                       *\r\n* VINDSJT                                                                                              *\r\n* LBKHRQPLCIEPJWJZXCDSTXEQKCLVPZWF                                                                     *\r\n* ECNIWZCEDSAJPRYYOGQFBOOXTXOEUWCMYEFTWRBDBO                                                           *\r\n* EDHUKMWASGZJPOPOYKXJGQOKKMECWFMENYJTMDERYVJFZVPFHCCTDEJOPWJYIUD                                      *\r\n* TUVREVCVFFLKGILPWZVUDSAJOVEPTFJDRWLEZYALAGNYTYIGKU                                                   *\r\n* IYJJBTMD                                                                                             *\r\n* RMCZVHSJXHPYYJTWECPPMXFYDAEINKKNVQUOEN                                                               *\r\n* LGYJDFDKPPN                                                                                          *\r\n* RWNXTHDWUCKWMWBDHPFRRAEJNOBSAQPSZNTQHTBHARHJVCXGDADAKVFRSDJFFKVEMSWYDKVNNYQZSVOLQVOZNPH              *\r\n* ICYEKVBPVDWCGYDTF                                                                                    *\r\n* MMEGYXPXOKWWRXKSQBMRDRWADOYLFSSVUXDVZCDBOMHRTZMZSOIBGOMUQEC                                          *\r\n* YESVSABTTPSNXKCQKEGDCZTQKQOGLJFVZTDKULZ                                                              *\r\n* YSFCVUEVLWJLXZHYKBLBLVHKKXNEHSWYFNFKTQVPMSUPZTXAMEZSZXHCKVSXHAOTALGJTWEUGWP                          *\r\n* ASKQZNRCSDYHFDZXYXHLEBPNNOGPZFMDHPBSLBYUILAWMYEQXHVIPDOZCWCLGBCNRVZQBGMX                             *\r\n* NDSBTBPKQSSJDOEBCPOYNNGIMERYNPRUYJBAVXJVNAQJJDOHVPYQYYMAWJOOJQWAAYLTMDGEGSLMXXYJQJDYQAWZXBELJVLXE    *\r\n* ILRUURJUKFNZDZLFXZMYKACLWLZUVKHOHHONRWPLPWQQMXYEAEYLKGFIIGXIS                                        *\r\n* ZZYZRVLXOAKAIOJLYYNUUQMVDBCFELZGTBWQSNFCTCQXBJXRZWHYVXT                                              *\r\n* NDVPTGSCBDHHRSTLSLBSAPTTEKGIDALW                                                                     *\r\n* ODPSQJNJNVXCQAGDVFJVBHYJBLIZKZ                                                                       *\r\n* SKZCOE                                                                                               *\r\n* CCOINTWROKZFHUBAFHFFQEANZOUFRQXRYCCHHTTENKXXAFRGQKTVJZCYBAIZZRZYNIGERTTMNB                           *\r\n* FHCNTWNOHWCIZAEGGKUFVKZKSYMPXRHHHGWRZNPCLDSBKZHENNMCSVWUHRUUKYQQOUASDMGS                             *\r\n* RTSSXZSRHBJEFOMJCJHTUSNMCNQZOBAGUGBCDCKRCDCWHLJFOJBDZZAZGGQKJTCGBDKYNKFZZPQRQQEQDL                   *\r\n* FZXHUGCWXMAIIAVVEBKREDBDJIJJPBZGYIXGDVPSLNI                                                          *\r\n* YHHQUVAPSTGCYTXLWTGVMTJADPSILSGQUNFBASOTBKOFBUIJXDVSH                                                *\r\n* BFXHNEDSDANQHKOVLEEMUBFEZIHIKIWNJHMZETFKQIHOSLMXVBSR                                                 *\r\n* UTZZTIEXUHVDZHAXORRYTWLURMOVJNIPEZPNNALKAMWBLKTDLZGKASU                                              *\r\n* HEIGUINHYFYZSMKOGGYGZKIGTKKKGYPMFRGIREQRZOCGMTLYORDTUNXXVBNJYDAAQMUAGCXBQGHLHCUZYLVPUVRSTIMQR        *\r\n* SVNCQAZKRMUBDNFMQTGNLNILFU                                                                           *\r\n* BHYPGKJOLXFMUAOTIUTSEMGSSJEVENCWVFXCTXNRTZTOKHMNXUZRMCQPBGWXGNJYVIQOCLZLGBYESRHL                     *\r\n* QYKOLKTPHBMAQKFPVTBRXKMUNKKDLXJYLAPPZJKYWZUJMLQRSPWYFTYGMPAAZQDKSNOPVQQMICUXQCHCUTKWAKTS             *\r\n* JDJJJZG                                                                                              *\r\n* JRZWAVCZKPDYBQJHXGFFHJHUWOLMGCYDNBGLIGTXHWQVPTATUCMDTBOZJEAMKQSHQALZJXYRMHXKTMEDNSRDQV               *\r\n* MMGCEFHNREIEPIBJWDUQMDEGXZXYSYORVRYM                                                                 *\r\n* VULEUGGLHPUMIUZ                                                                                      *\r\n* FXJIZEFIJVSPQJYJOFBJILRWXVPJCLJDPVPUODDQPDVZNQUYQLXCTQNTFMKEPVGXLPAVTEVKBLUFQSIGAQTRN                *\r\n********************************************************************************************************\r\n&quot;)" methodname="TestWithRandom" classname="Open_Lab_04._14.Tests" runstate="Runnable" seed="502774402" result="Passed" start-time="2021-12-27 14:18:10Z" end-time="2021-12-27 14:18:10Z" duration="0.030584" asserts="10608" />
            <test-case id="1005" name="TestWithRandom([&quot;YIWOBSZBTXXOYQZFMPNBIVIDNEDEYCOJEEBNXPTR&quot;, &quot;KAHSEJQBLGB&quot;, &quot;FCD&quot;, &quot;SBXPVCRINJUPLIWVVYYUALJUNCMVNJYCYNEOWCHHIZEUPAPDKFFHEIZHSDBSQWVEKRRYDIZSQQLBGOEMMILHDRYPOWWTBORMDZKY&quot;, &quot;RZCGNQNWXADYOGHLNBSSBJHMGQBZZXHEGCUJIB&quot;, ...],&quot;********************************************************************************************************\r\n* YIWOBSZBTXXOYQZFMPNBIVIDNEDEYCOJEEBNXPTR                                                             *\r\n* KAHSEJQBLGB                                                                                          *\r\n* FCD                                                                                                  *\r\n* SBXPVCRINJUPLIWVVYYUALJUNCMVNJYCYNEOWCHHIZEUPAPDKFFHEIZHSDBSQWVEKRRYDIZSQQLBGOEMMILHDRYPOWWTBORMDZKY *\r\n* RZCGNQNWXADYOGHLNBSSBJHMGQBZZXHEGCUJIB                                                               *\r\n* ALTQVSUMIKBQYRFIHSPZWOOXATZRLLXCMLSHHTLTMDTOYHINBUMQTCSLWWQCS                                        *\r\n* BWMYDMZXAOG                                                                                          *\r\n* NTVZYSKLQRZHJKSGKLCIBJCWCZDVODTYJXOZQXXXRGMJXFPTUSNOLYUDQZXYPOXNXAXMVSQNOFRUXSYXKJBVQ                *\r\n* MLCLJQAYHDJYMWICYBC                                                                                  *\r\n* AGGAGXBZOGNCXSOLKKJZNPXOKYGBOHKASQDFEBEMOAKBQHBUIXSOSCMLJSQIRALGVMJGOIGIFWKMFVXDWMSRPWHPDSWMLWVOPDG  *\r\n* XVFZQJIVSZGNU                                                                                        *\r\n* LEHTRYFTCVMUXJBWXBOUFBGTBFOMXEMIRYKQHVMIYESJNWLZTV                                                   *\r\n* EZAHKYN                                                                                              *\r\n* LKSWYJDDZYLOCPGWBIXGEUOTBCHJQQASTDAXFHUZKTLAHGZPSDGBAHNRVZUVBTMJXTVYOIQ                              *\r\n* NXWLINLVDSRMKZRMPJCGNZYQHCDOLBBKNMNDLCIHOZSJCZYYBJIEGKFOZFDGKWJCRGZXLNANAURO                         *\r\n* OOHDFMCSWECGZEGYCXRPQSVZBMN                                                                          *\r\n* VDLSRHKQWCFKGJUCWRMJUOYXAZQWSHCS                                                                     *\r\n* UWTSKPRUPCZSGIGXTDKZENHFOSSRNYOAMMMMBKMBVPFMZETQKZZESSUGPODSXAHQNYFUVTWJQIEPIVGKYBHNZKITRFXNGU       *\r\n* VIOYAZYUQDQNJOFYUI                                                                                   *\r\n* TVSTRCPMCPWICVDJGTWFKZHQKIWZFMHDFNAJCPWVKNWEUUNSFEYFXCIUOCIIGQGPISDOUUGRWA                           *\r\n* XDCWQVETAOCFCFGVAGNPUGGVBRZXLYGIWHKQLFSNBXGBGMAJOZGKIKARXGVYWHHCHTIVVPJUOAOWZEPOQ                    *\r\n* IMRWZMGSTEKTRUPETMEFNZPLWIWESSRGIGYVKLUWOCVEKVITHVLCKLCJWGZQPC                                       *\r\n* BN                                                                                                   *\r\n* KLWTTHSHQLDKABA                                                                                      *\r\n* WWGPWWEOZELD                                                                                         *\r\n* MCURGKXXOCDJDVQGLFYQMGDUYHOH                                                                         *\r\n********************************************************************************************************\r\n&quot;)" fullname="Open_Lab_04._14.Tests.TestWithRandom([&quot;YIWOBSZBTXXOYQZFMPNBIVIDNEDEYCOJEEBNXPTR&quot;, &quot;KAHSEJQBLGB&quot;, &quot;FCD&quot;, &quot;SBXPVCRINJUPLIWVVYYUALJUNCMVNJYCYNEOWCHHIZEUPAPDKFFHEIZHSDBSQWVEKRRYDIZSQQLBGOEMMILHDRYPOWWTBORMDZKY&quot;, &quot;RZCGNQNWXADYOGHLNBSSBJHMGQBZZXHEGCUJIB&quot;, ...],&quot;********************************************************************************************************\r\n* YIWOBSZBTXXOYQZFMPNBIVIDNEDEYCOJEEBNXPTR                                                             *\r\n* KAHSEJQBLGB                                                                                          *\r\n* FCD                                                                                                  *\r\n* SBXPVCRINJUPLIWVVYYUALJUNCMVNJYCYNEOWCHHIZEUPAPDKFFHEIZHSDBSQWVEKRRYDIZSQQLBGOEMMILHDRYPOWWTBORMDZKY *\r\n* RZCGNQNWXADYOGHLNBSSBJHMGQBZZXHEGCUJIB                                                               *\r\n* ALTQVSUMIKBQYRFIHSPZWOOXATZRLLXCMLSHHTLTMDTOYHINBUMQTCSLWWQCS                                        *\r\n* BWMYDMZXAOG                                                                                          *\r\n* NTVZYSKLQRZHJKSGKLCIBJCWCZDVODTYJXOZQXXXRGMJXFPTUSNOLYUDQZXYPOXNXAXMVSQNOFRUXSYXKJBVQ                *\r\n* MLCLJQAYHDJYMWICYBC                                                                                  *\r\n* AGGAGXBZOGNCXSOLKKJZNPXOKYGBOHKASQDFEBEMOAKBQHBUIXSOSCMLJSQIRALGVMJGOIGIFWKMFVXDWMSRPWHPDSWMLWVOPDG  *\r\n* XVFZQJIVSZGNU                                                                                        *\r\n* LEHTRYFTCVMUXJBWXBOUFBGTBFOMXEMIRYKQHVMIYESJNWLZTV                                                   *\r\n* EZAHKYN                                                                                              *\r\n* LKSWYJDDZYLOCPGWBIXGEUOTBCHJQQASTDAXFHUZKTLAHGZPSDGBAHNRVZUVBTMJXTVYOIQ                              *\r\n* NXWLINLVDSRMKZRMPJCGNZYQHCDOLBBKNMNDLCIHOZSJCZYYBJIEGKFOZFDGKWJCRGZXLNANAURO                         *\r\n* OOHDFMCSWECGZEGYCXRPQSVZBMN                                                                          *\r\n* VDLSRHKQWCFKGJUCWRMJUOYXAZQWSHCS                                                                     *\r\n* UWTSKPRUPCZSGIGXTDKZENHFOSSRNYOAMMMMBKMBVPFMZETQKZZESSUGPODSXAHQNYFUVTWJQIEPIVGKYBHNZKITRFXNGU       *\r\n* VIOYAZYUQDQNJOFYUI                                                                                   *\r\n* TVSTRCPMCPWICVDJGTWFKZHQKIWZFMHDFNAJCPWVKNWEUUNSFEYFXCIUOCIIGQGPISDOUUGRWA                           *\r\n* XDCWQVETAOCFCFGVAGNPUGGVBRZXLYGIWHKQLFSNBXGBGMAJOZGKIKARXGVYWHHCHTIVVPJUOAOWZEPOQ                    *\r\n* IMRWZMGSTEKTRUPETMEFNZPLWIWESSRGIGYVKLUWOCVEKVITHVLCKLCJWGZQPC                                       *\r\n* BN                                                                                                   *\r\n* KLWTTHSHQLDKABA                                                                                      *\r\n* WWGPWWEOZELD                                                                                         *\r\n* MCURGKXXOCDJDVQGLFYQMGDUYHOH                                                                         *\r\n********************************************************************************************************\r\n&quot;)" methodname="TestWithRandom" classname="Open_Lab_04._14.Tests" runstate="Runnable" seed="1163826431" result="Passed" start-time="2021-12-27 14:18:10Z" end-time="2021-12-27 14:18:10Z" duration="0.007097" asserts="2943" />
            <test-case id="1006" name="TestWithRandom([&quot;OWPADJJTTQCFIUCFTBNINZMMUGYZSZWPQTNHTCRHXRLINHXJRSOMUYHPJDFXLJBUUNOOHVLQJFLVNEY&quot;, &quot;IOHZKJVRMXYQWUWNQRNASJCWGXDONLCEETOWBBJLRXCKWVTPJX&quot;, &quot;WQYUZMKSNGHEAUTLDFZ&quot;, &quot;OHCIVGSZLENEPHGNGZPKRIWFJSBPDJQJKLPOOPYSUKHISD&quot;, &quot;TOFFEQPUGLXZCFCWBODUERRZRAWQGBNMGEHAXELTVQJDRQVMROGUOJJC&quot;, ...],&quot;******************************************************************************************************\r\n* OWPADJJTTQCFIUCFTBNINZMMUGYZSZWPQTNHTCRHXRLINHXJRSOMUYHPJDFXLJBUUNOOHVLQJFLVNEY                    *\r\n* IOHZKJVRMXYQWUWNQRNASJCWGXDONLCEETOWBBJLRXCKWVTPJX                                                 *\r\n* WQYUZMKSNGHEAUTLDFZ                                                                                *\r\n* OHCIVGSZLENEPHGNGZPKRIWFJSBPDJQJKLPOOPYSUKHISD                                                     *\r\n* TOFFEQPUGLXZCFCWBODUERRZRAWQGBNMGEHAXELTVQJDRQVMROGUOJJC                                           *\r\n* GNDTYOEXKSYXCYWCKYNHNHBFJZRVSXXUFDRQHAWBFFHXWPOQJSEKVUJZMYJZXJEMUESZGFUJCMCHZDIUKBMATNYKTSE        *\r\n* RXEWBUDSWPJDYUHJSBZIQOOVWETHFIFOBLSF                                                               *\r\n* GGEAPXUSICYFORRTVSCIIZWBWNOKVB                                                                     *\r\n* CCCMUUIAQUDNCUBQQNUGSPWYGKDECIKXHPVDMFXZMSLOFLUHUW                                                 *\r\n* WAVUMFDFKREYHKGGMYXDKQVTAEITVPVJGKNWLUJXJZMIITDDZFHIXSNGFCUIXKKVVVRXWJVRPAULENKGAETPHNLNWGRIABA    *\r\n* ORMNCGGQJPTXYCCRSOHSQUNIJDAQRMRNZUWNAXEUXDGRTOPUEZQMTIITDEEYFQYXYFXDFPRUJNUNOWOUOGLRWFURLDJWTGOHEJ *\r\n* ORMPOIVCGNVFGPJKZEHBTLGRBFVBDYNJFDADBQXJACODQYCGJVPCXHZCKVNJNTYHAMZDPGIIHX                         *\r\n* QXD                                                                                                *\r\n* DCO                                                                                                *\r\n* HJKMXDXSFDNWGEGCEYZRCNGUZHJFHUJGYAQXQACAROCFUBUMQAWFDWQUDPMQTSKLTGXFNIMEW                          *\r\n* ANKAAYNXOGYEDBKVUANLHZDRMNEOYHORIFWCKDPODVDDMPDVVROMQKQAKSNNTYYHSGVXEILQLYILWZEXJITGSCAYOWSRPB     *\r\n* EXWLGTFQMGXBSBFEKNQDLFSOQFXJIPTBJEEOAOYDESGAUBIWIRIDYXJYFHVAWWHXNWROXREVPMZTZRTP                   *\r\n* AAQHPCLUGJSTXGHKJMYJUYRNMOMYPZNOFEWVQPYTFTRHMCSGRJQFUFCBIDVAQNEGWDNTKMTTOEEBHJAKWFGGIHTA           *\r\n* UNNUXDR                                                                                            *\r\n* KLIOYVFPWQQBBUYCLEKHYYOKNRQYGZQBMMWYSVXJAQLQDYAZOKJTSKQM                                           *\r\n* YAGFHJXAPPOXAKPGBGHMXGPRQKVQXIBWKBUVRETHOQOJMBOAUMRDIAZRLPOWOHCGNRNZQTPWNAXGSGEOVVVLQYOKBC         *\r\n* BPWTHOHVUOPJAWUQICTYFKABSLRQPDDXNKOHQ                                                              *\r\n* QSLKJZGLVOVIFHIDDQOVAVXRFRLRW                                                                      *\r\n* INZALBNUBAUGPCUHXVPJGXSVGVUTESOOPGFIJFWHPIPOAUGUXYUQCMJKUDUQG                                      *\r\n* QILGRJWLYSZITXIEUMPZWFXYMCXVOFKFAVSGCUCWYLABRTTLCQIHBGXKLNTPMBXSHTHXECBAJSBKFV                     *\r\n* SILTYWCEUXIVOBNKWOIUXMVGZOI                                                                        *\r\n* JENFPGBGAIZVEPNAWHMYWHFWWBJGNETJOFVPKDFHAHKOPMPIZVKSBJBBZRINXUSVOPHZUXPTBFYPXQGKLAGSUBIEDTQT       *\r\n* SJFOOAZEQOBFQRWKLDJKXCXOZANHDVAHWYJVTAJPGFVMENEKMTSQGIWPMQONNSBUNUIRIARLUTDSHKJM                   *\r\n******************************************************************************************************\r\n&quot;)" fullname="Open_Lab_04._14.Tests.TestWithRandom([&quot;OWPADJJTTQCFIUCFTBNINZMMUGYZSZWPQTNHTCRHXRLINHXJRSOMUYHPJDFXLJBUUNOOHVLQJFLVNEY&quot;, &quot;IOHZKJVRMXYQWUWNQRNASJCWGXDONLCEETOWBBJLRXCKWVTPJX&quot;, &quot;WQYUZMKSNGHEAUTLDFZ&quot;, &quot;OHCIVGSZLENEPHGNGZPKRIWFJSBPDJQJKLPOOPYSUKHISD&quot;, &quot;TOFFEQPUGLXZCFCWBODUERRZRAWQGBNMGEHAXELTVQJDRQVMROGUOJJC&quot;, ...],&quot;******************************************************************************************************\r\n* OWPADJJTTQCFIUCFTBNINZMMUGYZSZWPQTNHTCRHXRLINHXJRSOMUYHPJDFXLJBUUNOOHVLQJFLVNEY                    *\r\n* IOHZKJVRMXYQWUWNQRNASJCWGXDONLCEETOWBBJLRXCKWVTPJX                                                 *\r\n* WQYUZMKSNGHEAUTLDFZ                                                                                *\r\n* OHCIVGSZLENEPHGNGZPKRIWFJSBPDJQJKLPOOPYSUKHISD                                                     *\r\n* TOFFEQPUGLXZCFCWBODUERRZRAWQGBNMGEHAXELTVQJDRQVMROGUOJJC                                           *\r\n* GNDTYOEXKSYXCYWCKYNHNHBFJZRVSXXUFDRQHAWBFFHXWPOQJSEKVUJZMYJZXJEMUESZGFUJCMCHZDIUKBMATNYKTSE        *\r\n* RXEWBUDSWPJDYUHJSBZIQOOVWETHFIFOBLSF                                                               *\r\n* GGEAPXUSICYFORRTVSCIIZWBWNOKVB                                                                     *\r\n* CCCMUUIAQUDNCUBQQNUGSPWYGKDECIKXHPVDMFXZMSLOFLUHUW                                                 *\r\n* WAVUMFDFKREYHKGGMYXDKQVTAEITVPVJGKNWLUJXJZMIITDDZFHIXSNGFCUIXKKVVVRXWJVRPAULENKGAETPHNLNWGRIABA    *\r\n* ORMNCGGQJPTXYCCRSOHSQUNIJDAQRMRNZUWNAXEUXDGRTOPUEZQMTIITDEEYFQYXYFXDFPRUJNUNOWOUOGLRWFURLDJWTGOHEJ *\r\n* ORMPOIVCGNVFGPJKZEHBTLGRBFVBDYNJFDADBQXJACODQYCGJVPCXHZCKVNJNTYHAMZDPGIIHX                         *\r\n* QXD                                                                                                *\r\n* DCO                                                                                                *\r\n* HJKMXDXSFDNWGEGCEYZRCNGUZHJFHUJGYAQXQACAROCFUBUMQAWFDWQUDPMQTSKLTGXFNIMEW                          *\r\n* ANKAAYNXOGYEDBKVUANLHZDRMNEOYHORIFWCKDPODVDDMPDVVROMQKQAKSNNTYYHSGVXEILQLYILWZEXJITGSCAYOWSRPB     *\r\n* EXWLGTFQMGXBSBFEKNQDLFSOQFXJIPTBJEEOAOYDESGAUBIWIRIDYXJYFHVAWWHXNWROXREVPMZTZRTP                   *\r\n* AAQHPCLUGJSTXGHKJMYJUYRNMOMYPZNOFEWVQPYTFTRHMCSGRJQFUFCBIDVAQNEGWDNTKMTTOEEBHJAKWFGGIHTA           *\r\n* UNNUXDR                                                                                            *\r\n* KLIOYVFPWQQBBUYCLEKHYYOKNRQYGZQBMMWYSVXJAQLQDYAZOKJTSKQM                                           *\r\n* YAGFHJXAPPOXAKPGBGHMXGPRQKVQXIBWKBUVRETHOQOJMBOAUMRDIAZRLPOWOHCGNRNZQTPWNAXGSGEOVVVLQYOKBC         *\r\n* BPWTHOHVUOPJAWUQICTYFKABSLRQPDDXNKOHQ                                                              *\r\n* QSLKJZGLVOVIFHIDDQOVAVXRFRLRW                                                                      *\r\n* INZALBNUBAUGPCUHXVPJGXSVGVUTESOOPGFIJFWHPIPOAUGUXYUQCMJKUDUQG                                      *\r\n* QILGRJWLYSZITXIEUMPZWFXYMCXVOFKFAVSGCUCWYLABRTTLCQIHBGXKLNTPMBXSHTHXECBAJSBKFV                     *\r\n* SILTYWCEUXIVOBNKWOIUXMVGZOI                                                                        *\r\n* JENFPGBGAIZVEPNAWHMYWHFWWBJGNETJOFVPKDFHAHKOPMPIZVKSBJBBZRINXUSVOPHZUXPTBFYPXQGKLAGSUBIEDTQT       *\r\n* SJFOOAZEQOBFQRWKLDJKXCXOZANHDVAHWYJVTAJPGFVMENEKMTSQGIWPMQONNSBUNUIRIARLUTDSHKJM                   *\r\n******************************************************************************************************\r\n&quot;)" methodname="TestWithRandom" classname="Open_Lab_04._14.Tests" runstate="Runnable" seed="588067479" result="Passed" start-time="2021-12-27 14:18:10Z" end-time="2021-12-27 14:18:10Z" duration="0.005941" asserts="3093" />
            <test-case id="1007" name="TestWithRandom([&quot;UKDKANCTICLV&quot;, &quot;NEAYJEMBLC&quot;, &quot;VNFEICHCQKYQRDUVPPSOZYQPNHLZ&quot;, &quot;KBJIWOMIXKGVJESPNIUPIWMSNHXWPQBQ&quot;, &quot;UGJOIVPINSEMTPTYZAYRKZNORUORPSGI&quot;, ...],&quot;********************************************************************************************************\r\n* UKDKANCTICLV                                                                                         *\r\n* NEAYJEMBLC                                                                                           *\r\n* VNFEICHCQKYQRDUVPPSOZYQPNHLZ                                                                         *\r\n* KBJIWOMIXKGVJESPNIUPIWMSNHXWPQBQ                                                                     *\r\n* UGJOIVPINSEMTPTYZAYRKZNORUORPSGI                                                                     *\r\n* NPYJBENFGVEIGUSDXPQDZXUTUXNGYSVLWWGZVPYVLLDDIGKAVORCPFQPUEOD                                         *\r\n* GHOASMJOSHIRURNURKOMNLJASVQGQFQAUEEEPDPTBLDGJLUNCVDUZRCVXNHXVCXNQ                                    *\r\n* WQMJENVUKCIDRHACEVBWBDBJGCVSYZO                                                                      *\r\n* PBPEATQPZEGANTWAWSYBLUGTODCCSCWLOSOPRWCLFMXWWBWMFUWFBMDVUWQX                                         *\r\n* NXWIVMUFGIAQMWZWKWNHPWXFRJBOSVVFEURPBOAOBHZMWOOPEYKZDQARZQQMKFML                                     *\r\n* ULSFJVWWYFIXLJCVMKTLWCOUZPKXODVUOZBCWJUDNCEKSTOHNR                                                   *\r\n* VTAQSWXFTLYIVKOJMHAYCPQXTYEBGBDKXFABNIJFYEASPUIADKCZNSVGCCWTSWZSIOLQKNVDYUAYOYIYPEYVZDWEJTYLLQ       *\r\n* CEIKAJSQQPYBTSXREUYEOYDTERGGQOKRIGXTGNHPWOHGACDMMCUQ                                                 *\r\n* LZEAOFICMZCEHTMUDKQMIHAQXTBOUTNUTDWHTSRHYMKOEBSJQSISD                                                *\r\n* EEZNDVEUISMIK                                                                                        *\r\n* WFALSIOWXLMWA                                                                                        *\r\n* XCLUQQZRIFPWDDDRBWQPMLRXZUPIHNBHVLXGHRRUEFWUWWEKSFKQFKFLKNVVBQJVEIARGXK                              *\r\n* EVLHPWBCPEQCCLBKGMVTWWSNVBQNWNDUVALJZY                                                               *\r\n* OMSFWZHSTHPLUBQNIDXLNGNGCAVGCZRLHQHGDQWONJWGGBJTENDGCNIHZLCVEAQTPEEDTKJRGJXEJGABQCCPVK               *\r\n* UHAGRNAJNSCQCXGAUDMATPDXTLBECYBXFUJW                                                                 *\r\n* DRDGZKLGPXDKBHLJKQEDCNGMVHORFLHNKGRLITTERQENXUARPOVEESQQLRKRWUBEQPAVQAAQWZ                           *\r\n* LJSOBHXCQPCJRQBZRJCIXPAXITFAONFIEFFGTCIJZRKONGI                                                      *\r\n* PAJGTROWIUGICWNDKUE                                                                                  *\r\n* LUGOATJFELKBKALOEYONRIXYWAHCEHDSBWTUUUGAHJSXKE                                                       *\r\n* CKZYMFRUCWHSZLGBWIRZNGRTKSOFIQAORDESEIRMKCRYMBGOAHVOSFJVTFOURLMLVTAWHOXOREOLPSHILZEAVMWMTJY          *\r\n* UXVZPFCSAKHMJHXNQYFAYGIRGLQJXOCXPZUUJOVKQOHASSQOOIVVDYANODTEPTVMIKXKNDDBCVKJYIZNUCUOTGTRZGGGVR       *\r\n* WSVSIVGBLFTSINQPFEFJNYHSBQFLHXXGLANQCQRSOBJJZNLDIQACPHHYLCQRPUTOHMHHAZMPNMUMPYTNF                    *\r\n* DQWVQDSPF                                                                                            *\r\n* Z                                                                                                    *\r\n* DUHVBMFDDIDLPCNVJNJCMNQDRMWEPLUMPNJAFTWGHCZUMLFOQXFRQXMPDDDOQBORNRWBSMQPQCUKNWQGGIORFDVRATWBQIPGOH   *\r\n* VPEVDGQBNCCBHNXHIMWMKVEAYP                                                                           *\r\n* ZHNOWGPVRCMLLOCIPXSPOSBHTRVWZKDWNRRTAOGVRRGEVBLXINPCGABGGFU                                          *\r\n* LTVGYQXTXIHARWYWM                                                                                    *\r\n* LSGXNMVAPNQKMUUCKXWAGEDRZZGOLKBEUKUCXNFJKXBKDMWMFOMAZMPGOOYNGGPELLQBASEXRNPIDTONDTJXY                *\r\n* FIVNN                                                                                                *\r\n* PRDEIWYRWUMNKPIMWHDVALKMXRGKGHGMEVHA                                                                 *\r\n* KZGUWQIHVNISSLNJSJEHQGQQOLOOZJOHICLHXAD                                                              *\r\n* CFCEXRNWSDLMDSTEIQFLBTIMYBKPZFMRFJELEMSWXSVWXCDPIHZHVRSIXQGWHYWMQTGUNIZWXJNJXLOV                     *\r\n* UGSGEWNQWNOFWOZWIFDWJBAHCJLEJKLBLYNRDGMXSDRULQBUOMPGLYOSGKDUKJHLCMUYBISCTGEGKFWMIRPWVEQMJUKTC        *\r\n* MIVFSYVDSGUMNEUIIANRMTUKQXWHOGXZABUVKENYQFYJCJRLSBMKFKFSOLPVCOPMJULL                                 *\r\n* YXDNPBHULHHGKPMTMTPWBHYPSWCPMZHXFBUDJWQJY                                                            *\r\n* DDIORYCSWBWPJQZOVSYRILAKAJVIKQCFYDEUGDEDNUDGAPSDEVAYLGPSDYOIDTHFZQRFMEHSNUDOHTJKRREPQEURNMRIO        *\r\n* ATMXGJYMQANHKQDBKJODRLPSPUWASANYDRUJBKNZMEBEBIUEOMBHTLFOEUIMNXUQNPESVTAAWPQMKKQHARMFYFE              *\r\n* MGFHCALOKKRMDBIULBKEUSDUDALVLORHKLGPNTXVDBCZTEDZIRUXUAXTCLDBPQDWTJBRUTH                              *\r\n* DOASQEAZWMMUUUMKONNCPWGNYGGJCLEPKBTFZEDYKDECDIBZXRDHGECHINUKXRXLIXKSAGKKJ                            *\r\n* SMREKQEGMKIXIGYMXMKSATFTUFYJYQHTXRLQPEDDGQENDLOEUOJYZQOZH                                            *\r\n* JERVIWCOZQUIWTIGMJOSPJRUOJHJTGDMJRUZMLIIKOLXJMSPPSEEKPIANXGYOTUSNHZEZJUBBGHBXTKCRRTACZCTITMOEJ       *\r\n* QTTKBMNQFYCDDHHDTMDGXAUQOFFVGXFWRMQHEJIPDBNCZWYMBQSCBDWQZDVWHSKITGLRRZYKDNDV                         *\r\n* RQSHTTPEDVOQZIBNMILRFJTKHUCRIYNZBEHNDPNYUDQKXARR                                                     *\r\n* XRFREHIWHZYRYWEHOOVAOJXUNXBTJNGDLUKHIIXXZQVPPGVGLCIMVRJNTKEHFPMUTVGELXZGRYAXOHFGBUHGEUHUKX           *\r\n* XDPRKDBWUARUODCUXQLZMFXFKHGPYNMTOKBCBGPTNLKFJZTDCAJ                                                  *\r\n* ZYBSGKHDXLXGOY                                                                                       *\r\n* DBZSRASMAURWKNCNYDITQJJWRY                                                                           *\r\n* VBODRLTPCCHSCHLAXONXPVXYDGEQURDATOWKLRAKRXAKQLFME                                                    *\r\n* MHDBWAEPAKHCVKZHYOLBOGNDGSUNIRAR                                                                     *\r\n* MFWWSRVGWQPCOCPLJMRBCTFTAUEFRGJKQQIFDKGWPVSPXARP                                                     *\r\n* BZEIPJTZCWXNPOPHFMYUJ                                                                                *\r\n* YFVLHBQVZCOAPHECAGPGAOJJAGCISOTV                                                                     *\r\n* TAYNEBSJGWUYOZHDCMREDHKWLLBYIDLJTEWHFOWFXXURPLLGUEQCCQSLQCBSATADLLEKDAXNPLHGMTGZAUDD                 *\r\n* IGCMKRDMDFDWRFEGADUHCMQJLYWVCRFPXQCEBXSJUBMGDKVNCTZ                                                  *\r\n* JVKWPTALUHKMZOYACZEDKKNBAKFBDITJROGBFGPIWHOMQZGPLVLCOWGYIJWFNZILNB                                   *\r\n* LIWVWKWGDWAKADPQHXQVVIHSVJJUXZDZOFVHOZPSRPCCIYWCXIAOWGYDADZMABJDTAWUHIBHIYDGFEK                      *\r\n* MHWOZOCHGSGKACRPGYJHCCUPGSFYDSXVTCATEUEEYONPBRHGHNZGVCUKNHHGIDEOVKQXBXKMTEINOFNPKZQPSQAQ             *\r\n* PGXMYVVKZUQAKEJCNNQTGVHTSWJMOVEKZO                                                                   *\r\n* RNZVJNDPKXPAVHNFDJWCTYDUCMIVEPGAVSSPORHGCGXWCVN                                                      *\r\n* BQBADLSSJFTWFHKUQPECP                                                                                *\r\n* QMCQZNBHRGYCUOOFXJZZFIXLAVWCFNRKQDZPYMMFRCNNXCNWGLRUCPSIORQERYBEPNMQPZGLXUHCUKNXHZWUVWHAKQAHW        *\r\n* OSAJYJQWHGEGXIHPNDDSWRCHISFLFYYZ                                                                     *\r\n* PGPBLMDHLSPPOZZSVDWDDLWPTAFDERJHFRIBSOCRAKLZNSUTGSKVBVLDJZ                                           *\r\n* KGZCUJHJWQXAGBFDSAXCBGLXLGOGKGERT                                                                    *\r\n* RKBHQQGIXCISDTWSSCMWHEV                                                                              *\r\n* RNVBZPL                                                                                              *\r\n* GBJUCKKGWSIIPSDUJROCFXYN                                                                             *\r\n* ZQDVEJIQCMCKBQHSFAPWMMYKBRHBJBJCWFCUGLRIASNGAJHBHKZWJQCNSSU                                          *\r\n* BGHBDZNWNMLUIGVUZSJRJGTZCMTFCPBNREHTKLCAVLNUYEODVIN                                                  *\r\n* ICDUNIZQGITYKXDEYCJNPJVXTZAXYPKUBBEOBNGCMLUNSPJABJESYAKZHFBNHBSRXYWISPDLWHADPHFEPZWOKSVBREGVLSULTCQT *\r\n* AHLGTWRZHKZZXYIFEGFDURNIHZDMPKMRLLPRKIRVEBKUGWOUMFPWKQYITDZUSEKWYIOLIQUVPJ                           *\r\n* SHTBLKJAJVPGVMGXHIWDZRNVYHCLVLTHBRFBABNJIDABJBTZCSNMSFYBTYCDHYEYBIFDGEXFVMVWQMMXODJDXGOVSEIBYKCK     *\r\n* CZAVQSXVHRFKCKHMFPDOBAVUJKCWWHKKKWOMLBYLLHQOILPTAPTUYVXBEGLFPBZAHVZGWVADRSDTKGLYUJVGNPLOYMHFQSVKIQ   *\r\n* NLJXFOQDFSERXVNKGGSMRJKHJNUNY                                                                        *\r\n* TKTZXMLMPSXLGWUVKKCIPDQEQEBBNSTCFIZTXYYAZTQAOFDONODKKQHPUPJSLJZWYUFXWAXLMCIVMQQKBMOYPJSPB            *\r\n* ZIPFOQUUCTZFRMRRYHHLCEZYQZUAHOCQVMBOWGOR                                                             *\r\n* SOWLV                                                                                                *\r\n* CHYKLHPHVIQPPWUMNRJKFKCURTPKJPCNUESSJEQIGEGFFRZVGGBFBLQRFDSSREYFGDULDBDIABDAEWPAUU                   *\r\n* DOXLIOBNFLYQBGB                                                                                      *\r\n* CWNSFCSEAHPMIOSYXAUQIRLXCNYXCKCTDWMDGCYAWSLAYOFRSASAMKRKLQQREUCQFWJLBORVCTUPGKZNIGFCRBHTFCSPLGWBQUVB *\r\n* TPDIXXSPBDARCJXPZYEPQG                                                                               *\r\n* WCJWXSYLPXHPQBUUDODEYRXIWYMRWQMPNQHFNBVXCRLUVUHOFDAANBAEEAZYGHPYLSBZTOHCTGBGGDNCRYLTPLCLQCBMBWQVC    *\r\n********************************************************************************************************\r\n&quot;)" fullname="Open_Lab_04._14.Tests.TestWithRandom([&quot;UKDKANCTICLV&quot;, &quot;NEAYJEMBLC&quot;, &quot;VNFEICHCQKYQRDUVPPSOZYQPNHLZ&quot;, &quot;KBJIWOMIXKGVJESPNIUPIWMSNHXWPQBQ&quot;, &quot;UGJOIVPINSEMTPTYZAYRKZNORUORPSGI&quot;, ...],&quot;********************************************************************************************************\r\n* UKDKANCTICLV                                                                                         *\r\n* NEAYJEMBLC                                                                                           *\r\n* VNFEICHCQKYQRDUVPPSOZYQPNHLZ                                                                         *\r\n* KBJIWOMIXKGVJESPNIUPIWMSNHXWPQBQ                                                                     *\r\n* UGJOIVPINSEMTPTYZAYRKZNORUORPSGI                                                                     *\r\n* NPYJBENFGVEIGUSDXPQDZXUTUXNGYSVLWWGZVPYVLLDDIGKAVORCPFQPUEOD                                         *\r\n* GHOASMJOSHIRURNURKOMNLJASVQGQFQAUEEEPDPTBLDGJLUNCVDUZRCVXNHXVCXNQ                                    *\r\n* WQMJENVUKCIDRHACEVBWBDBJGCVSYZO                                                                      *\r\n* PBPEATQPZEGANTWAWSYBLUGTODCCSCWLOSOPRWCLFMXWWBWMFUWFBMDVUWQX                                         *\r\n* NXWIVMUFGIAQMWZWKWNHPWXFRJBOSVVFEURPBOAOBHZMWOOPEYKZDQARZQQMKFML                                     *\r\n* ULSFJVWWYFIXLJCVMKTLWCOUZPKXODVUOZBCWJUDNCEKSTOHNR                                                   *\r\n* VTAQSWXFTLYIVKOJMHAYCPQXTYEBGBDKXFABNIJFYEASPUIADKCZNSVGCCWTSWZSIOLQKNVDYUAYOYIYPEYVZDWEJTYLLQ       *\r\n* CEIKAJSQQPYBTSXREUYEOYDTERGGQOKRIGXTGNHPWOHGACDMMCUQ                                                 *\r\n* LZEAOFICMZCEHTMUDKQMIHAQXTBOUTNUTDWHTSRHYMKOEBSJQSISD                                                *\r\n* EEZNDVEUISMIK                                                                                        *\r\n* WFALSIOWXLMWA                                                                                        *\r\n* XCLUQQZRIFPWDDDRBWQPMLRXZUPIHNBHVLXGHRRUEFWUWWEKSFKQFKFLKNVVBQJVEIARGXK                              *\r\n* EVLHPWBCPEQCCLBKGMVTWWSNVBQNWNDUVALJZY                                                               *\r\n* OMSFWZHSTHPLUBQNIDXLNGNGCAVGCZRLHQHGDQWONJWGGBJTENDGCNIHZLCVEAQTPEEDTKJRGJXEJGABQCCPVK               *\r\n* UHAGRNAJNSCQCXGAUDMATPDXTLBECYBXFUJW                                                                 *\r\n* DRDGZKLGPXDKBHLJKQEDCNGMVHORFLHNKGRLITTERQENXUARPOVEESQQLRKRWUBEQPAVQAAQWZ                           *\r\n* LJSOBHXCQPCJRQBZRJCIXPAXITFAONFIEFFGTCIJZRKONGI                                                      *\r\n* PAJGTROWIUGICWNDKUE                                                                                  *\r\n* LUGOATJFELKBKALOEYONRIXYWAHCEHDSBWTUUUGAHJSXKE                                                       *\r\n* CKZYMFRUCWHSZLGBWIRZNGRTKSOFIQAORDESEIRMKCRYMBGOAHVOSFJVTFOURLMLVTAWHOXOREOLPSHILZEAVMWMTJY          *\r\n* UXVZPFCSAKHMJHXNQYFAYGIRGLQJXOCXPZUUJOVKQOHASSQOOIVVDYANODTEPTVMIKXKNDDBCVKJYIZNUCUOTGTRZGGGVR       *\r\n* WSVSIVGBLFTSINQPFEFJNYHSBQFLHXXGLANQCQRSOBJJZNLDIQACPHHYLCQRPUTOHMHHAZMPNMUMPYTNF                    *\r\n* DQWVQDSPF                                                                                            *\r\n* Z                                                                                                    *\r\n* DUHVBMFDDIDLPCNVJNJCMNQDRMWEPLUMPNJAFTWGHCZUMLFOQXFRQXMPDDDOQBORNRWBSMQPQCUKNWQGGIORFDVRATWBQIPGOH   *\r\n* VPEVDGQBNCCBHNXHIMWMKVEAYP                                                                           *\r\n* ZHNOWGPVRCMLLOCIPXSPOSBHTRVWZKDWNRRTAOGVRRGEVBLXINPCGABGGFU                                          *\r\n* LTVGYQXTXIHARWYWM                                                                                    *\r\n* LSGXNMVAPNQKMUUCKXWAGEDRZZGOLKBEUKUCXNFJKXBKDMWMFOMAZMPGOOYNGGPELLQBASEXRNPIDTONDTJXY                *\r\n* FIVNN                                                                                                *\r\n* PRDEIWYRWUMNKPIMWHDVALKMXRGKGHGMEVHA                                                                 *\r\n* KZGUWQIHVNISSLNJSJEHQGQQOLOOZJOHICLHXAD                                                              *\r\n* CFCEXRNWSDLMDSTEIQFLBTIMYBKPZFMRFJELEMSWXSVWXCDPIHZHVRSIXQGWHYWMQTGUNIZWXJNJXLOV                     *\r\n* UGSGEWNQWNOFWOZWIFDWJBAHCJLEJKLBLYNRDGMXSDRULQBUOMPGLYOSGKDUKJHLCMUYBISCTGEGKFWMIRPWVEQMJUKTC        *\r\n* MIVFSYVDSGUMNEUIIANRMTUKQXWHOGXZABUVKENYQFYJCJRLSBMKFKFSOLPVCOPMJULL                                 *\r\n* YXDNPBHULHHGKPMTMTPWBHYPSWCPMZHXFBUDJWQJY                                                            *\r\n* DDIORYCSWBWPJQZOVSYRILAKAJVIKQCFYDEUGDEDNUDGAPSDEVAYLGPSDYOIDTHFZQRFMEHSNUDOHTJKRREPQEURNMRIO        *\r\n* ATMXGJYMQANHKQDBKJODRLPSPUWASANYDRUJBKNZMEBEBIUEOMBHTLFOEUIMNXUQNPESVTAAWPQMKKQHARMFYFE              *\r\n* MGFHCALOKKRMDBIULBKEUSDUDALVLORHKLGPNTXVDBCZTEDZIRUXUAXTCLDBPQDWTJBRUTH                              *\r\n* DOASQEAZWMMUUUMKONNCPWGNYGGJCLEPKBTFZEDYKDECDIBZXRDHGECHINUKXRXLIXKSAGKKJ                            *\r\n* SMREKQEGMKIXIGYMXMKSATFTUFYJYQHTXRLQPEDDGQENDLOEUOJYZQOZH                                            *\r\n* JERVIWCOZQUIWTIGMJOSPJRUOJHJTGDMJRUZMLIIKOLXJMSPPSEEKPIANXGYOTUSNHZEZJUBBGHBXTKCRRTACZCTITMOEJ       *\r\n* QTTKBMNQFYCDDHHDTMDGXAUQOFFVGXFWRMQHEJIPDBNCZWYMBQSCBDWQZDVWHSKITGLRRZYKDNDV                         *\r\n* RQSHTTPEDVOQZIBNMILRFJTKHUCRIYNZBEHNDPNYUDQKXARR                                                     *\r\n* XRFREHIWHZYRYWEHOOVAOJXUNXBTJNGDLUKHIIXXZQVPPGVGLCIMVRJNTKEHFPMUTVGELXZGRYAXOHFGBUHGEUHUKX           *\r\n* XDPRKDBWUARUODCUXQLZMFXFKHGPYNMTOKBCBGPTNLKFJZTDCAJ                                                  *\r\n* ZYBSGKHDXLXGOY                                                                                       *\r\n* DBZSRASMAURWKNCNYDITQJJWRY                                                                           *\r\n* VBODRLTPCCHSCHLAXONXPVXYDGEQURDATOWKLRAKRXAKQLFME                                                    *\r\n* MHDBWAEPAKHCVKZHYOLBOGNDGSUNIRAR                                                                     *\r\n* MFWWSRVGWQPCOCPLJMRBCTFTAUEFRGJKQQIFDKGWPVSPXARP                                                     *\r\n* BZEIPJTZCWXNPOPHFMYUJ                                                                                *\r\n* YFVLHBQVZCOAPHECAGPGAOJJAGCISOTV                                                                     *\r\n* TAYNEBSJGWUYOZHDCMREDHKWLLBYIDLJTEWHFOWFXXURPLLGUEQCCQSLQCBSATADLLEKDAXNPLHGMTGZAUDD                 *\r\n* IGCMKRDMDFDWRFEGADUHCMQJLYWVCRFPXQCEBXSJUBMGDKVNCTZ                                                  *\r\n* JVKWPTALUHKMZOYACZEDKKNBAKFBDITJROGBFGPIWHOMQZGPLVLCOWGYIJWFNZILNB                                   *\r\n* LIWVWKWGDWAKADPQHXQVVIHSVJJUXZDZOFVHOZPSRPCCIYWCXIAOWGYDADZMABJDTAWUHIBHIYDGFEK                      *\r\n* MHWOZOCHGSGKACRPGYJHCCUPGSFYDSXVTCATEUEEYONPBRHGHNZGVCUKNHHGIDEOVKQXBXKMTEINOFNPKZQPSQAQ             *\r\n* PGXMYVVKZUQAKEJCNNQTGVHTSWJMOVEKZO                                                                   *\r\n* RNZVJNDPKXPAVHNFDJWCTYDUCMIVEPGAVSSPORHGCGXWCVN                                                      *\r\n* BQBADLSSJFTWFHKUQPECP                                                                                *\r\n* QMCQZNBHRGYCUOOFXJZZFIXLAVWCFNRKQDZPYMMFRCNNXCNWGLRUCPSIORQERYBEPNMQPZGLXUHCUKNXHZWUVWHAKQAHW        *\r\n* OSAJYJQWHGEGXIHPNDDSWRCHISFLFYYZ                                                                     *\r\n* PGPBLMDHLSPPOZZSVDWDDLWPTAFDERJHFRIBSOCRAKLZNSUTGSKVBVLDJZ                                           *\r\n* KGZCUJHJWQXAGBFDSAXCBGLXLGOGKGERT                                                                    *\r\n* RKBHQQGIXCISDTWSSCMWHEV                                                                              *\r\n* RNVBZPL                                                                                              *\r\n* GBJUCKKGWSIIPSDUJROCFXYN                                                                             *\r\n* ZQDVEJIQCMCKBQHSFAPWMMYKBRHBJBJCWFCUGLRIASNGAJHBHKZWJQCNSSU                                          *\r\n* BGHBDZNWNMLUIGVUZSJRJGTZCMTFCPBNREHTKLCAVLNUYEODVIN                                                  *\r\n* ICDUNIZQGITYKXDEYCJNPJVXTZAXYPKUBBEOBNGCMLUNSPJABJESYAKZHFBNHBSRXYWISPDLWHADPHFEPZWOKSVBREGVLSULTCQT *\r\n* AHLGTWRZHKZZXYIFEGFDURNIHZDMPKMRLLPRKIRVEBKUGWOUMFPWKQYITDZUSEKWYIOLIQUVPJ                           *\r\n* SHTBLKJAJVPGVMGXHIWDZRNVYHCLVLTHBRFBABNJIDABJBTZCSNMSFYBTYCDHYEYBIFDGEXFVMVWQMMXODJDXGOVSEIBYKCK     *\r\n* CZAVQSXVHRFKCKHMFPDOBAVUJKCWWHKKKWOMLBYLLHQOILPTAPTUYVXBEGLFPBZAHVZGWVADRSDTKGLYUJVGNPLOYMHFQSVKIQ   *\r\n* NLJXFOQDFSERXVNKGGSMRJKHJNUNY                                                                        *\r\n* TKTZXMLMPSXLGWUVKKCIPDQEQEBBNSTCFIZTXYYAZTQAOFDONODKKQHPUPJSLJZWYUFXWAXLMCIVMQQKBMOYPJSPB            *\r\n* ZIPFOQUUCTZFRMRRYHHLCEZYQZUAHOCQVMBOWGOR                                                             *\r\n* SOWLV                                                                                                *\r\n* CHYKLHPHVIQPPWUMNRJKFKCURTPKJPCNUESSJEQIGEGFFRZVGGBFBLQRFDSSREYFGDULDBDIABDAEWPAUU                   *\r\n* DOXLIOBNFLYQBGB                                                                                      *\r\n* CWNSFCSEAHPMIOSYXAUQIRLXCNYXCKCTDWMDGCYAWSLAYOFRSASAMKRKLQQREUCQFWJLBORVCTUPGKZNIGFCRBHTFCSPLGWBQUVB *\r\n* TPDIXXSPBDARCJXPZYEPQG                                                                               *\r\n* WCJWXSYLPXHPQBUUDODEYRXIWYMRWQMPNQHFNBVXCRLUVUHOFDAANBAEEAZYGHPYLSBZTOHCTGBGGDNCRYLTPLCLQCBMBWQVC    *\r\n********************************************************************************************************\r\n&quot;)" methodname="TestWithRandom" classname="Open_Lab_04._14.Tests" runstate="Runnable" seed="2009457557" result="Passed" start-time="2021-12-27 14:18:10Z" end-time="2021-12-27 14:18:10Z" duration="0.020568" asserts="9453" />
            <test-case id="1008" name="TestWithRandom([&quot;DSHURWYHGATYBNXGIVVJAPQJRMUAWPGDUU&quot;, &quot;JKDUXREVLWEAZEQIZGDINCXCEBYLRTQDGDNWEBYR&quot;, &quot;UEMNMVVGGHWRMWHMBPWSSDRGATVQUEXILMTXLPRFCELMTMTGGJCMCZDQMGMSZFMBJOGZDJBLXQPORFNOAPKKBL&quot;, &quot;LJCKECZFXSKCEFTCWHROLJ&quot;, &quot;YHSYSKVBZYJUQBZWJYLSVHDJIGMNCKWTCUDDMEGVCRKEVLDBXKHQARTRDJ&quot;, ...],&quot;******************************************************************************************************\r\n* DSHURWYHGATYBNXGIVVJAPQJRMUAWPGDUU                                                                 *\r\n* JKDUXREVLWEAZEQIZGDINCXCEBYLRTQDGDNWEBYR                                                           *\r\n* UEMNMVVGGHWRMWHMBPWSSDRGATVQUEXILMTXLPRFCELMTMTGGJCMCZDQMGMSZFMBJOGZDJBLXQPORFNOAPKKBL             *\r\n* LJCKECZFXSKCEFTCWHROLJ                                                                             *\r\n* YHSYSKVBZYJUQBZWJYLSVHDJIGMNCKWTCUDDMEGVCRKEVLDBXKHQARTRDJ                                         *\r\n* MXHYOCPSWYWKFRQPDXZNXDLQRDFTLAMZCOUXVSVCFSGCAACYKBQTEVSJLQGLW                                      *\r\n* HVLWHQXSUKBXIEWIPRAHJJKSVHWKMEMKFJLKRESMARGFSHNNNCBPLONXLTBAUNFQYRRYTLRLYOGRDFANUIXJCX             *\r\n* RWOZXCSSNMPGBPOUBKPQXHWUGTNGLPWNBRACFMTJFWTFNYYYFNVYNGCJATSEOMGXPBEJPMPPQGLBOQGIUPAXTXAVPRBLTPUSP  *\r\n* PLTPJSYGHGUAUJMKKZLIDSBJTYLEWBLSLSBVOFGIZNPTAPWSYIEVGGSWKKVKHUKGVCPCHRWFSDJQDHJECSFNX              *\r\n* LEAFLEJVAFDJYXZTKHMZCDXBTDARIOOXJFRKCCGRWXCENUILEIIYAXNIHYMHDRN                                    *\r\n* QFZTGORIBUDFASOYUPMAGPWLRJDDQYOEKQNHUOEQQZXFUIHO                                                   *\r\n* NMNFNFBJOCXLOSCGYVKFGEGLWJGSQRJBOSCLAYXKM                                                          *\r\n* GMGECHUZVNWIDJGCJDYJSWTVWVPRFZXZTIYTERGZXRWVFGOTEYPTLCGJTKIHRDUVPWPVLMXRXZLBAXQQGWMGKEOQCOATIZH    *\r\n* WAGIQTHRAYVLREIWUSBVQNLKIYTWMEIYSREZRIZNOUGMJCZXGEZQYMEJPVZSZLFWPXTZAIELSNGVHZB                    *\r\n* ZWPHESAGMVKVIHNDPJWLJZWY                                                                           *\r\n* NYKFICQUTTCVXSXWMMFXJDKACFXCPWZZRIQTQAESTBOOKHRRZOWMRAPKNKCCEOEWTDEOBDGMIMEIPVPVNGCAAMIRSGFGXBOFWR *\r\n* HCDPWIKDEWHVRUHPXLDWHUNWVXAOHXYMXAHSKRFSQIDULLNLQMRTSVNNPGTYHWWGXUXRNOEFGLGYRSKKJ                  *\r\n* XVGETCMUCDYGKUMWWQNWXBILNHOPWXWIPSYAATBUETMAGZAMMUVTXMRWNVQM                                       *\r\n* XXFHQRSVLWDPTSDPHEOGCDBBDLCACNFDPGGVGSQHIQAYSDDUNGFQBF                                             *\r\n* UWEDFORTYRAAMMIJPNHYMCDJZHIMVHOBKVMZCPLSQXBG                                                       *\r\n* DRHFXQCUGZRSUDXGFXRCZQRZIGZCOIOBWRWQAGYQMGDVVHHLOMLZKESNZIXQQAGYKPVDH                              *\r\n* FYZAQSMVEAZOOCWPQSYJQSJHALAE                                                                       *\r\n* FLEDGGNAKOAADEWRCMDBVZDEXQNPRZERIKYPUKHWJOFE                                                       *\r\n* JNNMQYZWCPFHAGQSXIKJIRSFHWREHSGTZGOCZCBBFVFUSIUERDMGUUPRUIFTGUPKIMHTRNSUHIENMXMYCNNDGAYFQWIRXI     *\r\n* KFUMGAAMDLRZMQCFWVGRTHLEINCDVEBXYNTHSLGYBAKSOBMOORMVQQBDUPDTYXRYKTAYXUNKPIPSWSPGAO                 *\r\n* DSFGILQMCHMAEJLIVBORTEBGIBIGCZXSJHNFENSMGIKCCILJLJUFMWWZRYXH                                       *\r\n* JKCKUQWVFDHJ                                                                                       *\r\n* KLTYDAPZ                                                                                           *\r\n* SFSGNLOOFPLJXXIRIRPNGFMVKMKFSVXRDOSXSNDKHQYSYSNNLGVIZLOMSWWAAIWKSTGIFKZVOFFPHUXRZ                  *\r\n* ULAORRZFFWQCJZUNAEMFIAHAUUFZEXYFBDNKKDBOIZFCELVGUUUSFUPTEAUXLABIYLBGLKDWDYWIVFVIZZFJCFAHOT         *\r\n* KIECHYXESKPVKRXPGXGYYEMXM                                                                          *\r\n* RFSLTRRDTNYVOKYADXKEVSFQTKHVHFWGQMHSMGQXDGYJQLIWAYAONIZYZCSJKWWNRSEBDGOWGMAOUVZHB                  *\r\n* UJEHSINISJNGNHKKSYGGTUJDIBHLEECLHZBNIJZWOUNE                                                       *\r\n* ZZTEJCBAVRAZAZRABENHCYOGWCJYKRYGEUIB                                                               *\r\n* GUCAKMHBNHJHVNQAXGALNHHTDQETTUGRQMUKLGRMGEJUZQODIGHNHPBZ                                           *\r\n* JXUHOHTBSRJSGPRPOEIYNTMBAKNNSKALVXBIWESXPSHYFLCQ                                                   *\r\n* YTLSBZPKTHDUGJIRYXINISJLLIUMOWPIXWTRPSUYMXDXPCJJZHHNTCHGJZHSEDW                                    *\r\n* RUXJPRBFDKBKOLWIYKNGPBPUPNHQKBTIBGGVFAUHGBKJBXRYCZTTQQHPFCTCJLVBQTJIFBCYQFANRFTSWJNLHARL           *\r\n* QPCGRYVGITHNJSBWVDLQTYZJBFAXJUPBXJOLZRYHFHJMLENQLPMXGVFSQTEMXXWODGQZDQWDEDKMONXXSKMUHSUCEWUGMMJHL  *\r\n* IFONMUSJSCKSDDVHTMKBGKLNVHVPQRUDATESJFYRBYASSLTRLFTWWJOYUARFYCSBIHSJYDYNOTZHKSVKNE                 *\r\n* LYXGQEFYIOTSZGZJKSJ                                                                                *\r\n* HGFIDKHOBFGRUXHCLABETFQZVAABLJKSDLXETPCGXRWDIBYBYWYKQEZCQGMCJFCSUONIACJW                           *\r\n* VHBIMRUCZCOKABYMUONCAWRPEITNPAVMCLVXYUDOSAKCNHUMPWGOWTYYPMDEXGMZGCIOGBOAKYKZMOBXNHYTTHQINWHLQ      *\r\n* RLNLWLYGGNHGEYJYMBKGQPHTFZLAAJTCJLGYLBSPYHBKLNCRYPJGBJIBEUGWZYFWUFWTRLMLIVIJOWHRWUBLZMBZCFURVWQZC  *\r\n* QGQJANCYYGBZMHNOZF                                                                                 *\r\n* UWHEWQLRVQMEIHKFBBMTNIBOUYDTMDGWKCHHJBTTOWHIMBTSCBMMMLJMVSJYMSERJPUFZCWZHTFRATCTELQKRUKYTV         *\r\n* QSUHVRQYWGOSZEMFTGRLBQPUBBTZPEVLEPGGNMJAKUFMQSRGEO                                                 *\r\n******************************************************************************************************\r\n&quot;)" fullname="Open_Lab_04._14.Tests.TestWithRandom([&quot;DSHURWYHGATYBNXGIVVJAPQJRMUAWPGDUU&quot;, &quot;JKDUXREVLWEAZEQIZGDINCXCEBYLRTQDGDNWEBYR&quot;, &quot;UEMNMVVGGHWRMWHMBPWSSDRGATVQUEXILMTXLPRFCELMTMTGGJCMCZDQMGMSZFMBJOGZDJBLXQPORFNOAPKKBL&quot;, &quot;LJCKECZFXSKCEFTCWHROLJ&quot;, &quot;YHSYSKVBZYJUQBZWJYLSVHDJIGMNCKWTCUDDMEGVCRKEVLDBXKHQARTRDJ&quot;, ...],&quot;******************************************************************************************************\r\n* DSHURWYHGATYBNXGIVVJAPQJRMUAWPGDUU                                                                 *\r\n* JKDUXREVLWEAZEQIZGDINCXCEBYLRTQDGDNWEBYR                                                           *\r\n* UEMNMVVGGHWRMWHMBPWSSDRGATVQUEXILMTXLPRFCELMTMTGGJCMCZDQMGMSZFMBJOGZDJBLXQPORFNOAPKKBL             *\r\n* LJCKECZFXSKCEFTCWHROLJ                                                                             *\r\n* YHSYSKVBZYJUQBZWJYLSVHDJIGMNCKWTCUDDMEGVCRKEVLDBXKHQARTRDJ                                         *\r\n* MXHYOCPSWYWKFRQPDXZNXDLQRDFTLAMZCOUXVSVCFSGCAACYKBQTEVSJLQGLW                                      *\r\n* HVLWHQXSUKBXIEWIPRAHJJKSVHWKMEMKFJLKRESMARGFSHNNNCBPLONXLTBAUNFQYRRYTLRLYOGRDFANUIXJCX             *\r\n* RWOZXCSSNMPGBPOUBKPQXHWUGTNGLPWNBRACFMTJFWTFNYYYFNVYNGCJATSEOMGXPBEJPMPPQGLBOQGIUPAXTXAVPRBLTPUSP  *\r\n* PLTPJSYGHGUAUJMKKZLIDSBJTYLEWBLSLSBVOFGIZNPTAPWSYIEVGGSWKKVKHUKGVCPCHRWFSDJQDHJECSFNX              *\r\n* LEAFLEJVAFDJYXZTKHMZCDXBTDARIOOXJFRKCCGRWXCENUILEIIYAXNIHYMHDRN                                    *\r\n* QFZTGORIBUDFASOYUPMAGPWLRJDDQYOEKQNHUOEQQZXFUIHO                                                   *\r\n* NMNFNFBJOCXLOSCGYVKFGEGLWJGSQRJBOSCLAYXKM                                                          *\r\n* GMGECHUZVNWIDJGCJDYJSWTVWVPRFZXZTIYTERGZXRWVFGOTEYPTLCGJTKIHRDUVPWPVLMXRXZLBAXQQGWMGKEOQCOATIZH    *\r\n* WAGIQTHRAYVLREIWUSBVQNLKIYTWMEIYSREZRIZNOUGMJCZXGEZQYMEJPVZSZLFWPXTZAIELSNGVHZB                    *\r\n* ZWPHESAGMVKVIHNDPJWLJZWY                                                                           *\r\n* NYKFICQUTTCVXSXWMMFXJDKACFXCPWZZRIQTQAESTBOOKHRRZOWMRAPKNKCCEOEWTDEOBDGMIMEIPVPVNGCAAMIRSGFGXBOFWR *\r\n* HCDPWIKDEWHVRUHPXLDWHUNWVXAOHXYMXAHSKRFSQIDULLNLQMRTSVNNPGTYHWWGXUXRNOEFGLGYRSKKJ                  *\r\n* XVGETCMUCDYGKUMWWQNWXBILNHOPWXWIPSYAATBUETMAGZAMMUVTXMRWNVQM                                       *\r\n* XXFHQRSVLWDPTSDPHEOGCDBBDLCACNFDPGGVGSQHIQAYSDDUNGFQBF                                             *\r\n* UWEDFORTYRAAMMIJPNHYMCDJZHIMVHOBKVMZCPLSQXBG                                                       *\r\n* DRHFXQCUGZRSUDXGFXRCZQRZIGZCOIOBWRWQAGYQMGDVVHHLOMLZKESNZIXQQAGYKPVDH                              *\r\n* FYZAQSMVEAZOOCWPQSYJQSJHALAE                                                                       *\r\n* FLEDGGNAKOAADEWRCMDBVZDEXQNPRZERIKYPUKHWJOFE                                                       *\r\n* JNNMQYZWCPFHAGQSXIKJIRSFHWREHSGTZGOCZCBBFVFUSIUERDMGUUPRUIFTGUPKIMHTRNSUHIENMXMYCNNDGAYFQWIRXI     *\r\n* KFUMGAAMDLRZMQCFWVGRTHLEINCDVEBXYNTHSLGYBAKSOBMOORMVQQBDUPDTYXRYKTAYXUNKPIPSWSPGAO                 *\r\n* DSFGILQMCHMAEJLIVBORTEBGIBIGCZXSJHNFENSMGIKCCILJLJUFMWWZRYXH                                       *\r\n* JKCKUQWVFDHJ                                                                                       *\r\n* KLTYDAPZ                                                                                           *\r\n* SFSGNLOOFPLJXXIRIRPNGFMVKMKFSVXRDOSXSNDKHQYSYSNNLGVIZLOMSWWAAIWKSTGIFKZVOFFPHUXRZ                  *\r\n* ULAORRZFFWQCJZUNAEMFIAHAUUFZEXYFBDNKKDBOIZFCELVGUUUSFUPTEAUXLABIYLBGLKDWDYWIVFVIZZFJCFAHOT         *\r\n* KIECHYXESKPVKRXPGXGYYEMXM                                                                          *\r\n* RFSLTRRDTNYVOKYADXKEVSFQTKHVHFWGQMHSMGQXDGYJQLIWAYAONIZYZCSJKWWNRSEBDGOWGMAOUVZHB                  *\r\n* UJEHSINISJNGNHKKSYGGTUJDIBHLEECLHZBNIJZWOUNE                                                       *\r\n* ZZTEJCBAVRAZAZRABENHCYOGWCJYKRYGEUIB                                                               *\r\n* GUCAKMHBNHJHVNQAXGALNHHTDQETTUGRQMUKLGRMGEJUZQODIGHNHPBZ                                           *\r\n* JXUHOHTBSRJSGPRPOEIYNTMBAKNNSKALVXBIWESXPSHYFLCQ                                                   *\r\n* YTLSBZPKTHDUGJIRYXINISJLLIUMOWPIXWTRPSUYMXDXPCJJZHHNTCHGJZHSEDW                                    *\r\n* RUXJPRBFDKBKOLWIYKNGPBPUPNHQKBTIBGGVFAUHGBKJBXRYCZTTQQHPFCTCJLVBQTJIFBCYQFANRFTSWJNLHARL           *\r\n* QPCGRYVGITHNJSBWVDLQTYZJBFAXJUPBXJOLZRYHFHJMLENQLPMXGVFSQTEMXXWODGQZDQWDEDKMONXXSKMUHSUCEWUGMMJHL  *\r\n* IFONMUSJSCKSDDVHTMKBGKLNVHVPQRUDATESJFYRBYASSLTRLFTWWJOYUARFYCSBIHSJYDYNOTZHKSVKNE                 *\r\n* LYXGQEFYIOTSZGZJKSJ                                                                                *\r\n* HGFIDKHOBFGRUXHCLABETFQZVAABLJKSDLXETPCGXRWDIBYBYWYKQEZCQGMCJFCSUONIACJW                           *\r\n* VHBIMRUCZCOKABYMUONCAWRPEITNPAVMCLVXYUDOSAKCNHUMPWGOWTYYPMDEXGMZGCIOGBOAKYKZMOBXNHYTTHQINWHLQ      *\r\n* RLNLWLYGGNHGEYJYMBKGQPHTFZLAAJTCJLGYLBSPYHBKLNCRYPJGBJIBEUGWZYFWUFWTRLMLIVIJOWHRWUBLZMBZCFURVWQZC  *\r\n* QGQJANCYYGBZMHNOZF                                                                                 *\r\n* UWHEWQLRVQMEIHKFBBMTNIBOUYDTMDGWKCHHJBTTOWHIMBTSCBMMMLJMVSJYMSERJPUFZCWZHTFRATCTELQKRUKYTV         *\r\n* QSUHVRQYWGOSZEMFTGRLBQPUBBTZPEVLEPGGNMJAKUFMQSRGEO                                                 *\r\n******************************************************************************************************\r\n&quot;)" methodname="TestWithRandom" classname="Open_Lab_04._14.Tests" runstate="Runnable" seed="1995083205" result="Passed" start-time="2021-12-27 14:18:10Z" end-time="2021-12-27 14:18:10Z" duration="0.015438" asserts="5050" />
            <test-case id="1009" name="TestWithRandom([&quot;BJKACAFTXQJRLCOJYFSHWRBHKCEIKNVANDKVEFEMGPCTLNBNEHHYWJVKHDPZWXJJVIDIRSE&quot;, &quot;BFAHOIWXBQDDGWDEHZNBQEQIGTXCJTVLCNXRIOVYGSYGTGCZFZARFDCXORAVKUNHUSASZLVTEP&quot;, &quot;YFKPAQYWJSEGZLADQNAOMEQLBFKATEGNPIERECZEMXDPQLBHZIEFDBJTPYOUGYCFLQQRGJYONVBOABVPEC&quot;, &quot;KZBK&quot;, &quot;ZLBFNEYNUYDZVJBPJPRHZUSNDZQEXSFKGBSVHTAJXOTCYVUUBKAJJCPESN&quot;, ...],&quot;********************************************************************************************************\r\n* BJKACAFTXQJRLCOJYFSHWRBHKCEIKNVANDKVEFEMGPCTLNBNEHHYWJVKHDPZWXJJVIDIRSE                              *\r\n* BFAHOIWXBQDDGWDEHZNBQEQIGTXCJTVLCNXRIOVYGSYGTGCZFZARFDCXORAVKUNHUSASZLVTEP                           *\r\n* YFKPAQYWJSEGZLADQNAOMEQLBFKATEGNPIERECZEMXDPQLBHZIEFDBJTPYOUGYCFLQQRGJYONVBOABVPEC                   *\r\n* KZBK                                                                                                 *\r\n* ZLBFNEYNUYDZVJBPJPRHZUSNDZQEXSFKGBSVHTAJXOTCYVUUBKAJJCPESN                                           *\r\n* OOUPCSSTTR                                                                                           *\r\n* IQPIJKBQPHFVDMRVADLNCTRMU                                                                            *\r\n* YQJFBADUCKUASFC                                                                                      *\r\n* YVJTRDLWR                                                                                            *\r\n* HDDPZDOGLKGKFERIKGBALGLAVWCBMVENNLTARMLRMMTRVNPFBISEVRFASDUDAMT                                      *\r\n* GTXTLRRXVJNYNTEHGXADCZRVGSHNSIRZSCLCQVTJRVJMEGNYYNWDMPNGBBNSKDE                                      *\r\n* SNFKHCQKDQLHQFRAEJPFLONCPFAPIBZOQWURACQWWMZVEGPWKNNB                                                 *\r\n* ZBDADVCBBBCRXRUKAZBSSJZORYJPDFVNXARUQQXHOUVKXDGOVLJNLI                                               *\r\n* QCOIELMYVGPTWAZUJCUDYNORNRUURVIBOFARBITVCWZEIJKOVRALRFWCOXUMRSGAXOEQZISAJYBCNKJEH                    *\r\n* YAUXJJJYDEOGEJPZGTFUP                                                                                *\r\n* ZABTETODNQFMUGFAEVGAEOMCTRMODPZNPKAUVPFPJZQYBSPJTGPJNO                                               *\r\n* LOZZMHAAYRRWKFLEPQRREXNABCDUWAPZAAPGW                                                                *\r\n* SIIZSGJVFDIBATWXENAYYJEFDXBSVJQFIZXJIFFHQFXZMVAVDDWCGXRIDDWUFR                                       *\r\n* VNDTAWNOZHTHSMFSIXFOSNNYKHOFFJLBZFBLJCZZQPWVNQZWYKOWZCHIAEITIHIQVRIMKTJFXGYDQSLUIRGVVOCWYTLFTFRIGGZV *\r\n* MLEBIYTEERHSNLQBNVGOLOQIDMROPWKT                                                                     *\r\n* MVGBUNQJSTCDNGUBHSLSGWYVWXWGEPHGOCBQKZTHQFTUNFQGXNIDZAJPXKFWQJ                                       *\r\n* DLWOKEEQHZDBBDDHQGQJQ                                                                                *\r\n* DHNTLSZTWRHAQJRQGBTXAEWYHLUD                                                                         *\r\n* QAZPVHPBRTLROCMUBNTQAAOQTGZKPLZYWFGQHKUBBPOHHFMCJEFYANOPM                                            *\r\n* WOIELFTNVIVWMQTSOLLGINUWBKFBXJQREXOFSX                                                               *\r\n* JOTKDGNRPEHYCD                                                                                       *\r\n* AIULDAZSPLRESOBOZRHC                                                                                 *\r\n* OCRQNTQWQKNNYXGKGTCJWEYLCVCNQHHVAMMGCVQHJVZBEQTRVDSXFTWKDGNRQCGICSMMLZI                              *\r\n* DVAAFXHMCKSMPKPHQBDWIYQGORZLDHGVVHTJSVFGZAPF                                                         *\r\n* TTRCFVJWMCFEUMOYVJVEWRHRGPVWXWHJKVUYHIYLX                                                            *\r\n* IEOFYJRHDRTBNCLAWPAMZPVVUYRQRNLJHXJCCARMFPTPPJHSMGLILKZSJSKZRBQPGKUQTIYVYNHKWFGLQYDLBCYWXQTJQRUEYD   *\r\n* FOQZDHPJXDPWDMZITXFODLXTCPOFGTCLSWAWZ                                                                *\r\n* ADLTATHTQXQJBHTPFTQXWNTKDDAEDHMDITXCCKKEMJZRPXSVSDQGGCDMJBPXTCQJLMAHKQMVIMKNOBUFLELAQFXGQKSAUNLJTQG  *\r\n* XLLBQUYUSQX                                                                                          *\r\n* HKLORQSFPTRZYLBUAATYVRIZSKJVHDO                                                                      *\r\n* NKTKBWSCXAMDTMCETDTRWZMPCMVGHWYMFRMOSRTEIRAVEEGGHECEJWDNXEHPALVBBAXCAOMCKOJFYRKXFPYCUUCJOYQOJDDWVZTE *\r\n* DGTRZTUNXPGTKJLNTHGXONCXYT                                                                           *\r\n* LMKZXFQBIELUAHVQIJUYTSJCSM                                                                           *\r\n* SPEWTGNJBNPJNTHCIHNGPTXTODUNS                                                                        *\r\n* IHKYYMEIRNNYUC                                                                                       *\r\n* ZGFLPAUEGRZSLHPMZQXFIYPUVYZPZSRYUAOWOBCCNCEGZTTACANHWXKBRKPRBEFNAAXKTTXYO                            *\r\n* RGUIVCEYNYFJBXPMEEMLBJXQFZWIGJDPTBFEGJPNMCQGIQYZVGOTLCTHIDCVFWREVPQZRLFVOYYYSQIPA                    *\r\n* NAUKDQIXVDGTHQKMKSAZIJASEMEUPRUNVJJRJLLARTQCPVRHOFGPPBODZCFRLNIDISYYGTDZGZHOTYDIVXGJLEY              *\r\n* UGSHFUODLMTWXSAVCHJPTZJAYXVOHYRDUDDAAWTLKEDHEHLCWLGEVIAUWSIIYAVMUPBTOAUGNXEPWC                       *\r\n* RLSSWSNILDIEIOLNKIRMPFSNVQAQYELYTWQWFIZUHHQQGVMSCKUGFQGMTFWFRWJHRKLMYOHBIWEHOCHAEHOO                 *\r\n* FTCPDDALTCLXJYVKAUODSXILZYQXVBJHVXMRI                                                                *\r\n* UKGPOUTJFDLQDNZKQHKRQFNDQRSDCLLECDZEWDINRPSMLFYWIKHFGQFPXDZWCQHTRHOZOVONYWZBMARKTWVREG               *\r\n* LYJHTDLLBHZVERYIMWTGJREDXMPDFVQPLJCBEOUKMLYTMEMSVOIUKZOTTGKHNIFFRJJVOWDXCJUYSLQSZWHRMVFLUJHYE        *\r\n* WDFSBDVQDZKKSAFPAIPSHQBOTWDYBFOFTPNQTAJNWJTIHBCFGFI                                                  *\r\n* IMFFCRZFZWPYKERDMOWAZCVYXTGRTYSWXPXHJIOCADNAUVXCKYSRIHZGRHHIKILBETAUHKUEATZVPUDCVEGUFBNPQQPCAFSSS    *\r\n* WBUDUAEOROIEQWDFMFBRVDFLEQURDUBGDDYCHSJGPQJYHL                                                       *\r\n* T                                                                                                    *\r\n* VTMRBQTVJYEFNLXNBBNYAXUWUBETHDSQBSHAPOCNFGYTFBCFMLFJMUYXYPXZLZOFGNEUDWXNZATTZBRSYZGVYJEGUJCZQCBF     *\r\n* SNRXIBQNSKLBEYXYFBMTSHXJXZTTYWXYOBGOAVPXQIFYSEQLFBLAPMZLQIZJIWPWNMNCSJY                              *\r\n* LPCKBYQTIIOWKWJBCVXRWGOUSJLFROSWDCOZ                                                                 *\r\n* OJRRGAZISLQCLAXLGMFAISSNLBUQRTIHKSNLGA                                                               *\r\n* FPMAXUCFOVLXPJZBWQEFEGJQZDISTMLFFWZKWRVSJWFUGWSYKQRVBUMZFVBTMJMC                                     *\r\n* FRTKOFEVMWIAOJCKKIDUQDLKZEAQBFZJDKAEZN                                                               *\r\n* KMZOXDYRMYICBJHTCGIKJFOTGXYXDIXLWLSIQONGBNNRSDYAWRYYQDMFYFIAFBNEAXFPQYCNTCJWSWBCYYAMJ                *\r\n* UTZNKLGMBZAJRVYIJXPLFOTQNBEFCHBAUBCLPDORGGBKVIFGEQOCXYTGAJAIGBKUYZPQSMSFJYFYNIUEWYALSYDWHVLGDGKEWG   *\r\n* WTONSXITZSUTRPVLIBYBZVTIXBMCCNACGWYLHLINJEEDMBU                                                      *\r\n* HUCDXEMAZGQQLGRLSSNURKDXSKSVRQWVGVVHLXEBKYLBURCDNTKUOZZXQEKNMQIJJU                                   *\r\n* PKJAVNMJTYCCBHOHYFCHHVXQGMROUPCRAHNSETP                                                              *\r\n* CQGZOCJFXIKDHNDTNSTIWXPE                                                                             *\r\n* KBTUWDFPWFQOYCECLQLEYJNETFLZHJEACDDAQKBEFNLIMFOPOFKGEZWBOPBQSFIMAQLUYEMAOGYKXFSOQVLB                 *\r\n* XWDGCLAJKMAEZHVTTRKTJSYBLDJWNAWUHNDUINWSLRDTYGYXWVWEAHOFXCVZCDWKQFXLDBKGURHSOECFELARDRTAYYWGSXQH     *\r\n********************************************************************************************************\r\n&quot;)" fullname="Open_Lab_04._14.Tests.TestWithRandom([&quot;BJKACAFTXQJRLCOJYFSHWRBHKCEIKNVANDKVEFEMGPCTLNBNEHHYWJVKHDPZWXJJVIDIRSE&quot;, &quot;BFAHOIWXBQDDGWDEHZNBQEQIGTXCJTVLCNXRIOVYGSYGTGCZFZARFDCXORAVKUNHUSASZLVTEP&quot;, &quot;YFKPAQYWJSEGZLADQNAOMEQLBFKATEGNPIERECZEMXDPQLBHZIEFDBJTPYOUGYCFLQQRGJYONVBOABVPEC&quot;, &quot;KZBK&quot;, &quot;ZLBFNEYNUYDZVJBPJPRHZUSNDZQEXSFKGBSVHTAJXOTCYVUUBKAJJCPESN&quot;, ...],&quot;********************************************************************************************************\r\n* BJKACAFTXQJRLCOJYFSHWRBHKCEIKNVANDKVEFEMGPCTLNBNEHHYWJVKHDPZWXJJVIDIRSE                              *\r\n* BFAHOIWXBQDDGWDEHZNBQEQIGTXCJTVLCNXRIOVYGSYGTGCZFZARFDCXORAVKUNHUSASZLVTEP                           *\r\n* YFKPAQYWJSEGZLADQNAOMEQLBFKATEGNPIERECZEMXDPQLBHZIEFDBJTPYOUGYCFLQQRGJYONVBOABVPEC                   *\r\n* KZBK                                                                                                 *\r\n* ZLBFNEYNUYDZVJBPJPRHZUSNDZQEXSFKGBSVHTAJXOTCYVUUBKAJJCPESN                                           *\r\n* OOUPCSSTTR                                                                                           *\r\n* IQPIJKBQPHFVDMRVADLNCTRMU                                                                            *\r\n* YQJFBADUCKUASFC                                                                                      *\r\n* YVJTRDLWR                                                                                            *\r\n* HDDPZDOGLKGKFERIKGBALGLAVWCBMVENNLTARMLRMMTRVNPFBISEVRFASDUDAMT                                      *\r\n* GTXTLRRXVJNYNTEHGXADCZRVGSHNSIRZSCLCQVTJRVJMEGNYYNWDMPNGBBNSKDE                                      *\r\n* SNFKHCQKDQLHQFRAEJPFLONCPFAPIBZOQWURACQWWMZVEGPWKNNB                                                 *\r\n* ZBDADVCBBBCRXRUKAZBSSJZORYJPDFVNXARUQQXHOUVKXDGOVLJNLI                                               *\r\n* QCOIELMYVGPTWAZUJCUDYNORNRUURVIBOFARBITVCWZEIJKOVRALRFWCOXUMRSGAXOEQZISAJYBCNKJEH                    *\r\n* YAUXJJJYDEOGEJPZGTFUP                                                                                *\r\n* ZABTETODNQFMUGFAEVGAEOMCTRMODPZNPKAUVPFPJZQYBSPJTGPJNO                                               *\r\n* LOZZMHAAYRRWKFLEPQRREXNABCDUWAPZAAPGW                                                                *\r\n* SIIZSGJVFDIBATWXENAYYJEFDXBSVJQFIZXJIFFHQFXZMVAVDDWCGXRIDDWUFR                                       *\r\n* VNDTAWNOZHTHSMFSIXFOSNNYKHOFFJLBZFBLJCZZQPWVNQZWYKOWZCHIAEITIHIQVRIMKTJFXGYDQSLUIRGVVOCWYTLFTFRIGGZV *\r\n* MLEBIYTEERHSNLQBNVGOLOQIDMROPWKT                                                                     *\r\n* MVGBUNQJSTCDNGUBHSLSGWYVWXWGEPHGOCBQKZTHQFTUNFQGXNIDZAJPXKFWQJ                                       *\r\n* DLWOKEEQHZDBBDDHQGQJQ                                                                                *\r\n* DHNTLSZTWRHAQJRQGBTXAEWYHLUD                                                                         *\r\n* QAZPVHPBRTLROCMUBNTQAAOQTGZKPLZYWFGQHKUBBPOHHFMCJEFYANOPM                                            *\r\n* WOIELFTNVIVWMQTSOLLGINUWBKFBXJQREXOFSX                                                               *\r\n* JOTKDGNRPEHYCD                                                                                       *\r\n* AIULDAZSPLRESOBOZRHC                                                                                 *\r\n* OCRQNTQWQKNNYXGKGTCJWEYLCVCNQHHVAMMGCVQHJVZBEQTRVDSXFTWKDGNRQCGICSMMLZI                              *\r\n* DVAAFXHMCKSMPKPHQBDWIYQGORZLDHGVVHTJSVFGZAPF                                                         *\r\n* TTRCFVJWMCFEUMOYVJVEWRHRGPVWXWHJKVUYHIYLX                                                            *\r\n* IEOFYJRHDRTBNCLAWPAMZPVVUYRQRNLJHXJCCARMFPTPPJHSMGLILKZSJSKZRBQPGKUQTIYVYNHKWFGLQYDLBCYWXQTJQRUEYD   *\r\n* FOQZDHPJXDPWDMZITXFODLXTCPOFGTCLSWAWZ                                                                *\r\n* ADLTATHTQXQJBHTPFTQXWNTKDDAEDHMDITXCCKKEMJZRPXSVSDQGGCDMJBPXTCQJLMAHKQMVIMKNOBUFLELAQFXGQKSAUNLJTQG  *\r\n* XLLBQUYUSQX                                                                                          *\r\n* HKLORQSFPTRZYLBUAATYVRIZSKJVHDO                                                                      *\r\n* NKTKBWSCXAMDTMCETDTRWZMPCMVGHWYMFRMOSRTEIRAVEEGGHECEJWDNXEHPALVBBAXCAOMCKOJFYRKXFPYCUUCJOYQOJDDWVZTE *\r\n* DGTRZTUNXPGTKJLNTHGXONCXYT                                                                           *\r\n* LMKZXFQBIELUAHVQIJUYTSJCSM                                                                           *\r\n* SPEWTGNJBNPJNTHCIHNGPTXTODUNS                                                                        *\r\n* IHKYYMEIRNNYUC                                                                                       *\r\n* ZGFLPAUEGRZSLHPMZQXFIYPUVYZPZSRYUAOWOBCCNCEGZTTACANHWXKBRKPRBEFNAAXKTTXYO                            *\r\n* RGUIVCEYNYFJBXPMEEMLBJXQFZWIGJDPTBFEGJPNMCQGIQYZVGOTLCTHIDCVFWREVPQZRLFVOYYYSQIPA                    *\r\n* NAUKDQIXVDGTHQKMKSAZIJASEMEUPRUNVJJRJLLARTQCPVRHOFGPPBODZCFRLNIDISYYGTDZGZHOTYDIVXGJLEY              *\r\n* UGSHFUODLMTWXSAVCHJPTZJAYXVOHYRDUDDAAWTLKEDHEHLCWLGEVIAUWSIIYAVMUPBTOAUGNXEPWC                       *\r\n* RLSSWSNILDIEIOLNKIRMPFSNVQAQYELYTWQWFIZUHHQQGVMSCKUGFQGMTFWFRWJHRKLMYOHBIWEHOCHAEHOO                 *\r\n* FTCPDDALTCLXJYVKAUODSXILZYQXVBJHVXMRI                                                                *\r\n* UKGPOUTJFDLQDNZKQHKRQFNDQRSDCLLECDZEWDINRPSMLFYWIKHFGQFPXDZWCQHTRHOZOVONYWZBMARKTWVREG               *\r\n* LYJHTDLLBHZVERYIMWTGJREDXMPDFVQPLJCBEOUKMLYTMEMSVOIUKZOTTGKHNIFFRJJVOWDXCJUYSLQSZWHRMVFLUJHYE        *\r\n* WDFSBDVQDZKKSAFPAIPSHQBOTWDYBFOFTPNQTAJNWJTIHBCFGFI                                                  *\r\n* IMFFCRZFZWPYKERDMOWAZCVYXTGRTYSWXPXHJIOCADNAUVXCKYSRIHZGRHHIKILBETAUHKUEATZVPUDCVEGUFBNPQQPCAFSSS    *\r\n* WBUDUAEOROIEQWDFMFBRVDFLEQURDUBGDDYCHSJGPQJYHL                                                       *\r\n* T                                                                                                    *\r\n* VTMRBQTVJYEFNLXNBBNYAXUWUBETHDSQBSHAPOCNFGYTFBCFMLFJMUYXYPXZLZOFGNEUDWXNZATTZBRSYZGVYJEGUJCZQCBF     *\r\n* SNRXIBQNSKLBEYXYFBMTSHXJXZTTYWXYOBGOAVPXQIFYSEQLFBLAPMZLQIZJIWPWNMNCSJY                              *\r\n* LPCKBYQTIIOWKWJBCVXRWGOUSJLFROSWDCOZ                                                                 *\r\n* OJRRGAZISLQCLAXLGMFAISSNLBUQRTIHKSNLGA                                                               *\r\n* FPMAXUCFOVLXPJZBWQEFEGJQZDISTMLFFWZKWRVSJWFUGWSYKQRVBUMZFVBTMJMC                                     *\r\n* FRTKOFEVMWIAOJCKKIDUQDLKZEAQBFZJDKAEZN                                                               *\r\n* KMZOXDYRMYICBJHTCGIKJFOTGXYXDIXLWLSIQONGBNNRSDYAWRYYQDMFYFIAFBNEAXFPQYCNTCJWSWBCYYAMJ                *\r\n* UTZNKLGMBZAJRVYIJXPLFOTQNBEFCHBAUBCLPDORGGBKVIFGEQOCXYTGAJAIGBKUYZPQSMSFJYFYNIUEWYALSYDWHVLGDGKEWG   *\r\n* WTONSXITZSUTRPVLIBYBZVTIXBMCCNACGWYLHLINJEEDMBU                                                      *\r\n* HUCDXEMAZGQQLGRLSSNURKDXSKSVRQWVGVVHLXEBKYLBURCDNTKUOZZXQEKNMQIJJU                                   *\r\n* PKJAVNMJTYCCBHOHYFCHHVXQGMROUPCRAHNSETP                                                              *\r\n* CQGZOCJFXIKDHNDTNSTIWXPE                                                                             *\r\n* KBTUWDFPWFQOYCECLQLEYJNETFLZHJEACDDAQKBEFNLIMFOPOFKGEZWBOPBQSFIMAQLUYEMAOGYKXFSOQVLB                 *\r\n* XWDGCLAJKMAEZHVTTRKTJSYBLDJWNAWUHNDUINWSLRDTYGYXWVWEAHOFXCVZCDWKQFXLDBKGURHSOECFELARDRTAYYWGSXQH     *\r\n********************************************************************************************************\r\n&quot;)" methodname="TestWithRandom" classname="Open_Lab_04._14.Tests" runstate="Runnable" seed="215431324" result="Passed" start-time="2021-12-27 14:18:10Z" end-time="2021-12-27 14:18:10Z" duration="0.017595" asserts="7143" />
            <test-case id="1010" name="TestWithRandom([&quot;CSINUUKQKJAWRTZPUQDEGZMXMFFDNWAZYUCKWQRFHNGKZCHDHDCAEPMDGLAOPHDNIAYWQPSDZXX&quot;, &quot;SCXKYCWKTAVIHZDLQCPZKTBZEKMRKZBGSTKDOQQNLTTIFPORLHNWIXIZAYFNQEZUZOQOOAWZMC&quot;, &quot;RZTTOWUGDLEYULKCQLCXHTZJQZACLKOJFJRZHERRVXWIUQWDDXGNKEHX&quot;, &quot;KD&quot;, &quot;WRVSXVSKTLVMTLBJXQOZDXYNEAZBCTZXACVECDLYYLJSCUUZCXAKVDLYSH&quot;, ...],&quot;********************************************************************************************************\r\n* CSINUUKQKJAWRTZPUQDEGZMXMFFDNWAZYUCKWQRFHNGKZCHDHDCAEPMDGLAOPHDNIAYWQPSDZXX                          *\r\n* SCXKYCWKTAVIHZDLQCPZKTBZEKMRKZBGSTKDOQQNLTTIFPORLHNWIXIZAYFNQEZUZOQOOAWZMC                           *\r\n* RZTTOWUGDLEYULKCQLCXHTZJQZACLKOJFJRZHERRVXWIUQWDDXGNKEHX                                             *\r\n* KD                                                                                                   *\r\n* WRVSXVSKTLVMTLBJXQOZDXYNEAZBCTZXACVECDLYYLJSCUUZCXAKVDLYSH                                           *\r\n* WVRIALXLRPXHTEPBSOGKKGAYFTPBWRWLUQPDHCIGEICJFPGFFCSKMW                                               *\r\n* QVSDGWVOATMMDP                                                                                       *\r\n* UPFZGBDQTPMJWUYLZYMYHOZBKJUCQSDCQSIDFMQBMEZOUNZUC                                                    *\r\n* NORQFFQDPWHBAAMJTDMUFMHKMCOLHWJ                                                                      *\r\n* ZIFOLZNCNCXTUKEZCKUVIHCAHGDCREVTMHCSUXYTPJHDPNQCYPJXBNRSFEHFWLLIGEGMILEEMBGYAYLTQBEBVYRZQJMQQSXEYZWK *\r\n* DUMLELAHSRHTNPVGKMINHWYYOO                                                                           *\r\n* EBAABANMGRQRMQRXSFWCDBXOMOXYGVOXQRWGSQFSACOPTVVWQZGTRLPCDMONDOFKCSBUULEBZEC                          *\r\n* NHURS                                                                                                *\r\n* IHP                                                                                                  *\r\n* FEBUCFCSOMWDMAUACFUFTMJOOVSWVCFYVIMWTAIYYHPQEKUTXRYCMKATVNFGNGWLGYIEOXHCWVHMWTK                      *\r\n* AZYDECLLHTAFUBLRKE                                                                                   *\r\n* GCQFZJVFQDOWCCAGOHTHDMWWUWBHVKPBSJECKU                                                               *\r\n* TJWUITXYDTVWKRWGTFTKDINKGOMDSYYVUIZXGSOCXXYOZNEKVDLXQJVLVMOUHTFEVACCRZZBQQNFJZKSJCIPNAELMOBUDUVDS    *\r\n* SZLCSWDJHAVQBWBVKELQRUVRPDXFXVUJNPGKHHJLMDTEPVMESIKRSBCYETMPYXMLFLDLQRODUZDNB                        *\r\n* BTQSNPLDRLNIGNUUMPQHZDSAOATGWSYOWNSSYGJXABUSYHLAJAMNWTRXBPDNVEHYMY                                   *\r\n* SVBVGGTGXJACHPTXVFKRDVURJCWCWTVFZVSEHEGHDMUOB                                                        *\r\n* WXBGLTCGHXBKMEKRKDOUDLXOPQZDORBGPWFYAPHCDSOVDXSBXL                                                   *\r\n* QZGJLAN                                                                                              *\r\n* VTZSQVVUPYLRVVMRKXBLSYXFCPKGIMUYNYMIDAXZIDCCLUGUNPZNYCYWWTPALOLDEM                                   *\r\n* WJENKZCCPVVTIJPTT                                                                                    *\r\n* GZKAPMKKWOTRZYYQKLJBONWZJBBZHRVVRPXNTWTSDADNIXVWURYEJ                                                *\r\n* ZSDLQOLLCETYAJALWNSRXOKIQMFEEPSRLYQEKHFEHSXYUKXLVJVKLSULIUVEIGGMMBMBTWBPH                            *\r\n* KFQMNFOTIVUHFSDFWPMBVALLMSXVSZHFCXIPUVGPPPYLSEWUXOZLD                                                *\r\n* RJTFAVISBINOEHKOKBJWLGCASI                                                                           *\r\n* DYEAVCWGYVPULGXOPXDZOJIDYCGVLHTMSYFUWIRMIBLSUGXPOSMCPJITPABTWBUQCDCNBDRGFRQMXQJREQGSVQXJ             *\r\n* LEWGYPHGVQREKOLBFWXSWVZRKOFUCVLFTXPYUAHBIFCZRNUBVRPTZQSQFFWK                                         *\r\n* NEZELKMYMGFPWJRSAZWUDYKFSFCEZTPDXRVADUGC                                                             *\r\n* DILJEDHBXEFZQGOTTMFIIZTQCSEN                                                                         *\r\n* PFSTMAPZWNBVDBOJDGKGGJHAUZDPUHLZTKIZMGDGZTXYDNEXEGYLUGKFXSZNWAFOC                                    *\r\n* CSTPXXDEHMMI                                                                                         *\r\n* GUFKNIZEMADBUGPJZOIWALLEPJBIPZXSPUTSRPRFCYPSQNCRNVIYDLWVIBUDHRONDKMZNWSJWCUCVTOCHKUUQYODYX           *\r\n* PUNYKJCOFBCDRDZBBRUAPNSWXXUWEVIBPMCPIEJ                                                              *\r\n* SEIAEGCRRWNLEXUCBRAMPGKKSBNEAJTWHAHKFRSQUDFHHXWSRANRDWDMUXIDSYQHDRDDQKWKYK                           *\r\n* LACCVEVMAWBTKXVQHJPYWMYDQTTBHDDSTERLRUMYWLPKBXSGVTOAJMVZCZLBKTFWTJZFFJ                               *\r\n* NWQBLXNCSANGOPCIGJSIRILNCFTRSXMBLTBDSKKBPXTAXNRHRASWMAHELDYFEWJUNLUUNYQWZQTUPKPPOLZREQPLMXSPMEXTNYM  *\r\n* SWUSKWXVGMOBNIQSWSQXWJIPGAJUTAHRXDXSRHHITTEZJQC                                                      *\r\n* OFXVIPPJOEMKNCC                                                                                      *\r\n* EWEJLYBOLHECEIGPYFFODMJHOO                                                                           *\r\n* MUWUQRYUMMSSQDIK                                                                                     *\r\n* L                                                                                                    *\r\n* EFYXMHWNDSMWVWUOUONNLGNTCFMPKUCJWBJYOXKNTDUCAPWVW                                                    *\r\n* OVMXBYREUGUHDIPCAUMVAWDATHLLTMIRSWGGWYALGKDESMALNXPCJAOR                                             *\r\n* MEUMGLHXDOHCIFBUBPQTZHHHZYVWGISHPOKUGYAYVGOXTJEROIHKYXSEXMNIPKRVVZNTVGO                              *\r\n* PRYSTJOPTD                                                                                           *\r\n* XAHJRVFXTLRIKPSCTWKWHUFVGZALNYXOM                                                                    *\r\n* TVOPVYPJUQ                                                                                           *\r\n* INCAHUTIHADULDRVUJUODWHWXNEAMGYZOYXLXLGEDFFBPACMEDVZABUMGGCTQSWACEGNFFXICPKXQGGXLSWJKYYNDLF          *\r\n* INOLJEZLUOGYFMXKRXVZZFIYVNPDFTJUAGAPBZNMGVCWLYDXBNVGPFRCFQPWOVGBFL                                   *\r\n* YMIJSJJTECMMXJSCRXCFUPXKKJRXLOBQZZFLTEDXFMNASDRMWTPECGDJOXYISLIPBVMYEGJMTFZICXRGREASZXOTWWWVFU       *\r\n* UEXYXRTIQJCKXHVGRGRR                                                                                 *\r\n* KPPEHTCHJNHYAFDEZUPXVKIXMRMAPFONDRJOIUPYRBGVUMWBRCSMCT                                               *\r\n* ZHSSQGBSDZUVJVPVFERFUEMCAUKIMNCLJYJGQBZRQICWAQNGCGNIKOXVVPSVWTGPXILKMIF                              *\r\n* EAPMBQCJHEFFA                                                                                        *\r\n* AVAOLAJDVWCNZRECTUBJDKYLTENIORNAODIQJYWETBESJORKEFKLERQPWPUGNAPDJCYVJOSVXWQC                         *\r\n* FBFNCDJGCVXNSTUEPRSLBJH                                                                              *\r\n* VBQMPNIANJRNPTKXGWGGAIQUYRHEXQEVUOSBNWRONWZICHOWGVFECBPNKWOYFDDX                                     *\r\n* WTABJJKFSTDIHSQCLYCLZS                                                                               *\r\n* YERQHTJJTBDGOOVWLVZKIMECEXVUEBLGDABWSSCMIJKHELCOPBQQZHKMAOMJXOESPXCNMZESS                            *\r\n* BYCXXSVHEDLVGVPPWDGSOTESRHIOBQXXXMFLKCQTOPKBGURHYWDB                                                 *\r\n* AYHUJGQJGFNFNYTPEFTMMDZJCLWQBQENWKWNXRAWAKHJWVTV                                                     *\r\n* RTRJOZWZYRYJZHQAAJCBFRNEXMCWPMHSBTJWNDHLAOZZBMACRJWLQTRAGMMCXAKLKGIGYTNWCRBRSNCKLAFGQVBHBJ           *\r\n* ARFNAENPVEUEXVZJYSAITJBRXUEVPEBFODNEXDBNEXHGRWHKRLDOBBWQQOQFZSA                                      *\r\n* DPPUIUMVRMDWCUABNTEDBMDNGWOIMWNMWQDCGMCWYHXOYANVOPRGNWPQLCOLGDIUZQ                                   *\r\n* MRXUBRHFTOPOFJSUWEGYAAMQEYQQVZCPHBBEQVQPGRVCWNICNILQSRYLEHQCARKULAHEHOEBORSJFKURPODMNMWQCPAJFNOOHA   *\r\n* VGDUYEKCAYPGTMZMMOYHYDRCROVWADDCETYKMTEHDKVRMJGWFACAJTRSPBCKINBXV                                    *\r\n* CZNOATJQDOHZPIIYQZBDTKBGVKQUZPIYWZHGJRZIRSPDKPMUCJWCV                                                *\r\n* URYHSQCOQOFIDQBBPYZSLAUYVGYWSPSGCEEPIBZJGCCBXCLVSATYCDGUXZMMRGWAVZFZLM                               *\r\n* OZPMJXSATUCDRWUDZXKSIPNRZFBGYWLKGHFYNRXWEZSRPDFEAWGCBUKYMXMDWMBWISWKQVPHAN                           *\r\n* JWVCWAWFBPJJMXGMPFTARXWIWGUOEGYBNGBCQVPCZGZGZIKMJJACG                                                *\r\n* VLANFPFIBVRIWGVEVTPRALXPJNWHEVFVVZKPBDPAWRFEPQMDRFOGN                                                *\r\n* NKNKERTXEGPVNWVGCSEPUJFTASBSQYGYIFMACQZXGZMZPTDQILCVCYVDEUKLQ                                        *\r\n* GFZ                                                                                                  *\r\n* MHKVDMTGIUWGDGOKKFWLWKJIVHGNGGSHAYHWGMHQCVPAHYQDXFQBIOUCXBZWFFZCC                                    *\r\n* GFZSEXYGIAUJBXQCQBQRYMEEYENKKWWNXSRLEEBSCCFTHOABFCPYMLQTBU                                           *\r\n********************************************************************************************************\r\n&quot;)" fullname="Open_Lab_04._14.Tests.TestWithRandom([&quot;CSINUUKQKJAWRTZPUQDEGZMXMFFDNWAZYUCKWQRFHNGKZCHDHDCAEPMDGLAOPHDNIAYWQPSDZXX&quot;, &quot;SCXKYCWKTAVIHZDLQCPZKTBZEKMRKZBGSTKDOQQNLTTIFPORLHNWIXIZAYFNQEZUZOQOOAWZMC&quot;, &quot;RZTTOWUGDLEYULKCQLCXHTZJQZACLKOJFJRZHERRVXWIUQWDDXGNKEHX&quot;, &quot;KD&quot;, &quot;WRVSXVSKTLVMTLBJXQOZDXYNEAZBCTZXACVECDLYYLJSCUUZCXAKVDLYSH&quot;, ...],&quot;********************************************************************************************************\r\n* CSINUUKQKJAWRTZPUQDEGZMXMFFDNWAZYUCKWQRFHNGKZCHDHDCAEPMDGLAOPHDNIAYWQPSDZXX                          *\r\n* SCXKYCWKTAVIHZDLQCPZKTBZEKMRKZBGSTKDOQQNLTTIFPORLHNWIXIZAYFNQEZUZOQOOAWZMC                           *\r\n* RZTTOWUGDLEYULKCQLCXHTZJQZACLKOJFJRZHERRVXWIUQWDDXGNKEHX                                             *\r\n* KD                                                                                                   *\r\n* WRVSXVSKTLVMTLBJXQOZDXYNEAZBCTZXACVECDLYYLJSCUUZCXAKVDLYSH                                           *\r\n* WVRIALXLRPXHTEPBSOGKKGAYFTPBWRWLUQPDHCIGEICJFPGFFCSKMW                                               *\r\n* QVSDGWVOATMMDP                                                                                       *\r\n* UPFZGBDQTPMJWUYLZYMYHOZBKJUCQSDCQSIDFMQBMEZOUNZUC                                                    *\r\n* NORQFFQDPWHBAAMJTDMUFMHKMCOLHWJ                                                                      *\r\n* ZIFOLZNCNCXTUKEZCKUVIHCAHGDCREVTMHCSUXYTPJHDPNQCYPJXBNRSFEHFWLLIGEGMILEEMBGYAYLTQBEBVYRZQJMQQSXEYZWK *\r\n* DUMLELAHSRHTNPVGKMINHWYYOO                                                                           *\r\n* EBAABANMGRQRMQRXSFWCDBXOMOXYGVOXQRWGSQFSACOPTVVWQZGTRLPCDMONDOFKCSBUULEBZEC                          *\r\n* NHURS                                                                                                *\r\n* IHP                                                                                                  *\r\n* FEBUCFCSOMWDMAUACFUFTMJOOVSWVCFYVIMWTAIYYHPQEKUTXRYCMKATVNFGNGWLGYIEOXHCWVHMWTK                      *\r\n* AZYDECLLHTAFUBLRKE                                                                                   *\r\n* GCQFZJVFQDOWCCAGOHTHDMWWUWBHVKPBSJECKU                                                               *\r\n* TJWUITXYDTVWKRWGTFTKDINKGOMDSYYVUIZXGSOCXXYOZNEKVDLXQJVLVMOUHTFEVACCRZZBQQNFJZKSJCIPNAELMOBUDUVDS    *\r\n* SZLCSWDJHAVQBWBVKELQRUVRPDXFXVUJNPGKHHJLMDTEPVMESIKRSBCYETMPYXMLFLDLQRODUZDNB                        *\r\n* BTQSNPLDRLNIGNUUMPQHZDSAOATGWSYOWNSSYGJXABUSYHLAJAMNWTRXBPDNVEHYMY                                   *\r\n* SVBVGGTGXJACHPTXVFKRDVURJCWCWTVFZVSEHEGHDMUOB                                                        *\r\n* WXBGLTCGHXBKMEKRKDOUDLXOPQZDORBGPWFYAPHCDSOVDXSBXL                                                   *\r\n* QZGJLAN                                                                                              *\r\n* VTZSQVVUPYLRVVMRKXBLSYXFCPKGIMUYNYMIDAXZIDCCLUGUNPZNYCYWWTPALOLDEM                                   *\r\n* WJENKZCCPVVTIJPTT                                                                                    *\r\n* GZKAPMKKWOTRZYYQKLJBONWZJBBZHRVVRPXNTWTSDADNIXVWURYEJ                                                *\r\n* ZSDLQOLLCETYAJALWNSRXOKIQMFEEPSRLYQEKHFEHSXYUKXLVJVKLSULIUVEIGGMMBMBTWBPH                            *\r\n* KFQMNFOTIVUHFSDFWPMBVALLMSXVSZHFCXIPUVGPPPYLSEWUXOZLD                                                *\r\n* RJTFAVISBINOEHKOKBJWLGCASI                                                                           *\r\n* DYEAVCWGYVPULGXOPXDZOJIDYCGVLHTMSYFUWIRMIBLSUGXPOSMCPJITPABTWBUQCDCNBDRGFRQMXQJREQGSVQXJ             *\r\n* LEWGYPHGVQREKOLBFWXSWVZRKOFUCVLFTXPYUAHBIFCZRNUBVRPTZQSQFFWK                                         *\r\n* NEZELKMYMGFPWJRSAZWUDYKFSFCEZTPDXRVADUGC                                                             *\r\n* DILJEDHBXEFZQGOTTMFIIZTQCSEN                                                                         *\r\n* PFSTMAPZWNBVDBOJDGKGGJHAUZDPUHLZTKIZMGDGZTXYDNEXEGYLUGKFXSZNWAFOC                                    *\r\n* CSTPXXDEHMMI                                                                                         *\r\n* GUFKNIZEMADBUGPJZOIWALLEPJBIPZXSPUTSRPRFCYPSQNCRNVIYDLWVIBUDHRONDKMZNWSJWCUCVTOCHKUUQYODYX           *\r\n* PUNYKJCOFBCDRDZBBRUAPNSWXXUWEVIBPMCPIEJ                                                              *\r\n* SEIAEGCRRWNLEXUCBRAMPGKKSBNEAJTWHAHKFRSQUDFHHXWSRANRDWDMUXIDSYQHDRDDQKWKYK                           *\r\n* LACCVEVMAWBTKXVQHJPYWMYDQTTBHDDSTERLRUMYWLPKBXSGVTOAJMVZCZLBKTFWTJZFFJ                               *\r\n* NWQBLXNCSANGOPCIGJSIRILNCFTRSXMBLTBDSKKBPXTAXNRHRASWMAHELDYFEWJUNLUUNYQWZQTUPKPPOLZREQPLMXSPMEXTNYM  *\r\n* SWUSKWXVGMOBNIQSWSQXWJIPGAJUTAHRXDXSRHHITTEZJQC                                                      *\r\n* OFXVIPPJOEMKNCC                                                                                      *\r\n* EWEJLYBOLHECEIGPYFFODMJHOO                                                                           *\r\n* MUWUQRYUMMSSQDIK                                                                                     *\r\n* L                                                                                                    *\r\n* EFYXMHWNDSMWVWUOUONNLGNTCFMPKUCJWBJYOXKNTDUCAPWVW                                                    *\r\n* OVMXBYREUGUHDIPCAUMVAWDATHLLTMIRSWGGWYALGKDESMALNXPCJAOR                                             *\r\n* MEUMGLHXDOHCIFBUBPQTZHHHZYVWGISHPOKUGYAYVGOXTJEROIHKYXSEXMNIPKRVVZNTVGO                              *\r\n* PRYSTJOPTD                                                                                           *\r\n* XAHJRVFXTLRIKPSCTWKWHUFVGZALNYXOM                                                                    *\r\n* TVOPVYPJUQ                                                                                           *\r\n* INCAHUTIHADULDRVUJUODWHWXNEAMGYZOYXLXLGEDFFBPACMEDVZABUMGGCTQSWACEGNFFXICPKXQGGXLSWJKYYNDLF          *\r\n* INOLJEZLUOGYFMXKRXVZZFIYVNPDFTJUAGAPBZNMGVCWLYDXBNVGPFRCFQPWOVGBFL                                   *\r\n* YMIJSJJTECMMXJSCRXCFUPXKKJRXLOBQZZFLTEDXFMNASDRMWTPECGDJOXYISLIPBVMYEGJMTFZICXRGREASZXOTWWWVFU       *\r\n* UEXYXRTIQJCKXHVGRGRR                                                                                 *\r\n* KPPEHTCHJNHYAFDEZUPXVKIXMRMAPFONDRJOIUPYRBGVUMWBRCSMCT                                               *\r\n* ZHSSQGBSDZUVJVPVFERFUEMCAUKIMNCLJYJGQBZRQICWAQNGCGNIKOXVVPSVWTGPXILKMIF                              *\r\n* EAPMBQCJHEFFA                                                                                        *\r\n* AVAOLAJDVWCNZRECTUBJDKYLTENIORNAODIQJYWETBESJORKEFKLERQPWPUGNAPDJCYVJOSVXWQC                         *\r\n* FBFNCDJGCVXNSTUEPRSLBJH                                                                              *\r\n* VBQMPNIANJRNPTKXGWGGAIQUYRHEXQEVUOSBNWRONWZICHOWGVFECBPNKWOYFDDX                                     *\r\n* WTABJJKFSTDIHSQCLYCLZS                                                                               *\r\n* YERQHTJJTBDGOOVWLVZKIMECEXVUEBLGDABWSSCMIJKHELCOPBQQZHKMAOMJXOESPXCNMZESS                            *\r\n* BYCXXSVHEDLVGVPPWDGSOTESRHIOBQXXXMFLKCQTOPKBGURHYWDB                                                 *\r\n* AYHUJGQJGFNFNYTPEFTMMDZJCLWQBQENWKWNXRAWAKHJWVTV                                                     *\r\n* RTRJOZWZYRYJZHQAAJCBFRNEXMCWPMHSBTJWNDHLAOZZBMACRJWLQTRAGMMCXAKLKGIGYTNWCRBRSNCKLAFGQVBHBJ           *\r\n* ARFNAENPVEUEXVZJYSAITJBRXUEVPEBFODNEXDBNEXHGRWHKRLDOBBWQQOQFZSA                                      *\r\n* DPPUIUMVRMDWCUABNTEDBMDNGWOIMWNMWQDCGMCWYHXOYANVOPRGNWPQLCOLGDIUZQ                                   *\r\n* MRXUBRHFTOPOFJSUWEGYAAMQEYQQVZCPHBBEQVQPGRVCWNICNILQSRYLEHQCARKULAHEHOEBORSJFKURPODMNMWQCPAJFNOOHA   *\r\n* VGDUYEKCAYPGTMZMMOYHYDRCROVWADDCETYKMTEHDKVRMJGWFACAJTRSPBCKINBXV                                    *\r\n* CZNOATJQDOHZPIIYQZBDTKBGVKQUZPIYWZHGJRZIRSPDKPMUCJWCV                                                *\r\n* URYHSQCOQOFIDQBBPYZSLAUYVGYWSPSGCEEPIBZJGCCBXCLVSATYCDGUXZMMRGWAVZFZLM                               *\r\n* OZPMJXSATUCDRWUDZXKSIPNRZFBGYWLKGHFYNRXWEZSRPDFEAWGCBUKYMXMDWMBWISWKQVPHAN                           *\r\n* JWVCWAWFBPJJMXGMPFTARXWIWGUOEGYBNGBCQVPCZGZGZIKMJJACG                                                *\r\n* VLANFPFIBVRIWGVEVTPRALXPJNWHEVFVVZKPBDPAWRFEPQMDRFOGN                                                *\r\n* NKNKERTXEGPVNWVGCSEPUJFTASBSQYGYIFMACQZXGZMZPTDQILCVCYVDEUKLQ                                        *\r\n* GFZ                                                                                                  *\r\n* MHKVDMTGIUWGDGOKKFWLWKJIVHGNGGSHAYHWGMHQCVPAHYQDXFQBIOUCXBZWFFZCC                                    *\r\n* GFZSEXYGIAUJBXQCQBQRYMEEYENKKWWNXSRLEEBSCCFTHOABFCPYMLQTBU                                           *\r\n********************************************************************************************************\r\n&quot;)" methodname="TestWithRandom" classname="Open_Lab_04._14.Tests" runstate="Runnable" seed="2027807493" result="Passed" start-time="2021-12-27 14:18:10Z" end-time="2021-12-27 14:18:10Z" duration="0.020147" asserts="8508" />
            <test-case id="1011" name="TestWithRandom([&quot;KNVLEHLIFFYLZXOWGKXJELFHHXBMCXJJKBIOGUPADRVZEDYOWTNRXKVYINDGFYGHVOAYOAPMUXGMPFDEYMPIKSMAFKFSQIUELODQ&quot;, &quot;AAWEAWZDJID&quot;, &quot;ZHTJYXDBASEUWWMDBBBBMBYMTDKWMWWBCIQABVNQAO&quot;, &quot;HWBHEKWCH&quot;, &quot;CXYJHQUNGPEWCSOFLBGOKAYZRPRWF&quot;, ...],&quot;********************************************************************************************************\r\n* KNVLEHLIFFYLZXOWGKXJELFHHXBMCXJJKBIOGUPADRVZEDYOWTNRXKVYINDGFYGHVOAYOAPMUXGMPFDEYMPIKSMAFKFSQIUELODQ *\r\n* AAWEAWZDJID                                                                                          *\r\n* ZHTJYXDBASEUWWMDBBBBMBYMTDKWMWWBCIQABVNQAO                                                           *\r\n* HWBHEKWCH                                                                                            *\r\n* CXYJHQUNGPEWCSOFLBGOKAYZRPRWF                                                                        *\r\n* QUOUZKSRUESDTZXKTJTYYUVTWBZZRRZYHUZJHISENTHBVGHZ                                                     *\r\n* GVHCG                                                                                                *\r\n* VZVXYKSZCFUWZANDLQPLENTXPUAYKVRVAGDKMLUTUTFWBKHZNDKRN                                                *\r\n* IIFXHDKUOGOYVSWDQAVVQKHWWFMAKHLAIFYVEODRJAFYICOPCKMKVREXAJBCQJJHUNQQUBYBWEMQFJOTQX                   *\r\n* AUBFQBAUVNBAZQXDUMYVBLLNQFNRRUHLTLINTIZOTGCOUENAIFTHRBWPJOOLNIDAGQGNHKKMMKBVJXSMSNJLAATSPTEFT        *\r\n* BLCBHEXZSYVHUHZAFMVCTAZSAGWOYNGFSXIQSHPNOSULPTFMSONSJRVAL                                            *\r\n* BBIJAESQPWYJIYWHNAFODHAKVJAOVACHEIFOFER                                                              *\r\n* SZDINJGPVBEVUXGUAYOREEUPUREZSICIIQVEDSWLDLSUWGMGBLNGQALOEONWF                                        *\r\n* WNZVNECCQHBCNTLASOEXXHUVSHEG                                                                         *\r\n* PEAGWOFVBTIEYUFEOMRDDVYSHJPSDCFZWDBCBVREGFRVVTYMOQEUNDWTGIYMZMRYNIIVSDDSUMWYEDWOKCEMYKMSHIWSXFFTNSHN *\r\n* DTLNMAAGXOCMKCXIFADVPOKGKVPHDKLWIDHISZLKMLJT                                                         *\r\n* GMDHKIRERVOJFCQKSDNCFDHUPPGOSJDFQLEIMASCUSRHSYNXVZUIVRODFISUBDLIRJTUXIYRKKINMABQ                     *\r\n* JTTPVJZWADD                                                                                          *\r\n* XAQHIPJFTZMBCXKIBREGCRSJSTWZUX                                                                       *\r\n* EUKMKRGDKRKJJGRMXYQUJYWFFHHPPTKLVCIGRLARVNUPRIJCAGYADCNGYEGCKRORHZOHYKUMXZZWEHOXYEOIVJHSO            *\r\n* INEYGEYD                                                                                             *\r\n* SUBDPLLCEDRBQQJDFCFVXRVSXCHIZSV                                                                      *\r\n* AZVDXBYXJHDPXZRWUVBBTHKAYJGNDCDLHUBRUFGDEIMQNFUXKLNEQUDTPUFOUKTGDSIDYABPPXWLVUNSOJDSPZUNQI           *\r\n* AARITOFM                                                                                             *\r\n* XRYJJYOTXSXUHMZLGAREXVNQYBOXODWQHSUXLUJQKBPXKHSOSXMNNHXCDHKHJREUWGMPRCAMRBUVFQGRJA                   *\r\n* RQIDAUSUDJBGSXVADUD                                                                                  *\r\n* QXAVLNBXMBSYJMNDNDMUZIWCPUBYJPCXFDOTQMRMSUHCQDXFJSMAHIXIAXGRLDOXYVTGYTNAMACEAUMMXVORCCQW             *\r\n* GTSGAAPGKDVKRHQEMOHGTHG                                                                              *\r\n* TTPOWUWFWASAVULZMXQQQCGOYNQOJPMYMHNGKBKPHQNQ                                                         *\r\n* QJRCHTVQPUQNBQJDIVGNTNNGFOLNBJAOPZHDYLBVQIWMWTJKAMYUHCWDVLX                                          *\r\n* IIPGUBXCJFEWUKXKQBJLEBMOKFHNDDINOHNHTQRUVHBUHCZWFLMTBLOHVAVOUKZFXRHMXPRAKPP                          *\r\n* ZSGHGLHRQOMDTGMSUCALIWXQVMZPUMJMVQHDTOIICHOIEETQDYFHOEPDVQMTMSWEFAHCYIYGTSIAIOLQTILWHCXRBEID         *\r\n* PWKLJDE                                                                                              *\r\n* QRVZZNWVPVGEVZDGAXCCQBUZUEEVYOYLHUCRQWHOBVLJCZGQTEKMACGPXVEUJAXAWVXBWLPDPOAVQLXVYOCTELKE             *\r\n* NUVRNFBXKMHCFTHOGXMCLYLXJWVYDWLKSNJRUMBIZXFYQSTUUFXNYC                                               *\r\n* OIXIRKCUOBXJ                                                                                         *\r\n* JPUUWDCNTNHQCADYYYLQKUJWDKYWDQXTJBKEKDRUZPVUQROJZVQCLTHPGXQLFGKDQNHBP                                *\r\n* NVGQQVYOGLVOXHAUHPTVYMMFPTFSECKNUAIUWVCMQSRFQRICCVGRHUAAJABXPGJDBITXZFYMNHEGVGPXKCPJWSFZZHLVUFWJ     *\r\n* ODHXLDXXUEZQUFCLDMNRAHJCTXRUCRHKU                                                                    *\r\n* GDIAZZSLBNFJFCIKQSJSHHUEDOMCUCXOVWYZDCNOZOFVWJSOMSBOBCPZIDXLMPRZQQOIDJHNFUSTBZHTVXQCBINTHZQZ         *\r\n* CBKXFFFVKLCLNJGJWXJVDPP                                                                              *\r\n* PYHDVBDSHIDTIWWTBXLMNQOYGJKCHECNLKIHXCAJHKDEGNBABPTFDCLYKJXLQBLDGQHXNOWZXCFDMJSSHJBRKWJJYJXOEOSFZA   *\r\n* QFDMMTTIBXILBQEEGATSJHYYERHVJJZDLKCMDXOXROHLPYWXZKLFFIOJHFIVLYYSXFZQNSAJLWBVZMIGUJVYYUYDVTFYOSLS     *\r\n* POKYFKHKBTIHTJUWCACCZUDGWVUNBVTKIFKYXHPZOOWAPWBKKCMRJQPVKECJ                                         *\r\n* UJGAYYNYVYVLCOLXCQZTKCYJBASQPNTFFJUFPARXOLOERGHCEXINCPFRKXYXG                                        *\r\n* JIEPFSTFIBZCFYOURVTQLRFFCQECVSCTQQCGZBAOIZPGOZKGDQFCEQMRCZNPNRKPYGMPWHUQVEHLCYRDGXZEMAOZEKD          *\r\n* NLB                                                                                                  *\r\n* OZIHNUJVVOHAIAPEHKJPRFDYRMLMDUCJDQWCQKPLODIXTORDVZTDCLZJWJPAJXRBMX                                   *\r\n* RDMNXUXBOWFFDVHQEAZHSRNGHUOBQLHLVQZAJLWJEJKMQDLFCGNAMPFAPFGCFWLCPUJMVGHSEQDIGBQDIJZKXGYGLZ           *\r\n* DETDIYHWWTYKVYUWWMWTOPDTWXBEJVDBWWEOKMVKY                                                            *\r\n* TJJYDLDJBTPFWNBZGLW                                                                                  *\r\n* MBPXNZUGLKRL                                                                                         *\r\n* JVTJXTQBZTKLQAQMKFJNVRSUMLEQWYRCDKMRIQJRGBNHFMWZEUAEHXZRDZXMPZFBBIHGNYEUWSGUELPAO                    *\r\n* MCXNUGLVOJSWCHWLGXE                                                                                  *\r\n* LFPFHOQEMSKXYKNCDONBUSJVCAQZYTESVXSGMSFFPGIWZVYRUTHRJCWTVUDHYQGTNS                                   *\r\n* BRGQLI                                                                                               *\r\n* LNJNWGCYFELNITAZKROXHYZPJHTXZ                                                                        *\r\n* DVICQIKIYWFZLCHZJIASVYXKZNNTDPNEZSAPEGCROCTSSHNXIJXL                                                 *\r\n* HRFYYCDVQFJJAATBRVDGIDTFESSZQLTRBHRAVQGDYWYWJIRHUWROTFODYZUFKDFEMRHSISFAPZHLFWVWBKFUUFXWT            *\r\n* BWWATURTKRAYYBQQYUXDYBDXEZYKKHULZUQJDOGNTLMEVCMEDDGDYPP                                              *\r\n* S                                                                                                    *\r\n* WUWGJDXOYDKGNJOKJMPZCBNTHGAQNKFQRESLQMBIGGEITWQWPNFCKSWVHCZDCHBOYTPJRCTXLGTVXEAKQDAZECFZHWEOMYFZF    *\r\n* JAHHENUIREZAXCCPMZGBJWNQBUXFKMATQHVADJYNFWKBZHYCLXMGSDFNMQGJP                                        *\r\n* XFDFJQHCLDATWNLMQTWVTMAUBNBHNMDPXQYFYUXIVJLIGZGSBAAMNUVKFI                                           *\r\n* WOZOZALVGOGNVWN                                                                                      *\r\n* KA                                                                                                   *\r\n* NBHJGNMQBDUNAPRBUVUMIVDZEVMEQATLKNVBOFTANJJSMAGXEUTEPOJSYIEKBHAAJJDMU                                *\r\n* NOCTZYLLNDPOAVHPVVDCDGAIZFIIICWTDPHECWPKGMVBVMHETUOIJRLGOTTT                                         *\r\n* CDKGWKLOCMZFSWRLZMNXEPNOOJMDAQJCWVDJKUZBWQQIPCQVUVOGGVLNPVSM                                         *\r\n* HNMDWJXSHAFNLBNYFZLTQIEBCVAJPTOBNDODDESTSCMVJTVUYPKWHSHZILBBJNCOLDZIMKUAGSBOVJSIZFLAJSUVVPUSDRK      *\r\n* AYJFTNHOUJPPRTDYTSB                                                                                  *\r\n* CCETJEMXPCXPH                                                                                        *\r\n* NWAMPMYXFZCFEBMVYLPGCYUPVPAKYSMAHUFGXGDPFEWEREAKLTDLAATPCLQZLNYMNBXJWFXSIABXBPXRPPZEPA               *\r\n* G                                                                                                    *\r\n* PDMPD                                                                                                *\r\n* RGJRPGROFVLDZZ                                                                                       *\r\n* ONNZKWNUXMBRHGBLCEWKRRYHKXATIEXAHEBQYQSHDLMEOPJIEKIYDOEWOGONVULSPBKCFKMMMPGFETTVOSPYVY               *\r\n* SAEBSBFMJAUPMFGDTXWMNIYRVNTYCENWQERCAJUKGDXFKEGQHPWBZMIKBMGFIGJFNXYINDCKCLGKLTHQGCQMIMWE             *\r\n********************************************************************************************************\r\n&quot;)" fullname="Open_Lab_04._14.Tests.TestWithRandom([&quot;KNVLEHLIFFYLZXOWGKXJELFHHXBMCXJJKBIOGUPADRVZEDYOWTNRXKVYINDGFYGHVOAYOAPMUXGMPFDEYMPIKSMAFKFSQIUELODQ&quot;, &quot;AAWEAWZDJID&quot;, &quot;ZHTJYXDBASEUWWMDBBBBMBYMTDKWMWWBCIQABVNQAO&quot;, &quot;HWBHEKWCH&quot;, &quot;CXYJHQUNGPEWCSOFLBGOKAYZRPRWF&quot;, ...],&quot;********************************************************************************************************\r\n* KNVLEHLIFFYLZXOWGKXJELFHHXBMCXJJKBIOGUPADRVZEDYOWTNRXKVYINDGFYGHVOAYOAPMUXGMPFDEYMPIKSMAFKFSQIUELODQ *\r\n* AAWEAWZDJID                                                                                          *\r\n* ZHTJYXDBASEUWWMDBBBBMBYMTDKWMWWBCIQABVNQAO                                                           *\r\n* HWBHEKWCH                                                                                            *\r\n* CXYJHQUNGPEWCSOFLBGOKAYZRPRWF                                                                        *\r\n* QUOUZKSRUESDTZXKTJTYYUVTWBZZRRZYHUZJHISENTHBVGHZ                                                     *\r\n* GVHCG                                                                                                *\r\n* VZVXYKSZCFUWZANDLQPLENTXPUAYKVRVAGDKMLUTUTFWBKHZNDKRN                                                *\r\n* IIFXHDKUOGOYVSWDQAVVQKHWWFMAKHLAIFYVEODRJAFYICOPCKMKVREXAJBCQJJHUNQQUBYBWEMQFJOTQX                   *\r\n* AUBFQBAUVNBAZQXDUMYVBLLNQFNRRUHLTLINTIZOTGCOUENAIFTHRBWPJOOLNIDAGQGNHKKMMKBVJXSMSNJLAATSPTEFT        *\r\n* BLCBHEXZSYVHUHZAFMVCTAZSAGWOYNGFSXIQSHPNOSULPTFMSONSJRVAL                                            *\r\n* BBIJAESQPWYJIYWHNAFODHAKVJAOVACHEIFOFER                                                              *\r\n* SZDINJGPVBEVUXGUAYOREEUPUREZSICIIQVEDSWLDLSUWGMGBLNGQALOEONWF                                        *\r\n* WNZVNECCQHBCNTLASOEXXHUVSHEG                                                                         *\r\n* PEAGWOFVBTIEYUFEOMRDDVYSHJPSDCFZWDBCBVREGFRVVTYMOQEUNDWTGIYMZMRYNIIVSDDSUMWYEDWOKCEMYKMSHIWSXFFTNSHN *\r\n* DTLNMAAGXOCMKCXIFADVPOKGKVPHDKLWIDHISZLKMLJT                                                         *\r\n* GMDHKIRERVOJFCQKSDNCFDHUPPGOSJDFQLEIMASCUSRHSYNXVZUIVRODFISUBDLIRJTUXIYRKKINMABQ                     *\r\n* JTTPVJZWADD                                                                                          *\r\n* XAQHIPJFTZMBCXKIBREGCRSJSTWZUX                                                                       *\r\n* EUKMKRGDKRKJJGRMXYQUJYWFFHHPPTKLVCIGRLARVNUPRIJCAGYADCNGYEGCKRORHZOHYKUMXZZWEHOXYEOIVJHSO            *\r\n* INEYGEYD                                                                                             *\r\n* SUBDPLLCEDRBQQJDFCFVXRVSXCHIZSV                                                                      *\r\n* AZVDXBYXJHDPXZRWUVBBTHKAYJGNDCDLHUBRUFGDEIMQNFUXKLNEQUDTPUFOUKTGDSIDYABPPXWLVUNSOJDSPZUNQI           *\r\n* AARITOFM                                                                                             *\r\n* XRYJJYOTXSXUHMZLGAREXVNQYBOXODWQHSUXLUJQKBPXKHSOSXMNNHXCDHKHJREUWGMPRCAMRBUVFQGRJA                   *\r\n* RQIDAUSUDJBGSXVADUD                                                                                  *\r\n* QXAVLNBXMBSYJMNDNDMUZIWCPUBYJPCXFDOTQMRMSUHCQDXFJSMAHIXIAXGRLDOXYVTGYTNAMACEAUMMXVORCCQW             *\r\n* GTSGAAPGKDVKRHQEMOHGTHG                                                                              *\r\n* TTPOWUWFWASAVULZMXQQQCGOYNQOJPMYMHNGKBKPHQNQ                                                         *\r\n* QJRCHTVQPUQNBQJDIVGNTNNGFOLNBJAOPZHDYLBVQIWMWTJKAMYUHCWDVLX                                          *\r\n* IIPGUBXCJFEWUKXKQBJLEBMOKFHNDDINOHNHTQRUVHBUHCZWFLMTBLOHVAVOUKZFXRHMXPRAKPP                          *\r\n* ZSGHGLHRQOMDTGMSUCALIWXQVMZPUMJMVQHDTOIICHOIEETQDYFHOEPDVQMTMSWEFAHCYIYGTSIAIOLQTILWHCXRBEID         *\r\n* PWKLJDE                                                                                              *\r\n* QRVZZNWVPVGEVZDGAXCCQBUZUEEVYOYLHUCRQWHOBVLJCZGQTEKMACGPXVEUJAXAWVXBWLPDPOAVQLXVYOCTELKE             *\r\n* NUVRNFBXKMHCFTHOGXMCLYLXJWVYDWLKSNJRUMBIZXFYQSTUUFXNYC                                               *\r\n* OIXIRKCUOBXJ                                                                                         *\r\n* JPUUWDCNTNHQCADYYYLQKUJWDKYWDQXTJBKEKDRUZPVUQROJZVQCLTHPGXQLFGKDQNHBP                                *\r\n* NVGQQVYOGLVOXHAUHPTVYMMFPTFSECKNUAIUWVCMQSRFQRICCVGRHUAAJABXPGJDBITXZFYMNHEGVGPXKCPJWSFZZHLVUFWJ     *\r\n* ODHXLDXXUEZQUFCLDMNRAHJCTXRUCRHKU                                                                    *\r\n* GDIAZZSLBNFJFCIKQSJSHHUEDOMCUCXOVWYZDCNOZOFVWJSOMSBOBCPZIDXLMPRZQQOIDJHNFUSTBZHTVXQCBINTHZQZ         *\r\n* CBKXFFFVKLCLNJGJWXJVDPP                                                                              *\r\n* PYHDVBDSHIDTIWWTBXLMNQOYGJKCHECNLKIHXCAJHKDEGNBABPTFDCLYKJXLQBLDGQHXNOWZXCFDMJSSHJBRKWJJYJXOEOSFZA   *\r\n* QFDMMTTIBXILBQEEGATSJHYYERHVJJZDLKCMDXOXROHLPYWXZKLFFIOJHFIVLYYSXFZQNSAJLWBVZMIGUJVYYUYDVTFYOSLS     *\r\n* POKYFKHKBTIHTJUWCACCZUDGWVUNBVTKIFKYXHPZOOWAPWBKKCMRJQPVKECJ                                         *\r\n* UJGAYYNYVYVLCOLXCQZTKCYJBASQPNTFFJUFPARXOLOERGHCEXINCPFRKXYXG                                        *\r\n* JIEPFSTFIBZCFYOURVTQLRFFCQECVSCTQQCGZBAOIZPGOZKGDQFCEQMRCZNPNRKPYGMPWHUQVEHLCYRDGXZEMAOZEKD          *\r\n* NLB                                                                                                  *\r\n* OZIHNUJVVOHAIAPEHKJPRFDYRMLMDUCJDQWCQKPLODIXTORDVZTDCLZJWJPAJXRBMX                                   *\r\n* RDMNXUXBOWFFDVHQEAZHSRNGHUOBQLHLVQZAJLWJEJKMQDLFCGNAMPFAPFGCFWLCPUJMVGHSEQDIGBQDIJZKXGYGLZ           *\r\n* DETDIYHWWTYKVYUWWMWTOPDTWXBEJVDBWWEOKMVKY                                                            *\r\n* TJJYDLDJBTPFWNBZGLW                                                                                  *\r\n* MBPXNZUGLKRL                                                                                         *\r\n* JVTJXTQBZTKLQAQMKFJNVRSUMLEQWYRCDKMRIQJRGBNHFMWZEUAEHXZRDZXMPZFBBIHGNYEUWSGUELPAO                    *\r\n* MCXNUGLVOJSWCHWLGXE                                                                                  *\r\n* LFPFHOQEMSKXYKNCDONBUSJVCAQZYTESVXSGMSFFPGIWZVYRUTHRJCWTVUDHYQGTNS                                   *\r\n* BRGQLI                                                                                               *\r\n* LNJNWGCYFELNITAZKROXHYZPJHTXZ                                                                        *\r\n* DVICQIKIYWFZLCHZJIASVYXKZNNTDPNEZSAPEGCROCTSSHNXIJXL                                                 *\r\n* HRFYYCDVQFJJAATBRVDGIDTFESSZQLTRBHRAVQGDYWYWJIRHUWROTFODYZUFKDFEMRHSISFAPZHLFWVWBKFUUFXWT            *\r\n* BWWATURTKRAYYBQQYUXDYBDXEZYKKHULZUQJDOGNTLMEVCMEDDGDYPP                                              *\r\n* S                                                                                                    *\r\n* WUWGJDXOYDKGNJOKJMPZCBNTHGAQNKFQRESLQMBIGGEITWQWPNFCKSWVHCZDCHBOYTPJRCTXLGTVXEAKQDAZECFZHWEOMYFZF    *\r\n* JAHHENUIREZAXCCPMZGBJWNQBUXFKMATQHVADJYNFWKBZHYCLXMGSDFNMQGJP                                        *\r\n* XFDFJQHCLDATWNLMQTWVTMAUBNBHNMDPXQYFYUXIVJLIGZGSBAAMNUVKFI                                           *\r\n* WOZOZALVGOGNVWN                                                                                      *\r\n* KA                                                                                                   *\r\n* NBHJGNMQBDUNAPRBUVUMIVDZEVMEQATLKNVBOFTANJJSMAGXEUTEPOJSYIEKBHAAJJDMU                                *\r\n* NOCTZYLLNDPOAVHPVVDCDGAIZFIIICWTDPHECWPKGMVBVMHETUOIJRLGOTTT                                         *\r\n* CDKGWKLOCMZFSWRLZMNXEPNOOJMDAQJCWVDJKUZBWQQIPCQVUVOGGVLNPVSM                                         *\r\n* HNMDWJXSHAFNLBNYFZLTQIEBCVAJPTOBNDODDESTSCMVJTVUYPKWHSHZILBBJNCOLDZIMKUAGSBOVJSIZFLAJSUVVPUSDRK      *\r\n* AYJFTNHOUJPPRTDYTSB                                                                                  *\r\n* CCETJEMXPCXPH                                                                                        *\r\n* NWAMPMYXFZCFEBMVYLPGCYUPVPAKYSMAHUFGXGDPFEWEREAKLTDLAATPCLQZLNYMNBXJWFXSIABXBPXRPPZEPA               *\r\n* G                                                                                                    *\r\n* PDMPD                                                                                                *\r\n* RGJRPGROFVLDZZ                                                                                       *\r\n* ONNZKWNUXMBRHGBLCEWKRRYHKXATIEXAHEBQYQSHDLMEOPJIEKIYDOEWOGONVULSPBKCFKMMMPGFETTVOSPYVY               *\r\n* SAEBSBFMJAUPMFGDTXWMNIYRVNTYCENWQERCAJUKGDXFKEGQHPWBZMIKBMGFIGJFNXYINDCKCLGKLTHQGCQMIMWE             *\r\n********************************************************************************************************\r\n&quot;)" methodname="TestWithRandom" classname="Open_Lab_04._14.Tests" runstate="Runnable" seed="1755908287" result="Passed" start-time="2021-12-27 14:18:10Z" end-time="2021-12-27 14:18:10Z" duration="0.023149" asserts="8403" />
            <test-case id="1012" name="TestWithRandom([&quot;BNCPCZTSSMFYDDMMYOGYYIFPYFQWWA&quot;, &quot;UMF&quot;, &quot;PHNJGRTAUKI&quot;, &quot;MAWNIYXITHMQWJXVRMLMXBWEKFZHFHLFQGDWANSWOXJHVWMXTXIIZWBLDRCDYQCLWHAPGBUETPXAROJOSCNHYCFUERSJKPXXUX&quot;, &quot;NWWQSDEOKYBUOIOKWDUNTBFLOILUERZGTDVRVLUEUOVV&quot;, ...],&quot;********************************************************************************************************\r\n* BNCPCZTSSMFYDDMMYOGYYIFPYFQWWA                                                                       *\r\n* UMF                                                                                                  *\r\n* PHNJGRTAUKI                                                                                          *\r\n* MAWNIYXITHMQWJXVRMLMXBWEKFZHFHLFQGDWANSWOXJHVWMXTXIIZWBLDRCDYQCLWHAPGBUETPXAROJOSCNHYCFUERSJKPXXUX   *\r\n* NWWQSDEOKYBUOIOKWDUNTBFLOILUERZGTDVRVLUEUOVV                                                         *\r\n* XEAVEBUZKRLQLC                                                                                       *\r\n* SJJSYVAKMXOKJQSFGJHREKYAQFGIMJAKJJLKEDXIW                                                            *\r\n* OYPQKIRMFHEKGIKJCSORYCWEBZFIADMZVLWAKZUXRAETGYDCZVAETFULCLPLDJLCUEPVMKZCYR                           *\r\n* YY                                                                                                   *\r\n* YCWCIECIGQQK                                                                                         *\r\n* YKJTHOCYBJIQPWYGCEVNZMMPBBGZMYZEBMASOXTKVEXSNLSIECDLVXZLXUSFHCMCKDODWGRFLLRUPUBPIYVKUNJEMOUUEN       *\r\n* TRUIKXPMYKYA                                                                                         *\r\n* GEWDSDXJHCHWUKQHLWAYIXDVMRSSLXZWNZYIRQCB                                                             *\r\n* TMPMLPNZEMNYBCIABRALFXJCLJVLHPVUZIOLNIABETHKLXLWPHQYBQKWCMAB                                         *\r\n* BRORTZTNWNSQYGLQZQNXYWZYWTIYSJBHZHDCSTSYSJSUYICKZGDVMEVFRPVZQUVNMKRRCJXGYOEPDF                       *\r\n* ORY                                                                                                  *\r\n* MGFUULYKCXTIXNEINQLHPIWXXZGBMPHIRVJHGPXFEYVIFGGBYWNXGRJDJHWUFWYNQKRBEXBXTFCQNOSRSFDPBJCZMFYZSCAHA    *\r\n* SUOFWBUPEAOSQVPFCZTJLGIRPYYCER                                                                       *\r\n* VQFVYDNIBUMFBLTPDKNZAOQ                                                                              *\r\n* MLWPXCSKMUTBKZQBOQROZAGGVJVSQRFHZJJMGYLYBBSHRREDTLLJWCWLEQTNHATVPMBBPEVQFTMXHZOEFRZEF                *\r\n* LXMYIPEXQBHXRFPCNPQVECPYDECPHQBOPTBEORVFLICLQKHIODDJOKRIINUDNPPAASHXELNWTKJVADISXTB                  *\r\n* MRAECSVBWSSWSBKXDJ                                                                                   *\r\n* CPHQDBVHEECGUOK                                                                                      *\r\n* JSCVLQMZBSMDYTLPNPYOFAWDHLRWULXIINBFAORMDHPLOSILTMSEPV                                               *\r\n* IVZNAZPEPUEULRGPZXMLXLLOPCFCITTTM                                                                    *\r\n* TJBBRNNDZQKXXUNXTGDKK                                                                                *\r\n* KKXYTNWWBLIFYWNXGZYUMVESELPKZMQCUWZRDSTAGCOZPRVQJVADLQKPFFTIXLXPVFLBXWUNFYOJGFCMPZADMMQE             *\r\n* JLYYLDUFZEJGUSNBMYNBBIACHSXKTDJOGPNLWPTVTDHBTG                                                       *\r\n* GNCZNDCKBKVRTFJMVVVZEFBFXESHXBZJBWRXRDVLDFMAAXAPKRLFXGRBLXCJKUMZLMQWOMURZKVYSBEZDCX                  *\r\n* PTLUFPLUBMAJSMPOHEBYWUGN                                                                             *\r\n* SJKSCFIXGKRAVQYBAQNKMGFMQSZBZJVNYKNGABYHR                                                            *\r\n* LCXNLNDWWDSDXLDYCKFHYXPECLDSAYSGSBUDOCGLYCNRV                                                        *\r\n* MBCCZOBKNOMTKAKKWXLMKWRAJZDUIVJXJHYBPYZEFHNFQVRGANFPGJKPKCTZKHBREPKDCJUYXHGDILJNI                    *\r\n* TVPURAXIRNFATYFWBBLOERSHRZCGHYSFRMNGBKYKFTSHSXNIYMKICTTCDICRXRBSUZJGKZUQCBIKZKOULTIUOKCXTLD          *\r\n* IGMORZNTNGYZRTGBLICSTHGEIGDKXMNYVBIWOUSZXVGEVJDUEBLKILAAAIFKWCVBTZDQLJMQPDUX                         *\r\n* BIZD                                                                                                 *\r\n* GWADQKBHWGOIDUZFLWGMIUOUUEQCZYZGHMWZB                                                                *\r\n* JTPDNGCHAZXVQMTQALHFJLTYIXGHAQYADWNMXFGHSMEQFDHMNQMKRVGXZQVP                                         *\r\n* UHKBXSUZGSVFAMXGCTEQUUJENIIQPNHKQIYFUPHLNNHYQFRIIRWXQZFZXFOOJDKSLKOSORMNLTCGNLNIQZHYRJUQCYHOASBJCOM  *\r\n* QZTQEILWXYMLSGYKWMBCQYPQ                                                                             *\r\n* YNSRSEZZHRRFQTIXXTEMWWUURNQNKPSKDGFVSEFU                                                             *\r\n* MKOGEGSSESEKEOBSYZFOLPRZGCJNNESOKYJLGNNGXUFWNZYSECU                                                  *\r\n* ZFBXSOZBXEEZZQAFEPM                                                                                  *\r\n* MYQRJULHDRJLJNOEXMTRNLJSQGWXYTNOQKSAOKO                                                              *\r\n* CSYFVTPMCVHSWUWBPYBCYOIJDVVYVNPNYVOVNDXWQKVCLVRVORLQJLZOJOCZYQQOGUUBGANLAELNTFYHDZKEBZEMVALY         *\r\n* XXAU                                                                                                 *\r\n* WRBPPODZPEZMUEQUVYGMMHQHG                                                                            *\r\n* PPLDGLTNJGGOKVACJZNJG                                                                                *\r\n* IFBYTHTPAUJJZOOMXNTHUJOHOKLKY                                                                        *\r\n* UXYHHFBHSLTTGMEAWMNWBZPZMYRUKIWIRJZMKRHJLQVHNADCCNNYXBPVHZUINHXJOK                                   *\r\n* WMSPFFELLDI                                                                                          *\r\n* LVPRXVXLPUEFLWYVDSMTCYHPKXITSQERZNJNYQAORYNCHN                                                       *\r\n* IHIHSROINNZGZMETZPN                                                                                  *\r\n* XNKXNSYBEKFIXSZMKILAKEVZZ                                                                            *\r\n* ABNFOMUGHVWKUASNECIQJGNRIREMWSRLYERW                                                                 *\r\n* YWSOQLDQZNLHWASRIZUOVXWHHKPDKMQIWZGGPCTUJBIDTFZSZTQEXIS                                              *\r\n* ZLGGW                                                                                                *\r\n* F                                                                                                    *\r\n* XDLXTMBFGZETOTOCKWEQWLKNGFGEVNYJWVGPTCYMSKYYEYMGWEVZ                                                 *\r\n* OQLSYQOGXKTAVXTNYJIYRYMNMJHTAHQRZNHEVWULKGVZFXIBSTXVMBEPEXGPJVGPTBBHPORBOXNKDMIOAGAG                 *\r\n* VFYJRAXQFCPAFGDWALEBWHPNTMRPSPCUZGYWD                                                                *\r\n* XOULIUYJYGESZUWFNNPKPFIIYQZUBYHHTCOPHKYUPJOLKZPIYUSKGSJSGMNSVDIZYXZXGGYCPUVFRXXYARVHFXAASVIUXFZL     *\r\n* OMNAS                                                                                                *\r\n* RWQVLW                                                                                               *\r\n* AJOOSDHBTBWYE                                                                                        *\r\n* YDFJVKECKKXIQEKPCPDPUZFINVDZUKQCNQTSKLQMYY                                                           *\r\n* EQJNDQEZHUOPZXWVZGFHAUVUZKSEQYRRWABSDIZJQKIHYAUVOPQFTQYKVPNTYZJJDXTYVERQHVQPLOVZQWQAHLXGCRXOUGL      *\r\n* BZEBHVZJXZYXZIYHTOCBIIBRZMWEHDWAKZOLJURVWGCHNAGTTQUGEJJSYMBUYVCUDYNAT                                *\r\n* XZWGFBFTEZFDKRJPVAQVNWSXXAEIDOMGAGSUJXEHMEICOVKLL                                                    *\r\n* CMKXZAGZJEXXPPMZCEYOFYWIJIOQICPSXPMAWCHROKOZKPPSPPSGMWI                                              *\r\n* PBOQMPRHOEZZDLCAXG                                                                                   *\r\n* VJWYTTVASJJGAHHKUNRFYTHLFPPPENRJFWMUSDUWRPYXFYZSVAHMFBBCCLSEDFWFRAADUMSRTUNJUKFHQXTDFFDEVKSHKQSLSTFF *\r\n* VYIIQTLOSHRFLOGMTZMWWIJULGDBCQBFAJUYKUPMRPDCABZBMZYTSIBNOOXJQKMBGMFBTHBZKAFGEHTJGBPCSIMSHHKVW        *\r\n* VHDCWOWXIEXZISDVIGVOCP                                                                               *\r\n* JJYZMUMXFCFEXCCLENJSLFSZUPMYEAICGMUSXOJDVGRXDNFTGVQATWJDRYFXIOSFTCXKHJNQDFXENUWH                     *\r\n* SSIJHJKDRBZIMVHNMEAPVLWHZXNZEQWBYOPW                                                                 *\r\n* VLTMGQIOHRKPQAQWROHWBKKVLZAFXKXFLDRSHDO                                                              *\r\n* NTRFDJOPFFHAIZILAYBHPCQXTEEMJXONZMIISERCKLZRDXXLVGRIBGFKCUMYFBGHQTAVRASWGYWEDYUWH                    *\r\n* RCFGLSGXFXSSXJFRAJWCTUNVBDKBHDAQRMKDBKHIOUVUDNBNYLYKZEZXPKEIIFQBXCBLZCPQC                            *\r\n* NZZSSNBWCVFQRMMMORGYZJETXBMQOWWHHKRZYWRQHLCUWHLOYMNXJEODV                                            *\r\n* VRBLIFZXIGUNORAQRNGJWQQ                                                                              *\r\n* RBIYYDVOESBAPVDXVYYETLXWXTMAXMIEACTGXBZELGIWQZBVKJOYRLEGEMAEQUQSJWZMCWZUZUTMCAFYSRQNXKNPXMCKAU       *\r\n* QQQNUZOSOJTZXSSDDHBMZECUZIKOPTPTEGDWMNLYDYBEDLQWFJZDY                                                *\r\n* OLNVNLOZCUUAUQPVRPWCIACYQNSNJGUMUVS                                                                  *\r\n* IQZZKDWGKDQZHJRKHWAOJPFASBQWAIGZYYMAPWSEEVONXSGZOKFYUEITLZHJNZGCXQ                                   *\r\n********************************************************************************************************\r\n&quot;)" fullname="Open_Lab_04._14.Tests.TestWithRandom([&quot;BNCPCZTSSMFYDDMMYOGYYIFPYFQWWA&quot;, &quot;UMF&quot;, &quot;PHNJGRTAUKI&quot;, &quot;MAWNIYXITHMQWJXVRMLMXBWEKFZHFHLFQGDWANSWOXJHVWMXTXIIZWBLDRCDYQCLWHAPGBUETPXAROJOSCNHYCFUERSJKPXXUX&quot;, &quot;NWWQSDEOKYBUOIOKWDUNTBFLOILUERZGTDVRVLUEUOVV&quot;, ...],&quot;********************************************************************************************************\r\n* BNCPCZTSSMFYDDMMYOGYYIFPYFQWWA                                                                       *\r\n* UMF                                                                                                  *\r\n* PHNJGRTAUKI                                                                                          *\r\n* MAWNIYXITHMQWJXVRMLMXBWEKFZHFHLFQGDWANSWOXJHVWMXTXIIZWBLDRCDYQCLWHAPGBUETPXAROJOSCNHYCFUERSJKPXXUX   *\r\n* NWWQSDEOKYBUOIOKWDUNTBFLOILUERZGTDVRVLUEUOVV                                                         *\r\n* XEAVEBUZKRLQLC                                                                                       *\r\n* SJJSYVAKMXOKJQSFGJHREKYAQFGIMJAKJJLKEDXIW                                                            *\r\n* OYPQKIRMFHEKGIKJCSORYCWEBZFIADMZVLWAKZUXRAETGYDCZVAETFULCLPLDJLCUEPVMKZCYR                           *\r\n* YY                                                                                                   *\r\n* YCWCIECIGQQK                                                                                         *\r\n* YKJTHOCYBJIQPWYGCEVNZMMPBBGZMYZEBMASOXTKVEXSNLSIECDLVXZLXUSFHCMCKDODWGRFLLRUPUBPIYVKUNJEMOUUEN       *\r\n* TRUIKXPMYKYA                                                                                         *\r\n* GEWDSDXJHCHWUKQHLWAYIXDVMRSSLXZWNZYIRQCB                                                             *\r\n* TMPMLPNZEMNYBCIABRALFXJCLJVLHPVUZIOLNIABETHKLXLWPHQYBQKWCMAB                                         *\r\n* BRORTZTNWNSQYGLQZQNXYWZYWTIYSJBHZHDCSTSYSJSUYICKZGDVMEVFRPVZQUVNMKRRCJXGYOEPDF                       *\r\n* ORY                                                                                                  *\r\n* MGFUULYKCXTIXNEINQLHPIWXXZGBMPHIRVJHGPXFEYVIFGGBYWNXGRJDJHWUFWYNQKRBEXBXTFCQNOSRSFDPBJCZMFYZSCAHA    *\r\n* SUOFWBUPEAOSQVPFCZTJLGIRPYYCER                                                                       *\r\n* VQFVYDNIBUMFBLTPDKNZAOQ                                                                              *\r\n* MLWPXCSKMUTBKZQBOQROZAGGVJVSQRFHZJJMGYLYBBSHRREDTLLJWCWLEQTNHATVPMBBPEVQFTMXHZOEFRZEF                *\r\n* LXMYIPEXQBHXRFPCNPQVECPYDECPHQBOPTBEORVFLICLQKHIODDJOKRIINUDNPPAASHXELNWTKJVADISXTB                  *\r\n* MRAECSVBWSSWSBKXDJ                                                                                   *\r\n* CPHQDBVHEECGUOK                                                                                      *\r\n* JSCVLQMZBSMDYTLPNPYOFAWDHLRWULXIINBFAORMDHPLOSILTMSEPV                                               *\r\n* IVZNAZPEPUEULRGPZXMLXLLOPCFCITTTM                                                                    *\r\n* TJBBRNNDZQKXXUNXTGDKK                                                                                *\r\n* KKXYTNWWBLIFYWNXGZYUMVESELPKZMQCUWZRDSTAGCOZPRVQJVADLQKPFFTIXLXPVFLBXWUNFYOJGFCMPZADMMQE             *\r\n* JLYYLDUFZEJGUSNBMYNBBIACHSXKTDJOGPNLWPTVTDHBTG                                                       *\r\n* GNCZNDCKBKVRTFJMVVVZEFBFXESHXBZJBWRXRDVLDFMAAXAPKRLFXGRBLXCJKUMZLMQWOMURZKVYSBEZDCX                  *\r\n* PTLUFPLUBMAJSMPOHEBYWUGN                                                                             *\r\n* SJKSCFIXGKRAVQYBAQNKMGFMQSZBZJVNYKNGABYHR                                                            *\r\n* LCXNLNDWWDSDXLDYCKFHYXPECLDSAYSGSBUDOCGLYCNRV                                                        *\r\n* MBCCZOBKNOMTKAKKWXLMKWRAJZDUIVJXJHYBPYZEFHNFQVRGANFPGJKPKCTZKHBREPKDCJUYXHGDILJNI                    *\r\n* TVPURAXIRNFATYFWBBLOERSHRZCGHYSFRMNGBKYKFTSHSXNIYMKICTTCDICRXRBSUZJGKZUQCBIKZKOULTIUOKCXTLD          *\r\n* IGMORZNTNGYZRTGBLICSTHGEIGDKXMNYVBIWOUSZXVGEVJDUEBLKILAAAIFKWCVBTZDQLJMQPDUX                         *\r\n* BIZD                                                                                                 *\r\n* GWADQKBHWGOIDUZFLWGMIUOUUEQCZYZGHMWZB                                                                *\r\n* JTPDNGCHAZXVQMTQALHFJLTYIXGHAQYADWNMXFGHSMEQFDHMNQMKRVGXZQVP                                         *\r\n* UHKBXSUZGSVFAMXGCTEQUUJENIIQPNHKQIYFUPHLNNHYQFRIIRWXQZFZXFOOJDKSLKOSORMNLTCGNLNIQZHYRJUQCYHOASBJCOM  *\r\n* QZTQEILWXYMLSGYKWMBCQYPQ                                                                             *\r\n* YNSRSEZZHRRFQTIXXTEMWWUURNQNKPSKDGFVSEFU                                                             *\r\n* MKOGEGSSESEKEOBSYZFOLPRZGCJNNESOKYJLGNNGXUFWNZYSECU                                                  *\r\n* ZFBXSOZBXEEZZQAFEPM                                                                                  *\r\n* MYQRJULHDRJLJNOEXMTRNLJSQGWXYTNOQKSAOKO                                                              *\r\n* CSYFVTPMCVHSWUWBPYBCYOIJDVVYVNPNYVOVNDXWQKVCLVRVORLQJLZOJOCZYQQOGUUBGANLAELNTFYHDZKEBZEMVALY         *\r\n* XXAU                                                                                                 *\r\n* WRBPPODZPEZMUEQUVYGMMHQHG                                                                            *\r\n* PPLDGLTNJGGOKVACJZNJG                                                                                *\r\n* IFBYTHTPAUJJZOOMXNTHUJOHOKLKY                                                                        *\r\n* UXYHHFBHSLTTGMEAWMNWBZPZMYRUKIWIRJZMKRHJLQVHNADCCNNYXBPVHZUINHXJOK                                   *\r\n* WMSPFFELLDI                                                                                          *\r\n* LVPRXVXLPUEFLWYVDSMTCYHPKXITSQERZNJNYQAORYNCHN                                                       *\r\n* IHIHSROINNZGZMETZPN                                                                                  *\r\n* XNKXNSYBEKFIXSZMKILAKEVZZ                                                                            *\r\n* ABNFOMUGHVWKUASNECIQJGNRIREMWSRLYERW                                                                 *\r\n* YWSOQLDQZNLHWASRIZUOVXWHHKPDKMQIWZGGPCTUJBIDTFZSZTQEXIS                                              *\r\n* ZLGGW                                                                                                *\r\n* F                                                                                                    *\r\n* XDLXTMBFGZETOTOCKWEQWLKNGFGEVNYJWVGPTCYMSKYYEYMGWEVZ                                                 *\r\n* OQLSYQOGXKTAVXTNYJIYRYMNMJHTAHQRZNHEVWULKGVZFXIBSTXVMBEPEXGPJVGPTBBHPORBOXNKDMIOAGAG                 *\r\n* VFYJRAXQFCPAFGDWALEBWHPNTMRPSPCUZGYWD                                                                *\r\n* XOULIUYJYGESZUWFNNPKPFIIYQZUBYHHTCOPHKYUPJOLKZPIYUSKGSJSGMNSVDIZYXZXGGYCPUVFRXXYARVHFXAASVIUXFZL     *\r\n* OMNAS                                                                                                *\r\n* RWQVLW                                                                                               *\r\n* AJOOSDHBTBWYE                                                                                        *\r\n* YDFJVKECKKXIQEKPCPDPUZFINVDZUKQCNQTSKLQMYY                                                           *\r\n* EQJNDQEZHUOPZXWVZGFHAUVUZKSEQYRRWABSDIZJQKIHYAUVOPQFTQYKVPNTYZJJDXTYVERQHVQPLOVZQWQAHLXGCRXOUGL      *\r\n* BZEBHVZJXZYXZIYHTOCBIIBRZMWEHDWAKZOLJURVWGCHNAGTTQUGEJJSYMBUYVCUDYNAT                                *\r\n* XZWGFBFTEZFDKRJPVAQVNWSXXAEIDOMGAGSUJXEHMEICOVKLL                                                    *\r\n* CMKXZAGZJEXXPPMZCEYOFYWIJIOQICPSXPMAWCHROKOZKPPSPPSGMWI                                              *\r\n* PBOQMPRHOEZZDLCAXG                                                                                   *\r\n* VJWYTTVASJJGAHHKUNRFYTHLFPPPENRJFWMUSDUWRPYXFYZSVAHMFBBCCLSEDFWFRAADUMSRTUNJUKFHQXTDFFDEVKSHKQSLSTFF *\r\n* VYIIQTLOSHRFLOGMTZMWWIJULGDBCQBFAJUYKUPMRPDCABZBMZYTSIBNOOXJQKMBGMFBTHBZKAFGEHTJGBPCSIMSHHKVW        *\r\n* VHDCWOWXIEXZISDVIGVOCP                                                                               *\r\n* JJYZMUMXFCFEXCCLENJSLFSZUPMYEAICGMUSXOJDVGRXDNFTGVQATWJDRYFXIOSFTCXKHJNQDFXENUWH                     *\r\n* SSIJHJKDRBZIMVHNMEAPVLWHZXNZEQWBYOPW                                                                 *\r\n* VLTMGQIOHRKPQAQWROHWBKKVLZAFXKXFLDRSHDO                                                              *\r\n* NTRFDJOPFFHAIZILAYBHPCQXTEEMJXONZMIISERCKLZRDXXLVGRIBGFKCUMYFBGHQTAVRASWGYWEDYUWH                    *\r\n* RCFGLSGXFXSSXJFRAJWCTUNVBDKBHDAQRMKDBKHIOUVUDNBNYLYKZEZXPKEIIFQBXCBLZCPQC                            *\r\n* NZZSSNBWCVFQRMMMORGYZJETXBMQOWWHHKRZYWRQHLCUWHLOYMNXJEODV                                            *\r\n* VRBLIFZXIGUNORAQRNGJWQQ                                                                              *\r\n* RBIYYDVOESBAPVDXVYYETLXWXTMAXMIEACTGXBZELGIWQZBVKJOYRLEGEMAEQUQSJWZMCWZUZUTMCAFYSRQNXKNPXMCKAU       *\r\n* QQQNUZOSOJTZXSSDDHBMZECUZIKOPTPTEGDWMNLYDYBEDLQWFJZDY                                                *\r\n* OLNVNLOZCUUAUQPVRPWCIACYQNSNJGUMUVS                                                                  *\r\n* IQZZKDWGKDQZHJRKHWAOJPFASBQWAIGZYYMAPWSEEVONXSGZOKFYUEITLZHJNZGCXQ                                   *\r\n********************************************************************************************************\r\n&quot;)" methodname="TestWithRandom" classname="Open_Lab_04._14.Tests" runstate="Runnable" seed="1903118297" result="Passed" start-time="2021-12-27 14:18:10Z" end-time="2021-12-27 14:18:10Z" duration="0.029420" asserts="9138" />
            <test-case id="1013" name="TestWithRandom([&quot;WQUKDWJNBRCZURHQCHFUQTPPPJREPLQGRWCXP&quot;, &quot;VYUUSTWHOVSQZPLGTDBEVTFFYPBWIXOJAIMGAVAVTHVVLYMBUKDZWKYBTOWDSAZQHJQQCFGXDFLOXJT&quot;, &quot;DABXUPNPJLNLYXDSIFNCIVYPEFVQYKDJVXARYCWSVAGQRVZFCTGSWQQHBLSOTWRZHDQBXLTFJVHIOHXJGQOFEKNEGSQNJHYZIH&quot;, &quot;OFXIQZAJAJISTNJHDILUWQLUEVGWBWIZGYJD&quot;, &quot;HYFEBMVYZXZZZVQWMMYTDDVTEHDBILUDFZ&quot;],&quot;******************************************************************************************************\r\n* WQUKDWJNBRCZURHQCHFUQTPPPJREPLQGRWCXP                                                              *\r\n* VYUUSTWHOVSQZPLGTDBEVTFFYPBWIXOJAIMGAVAVTHVVLYMBUKDZWKYBTOWDSAZQHJQQCFGXDFLOXJT                    *\r\n* DABXUPNPJLNLYXDSIFNCIVYPEFVQYKDJVXARYCWSVAGQRVZFCTGSWQQHBLSOTWRZHDQBXLTFJVHIOHXJGQOFEKNEGSQNJHYZIH *\r\n* OFXIQZAJAJISTNJHDILUWQLUEVGWBWIZGYJD                                                               *\r\n* HYFEBMVYZXZZZVQWMMYTDDVTEHDBILUDFZ                                                                 *\r\n******************************************************************************************************\r\n&quot;)" fullname="Open_Lab_04._14.Tests.TestWithRandom([&quot;WQUKDWJNBRCZURHQCHFUQTPPPJREPLQGRWCXP&quot;, &quot;VYUUSTWHOVSQZPLGTDBEVTFFYPBWIXOJAIMGAVAVTHVVLYMBUKDZWKYBTOWDSAZQHJQQCFGXDFLOXJT&quot;, &quot;DABXUPNPJLNLYXDSIFNCIVYPEFVQYKDJVXARYCWSVAGQRVZFCTGSWQQHBLSOTWRZHDQBXLTFJVHIOHXJGQOFEKNEGSQNJHYZIH&quot;, &quot;OFXIQZAJAJISTNJHDILUWQLUEVGWBWIZGYJD&quot;, &quot;HYFEBMVYZXZZZVQWMMYTDDVTEHDBILUDFZ&quot;],&quot;******************************************************************************************************\r\n* WQUKDWJNBRCZURHQCHFUQTPPPJREPLQGRWCXP                                                              *\r\n* VYUUSTWHOVSQZPLGTDBEVTFFYPBWIXOJAIMGAVAVTHVVLYMBUKDZWKYBTOWDSAZQHJQQCFGXDFLOXJT                    *\r\n* DABXUPNPJLNLYXDSIFNCIVYPEFVQYKDJVXARYCWSVAGQRVZFCTGSWQQHBLSOTWRZHDQBXLTFJVHIOHXJGQOFEKNEGSQNJHYZIH *\r\n* OFXIQZAJAJISTNJHDILUWQLUEVGWBWIZGYJD                                                               *\r\n* HYFEBMVYZXZZZVQWMMYTDDVTEHDBILUDFZ                                                                 *\r\n******************************************************************************************************\r\n&quot;)" methodname="TestWithRandom" classname="Open_Lab_04._14.Tests" runstate="Runnable" seed="995494444" result="Passed" start-time="2021-12-27 14:18:10Z" end-time="2021-12-27 14:18:10Z" duration="0.005662" asserts="724" />
            <test-case id="1014" name="TestWithRandom([&quot;FQVDPWFXGWCBRCUMLJFECMATJTPNCWTAZGRWQVDG&quot;, &quot;XMHFCKGRISWTRHTQCTWHRUKDBBKLYWQFZFFZSNHJJWUDXHIYXFOBHZHCCEEAZUTMCQULCTXOMMXVAGFUSLNSHOYAYCWOJG&quot;, &quot;OCIBHMXWEHAOVBLCVYJHNGAENSUMAWJEGCISRFY&quot;, &quot;VPJLGACYMZAPAZWIBEOPSLWHYWISSTL&quot;, &quot;ABMYWPXMPVZAVTEHGARNRJPKTCNKRKGTOKPYMXLLGBZWLVLESBMSBXZRMCFUCMVFP&quot;, ...],&quot;********************************************************************************************************\r\n* FQVDPWFXGWCBRCUMLJFECMATJTPNCWTAZGRWQVDG                                                             *\r\n* XMHFCKGRISWTRHTQCTWHRUKDBBKLYWQFZFFZSNHJJWUDXHIYXFOBHZHCCEEAZUTMCQULCTXOMMXVAGFUSLNSHOYAYCWOJG       *\r\n* OCIBHMXWEHAOVBLCVYJHNGAENSUMAWJEGCISRFY                                                              *\r\n* VPJLGACYMZAPAZWIBEOPSLWHYWISSTL                                                                      *\r\n* ABMYWPXMPVZAVTEHGARNRJPKTCNKRKGTOKPYMXLLGBZWLVLESBMSBXZRMCFUCMVFP                                    *\r\n* LLDFUIOFGPJSYXQISQXORRK                                                                              *\r\n* MKSRJTFUHGJABMHDDWQJHTDHDUUFHBNUAFTJPXVNJOLSNQHFIUKVAAQSGLOOYANGSPZVTXOGADZTILTMNOWNQSUAOBDEIGO      *\r\n* BEAYRLMKFEUWAXJURBBKEAQZUZHSUKXTPQSD                                                                 *\r\n* VVCCLHLYXZQRIMHFEFAOAESDUQVGAHKFGJWFZHSTEBWAQ                                                        *\r\n* MXPOK                                                                                                *\r\n* RPLRDYIVLFXPPLKYQBFWMHKZHRNTEYRLWYNRYFCBZXHZDG                                                       *\r\n* EQNHOIOZKEMJLKORNOLTQXTALZEXPZLVAGIDQRCCIYD                                                          *\r\n* MVQRKGULSNUHWMWOERKLTQJEBLAWLIKRUGOPINMIEADMMBGDV                                                    *\r\n* YRORTVLLPZFYAJDCMPYGGREBGTNXSZFWAXKSDCNTDWXNCGATIJPQFOI                                              *\r\n* NNLAHOTPTJXDYLZJBECJTRYZTT                                                                           *\r\n* IKOQLODFPRNLODHTTIXVXKFOALYNVPLHOAKFFTLOUFJSOTNFLYFRWYRX                                             *\r\n* ZPZQQJAFGXOTCNAXJARB                                                                                 *\r\n* AHYTBXJUKQJMAGDLXDWIMHWZMJKETMXZWSYIBWPMQLVGFGCHWL                                                   *\r\n* XVSASKYGSMFAYSJQIHVJANJRBMPTGHDHIBZEDRGXCQXA                                                         *\r\n* KXNWPTZBBKJMAYGUFAKIXSWTFMQBXGKQIGROBXQNDGGRQ                                                        *\r\n* DTZCXPMROSBURDDYEUZSDUHRTIKXFRLFCNJXBUJVDRRYNHFMKEBMRXOIMIJOEPMXHVSDTF                               *\r\n* JLEOMCIDLCXMAPYNFYBKSLUQOFURRPCSEHRBMICFDEXMHCLHIIMFSVEYQOAHHQMWAEISXXBWWVGONIJMTMJJCXAJDT           *\r\n* YIVXMSALCTSKKGQIXOPLHENNUHCUDEZPEMCOAXUWMW                                                           *\r\n* SACYCMOCVNIDTUHCFQGIXUCFXEBIA                                                                        *\r\n* TYKXUNSJZIOCECVJITSUOFGOKYXWAYKFBATJSVZUKVQXTUQAKOVIPGFNRWNWQVIBYJADJLQNTYJSPJ                       *\r\n* PHXMLDBQVVFSWIDEPNPYKUNQYXIOQWMYIBYPSIWYWSEHDTUEQUTFZKKVTGOOUMZYJHKUKNLHQRBRPGNE                     *\r\n* DYVDGYXRCVMTID                                                                                       *\r\n* SFYWJZUCJMPIISFNTKKRODVCIMDHSYNHORYJHQVD                                                             *\r\n* WMQRQOYWHTJXMWOKVOWWMJLZHTRTWFCOGHRR                                                                 *\r\n* LRYEKKEDJBVJZMCYHWMA                                                                                 *\r\n* JWXFACRVREEXFKWYRCZGWXSVJXTAQYLFQOBVAZKINISXRMUBFAQUMUULEBVDIQESTY                                   *\r\n* RJBXSRQSNFUEWDSUPIQSWTPQZ                                                                            *\r\n* GAXDAESGCREDXC                                                                                       *\r\n* BGGKWYZPWPJCFKXUKYOLQVKFQLQAAQMKOWUMIGCEGKANQCNWFXTFIRFFWBTLIZPFCYNIPLLEVKEGUWPOYUVCW                *\r\n* BXROPHMRWHUVLROEGTMPJYNYLZMFNO                                                                       *\r\n* MJVWQQBVDREOWLZLXZ                                                                                   *\r\n* NBQHYDJTDQVGDHCIMPUXNFYIXEJQMLOOFTADWBXTGXXFIKAGUDNVDCFIDHJTTTGRCHBKHZMKSARQ                         *\r\n* SZNEDWJYSKDNRZOSDZNQGDBJPYURDC                                                                       *\r\n* LPAKIVOQWXTJ                                                                                         *\r\n* XWPZYROBDZBPYDOEBRVPHSYRPGWPJQTNTELTJVTLNBHQYVJRALVFXTPEYYKSUZRNGOVTRVVGYJBFLISUWEOXVNPZ             *\r\n* HUKLAQOKTJKZQZEQPHNSJTQGQVPKTSTZVDKBKVYTNVRYHUGEJHGGBHGNDEUEA                                        *\r\n* QBQLDMPDGTJUEO                                                                                       *\r\n* SYVPKAMM                                                                                             *\r\n* XNXWXFATSKEPIWQTPGAMXGDSLLGZPPCDPDNPPSGATPCUJLJBEWV                                                  *\r\n* MAQQKFKLYAECHBAFJAEXZZSHEIIZBFUSUHRPMWFJHUCSLZMILESERXVMHIMBWLKTGLIZJLSMVUQEXZVFW                    *\r\n* OXN                                                                                                  *\r\n* BWMFHDKDMWKIMARMYAMFIWHQOHNHFWWMGQKLNEDOCRHTTPNUNJCOLIHEPVQAQCY                                      *\r\n* ZXCWQGZTWXCRPNWZUSTVTIBYIGVSODYASRUWNREHKJRNFPPBYRFXICXRWDNKKGETZ                                    *\r\n* YYTALDOML                                                                                            *\r\n* QOSTRUTXXARQUCZJETXDEXNDRQIYFCIWRMAHLUTPN                                                            *\r\n* VYKIDQACYUPIGSAOBAMVRUSUYHBSYK                                                                       *\r\n* HPW                                                                                                  *\r\n* OSIMRXCD                                                                                             *\r\n* HJGHGWSTDSQAGQJWOIEOUHSJQMVSNUXORENPBULBRHDWGAICZQCOYOT                                              *\r\n* QWQUAZGIVBJCDUVUXDXMDVCPDTTWSJQCKNYEDQASBUBFRFZFVHRVRHWVUAQHFJQMKHSPVRRGCELJTXYYTOBKRUKCRDJCZTMREPUJ *\r\n* JJDQKTMVMBWCSNRIGUQXPYRHPHJSUEDCOLJEXTHBXHEBMAHFUJ                                                   *\r\n* VEMXLSWBDKUBIYUNGDMKMMOZIUPUPZDYKHHYCOYMASERDFWDSMACHYLJPMORCCMDGVQBQVKSEAJTIWWCYMBCYBQMVYIP         *\r\n* HKYGAKHPVMXBIXHORASQMSPAJEFFEFRMVSXQKMHMPNCZEAQDJXDXPZNOUYWWFCKPVKGPAQDETGBYPPVJOBWGBTWVFIVMQLGMCNE  *\r\n* TADSTZEJYOYECNIDGDOBNLKRVROIZOVCLBPNXDNCPNXQJRJCCDGYZCGIPMXBKVJKSWSAYUFCQLMZOU                       *\r\n* DHMFWHXDIVHYLGLSTEMXNYJEIXEINQGU                                                                     *\r\n* ETUXQNCVSKFRVTVETSVBXUFYIWYDOQROMDHNRUCQKBUODNMEIDTYKTXJNWPTOZHCSRESMINZPEQVZRUV                     *\r\n* UUKWTDTGYZUEJBLUSVMIURAPUIFCBJWBUJUEWFY                                                              *\r\n* KLOISUGCFBHVIMPCUVBLXRFOCTKZHGYNXYYIDRWABDWZCBTIUSKB                                                 *\r\n* NPSGZFZKHVZDTYJ                                                                                      *\r\n* GYCYBJUVFMBABFOWWJJJFCEMXQUHXWICJUOTIDCDUXBNDZIBGCGKO                                                *\r\n* ID                                                                                                   *\r\n* QALONXJDZQHQVNTGGOHBRIYISAUPYOJMKZSCROHASJEIBKLONDIMACDHCDWMDTFLHUGVVRPRGHIHDQH                      *\r\n* OFCUFXMHWKAOSUWYETAGEPTVNRFSUV                                                                       *\r\n* LWOYXQKFKIZZLQBZ                                                                                     *\r\n* LKDJPADZMGGORTMAGOSDWYHTOPYEPHFMSTHKRUVVKYLKDRS                                                      *\r\n* MZECJVPMCKVACZJEBUWYMCIMSWSXMXPWXJRQCDDWDUHHYVSLPHJJVTBJ                                             *\r\n* SJMCRZEUZCSHSBYRZVRVBOWEHIFOGBDIHAKTQULVCNZTAEWFKRVYJOPEMIVJTQNX                                     *\r\n* KZSQEAFJWSNPDECLZDPFFYTKGGIYCBMABUPEDOFRQONWCPJESYTNXRTMGHKYRGHUFMNJOYHKXXPQKWIRXEGEHZCJACXWEHZKH    *\r\n* QPBAPTQIPZCDCKZTBNZDMGJEJMALGPYFIRFTPXPMNYJCGWANWKGMKEGJFWQDSECZBXVLEGDEYN                           *\r\n* NXGXMLNOWJMUEKWNSGLTJWJBIBPJQGCNXOSMYZDRFPFQPCQAHSLXMTGRNFOLW                                        *\r\n* YPHYXQSJOTCTOTQT                                                                                     *\r\n* GKOBXVEBDHBYTKSVBRQIQFAIYERVSFNAUSIAHCBTDWUIQLUJ                                                     *\r\n* YMCAKVAKGDSEIIYUBDABRNYQXFTLRRMJILTSLAK                                                              *\r\n* IPAZIPUOWOPHUHSLOLCECPTPQJVWOFIASDTBMZIHKFOCBEPATIEZXGVSWLIYTXZQFOPQNQYODVUWAQNMUUDGBJDMI            *\r\n* FAQJOM                                                                                               *\r\n* YWMPYNCJPVCMYRFXWEYUSPWL                                                                             *\r\n* IMLXYUGHQC                                                                                           *\r\n* BWVHBWMNBAJKZDUEPSNIABMPAQLRBVEIOLWZIRSVDJJBYCLUDQROCTTZJGGKLUMFWBVNGUVYARFRR                        *\r\n********************************************************************************************************\r\n&quot;)" fullname="Open_Lab_04._14.Tests.TestWithRandom([&quot;FQVDPWFXGWCBRCUMLJFECMATJTPNCWTAZGRWQVDG&quot;, &quot;XMHFCKGRISWTRHTQCTWHRUKDBBKLYWQFZFFZSNHJJWUDXHIYXFOBHZHCCEEAZUTMCQULCTXOMMXVAGFUSLNSHOYAYCWOJG&quot;, &quot;OCIBHMXWEHAOVBLCVYJHNGAENSUMAWJEGCISRFY&quot;, &quot;VPJLGACYMZAPAZWIBEOPSLWHYWISSTL&quot;, &quot;ABMYWPXMPVZAVTEHGARNRJPKTCNKRKGTOKPYMXLLGBZWLVLESBMSBXZRMCFUCMVFP&quot;, ...],&quot;********************************************************************************************************\r\n* FQVDPWFXGWCBRCUMLJFECMATJTPNCWTAZGRWQVDG                                                             *\r\n* XMHFCKGRISWTRHTQCTWHRUKDBBKLYWQFZFFZSNHJJWUDXHIYXFOBHZHCCEEAZUTMCQULCTXOMMXVAGFUSLNSHOYAYCWOJG       *\r\n* OCIBHMXWEHAOVBLCVYJHNGAENSUMAWJEGCISRFY                                                              *\r\n* VPJLGACYMZAPAZWIBEOPSLWHYWISSTL                                                                      *\r\n* ABMYWPXMPVZAVTEHGARNRJPKTCNKRKGTOKPYMXLLGBZWLVLESBMSBXZRMCFUCMVFP                                    *\r\n* LLDFUIOFGPJSYXQISQXORRK                                                                              *\r\n* MKSRJTFUHGJABMHDDWQJHTDHDUUFHBNUAFTJPXVNJOLSNQHFIUKVAAQSGLOOYANGSPZVTXOGADZTILTMNOWNQSUAOBDEIGO      *\r\n* BEAYRLMKFEUWAXJURBBKEAQZUZHSUKXTPQSD                                                                 *\r\n* VVCCLHLYXZQRIMHFEFAOAESDUQVGAHKFGJWFZHSTEBWAQ                                                        *\r\n* MXPOK                                                                                                *\r\n* RPLRDYIVLFXPPLKYQBFWMHKZHRNTEYRLWYNRYFCBZXHZDG                                                       *\r\n* EQNHOIOZKEMJLKORNOLTQXTALZEXPZLVAGIDQRCCIYD                                                          *\r\n* MVQRKGULSNUHWMWOERKLTQJEBLAWLIKRUGOPINMIEADMMBGDV                                                    *\r\n* YRORTVLLPZFYAJDCMPYGGREBGTNXSZFWAXKSDCNTDWXNCGATIJPQFOI                                              *\r\n* NNLAHOTPTJXDYLZJBECJTRYZTT                                                                           *\r\n* IKOQLODFPRNLODHTTIXVXKFOALYNVPLHOAKFFTLOUFJSOTNFLYFRWYRX                                             *\r\n* ZPZQQJAFGXOTCNAXJARB                                                                                 *\r\n* AHYTBXJUKQJMAGDLXDWIMHWZMJKETMXZWSYIBWPMQLVGFGCHWL                                                   *\r\n* XVSASKYGSMFAYSJQIHVJANJRBMPTGHDHIBZEDRGXCQXA                                                         *\r\n* KXNWPTZBBKJMAYGUFAKIXSWTFMQBXGKQIGROBXQNDGGRQ                                                        *\r\n* DTZCXPMROSBURDDYEUZSDUHRTIKXFRLFCNJXBUJVDRRYNHFMKEBMRXOIMIJOEPMXHVSDTF                               *\r\n* JLEOMCIDLCXMAPYNFYBKSLUQOFURRPCSEHRBMICFDEXMHCLHIIMFSVEYQOAHHQMWAEISXXBWWVGONIJMTMJJCXAJDT           *\r\n* YIVXMSALCTSKKGQIXOPLHENNUHCUDEZPEMCOAXUWMW                                                           *\r\n* SACYCMOCVNIDTUHCFQGIXUCFXEBIA                                                                        *\r\n* TYKXUNSJZIOCECVJITSUOFGOKYXWAYKFBATJSVZUKVQXTUQAKOVIPGFNRWNWQVIBYJADJLQNTYJSPJ                       *\r\n* PHXMLDBQVVFSWIDEPNPYKUNQYXIOQWMYIBYPSIWYWSEHDTUEQUTFZKKVTGOOUMZYJHKUKNLHQRBRPGNE                     *\r\n* DYVDGYXRCVMTID                                                                                       *\r\n* SFYWJZUCJMPIISFNTKKRODVCIMDHSYNHORYJHQVD                                                             *\r\n* WMQRQOYWHTJXMWOKVOWWMJLZHTRTWFCOGHRR                                                                 *\r\n* LRYEKKEDJBVJZMCYHWMA                                                                                 *\r\n* JWXFACRVREEXFKWYRCZGWXSVJXTAQYLFQOBVAZKINISXRMUBFAQUMUULEBVDIQESTY                                   *\r\n* RJBXSRQSNFUEWDSUPIQSWTPQZ                                                                            *\r\n* GAXDAESGCREDXC                                                                                       *\r\n* BGGKWYZPWPJCFKXUKYOLQVKFQLQAAQMKOWUMIGCEGKANQCNWFXTFIRFFWBTLIZPFCYNIPLLEVKEGUWPOYUVCW                *\r\n* BXROPHMRWHUVLROEGTMPJYNYLZMFNO                                                                       *\r\n* MJVWQQBVDREOWLZLXZ                                                                                   *\r\n* NBQHYDJTDQVGDHCIMPUXNFYIXEJQMLOOFTADWBXTGXXFIKAGUDNVDCFIDHJTTTGRCHBKHZMKSARQ                         *\r\n* SZNEDWJYSKDNRZOSDZNQGDBJPYURDC                                                                       *\r\n* LPAKIVOQWXTJ                                                                                         *\r\n* XWPZYROBDZBPYDOEBRVPHSYRPGWPJQTNTELTJVTLNBHQYVJRALVFXTPEYYKSUZRNGOVTRVVGYJBFLISUWEOXVNPZ             *\r\n* HUKLAQOKTJKZQZEQPHNSJTQGQVPKTSTZVDKBKVYTNVRYHUGEJHGGBHGNDEUEA                                        *\r\n* QBQLDMPDGTJUEO                                                                                       *\r\n* SYVPKAMM                                                                                             *\r\n* XNXWXFATSKEPIWQTPGAMXGDSLLGZPPCDPDNPPSGATPCUJLJBEWV                                                  *\r\n* MAQQKFKLYAECHBAFJAEXZZSHEIIZBFUSUHRPMWFJHUCSLZMILESERXVMHIMBWLKTGLIZJLSMVUQEXZVFW                    *\r\n* OXN                                                                                                  *\r\n* BWMFHDKDMWKIMARMYAMFIWHQOHNHFWWMGQKLNEDOCRHTTPNUNJCOLIHEPVQAQCY                                      *\r\n* ZXCWQGZTWXCRPNWZUSTVTIBYIGVSODYASRUWNREHKJRNFPPBYRFXICXRWDNKKGETZ                                    *\r\n* YYTALDOML                                                                                            *\r\n* QOSTRUTXXARQUCZJETXDEXNDRQIYFCIWRMAHLUTPN                                                            *\r\n* VYKIDQACYUPIGSAOBAMVRUSUYHBSYK                                                                       *\r\n* HPW                                                                                                  *\r\n* OSIMRXCD                                                                                             *\r\n* HJGHGWSTDSQAGQJWOIEOUHSJQMVSNUXORENPBULBRHDWGAICZQCOYOT                                              *\r\n* QWQUAZGIVBJCDUVUXDXMDVCPDTTWSJQCKNYEDQASBUBFRFZFVHRVRHWVUAQHFJQMKHSPVRRGCELJTXYYTOBKRUKCRDJCZTMREPUJ *\r\n* JJDQKTMVMBWCSNRIGUQXPYRHPHJSUEDCOLJEXTHBXHEBMAHFUJ                                                   *\r\n* VEMXLSWBDKUBIYUNGDMKMMOZIUPUPZDYKHHYCOYMASERDFWDSMACHYLJPMORCCMDGVQBQVKSEAJTIWWCYMBCYBQMVYIP         *\r\n* HKYGAKHPVMXBIXHORASQMSPAJEFFEFRMVSXQKMHMPNCZEAQDJXDXPZNOUYWWFCKPVKGPAQDETGBYPPVJOBWGBTWVFIVMQLGMCNE  *\r\n* TADSTZEJYOYECNIDGDOBNLKRVROIZOVCLBPNXDNCPNXQJRJCCDGYZCGIPMXBKVJKSWSAYUFCQLMZOU                       *\r\n* DHMFWHXDIVHYLGLSTEMXNYJEIXEINQGU                                                                     *\r\n* ETUXQNCVSKFRVTVETSVBXUFYIWYDOQROMDHNRUCQKBUODNMEIDTYKTXJNWPTOZHCSRESMINZPEQVZRUV                     *\r\n* UUKWTDTGYZUEJBLUSVMIURAPUIFCBJWBUJUEWFY                                                              *\r\n* KLOISUGCFBHVIMPCUVBLXRFOCTKZHGYNXYYIDRWABDWZCBTIUSKB                                                 *\r\n* NPSGZFZKHVZDTYJ                                                                                      *\r\n* GYCYBJUVFMBABFOWWJJJFCEMXQUHXWICJUOTIDCDUXBNDZIBGCGKO                                                *\r\n* ID                                                                                                   *\r\n* QALONXJDZQHQVNTGGOHBRIYISAUPYOJMKZSCROHASJEIBKLONDIMACDHCDWMDTFLHUGVVRPRGHIHDQH                      *\r\n* OFCUFXMHWKAOSUWYETAGEPTVNRFSUV                                                                       *\r\n* LWOYXQKFKIZZLQBZ                                                                                     *\r\n* LKDJPADZMGGORTMAGOSDWYHTOPYEPHFMSTHKRUVVKYLKDRS                                                      *\r\n* MZECJVPMCKVACZJEBUWYMCIMSWSXMXPWXJRQCDDWDUHHYVSLPHJJVTBJ                                             *\r\n* SJMCRZEUZCSHSBYRZVRVBOWEHIFOGBDIHAKTQULVCNZTAEWFKRVYJOPEMIVJTQNX                                     *\r\n* KZSQEAFJWSNPDECLZDPFFYTKGGIYCBMABUPEDOFRQONWCPJESYTNXRTMGHKYRGHUFMNJOYHKXXPQKWIRXEGEHZCJACXWEHZKH    *\r\n* QPBAPTQIPZCDCKZTBNZDMGJEJMALGPYFIRFTPXPMNYJCGWANWKGMKEGJFWQDSECZBXVLEGDEYN                           *\r\n* NXGXMLNOWJMUEKWNSGLTJWJBIBPJQGCNXOSMYZDRFPFQPCQAHSLXMTGRNFOLW                                        *\r\n* YPHYXQSJOTCTOTQT                                                                                     *\r\n* GKOBXVEBDHBYTKSVBRQIQFAIYERVSFNAUSIAHCBTDWUIQLUJ                                                     *\r\n* YMCAKVAKGDSEIIYUBDABRNYQXFTLRRMJILTSLAK                                                              *\r\n* IPAZIPUOWOPHUHSLOLCECPTPQJVWOFIASDTBMZIHKFOCBEPATIEZXGVSWLIYTXZQFOPQNQYODVUWAQNMUUDGBJDMI            *\r\n* FAQJOM                                                                                               *\r\n* YWMPYNCJPVCMYRFXWEYUSPWL                                                                             *\r\n* IMLXYUGHQC                                                                                           *\r\n* BWVHBWMNBAJKZDUEPSNIABMPAQLRBVEIOLWZIRSVDJJBYCLUDQROCTTZJGGKLUMFWBVNGUVYARFRR                        *\r\n********************************************************************************************************\r\n&quot;)" methodname="TestWithRandom" classname="Open_Lab_04._14.Tests" runstate="Runnable" seed="1724729088" result="Passed" start-time="2021-12-27 14:18:10Z" end-time="2021-12-27 14:18:10Z" duration="0.021478" asserts="8928" />
            <test-case id="1015" name="TestWithRandom([&quot;YFQNLEPFUSXPCKHKIWDFWGXOIUSOLOCHYPIFUGBBGWBVJETOSGWUNFURHCEQLAUGQPR&quot;, &quot;BCQBVCZAFCEDAEWERHUTUQXRBKPFCVFUNFMQQVYLGULFXBPHEPOI&quot;, &quot;YSLEYZLMTXKWKQUSGNWJIMAERTAUIBMGWZPNBLRVNYNWBINKUPYCSZLLSGMFYQERLEZKBHRUVAVKZDDI&quot;, &quot;QZTCKOXNDUUYMWWUVLXJCJNY&quot;, &quot;GRDBMODDZIQLPAPC&quot;, ...],&quot;***************************************************************************************************\r\n* YFQNLEPFUSXPCKHKIWDFWGXOIUSOLOCHYPIFUGBBGWBVJETOSGWUNFURHCEQLAUGQPR                             *\r\n* BCQBVCZAFCEDAEWERHUTUQXRBKPFCVFUNFMQQVYLGULFXBPHEPOI                                            *\r\n* YSLEYZLMTXKWKQUSGNWJIMAERTAUIBMGWZPNBLRVNYNWBINKUPYCSZLLSGMFYQERLEZKBHRUVAVKZDDI                *\r\n* QZTCKOXNDUUYMWWUVLXJCJNY                                                                        *\r\n* GRDBMODDZIQLPAPC                                                                                *\r\n* XNWVJDYPESGZDGMUYDWUMRFRVNOFJGKHGGLZBIWOELHWWDVCEQQXTHKGHEAWPSGYHYTWUMTQHIQAJIURRLBTQNNY        *\r\n* FSXIAYLFJPXKYHRXZPLRJWYJIEDRNIULUBPUVHGJEVATWGSEKWQXCGMITNZVVUSAVMQXSWBRJCNOWFNCMZGRS           *\r\n* INOGBIIKOKDZYJQULNUYOATYMNAXJVNAIYECJMUSJYOCKXHDLRNTWTIITQUOIKBSXCQZFNLZSCPPMQNOGWLRITE         *\r\n* QVJSRGJYWVFIGHXYGOATESWCCFILZKJDXBIKESHMSQSQLFIYZNKTTKKYZGQ                                     *\r\n* YXZMMCKEZNUOGNBNZFRWWJMLZPJNQKKXBVOVRFEJVDZMTWN                                                 *\r\n* JWYTOTPOLNNWSXOPCWMKZGW                                                                         *\r\n* BIBSKZSCCDDTLQJIGZJDSIQXPJJWKCGDAESGRWELULTOTUDMNDEAWTBTRDDAQVRZXZTGYCQKVYIGO                   *\r\n* DVGWJGY                                                                                         *\r\n* HGDYONTDUYTTRTAWOKNUFY                                                                          *\r\n* VEQZHUTLKBSSMDZOCQRDJMUKJUJIZTEAIWHTYNLJBN                                                      *\r\n* SZBNTOVKDNVAIKFPNLKMRXRKQVFQOFICWDC                                                             *\r\n* IGPTEJAMNVZJSXYYQARUHQXXJFVYETEEHTHGVQIIWFWVW                                                   *\r\n* XQGKLVLIERJSKZNCHUQUCYQRCZSJXCUBBNHERUHISZPPXDGIUUXCEBTZAPHMDCKCXIQXSIKNNIBDJBUZSJPDE           *\r\n* WATHECMVFQONRPMJQLJJPWAQQYUHTTNHXFLQDKEIASDKOVJFNJSDTUDZZDRFHFBLDHQMDWG                         *\r\n* HAJWTPBUOPUJAJOCBLQZSYBVQR                                                                      *\r\n* HFXCQDMWSLGGKBWRRKRLTSNKRGGN                                                                    *\r\n* ZOGBIUORNEGONVQVFFXWHKLYFNORMKKXYNT                                                             *\r\n* ZECHHZDGLXFXWPMAIRBOCIVUFXFCTJPACTVADQOIGFMIHRVXYKOHLEURJIBKTBMCIFUDTLWSDTIXVNMOCIEJUIPXYER     *\r\n* ODOFSKACXREMNWDSWWWVVNILXDHZPWEOUBDAECFKMJQKDRVYEWBCHVZAUCIPCAMANPRLSDNTRLJLXYIFHJ              *\r\n* TUCHZBCFCUQHMXQWOZKFBJHKVMODWUCHTFTFLISJPXLZBDWOGBTGWETKMRLNNZJHRIOGDKLFHAPEYIJSP               *\r\n* W                                                                                               *\r\n* AWKPMJSTXFWQNDHSPQKWPOZWOOLDHSXNCPHVXZTURRIBEZQUBRCYPAEMXOAXXOMEHJNYVLUPXQEXFXSP                *\r\n* RCQQZXCKUYJYVWCFDUVLRYQWNBYVGGZWLZGMWOHLLOANLRCTBSBCXEGSLTDYZGDOYNNVQQJPMJZDXCKVYEUOEXZHTNACLJ  *\r\n* FLMPYDGDLIMPNEDUJJHZUMOJANFCCPHEDYTSLNLRSBIFSH                                                  *\r\n* CQTRSEJRTWCOKYDAVBHMPLKJVXPGTDJRTCDMJYOATGAWIY                                                  *\r\n* TOAMD                                                                                           *\r\n* UWQFJVVOCYPMKUIURRXMHSILOAWWVSTQFHYFMGZC                                                        *\r\n* LQIKJYDSZXIORCBNFQJYZTKEZHDWCHKRVTWCAAFCSDVUKBOEWRGQQDURFDLBUHPRNQTXGZNELHF                     *\r\n* XQUXTYZLAUBSZEWWPDHLNDHTIQYWDCEIXYUPINIWIERSOBYCDQPHZUITIAPCACHYPTUAKGNCULDIMOFGRVTMN           *\r\n* JDPAGIYGVFXSDVHYSWDMMORZHUVIKEIULSJRKJAFEOPXLTLJZTDXJAKVLQSMMPVQWDHLLPNIWXIXYTONJLIQALKLHO      *\r\n* URNSOTZBHMZXJGVBMSMX                                                                            *\r\n* BEDBGEQLSWDXKTQIFTEZSGBJOYKFKYSVRMTMJRHPIPPPVAZNESGYIXZUCUMITKBUDIFXZEY                         *\r\n* LPQCRMNNZXARRUMTNYJPEZVXOVMMVBNAUSNSHXDQGZIVKKCJVLKBUI                                          *\r\n* LTSNWZBSYKAWZHUMPVTJFRZNESDQJQMFLJBYP                                                           *\r\n* GQFGJLJNDCBZVFBZEUUEIDWKJIXULPFVWGPCE                                                           *\r\n* INDRPAOJVHDMEHEKACUUXBNOCNWGDOQZUFMGBROVVANQRYLYQLFMIJBGZOPBEIGGQESZVXJJOYZXOXXDCXQRJDRKEFHMCNR *\r\n* TGZMGLDSCWYJJESCQLZGROWMNHUPQXGAGMDHXLXQUXONFHAZMEV                                             *\r\n* OLVFJMZYRNCEPXDXBLEFNILUAJHFGUDLCPMVQYXKLYZHVJXIEDYBZPDFZBEZFTSWJQ                              *\r\n* ZKIGDNUTOJE                                                                                     *\r\n***************************************************************************************************\r\n&quot;)" fullname="Open_Lab_04._14.Tests.TestWithRandom([&quot;YFQNLEPFUSXPCKHKIWDFWGXOIUSOLOCHYPIFUGBBGWBVJETOSGWUNFURHCEQLAUGQPR&quot;, &quot;BCQBVCZAFCEDAEWERHUTUQXRBKPFCVFUNFMQQVYLGULFXBPHEPOI&quot;, &quot;YSLEYZLMTXKWKQUSGNWJIMAERTAUIBMGWZPNBLRVNYNWBINKUPYCSZLLSGMFYQERLEZKBHRUVAVKZDDI&quot;, &quot;QZTCKOXNDUUYMWWUVLXJCJNY&quot;, &quot;GRDBMODDZIQLPAPC&quot;, ...],&quot;***************************************************************************************************\r\n* YFQNLEPFUSXPCKHKIWDFWGXOIUSOLOCHYPIFUGBBGWBVJETOSGWUNFURHCEQLAUGQPR                             *\r\n* BCQBVCZAFCEDAEWERHUTUQXRBKPFCVFUNFMQQVYLGULFXBPHEPOI                                            *\r\n* YSLEYZLMTXKWKQUSGNWJIMAERTAUIBMGWZPNBLRVNYNWBINKUPYCSZLLSGMFYQERLEZKBHRUVAVKZDDI                *\r\n* QZTCKOXNDUUYMWWUVLXJCJNY                                                                        *\r\n* GRDBMODDZIQLPAPC                                                                                *\r\n* XNWVJDYPESGZDGMUYDWUMRFRVNOFJGKHGGLZBIWOELHWWDVCEQQXTHKGHEAWPSGYHYTWUMTQHIQAJIURRLBTQNNY        *\r\n* FSXIAYLFJPXKYHRXZPLRJWYJIEDRNIULUBPUVHGJEVATWGSEKWQXCGMITNZVVUSAVMQXSWBRJCNOWFNCMZGRS           *\r\n* INOGBIIKOKDZYJQULNUYOATYMNAXJVNAIYECJMUSJYOCKXHDLRNTWTIITQUOIKBSXCQZFNLZSCPPMQNOGWLRITE         *\r\n* QVJSRGJYWVFIGHXYGOATESWCCFILZKJDXBIKESHMSQSQLFIYZNKTTKKYZGQ                                     *\r\n* YXZMMCKEZNUOGNBNZFRWWJMLZPJNQKKXBVOVRFEJVDZMTWN                                                 *\r\n* JWYTOTPOLNNWSXOPCWMKZGW                                                                         *\r\n* BIBSKZSCCDDTLQJIGZJDSIQXPJJWKCGDAESGRWELULTOTUDMNDEAWTBTRDDAQVRZXZTGYCQKVYIGO                   *\r\n* DVGWJGY                                                                                         *\r\n* HGDYONTDUYTTRTAWOKNUFY                                                                          *\r\n* VEQZHUTLKBSSMDZOCQRDJMUKJUJIZTEAIWHTYNLJBN                                                      *\r\n* SZBNTOVKDNVAIKFPNLKMRXRKQVFQOFICWDC                                                             *\r\n* IGPTEJAMNVZJSXYYQARUHQXXJFVYETEEHTHGVQIIWFWVW                                                   *\r\n* XQGKLVLIERJSKZNCHUQUCYQRCZSJXCUBBNHERUHISZPPXDGIUUXCEBTZAPHMDCKCXIQXSIKNNIBDJBUZSJPDE           *\r\n* WATHECMVFQONRPMJQLJJPWAQQYUHTTNHXFLQDKEIASDKOVJFNJSDTUDZZDRFHFBLDHQMDWG                         *\r\n* HAJWTPBUOPUJAJOCBLQZSYBVQR                                                                      *\r\n* HFXCQDMWSLGGKBWRRKRLTSNKRGGN                                                                    *\r\n* ZOGBIUORNEGONVQVFFXWHKLYFNORMKKXYNT                                                             *\r\n* ZECHHZDGLXFXWPMAIRBOCIVUFXFCTJPACTVADQOIGFMIHRVXYKOHLEURJIBKTBMCIFUDTLWSDTIXVNMOCIEJUIPXYER     *\r\n* ODOFSKACXREMNWDSWWWVVNILXDHZPWEOUBDAECFKMJQKDRVYEWBCHVZAUCIPCAMANPRLSDNTRLJLXYIFHJ              *\r\n* TUCHZBCFCUQHMXQWOZKFBJHKVMODWUCHTFTFLISJPXLZBDWOGBTGWETKMRLNNZJHRIOGDKLFHAPEYIJSP               *\r\n* W                                                                                               *\r\n* AWKPMJSTXFWQNDHSPQKWPOZWOOLDHSXNCPHVXZTURRIBEZQUBRCYPAEMXOAXXOMEHJNYVLUPXQEXFXSP                *\r\n* RCQQZXCKUYJYVWCFDUVLRYQWNBYVGGZWLZGMWOHLLOANLRCTBSBCXEGSLTDYZGDOYNNVQQJPMJZDXCKVYEUOEXZHTNACLJ  *\r\n* FLMPYDGDLIMPNEDUJJHZUMOJANFCCPHEDYTSLNLRSBIFSH                                                  *\r\n* CQTRSEJRTWCOKYDAVBHMPLKJVXPGTDJRTCDMJYOATGAWIY                                                  *\r\n* TOAMD                                                                                           *\r\n* UWQFJVVOCYPMKUIURRXMHSILOAWWVSTQFHYFMGZC                                                        *\r\n* LQIKJYDSZXIORCBNFQJYZTKEZHDWCHKRVTWCAAFCSDVUKBOEWRGQQDURFDLBUHPRNQTXGZNELHF                     *\r\n* XQUXTYZLAUBSZEWWPDHLNDHTIQYWDCEIXYUPINIWIERSOBYCDQPHZUITIAPCACHYPTUAKGNCULDIMOFGRVTMN           *\r\n* JDPAGIYGVFXSDVHYSWDMMORZHUVIKEIULSJRKJAFEOPXLTLJZTDXJAKVLQSMMPVQWDHLLPNIWXIXYTONJLIQALKLHO      *\r\n* URNSOTZBHMZXJGVBMSMX                                                                            *\r\n* BEDBGEQLSWDXKTQIFTEZSGBJOYKFKYSVRMTMJRHPIPPPVAZNESGYIXZUCUMITKBUDIFXZEY                         *\r\n* LPQCRMNNZXARRUMTNYJPEZVXOVMMVBNAUSNSHXDQGZIVKKCJVLKBUI                                          *\r\n* LTSNWZBSYKAWZHUMPVTJFRZNESDQJQMFLJBYP                                                           *\r\n* GQFGJLJNDCBZVFBZEUUEIDWKJIXULPFVWGPCE                                                           *\r\n* INDRPAOJVHDMEHEKACUUXBNOCNWGDOQZUFMGBROVVANQRYLYQLFMIJBGZOPBEIGGQESZVXJJOYZXOXXDCXQRJDRKEFHMCNR *\r\n* TGZMGLDSCWYJJESCQLZGROWMNHUPQXGAGMDHXLXQUXONFHAZMEV                                             *\r\n* OLVFJMZYRNCEPXDXBLEFNILUAJHFGUDLCPMVQYXKLYZHVJXIEDYBZPDFZBEZFTSWJQ                              *\r\n* ZKIGDNUTOJE                                                                                     *\r\n***************************************************************************************************\r\n&quot;)" methodname="TestWithRandom" classname="Open_Lab_04._14.Tests" runstate="Runnable" seed="1249107723" result="Passed" start-time="2021-12-27 14:18:10Z" end-time="2021-12-27 14:18:10Z" duration="0.014221" asserts="4603" />
            <test-case id="1016" name="TestWithRandom([&quot;MYBDWCLMMHVPTXESGDXEHYYVWVNFVOVVCONHSPZHEQMCMRKPPBIGGUINZFGBOG&quot;, &quot;XLAMEKXAQDPZQLVJFLXPUGPOIFAHMJYSYZPQLEFFSBRCQURCEWBQRQWQVLEYJPNH&quot;, &quot;WBRWEXAFRXSOMXNOXDQH&quot;, &quot;BHDYUZZHVDNJXTSAGZYALZTDCJNQKMMX&quot;, &quot;W&quot;, ...],&quot;********************************************************************************************************\r\n* MYBDWCLMMHVPTXESGDXEHYYVWVNFVOVVCONHSPZHEQMCMRKPPBIGGUINZFGBOG                                       *\r\n* XLAMEKXAQDPZQLVJFLXPUGPOIFAHMJYSYZPQLEFFSBRCQURCEWBQRQWQVLEYJPNH                                     *\r\n* WBRWEXAFRXSOMXNOXDQH                                                                                 *\r\n* BHDYUZZHVDNJXTSAGZYALZTDCJNQKMMX                                                                     *\r\n* W                                                                                                    *\r\n* TNXKYAXVUFEPEVNRESGXCOZWLLJXJQPJAYZMIPAANDZYXTJVWUHFTZSFNBYMRZLDPVOFVAJPSGJZPBZRC                    *\r\n* APJKQBGTYHQNINRVICFEZVLSNNQTPMBGJEZWUFENZCBBYEXVHTTX                                                 *\r\n* YNEEQWDKNEMFKDEOVBDXSEXTJUJPULWTEULQURDIBCMXPVN                                                      *\r\n* SH                                                                                                   *\r\n* RPZTTPKUVNNQBHTBQSOUDYVVQSZENGJXMZEDEASAJWHUOL                                                       *\r\n* PVUXIDNHTTEDAQGHPEPEBDPXPZOKHQAHEHJJTJATZRL                                                          *\r\n* AXRKDPSQYHJMFWHIPCACTWYTGXNFDVEJRFXRIDH                                                              *\r\n* XKIXXXDWBSEWRIRDZYEGCNMCCAUZZPAMUJEINAVITQDKRISIOTSJZBPKXGUXCDXLSRBIE                                *\r\n* PYDVMMJCKUHLKGXQNTTTLHFXGPTRSZGKE                                                                    *\r\n* ETFDODBVVAPQSQOBEIOKXHTGPW                                                                           *\r\n* RJLOXHEBDKJEQSPMFHPWCDRUXVTJWAZORKJLKMRJOPLQVDXSHVNYZAQOSQQCNUFCKVMGIECSPG                           *\r\n* NSAZTXBCBMBORTVTUWPVTJIFZRRJCTVI                                                                     *\r\n* RDWRQWELSEQJHUNNKIWAKODKVZCFSZHRSVZPYBDAKKAFSVSWEVSLYIIDAMWQTYSTWYRLVXPJEW                           *\r\n* ANYRZGFBXHWTKNWPMFMGLRHITEHBGGIGBSHPCUXKNXVMZFHYYICERQDJFPYU                                         *\r\n* EURYQRRFGNSHCSOWVJOXICYDEPLPYJMWDKJDDOJNPTSVKWPXPNKGJWQBVOTBFBHWAVERJKSGAAHPKCSIAOZKZGMGTIHPVIIOLV   *\r\n* PSXOEVDFIOBQSVKBRCWXTIXXBDCLRSTDOHDQCAUPVAESSROUKHRLOYBGUZNBSRNQUXBLRUYRHHCTEFFJP                    *\r\n* BKAHOQGXVDMTXDMNXUPDCPIAEHWHBPTD                                                                     *\r\n* KPDPMILEUZUENJYGQHLUMFMCADHUZVGJJHMNJYLLDYIQNW                                                       *\r\n* XXALHIIZFDAPJBRFYSLUFXKXSWZQNXWOEMJWYJYBBIHKIJBKMTJXCBLANDTLIRMHG                                    *\r\n* KWSUGPTJTXPAOIUPETNYMCBIJUQNSJVZDXYFRRMUESINLN                                                       *\r\n* KQTNTUIZHUJLMYGQJCPWRKPXMGTUTUOXWFFWZWCFVXQKHGAVXCYLVQXABV                                           *\r\n* MBNG                                                                                                 *\r\n* GMPGTKQNZKATTEQFGXWQWCBFIEUEVQDHQDDURUCNLKLLQDHXEVG                                                  *\r\n* QPQEKJYOPMSJGSCP                                                                                     *\r\n* VOLUJ                                                                                                *\r\n* MRQPEXXZZJARBNZKHWOXZ                                                                                *\r\n* BEXARVJHUIHKEMUUTQSMSZGBBCBLGPGLGUPMRDFBQSPRJRJMPNCXFMYCYWZPUYAEBVDJX                                *\r\n* DQLQWAJPRKSPVTNJFTVNOVEQHSRLPONZ                                                                     *\r\n* HJLMPQYSIEPWECHQSPKNKTILUIDIYADWTANJBXQDXUFQPTCPJUWYDMENBZ                                           *\r\n* GMPTIBSDEOXOUYGQPORWBGNYDDETGVAIBGKQHBWOWPXBMGCAWVOZJDPAYRQFXZWIOPN                                  *\r\n* OQJORCZLIMMXAEWLHAYYQKSPLRRXTPMWSOLGLZHHDESLESETCLBNRO                                               *\r\n* EXTDZLCSSZQEMSQZHTQVMRGLSNYVINYEERHIRWHWBMZLNNRALLUUATLMRIKMNHJFALAVLIHKLUUZSUXEVXJXTEDLGU           *\r\n* JLVITCTKCNWPDDJJFZLTXKGQQXMLWHOPQRYZPLAWYJVRZHFTKVYLUBTZFFSWPIOUY                                    *\r\n* ZMEJTTZOUNOORJRSABJDUOXYTKTDG                                                                        *\r\n* UBSRHTOABEMFGFKQNJEXHNKVMLOGQJAVHESNWZBXDAZFQPHSOCWJZJIHQWFWFIK                                      *\r\n* DRXCMWUOIGTHNEFXDVRNMRVYVLWZUFSUPGBYRFFRIIBSQBTLRHSJRWGMWZHBAUTCOYRGDGGY                             *\r\n* ZFDPCHURKHNMIDTAPCSYERNPYERKNIKBUTRRCXTRNJPMGQFUYGNENZLHROQYPJE                                      *\r\n* XLRPLBXS                                                                                             *\r\n* ALUCAIIZXMGVGNUHJZOGUBDFNPUYQIWIVVNO                                                                 *\r\n* FRFHYSXXGRYWHBCJLOZHOOKNKJOPXZKAGPEIIZWIFIGYWBIHTYKHOGDQGSXPEHZHGXQS                                 *\r\n* UBMSQCGIMRIBHWYODLZMNBQBGEXIYRYKQJZXYOYEWITAOOXLASCMRFJSLKLMEYJVSXLXWBQONUQFHPMSHLHGOMTKZHL          *\r\n* DLZYYYIRDZPZBOYWOEKWXSFTQDHFEAXPPDLBVSGJGVPHWIEAOWVVW                                                *\r\n* QKGGHVRCMCBAJYDWBWXBPBDXWIYGRIECTANAVPKKSDJMGWYFWRVZYUZOHJJ                                          *\r\n* XKLEYZGILDBLLMJLSQRAJSJANEDYBYSLFMNHSFNGPPUTQJNLLNWQRIOEALQTVIHNKPFZZBTMCKLTYQJERSMNCBTXXIHHOUL      *\r\n* IHJADNMKUJNHXUGKBMCDVUKJVI                                                                           *\r\n* QTLYIYEL                                                                                             *\r\n* GJBDFCSTNMZCCWGBRILNWZEULWQIKFISIODRLZXTBRVJIZNWFWRQTYVHFGRJLKIIDHTO                                 *\r\n* OQSKRMEEVLMITDONSZKTWMEHOHRJNFBFZDQGYFBLQCKVEASGUULIIUWCLKWKUVQPJGJQNHOMXZC                          *\r\n* CJCNOKOSTTWEGNUNJRQVLULYRCTMFZKJRDACIJVJGYVQJEJZNBDGIHHHXEWMRCMUINNDNRFZVGON                         *\r\n* VONSTZEWEBJVSFDNISELBHWQGMVVDKBTUJCQIUYCHXELDHUMBMMOKBWNRWLGDJSTAQBJDNEOTBEEDLNZSJUQXMJSMOZMISZ      *\r\n* FKKNFKIOIYVIXSKFJMOTPCWOHJWOOSFBBFYTAZTHAFHYQAVUETCWDGJCOWGWNUZQTUHRTQEJTHSJUXXHOCJUPIXVWWFETWT      *\r\n* FRFWSDANOTCWNAIQZYIKLFAKW                                                                            *\r\n* VXLAPXNMDCSAOKCVFWGBHVOOFVNIVARUZGHDCOEFJBWFYY                                                       *\r\n* YIPZEEVDZJXVUKEQDLXBHDZTRRASGZIQGKPAGBMPE                                                            *\r\n* HUFSJVEKTTAX                                                                                         *\r\n* UIVHMDDXAAGOJ                                                                                        *\r\n* EKCYIWEVFOZHFNVFOPJHURKTZLBFHTYDAAZARURAYYDHIEYPCULQECANAIZWVYOLPVHFOVOTXJIVNCLVN                    *\r\n* DMIHYXZMZIVVEAKSSMWSBGGRTVUEZYXEJJVCDIXKFCVFY                                                        *\r\n* EILVKYYUKW                                                                                           *\r\n* QODDUMALRMUEHPJPMMZKBTQ                                                                              *\r\n* MTEOYGOZZWMTTHLPUTGQJEDFAJLILLEXXMRBIMNLYVELDQVFBJPHNAHIPYNOUFONSO                                   *\r\n* HQJHIGUROZSCKOGGBVWKXEILJYYRSHQTOUOOSCHBSITIWWDANZMSVEYCHXXJHDZHIZOQZROZNVSPLAONVXDSU                *\r\n* XJVLHUEYTOIMAXHNAWLMEZMJRHIKOKZGMJBEUOKTVPCDGYZRFHXHHHUYWMTALTKJOCZRVCTMLRROXJCSHREGNSYEPDHHUKI      *\r\n* FTODYI                                                                                               *\r\n* COKVQPFBNJBSUODVWDVBRULRBIQJDUZTZVCRCWIOJCUXTSOMBXSZDGEHCTUHZWXSKHSYMLTZVGRPAOXJUDHGCZ               *\r\n* TQUPICBPNFBMLZPZQESEXOPHOVLMVPQQLRZISWKXUQEJZBLJFDRCKUSEBMBMQO                                       *\r\n* YOLBUAHHTTUKGKFIMJCHRYOGQZVGFVYGFWFVNARIXWXJPKLTWEPCOGCAZEKUFACYUNEKEKULSTJVAF                       *\r\n* FNBKAFVSYUFVIPWDWTYOBGBOLKDKVWGZUNFHDQBSZVFPYOLVVPNBCRPYMNYQCKWBNG                                   *\r\n* UKPAG                                                                                                *\r\n* FOFBLPXYIPFJFWCYGVQRKQPYDCSNQLFPGJWCKXAXBSTURSIJYWEUJOHOZGXJXJHXKQDVAAN                              *\r\n* USQSWUHLTIPTGLFSCHDDZRZRKWKAOMJYJV                                                                   *\r\n* RXOSEZMPPUOQZKKTSWKIDSYIZKGWHYRKLLOUNPYEMBKXWGLQETQBYMVYZGSUSQIQDDENWQFDXFVBIAMTYQSNIPLYPPVHXEMWTTU  *\r\n* BXTNNNDTQUPYUZVBYUINRGXGVYFTTZHPGTRBWEAULSIVAWNYIKYZKHAVANSOHKZRMASBHUETT                            *\r\n* BZYCGYLHKJAHEYSVAJMLNBTQJZEMQOFEGWFBXXGUDZZPQEWTILTUHI                                               *\r\n* AGH                                                                                                  *\r\n* GTYRWDVBHTQYDDRHNBDAEDLDEUKXXWFVQEZAEIDMUCOASNQRPAMYDGODHVMBSYDLNVIYDQCFXQ                           *\r\n* BOLLRDTIXJGRJQWTJVBTWYDM                                                                             *\r\n* ESOYXHBMAMOVKVXZQGBHDZIGXTKVXKDKZPMLEJZCFFIDHXZZDUFSCFSFKHBEXFPQJEWUJMUHGZBYQEZZTKRCEL               *\r\n* TWGBXHVEZQSUDBEQRZYLCDUOFIBKNNMMYV                                                                   *\r\n* YCKXZLUBHYK                                                                                          *\r\n* YPTADFZGQBRWPGKRMDFWIYGOHBZZHBMQVMCVTNJGYPMWKOISADPDSONAJFSBGZYOPBBDDPYZUZYSLJDSTGZEM                *\r\n* XGYCLNUHAYQYHINFPKFQITQVPZBAIZAUBGD                                                                  *\r\n* EBEKENYZBMCUFNRPZWAEQDNLLUZBXWXBFSAOGULVUQTCXHUUHLVEFYDBOSYKOXBFPAPMNDIELEKAJKO                      *\r\n* ZFTMBSVGPYAOWAHWONM                                                                                  *\r\n* RHGECQTANDRDDTKIEPDWFIXODUIKXOMVXRNSYOKLZUSMGWKCPYRZKPRIJSBHIIDZQWFMGSKQESXKPLHGKGUZWNLH             *\r\n* EIFNDCQRTVKRXVXNBURSHTYKUWCNDCDKXMCKECBPHSWQWOMKXLVSTPSLJVSGACNQRZULSNIYTBLOWINGKRQRHLRHTRAJKVPEFFYX *\r\n* BRJCWZREEOBHMWIMVJGIMRBMZOXMGJRKQLIZGPLLZCPCZCYYGSJWSOHJQXDIBFYVXQQANJFGXUJKCZN                      *\r\n* PYGOZURCDZJJLDKUETFILXLXMCYYFXGQJGSCYJVCZOWNZWVUJOFJTFLSNICXWTXGTSZELHVVYCJWAYXPHDOQSXXEUZ           *\r\n* QHYGFRQUGWQJBTJLRVPROLMQSFGNVVVKLSFOZWDFKEQTQUMXIMFIFIAEUINA                                         *\r\n* CYLBGYJNVLVSJGKUTZYSJFJQMECSATRICUHFFRKWDJ                                                           *\r\n* AKQVBPJBIPIBXOVPBVRMCTNPOZFPBPCOZSIGWJBCRRJSUTJRK                                                    *\r\n********************************************************************************************************\r\n&quot;)" fullname="Open_Lab_04._14.Tests.TestWithRandom([&quot;MYBDWCLMMHVPTXESGDXEHYYVWVNFVOVVCONHSPZHEQMCMRKPPBIGGUINZFGBOG&quot;, &quot;XLAMEKXAQDPZQLVJFLXPUGPOIFAHMJYSYZPQLEFFSBRCQURCEWBQRQWQVLEYJPNH&quot;, &quot;WBRWEXAFRXSOMXNOXDQH&quot;, &quot;BHDYUZZHVDNJXTSAGZYALZTDCJNQKMMX&quot;, &quot;W&quot;, ...],&quot;********************************************************************************************************\r\n* MYBDWCLMMHVPTXESGDXEHYYVWVNFVOVVCONHSPZHEQMCMRKPPBIGGUINZFGBOG                                       *\r\n* XLAMEKXAQDPZQLVJFLXPUGPOIFAHMJYSYZPQLEFFSBRCQURCEWBQRQWQVLEYJPNH                                     *\r\n* WBRWEXAFRXSOMXNOXDQH                                                                                 *\r\n* BHDYUZZHVDNJXTSAGZYALZTDCJNQKMMX                                                                     *\r\n* W                                                                                                    *\r\n* TNXKYAXVUFEPEVNRESGXCOZWLLJXJQPJAYZMIPAANDZYXTJVWUHFTZSFNBYMRZLDPVOFVAJPSGJZPBZRC                    *\r\n* APJKQBGTYHQNINRVICFEZVLSNNQTPMBGJEZWUFENZCBBYEXVHTTX                                                 *\r\n* YNEEQWDKNEMFKDEOVBDXSEXTJUJPULWTEULQURDIBCMXPVN                                                      *\r\n* SH                                                                                                   *\r\n* RPZTTPKUVNNQBHTBQSOUDYVVQSZENGJXMZEDEASAJWHUOL                                                       *\r\n* PVUXIDNHTTEDAQGHPEPEBDPXPZOKHQAHEHJJTJATZRL                                                          *\r\n* AXRKDPSQYHJMFWHIPCACTWYTGXNFDVEJRFXRIDH                                                              *\r\n* XKIXXXDWBSEWRIRDZYEGCNMCCAUZZPAMUJEINAVITQDKRISIOTSJZBPKXGUXCDXLSRBIE                                *\r\n* PYDVMMJCKUHLKGXQNTTTLHFXGPTRSZGKE                                                                    *\r\n* ETFDODBVVAPQSQOBEIOKXHTGPW                                                                           *\r\n* RJLOXHEBDKJEQSPMFHPWCDRUXVTJWAZORKJLKMRJOPLQVDXSHVNYZAQOSQQCNUFCKVMGIECSPG                           *\r\n* NSAZTXBCBMBORTVTUWPVTJIFZRRJCTVI                                                                     *\r\n* RDWRQWELSEQJHUNNKIWAKODKVZCFSZHRSVZPYBDAKKAFSVSWEVSLYIIDAMWQTYSTWYRLVXPJEW                           *\r\n* ANYRZGFBXHWTKNWPMFMGLRHITEHBGGIGBSHPCUXKNXVMZFHYYICERQDJFPYU                                         *\r\n* EURYQRRFGNSHCSOWVJOXICYDEPLPYJMWDKJDDOJNPTSVKWPXPNKGJWQBVOTBFBHWAVERJKSGAAHPKCSIAOZKZGMGTIHPVIIOLV   *\r\n* PSXOEVDFIOBQSVKBRCWXTIXXBDCLRSTDOHDQCAUPVAESSROUKHRLOYBGUZNBSRNQUXBLRUYRHHCTEFFJP                    *\r\n* BKAHOQGXVDMTXDMNXUPDCPIAEHWHBPTD                                                                     *\r\n* KPDPMILEUZUENJYGQHLUMFMCADHUZVGJJHMNJYLLDYIQNW                                                       *\r\n* XXALHIIZFDAPJBRFYSLUFXKXSWZQNXWOEMJWYJYBBIHKIJBKMTJXCBLANDTLIRMHG                                    *\r\n* KWSUGPTJTXPAOIUPETNYMCBIJUQNSJVZDXYFRRMUESINLN                                                       *\r\n* KQTNTUIZHUJLMYGQJCPWRKPXMGTUTUOXWFFWZWCFVXQKHGAVXCYLVQXABV                                           *\r\n* MBNG                                                                                                 *\r\n* GMPGTKQNZKATTEQFGXWQWCBFIEUEVQDHQDDURUCNLKLLQDHXEVG                                                  *\r\n* QPQEKJYOPMSJGSCP                                                                                     *\r\n* VOLUJ                                                                                                *\r\n* MRQPEXXZZJARBNZKHWOXZ                                                                                *\r\n* BEXARVJHUIHKEMUUTQSMSZGBBCBLGPGLGUPMRDFBQSPRJRJMPNCXFMYCYWZPUYAEBVDJX                                *\r\n* DQLQWAJPRKSPVTNJFTVNOVEQHSRLPONZ                                                                     *\r\n* HJLMPQYSIEPWECHQSPKNKTILUIDIYADWTANJBXQDXUFQPTCPJUWYDMENBZ                                           *\r\n* GMPTIBSDEOXOUYGQPORWBGNYDDETGVAIBGKQHBWOWPXBMGCAWVOZJDPAYRQFXZWIOPN                                  *\r\n* OQJORCZLIMMXAEWLHAYYQKSPLRRXTPMWSOLGLZHHDESLESETCLBNRO                                               *\r\n* EXTDZLCSSZQEMSQZHTQVMRGLSNYVINYEERHIRWHWBMZLNNRALLUUATLMRIKMNHJFALAVLIHKLUUZSUXEVXJXTEDLGU           *\r\n* JLVITCTKCNWPDDJJFZLTXKGQQXMLWHOPQRYZPLAWYJVRZHFTKVYLUBTZFFSWPIOUY                                    *\r\n* ZMEJTTZOUNOORJRSABJDUOXYTKTDG                                                                        *\r\n* UBSRHTOABEMFGFKQNJEXHNKVMLOGQJAVHESNWZBXDAZFQPHSOCWJZJIHQWFWFIK                                      *\r\n* DRXCMWUOIGTHNEFXDVRNMRVYVLWZUFSUPGBYRFFRIIBSQBTLRHSJRWGMWZHBAUTCOYRGDGGY                             *\r\n* ZFDPCHURKHNMIDTAPCSYERNPYERKNIKBUTRRCXTRNJPMGQFUYGNENZLHROQYPJE                                      *\r\n* XLRPLBXS                                                                                             *\r\n* ALUCAIIZXMGVGNUHJZOGUBDFNPUYQIWIVVNO                                                                 *\r\n* FRFHYSXXGRYWHBCJLOZHOOKNKJOPXZKAGPEIIZWIFIGYWBIHTYKHOGDQGSXPEHZHGXQS                                 *\r\n* UBMSQCGIMRIBHWYODLZMNBQBGEXIYRYKQJZXYOYEWITAOOXLASCMRFJSLKLMEYJVSXLXWBQONUQFHPMSHLHGOMTKZHL          *\r\n* DLZYYYIRDZPZBOYWOEKWXSFTQDHFEAXPPDLBVSGJGVPHWIEAOWVVW                                                *\r\n* QKGGHVRCMCBAJYDWBWXBPBDXWIYGRIECTANAVPKKSDJMGWYFWRVZYUZOHJJ                                          *\r\n* XKLEYZGILDBLLMJLSQRAJSJANEDYBYSLFMNHSFNGPPUTQJNLLNWQRIOEALQTVIHNKPFZZBTMCKLTYQJERSMNCBTXXIHHOUL      *\r\n* IHJADNMKUJNHXUGKBMCDVUKJVI                                                                           *\r\n* QTLYIYEL                                                                                             *\r\n* GJBDFCSTNMZCCWGBRILNWZEULWQIKFISIODRLZXTBRVJIZNWFWRQTYVHFGRJLKIIDHTO                                 *\r\n* OQSKRMEEVLMITDONSZKTWMEHOHRJNFBFZDQGYFBLQCKVEASGUULIIUWCLKWKUVQPJGJQNHOMXZC                          *\r\n* CJCNOKOSTTWEGNUNJRQVLULYRCTMFZKJRDACIJVJGYVQJEJZNBDGIHHHXEWMRCMUINNDNRFZVGON                         *\r\n* VONSTZEWEBJVSFDNISELBHWQGMVVDKBTUJCQIUYCHXELDHUMBMMOKBWNRWLGDJSTAQBJDNEOTBEEDLNZSJUQXMJSMOZMISZ      *\r\n* FKKNFKIOIYVIXSKFJMOTPCWOHJWOOSFBBFYTAZTHAFHYQAVUETCWDGJCOWGWNUZQTUHRTQEJTHSJUXXHOCJUPIXVWWFETWT      *\r\n* FRFWSDANOTCWNAIQZYIKLFAKW                                                                            *\r\n* VXLAPXNMDCSAOKCVFWGBHVOOFVNIVARUZGHDCOEFJBWFYY                                                       *\r\n* YIPZEEVDZJXVUKEQDLXBHDZTRRASGZIQGKPAGBMPE                                                            *\r\n* HUFSJVEKTTAX                                                                                         *\r\n* UIVHMDDXAAGOJ                                                                                        *\r\n* EKCYIWEVFOZHFNVFOPJHURKTZLBFHTYDAAZARURAYYDHIEYPCULQECANAIZWVYOLPVHFOVOTXJIVNCLVN                    *\r\n* DMIHYXZMZIVVEAKSSMWSBGGRTVUEZYXEJJVCDIXKFCVFY                                                        *\r\n* EILVKYYUKW                                                                                           *\r\n* QODDUMALRMUEHPJPMMZKBTQ                                                                              *\r\n* MTEOYGOZZWMTTHLPUTGQJEDFAJLILLEXXMRBIMNLYVELDQVFBJPHNAHIPYNOUFONSO                                   *\r\n* HQJHIGUROZSCKOGGBVWKXEILJYYRSHQTOUOOSCHBSITIWWDANZMSVEYCHXXJHDZHIZOQZROZNVSPLAONVXDSU                *\r\n* XJVLHUEYTOIMAXHNAWLMEZMJRHIKOKZGMJBEUOKTVPCDGYZRFHXHHHUYWMTALTKJOCZRVCTMLRROXJCSHREGNSYEPDHHUKI      *\r\n* FTODYI                                                                                               *\r\n* COKVQPFBNJBSUODVWDVBRULRBIQJDUZTZVCRCWIOJCUXTSOMBXSZDGEHCTUHZWXSKHSYMLTZVGRPAOXJUDHGCZ               *\r\n* TQUPICBPNFBMLZPZQESEXOPHOVLMVPQQLRZISWKXUQEJZBLJFDRCKUSEBMBMQO                                       *\r\n* YOLBUAHHTTUKGKFIMJCHRYOGQZVGFVYGFWFVNARIXWXJPKLTWEPCOGCAZEKUFACYUNEKEKULSTJVAF                       *\r\n* FNBKAFVSYUFVIPWDWTYOBGBOLKDKVWGZUNFHDQBSZVFPYOLVVPNBCRPYMNYQCKWBNG                                   *\r\n* UKPAG                                                                                                *\r\n* FOFBLPXYIPFJFWCYGVQRKQPYDCSNQLFPGJWCKXAXBSTURSIJYWEUJOHOZGXJXJHXKQDVAAN                              *\r\n* USQSWUHLTIPTGLFSCHDDZRZRKWKAOMJYJV                                                                   *\r\n* RXOSEZMPPUOQZKKTSWKIDSYIZKGWHYRKLLOUNPYEMBKXWGLQETQBYMVYZGSUSQIQDDENWQFDXFVBIAMTYQSNIPLYPPVHXEMWTTU  *\r\n* BXTNNNDTQUPYUZVBYUINRGXGVYFTTZHPGTRBWEAULSIVAWNYIKYZKHAVANSOHKZRMASBHUETT                            *\r\n* BZYCGYLHKJAHEYSVAJMLNBTQJZEMQOFEGWFBXXGUDZZPQEWTILTUHI                                               *\r\n* AGH                                                                                                  *\r\n* GTYRWDVBHTQYDDRHNBDAEDLDEUKXXWFVQEZAEIDMUCOASNQRPAMYDGODHVMBSYDLNVIYDQCFXQ                           *\r\n* BOLLRDTIXJGRJQWTJVBTWYDM                                                                             *\r\n* ESOYXHBMAMOVKVXZQGBHDZIGXTKVXKDKZPMLEJZCFFIDHXZZDUFSCFSFKHBEXFPQJEWUJMUHGZBYQEZZTKRCEL               *\r\n* TWGBXHVEZQSUDBEQRZYLCDUOFIBKNNMMYV                                                                   *\r\n* YCKXZLUBHYK                                                                                          *\r\n* YPTADFZGQBRWPGKRMDFWIYGOHBZZHBMQVMCVTNJGYPMWKOISADPDSONAJFSBGZYOPBBDDPYZUZYSLJDSTGZEM                *\r\n* XGYCLNUHAYQYHINFPKFQITQVPZBAIZAUBGD                                                                  *\r\n* EBEKENYZBMCUFNRPZWAEQDNLLUZBXWXBFSAOGULVUQTCXHUUHLVEFYDBOSYKOXBFPAPMNDIELEKAJKO                      *\r\n* ZFTMBSVGPYAOWAHWONM                                                                                  *\r\n* RHGECQTANDRDDTKIEPDWFIXODUIKXOMVXRNSYOKLZUSMGWKCPYRZKPRIJSBHIIDZQWFMGSKQESXKPLHGKGUZWNLH             *\r\n* EIFNDCQRTVKRXVXNBURSHTYKUWCNDCDKXMCKECBPHSWQWOMKXLVSTPSLJVSGACNQRZULSNIYTBLOWINGKRQRHLRHTRAJKVPEFFYX *\r\n* BRJCWZREEOBHMWIMVJGIMRBMZOXMGJRKQLIZGPLLZCPCZCYYGSJWSOHJQXDIBFYVXQQANJFGXUJKCZN                      *\r\n* PYGOZURCDZJJLDKUETFILXLXMCYYFXGQJGSCYJVCZOWNZWVUJOFJTFLSNICXWTXGTSZELHVVYCJWAYXPHDOQSXXEUZ           *\r\n* QHYGFRQUGWQJBTJLRVPROLMQSFGNVVVKLSFOZWDFKEQTQUMXIMFIFIAEUINA                                         *\r\n* CYLBGYJNVLVSJGKUTZYSJFJQMECSATRICUHFFRKWDJ                                                           *\r\n* AKQVBPJBIPIBXOVPBVRMCTNPOZFPBPCOZSIGWJBCRRJSUTJRK                                                    *\r\n********************************************************************************************************\r\n&quot;)" methodname="TestWithRandom" classname="Open_Lab_04._14.Tests" runstate="Runnable" seed="1201717581" result="Passed" start-time="2021-12-27 14:18:10Z" end-time="2021-12-27 14:18:10Z" duration="0.029015" asserts="10293" />
            <test-case id="1017" name="TestWithRandom([&quot;AMWKGXAHCKUATNTCFFPTSUOVKKUVVPNFYFBBC&quot;, &quot;CIVBYRXRQFAQELVJRGXBZWCFLMWOBNMSZ&quot;, &quot;DGXQVXYTUPUEKCKPOUEBIFGPQMUIQCSIRIIPLBKACGBNKGCUELYRNYNXZIZJCQDRWMNCUVDNJDYCESEJJADEDBUS&quot;, &quot;KPDBBYMDKRYTZAJILHKZKTGDQZCMYNVRUHJFALIFMZUBGPJZUWSTKTJRIZKBVZEWVGZSQDHAZENLZFX&quot;, &quot;PCSC&quot;, ...],&quot;********************************************************************************************************\r\n* AMWKGXAHCKUATNTCFFPTSUOVKKUVVPNFYFBBC                                                                *\r\n* CIVBYRXRQFAQELVJRGXBZWCFLMWOBNMSZ                                                                    *\r\n* DGXQVXYTUPUEKCKPOUEBIFGPQMUIQCSIRIIPLBKACGBNKGCUELYRNYNXZIZJCQDRWMNCUVDNJDYCESEJJADEDBUS             *\r\n* KPDBBYMDKRYTZAJILHKZKTGDQZCMYNVRUHJFALIFMZUBGPJZUWSTKTJRIZKBVZEWVGZSQDHAZENLZFX                      *\r\n* PCSC                                                                                                 *\r\n* BHBYSXABGJMVXFZQRJQORUFFYRDBJMTGBAUYXTXGGZSUAPBZYKXTCNDGBVAAUZRUQGTXLASYLKHSCLEIQEDZ                 *\r\n* AENXNWCTWMHHXDUVENXRZHSGKEQQRKPVRGQBFZXDQEPXALFHKMMQFHO                                              *\r\n* MHMJGLCMWLQQMSQEQUBVSUFZYJGEYZQJSYPYNNXFCCBOVOURWHAKGTASCMKWFXOXVGYODRRCX                            *\r\n* SPSQEKPOHQZFDYXWWACAZEOETOPFNEQXNKALZLIAHQQXXPDZRGVQAWWOANXPUJACZCRSYMXKSCTJORGDLQOHI                *\r\n* WROMKLNSFXPNXVXKBFJKYYCNZJHTDEVTTAFADMBLXZWVTBTLGBPJXYBYOBMBEUPBCWTXPXGPDYNZCGTYQVNCPMWVYHMCZAGCJUTX *\r\n********************************************************************************************************\r\n&quot;)" fullname="Open_Lab_04._14.Tests.TestWithRandom([&quot;AMWKGXAHCKUATNTCFFPTSUOVKKUVVPNFYFBBC&quot;, &quot;CIVBYRXRQFAQELVJRGXBZWCFLMWOBNMSZ&quot;, &quot;DGXQVXYTUPUEKCKPOUEBIFGPQMUIQCSIRIIPLBKACGBNKGCUELYRNYNXZIZJCQDRWMNCUVDNJDYCESEJJADEDBUS&quot;, &quot;KPDBBYMDKRYTZAJILHKZKTGDQZCMYNVRUHJFALIFMZUBGPJZUWSTKTJRIZKBVZEWVGZSQDHAZENLZFX&quot;, &quot;PCSC&quot;, ...],&quot;********************************************************************************************************\r\n* AMWKGXAHCKUATNTCFFPTSUOVKKUVVPNFYFBBC                                                                *\r\n* CIVBYRXRQFAQELVJRGXBZWCFLMWOBNMSZ                                                                    *\r\n* DGXQVXYTUPUEKCKPOUEBIFGPQMUIQCSIRIIPLBKACGBNKGCUELYRNYNXZIZJCQDRWMNCUVDNJDYCESEJJADEDBUS             *\r\n* KPDBBYMDKRYTZAJILHKZKTGDQZCMYNVRUHJFALIFMZUBGPJZUWSTKTJRIZKBVZEWVGZSQDHAZENLZFX                      *\r\n* PCSC                                                                                                 *\r\n* BHBYSXABGJMVXFZQRJQORUFFYRDBJMTGBAUYXTXGGZSUAPBZYKXTCNDGBVAAUZRUQGTXLASYLKHSCLEIQEDZ                 *\r\n* AENXNWCTWMHHXDUVENXRZHSGKEQQRKPVRGQBFZXDQEPXALFHKMMQFHO                                              *\r\n* MHMJGLCMWLQQMSQEQUBVSUFZYJGEYZQJSYPYNNXFCCBOVOURWHAKGTASCMKWFXOXVGYODRRCX                            *\r\n* SPSQEKPOHQZFDYXWWACAZEOETOPFNEQXNKALZLIAHQQXXPDZRGVQAWWOANXPUJACZCRSYMXKSCTJORGDLQOHI                *\r\n* WROMKLNSFXPNXVXKBFJKYYCNZJHTDEVTTAFADMBLXZWVTBTLGBPJXYBYOBMBEUPBCWTXPXGPDYNZCGTYQVNCPMWVYHMCZAGCJUTX *\r\n********************************************************************************************************\r\n&quot;)" methodname="TestWithRandom" classname="Open_Lab_04._14.Tests" runstate="Runnable" seed="1826074732" result="Passed" start-time="2021-12-27 14:18:10Z" end-time="2021-12-27 14:18:11Z" duration="0.003742" asserts="1263" />
            <test-case id="1018" name="TestWithRandom([&quot;VJUZFZKBVHHOKIHNMPAXYILEPDRKPHNWQUADHPGWLXLEULPXVWIEXLWMYQKCIZLOULYPIDFXIDLBXGJENTP&quot;, &quot;ZIZFYNFQEEOLLXJJNZPSQKVTZUPRHGPOKSOLLTRUXPSEOAQAWZQNEXDONFFDYOJYPABTIYYUIUUB&quot;, &quot;QEYEPUIPBKNOZXFNNWJFTPOZWRYAWEJCBWXAGZJTAJNPNEIASHVXLVYBQZHXWHSWALMDAEG&quot;, &quot;NPFKBZLRIYIPJMRGXVKGRLXTQQPCRFZNAHKVQNZQOQOXZCNOTGFEUZ&quot;, &quot;BSLTLJIZDYUOBBVQJWTSBWZTNCBILZUTBLICETNHFQLZEOLMYPVIAGVETSGIIAODEANQTTMPIMMLLZOZROKWEMT&quot;, ...],&quot;******************************************************************************************************\r\n* VJUZFZKBVHHOKIHNMPAXYILEPDRKPHNWQUADHPGWLXLEULPXVWIEXLWMYQKCIZLOULYPIDFXIDLBXGJENTP                *\r\n* ZIZFYNFQEEOLLXJJNZPSQKVTZUPRHGPOKSOLLTRUXPSEOAQAWZQNEXDONFFDYOJYPABTIYYUIUUB                       *\r\n* QEYEPUIPBKNOZXFNNWJFTPOZWRYAWEJCBWXAGZJTAJNPNEIASHVXLVYBQZHXWHSWALMDAEG                            *\r\n* NPFKBZLRIYIPJMRGXVKGRLXTQQPCRFZNAHKVQNZQOQOXZCNOTGFEUZ                                             *\r\n* BSLTLJIZDYUOBBVQJWTSBWZTNCBILZUTBLICETNHFQLZEOLMYPVIAGVETSGIIAODEANQTTMPIMMLLZOZROKWEMT            *\r\n* QEIMNFYFBIVEBUTEDFZNUJTTDGRUPSYRHSAOKZCDOHJCEKYWVFSYMFAGKOIGNEPJJDWITEUDDVZNAROS                   *\r\n* UYKZAFBSUEVRVPKRZSBNPCRLPVQGNFTAQ                                                                  *\r\n* TFFKJYVQZZYMIGOVBYNESSHYKFOUFOKVAWWEMOJDSZDRMCMKRREVMLGAYGAEKALKOCLLJKJMOJMSPPMHSDDNKPIPQWFFOFT    *\r\n* OSCKQBAHHSGDZNLJUSLGXXAZTWVNEEXJQTEWMBRRDVGRJFQDKWLWTNVQSDQUGMCDVXNFIOW                            *\r\n* BUDBRIPOFSDISAPCYNEJLWLQTDWLSLUVZSVZJTZJNBONJTKUHKGVKNGEINHNLDVUXHIZFPS                            *\r\n* OUVJHXGZSCEIEZLMMQQW                                                                               *\r\n* LYJGTQCKKOSRBHQRWWLGHVJZNPYVWNOYWTCWLDNHDPINLRD                                                    *\r\n* UUPUFQEQOJSERGOWATVIEUFSIECSMWNWMGBBXUTFOLHBLJQXALNSWVNAOWLBNLDSWWSKFM                             *\r\n* FAPTTMEHYOFSBIVAQTAMAIRSDIPFORFROMHRGBUNKPMNHTCJAWBQEZYWJWPKXYTHIOEPBETPZNCLWDKKGFFRQOMOOKIJMJQMW  *\r\n* FTPMIWDMRRXMAFMFERSB                                                                               *\r\n* TBPAQVJCQWQPRYRVTWJODXUQBKDXGEYTUNLSZLSATJBUHXJGUJLUJNNWGZZFSMWLYWU                                *\r\n* NZWHEIVUWAJEBW                                                                                     *\r\n* XTDJHAPLAMM                                                                                        *\r\n* HNPWKCFTVNEQBRSZGQUEVJYSUNNDXNV                                                                    *\r\n* SANHGDYCVDGJPNIPHPFJSHMXOXBXOCVIRJXADLTCRRJRCPDHFXVHILBKOQTIBBOSIYRFPHLWWCSBXUU                    *\r\n* UUSQGNAFHMMNSKBQDQJEYXRXMZLFTANTVUOHIXLUYLXCVYEMABXGKQAWCUEHCUMHZSRXVUHGEOFMZPBOVZESCGIFTRENSESD   *\r\n* QDCGGQGTRCVKOWNSQMDPUETJMEEPUOAWBNJMZHOIXYLENUFURUBSPOFLJTTCLRZDBZJBMBTJXURVTPWSYJYZMHHNHYCFOMXGYI *\r\n* NKDHQBSUVW                                                                                         *\r\n* RUWADCTAQTRVTOYNULWKWLMIHVCIYTNMQXGIJN                                                             *\r\n* VNYRIVPKTRNXIYLNGHOTIZKCXGFEVHQEH                                                                  *\r\n* BXYUEMSKIQKWE                                                                                      *\r\n* FKZAVTZVCWTBQKOLAIPFWOPMDBAXQURBCRZKHQJODGUBACWHVXPCGY                                             *\r\n* QVNWTSCEIESZYLEEKYBCQTNMBETCTEPVDAIOUTQVBBMXHCYWRTEDEVBXIAVOZAKDPXV                                *\r\n* CPJRIGBOHPFYGWKAZMQHZLGTXBVAQIIJGAUCJMUYUMPSVWIDPKDDHOYRIPUHKAXZHVSFBHQMRRNMVNYASSLGEFCSCDU        *\r\n* SMNTPQLAEDBITQLPALVVRTPSPQUCSACYNXUFETWFBXWPQCNNTNRRHYBYXVEYVIHEADVVWFLHOQT                        *\r\n* WZCNDHIFILQOVVIIPXJTPSONHRQOCKCRFHCXTRVOACVPMGAAXCRQHAEEKOGMQUDYIZJOTKPYCUTNWZ                     *\r\n* ARQQZ                                                                                              *\r\n******************************************************************************************************\r\n&quot;)" fullname="Open_Lab_04._14.Tests.TestWithRandom([&quot;VJUZFZKBVHHOKIHNMPAXYILEPDRKPHNWQUADHPGWLXLEULPXVWIEXLWMYQKCIZLOULYPIDFXIDLBXGJENTP&quot;, &quot;ZIZFYNFQEEOLLXJJNZPSQKVTZUPRHGPOKSOLLTRUXPSEOAQAWZQNEXDONFFDYOJYPABTIYYUIUUB&quot;, &quot;QEYEPUIPBKNOZXFNNWJFTPOZWRYAWEJCBWXAGZJTAJNPNEIASHVXLVYBQZHXWHSWALMDAEG&quot;, &quot;NPFKBZLRIYIPJMRGXVKGRLXTQQPCRFZNAHKVQNZQOQOXZCNOTGFEUZ&quot;, &quot;BSLTLJIZDYUOBBVQJWTSBWZTNCBILZUTBLICETNHFQLZEOLMYPVIAGVETSGIIAODEANQTTMPIMMLLZOZROKWEMT&quot;, ...],&quot;******************************************************************************************************\r\n* VJUZFZKBVHHOKIHNMPAXYILEPDRKPHNWQUADHPGWLXLEULPXVWIEXLWMYQKCIZLOULYPIDFXIDLBXGJENTP                *\r\n* ZIZFYNFQEEOLLXJJNZPSQKVTZUPRHGPOKSOLLTRUXPSEOAQAWZQNEXDONFFDYOJYPABTIYYUIUUB                       *\r\n* QEYEPUIPBKNOZXFNNWJFTPOZWRYAWEJCBWXAGZJTAJNPNEIASHVXLVYBQZHXWHSWALMDAEG                            *\r\n* NPFKBZLRIYIPJMRGXVKGRLXTQQPCRFZNAHKVQNZQOQOXZCNOTGFEUZ                                             *\r\n* BSLTLJIZDYUOBBVQJWTSBWZTNCBILZUTBLICETNHFQLZEOLMYPVIAGVETSGIIAODEANQTTMPIMMLLZOZROKWEMT            *\r\n* QEIMNFYFBIVEBUTEDFZNUJTTDGRUPSYRHSAOKZCDOHJCEKYWVFSYMFAGKOIGNEPJJDWITEUDDVZNAROS                   *\r\n* UYKZAFBSUEVRVPKRZSBNPCRLPVQGNFTAQ                                                                  *\r\n* TFFKJYVQZZYMIGOVBYNESSHYKFOUFOKVAWWEMOJDSZDRMCMKRREVMLGAYGAEKALKOCLLJKJMOJMSPPMHSDDNKPIPQWFFOFT    *\r\n* OSCKQBAHHSGDZNLJUSLGXXAZTWVNEEXJQTEWMBRRDVGRJFQDKWLWTNVQSDQUGMCDVXNFIOW                            *\r\n* BUDBRIPOFSDISAPCYNEJLWLQTDWLSLUVZSVZJTZJNBONJTKUHKGVKNGEINHNLDVUXHIZFPS                            *\r\n* OUVJHXGZSCEIEZLMMQQW                                                                               *\r\n* LYJGTQCKKOSRBHQRWWLGHVJZNPYVWNOYWTCWLDNHDPINLRD                                                    *\r\n* UUPUFQEQOJSERGOWATVIEUFSIECSMWNWMGBBXUTFOLHBLJQXALNSWVNAOWLBNLDSWWSKFM                             *\r\n* FAPTTMEHYOFSBIVAQTAMAIRSDIPFORFROMHRGBUNKPMNHTCJAWBQEZYWJWPKXYTHIOEPBETPZNCLWDKKGFFRQOMOOKIJMJQMW  *\r\n* FTPMIWDMRRXMAFMFERSB                                                                               *\r\n* TBPAQVJCQWQPRYRVTWJODXUQBKDXGEYTUNLSZLSATJBUHXJGUJLUJNNWGZZFSMWLYWU                                *\r\n* NZWHEIVUWAJEBW                                                                                     *\r\n* XTDJHAPLAMM                                                                                        *\r\n* HNPWKCFTVNEQBRSZGQUEVJYSUNNDXNV                                                                    *\r\n* SANHGDYCVDGJPNIPHPFJSHMXOXBXOCVIRJXADLTCRRJRCPDHFXVHILBKOQTIBBOSIYRFPHLWWCSBXUU                    *\r\n* UUSQGNAFHMMNSKBQDQJEYXRXMZLFTANTVUOHIXLUYLXCVYEMABXGKQAWCUEHCUMHZSRXVUHGEOFMZPBOVZESCGIFTRENSESD   *\r\n* QDCGGQGTRCVKOWNSQMDPUETJMEEPUOAWBNJMZHOIXYLENUFURUBSPOFLJTTCLRZDBZJBMBTJXURVTPWSYJYZMHHNHYCFOMXGYI *\r\n* NKDHQBSUVW                                                                                         *\r\n* RUWADCTAQTRVTOYNULWKWLMIHVCIYTNMQXGIJN                                                             *\r\n* VNYRIVPKTRNXIYLNGHOTIZKCXGFEVHQEH                                                                  *\r\n* BXYUEMSKIQKWE                                                                                      *\r\n* FKZAVTZVCWTBQKOLAIPFWOPMDBAXQURBCRZKHQJODGUBACWHVXPCGY                                             *\r\n* QVNWTSCEIESZYLEEKYBCQTNMBETCTEPVDAIOUTQVBBMXHCYWRTEDEVBXIAVOZAKDPXV                                *\r\n* CPJRIGBOHPFYGWKAZMQHZLGTXBVAQIIJGAUCJMUYUMPSVWIDPKDDHOYRIPUHKAXZHVSFBHQMRRNMVNYASSLGEFCSCDU        *\r\n* SMNTPQLAEDBITQLPALVVRTPSPQUCSACYNXUFETWFBXWPQCNNTNRRHYBYXVEYVIHEADVVWFLHOQT                        *\r\n* WZCNDHIFILQOVVIIPXJTPSONHRQOCKCRFHCXTRVOACVPMGAAXCRQHAEEKOGMQUDYIZJOTKPYCUTNWZ                     *\r\n* ARQQZ                                                                                              *\r\n******************************************************************************************************\r\n&quot;)" methodname="TestWithRandom" classname="Open_Lab_04._14.Tests" runstate="Runnable" seed="530589098" result="Passed" start-time="2021-12-27 14:18:11Z" end-time="2021-12-27 14:18:11Z" duration="0.010041" asserts="3505" />
            <test-case id="1019" name="TestWithRandom([&quot;JEDXNELJYFZXGMWLHNMTOMHQHKNFVADDFXPELVWKMTWNO&quot;, &quot;TODFIDNYXXXMQCRFNYBWSIWRAMQCHUQTCHRZCPRAQGASHYEUTHFYLRHKRLEWMLRCGEJILRDYGBFLIEKCHWIZPSIKAGHQKVOFPY&quot;, &quot;DOVJBDHRKMWCNACOQCRMOWZIEKMNKMAWKRHNLMGVIAXYEET&quot;, &quot;HGXCXLYGPNERRTHXLZSVTODDWWENYADAQXFEPYYYTAYXHPEPTANEMXWSDTGAH&quot;, &quot;IOJEAUNDINATCSQFWHROUYNZNSANAVSYQISKOCOKBQ&quot;, ...],&quot;********************************************************************************************************\r\n* JEDXNELJYFZXGMWLHNMTOMHQHKNFVADDFXPELVWKMTWNO                                                        *\r\n* TODFIDNYXXXMQCRFNYBWSIWRAMQCHUQTCHRZCPRAQGASHYEUTHFYLRHKRLEWMLRCGEJILRDYGBFLIEKCHWIZPSIKAGHQKVOFPY   *\r\n* DOVJBDHRKMWCNACOQCRMOWZIEKMNKMAWKRHNLMGVIAXYEET                                                      *\r\n* HGXCXLYGPNERRTHXLZSVTODDWWENYADAQXFEPYYYTAYXHPEPTANEMXWSDTGAH                                        *\r\n* IOJEAUNDINATCSQFWHROUYNZNSANAVSYQISKOCOKBQ                                                           *\r\n* ZDSVECXXYJSQJAKQHTACMVCDTZGRTSHNDGNVVXVKDYTOXSIJDLHQBOFEAPCFWFEGBFMCM                                *\r\n* VKYPYOBNFAQWNHLQLPBIVFUQOXTMNSFGWPQXSLPQDMKBOZRWVLUXBETP                                             *\r\n* HBAUOANVKZYRNYZALFIVTBOFWRCXIESWAHLKOVOMWGEZTFHMUWPYLTWFNUYX                                         *\r\n* PMFHCQGMPLPRWZMXOMQKPCLOUKGLFWTXQNHTYSRPBAFLAGOUJHYIHNJMBQNRJUHSRSAISTZVVBIPXAONWMCYYLPDEUSHFZ       *\r\n* GSMTHGGCPHCNGEUPACZVWSJU                                                                             *\r\n* CXDXBSQVVCWKHHHPKMQVYJZK                                                                             *\r\n* RFFEJNJSNEJCEOPMRKBXE                                                                                *\r\n* USFMGSZHTYTSJNKQMPMSTCXMFXAIGYXMBYKNYWHQTFLLJMECCAYMLLZSUSHISQBUAGRLDXSPIVZO                         *\r\n* MDTTYGFZLBPYRSFPYYCERKDVSZEIJDPMLBIPNPTKVUPEBNLFMAJXWJZCAYAZBWQHM                                    *\r\n* MPKQBJESIWVYTFN                                                                                      *\r\n* WIURPCCGPPOUIYDISXBVUWZZSEACGBEVLBAIMUOKNDALVKJKSNGWESEAJUZKBZZOLTIHYVVXIQHRVNEIVQJTVHQTWZYSVEIOEMAB *\r\n* CLXRION                                                                                              *\r\n* NEVPQOLPFTDCOKYXCCEITMJNDGTEMBMTDJJUCCEP                                                             *\r\n* YZTWYMRMZPGKEQBVIMJVGCDGKZFBDUZXOKUMQQETBSMMGJYSHZUQVURVVMMZHQIFPJVUWOFSHPTOQRAAANTEAJBTTYR          *\r\n* DEMLJGXWNEWST                                                                                        *\r\n* IFBDFEM                                                                                              *\r\n* ZUWEFGHCAXXCPDDIEJTDMVQBLYAWSQTMQRESOFBQPLDZVRMF                                                     *\r\n* TYWKJZDD                                                                                             *\r\n* THGKKKDKLXYKTZIDOBSRFTLUUYSWBHRBOTMTKEATVKFOGRZYOHVXLMPZVLPLRGIEFXVANOSJAYVVOWNDZTI                  *\r\n* MTPCDMYZOPBOBAIJVZKAPLWNQULYXLMXYOSLHSWBPTULWHTNNEIZJIFAWCMIBZBDCDPMIXBCCJKVRLQ                      *\r\n* AXKSDMOQJSOFGOZQRRJSRGEQDGWZXJILLD                                                                   *\r\n* DPIZPPZDQIWVOKUEACYRTSTPXQOSAJD                                                                      *\r\n* CGVAIRTDRDOIHKHPDFIJNMNKVTCZAHDGFCTIOTVIIUZQEKIMIZOUBTGPSKFPPTCKAIDEQZBKJZASN                        *\r\n* GKKPRBSIFLVEQDOGTPSOPWHDWIXDLBTOCUEUEZCBRSDSJMJXWDGLAYHKDGTIDOWDSGBVZTBTMQXXSOUJZAHHVHOENTQ          *\r\n* GTXCVAACLOXCCNYJAJROMJJDHPHKSXHGDDMSTUCSORYKCEFIJFDDBBLXKUVGSPKNGRZYAFQGHYAVKYADJZBMTEEBRPIYZ        *\r\n* AZGLELEGIDPWWCBPMMURWTOYTCNYGLXRGKYBPZUPYCRXXWIBZCCWEHZHKHRBYGAWGXQLEAANRFTUCQBWTLYEJBN              *\r\n* LRQHISQSCUQZGXXZBOEZOFETGUIMHVNFKRAMKTEZOASHABPWOZDUWOKFMWANKEKGHKPPXKPIKEKNNXTFELYISSIWGUAOSRPKP    *\r\n* APMAZDKUKRDXSPCVJYFCOOBSJDKAQSPAXBXESEMUYXIR                                                         *\r\n* JBLLXHQENWLNTRWTJERBCZRSYCFMKEQGKZZBYPSLZWKEMQZMPBOTQPQKKTNVCDUIGECTRUUULG                           *\r\n* GPMGHCSXJP                                                                                           *\r\n* QVJPRFBXIVCBYHOFUUGUHKNKVXNFSKGKSJOHKCDOSOYGENNYTXXCCVPGIYUTSVEXPRIPSGUSRRBTLGGHKOMUNEIXT            *\r\n* ZLHJVXJARMEYFMCEKKUWUBSMJEJKKKJLV                                                                    *\r\n* HIKHVEJLPTDMIZRIUXDXOXTVARNZQGDTCVFUUCOPN                                                            *\r\n* MZJWVJSCQMIYWKPPHEQJUJPKKNUXORINKELT                                                                 *\r\n* DWEHNPRKDYVEEVKZDODKZMHPUOYEVORYVDDIMBHTXZGPZ                                                        *\r\n* JWXNGQHJLROONZQNPPHWIARCNBHJMAGSPAFCGHHBQMSMTXOHCKKQHDKIEVAEIXWLKVZMUOHHHGF                          *\r\n* IFIPNAHCQPKMPWXKHCSSPGBYYBMOCCJBYPZZNKRIQUVVLMWXQWAENMGBDKRLNTZNGIOAXXXWLJCVLGMLEOXGB                *\r\n* OLJXWDSGVXVHOCXWAT                                                                                   *\r\n* ETEJKQWXGGYWTLBUCRZATDENFADSJNIODGXKJCYHAGMZXBCVNIUEASFAOREKMEOSYJSMORKATSANQFQEYHFASENLBWVSXNUWSU   *\r\n* NIQHV                                                                                                *\r\n* UKHSSKJBAMEZNZTVHKRVSDFYEVVECVHAJDYTGSIMMRXBPWEVHRBFQAFREJOWOEYEEEQJAAPOCFIBFEIHQAXKUCJIYHOW         *\r\n* LXISTWKGVUGCMCLRDL                                                                                   *\r\n* A                                                                                                    *\r\n* GOHOKBUHLTLSKQHAJMIYAVFQIHZY                                                                         *\r\n* UVOWXFJBDJUPZJBVJCMDRUZRCGKIQGCBVQRXXWMKXZFDNIAMEVYENVZZVWUQUBKXG                                    *\r\n* TIRDXMPCGSPWDTGYEVHXOARRCABWPWOHWUOSUAXLPLOGKZTAKWWPQIETQABXLTMJDIZIFNEEX                            *\r\n* IDLKHCHBLTAZQNQVBTYAAVYFDCZKVWRSRVABHFTYPJISJDRLSJMKFWUNEGHEDXFOCHHVNOOVAAKQNGVZLN                   *\r\n* LKGNUBMXAYOUSETQBWVYDVQKEMDZXKHTQFTEVUMUARNXLFRMUPUDPPNQUVIIXNZPQVEM                                 *\r\n* OUGJBXMHTZZURFHQDEBSCKZMEWNSXGQAFBFVNUNRBJA                                                          *\r\n* JNGHRZNQDUIEVTEEKTJNIYPPAMCJQJQTJCDQQGAYTZXKTAATPIHIZNOKYQGFXDATEOVSQOODTLUIBFWZMITHCIUW             *\r\n* SSZZVBPZDFFFHDBUDONTFJTUHSOKSRWTZDXWOEXKEJXZQTEFRNYTGCJJY                                            *\r\n* SDMFHMJLGEFFFZRDOWM                                                                                  *\r\n* DNNJSFSCMWUOXJMUXZBLQFNAZMHZBDONXFBEPDNCTGZKKRIVNWGOUACYANJFYTBJHHRRIHFTMZR                          *\r\n* GCQHELLFWZSWCCDBTHEAFPCCZQNFRMCUISSYXCBM                                                             *\r\n* VMIOVPFDDAFVRFQZNHNXFNKWXNJKFER                                                                      *\r\n* RSJCUOEBHCOLXZRNBYKUNOC                                                                              *\r\n* CLQHFVYZIZEZVOFYDLQDYYZYVWIHUXRCQA                                                                   *\r\n* IXXWMEPCYVSRNSLQBYYJDMSLIMQELHBJVOXBFPEZJVBCDEVPJGPDRQVWELNZNKRQTIWYVJLMUZZIKQHEQBVFRXRESAWUBELZEKIV *\r\n* XUZVDJRQNLODJJMOMZWQSGUMQKQNAEA                                                                      *\r\n* MWTHWJOOZNEPIQRUZKRKMEPRZMEST                                                                        *\r\n* QJKGQNQFSCLIQEBEE                                                                                    *\r\n* TVOQMPUIGCHJFVUVXVEBAEEURPZENLPUIEZXQZWULIHOXJXPNVGFACZPQTYXQQVUMMBAWWFXYJPRWQWIRJQREKUFFKHWAZEVMMBK *\r\n* XSQQIGQMISAWQFGADPBRVVMPIXZFUE                                                                       *\r\n* OMAURZBVDETXRGAKUYVJXATMCGBHLHKRDILKP                                                                *\r\n* PABUXNCYVIIMFHZVMOTORKYUJVTBTIVPVIIVICCFJELSZ                                                        *\r\n* CDSIWXRATEBHKCTAEMNSRWYENJLNENZGVKTQJLMXYUOETASAMIZYEGIGENVMLEWFEVMAICRSAPUXHULMRLAVNABOCMLVQZMUXIZ  *\r\n* OSRJRHYPMKYKCIVZDASETXYWRWCADAZYUMXYUQEGBMCROATHDMQXQUERUVSUFXLLLZPPLXFNVLCHVGHQDUXRJBHAIFEZYK       *\r\n********************************************************************************************************\r\n&quot;)" fullname="Open_Lab_04._14.Tests.TestWithRandom([&quot;JEDXNELJYFZXGMWLHNMTOMHQHKNFVADDFXPELVWKMTWNO&quot;, &quot;TODFIDNYXXXMQCRFNYBWSIWRAMQCHUQTCHRZCPRAQGASHYEUTHFYLRHKRLEWMLRCGEJILRDYGBFLIEKCHWIZPSIKAGHQKVOFPY&quot;, &quot;DOVJBDHRKMWCNACOQCRMOWZIEKMNKMAWKRHNLMGVIAXYEET&quot;, &quot;HGXCXLYGPNERRTHXLZSVTODDWWENYADAQXFEPYYYTAYXHPEPTANEMXWSDTGAH&quot;, &quot;IOJEAUNDINATCSQFWHROUYNZNSANAVSYQISKOCOKBQ&quot;, ...],&quot;********************************************************************************************************\r\n* JEDXNELJYFZXGMWLHNMTOMHQHKNFVADDFXPELVWKMTWNO                                                        *\r\n* TODFIDNYXXXMQCRFNYBWSIWRAMQCHUQTCHRZCPRAQGASHYEUTHFYLRHKRLEWMLRCGEJILRDYGBFLIEKCHWIZPSIKAGHQKVOFPY   *\r\n* DOVJBDHRKMWCNACOQCRMOWZIEKMNKMAWKRHNLMGVIAXYEET                                                      *\r\n* HGXCXLYGPNERRTHXLZSVTODDWWENYADAQXFEPYYYTAYXHPEPTANEMXWSDTGAH                                        *\r\n* IOJEAUNDINATCSQFWHROUYNZNSANAVSYQISKOCOKBQ                                                           *\r\n* ZDSVECXXYJSQJAKQHTACMVCDTZGRTSHNDGNVVXVKDYTOXSIJDLHQBOFEAPCFWFEGBFMCM                                *\r\n* VKYPYOBNFAQWNHLQLPBIVFUQOXTMNSFGWPQXSLPQDMKBOZRWVLUXBETP                                             *\r\n* HBAUOANVKZYRNYZALFIVTBOFWRCXIESWAHLKOVOMWGEZTFHMUWPYLTWFNUYX                                         *\r\n* PMFHCQGMPLPRWZMXOMQKPCLOUKGLFWTXQNHTYSRPBAFLAGOUJHYIHNJMBQNRJUHSRSAISTZVVBIPXAONWMCYYLPDEUSHFZ       *\r\n* GSMTHGGCPHCNGEUPACZVWSJU                                                                             *\r\n* CXDXBSQVVCWKHHHPKMQVYJZK                                                                             *\r\n* RFFEJNJSNEJCEOPMRKBXE                                                                                *\r\n* USFMGSZHTYTSJNKQMPMSTCXMFXAIGYXMBYKNYWHQTFLLJMECCAYMLLZSUSHISQBUAGRLDXSPIVZO                         *\r\n* MDTTYGFZLBPYRSFPYYCERKDVSZEIJDPMLBIPNPTKVUPEBNLFMAJXWJZCAYAZBWQHM                                    *\r\n* MPKQBJESIWVYTFN                                                                                      *\r\n* WIURPCCGPPOUIYDISXBVUWZZSEACGBEVLBAIMUOKNDALVKJKSNGWESEAJUZKBZZOLTIHYVVXIQHRVNEIVQJTVHQTWZYSVEIOEMAB *\r\n* CLXRION                                                                                              *\r\n* NEVPQOLPFTDCOKYXCCEITMJNDGTEMBMTDJJUCCEP                                                             *\r\n* YZTWYMRMZPGKEQBVIMJVGCDGKZFBDUZXOKUMQQETBSMMGJYSHZUQVURVVMMZHQIFPJVUWOFSHPTOQRAAANTEAJBTTYR          *\r\n* DEMLJGXWNEWST                                                                                        *\r\n* IFBDFEM                                                                                              *\r\n* ZUWEFGHCAXXCPDDIEJTDMVQBLYAWSQTMQRESOFBQPLDZVRMF                                                     *\r\n* TYWKJZDD                                                                                             *\r\n* THGKKKDKLXYKTZIDOBSRFTLUUYSWBHRBOTMTKEATVKFOGRZYOHVXLMPZVLPLRGIEFXVANOSJAYVVOWNDZTI                  *\r\n* MTPCDMYZOPBOBAIJVZKAPLWNQULYXLMXYOSLHSWBPTULWHTNNEIZJIFAWCMIBZBDCDPMIXBCCJKVRLQ                      *\r\n* AXKSDMOQJSOFGOZQRRJSRGEQDGWZXJILLD                                                                   *\r\n* DPIZPPZDQIWVOKUEACYRTSTPXQOSAJD                                                                      *\r\n* CGVAIRTDRDOIHKHPDFIJNMNKVTCZAHDGFCTIOTVIIUZQEKIMIZOUBTGPSKFPPTCKAIDEQZBKJZASN                        *\r\n* GKKPRBSIFLVEQDOGTPSOPWHDWIXDLBTOCUEUEZCBRSDSJMJXWDGLAYHKDGTIDOWDSGBVZTBTMQXXSOUJZAHHVHOENTQ          *\r\n* GTXCVAACLOXCCNYJAJROMJJDHPHKSXHGDDMSTUCSORYKCEFIJFDDBBLXKUVGSPKNGRZYAFQGHYAVKYADJZBMTEEBRPIYZ        *\r\n* AZGLELEGIDPWWCBPMMURWTOYTCNYGLXRGKYBPZUPYCRXXWIBZCCWEHZHKHRBYGAWGXQLEAANRFTUCQBWTLYEJBN              *\r\n* LRQHISQSCUQZGXXZBOEZOFETGUIMHVNFKRAMKTEZOASHABPWOZDUWOKFMWANKEKGHKPPXKPIKEKNNXTFELYISSIWGUAOSRPKP    *\r\n* APMAZDKUKRDXSPCVJYFCOOBSJDKAQSPAXBXESEMUYXIR                                                         *\r\n* JBLLXHQENWLNTRWTJERBCZRSYCFMKEQGKZZBYPSLZWKEMQZMPBOTQPQKKTNVCDUIGECTRUUULG                           *\r\n* GPMGHCSXJP                                                                                           *\r\n* QVJPRFBXIVCBYHOFUUGUHKNKVXNFSKGKSJOHKCDOSOYGENNYTXXCCVPGIYUTSVEXPRIPSGUSRRBTLGGHKOMUNEIXT            *\r\n* ZLHJVXJARMEYFMCEKKUWUBSMJEJKKKJLV                                                                    *\r\n* HIKHVEJLPTDMIZRIUXDXOXTVARNZQGDTCVFUUCOPN                                                            *\r\n* MZJWVJSCQMIYWKPPHEQJUJPKKNUXORINKELT                                                                 *\r\n* DWEHNPRKDYVEEVKZDODKZMHPUOYEVORYVDDIMBHTXZGPZ                                                        *\r\n* JWXNGQHJLROONZQNPPHWIARCNBHJMAGSPAFCGHHBQMSMTXOHCKKQHDKIEVAEIXWLKVZMUOHHHGF                          *\r\n* IFIPNAHCQPKMPWXKHCSSPGBYYBMOCCJBYPZZNKRIQUVVLMWXQWAENMGBDKRLNTZNGIOAXXXWLJCVLGMLEOXGB                *\r\n* OLJXWDSGVXVHOCXWAT                                                                                   *\r\n* ETEJKQWXGGYWTLBUCRZATDENFADSJNIODGXKJCYHAGMZXBCVNIUEASFAOREKMEOSYJSMORKATSANQFQEYHFASENLBWVSXNUWSU   *\r\n* NIQHV                                                                                                *\r\n* UKHSSKJBAMEZNZTVHKRVSDFYEVVECVHAJDYTGSIMMRXBPWEVHRBFQAFREJOWOEYEEEQJAAPOCFIBFEIHQAXKUCJIYHOW         *\r\n* LXISTWKGVUGCMCLRDL                                                                                   *\r\n* A                                                                                                    *\r\n* GOHOKBUHLTLSKQHAJMIYAVFQIHZY                                                                         *\r\n* UVOWXFJBDJUPZJBVJCMDRUZRCGKIQGCBVQRXXWMKXZFDNIAMEVYENVZZVWUQUBKXG                                    *\r\n* TIRDXMPCGSPWDTGYEVHXOARRCABWPWOHWUOSUAXLPLOGKZTAKWWPQIETQABXLTMJDIZIFNEEX                            *\r\n* IDLKHCHBLTAZQNQVBTYAAVYFDCZKVWRSRVABHFTYPJISJDRLSJMKFWUNEGHEDXFOCHHVNOOVAAKQNGVZLN                   *\r\n* LKGNUBMXAYOUSETQBWVYDVQKEMDZXKHTQFTEVUMUARNXLFRMUPUDPPNQUVIIXNZPQVEM                                 *\r\n* OUGJBXMHTZZURFHQDEBSCKZMEWNSXGQAFBFVNUNRBJA                                                          *\r\n* JNGHRZNQDUIEVTEEKTJNIYPPAMCJQJQTJCDQQGAYTZXKTAATPIHIZNOKYQGFXDATEOVSQOODTLUIBFWZMITHCIUW             *\r\n* SSZZVBPZDFFFHDBUDONTFJTUHSOKSRWTZDXWOEXKEJXZQTEFRNYTGCJJY                                            *\r\n* SDMFHMJLGEFFFZRDOWM                                                                                  *\r\n* DNNJSFSCMWUOXJMUXZBLQFNAZMHZBDONXFBEPDNCTGZKKRIVNWGOUACYANJFYTBJHHRRIHFTMZR                          *\r\n* GCQHELLFWZSWCCDBTHEAFPCCZQNFRMCUISSYXCBM                                                             *\r\n* VMIOVPFDDAFVRFQZNHNXFNKWXNJKFER                                                                      *\r\n* RSJCUOEBHCOLXZRNBYKUNOC                                                                              *\r\n* CLQHFVYZIZEZVOFYDLQDYYZYVWIHUXRCQA                                                                   *\r\n* IXXWMEPCYVSRNSLQBYYJDMSLIMQELHBJVOXBFPEZJVBCDEVPJGPDRQVWELNZNKRQTIWYVJLMUZZIKQHEQBVFRXRESAWUBELZEKIV *\r\n* XUZVDJRQNLODJJMOMZWQSGUMQKQNAEA                                                                      *\r\n* MWTHWJOOZNEPIQRUZKRKMEPRZMEST                                                                        *\r\n* QJKGQNQFSCLIQEBEE                                                                                    *\r\n* TVOQMPUIGCHJFVUVXVEBAEEURPZENLPUIEZXQZWULIHOXJXPNVGFACZPQTYXQQVUMMBAWWFXYJPRWQWIRJQREKUFFKHWAZEVMMBK *\r\n* XSQQIGQMISAWQFGADPBRVVMPIXZFUE                                                                       *\r\n* OMAURZBVDETXRGAKUYVJXATMCGBHLHKRDILKP                                                                *\r\n* PABUXNCYVIIMFHZVMOTORKYUJVTBTIVPVIIVICCFJELSZ                                                        *\r\n* CDSIWXRATEBHKCTAEMNSRWYENJLNENZGVKTQJLMXYUOETASAMIZYEGIGENVMLEWFEVMAICRSAPUXHULMRLAVNABOCMLVQZMUXIZ  *\r\n* OSRJRHYPMKYKCIVZDASETXYWRWCADAZYUMXYUQEGBMCROATHDMQXQUERUVSUFXLLLZPPLXFNVLCHVGHQDUXRJBHAIFEZYK       *\r\n********************************************************************************************************\r\n&quot;)" methodname="TestWithRandom" classname="Open_Lab_04._14.Tests" runstate="Runnable" seed="1670992166" result="Passed" start-time="2021-12-27 14:18:11Z" end-time="2021-12-27 14:18:11Z" duration="0.015580" asserts="7773" />
            <test-case id="1020" name="TestWithRandom([&quot;AQFOLDVGGDCFSWWNN&quot;, &quot;RKATBJRP&quot;, &quot;FSGPLJYGEBTFZYRKGZCHLJRLWSQEH&quot;, &quot;VWVVQOZORVUQRLTWRMIIVKPHWWAUSSSUZPFWKEIDLSIGNVRFRAAEVYTLG&quot;, &quot;ZTNEVYCZQBGXMNEFXCCIUAEUDSSOYBWTQWEOPGXJDNEPZUNMAPAQI&quot;, ...],&quot;*************************************************************************************************\r\n* AQFOLDVGGDCFSWWNN                                                                             *\r\n* RKATBJRP                                                                                      *\r\n* FSGPLJYGEBTFZYRKGZCHLJRLWSQEH                                                                 *\r\n* VWVVQOZORVUQRLTWRMIIVKPHWWAUSSSUZPFWKEIDLSIGNVRFRAAEVYTLG                                     *\r\n* ZTNEVYCZQBGXMNEFXCCIUAEUDSSOYBWTQWEOPGXJDNEPZUNMAPAQI                                         *\r\n* TYPSBCGOBPFMGPJPPRFSEGWOVIEFOIAFKRDFYXEUDPMPKMNYDKAILPTNCAXTYBASOZBPMDRSNLPPTHEIUGBDIRUUYPDYA *\r\n* WCPUAKKYLATHVAAETVWOYSZWJWFGQWASSBPNZZGUXVUB                                                  *\r\n*************************************************************************************************\r\n&quot;)" fullname="Open_Lab_04._14.Tests.TestWithRandom([&quot;AQFOLDVGGDCFSWWNN&quot;, &quot;RKATBJRP&quot;, &quot;FSGPLJYGEBTFZYRKGZCHLJRLWSQEH&quot;, &quot;VWVVQOZORVUQRLTWRMIIVKPHWWAUSSSUZPFWKEIDLSIGNVRFRAAEVYTLG&quot;, &quot;ZTNEVYCZQBGXMNEFXCCIUAEUDSSOYBWTQWEOPGXJDNEPZUNMAPAQI&quot;, ...],&quot;*************************************************************************************************\r\n* AQFOLDVGGDCFSWWNN                                                                             *\r\n* RKATBJRP                                                                                      *\r\n* FSGPLJYGEBTFZYRKGZCHLJRLWSQEH                                                                 *\r\n* VWVVQOZORVUQRLTWRMIIVKPHWWAUSSSUZPFWKEIDLSIGNVRFRAAEVYTLG                                     *\r\n* ZTNEVYCZQBGXMNEFXCCIUAEUDSSOYBWTQWEOPGXJDNEPZUNMAPAQI                                         *\r\n* TYPSBCGOBPFMGPJPPRFSEGWOVIEFOIAFKRDFYXEUDPMPKMNYDKAILPTNCAXTYBASOZBPMDRSNLPPTHEIUGBDIRUUYPDYA *\r\n* WCPUAKKYLATHVAAETVWOYSZWJWFGQWASSBPNZZGUXVUB                                                  *\r\n*************************************************************************************************\r\n&quot;)" methodname="TestWithRandom" classname="Open_Lab_04._14.Tests" runstate="Runnable" seed="1479937463" result="Passed" start-time="2021-12-27 14:18:11Z" end-time="2021-12-27 14:18:11Z" duration="0.003484" asserts="885" />
            <test-case id="1021" name="TestWithRandom([&quot;VUU&quot;, &quot;WHCLMECTLEEEIPZAPULMEUPBQCXXLIALLVASQGPLKFNCPTNFBKLBJIQBSAVJGEICDTSMOHJJFABYGNMW&quot;, &quot;SWAXYCDFYZQKFEFXLYWBAQUABWJGRVFOZUOIHEEROHQHTYZVVBVOQVOCBZV&quot;, &quot;TWODUCLKQ&quot;, &quot;QGTFMTANHDWNLPZQYEFMHHJCXRTNMQMPFYLOUKIVCOSSFFLYDDEHEEQIXRHUZMAQQHIMELVNVJKSPQWSGUJIMFKAIC&quot;, ...],&quot;*******************************************************************************************************\r\n* VUU                                                                                                 *\r\n* WHCLMECTLEEEIPZAPULMEUPBQCXXLIALLVASQGPLKFNCPTNFBKLBJIQBSAVJGEICDTSMOHJJFABYGNMW                    *\r\n* SWAXYCDFYZQKFEFXLYWBAQUABWJGRVFOZUOIHEEROHQHTYZVVBVOQVOCBZV                                         *\r\n* TWODUCLKQ                                                                                           *\r\n* QGTFMTANHDWNLPZQYEFMHHJCXRTNMQMPFYLOUKIVCOSSFFLYDDEHEEQIXRHUZMAQQHIMELVNVJKSPQWSGUJIMFKAIC          *\r\n* DDNVPOBCYXZTRIRLUUXTHUPOFDREKWHEBUSJIOUENOYVGARAVTPGKJJIOYQMXXRBPV                                  *\r\n* XPHDGZTFTWUIELQIRHBTSKKUKXIHQWXFLIULOQIGRDQMUQLAGOAUNBZMFMSJQMPWZOWWQF                              *\r\n* AYVCOTYAULIABWDSKIHGBXZQEOUMGTPJBUZVSZLTGMYXILNZVVMNJZSCYFXZZLUAWYZGWHAKXOZPZCH                     *\r\n* BUQKHBABBWXMCLTVSXBKMGCOUBQVADDWXEYFUJTUXXFAKNHLUDXBAXGURCPFLFBXTAPXNNBIE                           *\r\n* MOBCEHTFAWGCVAXEOSTNISWHHJYK                                                                        *\r\n* HBOWTLRSOXILFEERRFPZJZJPRYTSUVVJJHTUSFBOGLZULCCORQPDJKOHSZFVRZXSCZBYLJYLDATXZODOVFBEFRAZTLC         *\r\n* AGXGOGSLAECHREAIQRHDVQZMYTNKZBEZHFLXDNISWSOQCTMBQRJCEYYJGKIVTHMZZDAMSDFDIOH                         *\r\n* CIKEGLTISCVI                                                                                        *\r\n* BQSENZOFORZTAINLGUPRVHXZDPI                                                                         *\r\n* EHXHRFRMMYUPSXNRLLFDFWLIFRLUSTAYQZBHTRBURAYHZAYYTGOSJFIH                                            *\r\n* OCAUWUTYVYTVFXUJLLFXEIFSNAMEHPLRUMEPBAUGFJDBFCOITJYTDJRGWHGWIOQGNBBTTFHKRZSUFEMKMDL                 *\r\n* RSOKVYSTTYXQSWOEBVPOBNBDRWARVWJEDSPUNRYUMORTBCCIQIIROWWDQKTYYAYWOTMZHTQKXUBNWICOUSBMNSPHWMDCX       *\r\n* WLPUEHQCBWSYUUUIGIIEEFZMJWEFDUPOMXYQXCEUYSREUPYVMOFVUTVQMDLHDKYGGDLWVEKEENGMOURTYISPPUTTCHDURWRNTKX *\r\n* EBZHDARGMJBSLRJUSJQMKRUNBQNHWTSDWBPXIKLPCMGSGLIZNWUJULGMGMGNMJKT                                    *\r\n* YVKCMMHXBKXKBHPHOUAYIJLVCQWEYCSCNCIQYWAJNMSAJBEEQGYPKVHOJPAVPDZZ                                    *\r\n* VXZZZJSTQKWQKLBLRNSDDRRUTGJWFUJNTJODFFRWGVTKLYZDYKYQGVNDGFGTZVOWBJ                                  *\r\n* AXXGLVVXIXGJVHGXVVTGXWLXZZYXKGXJCBYFBDMULYEFZWKLTYTAHCZEMAGMXYMBAXHTJAWRJYUYRFYDOMDMNWBZB           *\r\n* SAWZWNMDECOQCTBBRJIAMGCDYLUAODVISPHVVJCHMOBVOXKKKLFSQBHLYTBLSMOBHGYMLGGIGBOXF                       *\r\n* OAAKPCYCRQIWWCHQOAZZOIYXZ                                                                           *\r\n* FXLPNJGSEBKIWMDF                                                                                    *\r\n* HEPJEAQNNYFSGBDLLWAQBDZPEXGFFENWJSQTJUBWVCZLAAYZHWKPCONEFZF                                         *\r\n* ULHJKIINLKBRVDVZENODYGXITXU                                                                         *\r\n* FMNKOUCJVPARRLOXVSUYTOARKBHNNYQMOOHYWRDABLEONWMNSANADVBRMWZMMPWWZNDDDPADPUXIJLEO                    *\r\n* UUNKPJTNQMASQNMOHOZTJKCZJLJYSHARLXSUJMKEJPNDALZGLTCXEUFKSNA                                         *\r\n* AVUILIHSVRFUDVJTW                                                                                   *\r\n* ZXLCMZECNQRICWLGDOVERSEGLTOITJKMNTODSYIVEJVQBNPJJXRVXSGHSFRTLWIDFEUIIINFFAAIWOEYEFYWSPOUMGKMGPJH    *\r\n* R                                                                                                   *\r\n* WSGBAJLPXSXKEATOGXMLPQZVBYBYPQSIECIFXDXMGZRC                                                        *\r\n* WFMNADJNGVGSKZCINZGAPFCSNRCZZEQYXHESOKPMIVYHCMMEVETZKCZQD                                           *\r\n* AJBJNCFHVDUJTCKURUHUQBEYEVLQOVHOPVKFKYHVBURIJLKRPQKFJIDZEDESRPTZWGUYRFJSNLTV                        *\r\n* WOTKTBXKCEGSLAHUOEMBSMCQMAJHSSXPHPIO                                                                *\r\n* HXOVOTCNGFECYYGHUQJMCYTRQSJGRKWSSIGGXFDSZDGU                                                        *\r\n* ETTRIMYZBIJEWEVJVVVJ                                                                                *\r\n* JPRAJOMQMZSZMLYQPJXXSQZXCAAIIEHKLSVECQYXLJPJRFKT                                                    *\r\n* TFMXMTTPTXIOEHIRHNTQUOYKZLJBQGXQHLPYVMZYBOITQJHBGRJRRCCFHBXAKRZNZSGTRKWUOUOFGEUQEHUZWGYEI           *\r\n* RUPYOJPUUYCNJWVPCWOXZCGHWCWZQSTCLITBFQF                                                             *\r\n* QLKVNQYYDGEBQLKONH                                                                                  *\r\n*******************************************************************************************************\r\n&quot;)" fullname="Open_Lab_04._14.Tests.TestWithRandom([&quot;VUU&quot;, &quot;WHCLMECTLEEEIPZAPULMEUPBQCXXLIALLVASQGPLKFNCPTNFBKLBJIQBSAVJGEICDTSMOHJJFABYGNMW&quot;, &quot;SWAXYCDFYZQKFEFXLYWBAQUABWJGRVFOZUOIHEEROHQHTYZVVBVOQVOCBZV&quot;, &quot;TWODUCLKQ&quot;, &quot;QGTFMTANHDWNLPZQYEFMHHJCXRTNMQMPFYLOUKIVCOSSFFLYDDEHEEQIXRHUZMAQQHIMELVNVJKSPQWSGUJIMFKAIC&quot;, ...],&quot;*******************************************************************************************************\r\n* VUU                                                                                                 *\r\n* WHCLMECTLEEEIPZAPULMEUPBQCXXLIALLVASQGPLKFNCPTNFBKLBJIQBSAVJGEICDTSMOHJJFABYGNMW                    *\r\n* SWAXYCDFYZQKFEFXLYWBAQUABWJGRVFOZUOIHEEROHQHTYZVVBVOQVOCBZV                                         *\r\n* TWODUCLKQ                                                                                           *\r\n* QGTFMTANHDWNLPZQYEFMHHJCXRTNMQMPFYLOUKIVCOSSFFLYDDEHEEQIXRHUZMAQQHIMELVNVJKSPQWSGUJIMFKAIC          *\r\n* DDNVPOBCYXZTRIRLUUXTHUPOFDREKWHEBUSJIOUENOYVGARAVTPGKJJIOYQMXXRBPV                                  *\r\n* XPHDGZTFTWUIELQIRHBTSKKUKXIHQWXFLIULOQIGRDQMUQLAGOAUNBZMFMSJQMPWZOWWQF                              *\r\n* AYVCOTYAULIABWDSKIHGBXZQEOUMGTPJBUZVSZLTGMYXILNZVVMNJZSCYFXZZLUAWYZGWHAKXOZPZCH                     *\r\n* BUQKHBABBWXMCLTVSXBKMGCOUBQVADDWXEYFUJTUXXFAKNHLUDXBAXGURCPFLFBXTAPXNNBIE                           *\r\n* MOBCEHTFAWGCVAXEOSTNISWHHJYK                                                                        *\r\n* HBOWTLRSOXILFEERRFPZJZJPRYTSUVVJJHTUSFBOGLZULCCORQPDJKOHSZFVRZXSCZBYLJYLDATXZODOVFBEFRAZTLC         *\r\n* AGXGOGSLAECHREAIQRHDVQZMYTNKZBEZHFLXDNISWSOQCTMBQRJCEYYJGKIVTHMZZDAMSDFDIOH                         *\r\n* CIKEGLTISCVI                                                                                        *\r\n* BQSENZOFORZTAINLGUPRVHXZDPI                                                                         *\r\n* EHXHRFRMMYUPSXNRLLFDFWLIFRLUSTAYQZBHTRBURAYHZAYYTGOSJFIH                                            *\r\n* OCAUWUTYVYTVFXUJLLFXEIFSNAMEHPLRUMEPBAUGFJDBFCOITJYTDJRGWHGWIOQGNBBTTFHKRZSUFEMKMDL                 *\r\n* RSOKVYSTTYXQSWOEBVPOBNBDRWARVWJEDSPUNRYUMORTBCCIQIIROWWDQKTYYAYWOTMZHTQKXUBNWICOUSBMNSPHWMDCX       *\r\n* WLPUEHQCBWSYUUUIGIIEEFZMJWEFDUPOMXYQXCEUYSREUPYVMOFVUTVQMDLHDKYGGDLWVEKEENGMOURTYISPPUTTCHDURWRNTKX *\r\n* EBZHDARGMJBSLRJUSJQMKRUNBQNHWTSDWBPXIKLPCMGSGLIZNWUJULGMGMGNMJKT                                    *\r\n* YVKCMMHXBKXKBHPHOUAYIJLVCQWEYCSCNCIQYWAJNMSAJBEEQGYPKVHOJPAVPDZZ                                    *\r\n* VXZZZJSTQKWQKLBLRNSDDRRUTGJWFUJNTJODFFRWGVTKLYZDYKYQGVNDGFGTZVOWBJ                                  *\r\n* AXXGLVVXIXGJVHGXVVTGXWLXZZYXKGXJCBYFBDMULYEFZWKLTYTAHCZEMAGMXYMBAXHTJAWRJYUYRFYDOMDMNWBZB           *\r\n* SAWZWNMDECOQCTBBRJIAMGCDYLUAODVISPHVVJCHMOBVOXKKKLFSQBHLYTBLSMOBHGYMLGGIGBOXF                       *\r\n* OAAKPCYCRQIWWCHQOAZZOIYXZ                                                                           *\r\n* FXLPNJGSEBKIWMDF                                                                                    *\r\n* HEPJEAQNNYFSGBDLLWAQBDZPEXGFFENWJSQTJUBWVCZLAAYZHWKPCONEFZF                                         *\r\n* ULHJKIINLKBRVDVZENODYGXITXU                                                                         *\r\n* FMNKOUCJVPARRLOXVSUYTOARKBHNNYQMOOHYWRDABLEONWMNSANADVBRMWZMMPWWZNDDDPADPUXIJLEO                    *\r\n* UUNKPJTNQMASQNMOHOZTJKCZJLJYSHARLXSUJMKEJPNDALZGLTCXEUFKSNA                                         *\r\n* AVUILIHSVRFUDVJTW                                                                                   *\r\n* ZXLCMZECNQRICWLGDOVERSEGLTOITJKMNTODSYIVEJVQBNPJJXRVXSGHSFRTLWIDFEUIIINFFAAIWOEYEFYWSPOUMGKMGPJH    *\r\n* R                                                                                                   *\r\n* WSGBAJLPXSXKEATOGXMLPQZVBYBYPQSIECIFXDXMGZRC                                                        *\r\n* WFMNADJNGVGSKZCINZGAPFCSNRCZZEQYXHESOKPMIVYHCMMEVETZKCZQD                                           *\r\n* AJBJNCFHVDUJTCKURUHUQBEYEVLQOVHOPVKFKYHVBURIJLKRPQKFJIDZEDESRPTZWGUYRFJSNLTV                        *\r\n* WOTKTBXKCEGSLAHUOEMBSMCQMAJHSSXPHPIO                                                                *\r\n* HXOVOTCNGFECYYGHUQJMCYTRQSJGRKWSSIGGXFDSZDGU                                                        *\r\n* ETTRIMYZBIJEWEVJVVVJ                                                                                *\r\n* JPRAJOMQMZSZMLYQPJXXSQZXCAAIIEHKLSVECQYXLJPJRFKT                                                    *\r\n* TFMXMTTPTXIOEHIRHNTQUOYKZLJBQGXQHLPYVMZYBOITQJHBGRJRRCCFHBXAKRZNZSGTRKWUOUOFGEUQEHUZWGYEI           *\r\n* RUPYOJPUUYCNJWVPCWOXZCGHWCWZQSTCLITBFQF                                                             *\r\n* QLKVNQYYDGEBQLKONH                                                                                  *\r\n*******************************************************************************************************\r\n&quot;)" methodname="TestWithRandom" classname="Open_Lab_04._14.Tests" runstate="Runnable" seed="1365563149" result="Passed" start-time="2021-12-27 14:18:11Z" end-time="2021-12-27 14:18:11Z" duration="0.015492" asserts="4579" />
            <test-case id="1022" name="TestWithRandom([&quot;NPDBEACBCTKLQJGOSKUFEYWJORMZXEOXOTRAHIRMOWVKWSKG&quot;, &quot;WWCMXIOTTNNOCEYEMX&quot;, &quot;SGGJTIQHCLNWGFVAIMLRLCGNVDXLSXFKUNOYQMIEGAMIGRHIHDQSAGMPZSOQKFPEFCBSRWKVDHKKPYHDWPDPHNJNBY&quot;, &quot;XYRUBLICDPORKSUOTVBZALKUVBAXSTNRSYNWMNJZHWDOIXTWMZPSAYXMOXYZLKKKCWYMEYCGLCSEHWLXHDKTDVQUABIOOJN&quot;, &quot;MTMLZGROWIGYGTFRMBSIAQGGGELDPOSBOVRNKAXBLWWUPSNGVQCMRFWVNFFVUOYIQEJKBRHLDRWDULRNQFIZLFK&quot;, ...],&quot;***************************************************************************************************\r\n* NPDBEACBCTKLQJGOSKUFEYWJORMZXEOXOTRAHIRMOWVKWSKG                                                *\r\n* WWCMXIOTTNNOCEYEMX                                                                              *\r\n* SGGJTIQHCLNWGFVAIMLRLCGNVDXLSXFKUNOYQMIEGAMIGRHIHDQSAGMPZSOQKFPEFCBSRWKVDHKKPYHDWPDPHNJNBY      *\r\n* XYRUBLICDPORKSUOTVBZALKUVBAXSTNRSYNWMNJZHWDOIXTWMZPSAYXMOXYZLKKKCWYMEYCGLCSEHWLXHDKTDVQUABIOOJN *\r\n* MTMLZGROWIGYGTFRMBSIAQGGGELDPOSBOVRNKAXBLWWUPSNGVQCMRFWVNFFVUOYIQEJKBRHLDRWDULRNQFIZLFK         *\r\n* ZWZEVCGXYNEKIDFDJQIAISBBNREPFYWKUB                                                              *\r\n* FSCQBKZFGHGENAEQVXJZGVYQDXQRZRTQHRZLGAHPJNUU                                                    *\r\n* NRPBIBNLBEKTLMDUIFOOQWVASJVPT                                                                   *\r\n* TAEJPGAPRQFFGMPSUNDVBIFFRQVOJZGYSKLKPCWXTSOYIKQILAOHMXPKUYSZKLGS                                *\r\n***************************************************************************************************\r\n&quot;)" fullname="Open_Lab_04._14.Tests.TestWithRandom([&quot;NPDBEACBCTKLQJGOSKUFEYWJORMZXEOXOTRAHIRMOWVKWSKG&quot;, &quot;WWCMXIOTTNNOCEYEMX&quot;, &quot;SGGJTIQHCLNWGFVAIMLRLCGNVDXLSXFKUNOYQMIEGAMIGRHIHDQSAGMPZSOQKFPEFCBSRWKVDHKKPYHDWPDPHNJNBY&quot;, &quot;XYRUBLICDPORKSUOTVBZALKUVBAXSTNRSYNWMNJZHWDOIXTWMZPSAYXMOXYZLKKKCWYMEYCGLCSEHWLXHDKTDVQUABIOOJN&quot;, &quot;MTMLZGROWIGYGTFRMBSIAQGGGELDPOSBOVRNKAXBLWWUPSNGVQCMRFWVNFFVUOYIQEJKBRHLDRWDULRNQFIZLFK&quot;, ...],&quot;***************************************************************************************************\r\n* NPDBEACBCTKLQJGOSKUFEYWJORMZXEOXOTRAHIRMOWVKWSKG                                                *\r\n* WWCMXIOTTNNOCEYEMX                                                                              *\r\n* SGGJTIQHCLNWGFVAIMLRLCGNVDXLSXFKUNOYQMIEGAMIGRHIHDQSAGMPZSOQKFPEFCBSRWKVDHKKPYHDWPDPHNJNBY      *\r\n* XYRUBLICDPORKSUOTVBZALKUVBAXSTNRSYNWMNJZHWDOIXTWMZPSAYXMOXYZLKKKCWYMEYCGLCSEHWLXHDKTDVQUABIOOJN *\r\n* MTMLZGROWIGYGTFRMBSIAQGGGELDPOSBOVRNKAXBLWWUPSNGVQCMRFWVNFFVUOYIQEJKBRHLDRWDULRNQFIZLFK         *\r\n* ZWZEVCGXYNEKIDFDJQIAISBBNREPFYWKUB                                                              *\r\n* FSCQBKZFGHGENAEQVXJZGVYQDXQRZRTQHRZLGAHPJNUU                                                    *\r\n* NRPBIBNLBEKTLMDUIFOOQWVASJVPT                                                                   *\r\n* TAEJPGAPRQFFGMPSUNDVBIFFRQVOJZGYSKLKPCWXTSOYIKQILAOHMXPKUYSZKLGS                                *\r\n***************************************************************************************************\r\n&quot;)" methodname="TestWithRandom" classname="Open_Lab_04._14.Tests" runstate="Runnable" seed="1660522602" result="Passed" start-time="2021-12-27 14:18:11Z" end-time="2021-12-27 14:18:11Z" duration="0.002703" asserts="1103" />
            <test-case id="1023" name="TestWithRandom([&quot;NVBECSQFBJUHXGAMDIKYMUVAQRJXNH&quot;, &quot;WOAXUHGXWRGWGQMAMZXIYHLVTZAOLITSTXYSWIFFXKNHF&quot;, &quot;PJDQXYPZNODFEUGRMNXOCISUDDUSLNTEPUKRLVLUCUKJPRDKYFXAJRVHQIMTEXOZUZPJKPGRCDLIXJFMAJTFPTUYZDACI&quot;, &quot;QEFLPQCUZJZGYGGNJHDATUEIJAERKHODIKMGCMTOJFKJGJUOSLTTZIYWAXBOLLJSVWXOU&quot;, &quot;LWOOQNKVBAFQZYNVDALPGELEDYWROKLGTSAWELSKMFVAIVMKEZSXCESGLJLRRSGROZWGYQQSIBDBJKWHMLNOSOEPAULVZATTY&quot;, ...],&quot;*******************************************************************************************************\r\n* NVBECSQFBJUHXGAMDIKYMUVAQRJXNH                                                                      *\r\n* WOAXUHGXWRGWGQMAMZXIYHLVTZAOLITSTXYSWIFFXKNHF                                                       *\r\n* PJDQXYPZNODFEUGRMNXOCISUDDUSLNTEPUKRLVLUCUKJPRDKYFXAJRVHQIMTEXOZUZPJKPGRCDLIXJFMAJTFPTUYZDACI       *\r\n* QEFLPQCUZJZGYGGNJHDATUEIJAERKHODIKMGCMTOJFKJGJUOSLTTZIYWAXBOLLJSVWXOU                               *\r\n* LWOOQNKVBAFQZYNVDALPGELEDYWROKLGTSAWELSKMFVAIVMKEZSXCESGLJLRRSGROZWGYQQSIBDBJKWHMLNOSOEPAULVZATTY   *\r\n* LJYGMNJZPAAQWANDFF                                                                                  *\r\n* SZAUGFDEUSHHJDEYMJGY                                                                                *\r\n* FSYDPJXLIWVNOFFKORAIIOHHSQNSBAUYHFNGCQRVGTMWMUVXZNXRFPQQLRKZWFJICWGJSYIYAFCPCKVYVPSNCDTROWVLGSYAJDU *\r\n* OLFAFZQANBOAVMDHMWFZDPVVCXRIGBFYQFKJKRICMSDMIVPTORONYVMYQKYHHI                                      *\r\n* LWPKQCUWUNCMKLIMHIYTONSAUSLTZTBVEYSQTKZRUUTZVICNIXQYJOEXDOPXQAXBMHILSRTWJGZUU                       *\r\n* FLQYLBDCLPUUMEUBBTXSNNAQUQETPDPKDLJEGSPVXJWSRYFOBHFFWCERLZDUWJMIAJRAVQV                             *\r\n* DBUDRIZWKQSIXKNAGRTGOUYOXNSIGETKMW                                                                  *\r\n* UIBACAH                                                                                             *\r\n* GRELPVRTDXOTIDFGDPRPGXHVAITSFRQGHKRXSCCM                                                            *\r\n* KPNYDSRDUWNJRDJJIKHCZOMHHMYLHOBMEAVHTXXPBOLUCXPGINJRVKPWCF                                          *\r\n* QUFVGVAEQIBPLNSAKDRFKXRCTEJRULZEOGGUVTEZBSYYGXYEDJFTLAGTDDBCLJKFIW                                  *\r\n* EGXEQY                                                                                              *\r\n* DRYSWWFEOKFGTNZNRSSCNSHTQJWTYFEOUTXPVLHFWHUAZCDNESGMYWEKJECMZMGIFRLAQK                              *\r\n* FLMGGYHTNGIOFZSQYOMFQIVFJBLVIQDWUAABLPYMCLOFQXAJMBNLEFCWQHWEMMKXDMUFZREI                            *\r\n* ACFUPOMBCIHCRSOYDKETTZQAQCEDUKVWEVECWCBSKDKDDULTFHVGAPWAMEDMJI                                      *\r\n* SMKYVNMBBJLIQPMWVQKXMOOWOZ                                                                          *\r\n* QSYOIBWSQSWQGTGT                                                                                    *\r\n* OHGLZHHWZLTDYOJWKVIDVCHTXWEZAEEGURHHTSRKQSJQCOSDNUWYXQCLAMNDDIWUHNIGGBDREYMDTQQIDALFIFIDPV          *\r\n* GENGHVOJPGMWLRETZEYSJWFACWQMB                                                                       *\r\n* ERLUWMQREHEHBCRDAODMJ                                                                               *\r\n* QDXKZNELFCHJBVLQUSDHARNBUDJYWBIPWFAHWMNCNTBCARBVSKULJBZYPWPVEFPETSNVUDTIFAUHQLBDCNGLHXGUGBSAXRYHDX  *\r\n* HDFBOQMFIHSIDVLTRZDWWMTPSLTKNBMDTC                                                                  *\r\n* ZXLSVVRXMOTOFLXHIAAMVKPICWBRHVPOBBMWFGHBEPGBYWOZQUECTQYOHDPZTZQRZFNDZBBBTYIF                        *\r\n* OJGIBBMQMVKCXOC                                                                                     *\r\n* IIEZPCTIKAOSCJVISLTTJQRYDAMJDABMZKKPDGOMQXXBMTODACKMVIHRQGVOPJFJY                                   *\r\n* SRYFEMWHD                                                                                           *\r\n* TQLJMJJAQPQRDTZWKZWGRNCKAWFVXYPOFUYAVMCGAFTJLBOF                                                    *\r\n* IBXKWUFNAIPDOCSACLJVZB                                                                              *\r\n* WPFMUTZZIAPPXREIZSNUDMCMCAIJPEJGGCAVRIKTBJHDYNVIYDJCLGVJMTJULPJDQIIUQJRRHTTTEZNPEALMVHUZGQIXYQIL    *\r\n* EN                                                                                                  *\r\n* EARPMSVSNCENFUPKEXHJOIOAATSQLHTALYKDIWZCLCMELURDBXHDWEBVMROS                                        *\r\n* E                                                                                                   *\r\n* FJECHJLCIXEXMWJOGBOPNAPDHXPQ                                                                        *\r\n* IHCHVHVHSKUPVYGSGPZDDHQLOTETBUKUULAPCQQOOHORUASBJLAIQNNAQQSBCCFXA                                   *\r\n*******************************************************************************************************\r\n&quot;)" fullname="Open_Lab_04._14.Tests.TestWithRandom([&quot;NVBECSQFBJUHXGAMDIKYMUVAQRJXNH&quot;, &quot;WOAXUHGXWRGWGQMAMZXIYHLVTZAOLITSTXYSWIFFXKNHF&quot;, &quot;PJDQXYPZNODFEUGRMNXOCISUDDUSLNTEPUKRLVLUCUKJPRDKYFXAJRVHQIMTEXOZUZPJKPGRCDLIXJFMAJTFPTUYZDACI&quot;, &quot;QEFLPQCUZJZGYGGNJHDATUEIJAERKHODIKMGCMTOJFKJGJUOSLTTZIYWAXBOLLJSVWXOU&quot;, &quot;LWOOQNKVBAFQZYNVDALPGELEDYWROKLGTSAWELSKMFVAIVMKEZSXCESGLJLRRSGROZWGYQQSIBDBJKWHMLNOSOEPAULVZATTY&quot;, ...],&quot;*******************************************************************************************************\r\n* NVBECSQFBJUHXGAMDIKYMUVAQRJXNH                                                                      *\r\n* WOAXUHGXWRGWGQMAMZXIYHLVTZAOLITSTXYSWIFFXKNHF                                                       *\r\n* PJDQXYPZNODFEUGRMNXOCISUDDUSLNTEPUKRLVLUCUKJPRDKYFXAJRVHQIMTEXOZUZPJKPGRCDLIXJFMAJTFPTUYZDACI       *\r\n* QEFLPQCUZJZGYGGNJHDATUEIJAERKHODIKMGCMTOJFKJGJUOSLTTZIYWAXBOLLJSVWXOU                               *\r\n* LWOOQNKVBAFQZYNVDALPGELEDYWROKLGTSAWELSKMFVAIVMKEZSXCESGLJLRRSGROZWGYQQSIBDBJKWHMLNOSOEPAULVZATTY   *\r\n* LJYGMNJZPAAQWANDFF                                                                                  *\r\n* SZAUGFDEUSHHJDEYMJGY                                                                                *\r\n* FSYDPJXLIWVNOFFKORAIIOHHSQNSBAUYHFNGCQRVGTMWMUVXZNXRFPQQLRKZWFJICWGJSYIYAFCPCKVYVPSNCDTROWVLGSYAJDU *\r\n* OLFAFZQANBOAVMDHMWFZDPVVCXRIGBFYQFKJKRICMSDMIVPTORONYVMYQKYHHI                                      *\r\n* LWPKQCUWUNCMKLIMHIYTONSAUSLTZTBVEYSQTKZRUUTZVICNIXQYJOEXDOPXQAXBMHILSRTWJGZUU                       *\r\n* FLQYLBDCLPUUMEUBBTXSNNAQUQETPDPKDLJEGSPVXJWSRYFOBHFFWCERLZDUWJMIAJRAVQV                             *\r\n* DBUDRIZWKQSIXKNAGRTGOUYOXNSIGETKMW                                                                  *\r\n* UIBACAH                                                                                             *\r\n* GRELPVRTDXOTIDFGDPRPGXHVAITSFRQGHKRXSCCM                                                            *\r\n* KPNYDSRDUWNJRDJJIKHCZOMHHMYLHOBMEAVHTXXPBOLUCXPGINJRVKPWCF                                          *\r\n* QUFVGVAEQIBPLNSAKDRFKXRCTEJRULZEOGGUVTEZBSYYGXYEDJFTLAGTDDBCLJKFIW                                  *\r\n* EGXEQY                                                                                              *\r\n* DRYSWWFEOKFGTNZNRSSCNSHTQJWTYFEOUTXPVLHFWHUAZCDNESGMYWEKJECMZMGIFRLAQK                              *\r\n* FLMGGYHTNGIOFZSQYOMFQIVFJBLVIQDWUAABLPYMCLOFQXAJMBNLEFCWQHWEMMKXDMUFZREI                            *\r\n* ACFUPOMBCIHCRSOYDKETTZQAQCEDUKVWEVECWCBSKDKDDULTFHVGAPWAMEDMJI                                      *\r\n* SMKYVNMBBJLIQPMWVQKXMOOWOZ                                                                          *\r\n* QSYOIBWSQSWQGTGT                                                                                    *\r\n* OHGLZHHWZLTDYOJWKVIDVCHTXWEZAEEGURHHTSRKQSJQCOSDNUWYXQCLAMNDDIWUHNIGGBDREYMDTQQIDALFIFIDPV          *\r\n* GENGHVOJPGMWLRETZEYSJWFACWQMB                                                                       *\r\n* ERLUWMQREHEHBCRDAODMJ                                                                               *\r\n* QDXKZNELFCHJBVLQUSDHARNBUDJYWBIPWFAHWMNCNTBCARBVSKULJBZYPWPVEFPETSNVUDTIFAUHQLBDCNGLHXGUGBSAXRYHDX  *\r\n* HDFBOQMFIHSIDVLTRZDWWMTPSLTKNBMDTC                                                                  *\r\n* ZXLSVVRXMOTOFLXHIAAMVKPICWBRHVPOBBMWFGHBEPGBYWOZQUECTQYOHDPZTZQRZFNDZBBBTYIF                        *\r\n* OJGIBBMQMVKCXOC                                                                                     *\r\n* IIEZPCTIKAOSCJVISLTTJQRYDAMJDABMZKKPDGOMQXXBMTODACKMVIHRQGVOPJFJY                                   *\r\n* SRYFEMWHD                                                                                           *\r\n* TQLJMJJAQPQRDTZWKZWGRNCKAWFVXYPOFUYAVMCGAFTJLBOF                                                    *\r\n* IBXKWUFNAIPDOCSACLJVZB                                                                              *\r\n* WPFMUTZZIAPPXREIZSNUDMCMCAIJPEJGGCAVRIKTBJHDYNVIYDJCLGVJMTJULPJDQIIUQJRRHTTTEZNPEALMVHUZGQIXYQIL    *\r\n* EN                                                                                                  *\r\n* EARPMSVSNCENFUPKEXHJOIOAATSQLHTALYKDIWZCLCMELURDBXHDWEBVMROS                                        *\r\n* E                                                                                                   *\r\n* FJECHJLCIXEXMWJOGBOPNAPDHXPQ                                                                        *\r\n* IHCHVHVHSKUPVYGSGPZDDHQLOTETBUKUULAPCQQOOHORUASBJLAIQNNAQQSBCCFXA                                   *\r\n*******************************************************************************************************\r\n&quot;)" methodname="TestWithRandom" classname="Open_Lab_04._14.Tests" runstate="Runnable" seed="931662660" result="Passed" start-time="2021-12-27 14:18:11Z" end-time="2021-12-27 14:18:11Z" duration="0.012992" asserts="4267" />
            <test-case id="1024" name="TestWithRandom([&quot;JYQQQYKPWTZROADJQTCDHYZYLXOMLBQQUGJCTVKJGYQGRZEBZSPDYVNLYRETJXDVDIXHRAQVJSXIHTH&quot;, &quot;SNNTLMSYTXDCQQAIVVDICWJZBUTGYEDFJSAVKJJQQYOTWO&quot;, &quot;TSONLPZJVDNRRTMZOUYS&quot;, &quot;QEYLMNRDIPDNPANKQSPKJERWRSXEYZZXVHCOPCZCHGNNKEBSYPYCIIOLMBTUPNEIQFRHXZUOSMCDQDMNQEFJBXONTQ&quot;, &quot;OIFMUBF&quot;, ...],&quot;********************************************************************************************************\r\n* JYQQQYKPWTZROADJQTCDHYZYLXOMLBQQUGJCTVKJGYQGRZEBZSPDYVNLYRETJXDVDIXHRAQVJSXIHTH                      *\r\n* SNNTLMSYTXDCQQAIVVDICWJZBUTGYEDFJSAVKJJQQYOTWO                                                       *\r\n* TSONLPZJVDNRRTMZOUYS                                                                                 *\r\n* QEYLMNRDIPDNPANKQSPKJERWRSXEYZZXVHCOPCZCHGNNKEBSYPYCIIOLMBTUPNEIQFRHXZUOSMCDQDMNQEFJBXONTQ           *\r\n* OIFMUBF                                                                                              *\r\n* FNUUYUKJWFLVIPGDLHVHSQDOGXGFMZIBLGGAVJHOROSIIVTYCBBMGXEOJGOAOEWWWJJBIGHBAGPEXUFLEHDLYWVNBRQ          *\r\n* VGAMRWMZMRPWTZMZIZQOACWGBLXZNVAQPRGTGDNBHGYMRGRYJWFBABPSKTLGYM                                       *\r\n* QRZGBTSTFMPHTEJPUUZQRQYPNCNJMSHCUUIVSZPFQCAPL                                                        *\r\n* VOAEQMZWTASJTZFJHMFMMZVNWVETZPPJETGYJHCVDYBHCJGPZHVNJYIWSMIUHFXEKJEASHZZKKJOXNLN                     *\r\n* OURTCZFKKGWZHNXAWXSEGXSIWCZPUYEBUGSLGLIKZPIADZDWLNBQSJHR                                             *\r\n* JXZZPQLB                                                                                             *\r\n* FAVMULPIERPREXYDEGWOILYAJXNILJYWZHUDAZTQBKEQCKEABVLJPNNTBUCWXHWVSSSWCUCENGNXGIYZSNG                  *\r\n* YPHMUABFWWTTNJYJSHXGSGWIAPNTWDEJAHWCLFCCTXIQMTJXJOHLQAWRTYM                                          *\r\n* NIITSKTFMVYMFUNVYFWG                                                                                 *\r\n* PJIWSSALFJMTXPKOOYCADKO                                                                              *\r\n* UFWMASNCFZXYZXZRSUHLLSIECHKHTGBEVTBNWOLMWKOXSMOQYKHJDCDBXRKT                                         *\r\n* FIYXSCGWMVEIUPBEKMQSTIJZRBSPZQEER                                                                    *\r\n* QCQAZJHUMODAJNCXM                                                                                    *\r\n* TAOXYZFRKQWWQARQYY                                                                                   *\r\n* KNGKZWUWRRFNCDAKQPTDQUIZRYQYDJTODIBRNQPAEDOZEDTSQPAAFVXQ                                             *\r\n* HTAGWSHYQKTCIWAZSYN                                                                                  *\r\n* JUOEYHNJSIHLLMGXOUIKGANS                                                                             *\r\n* Q                                                                                                    *\r\n* TABNWJKVMFWIOFYGICIQWQDKXQDZIG                                                                       *\r\n* EHATJRVLBBQTRSMUEIUFQRZLCWQPFGKNFKRANLPPMRGPFWLRLWZQOBEMIPRMAGFVQDOHBMGSTFTZLKFFLY                   *\r\n* JHUYEFESYUCOFLL                                                                                      *\r\n* CIDQZQGWJHFBXJLBCCWOVEJBXUHXRRNNALDWHIESAYPWACUPIBLCPXDXZCTEJIFRTRBMFPTUXDNXOMBUARPPFLYDIGXFOAJR     *\r\n* XDIBHJTHRELJFIMAZERTPMITYEZROFXUWEQJSSSIVIOGMTCXLEPVRXDLUPDDJCSLHRMARCHG                             *\r\n* JYHXCGEBCFKPCCYBFPDPOYSPCZUGCFJWJJIYVNSIYCHWIVEO                                                     *\r\n* YMNEQXKFSVCLXZWWNGTTZGRWURMRWGGUGSDTVSSLYTDSPWADKZVPLUO                                              *\r\n* UQKZKSJLOIFFVDBVNHVGCZGXQJGWLRJLELZEISAFKREHRVHHYABEZHPUJMJBLMAWZUBKDWM                              *\r\n* GPWKVZGVBZYKPELWVEUVJZUXRHIWTXDBNGXJKEZKFNAMNPHUJEOZBQMHVYTNQKBDVWXIHBLQEKQVYHJBAO                   *\r\n* PIDAWUQOMLLTVMWQRSYMHSYVRAQJNOSNCXMURWAORMZFSQVIBRS                                                  *\r\n* CBFWKIIVDHBXTYQYABZURJVUTSCBFHHWWJL                                                                  *\r\n* RPKINEK                                                                                              *\r\n* LCMUZWIARYRSFKDSGHQWZFBKMPGKRQGNZLJQGIBI                                                             *\r\n* GEXRTWGMSCGOOKFBBHKQYIBRESUBMLYGHWTBDSTSZYZOAYKBDPEAQSAYCGNACFZGEZGRREXJORQZJNQFHSXXGXPPVUYXESQTZ    *\r\n* JARTJZRUMZBBOPPISJIBZGKRVWGAFVAWAQDQNOJYGMLQOUGJHVAHLXSDQAXNTQPQYEAXLZVD                             *\r\n* K                                                                                                    *\r\n* NUUCAQWSJVTLDYZZMRVEPWURJTIXIAWHABEJVXWWWXFVFSXZLZIMEFGQZCTHIYKJYLKCTQDOUYIRRZMQWILJ                 *\r\n* JDVVNJSEPOXNWXTIVFVVTSFXOZAQCKZNARPIPGFGLKEKKEVBSIBDQNYQXYGOJCCEPKMFHK                               *\r\n* OAPKJNVMKEYXTJWWNSYLQARXIHAUARQUIQNCACPDCLWJKEJVTNZMJZBOIRBBNAMSOEPDWTWK                             *\r\n* VIFDHMEYEBMSDK                                                                                       *\r\n* OZUJANPCZDVGPFYAROJOQWKAFXDJZZALTGOX                                                                 *\r\n* MJQFGFZMGPSFBVDUWSROTDDKGCADKMJRBBEESIKRKOZIKDYEXQXNWIFJGFZDFWCUGBEAQYBNHADEEVZCEVFTOVUSVVYMJGMOL    *\r\n* CIZXNYOKFWEAFLFWYJQJ                                                                                 *\r\n* KGLFVAOEBOPTZSRDHHHEEP                                                                               *\r\n* NUPNHMICXCZRCNSSYAFEIPHGSOSRBJEBUIXKFMHSSLSQZBOPOPJEYLQYMJVSTRAOXYXTQHMLSNMWXQGQZCDMZACJSYYVR        *\r\n* YBLDTBEVZGCXLLZTBVDESQNOOXVNARJRUDPKLTXFMEDWKBPRKYXCSMWHNXP                                          *\r\n* FQUHWLDHVOIIXYRNNREMHDDCUHYHGIWODBZWKWAYYHVVQOEUUJTWSCNCNSMPMVANRUEVYVDRQFOAHHMFCENX                 *\r\n* AVBOWJSJKLCGIEVKIVYFCFNONUFGGNIIDZRZDHCMLHGULTZDQVTIORL                                              *\r\n* HMACDLCXCUDINWHATMUUZTDTVCPLTZTLOWRQHZIZEIRRQQQTNTPCXQVOJHHBVREDARUQFRTTDUPRCLCE                     *\r\n* WXAJROXBCGASHDNDOQZWZOWZWYCAEMXEDOZUETIDXPCKTAVQ                                                     *\r\n* NNUDHMIAA                                                                                            *\r\n* TLWXQIVPTETZUIVZKLMFVCLYQYCAVBQTDFOSASMBXLCMINSMHICXO                                                *\r\n* SQZXGRGVTRNAVPTDYSZLHJAZPDFQSMYTFJNYTDLUVCRLZISDSEKKYCMIQZHDMPCGSTUMCVKUGEPFRPZG                     *\r\n* CXNCOVCWEHTVIIFALSFOFBXUPETMHQBZASKSOEEXSQ                                                           *\r\n* NQZXWKEGWUSEAATMJCPONGTUQXNMGOIVPEJEQHWCDKEFINJSVRUVCBJHXFHZXSZILXPWQPWCFNLDBNMCNUQPTMSOUC           *\r\n* LAXEKKVTLYNBFVSPPQGFJSELCB                                                                           *\r\n* PZEBBOILCIIASFTBEATLTBXDXOWWSVMCJZGUGXLNXJ                                                           *\r\n* GHPNZQRZKJQQOBBDNRLSGVGRTZYUHOFNKLQVIBXGAWBSSISTFUYWLQJLBXTAR                                        *\r\n* SWECGCKFVLTESKUNZKGFONQIBTCFUKHXPDDFOPCQJAZMCHYYQNYJTMIFFVBMAEKKEWPOHOZJIQVNODFUVDOGLYDDUY           *\r\n* SOPPEPOIGRKRCOPADQVRCPGRWQDZGTMTJOGUSARXZUZCKMMSVXZMZGXDIXTOLOCMFQINIUHDYXRHQDGJDLDIUZTCRCMVGDMKSMX  *\r\n* EYKBPWNCPPNERKKALTSGXFVFIMWVKGPDGMEFBCTXLQNCPHDWSLZYUQWYCESCASSIAKYEFFYJAVUGST                       *\r\n* AJZDYHQIPQGCWJQXTYEBFJZRNMQYZWPFJPSTAPTBKBIOZDCAJXBIORKRKIQMQ                                        *\r\n* JTAATHQXWEFDREAKSJKQOBUHRREAJSYGKSRPOYKVJLBXDLZFQZPGBADIZTIBCQODFYSZM                                *\r\n* WTZPHCAXDGRYKJCSFJPJQUQISTXXSESATFDWGMTAICPC                                                         *\r\n* DFFBMTIKDVBCRWOFCFZNRFEFGMSQOBOFOYPNRW                                                               *\r\n* LJPPKCTPQFUFWQOSXBZU                                                                                 *\r\n* ASVC                                                                                                 *\r\n* WOSHANGZNDBQUDMXCKUVROZGRLSB                                                                         *\r\n* KRUNDFEWJEGZXCKQH                                                                                    *\r\n* WIDYHBGPHPMPPVEVDMHCRYHASGNW                                                                         *\r\n* MOQKEWTAMJTHNYPJTPLUBZXIEQYACFBNKVVAWFKZLVQDOVDZSRZRCBSMQHFOYSXGHFWRCONOELJGIU                       *\r\n* JMYILGKKIDIJOAWBTXKVJYMWDDKMRRMEWOVBZJLZXUNOUEYNHKQIXYKKZBEHVXTRRDNAEUBJLKY                          *\r\n* KYCYFWFHBDGXELCYFDEZBWWQRYJMIHXNAVZBYFCYRMPNXPVTSCDHGYM                                              *\r\n* BLHGNTYTFTXILBZZBFIOGJTCCQUFDPGBILZNYWLYOVHERNHRDDGBQYH                                              *\r\n* REDXZSQQMVZABMBFUJALBPKPICCZJFLKEGVTSNZVFRRWOHPQCBGHXWRCUOPWQQHGJOWUQHMG                             *\r\n* FFJXNBBNLXHYENIPTZEYDEPKKMZKUAUOAXRQH                                                                *\r\n* GMNIETZIFBOFXIIIFAQ                                                                                  *\r\n* MBBQTLCTYGVRHOTRKUAVLCGYWPCMFRRQAJREKXPTRFJZFWXIPRXLAUNKUDTEIPNHOEQYWOGNFHEFTHSZRUXOTGQGVHKHDLKB     *\r\n* CKAGYMAKKFTPHQNLTMORYNIOKDPEZKTWDNRXRTSIXDJBWQOQWVJYWJTOCMVVWWLZLXMUZPT                              *\r\n* T                                                                                                    *\r\n* UUDHRTPYHDAUATUCVFXWLASJP                                                                            *\r\n* ETQHCJFPPYKVUCGYPIZQWSAXUOCWVTCURSOVIABRPKEVRZKVQNLJKYCMTTMNHIUVVQDBNLQOHIBMOEFUDHGHISJTQCBONNJHPJ   *\r\n* AWIHEXWCBXPYPNRKZBNNCGJLLKBAUYTXFEEYUABKLQIWAELAWCKFCVXUMWVUVWIDDSTKJTPZZCBMYNLGYAEROOUJHKLXEHPPHESH *\r\n* BRDNKFATKVYLPVVRQPPXJDYHRVSNMEUVEVXIAEDIUPWO                                                         *\r\n* MPMTXRPDJBXTWVONMGGBDGTYMRMLGCUGJUFGFTPNESUUZPEIPVH                                                  *\r\n* QNKFVNHFEEWHHRJCQIHTRSWKMZYXMDWLU                                                                    *\r\n* PWKZLSMJIAVNNHFCSGNORXQZTWPJTAHLMUBNSQWPHHJWOYM                                                      *\r\n* SKKPXGURFKFOCCQHSKBSGRKCJYGJOTKUJYRIQSNFAKIHKIMEQBEEXUKAAIFZZKDLA                                    *\r\n* EELIRAWWRVJCRBLBTMPGXPNRIHMOFPGWHZDHTIKEHBC                                                          *\r\n* RXRDNYRRVTNPRUZKNIQCPMVRYDHKBLYWNYZKQJBHXOANMOQZIAQZKZZECZ                                           *\r\n* JQHPKVQBSUPTDGJFALHFK                                                                                *\r\n* ICBUZMNYVIRESRQZQSVMYFTGNSBUZSUTUWIEOPWEOTZHBZOSOBV                                                  *\r\n* KXPCJVHGLTZCNYJVILLBWQYEGLENEIFYXFIXGFVTHPTUUWTDQSJDPUSUZK                                           *\r\n* XQUBCNBFHPLPDPSTGWDKKSBWLZCIDNOXWJYCMORGSRMOEDFNXALXVAMEPXQDLSCUAOSURPGSFWRSGMRITOKCB                *\r\n* BVXTNPXOVZPRNQKLWITTSZJTYCGIKXIZSJMXWXBRURBRDOZBXHSCJIYCMEULJPDXRQY                                  *\r\n* DNOYGBYBXRPKDEKC                                                                                     *\r\n* FQKKKKSCQIENDZNPUXJS                                                                                 *\r\n********************************************************************************************************\r\n&quot;)" fullname="Open_Lab_04._14.Tests.TestWithRandom([&quot;JYQQQYKPWTZROADJQTCDHYZYLXOMLBQQUGJCTVKJGYQGRZEBZSPDYVNLYRETJXDVDIXHRAQVJSXIHTH&quot;, &quot;SNNTLMSYTXDCQQAIVVDICWJZBUTGYEDFJSAVKJJQQYOTWO&quot;, &quot;TSONLPZJVDNRRTMZOUYS&quot;, &quot;QEYLMNRDIPDNPANKQSPKJERWRSXEYZZXVHCOPCZCHGNNKEBSYPYCIIOLMBTUPNEIQFRHXZUOSMCDQDMNQEFJBXONTQ&quot;, &quot;OIFMUBF&quot;, ...],&quot;********************************************************************************************************\r\n* JYQQQYKPWTZROADJQTCDHYZYLXOMLBQQUGJCTVKJGYQGRZEBZSPDYVNLYRETJXDVDIXHRAQVJSXIHTH                      *\r\n* SNNTLMSYTXDCQQAIVVDICWJZBUTGYEDFJSAVKJJQQYOTWO                                                       *\r\n* TSONLPZJVDNRRTMZOUYS                                                                                 *\r\n* QEYLMNRDIPDNPANKQSPKJERWRSXEYZZXVHCOPCZCHGNNKEBSYPYCIIOLMBTUPNEIQFRHXZUOSMCDQDMNQEFJBXONTQ           *\r\n* OIFMUBF                                                                                              *\r\n* FNUUYUKJWFLVIPGDLHVHSQDOGXGFMZIBLGGAVJHOROSIIVTYCBBMGXEOJGOAOEWWWJJBIGHBAGPEXUFLEHDLYWVNBRQ          *\r\n* VGAMRWMZMRPWTZMZIZQOACWGBLXZNVAQPRGTGDNBHGYMRGRYJWFBABPSKTLGYM                                       *\r\n* QRZGBTSTFMPHTEJPUUZQRQYPNCNJMSHCUUIVSZPFQCAPL                                                        *\r\n* VOAEQMZWTASJTZFJHMFMMZVNWVETZPPJETGYJHCVDYBHCJGPZHVNJYIWSMIUHFXEKJEASHZZKKJOXNLN                     *\r\n* OURTCZFKKGWZHNXAWXSEGXSIWCZPUYEBUGSLGLIKZPIADZDWLNBQSJHR                                             *\r\n* JXZZPQLB                                                                                             *\r\n* FAVMULPIERPREXYDEGWOILYAJXNILJYWZHUDAZTQBKEQCKEABVLJPNNTBUCWXHWVSSSWCUCENGNXGIYZSNG                  *\r\n* YPHMUABFWWTTNJYJSHXGSGWIAPNTWDEJAHWCLFCCTXIQMTJXJOHLQAWRTYM                                          *\r\n* NIITSKTFMVYMFUNVYFWG                                                                                 *\r\n* PJIWSSALFJMTXPKOOYCADKO                                                                              *\r\n* UFWMASNCFZXYZXZRSUHLLSIECHKHTGBEVTBNWOLMWKOXSMOQYKHJDCDBXRKT                                         *\r\n* FIYXSCGWMVEIUPBEKMQSTIJZRBSPZQEER                                                                    *\r\n* QCQAZJHUMODAJNCXM                                                                                    *\r\n* TAOXYZFRKQWWQARQYY                                                                                   *\r\n* KNGKZWUWRRFNCDAKQPTDQUIZRYQYDJTODIBRNQPAEDOZEDTSQPAAFVXQ                                             *\r\n* HTAGWSHYQKTCIWAZSYN                                                                                  *\r\n* JUOEYHNJSIHLLMGXOUIKGANS                                                                             *\r\n* Q                                                                                                    *\r\n* TABNWJKVMFWIOFYGICIQWQDKXQDZIG                                                                       *\r\n* EHATJRVLBBQTRSMUEIUFQRZLCWQPFGKNFKRANLPPMRGPFWLRLWZQOBEMIPRMAGFVQDOHBMGSTFTZLKFFLY                   *\r\n* JHUYEFESYUCOFLL                                                                                      *\r\n* CIDQZQGWJHFBXJLBCCWOVEJBXUHXRRNNALDWHIESAYPWACUPIBLCPXDXZCTEJIFRTRBMFPTUXDNXOMBUARPPFLYDIGXFOAJR     *\r\n* XDIBHJTHRELJFIMAZERTPMITYEZROFXUWEQJSSSIVIOGMTCXLEPVRXDLUPDDJCSLHRMARCHG                             *\r\n* JYHXCGEBCFKPCCYBFPDPOYSPCZUGCFJWJJIYVNSIYCHWIVEO                                                     *\r\n* YMNEQXKFSVCLXZWWNGTTZGRWURMRWGGUGSDTVSSLYTDSPWADKZVPLUO                                              *\r\n* UQKZKSJLOIFFVDBVNHVGCZGXQJGWLRJLELZEISAFKREHRVHHYABEZHPUJMJBLMAWZUBKDWM                              *\r\n* GPWKVZGVBZYKPELWVEUVJZUXRHIWTXDBNGXJKEZKFNAMNPHUJEOZBQMHVYTNQKBDVWXIHBLQEKQVYHJBAO                   *\r\n* PIDAWUQOMLLTVMWQRSYMHSYVRAQJNOSNCXMURWAORMZFSQVIBRS                                                  *\r\n* CBFWKIIVDHBXTYQYABZURJVUTSCBFHHWWJL                                                                  *\r\n* RPKINEK                                                                                              *\r\n* LCMUZWIARYRSFKDSGHQWZFBKMPGKRQGNZLJQGIBI                                                             *\r\n* GEXRTWGMSCGOOKFBBHKQYIBRESUBMLYGHWTBDSTSZYZOAYKBDPEAQSAYCGNACFZGEZGRREXJORQZJNQFHSXXGXPPVUYXESQTZ    *\r\n* JARTJZRUMZBBOPPISJIBZGKRVWGAFVAWAQDQNOJYGMLQOUGJHVAHLXSDQAXNTQPQYEAXLZVD                             *\r\n* K                                                                                                    *\r\n* NUUCAQWSJVTLDYZZMRVEPWURJTIXIAWHABEJVXWWWXFVFSXZLZIMEFGQZCTHIYKJYLKCTQDOUYIRRZMQWILJ                 *\r\n* JDVVNJSEPOXNWXTIVFVVTSFXOZAQCKZNARPIPGFGLKEKKEVBSIBDQNYQXYGOJCCEPKMFHK                               *\r\n* OAPKJNVMKEYXTJWWNSYLQARXIHAUARQUIQNCACPDCLWJKEJVTNZMJZBOIRBBNAMSOEPDWTWK                             *\r\n* VIFDHMEYEBMSDK                                                                                       *\r\n* OZUJANPCZDVGPFYAROJOQWKAFXDJZZALTGOX                                                                 *\r\n* MJQFGFZMGPSFBVDUWSROTDDKGCADKMJRBBEESIKRKOZIKDYEXQXNWIFJGFZDFWCUGBEAQYBNHADEEVZCEVFTOVUSVVYMJGMOL    *\r\n* CIZXNYOKFWEAFLFWYJQJ                                                                                 *\r\n* KGLFVAOEBOPTZSRDHHHEEP                                                                               *\r\n* NUPNHMICXCZRCNSSYAFEIPHGSOSRBJEBUIXKFMHSSLSQZBOPOPJEYLQYMJVSTRAOXYXTQHMLSNMWXQGQZCDMZACJSYYVR        *\r\n* YBLDTBEVZGCXLLZTBVDESQNOOXVNARJRUDPKLTXFMEDWKBPRKYXCSMWHNXP                                          *\r\n* FQUHWLDHVOIIXYRNNREMHDDCUHYHGIWODBZWKWAYYHVVQOEUUJTWSCNCNSMPMVANRUEVYVDRQFOAHHMFCENX                 *\r\n* AVBOWJSJKLCGIEVKIVYFCFNONUFGGNIIDZRZDHCMLHGULTZDQVTIORL                                              *\r\n* HMACDLCXCUDINWHATMUUZTDTVCPLTZTLOWRQHZIZEIRRQQQTNTPCXQVOJHHBVREDARUQFRTTDUPRCLCE                     *\r\n* WXAJROXBCGASHDNDOQZWZOWZWYCAEMXEDOZUETIDXPCKTAVQ                                                     *\r\n* NNUDHMIAA                                                                                            *\r\n* TLWXQIVPTETZUIVZKLMFVCLYQYCAVBQTDFOSASMBXLCMINSMHICXO                                                *\r\n* SQZXGRGVTRNAVPTDYSZLHJAZPDFQSMYTFJNYTDLUVCRLZISDSEKKYCMIQZHDMPCGSTUMCVKUGEPFRPZG                     *\r\n* CXNCOVCWEHTVIIFALSFOFBXUPETMHQBZASKSOEEXSQ                                                           *\r\n* NQZXWKEGWUSEAATMJCPONGTUQXNMGOIVPEJEQHWCDKEFINJSVRUVCBJHXFHZXSZILXPWQPWCFNLDBNMCNUQPTMSOUC           *\r\n* LAXEKKVTLYNBFVSPPQGFJSELCB                                                                           *\r\n* PZEBBOILCIIASFTBEATLTBXDXOWWSVMCJZGUGXLNXJ                                                           *\r\n* GHPNZQRZKJQQOBBDNRLSGVGRTZYUHOFNKLQVIBXGAWBSSISTFUYWLQJLBXTAR                                        *\r\n* SWECGCKFVLTESKUNZKGFONQIBTCFUKHXPDDFOPCQJAZMCHYYQNYJTMIFFVBMAEKKEWPOHOZJIQVNODFUVDOGLYDDUY           *\r\n* SOPPEPOIGRKRCOPADQVRCPGRWQDZGTMTJOGUSARXZUZCKMMSVXZMZGXDIXTOLOCMFQINIUHDYXRHQDGJDLDIUZTCRCMVGDMKSMX  *\r\n* EYKBPWNCPPNERKKALTSGXFVFIMWVKGPDGMEFBCTXLQNCPHDWSLZYUQWYCESCASSIAKYEFFYJAVUGST                       *\r\n* AJZDYHQIPQGCWJQXTYEBFJZRNMQYZWPFJPSTAPTBKBIOZDCAJXBIORKRKIQMQ                                        *\r\n* JTAATHQXWEFDREAKSJKQOBUHRREAJSYGKSRPOYKVJLBXDLZFQZPGBADIZTIBCQODFYSZM                                *\r\n* WTZPHCAXDGRYKJCSFJPJQUQISTXXSESATFDWGMTAICPC                                                         *\r\n* DFFBMTIKDVBCRWOFCFZNRFEFGMSQOBOFOYPNRW                                                               *\r\n* LJPPKCTPQFUFWQOSXBZU                                                                                 *\r\n* ASVC                                                                                                 *\r\n* WOSHANGZNDBQUDMXCKUVROZGRLSB                                                                         *\r\n* KRUNDFEWJEGZXCKQH                                                                                    *\r\n* WIDYHBGPHPMPPVEVDMHCRYHASGNW                                                                         *\r\n* MOQKEWTAMJTHNYPJTPLUBZXIEQYACFBNKVVAWFKZLVQDOVDZSRZRCBSMQHFOYSXGHFWRCONOELJGIU                       *\r\n* JMYILGKKIDIJOAWBTXKVJYMWDDKMRRMEWOVBZJLZXUNOUEYNHKQIXYKKZBEHVXTRRDNAEUBJLKY                          *\r\n* KYCYFWFHBDGXELCYFDEZBWWQRYJMIHXNAVZBYFCYRMPNXPVTSCDHGYM                                              *\r\n* BLHGNTYTFTXILBZZBFIOGJTCCQUFDPGBILZNYWLYOVHERNHRDDGBQYH                                              *\r\n* REDXZSQQMVZABMBFUJALBPKPICCZJFLKEGVTSNZVFRRWOHPQCBGHXWRCUOPWQQHGJOWUQHMG                             *\r\n* FFJXNBBNLXHYENIPTZEYDEPKKMZKUAUOAXRQH                                                                *\r\n* GMNIETZIFBOFXIIIFAQ                                                                                  *\r\n* MBBQTLCTYGVRHOTRKUAVLCGYWPCMFRRQAJREKXPTRFJZFWXIPRXLAUNKUDTEIPNHOEQYWOGNFHEFTHSZRUXOTGQGVHKHDLKB     *\r\n* CKAGYMAKKFTPHQNLTMORYNIOKDPEZKTWDNRXRTSIXDJBWQOQWVJYWJTOCMVVWWLZLXMUZPT                              *\r\n* T                                                                                                    *\r\n* UUDHRTPYHDAUATUCVFXWLASJP                                                                            *\r\n* ETQHCJFPPYKVUCGYPIZQWSAXUOCWVTCURSOVIABRPKEVRZKVQNLJKYCMTTMNHIUVVQDBNLQOHIBMOEFUDHGHISJTQCBONNJHPJ   *\r\n* AWIHEXWCBXPYPNRKZBNNCGJLLKBAUYTXFEEYUABKLQIWAELAWCKFCVXUMWVUVWIDDSTKJTPZZCBMYNLGYAEROOUJHKLXEHPPHESH *\r\n* BRDNKFATKVYLPVVRQPPXJDYHRVSNMEUVEVXIAEDIUPWO                                                         *\r\n* MPMTXRPDJBXTWVONMGGBDGTYMRMLGCUGJUFGFTPNESUUZPEIPVH                                                  *\r\n* QNKFVNHFEEWHHRJCQIHTRSWKMZYXMDWLU                                                                    *\r\n* PWKZLSMJIAVNNHFCSGNORXQZTWPJTAHLMUBNSQWPHHJWOYM                                                      *\r\n* SKKPXGURFKFOCCQHSKBSGRKCJYGJOTKUJYRIQSNFAKIHKIMEQBEEXUKAAIFZZKDLA                                    *\r\n* EELIRAWWRVJCRBLBTMPGXPNRIHMOFPGWHZDHTIKEHBC                                                          *\r\n* RXRDNYRRVTNPRUZKNIQCPMVRYDHKBLYWNYZKQJBHXOANMOQZIAQZKZZECZ                                           *\r\n* JQHPKVQBSUPTDGJFALHFK                                                                                *\r\n* ICBUZMNYVIRESRQZQSVMYFTGNSBUZSUTUWIEOPWEOTZHBZOSOBV                                                  *\r\n* KXPCJVHGLTZCNYJVILLBWQYEGLENEIFYXFIXGFVTHPTUUWTDQSJDPUSUZK                                           *\r\n* XQUBCNBFHPLPDPSTGWDKKSBWLZCIDNOXWJYCMORGSRMOEDFNXALXVAMEPXQDLSCUAOSURPGSFWRSGMRITOKCB                *\r\n* BVXTNPXOVZPRNQKLWITTSZJTYCGIKXIZSJMXWXBRURBRDOZBXHSCJIYCMEULJPDXRQY                                  *\r\n* DNOYGBYBXRPKDEKC                                                                                     *\r\n* FQKKKKSCQIENDZNPUXJS                                                                                 *\r\n********************************************************************************************************\r\n&quot;)" methodname="TestWithRandom" classname="Open_Lab_04._14.Tests" runstate="Runnable" seed="1312976841" result="Passed" start-time="2021-12-27 14:18:11Z" end-time="2021-12-27 14:18:11Z" duration="0.026476" asserts="10713" />
            <test-case id="1025" name="TestWithRandom([&quot;HJXEUOKHEFBSMANTTDWVPTUOTSCUIGBJLJIBNFPERJEZLLNNCBEGWXGNOJLCMQZXERHCRMGONRDGPVCIEORHCU&quot;, &quot;NCUMDUMRBKGVUDKWQVPSEUAYTHCYXYRVJEUAWZCUBACVJZHFTSBM&quot;, &quot;BITBWTVROUCSKLQJKZRSVREREPTZXEFWFIHVAYAFGCMFZDYORV&quot;, &quot;SKTRKEBWGZWUJPFMCEVIMZLLSFYRBRFIBVMM&quot;, &quot;QXRZBTGKHCQURWKWNXTZIYFFJVPTNTOCTALGEJKFEAKCHX&quot;, ...],&quot;********************************************************************************************************\r\n* HJXEUOKHEFBSMANTTDWVPTUOTSCUIGBJLJIBNFPERJEZLLNNCBEGWXGNOJLCMQZXERHCRMGONRDGPVCIEORHCU               *\r\n* NCUMDUMRBKGVUDKWQVPSEUAYTHCYXYRVJEUAWZCUBACVJZHFTSBM                                                 *\r\n* BITBWTVROUCSKLQJKZRSVREREPTZXEFWFIHVAYAFGCMFZDYORV                                                   *\r\n* SKTRKEBWGZWUJPFMCEVIMZLLSFYRBRFIBVMM                                                                 *\r\n* QXRZBTGKHCQURWKWNXTZIYFFJVPTNTOCTALGEJKFEAKCHX                                                       *\r\n* VVMNYTMDRSLPGEMXOOOAQKDSEMNVIOCXLLUYBFQI                                                             *\r\n* XTOSTEBRDWNTXTKRUJLGRUDPODV                                                                          *\r\n* OVIYFTTROZKIMDFRPEORJGGWECPCPZEQJQCHNPODA                                                            *\r\n* DUYDTNPLZJODAIPLUCDQBPVUZVBXDZQKRRDLYAICNDZUBFQUSCVLZJRNZDEYMRIATDMJEDMTT                            *\r\n* DXQATT                                                                                               *\r\n* GFBEEKHZPMVWKQVVZAXTGP                                                                               *\r\n* PCRYGTXYKKSFMGVPTEJPQRWJKHBQAVAZRQLCMMBFSNKMRLJPEKEOWAYXFIN                                          *\r\n* SGYOKTOVVSCGDEWCHKRZXMMPRLCQRNWEYBNLPVBXWNULIXLSDVQVQNBFUIXZRXDHVYIBQLNLITCJSAHTZKMWXBNKAIQHYCGZK    *\r\n* PJPJBSIFNXKRMTBDZHLHKULXBIUFMFNDZFLXEPIUNRNQZIVXFU                                                   *\r\n* ZNCCUYSITXCSI                                                                                        *\r\n* HSHIDZJYRTSHVXSMXARBNQWDQZMHOWKYEGSQOO                                                               *\r\n* VTAWIKNDU                                                                                            *\r\n* GZCAGVRVEREMCKUITCOECYIXVINTOSCVRRHWIYYKBUJXXIRQCZQLOQNHREEYI                                        *\r\n* HLOIVKCXAVDDCHPLZNQXROCRHBEZFDTACENYIPNGNEZVHKNFSFFRHLGSIWBUGCSXCDBYTQCKZJJNPHKWNYHZYBSQXUP          *\r\n* OSAKLBSDIPLCCURYBTDBMEHHVSZALLAZARWGIZBNOGNYMF                                                       *\r\n* DJTPEQOZJLTPTCRRXOMBLYLPCRQMFRIUQVVRRWVILRNUPJIKWPPJADLFYEMMACTRDYYXGAZBSEQTLQZSJFPQBZUN             *\r\n* QSNJJIJYVRRLLEWPOQWNRUIFUCUMDPDELMQHMSJWGV                                                           *\r\n* YIHYBTBNIXZTWKIPGNWUFOMZYNOCWHZGVEKWMETTBCUGLSUWECCIKAKJVHANE                                        *\r\n* RBXTYRALCCTCSDTFNFTRYTERWUUAAFEFPDLSISUCWSAAOHHHPQTUTMAXXGWDXAKWYONPSBXVLRVFTDCOMNKKLJLCCNVBVQEW     *\r\n* DCATSOOSYICRVETEIRKPALOCLNEFVZU                                                                      *\r\n* YXQBBVUYVRNBJKGJBXNZUGHSOYHEKJXZOQSYOSCMWMTIYNTBH                                                    *\r\n* EXLUSRPYNDNQNMUNMSRHUIUADHMZTAEGXOEZNTXAJQFZZGYHOKAAJZAVCLRKEPEMYGSZIUASUQYEDVAWJFLJ                 *\r\n* EX                                                                                                   *\r\n* NIWCCNVTMTATNZZTJHFSAWSHKUBZEULUIULZXXQHUESJVHJJGRZSYEXRPPSHLWPRHFKSNZVLQXXVDILCLRSMUSVEXUJHFJ       *\r\n* YPBCPWQVHVOCAHBNGEPVUEDWOKGVTPOGGCZGCGVFVVLQGQUWVGCDQOBULEOFQUCRHIVYHUKAIJAYSMQXPJAN                 *\r\n* KQSAFUYSQPBTTIYUVPAWCUGOCBZNQPGTPEWRDYCZLISUYFYDS                                                    *\r\n* TUAQKQJEYDVL                                                                                         *\r\n* AIHEPMGR                                                                                             *\r\n* NAKTCLPWCVVNVMTYUGIYZYEAGRMRBJRLLWHZGQNYOBBAPOFVOFUFYTXOWJMLZXVTDJCZFTRDSJJYXDLSLQDVPLNSYSD          *\r\n* DCZRFIWFMGPUOQNOJZRSYUZIUZDRWKANPUAPKSSOGFFFAJHYYYIZALYJDQXGEFJCFCEUQXEQGCLTOUHLSFTXBAMEVQ           *\r\n* TVMKBVDZXENHAUSTXZFUIJLOYLLBFQZYZKKVTRKXLUJGFXSDI                                                    *\r\n* OFPWDJJYMPKCUHEOIPJXZGOIIOAFJ                                                                        *\r\n* TISXCU                                                                                               *\r\n* DHALVFUMJACCQPCTLIIQHNPJEPKWCJWFKFE                                                                  *\r\n* JMDAUVZOXDSMQOHPTDBPRQGGVYKZDXRLKU                                                                   *\r\n* ZEIWLNBLBWYFNCGLGEOQSFXEVLZKALHBWEHLLHPBQ                                                            *\r\n* FJWSWXWLLHVDSTHDAAO                                                                                  *\r\n* LQPXJJUVZYOMANANICPCNOZZFTMNDIGONZTOUZJMCBMNSJCETUUYLLCWRPRQXHRQR                                    *\r\n* YATLTJSCAMCMHWQHTJOIDCWXXEHTOUJWVSKCLIALFIKQTEIVZQNHCJWWDVOOBZNFDFROMNWLJCDURGDSWMTYHBULWNYPTLJGUFN  *\r\n* NTIMUBYZGBEXSVSPFPXBLFRYPHSXTXZMTPECDHEGDUFVIBWYTTAFHMC                                              *\r\n* BJWMJBFIBSDCQQLXKRXRZWPNKUDZWUEHN                                                                    *\r\n* ATKRXCOWTQXUHCICUQOLIFUJCPXGMHOWPUQRNTUVCCDZQQMBRTZOTCNVZBOHEIKMCBEMMQPBVSIFCUTMCWOSHZD              *\r\n* GUSLEMQUSQWPLAOBEYSATHTEICFITSECXRFRXEWJBONLXDABHNOJ                                                 *\r\n* DTYBNDCHIAAMURUUWDZCJYFUIGE                                                                          *\r\n* DBGDVV                                                                                               *\r\n* XGQJATCTNNYDMGHKJOGXEOETHYBDGUWRYWWNGTZJHERGJDRVWQWPOYQJCXCCSYMTRGFQJTDPPXPZWXJE                     *\r\n* FHQXGDZGNLJRWQISYPCXBLCNGAQ                                                                          *\r\n* QNENYVMRWVKDFJWIUYSHGHXIHGFUEDQGNRP                                                                  *\r\n* GWSBERVCEZSRPUSIHJCIPWGSQSNTEEQOTWBYGRCPLVDINNEKKIYDOGKJPALMECXZIEYTSUBQGMXUSYFDNCIVGMZMLRIGFQLJXEZI *\r\n* LSQHHWCJQQRUIYBTCSVFLHAMVKQBNWOYWNCKSOZPWDVAQLXSKPVLECEEREL                                          *\r\n* GBVTBTYUVQANTFJHLZVKNXQYBDUTJYTODDJVHBYXNDWTPISYTWSSIBJIKXSYYEKXXLKPWNAJAYXJBXITLWZNFB               *\r\n* BTAKJJAYITYWDXCBGWJRKDZHN                                                                            *\r\n* ZMCFXSWFIVWDQAZZOQDAFVJUTRWJWYUSXUJOVDVGAYPGFCFIRKOJENJEDI                                           *\r\n* FVMJKBDGVQLDLUWAHFDPQLNSLJKOKLFKNRQKOOFEBWKS                                                         *\r\n* GDPHMCZZSUUITXBRPWKKAQ                                                                               *\r\n* EMLSZYNUBUMFFVHXIGLUXVBUREMMAZHEQJKVBKZAFASNHSVVIZBEPVWIKRBVMBTBNIPWKLWYGKPXD                        *\r\n* NZJREBXDOVMCLJIEOEGQAYCYKWDDXFFZFWECLVWSDJTUJIAMPCVLQMN                                              *\r\n* WKGIYUFJPNWOFGSTHNNQFIPCVQOUJTISIQFBOOUJEKEWLLHIKBECZXIN                                             *\r\n* EMHFKZWEDGPBQETTDMVETQKIFKIPFTLHSGKBMDTKIRHFSHTXLIVKNJCNCYAARHYKVHJKTRHZSKWBIFQYQK                   *\r\n* XYATIDXZNDTTASXJ                                                                                     *\r\n* YIDTBVSDNAFXICJGDBLUOAHWRUWZQVJKVGZIHJVCI                                                            *\r\n* VDRCEBJNXQLPVYBGCGZSNRRVCCCBYTGJLYEDFPPVPCYSYFKBGAHODQCEMWACY                                        *\r\n* OEKCDWTYBMRDCKTYWWSBUXLRFVWARIPMW                                                                    *\r\n* OTIVCNIIZUXZNRKOZDKXOQSTXHAS                                                                         *\r\n* SXEHVWZQAUESLYQUFIEQDJLCZTX                                                                          *\r\n* PYUMPB                                                                                               *\r\n* XSSRVLXYJFECSBYRZVCDJLCICYX                                                                          *\r\n* CARDK                                                                                                *\r\n* TBNQIEFKCWUQFAQHURNXXLPKPWNWWJNBRAHXEJMXYYJGNLTXKVFAPMTIMDAMRIOTISZE                                 *\r\n* SCLEPZYBIWECPLBDNLFGZKBIAGQKPYVMPFSSTWANVGDGWJCWMPVHTXSIBDDJIOLKBSNJTIK                              *\r\n* LSLSHULQEUXADOSSMKQPSQEGUTFEWSCEFEVALAAHRMFOQLGMZVXJSUXUNEYOOHUL                                     *\r\n********************************************************************************************************\r\n&quot;)" fullname="Open_Lab_04._14.Tests.TestWithRandom([&quot;HJXEUOKHEFBSMANTTDWVPTUOTSCUIGBJLJIBNFPERJEZLLNNCBEGWXGNOJLCMQZXERHCRMGONRDGPVCIEORHCU&quot;, &quot;NCUMDUMRBKGVUDKWQVPSEUAYTHCYXYRVJEUAWZCUBACVJZHFTSBM&quot;, &quot;BITBWTVROUCSKLQJKZRSVREREPTZXEFWFIHVAYAFGCMFZDYORV&quot;, &quot;SKTRKEBWGZWUJPFMCEVIMZLLSFYRBRFIBVMM&quot;, &quot;QXRZBTGKHCQURWKWNXTZIYFFJVPTNTOCTALGEJKFEAKCHX&quot;, ...],&quot;********************************************************************************************************\r\n* HJXEUOKHEFBSMANTTDWVPTUOTSCUIGBJLJIBNFPERJEZLLNNCBEGWXGNOJLCMQZXERHCRMGONRDGPVCIEORHCU               *\r\n* NCUMDUMRBKGVUDKWQVPSEUAYTHCYXYRVJEUAWZCUBACVJZHFTSBM                                                 *\r\n* BITBWTVROUCSKLQJKZRSVREREPTZXEFWFIHVAYAFGCMFZDYORV                                                   *\r\n* SKTRKEBWGZWUJPFMCEVIMZLLSFYRBRFIBVMM                                                                 *\r\n* QXRZBTGKHCQURWKWNXTZIYFFJVPTNTOCTALGEJKFEAKCHX                                                       *\r\n* VVMNYTMDRSLPGEMXOOOAQKDSEMNVIOCXLLUYBFQI                                                             *\r\n* XTOSTEBRDWNTXTKRUJLGRUDPODV                                                                          *\r\n* OVIYFTTROZKIMDFRPEORJGGWECPCPZEQJQCHNPODA                                                            *\r\n* DUYDTNPLZJODAIPLUCDQBPVUZVBXDZQKRRDLYAICNDZUBFQUSCVLZJRNZDEYMRIATDMJEDMTT                            *\r\n* DXQATT                                                                                               *\r\n* GFBEEKHZPMVWKQVVZAXTGP                                                                               *\r\n* PCRYGTXYKKSFMGVPTEJPQRWJKHBQAVAZRQLCMMBFSNKMRLJPEKEOWAYXFIN                                          *\r\n* SGYOKTOVVSCGDEWCHKRZXMMPRLCQRNWEYBNLPVBXWNULIXLSDVQVQNBFUIXZRXDHVYIBQLNLITCJSAHTZKMWXBNKAIQHYCGZK    *\r\n* PJPJBSIFNXKRMTBDZHLHKULXBIUFMFNDZFLXEPIUNRNQZIVXFU                                                   *\r\n* ZNCCUYSITXCSI                                                                                        *\r\n* HSHIDZJYRTSHVXSMXARBNQWDQZMHOWKYEGSQOO                                                               *\r\n* VTAWIKNDU                                                                                            *\r\n* GZCAGVRVEREMCKUITCOECYIXVINTOSCVRRHWIYYKBUJXXIRQCZQLOQNHREEYI                                        *\r\n* HLOIVKCXAVDDCHPLZNQXROCRHBEZFDTACENYIPNGNEZVHKNFSFFRHLGSIWBUGCSXCDBYTQCKZJJNPHKWNYHZYBSQXUP          *\r\n* OSAKLBSDIPLCCURYBTDBMEHHVSZALLAZARWGIZBNOGNYMF                                                       *\r\n* DJTPEQOZJLTPTCRRXOMBLYLPCRQMFRIUQVVRRWVILRNUPJIKWPPJADLFYEMMACTRDYYXGAZBSEQTLQZSJFPQBZUN             *\r\n* QSNJJIJYVRRLLEWPOQWNRUIFUCUMDPDELMQHMSJWGV                                                           *\r\n* YIHYBTBNIXZTWKIPGNWUFOMZYNOCWHZGVEKWMETTBCUGLSUWECCIKAKJVHANE                                        *\r\n* RBXTYRALCCTCSDTFNFTRYTERWUUAAFEFPDLSISUCWSAAOHHHPQTUTMAXXGWDXAKWYONPSBXVLRVFTDCOMNKKLJLCCNVBVQEW     *\r\n* DCATSOOSYICRVETEIRKPALOCLNEFVZU                                                                      *\r\n* YXQBBVUYVRNBJKGJBXNZUGHSOYHEKJXZOQSYOSCMWMTIYNTBH                                                    *\r\n* EXLUSRPYNDNQNMUNMSRHUIUADHMZTAEGXOEZNTXAJQFZZGYHOKAAJZAVCLRKEPEMYGSZIUASUQYEDVAWJFLJ                 *\r\n* EX                                                                                                   *\r\n* NIWCCNVTMTATNZZTJHFSAWSHKUBZEULUIULZXXQHUESJVHJJGRZSYEXRPPSHLWPRHFKSNZVLQXXVDILCLRSMUSVEXUJHFJ       *\r\n* YPBCPWQVHVOCAHBNGEPVUEDWOKGVTPOGGCZGCGVFVVLQGQUWVGCDQOBULEOFQUCRHIVYHUKAIJAYSMQXPJAN                 *\r\n* KQSAFUYSQPBTTIYUVPAWCUGOCBZNQPGTPEWRDYCZLISUYFYDS                                                    *\r\n* TUAQKQJEYDVL                                                                                         *\r\n* AIHEPMGR                                                                                             *\r\n* NAKTCLPWCVVNVMTYUGIYZYEAGRMRBJRLLWHZGQNYOBBAPOFVOFUFYTXOWJMLZXVTDJCZFTRDSJJYXDLSLQDVPLNSYSD          *\r\n* DCZRFIWFMGPUOQNOJZRSYUZIUZDRWKANPUAPKSSOGFFFAJHYYYIZALYJDQXGEFJCFCEUQXEQGCLTOUHLSFTXBAMEVQ           *\r\n* TVMKBVDZXENHAUSTXZFUIJLOYLLBFQZYZKKVTRKXLUJGFXSDI                                                    *\r\n* OFPWDJJYMPKCUHEOIPJXZGOIIOAFJ                                                                        *\r\n* TISXCU                                                                                               *\r\n* DHALVFUMJACCQPCTLIIQHNPJEPKWCJWFKFE                                                                  *\r\n* JMDAUVZOXDSMQOHPTDBPRQGGVYKZDXRLKU                                                                   *\r\n* ZEIWLNBLBWYFNCGLGEOQSFXEVLZKALHBWEHLLHPBQ                                                            *\r\n* FJWSWXWLLHVDSTHDAAO                                                                                  *\r\n* LQPXJJUVZYOMANANICPCNOZZFTMNDIGONZTOUZJMCBMNSJCETUUYLLCWRPRQXHRQR                                    *\r\n* YATLTJSCAMCMHWQHTJOIDCWXXEHTOUJWVSKCLIALFIKQTEIVZQNHCJWWDVOOBZNFDFROMNWLJCDURGDSWMTYHBULWNYPTLJGUFN  *\r\n* NTIMUBYZGBEXSVSPFPXBLFRYPHSXTXZMTPECDHEGDUFVIBWYTTAFHMC                                              *\r\n* BJWMJBFIBSDCQQLXKRXRZWPNKUDZWUEHN                                                                    *\r\n* ATKRXCOWTQXUHCICUQOLIFUJCPXGMHOWPUQRNTUVCCDZQQMBRTZOTCNVZBOHEIKMCBEMMQPBVSIFCUTMCWOSHZD              *\r\n* GUSLEMQUSQWPLAOBEYSATHTEICFITSECXRFRXEWJBONLXDABHNOJ                                                 *\r\n* DTYBNDCHIAAMURUUWDZCJYFUIGE                                                                          *\r\n* DBGDVV                                                                                               *\r\n* XGQJATCTNNYDMGHKJOGXEOETHYBDGUWRYWWNGTZJHERGJDRVWQWPOYQJCXCCSYMTRGFQJTDPPXPZWXJE                     *\r\n* FHQXGDZGNLJRWQISYPCXBLCNGAQ                                                                          *\r\n* QNENYVMRWVKDFJWIUYSHGHXIHGFUEDQGNRP                                                                  *\r\n* GWSBERVCEZSRPUSIHJCIPWGSQSNTEEQOTWBYGRCPLVDINNEKKIYDOGKJPALMECXZIEYTSUBQGMXUSYFDNCIVGMZMLRIGFQLJXEZI *\r\n* LSQHHWCJQQRUIYBTCSVFLHAMVKQBNWOYWNCKSOZPWDVAQLXSKPVLECEEREL                                          *\r\n* GBVTBTYUVQANTFJHLZVKNXQYBDUTJYTODDJVHBYXNDWTPISYTWSSIBJIKXSYYEKXXLKPWNAJAYXJBXITLWZNFB               *\r\n* BTAKJJAYITYWDXCBGWJRKDZHN                                                                            *\r\n* ZMCFXSWFIVWDQAZZOQDAFVJUTRWJWYUSXUJOVDVGAYPGFCFIRKOJENJEDI                                           *\r\n* FVMJKBDGVQLDLUWAHFDPQLNSLJKOKLFKNRQKOOFEBWKS                                                         *\r\n* GDPHMCZZSUUITXBRPWKKAQ                                                                               *\r\n* EMLSZYNUBUMFFVHXIGLUXVBUREMMAZHEQJKVBKZAFASNHSVVIZBEPVWIKRBVMBTBNIPWKLWYGKPXD                        *\r\n* NZJREBXDOVMCLJIEOEGQAYCYKWDDXFFZFWECLVWSDJTUJIAMPCVLQMN                                              *\r\n* WKGIYUFJPNWOFGSTHNNQFIPCVQOUJTISIQFBOOUJEKEWLLHIKBECZXIN                                             *\r\n* EMHFKZWEDGPBQETTDMVETQKIFKIPFTLHSGKBMDTKIRHFSHTXLIVKNJCNCYAARHYKVHJKTRHZSKWBIFQYQK                   *\r\n* XYATIDXZNDTTASXJ                                                                                     *\r\n* YIDTBVSDNAFXICJGDBLUOAHWRUWZQVJKVGZIHJVCI                                                            *\r\n* VDRCEBJNXQLPVYBGCGZSNRRVCCCBYTGJLYEDFPPVPCYSYFKBGAHODQCEMWACY                                        *\r\n* OEKCDWTYBMRDCKTYWWSBUXLRFVWARIPMW                                                                    *\r\n* OTIVCNIIZUXZNRKOZDKXOQSTXHAS                                                                         *\r\n* SXEHVWZQAUESLYQUFIEQDJLCZTX                                                                          *\r\n* PYUMPB                                                                                               *\r\n* XSSRVLXYJFECSBYRZVCDJLCICYX                                                                          *\r\n* CARDK                                                                                                *\r\n* TBNQIEFKCWUQFAQHURNXXLPKPWNWWJNBRAHXEJMXYYJGNLTXKVFAPMTIMDAMRIOTISZE                                 *\r\n* SCLEPZYBIWECPLBDNLFGZKBIAGQKPYVMPFSSTWANVGDGWJCWMPVHTXSIBDDJIOLKBSNJTIK                              *\r\n* LSLSHULQEUXADOSSMKQPSQEGUTFEWSCEFEVALAAHRMFOQLGMZVXJSUXUNEYOOHUL                                     *\r\n********************************************************************************************************\r\n&quot;)" methodname="TestWithRandom" classname="Open_Lab_04._14.Tests" runstate="Runnable" seed="1037440095" result="Passed" start-time="2021-12-27 14:18:11Z" end-time="2021-12-27 14:18:11Z" duration="0.020541" asserts="8193" />
            <test-case id="1026" name="TestWithRandom([&quot;UYSRGMJJYGLQQIMSFBVSLLHBNHBMSKSTWWQHUHOKAJVRIXOPBVCSQZHJRQEYKXQONSUTSEXYMKSCP&quot;, &quot;TPSMKWIZCWOGPECQZDSHEQDUXWYDGFHFUCWPFYMUGNPXFLPTVWLOKHLCMYPNY&quot;, &quot;TWPJMNHNKBQYBQBG&quot;, &quot;MHEIJUSUNQUCHJYVBUSHVYBLIMKXMFVBGJDGTWJCWOYWNKCSRCZWIYTNGTZ&quot;, &quot;KUIIVSWYFSBFKQKHAEYYKRGJFYTHPQZAWMRCFQBVNEMZAUMSNMNBUAMSOZCWZPIPSBJXZIBJDDKFFHILMBTDCYFVZ&quot;, ...],&quot;*******************************************************************************************************\r\n* UYSRGMJJYGLQQIMSFBVSLLHBNHBMSKSTWWQHUHOKAJVRIXOPBVCSQZHJRQEYKXQONSUTSEXYMKSCP                       *\r\n* TPSMKWIZCWOGPECQZDSHEQDUXWYDGFHFUCWPFYMUGNPXFLPTVWLOKHLCMYPNY                                       *\r\n* TWPJMNHNKBQYBQBG                                                                                    *\r\n* MHEIJUSUNQUCHJYVBUSHVYBLIMKXMFVBGJDGTWJCWOYWNKCSRCZWIYTNGTZ                                         *\r\n* KUIIVSWYFSBFKQKHAEYYKRGJFYTHPQZAWMRCFQBVNEMZAUMSNMNBUAMSOZCWZPIPSBJXZIBJDDKFFHILMBTDCYFVZ           *\r\n* NGOEVYVWGZKOSELDYRPHNHRRJYVFMUVNXAVUVYHMKIAIAXIORZANGSKFPWVXCQKLEXRSJQIZKDWEGIQLQGNNTHHEPPEYDJ      *\r\n* TYPECGPFBRADCVGZHGJHVCWRWQNCUMJWASDGRENF                                                            *\r\n* BM                                                                                                  *\r\n* TEEIJQXSUCOQBXHMTNLOHECKSZHDSDGUQAYSMESEOQBXEMEUWBMMQXOOBUPJIUAQVTABYPAOUGAQCFFGVNHQQU              *\r\n* TMKRROIVTQLCLMCVG                                                                                   *\r\n* YRJWXL                                                                                              *\r\n* OJNUNJZBPHPOYIZLKGARCUUSRAPSCUWOZUDFVBGGLAVENHHSYGYQXUTUPVCMUGZUKAODFUQJATFBYPEKSWUWWG              *\r\n* EBIPZYTMEBBUNSENDPOPDORWZQSTYMDYEIKCWERLGHAAXVRROIRGHQOQKMPJFZOSYCPE                                *\r\n* CQYYCJWNRYEYBFPUWROUTSKPHGGTIBVFMI                                                                  *\r\n* RSIEGRDTNLKEUYXCLBKPJGJQWCDFPDZMSSXCNMHCQZWEWBLUK                                                   *\r\n* JDCTCLJSHDOYEKLYMCBVPYUHZKKFTURIUPTVJYPMSVEDNRVLSYPJTOKLJUURBDYNMGDORPOOMODTTRTHPYMUFHPGEIMODYLOWRQ *\r\n* OGUCKBXELQRRBNCDRDHFQWJICZKODOX                                                                     *\r\n* BLSJDKKDJ                                                                                           *\r\n* UOQVNQVHXSJLRRWLZKRJAXTPQPUSZGSDVFCVSHMTSV                                                          *\r\n* ESQUAMRKAMAJXUBEXVCHQZFPLPBTSYXREGOWAVTGIWSRVVEAQCOXPNZEMAJLLXSBO                                   *\r\n* FRGEECBWZUGOTPLADPKACRGJJZLIVLERCM                                                                  *\r\n* NULYLVSOFXYGTAKTDROGNKWVEQTBOQPMHYXGRQYEJCALLSRIKRAANGCCXQTVCRZPI                                   *\r\n* ZVCECMTKXLKKKLYKRXPPYAVVIBWCCRCLDYTWFFOOHDIRSNGHW                                                   *\r\n* ACZTOYZGWAPQIGIYHLSCEMIBHVSDDVVPGKRAMJKUWZIOYQVCJTFUOUMOUYLSGWDBFAKX                                *\r\n* IMXAYFFDUCQAQUJPAALYDGNYRNAVHIYGXNAHHTQOGKZVUSQBTLEAYZLCY                                           *\r\n* JKFJWLEKCCTCIGKXRSGSDYXYCVDXIXCYIIKFIWNORKQNHRDYQAISWGWKNGHBHGBEZVTAWEPUFRBSIJQKRFHHPKCCLZSBPMGKILO *\r\n* XDBLLONEFDCDQWJBYTPPSROWMNESKQJWVENODWWBXXWHXOLSDE                                                  *\r\n* PWYUGPFYYJUTOTGHLJVYBXNSUUGZXBMPFEUZXJGYYYYRCEH                                                     *\r\n* RHZIIGKRIGZMIGAWWFOKZGKCDWZDZWPQMSHQBEGYUCQQJUQRXBVXPX                                              *\r\n* KXXELGGSMRJAPYKUSYPQWPTSJFHGXASAOEWTEZVSOKEZAUATMGCYAHRV                                            *\r\n* FVFYZUMZILLBR                                                                                       *\r\n* SDXBLLURPFOTRXTAHMBQZDPTOQSASIORVQKVDFGKINGAKFDOFIDZABQPODMVTU                                      *\r\n* GQWXANXWBGRHLXOIJNDUKFPRUAUGZSKQOOAJNHDAHLCTJTFRZVDIPZOBAFDZSQXIVASWXEVBKDMZCWHBVCHEPCBOAYIIEDHQ    *\r\n* TXJBIUVZCXMNPYEXBEPJTTSYDWYVNWHVVLJYYZMILENFPBLAEKCYR                                               *\r\n* UAFKXMWZMFQRRDOGYBRHXOGNJCLX                                                                        *\r\n* CTIDOQJSOCAMMRHOXKHLYLAGKJGTSAUAYIKMINDMFNKZQVLWYZLSDMSQSBTFKPANHZO                                 *\r\n* HVFKGUGLABPOXJUT                                                                                    *\r\n* CXLPTTGTXCPMXRRHHPDTBLIGHPRMEHAVHYFCCONBZQJSQYDKYHQURANROFH                                         *\r\n* CUPPBUFZLOFSBBTK                                                                                    *\r\n* QPJMGNXR                                                                                            *\r\n* DGKOOWHJZFBTQVSDYKCXSPGDP                                                                           *\r\n* PYRVGSXVQYPXAILSCOJIATQJHDUUNOZGZQGISDYJVVFTOBJULANSUGXWIINDXDHCZIYJBCAYPAMFOWUGTAINBGMSTKA         *\r\n* QVLSNDUFDASJAPDTUSHLNHJWUUASWFQQCQHTOT                                                              *\r\n* LBPDTHZMMDSXADOWIMPXSCCJXJCGJHKFAAVKXDPPVHOPDIPMOUYHZWYJZGGKFTDFTNXA                                *\r\n* EYFWACLNMGPTPSPICGEBMKRXFJCEJW                                                                      *\r\n* KPFJVTLZTNVNARQPANXQGTYVUGHQQAGEQPEEKITORHKORXRGPUBRLFJRQKPPLU                                      *\r\n* TGQWKMLERTIZZIJDXPBBVYPSKGNNATECXYQ                                                                 *\r\n* AAHTDPJYDGJIHGSZKSNURXMDZXEYOGB                                                                     *\r\n* SBCWHI                                                                                              *\r\n* FPRPDXEGUBESEKWQDNDTFLLJWFIQFDVSBUHFAHIGURJXJOWQVLZJEOSTEHTYPOBQFMQKCRQVEXYOCOAIIRUTEMNMCOAS        *\r\n* KRGPSRWYMOEUDEHQDRQHLQXTHMTZDHOQYHUFSYJWDJVDQZAHGWYWKLDU                                            *\r\n* MIFXXUFZNWVKBYFITDBUUDILMSGISFMEZMFQDYGOQDCCFWFYTORHCZYJZTLEOWHIJRLOSOEUXME                         *\r\n* AGGPNIPEOFCZNWQJMBATWUSNLQFFJWJPVHITNWRFHCUEOLBWXVHWLKUGNSDWCKVRWM                                  *\r\n* GOXWQJUMUAOYAPJH                                                                                    *\r\n* ONEKNBFUTUCXHCHCHUHAZRMQYAGZTDHTCHDJITSMSBWOSOMXGWSUB                                               *\r\n* OWANMNVGAQNJUZZYUOCVHXUYYJNI                                                                        *\r\n* XKMSVTGIUHFRLBGBIUMYHCESGZQCCPCZMODFARZGTPZGWDWWOWPPAKKVFULWCEGFEGFXYAB                             *\r\n* VFFRCXWDDUOFZMYBDHAGFCEPIUCQYYYNVYUVFSSIYITHPBGRHDTQAVMSBQIIVFEEWAKA                                *\r\n* DWLORHWJXZHNKIUEHMAMCTPJKNSDOKPQFZEGIBINPIEQBUKXKZPOKOQJHBEEPTVMJQIKENVG                            *\r\n* NXTPYIQCVTOVBGQ                                                                                     *\r\n* UZHXEXVNRGKLZSWDIKXRXTITNCUZGQIKRCJ                                                                 *\r\n* OJZPBGYRXFCCXKNQJZLAQNKBDWGAXATXIIPZKHQRVRVHARCWDSASQJX                                             *\r\n* ZYME                                                                                                *\r\n* XTXLETPVNGBJUFZSCALTKWFZBHZKOALVLRXXXWWYNAQLYIVDXIXXBLOBNYJWUEHNUGXCIBUFEMGKGUASLWMFDOUACWKZNZEJTD  *\r\n* SLTVWORTOEEUTXQLXRCJGMXZLRUSFIXRDDIHSAQRLVGVYBQCWNGSQTKGNTJFTZOFHNR                                 *\r\n* PITXAKYLGBBKASVRCFAKSBUYRLYMGANKKAMOUJRGUZALRZEADWCCNGYNOUFPMLE                                     *\r\n* NQZZFHWTNUPSBIHRGXJK                                                                                *\r\n* LXDCZZADCTJVUXAZFUVAJOTRFLFNOIPCUGCTWWGHVQLAGWGKGSBCNJPWDLWOTNOTEHBOVHDIOOESDSLIEVGWHMOKRGQKAS      *\r\n* IBRWYVSPZPTOZFWSKAOJYGSMRSRWOQSIWAVRLWMNLFHHOYPEVNFKLI                                              *\r\n*******************************************************************************************************\r\n&quot;)" fullname="Open_Lab_04._14.Tests.TestWithRandom([&quot;UYSRGMJJYGLQQIMSFBVSLLHBNHBMSKSTWWQHUHOKAJVRIXOPBVCSQZHJRQEYKXQONSUTSEXYMKSCP&quot;, &quot;TPSMKWIZCWOGPECQZDSHEQDUXWYDGFHFUCWPFYMUGNPXFLPTVWLOKHLCMYPNY&quot;, &quot;TWPJMNHNKBQYBQBG&quot;, &quot;MHEIJUSUNQUCHJYVBUSHVYBLIMKXMFVBGJDGTWJCWOYWNKCSRCZWIYTNGTZ&quot;, &quot;KUIIVSWYFSBFKQKHAEYYKRGJFYTHPQZAWMRCFQBVNEMZAUMSNMNBUAMSOZCWZPIPSBJXZIBJDDKFFHILMBTDCYFVZ&quot;, ...],&quot;*******************************************************************************************************\r\n* UYSRGMJJYGLQQIMSFBVSLLHBNHBMSKSTWWQHUHOKAJVRIXOPBVCSQZHJRQEYKXQONSUTSEXYMKSCP                       *\r\n* TPSMKWIZCWOGPECQZDSHEQDUXWYDGFHFUCWPFYMUGNPXFLPTVWLOKHLCMYPNY                                       *\r\n* TWPJMNHNKBQYBQBG                                                                                    *\r\n* MHEIJUSUNQUCHJYVBUSHVYBLIMKXMFVBGJDGTWJCWOYWNKCSRCZWIYTNGTZ                                         *\r\n* KUIIVSWYFSBFKQKHAEYYKRGJFYTHPQZAWMRCFQBVNEMZAUMSNMNBUAMSOZCWZPIPSBJXZIBJDDKFFHILMBTDCYFVZ           *\r\n* NGOEVYVWGZKOSELDYRPHNHRRJYVFMUVNXAVUVYHMKIAIAXIORZANGSKFPWVXCQKLEXRSJQIZKDWEGIQLQGNNTHHEPPEYDJ      *\r\n* TYPECGPFBRADCVGZHGJHVCWRWQNCUMJWASDGRENF                                                            *\r\n* BM                                                                                                  *\r\n* TEEIJQXSUCOQBXHMTNLOHECKSZHDSDGUQAYSMESEOQBXEMEUWBMMQXOOBUPJIUAQVTABYPAOUGAQCFFGVNHQQU              *\r\n* TMKRROIVTQLCLMCVG                                                                                   *\r\n* YRJWXL                                                                                              *\r\n* OJNUNJZBPHPOYIZLKGARCUUSRAPSCUWOZUDFVBGGLAVENHHSYGYQXUTUPVCMUGZUKAODFUQJATFBYPEKSWUWWG              *\r\n* EBIPZYTMEBBUNSENDPOPDORWZQSTYMDYEIKCWERLGHAAXVRROIRGHQOQKMPJFZOSYCPE                                *\r\n* CQYYCJWNRYEYBFPUWROUTSKPHGGTIBVFMI                                                                  *\r\n* RSIEGRDTNLKEUYXCLBKPJGJQWCDFPDZMSSXCNMHCQZWEWBLUK                                                   *\r\n* JDCTCLJSHDOYEKLYMCBVPYUHZKKFTURIUPTVJYPMSVEDNRVLSYPJTOKLJUURBDYNMGDORPOOMODTTRTHPYMUFHPGEIMODYLOWRQ *\r\n* OGUCKBXELQRRBNCDRDHFQWJICZKODOX                                                                     *\r\n* BLSJDKKDJ                                                                                           *\r\n* UOQVNQVHXSJLRRWLZKRJAXTPQPUSZGSDVFCVSHMTSV                                                          *\r\n* ESQUAMRKAMAJXUBEXVCHQZFPLPBTSYXREGOWAVTGIWSRVVEAQCOXPNZEMAJLLXSBO                                   *\r\n* FRGEECBWZUGOTPLADPKACRGJJZLIVLERCM                                                                  *\r\n* NULYLVSOFXYGTAKTDROGNKWVEQTBOQPMHYXGRQYEJCALLSRIKRAANGCCXQTVCRZPI                                   *\r\n* ZVCECMTKXLKKKLYKRXPPYAVVIBWCCRCLDYTWFFOOHDIRSNGHW                                                   *\r\n* ACZTOYZGWAPQIGIYHLSCEMIBHVSDDVVPGKRAMJKUWZIOYQVCJTFUOUMOUYLSGWDBFAKX                                *\r\n* IMXAYFFDUCQAQUJPAALYDGNYRNAVHIYGXNAHHTQOGKZVUSQBTLEAYZLCY                                           *\r\n* JKFJWLEKCCTCIGKXRSGSDYXYCVDXIXCYIIKFIWNORKQNHRDYQAISWGWKNGHBHGBEZVTAWEPUFRBSIJQKRFHHPKCCLZSBPMGKILO *\r\n* XDBLLONEFDCDQWJBYTPPSROWMNESKQJWVENODWWBXXWHXOLSDE                                                  *\r\n* PWYUGPFYYJUTOTGHLJVYBXNSUUGZXBMPFEUZXJGYYYYRCEH                                                     *\r\n* RHZIIGKRIGZMIGAWWFOKZGKCDWZDZWPQMSHQBEGYUCQQJUQRXBVXPX                                              *\r\n* KXXELGGSMRJAPYKUSYPQWPTSJFHGXASAOEWTEZVSOKEZAUATMGCYAHRV                                            *\r\n* FVFYZUMZILLBR                                                                                       *\r\n* SDXBLLURPFOTRXTAHMBQZDPTOQSASIORVQKVDFGKINGAKFDOFIDZABQPODMVTU                                      *\r\n* GQWXANXWBGRHLXOIJNDUKFPRUAUGZSKQOOAJNHDAHLCTJTFRZVDIPZOBAFDZSQXIVASWXEVBKDMZCWHBVCHEPCBOAYIIEDHQ    *\r\n* TXJBIUVZCXMNPYEXBEPJTTSYDWYVNWHVVLJYYZMILENFPBLAEKCYR                                               *\r\n* UAFKXMWZMFQRRDOGYBRHXOGNJCLX                                                                        *\r\n* CTIDOQJSOCAMMRHOXKHLYLAGKJGTSAUAYIKMINDMFNKZQVLWYZLSDMSQSBTFKPANHZO                                 *\r\n* HVFKGUGLABPOXJUT                                                                                    *\r\n* CXLPTTGTXCPMXRRHHPDTBLIGHPRMEHAVHYFCCONBZQJSQYDKYHQURANROFH                                         *\r\n* CUPPBUFZLOFSBBTK                                                                                    *\r\n* QPJMGNXR                                                                                            *\r\n* DGKOOWHJZFBTQVSDYKCXSPGDP                                                                           *\r\n* PYRVGSXVQYPXAILSCOJIATQJHDUUNOZGZQGISDYJVVFTOBJULANSUGXWIINDXDHCZIYJBCAYPAMFOWUGTAINBGMSTKA         *\r\n* QVLSNDUFDASJAPDTUSHLNHJWUUASWFQQCQHTOT                                                              *\r\n* LBPDTHZMMDSXADOWIMPXSCCJXJCGJHKFAAVKXDPPVHOPDIPMOUYHZWYJZGGKFTDFTNXA                                *\r\n* EYFWACLNMGPTPSPICGEBMKRXFJCEJW                                                                      *\r\n* KPFJVTLZTNVNARQPANXQGTYVUGHQQAGEQPEEKITORHKORXRGPUBRLFJRQKPPLU                                      *\r\n* TGQWKMLERTIZZIJDXPBBVYPSKGNNATECXYQ                                                                 *\r\n* AAHTDPJYDGJIHGSZKSNURXMDZXEYOGB                                                                     *\r\n* SBCWHI                                                                                              *\r\n* FPRPDXEGUBESEKWQDNDTFLLJWFIQFDVSBUHFAHIGURJXJOWQVLZJEOSTEHTYPOBQFMQKCRQVEXYOCOAIIRUTEMNMCOAS        *\r\n* KRGPSRWYMOEUDEHQDRQHLQXTHMTZDHOQYHUFSYJWDJVDQZAHGWYWKLDU                                            *\r\n* MIFXXUFZNWVKBYFITDBUUDILMSGISFMEZMFQDYGOQDCCFWFYTORHCZYJZTLEOWHIJRLOSOEUXME                         *\r\n* AGGPNIPEOFCZNWQJMBATWUSNLQFFJWJPVHITNWRFHCUEOLBWXVHWLKUGNSDWCKVRWM                                  *\r\n* GOXWQJUMUAOYAPJH                                                                                    *\r\n* ONEKNBFUTUCXHCHCHUHAZRMQYAGZTDHTCHDJITSMSBWOSOMXGWSUB                                               *\r\n* OWANMNVGAQNJUZZYUOCVHXUYYJNI                                                                        *\r\n* XKMSVTGIUHFRLBGBIUMYHCESGZQCCPCZMODFARZGTPZGWDWWOWPPAKKVFULWCEGFEGFXYAB                             *\r\n* VFFRCXWDDUOFZMYBDHAGFCEPIUCQYYYNVYUVFSSIYITHPBGRHDTQAVMSBQIIVFEEWAKA                                *\r\n* DWLORHWJXZHNKIUEHMAMCTPJKNSDOKPQFZEGIBINPIEQBUKXKZPOKOQJHBEEPTVMJQIKENVG                            *\r\n* NXTPYIQCVTOVBGQ                                                                                     *\r\n* UZHXEXVNRGKLZSWDIKXRXTITNCUZGQIKRCJ                                                                 *\r\n* OJZPBGYRXFCCXKNQJZLAQNKBDWGAXATXIIPZKHQRVRVHARCWDSASQJX                                             *\r\n* ZYME                                                                                                *\r\n* XTXLETPVNGBJUFZSCALTKWFZBHZKOALVLRXXXWWYNAQLYIVDXIXXBLOBNYJWUEHNUGXCIBUFEMGKGUASLWMFDOUACWKZNZEJTD  *\r\n* SLTVWORTOEEUTXQLXRCJGMXZLRUSFIXRDDIHSAQRLVGVYBQCWNGSQTKGNTJFTZOFHNR                                 *\r\n* PITXAKYLGBBKASVRCFAKSBUYRLYMGANKKAMOUJRGUZALRZEADWCCNGYNOUFPMLE                                     *\r\n* NQZZFHWTNUPSBIHRGXJK                                                                                *\r\n* LXDCZZADCTJVUXAZFUVAJOTRFLFNOIPCUGCTWWGHVQLAGWGKGSBCNJPWDLWOTNOTEHBOVHDIOOESDSLIEVGWHMOKRGQKAS      *\r\n* IBRWYVSPZPTOZFWSKAOJYGSMRSRWOQSIWAVRLWMNLFHHOYPEVNFKLI                                              *\r\n*******************************************************************************************************\r\n&quot;)" methodname="TestWithRandom" classname="Open_Lab_04._14.Tests" runstate="Runnable" seed="1088783970" result="Passed" start-time="2021-12-27 14:18:11Z" end-time="2021-12-27 14:18:11Z" duration="0.020272" asserts="7387" />
            <test-case id="1027" name="TestWithRandom([&quot;IFFGEWA&quot;, &quot;WKRZJFHOOBXSZLYTCNBBKIWNKUIGRFJPF&quot;, &quot;KDGQUPFRWKLWCXHLERVYXOOEOPXBXISHNZBVMMSLVTLLCNRKZFBRUGBVOCCESEUNSDJCWLZSYJDECDCAYMCSGANGYFGKJOTRZ&quot;, &quot;SYEOONGJTLDXSLABFFCCGSQCEREOIKPMEEKDWKYOLXGCDBMVKIIOOXRZIBKXIRBJVRSOAWFVGNQJLNZDEJDZBBXHMKUVZBG&quot;, &quot;WXHMIXVNDMIBHINUBHSZOBHUTLCPBJVEHWNOGNUGNPWOTWADWATSJGFUQNSWVFLTRDTKVZOOMLLYF&quot;, ...],&quot;*****************************************************************************************************\r\n* IFFGEWA                                                                                           *\r\n* WKRZJFHOOBXSZLYTCNBBKIWNKUIGRFJPF                                                                 *\r\n* KDGQUPFRWKLWCXHLERVYXOOEOPXBXISHNZBVMMSLVTLLCNRKZFBRUGBVOCCESEUNSDJCWLZSYJDECDCAYMCSGANGYFGKJOTRZ *\r\n* SYEOONGJTLDXSLABFFCCGSQCEREOIKPMEEKDWKYOLXGCDBMVKIIOOXRZIBKXIRBJVRSOAWFVGNQJLNZDEJDZBBXHMKUVZBG   *\r\n* WXHMIXVNDMIBHINUBHSZOBHUTLCPBJVEHWNOGNUGNPWOTWADWATSJGFUQNSWVFLTRDTKVZOOMLLYF                     *\r\n* AXLYTBQCVAQSYTUXLIDDXQCPHXLFGXUGPXMVLWMKDOHTTDBUTOADUBUKUWRVPKWYFKDAHZMO                          *\r\n* TZJIJVEVRMRWRMNCBAPFQUSRINJZBNUCMGBBLBLAMAYYFCNXPXFYXIFZHRZVLEUESOJLKLRZPOTQVULGZLJDHV            *\r\n* EABUTBQOHFTGRSCNEFFJIO                                                                            *\r\n* DMGTVAVQXWJFKJRYYZZLKBOUOXYFYBMWPLXHNIUOMPWJHNSDNHHJICEBYLE                                       *\r\n* BPSVJMPYLJKPELZVFEMBEUSQTCOMHVJBDWNWWAAVXUSEWSFXDIWUYDTGXBBGXCRQZJLIXCYEEQDKCOTBXQJYZPDZCGZVZT    *\r\n* UCBENGWZAKSPHZIDJHAJHTSRKFLFQDDFKSJIAJFVAQIOHZVAUDPNZKQAJKTHURJXGMFPQACZCEIQLEKLKLLNNPGZBIYPQ     *\r\n* AJHKHUTFJTAQLUCAPFAIXJGVKQGFNICMJEEYJAWPRECRMXELXBTTPHARCLARNOSARNGHPDROILRSGPJNMUHLOIXCDNVXA     *\r\n* CCMBZYQXWTKFKDQIKNCNESG                                                                           *\r\n* MIQEECHTNCIOGFPKWPYNBJXTLU                                                                        *\r\n* IVMBJWFPQIL                                                                                       *\r\n* TMQRIVBCFYSQPTSECKWSJZZYABZSAPYBLWFBLSPYKSXJCWLQDANGMSJUMRQHVIBPZQFTOQTKV                         *\r\n* IRBPVEQJPACSPSMKOTBICBQHKMQRBMGDKPKSSXVMQMTBMHBNGECAINUGATFJOYHCTZHZHUSRXPRPHPVDKCKXKGUXUDR       *\r\n* SMXSFRHNZBGLLKCSVEZLYBZLNKSMEKFDDTZLRYKQHHEIWYLZEBBPEGZQNMEUYVIOWCISLQAWTIDQXQOOZSICIPZXTIYFUQR   *\r\n* ZPMUQSONBEVVCJTWXPVGNFGGDLZCSVCDRRRIDUYGDUBDUDV                                                   *\r\n* PBIEUKYUIGQFTMUFCSEKSKTCRPCSDCMZPOMRNXJG                                                          *\r\n* WZXDTMRZWBBZLSEIFNFIFQGUQPFZDSEJXQVLWZXCKTHAKAEWHJIKDYNGSCMDHRWEXSBUWTMGPCX                       *\r\n* JGKQKISUJTFZDPTTMTVTWCCRZKZOWCUBAAWMSWSYZCUENBQHAS                                                *\r\n* VGEQGDSQAIDXHZDZCSGAPBWTUIYEYTSOEIYVWKPJAGSQVEMEJCNOTSEUJKVYENSHQPTZAICSCXAIIG                    *\r\n* PVTUVFDUMDDLLOREMOLZFLMEBZVLVRWLDMFCLTWBMUGWWXQDLTNUXGSEIPTWJRYUHRHZJPTTSJNKEQHEJRACDBOWTBTVAA    *\r\n* UVMPEPQUVAUBOTHZSHONSRWRFDLFHWXSSRSOSBCOSXFCIZZDMCAOLNZDZVJBEKMZCCJXB                             *\r\n* GRFAUULTIFEITFVJHFROPXRBKHLFZGQCBTVJILSFRGMEWWRGDTUEFNDIZDPNJFTBPBGZJLAW                          *\r\n* MWILMEOPECFMLXOQNKFVEWLMKPVPRWSTYRTQUXMYBXEDOPDESJW                                               *\r\n* UAIPK                                                                                             *\r\n* AXJYYIJMNUDXVPXGUGSHYVLQXIZRYXIDGXXPPCZWUBBJAVNHDNGCXCYFLSBPISNQLAQYRIRSGVNWTCQCUSNLQGF           *\r\n* ZSDXAJOCOLYZEPP                                                                                   *\r\n* WNVCPBLJBZUPECZEVNYZETRWHLIIDQYFDRODLCOXGTVBOYXLLUDQQPRDWYUDTDFKBPMNOWSSYASLXQHIOWXJ              *\r\n* HPNALGMILEDOKZZMJXOBLSPXGFFQLPWGVXUAYMCPFKNWPWNQIW                                                *\r\n* YIIBOZQUGBWWVHWSM                                                                                 *\r\n* ZNXVYVAFTHJRPIOKYYNWFBI                                                                           *\r\n* WOJNROSEAKIJHDJNAJFILOLNHKJYEQAYEEYJLNNFOEREZFDUOAVVVZGICVFGEUAJKKECFZB                           *\r\n* VAUHWHOCHPKEVEDFYPHPIGAUEIUOBBOOYIZUFZMVHDZPJVOFHZE                                               *\r\n* SLFOAACNNZAGAVFNEIZYDLIEHKKIUOHCWZVMDLUFWYHICTONPBBZZGMGDAHPP                                     *\r\n* TYRYJBZSJTNUBFDZCOVWSTNIDQNPICDEPCEJQEJNOWRHLEEGDDYTTSBALJVTNKKHPJEZAUJYEIIVBFW                   *\r\n* LGLFEKKXAEXGIQZDMJRBZFGIUAOLKFYFMWHHYFCFYHYVXDPOIFISOVYGZDKEWYMUFRTLISEHHMDSGKLQKZDEWGRRYBIVUY    *\r\n* AUDPFJDGQABKBRGZPSTTXUIXZACNHKJNI                                                                 *\r\n* CXCUFHHSNDVVPZRB                                                                                  *\r\n* CAELFMFQFHPZGRNBXPJWUMMMEHECEKCVGRGNESXKXEAZRTHMITSKIEYPNSGXIDMUFUTOKAXFR                         *\r\n* ZQMMVKZSUKSRNBSQZMLZCTRFUXASBHWNTJEIDAXWXQJBCNGRWUALTRWFYGRXKHQMOFYDXKNYPPBMKQDHQIWHHLTCNZKXIZL   *\r\n* ZXNXPDUMGBVDPJVICKHBLJEDLWPYZQQQELNNCGRMOJAFPQMEDCUYRJFPSKLTOWMQ                                  *\r\n* FZEWHFWTVNBJYNVJKUXVRZUGXURUYYSXJUJQIIWWXEVWD                                                     *\r\n* TXQKDCOUTGFYYNOBVXVEAEDE                                                                          *\r\n* CXBY                                                                                              *\r\n* DXCRAUEOUQIOADLKJJIWJYBZFPTMJAENWGDHVGMTXGCFWLDASQT                                               *\r\n* SBDEVDLLBSFULURUAEODWPZCWWCUMSTSHPVUDYLSUBREBHTCTIAOBQRDCA                                        *\r\n* ZARYIZMNWZWRBSWIVXUBPDABDSEQR                                                                     *\r\n* RSCRMRDCJFPUWDWRYVEHWGHZSVAQVPUWWZHEOJGFETNPLVGXEMTILJBLKDZQQNHTLTYXVSCOPZCCSSNXOCLIVLKMXVT       *\r\n* KPORMTDSXJBMJESMGZTSPCBOBYYAILZAYQEAKLPYOUAFB                                                     *\r\n* ZQSXGYCBVINAPOVDKLJBOTASCUJUDVBWMCYHILFBXWUVMJVBCLKOWAKGPZVLPHYAGRNMPOVZGIDSYFFSZHRRKNZMSSRIPTLQ  *\r\n* TOVVJLOQLINWSHKUCMHQHPTRBUXWNJMWNUEQKWPWCBZFLQZKGOMHEZQEVDUOOSCBVRJXDUJFWLNFQOFKUMPYWFSNEAV       *\r\n* BBHKYXJUHBGMEGLTMKNHXKUCCEF                                                                       *\r\n* ZVTDZCEVDCHSELDSFDUPUZATMOIRHFHUSTVLIDMBCPPJDVCMGBWZJQWZUARLTMN                                   *\r\n* VNZKPSKBQSMEJRQQLWLFIHKCXVQIMBHQCSOPVRXNQUJRDRQDJAZXAIONCXNTBCPOKVCRCAVTYXPOYSYFFMYLBKQUDBN       *\r\n* EDMOFUHHPYBIFGYCSAOKYHOODENAFINBNXOVLAIEKQQGLQGVLNBDMDZXPXKBGHCHLZUHRDRSRKZHQHDNXSOSHKPKYQGOP     *\r\n* XDOIVMVYDIWILCDRGHUXDOSKABKKJB                                                                    *\r\n* CCJMVTIMQRYPGVYYNGGJZUSEJKEITBKOCLTGBPHYYVDFEZMOCCXDDRXIKFDLOZSPGJMVCRWXYILDRMZJYQGREHL           *\r\n*****************************************************************************************************\r\n&quot;)" fullname="Open_Lab_04._14.Tests.TestWithRandom([&quot;IFFGEWA&quot;, &quot;WKRZJFHOOBXSZLYTCNBBKIWNKUIGRFJPF&quot;, &quot;KDGQUPFRWKLWCXHLERVYXOOEOPXBXISHNZBVMMSLVTLLCNRKZFBRUGBVOCCESEUNSDJCWLZSYJDECDCAYMCSGANGYFGKJOTRZ&quot;, &quot;SYEOONGJTLDXSLABFFCCGSQCEREOIKPMEEKDWKYOLXGCDBMVKIIOOXRZIBKXIRBJVRSOAWFVGNQJLNZDEJDZBBXHMKUVZBG&quot;, &quot;WXHMIXVNDMIBHINUBHSZOBHUTLCPBJVEHWNOGNUGNPWOTWADWATSJGFUQNSWVFLTRDTKVZOOMLLYF&quot;, ...],&quot;*****************************************************************************************************\r\n* IFFGEWA                                                                                           *\r\n* WKRZJFHOOBXSZLYTCNBBKIWNKUIGRFJPF                                                                 *\r\n* KDGQUPFRWKLWCXHLERVYXOOEOPXBXISHNZBVMMSLVTLLCNRKZFBRUGBVOCCESEUNSDJCWLZSYJDECDCAYMCSGANGYFGKJOTRZ *\r\n* SYEOONGJTLDXSLABFFCCGSQCEREOIKPMEEKDWKYOLXGCDBMVKIIOOXRZIBKXIRBJVRSOAWFVGNQJLNZDEJDZBBXHMKUVZBG   *\r\n* WXHMIXVNDMIBHINUBHSZOBHUTLCPBJVEHWNOGNUGNPWOTWADWATSJGFUQNSWVFLTRDTKVZOOMLLYF                     *\r\n* AXLYTBQCVAQSYTUXLIDDXQCPHXLFGXUGPXMVLWMKDOHTTDBUTOADUBUKUWRVPKWYFKDAHZMO                          *\r\n* TZJIJVEVRMRWRMNCBAPFQUSRINJZBNUCMGBBLBLAMAYYFCNXPXFYXIFZHRZVLEUESOJLKLRZPOTQVULGZLJDHV            *\r\n* EABUTBQOHFTGRSCNEFFJIO                                                                            *\r\n* DMGTVAVQXWJFKJRYYZZLKBOUOXYFYBMWPLXHNIUOMPWJHNSDNHHJICEBYLE                                       *\r\n* BPSVJMPYLJKPELZVFEMBEUSQTCOMHVJBDWNWWAAVXUSEWSFXDIWUYDTGXBBGXCRQZJLIXCYEEQDKCOTBXQJYZPDZCGZVZT    *\r\n* UCBENGWZAKSPHZIDJHAJHTSRKFLFQDDFKSJIAJFVAQIOHZVAUDPNZKQAJKTHURJXGMFPQACZCEIQLEKLKLLNNPGZBIYPQ     *\r\n* AJHKHUTFJTAQLUCAPFAIXJGVKQGFNICMJEEYJAWPRECRMXELXBTTPHARCLARNOSARNGHPDROILRSGPJNMUHLOIXCDNVXA     *\r\n* CCMBZYQXWTKFKDQIKNCNESG                                                                           *\r\n* MIQEECHTNCIOGFPKWPYNBJXTLU                                                                        *\r\n* IVMBJWFPQIL                                                                                       *\r\n* TMQRIVBCFYSQPTSECKWSJZZYABZSAPYBLWFBLSPYKSXJCWLQDANGMSJUMRQHVIBPZQFTOQTKV                         *\r\n* IRBPVEQJPACSPSMKOTBICBQHKMQRBMGDKPKSSXVMQMTBMHBNGECAINUGATFJOYHCTZHZHUSRXPRPHPVDKCKXKGUXUDR       *\r\n* SMXSFRHNZBGLLKCSVEZLYBZLNKSMEKFDDTZLRYKQHHEIWYLZEBBPEGZQNMEUYVIOWCISLQAWTIDQXQOOZSICIPZXTIYFUQR   *\r\n* ZPMUQSONBEVVCJTWXPVGNFGGDLZCSVCDRRRIDUYGDUBDUDV                                                   *\r\n* PBIEUKYUIGQFTMUFCSEKSKTCRPCSDCMZPOMRNXJG                                                          *\r\n* WZXDTMRZWBBZLSEIFNFIFQGUQPFZDSEJXQVLWZXCKTHAKAEWHJIKDYNGSCMDHRWEXSBUWTMGPCX                       *\r\n* JGKQKISUJTFZDPTTMTVTWCCRZKZOWCUBAAWMSWSYZCUENBQHAS                                                *\r\n* VGEQGDSQAIDXHZDZCSGAPBWTUIYEYTSOEIYVWKPJAGSQVEMEJCNOTSEUJKVYENSHQPTZAICSCXAIIG                    *\r\n* PVTUVFDUMDDLLOREMOLZFLMEBZVLVRWLDMFCLTWBMUGWWXQDLTNUXGSEIPTWJRYUHRHZJPTTSJNKEQHEJRACDBOWTBTVAA    *\r\n* UVMPEPQUVAUBOTHZSHONSRWRFDLFHWXSSRSOSBCOSXFCIZZDMCAOLNZDZVJBEKMZCCJXB                             *\r\n* GRFAUULTIFEITFVJHFROPXRBKHLFZGQCBTVJILSFRGMEWWRGDTUEFNDIZDPNJFTBPBGZJLAW                          *\r\n* MWILMEOPECFMLXOQNKFVEWLMKPVPRWSTYRTQUXMYBXEDOPDESJW                                               *\r\n* UAIPK                                                                                             *\r\n* AXJYYIJMNUDXVPXGUGSHYVLQXIZRYXIDGXXPPCZWUBBJAVNHDNGCXCYFLSBPISNQLAQYRIRSGVNWTCQCUSNLQGF           *\r\n* ZSDXAJOCOLYZEPP                                                                                   *\r\n* WNVCPBLJBZUPECZEVNYZETRWHLIIDQYFDRODLCOXGTVBOYXLLUDQQPRDWYUDTDFKBPMNOWSSYASLXQHIOWXJ              *\r\n* HPNALGMILEDOKZZMJXOBLSPXGFFQLPWGVXUAYMCPFKNWPWNQIW                                                *\r\n* YIIBOZQUGBWWVHWSM                                                                                 *\r\n* ZNXVYVAFTHJRPIOKYYNWFBI                                                                           *\r\n* WOJNROSEAKIJHDJNAJFILOLNHKJYEQAYEEYJLNNFOEREZFDUOAVVVZGICVFGEUAJKKECFZB                           *\r\n* VAUHWHOCHPKEVEDFYPHPIGAUEIUOBBOOYIZUFZMVHDZPJVOFHZE                                               *\r\n* SLFOAACNNZAGAVFNEIZYDLIEHKKIUOHCWZVMDLUFWYHICTONPBBZZGMGDAHPP                                     *\r\n* TYRYJBZSJTNUBFDZCOVWSTNIDQNPICDEPCEJQEJNOWRHLEEGDDYTTSBALJVTNKKHPJEZAUJYEIIVBFW                   *\r\n* LGLFEKKXAEXGIQZDMJRBZFGIUAOLKFYFMWHHYFCFYHYVXDPOIFISOVYGZDKEWYMUFRTLISEHHMDSGKLQKZDEWGRRYBIVUY    *\r\n* AUDPFJDGQABKBRGZPSTTXUIXZACNHKJNI                                                                 *\r\n* CXCUFHHSNDVVPZRB                                                                                  *\r\n* CAELFMFQFHPZGRNBXPJWUMMMEHECEKCVGRGNESXKXEAZRTHMITSKIEYPNSGXIDMUFUTOKAXFR                         *\r\n* ZQMMVKZSUKSRNBSQZMLZCTRFUXASBHWNTJEIDAXWXQJBCNGRWUALTRWFYGRXKHQMOFYDXKNYPPBMKQDHQIWHHLTCNZKXIZL   *\r\n* ZXNXPDUMGBVDPJVICKHBLJEDLWPYZQQQELNNCGRMOJAFPQMEDCUYRJFPSKLTOWMQ                                  *\r\n* FZEWHFWTVNBJYNVJKUXVRZUGXURUYYSXJUJQIIWWXEVWD                                                     *\r\n* TXQKDCOUTGFYYNOBVXVEAEDE                                                                          *\r\n* CXBY                                                                                              *\r\n* DXCRAUEOUQIOADLKJJIWJYBZFPTMJAENWGDHVGMTXGCFWLDASQT                                               *\r\n* SBDEVDLLBSFULURUAEODWPZCWWCUMSTSHPVUDYLSUBREBHTCTIAOBQRDCA                                        *\r\n* ZARYIZMNWZWRBSWIVXUBPDABDSEQR                                                                     *\r\n* RSCRMRDCJFPUWDWRYVEHWGHZSVAQVPUWWZHEOJGFETNPLVGXEMTILJBLKDZQQNHTLTYXVSCOPZCCSSNXOCLIVLKMXVT       *\r\n* KPORMTDSXJBMJESMGZTSPCBOBYYAILZAYQEAKLPYOUAFB                                                     *\r\n* ZQSXGYCBVINAPOVDKLJBOTASCUJUDVBWMCYHILFBXWUVMJVBCLKOWAKGPZVLPHYAGRNMPOVZGIDSYFFSZHRRKNZMSSRIPTLQ  *\r\n* TOVVJLOQLINWSHKUCMHQHPTRBUXWNJMWNUEQKWPWCBZFLQZKGOMHEZQEVDUOOSCBVRJXDUJFWLNFQOFKUMPYWFSNEAV       *\r\n* BBHKYXJUHBGMEGLTMKNHXKUCCEF                                                                       *\r\n* ZVTDZCEVDCHSELDSFDUPUZATMOIRHFHUSTVLIDMBCPPJDVCMGBWZJQWZUARLTMN                                   *\r\n* VNZKPSKBQSMEJRQQLWLFIHKCXVQIMBHQCSOPVRXNQUJRDRQDJAZXAIONCXNTBCPOKVCRCAVTYXPOYSYFFMYLBKQUDBN       *\r\n* EDMOFUHHPYBIFGYCSAOKYHOODENAFINBNXOVLAIEKQQGLQGVLNBDMDZXPXKBGHCHLZUHRDRSRKZHQHDNXSOSHKPKYQGOP     *\r\n* XDOIVMVYDIWILCDRGHUXDOSKABKKJB                                                                    *\r\n* CCJMVTIMQRYPGVYYNGGJZUSEJKEITBKOCLTGBPHYYVDFEZMOCCXDDRXIKFDLOZSPGJMVCRWXYILDRMZJYQGREHL           *\r\n*****************************************************************************************************\r\n&quot;)" methodname="TestWithRandom" classname="Open_Lab_04._14.Tests" runstate="Runnable" seed="489716475" result="Passed" start-time="2021-12-27 14:18:11Z" end-time="2021-12-27 14:18:11Z" duration="0.020929" asserts="6327" />
            <test-case id="1028" name="TestWithRandom([&quot;LWVLWJZCNZUMRLKFZFUGTRXGUNYTBLZYBGRVBMCZLADNEXHEVLEBREU&quot;, &quot;YPRJKGBCZWKKUPENDUUSNKCWFUXQGXGWMXWMUSPFZBNHMXJGGQYWKBGOMUDPJLVCQNXXSSSKFPTMXU&quot;, &quot;ILQJQYJMLQIZAOZWOFLRYZMNOYOQVHTRRKUESBFDG&quot;, &quot;LGKTS&quot;, &quot;GSFHLDLJYCVSKTRDWQHQUVDMAIKXNFDUFTKCCMFNYLFQGNTNKIJTLBBKPTGDTNVTZAMRIOBJLTRIPNFMPXN&quot;, ...],&quot;***********************************************************************************************\r\n* LWVLWJZCNZUMRLKFZFUGTRXGUNYTBLZYBGRVBMCZLADNEXHEVLEBREU                                     *\r\n* YPRJKGBCZWKKUPENDUUSNKCWFUXQGXGWMXWMUSPFZBNHMXJGGQYWKBGOMUDPJLVCQNXXSSSKFPTMXU              *\r\n* ILQJQYJMLQIZAOZWOFLRYZMNOYOQVHTRRKUESBFDG                                                   *\r\n* LGKTS                                                                                       *\r\n* GSFHLDLJYCVSKTRDWQHQUVDMAIKXNFDUFTKCCMFNYLFQGNTNKIJTLBBKPTGDTNVTZAMRIOBJLTRIPNFMPXN         *\r\n* VJIDRANIFCUKQLRGBBFVGZ                                                                      *\r\n* SKTUBOUOWAPXPRIZIBSDJZHRDWZLNRRY                                                            *\r\n* BQTYFLULNYKAOBOSCXUNVYTCBQFOIBEIRCOBOADPYRVBXQPUKSKUXKZCXQWOFFDMTBJLMNEBTEPECRFLBKDP        *\r\n* JLGCLDXEOJSOJHVGEIXOJASVVZFLLNVBOWJQDJAJGXFVWPTKKEWCFBGJSLHMYMT                             *\r\n* OQAMYFDU                                                                                    *\r\n* OHMVXYFFVBGQSVMPAXSCOKUDDGGP                                                                *\r\n* MEABVRTUNVMBGDLMLWUNXXHLSSENI                                                               *\r\n* QSQYJWFOXETUNCFBHHJRRKLBKOXPJCMGMUEUKITOGXZQTCKEFRKWDQBGGONUZQEURNISYKQZ                    *\r\n* UKTLVIIDSJRSQCVTXNVUYPQSEYGTSGVALJJGIVLGFRGGNBBKNZAWV                                       *\r\n* OFUAGWBOLLOQGGTPKC                                                                          *\r\n* POHIKFCWV                                                                                   *\r\n* TGYFGUDLHOOFRGVRWUURXOXUFP                                                                  *\r\n* WKUDAFHSEPKAMPDDNNJXBNSIHBE                                                                 *\r\n* FIEZQNHBNLOZJNQBMUIBULJHWSFIRMVYBY                                                          *\r\n* WLKJYICPCYKNNXRWNSCOUYXDYIYKAPPYKBTPBLKTRVHILERKZQ                                          *\r\n* FZKSXOGKQJSOMJLDMDBUCIIWYRPRUQNK                                                            *\r\n* HJZAIWBUATJZGUYABFHYVGXQNTFYPPZWHEFZMCEHZZ                                                  *\r\n* PZXSWQ                                                                                      *\r\n* TLGMPBMINOQCFKUNSCPZNYAAYVEHRQBJIXWNPVODNEOPQXUQULEQGREULGOTWERXNHUHO                       *\r\n* XXNMLIKLJABNNFLKCRSCCJGUGIM                                                                 *\r\n* CIDMCNOHDUFVKZWNSJRMLDFCPLEOQSFDVSIBXOKZREHHMWRCMTCXRAGZDAXQJZQKPCASR                       *\r\n* PDYRUHVXQSUBCXQHLVLJYXRTQRNWSJWZLRDYZZFYDGJFWHWTUHQFGHWSMEBCUZEGVUQLURILPNGSNLXIVU          *\r\n* LTRSDUL                                                                                     *\r\n* UYDEDBCKBRLYCZFPTBEEBHSHZXTNDBMQJGNMLICQLBVR                                                *\r\n* VYMOBZCPGKNGVEGIPGAEVPWLSEKYOTZLBYEY                                                        *\r\n* ZBCJBCWZGQDWIVVVMOFCAWXOEBNKC                                                               *\r\n* WAHAPEXVTNAMLNHCFX                                                                          *\r\n* QPKYWHDENFZOLXCTDP                                                                          *\r\n* GQXQUSBOKKHCVQFLPMBKTMAKPUZOOI                                                              *\r\n* DNYRNSYQGUSSTFDEXFLNHBENUQNBZTMZBQDOXZSSQVVPATGEMQBJDVLBIKWXFXQNITQCBOGYNTWL                *\r\n* ONAJIPJRDWFFCGMCUMTFIHHCDC                                                                  *\r\n* JDVKZAVUXWOXIGVEXKXZITVTGCGYGFYFFRAOIMGEHLPGGPLYMCKRFDOPHCDXTWNRXIRQGHWKESSXEPMQQHMEVGACCKG *\r\n* IILKYYIYYVSEGZMMKRLSPN                                                                      *\r\n* LJJVRHONVARCVHHYFGOSUPHXWTNS                                                                *\r\n* ZOPVBZAOCRQJHWDPWQEDTFLBUMWCLZXUWDVMBHUIGK                                                  *\r\n* PXJNSDIZCIORU                                                                               *\r\n* OBPCYDDTWNE                                                                                 *\r\n* QOPWW                                                                                       *\r\n***********************************************************************************************\r\n&quot;)" fullname="Open_Lab_04._14.Tests.TestWithRandom([&quot;LWVLWJZCNZUMRLKFZFUGTRXGUNYTBLZYBGRVBMCZLADNEXHEVLEBREU&quot;, &quot;YPRJKGBCZWKKUPENDUUSNKCWFUXQGXGWMXWMUSPFZBNHMXJGGQYWKBGOMUDPJLVCQNXXSSSKFPTMXU&quot;, &quot;ILQJQYJMLQIZAOZWOFLRYZMNOYOQVHTRRKUESBFDG&quot;, &quot;LGKTS&quot;, &quot;GSFHLDLJYCVSKTRDWQHQUVDMAIKXNFDUFTKCCMFNYLFQGNTNKIJTLBBKPTGDTNVTZAMRIOBJLTRIPNFMPXN&quot;, ...],&quot;***********************************************************************************************\r\n* LWVLWJZCNZUMRLKFZFUGTRXGUNYTBLZYBGRVBMCZLADNEXHEVLEBREU                                     *\r\n* YPRJKGBCZWKKUPENDUUSNKCWFUXQGXGWMXWMUSPFZBNHMXJGGQYWKBGOMUDPJLVCQNXXSSSKFPTMXU              *\r\n* ILQJQYJMLQIZAOZWOFLRYZMNOYOQVHTRRKUESBFDG                                                   *\r\n* LGKTS                                                                                       *\r\n* GSFHLDLJYCVSKTRDWQHQUVDMAIKXNFDUFTKCCMFNYLFQGNTNKIJTLBBKPTGDTNVTZAMRIOBJLTRIPNFMPXN         *\r\n* VJIDRANIFCUKQLRGBBFVGZ                                                                      *\r\n* SKTUBOUOWAPXPRIZIBSDJZHRDWZLNRRY                                                            *\r\n* BQTYFLULNYKAOBOSCXUNVYTCBQFOIBEIRCOBOADPYRVBXQPUKSKUXKZCXQWOFFDMTBJLMNEBTEPECRFLBKDP        *\r\n* JLGCLDXEOJSOJHVGEIXOJASVVZFLLNVBOWJQDJAJGXFVWPTKKEWCFBGJSLHMYMT                             *\r\n* OQAMYFDU                                                                                    *\r\n* OHMVXYFFVBGQSVMPAXSCOKUDDGGP                                                                *\r\n* MEABVRTUNVMBGDLMLWUNXXHLSSENI                                                               *\r\n* QSQYJWFOXETUNCFBHHJRRKLBKOXPJCMGMUEUKITOGXZQTCKEFRKWDQBGGONUZQEURNISYKQZ                    *\r\n* UKTLVIIDSJRSQCVTXNVUYPQSEYGTSGVALJJGIVLGFRGGNBBKNZAWV                                       *\r\n* OFUAGWBOLLOQGGTPKC                                                                          *\r\n* POHIKFCWV                                                                                   *\r\n* TGYFGUDLHOOFRGVRWUURXOXUFP                                                                  *\r\n* WKUDAFHSEPKAMPDDNNJXBNSIHBE                                                                 *\r\n* FIEZQNHBNLOZJNQBMUIBULJHWSFIRMVYBY                                                          *\r\n* WLKJYICPCYKNNXRWNSCOUYXDYIYKAPPYKBTPBLKTRVHILERKZQ                                          *\r\n* FZKSXOGKQJSOMJLDMDBUCIIWYRPRUQNK                                                            *\r\n* HJZAIWBUATJZGUYABFHYVGXQNTFYPPZWHEFZMCEHZZ                                                  *\r\n* PZXSWQ                                                                                      *\r\n* TLGMPBMINOQCFKUNSCPZNYAAYVEHRQBJIXWNPVODNEOPQXUQULEQGREULGOTWERXNHUHO                       *\r\n* XXNMLIKLJABNNFLKCRSCCJGUGIM                                                                 *\r\n* CIDMCNOHDUFVKZWNSJRMLDFCPLEOQSFDVSIBXOKZREHHMWRCMTCXRAGZDAXQJZQKPCASR                       *\r\n* PDYRUHVXQSUBCXQHLVLJYXRTQRNWSJWZLRDYZZFYDGJFWHWTUHQFGHWSMEBCUZEGVUQLURILPNGSNLXIVU          *\r\n* LTRSDUL                                                                                     *\r\n* UYDEDBCKBRLYCZFPTBEEBHSHZXTNDBMQJGNMLICQLBVR                                                *\r\n* VYMOBZCPGKNGVEGIPGAEVPWLSEKYOTZLBYEY                                                        *\r\n* ZBCJBCWZGQDWIVVVMOFCAWXOEBNKC                                                               *\r\n* WAHAPEXVTNAMLNHCFX                                                                          *\r\n* QPKYWHDENFZOLXCTDP                                                                          *\r\n* GQXQUSBOKKHCVQFLPMBKTMAKPUZOOI                                                              *\r\n* DNYRNSYQGUSSTFDEXFLNHBENUQNBZTMZBQDOXZSSQVVPATGEMQBJDVLBIKWXFXQNITQCBOGYNTWL                *\r\n* ONAJIPJRDWFFCGMCUMTFIHHCDC                                                                  *\r\n* JDVKZAVUXWOXIGVEXKXZITVTGCGYGFYFFRAOIMGEHLPGGPLYMCKRFDOPHCDXTWNRXIRQGHWKESSXEPMQQHMEVGACCKG *\r\n* IILKYYIYYVSEGZMMKRLSPN                                                                      *\r\n* LJJVRHONVARCVHHYFGOSUPHXWTNS                                                                *\r\n* ZOPVBZAOCRQJHWDPWQEDTFLBUMWCLZXUWDVMBHUIGK                                                  *\r\n* PXJNSDIZCIORU                                                                               *\r\n* OBPCYDDTWNE                                                                                 *\r\n* QOPWW                                                                                       *\r\n***********************************************************************************************\r\n&quot;)" methodname="TestWithRandom" classname="Open_Lab_04._14.Tests" runstate="Runnable" seed="539903703" result="Passed" start-time="2021-12-27 14:18:11Z" end-time="2021-12-27 14:18:11Z" duration="0.010391" asserts="4323" />
            <test-case id="1029" name="TestWithRandom([&quot;BVDLYDYCZULHLAKMGEFHGZVBVJRMUJGLRIT&quot;, &quot;KPQZAAEZKFSAGBJRRPCCZBPPLLI&quot;, &quot;OZPCHDBQOFHGVWRPQRGTAOUCGQHJABOOROLKPPSDZTDLHVGDKZYTFPPZFNWQ&quot;, &quot;SPMRTOGLGAAYCTGKIULJDYACUICZLFCTBHGDQTOGASEZYVCVIPWSLGSUPKXKMGZAXGXVMDTOGEJLTBEZFGRVJJ&quot;, &quot;UOMOGWDUTSEBRXHIFVHMGXHANGYEFPDQOY&quot;, ...],&quot;********************************************************************************************************\r\n* BVDLYDYCZULHLAKMGEFHGZVBVJRMUJGLRIT                                                                  *\r\n* KPQZAAEZKFSAGBJRRPCCZBPPLLI                                                                          *\r\n* OZPCHDBQOFHGVWRPQRGTAOUCGQHJABOOROLKPPSDZTDLHVGDKZYTFPPZFNWQ                                         *\r\n* SPMRTOGLGAAYCTGKIULJDYACUICZLFCTBHGDQTOGASEZYVCVIPWSLGSUPKXKMGZAXGXVMDTOGEJLTBEZFGRVJJ               *\r\n* UOMOGWDUTSEBRXHIFVHMGXHANGYEFPDQOY                                                                   *\r\n* GAONSDKQS                                                                                            *\r\n* ZMBYXMZCXBXHLAZXZODONNTVBIQIOJWGOLNTXGIDDORWEZPNNUDVMEBMTF                                           *\r\n* PVRNOFRSZNGASGAKZVWRBTCVTFBUKKAASJTHMACRNGPAHULPLTBQWNVWSVUIEWHOMFIJMSYZSFEUDCOYULIRJKDEO            *\r\n* OQFTNQZBOBMBCTVBXQJASQHVOSOQFCBDVPEHUYSNVBNMMSIPWHMNUNEYJKFUBJWMZIGMPOHYXVFQCUJWJZUXPOIHL            *\r\n* XJTYMMFBNDLWAHANPZINVPA                                                                              *\r\n* KCPYWLAZBJQXEZJSKBHGLNZMWCZJYYKI                                                                     *\r\n* LNJXGEBDMVQRCIPPPCTHUWXDDCTMQACYIOTM                                                                 *\r\n* VEWFCYSIUUUJUJVRAOOPGUELPMMSSIOPCPUYWCRYFUIHYCWRGHIZEXSBZLPPMAQMGFGEOXUXXQKMLXMMQVLKAOKFXSZKNBLFEWB  *\r\n* WSCJMKCNMGPCZCZROFLRUAHVYJKVFFHPVSQYSBYPLXTQDWLKCUQYKKYVLGKCAHHHYZGGMAYMHWF                          *\r\n* HQSBYATLPIFLUVNMRVPEPMRDPEYBVDROEBOUOJDANWRPUVMQMMVMGAHVZOLUBRPLRQGTGTXHRPRSUBITSHPJHFHDTT           *\r\n* ZXJYWGGYEPSKTONURJOAXGRBUCGDLICZNYYKHRULOCEEZXVUTKQUESXTFIDUACNVMSWVQDNAPCMVBNCXG                    *\r\n* JASIVVBFEZNZLLPJRGAADQXQEBGCRRFGNOSMDEXBULYNMPRA                                                     *\r\n* SVVWGITDBDTOYNNTHLXSD                                                                                *\r\n* NJZFSRKEPKFWZWKJHFZJBBDMV                                                                            *\r\n* LTEEUIBLIMXAQBTXOJJCOQJXERTUFLFNKUGQZLQXVNNXMGPXPDNUCTIUKHZCOHGXGJQVVDYDTMGBDLLYCVEBYLKRMLF          *\r\n* LNINGQRCPUBMFKAQMHRZVBASCFYVZZIKXGRFDTUNUIIHURVOKTEEUGWKNQLBRVCQLRPZSV                               *\r\n* TNEFNSSYLKJKGUEQRKHRMITVYFSVCCVWPFLQQBIRURZQILWVHBXPK                                                *\r\n* AKUIGHAXVIONU                                                                                        *\r\n* INZQB                                                                                                *\r\n* XUICNMJWOBEGLMEAWHUBRXWRBUQUMTBHOVGFCRVTXDIUEICIWHRSVAXZYQAS                                         *\r\n* PJVZWRPGYYELADOPBNTSIYFBJMOXGHLQDXITMVHQMBXJMGUWJJXDHANQETQKDSZRMOIDUUCGGCFGAVPCRROWJI               *\r\n* DKROTFWNUCGXYYRCOHRXFUGQJEOSMECHEEFTC                                                                *\r\n* JAJOLETYRDAPZPSKEIDBFORD                                                                             *\r\n* PZZTTT                                                                                               *\r\n* ZIXQOQICXLMKSWEMOTAWPBAUJFNVEUEXKBQRRCWNZBDUBGLEKMKZSWIXHDGIDMXCGPZRGNVMXMWOXGTDUIKRKFEOSSJOVN       *\r\n* MEBNMHTYXRXCGZUAAKDOUBFSAKLYOEGQKCKJWSGW                                                             *\r\n* KN                                                                                                   *\r\n* M                                                                                                    *\r\n* YOYSIESYPLYINB                                                                                       *\r\n* VKTLHRDPKDIDHOKOFGXLWAVVBXLMZLNFEAEZUOFLVZNOABLKEWTCPQYVOXJJGQQZQCYGJLTQBLQXMHVAMBH                  *\r\n* RLPOBJKXF                                                                                            *\r\n* FEJNYYCEBTCDBEZBJHCJWFIOIEMKFAAWLFGLOYIXYHZOZOKLOAADUWZAWVFTLSZBTGRWYONKYFLOFUOUUAVE                 *\r\n* WBPGFPTSPLFIYUSWNNANPFPKKUBGLZKWUBXECPSYURJTFGGAVXGNVRKRMEVLNMHPAJNXWOUYVBSXVWFDNBKOSXBCQGSXTGLHKTSV *\r\n* JDHDIRTYMVPYSXMCTXDIKGQWWEOQLNCDKLEXDLJFIDDKCZBJYFRVPNHCMLGEDCNZTMOGTOYI                             *\r\n* XAHCGTXCFSGWGOWDBLSEFCFQEQQKUQKGJISNAZGRJCYKHDNYRDRDGD                                               *\r\n* VUQYPCMHOIZNYWJCCEAVDDVJBDSTRYGAF                                                                    *\r\n* WSKBRPWUJCHPPBHAPZFIFRZHXLKTPQBYHYZRSANLZITTBLOQLRJHUXUESCEFEDETAIIQCQHOLUJWYGFLXTHYGUEKEUYPWHGWDAS  *\r\n* DXOVJUVAOXGMXSILVGMFEXMHRRRENNTXNLIZFLOMZDWGOLSEZVAXNMOFLGDRCQMAEIYLJJGJRAG                          *\r\n* AFTFZ                                                                                                *\r\n* FSMVKBXCNYIWJIQVCFNGUQPQFMGNFGMXSPLUOIXXOGVHBURYKFCO                                                 *\r\n* TSPDWQYVJXGMKEUWWHTHQRNUIOKVHDADYFYWWRSSZBFJOVRQWBOXJGCCEUVHFCNGXDNEFXA                              *\r\n* PAHOMEFNXUZGOCUSDWR                                                                                  *\r\n* WKNXOYLL                                                                                             *\r\n* MKYAJIIZNPAOIJKDHRVIVBIGYIENKZ                                                                       *\r\n* SUFKJAFEULTPGRNOACUHHQCMLBSCBDUONCHUCZBCBMBWCLBOLUDL                                                 *\r\n* SGCRSZHHCDQREBEKSLBBRFUPGKAZERGAJYVWEDJZTVYJKFXJXDSJBKYMMMLIZH                                       *\r\n* LXPIFGIFPBCIWH                                                                                       *\r\n* EAMQCAYXYZAJKSSBALRNLVXSCPXDHZBCFBHKVIFCNAQ                                                          *\r\n* FXYNXABWEUZJDUNMCVPZXXDIKIFSFPZLEON                                                                  *\r\n* RKGGYFYLBYGBUSZRKRLITPC                                                                              *\r\n* VIRPUOEPGIVSOIBSYSGMBDXNPIANCFMBHRLPNJRNTRVMWHDCQTJAIQNSKD                                           *\r\n* L                                                                                                    *\r\n* RNBVTKXXLEPBSSKILQHFXXIVMTRETEKJFZBETQDXFFEPTYPXDJZNSG                                               *\r\n* UEFJASTDHTGWTRGOUNJZSTSBNDTAJEWQYJHZNHCFMBWVNBWGWVEAJHXBMEVWYSU                                      *\r\n* XPYJJGBNKENR                                                                                         *\r\n* WNLHNEOAWHQLFNJLFGTGTYXCMWPTRPEUGEPQJPLOGCBIIXDTSBEYTKDYQIUQOUIGCWFBXSCQUFAQXPUPSVAQKFBW             *\r\n* RAAVUZ                                                                                               *\r\n* UUFLSCWZZODNJMBAOEXSTSWWVIZFSBUAFPWCJJWQZBQVC                                                        *\r\n* MOQZMQXHRBXIQJCQHYUDHUPYREHHSSBAUHVKPTOEDYXUEASNNJUS                                                 *\r\n* ZFSZSH                                                                                               *\r\n* IQOYZXOINRANJPAJXUTQLUTJYJZVCDL                                                                      *\r\n* LGVMJYVHLKZWIGILZWVEZQVOXEAQXTGJFDBDUNZYZLFBUWBSANVFIHYVKHPEYFJSEPQEEFRLWWENLUTADIPKXABXFG           *\r\n* NXVAUBMXEFXNVWKIMDKJQNPBQPZUDOSZXMEOBWJLZWOUGUTONRPUUXCZHTKECRUQMXPISVHP                             *\r\n* YKTZVUVVLHLZYEAKEGHMEJHCYHIFKVSKZAVNIAMZPIRKIQOTOYNOZDOPDQANMPKPPBZYJNBEUIWV                         *\r\n* WUHTPQMIDKVLGKSZYMZYBVHRQKBWITRGSWGWTUXYYGLQEMCDJFWWXXQBMQCFPPAJTPTJDVF                              *\r\n* PAZVJRMEHYNCXU                                                                                       *\r\n* UGFKDRSJIGCWPSTZNZSGWYVRVDYXQCXLYFYCY                                                                *\r\n* CLXRQPHVXLNYZDEOMWKNOZTUTGIQXJUQBCWHJFHGKZFN                                                         *\r\n* RCUGKSBRKWDSDYKGQXOQXXXGXEHOEDPTFKBEOJMQ                                                             *\r\n* YRGTPGHXZTCRWNUFNJFLMMGHJMSWFSGKXYYFQNIYARFJMCIWHYBAGFFLKYJCNKRGMRTYOOOZ                             *\r\n* HKVHW                                                                                                *\r\n* GDWPHRGDSSMVSDFKPAYXVJJISKBZYUKEODDYRUKPGNBGCTWVVXUUIZZXUOWWPHEXHHGOAHTVQJRHHDFZ                     *\r\n* GDBAPWOEFEDXNZYIEYUMIUNEZEZISQQIXIJDDXSLSJVDPXDJSYDELNF                                              *\r\n* QXAKXGLPNVAEQUFHGIUYZKOCBPPTMMXKCYNFWHOMXFPU                                                         *\r\n* YSYTVYCSHMFIXJHQSCBXQBSGZKYTIATVTGCWRAQOURVLIWZYHVFDOWFXARTLZIKHSKORGKYSLMDZGGYCLAMMUQG              *\r\n* AFWZGFPLGNTXIHRXWNRBTGQUTRAYWXMCERRANZLGXRSSNBUDIPPHZEETOCGPFRPJARTQQRJXBLEBOXGRWWPGIFDZNY           *\r\n* LSWBGCISVHDNRGRFNZCERVOSIBIAUNTDRFYFFKYZGFLKSJ                                                       *\r\n* AQAPZKUUPDDSETHXHOAVMHMZDBDYLKEZZEIKUYTSXKICCRTFYHDWSNLSEBLYHVIFZDSALXDJUHXBZJXMHXAEHIHMSPG          *\r\n* MVLCCDDYYSUADUBKPKTUEZQJVEXQWGIVRKWZWVZVGYNODZANGXWIWLONECGXFMCSKYJTXCNTKX                           *\r\n* FMBFWEKKZKZZFVIUUPBQUWVDEPHPDJDXYYJBCWKTUCCILYEXOITEI                                                *\r\n* TIRXAGWVGQGBBGMHRXFIVSTNSGKJA                                                                        *\r\n* PYORFAKFVDWZVMBJXXLHQVZAMAPDFUVNUKAIMKBLXMCBLVWHMIIMYTFTZOFELGZAHJEKLSWMWZJETXOQEHRW                 *\r\n* JOBFGIYFXARMBUCRMVTLVQZJBACZOADODOYUDEEKYHYZSR                                                       *\r\n* DLYRLYKPSPREGGYQXWCJNVHOHQJNORARJIZOPIRQSYFFLAYDZRBCPIEHEKKVPXBAPAUYG                                *\r\n********************************************************************************************************\r\n&quot;)" fullname="Open_Lab_04._14.Tests.TestWithRandom([&quot;BVDLYDYCZULHLAKMGEFHGZVBVJRMUJGLRIT&quot;, &quot;KPQZAAEZKFSAGBJRRPCCZBPPLLI&quot;, &quot;OZPCHDBQOFHGVWRPQRGTAOUCGQHJABOOROLKPPSDZTDLHVGDKZYTFPPZFNWQ&quot;, &quot;SPMRTOGLGAAYCTGKIULJDYACUICZLFCTBHGDQTOGASEZYVCVIPWSLGSUPKXKMGZAXGXVMDTOGEJLTBEZFGRVJJ&quot;, &quot;UOMOGWDUTSEBRXHIFVHMGXHANGYEFPDQOY&quot;, ...],&quot;********************************************************************************************************\r\n* BVDLYDYCZULHLAKMGEFHGZVBVJRMUJGLRIT                                                                  *\r\n* KPQZAAEZKFSAGBJRRPCCZBPPLLI                                                                          *\r\n* OZPCHDBQOFHGVWRPQRGTAOUCGQHJABOOROLKPPSDZTDLHVGDKZYTFPPZFNWQ                                         *\r\n* SPMRTOGLGAAYCTGKIULJDYACUICZLFCTBHGDQTOGASEZYVCVIPWSLGSUPKXKMGZAXGXVMDTOGEJLTBEZFGRVJJ               *\r\n* UOMOGWDUTSEBRXHIFVHMGXHANGYEFPDQOY                                                                   *\r\n* GAONSDKQS                                                                                            *\r\n* ZMBYXMZCXBXHLAZXZODONNTVBIQIOJWGOLNTXGIDDORWEZPNNUDVMEBMTF                                           *\r\n* PVRNOFRSZNGASGAKZVWRBTCVTFBUKKAASJTHMACRNGPAHULPLTBQWNVWSVUIEWHOMFIJMSYZSFEUDCOYULIRJKDEO            *\r\n* OQFTNQZBOBMBCTVBXQJASQHVOSOQFCBDVPEHUYSNVBNMMSIPWHMNUNEYJKFUBJWMZIGMPOHYXVFQCUJWJZUXPOIHL            *\r\n* XJTYMMFBNDLWAHANPZINVPA                                                                              *\r\n* KCPYWLAZBJQXEZJSKBHGLNZMWCZJYYKI                                                                     *\r\n* LNJXGEBDMVQRCIPPPCTHUWXDDCTMQACYIOTM                                                                 *\r\n* VEWFCYSIUUUJUJVRAOOPGUELPMMSSIOPCPUYWCRYFUIHYCWRGHIZEXSBZLPPMAQMGFGEOXUXXQKMLXMMQVLKAOKFXSZKNBLFEWB  *\r\n* WSCJMKCNMGPCZCZROFLRUAHVYJKVFFHPVSQYSBYPLXTQDWLKCUQYKKYVLGKCAHHHYZGGMAYMHWF                          *\r\n* HQSBYATLPIFLUVNMRVPEPMRDPEYBVDROEBOUOJDANWRPUVMQMMVMGAHVZOLUBRPLRQGTGTXHRPRSUBITSHPJHFHDTT           *\r\n* ZXJYWGGYEPSKTONURJOAXGRBUCGDLICZNYYKHRULOCEEZXVUTKQUESXTFIDUACNVMSWVQDNAPCMVBNCXG                    *\r\n* JASIVVBFEZNZLLPJRGAADQXQEBGCRRFGNOSMDEXBULYNMPRA                                                     *\r\n* SVVWGITDBDTOYNNTHLXSD                                                                                *\r\n* NJZFSRKEPKFWZWKJHFZJBBDMV                                                                            *\r\n* LTEEUIBLIMXAQBTXOJJCOQJXERTUFLFNKUGQZLQXVNNXMGPXPDNUCTIUKHZCOHGXGJQVVDYDTMGBDLLYCVEBYLKRMLF          *\r\n* LNINGQRCPUBMFKAQMHRZVBASCFYVZZIKXGRFDTUNUIIHURVOKTEEUGWKNQLBRVCQLRPZSV                               *\r\n* TNEFNSSYLKJKGUEQRKHRMITVYFSVCCVWPFLQQBIRURZQILWVHBXPK                                                *\r\n* AKUIGHAXVIONU                                                                                        *\r\n* INZQB                                                                                                *\r\n* XUICNMJWOBEGLMEAWHUBRXWRBUQUMTBHOVGFCRVTXDIUEICIWHRSVAXZYQAS                                         *\r\n* PJVZWRPGYYELADOPBNTSIYFBJMOXGHLQDXITMVHQMBXJMGUWJJXDHANQETQKDSZRMOIDUUCGGCFGAVPCRROWJI               *\r\n* DKROTFWNUCGXYYRCOHRXFUGQJEOSMECHEEFTC                                                                *\r\n* JAJOLETYRDAPZPSKEIDBFORD                                                                             *\r\n* PZZTTT                                                                                               *\r\n* ZIXQOQICXLMKSWEMOTAWPBAUJFNVEUEXKBQRRCWNZBDUBGLEKMKZSWIXHDGIDMXCGPZRGNVMXMWOXGTDUIKRKFEOSSJOVN       *\r\n* MEBNMHTYXRXCGZUAAKDOUBFSAKLYOEGQKCKJWSGW                                                             *\r\n* KN                                                                                                   *\r\n* M                                                                                                    *\r\n* YOYSIESYPLYINB                                                                                       *\r\n* VKTLHRDPKDIDHOKOFGXLWAVVBXLMZLNFEAEZUOFLVZNOABLKEWTCPQYVOXJJGQQZQCYGJLTQBLQXMHVAMBH                  *\r\n* RLPOBJKXF                                                                                            *\r\n* FEJNYYCEBTCDBEZBJHCJWFIOIEMKFAAWLFGLOYIXYHZOZOKLOAADUWZAWVFTLSZBTGRWYONKYFLOFUOUUAVE                 *\r\n* WBPGFPTSPLFIYUSWNNANPFPKKUBGLZKWUBXECPSYURJTFGGAVXGNVRKRMEVLNMHPAJNXWOUYVBSXVWFDNBKOSXBCQGSXTGLHKTSV *\r\n* JDHDIRTYMVPYSXMCTXDIKGQWWEOQLNCDKLEXDLJFIDDKCZBJYFRVPNHCMLGEDCNZTMOGTOYI                             *\r\n* XAHCGTXCFSGWGOWDBLSEFCFQEQQKUQKGJISNAZGRJCYKHDNYRDRDGD                                               *\r\n* VUQYPCMHOIZNYWJCCEAVDDVJBDSTRYGAF                                                                    *\r\n* WSKBRPWUJCHPPBHAPZFIFRZHXLKTPQBYHYZRSANLZITTBLOQLRJHUXUESCEFEDETAIIQCQHOLUJWYGFLXTHYGUEKEUYPWHGWDAS  *\r\n* DXOVJUVAOXGMXSILVGMFEXMHRRRENNTXNLIZFLOMZDWGOLSEZVAXNMOFLGDRCQMAEIYLJJGJRAG                          *\r\n* AFTFZ                                                                                                *\r\n* FSMVKBXCNYIWJIQVCFNGUQPQFMGNFGMXSPLUOIXXOGVHBURYKFCO                                                 *\r\n* TSPDWQYVJXGMKEUWWHTHQRNUIOKVHDADYFYWWRSSZBFJOVRQWBOXJGCCEUVHFCNGXDNEFXA                              *\r\n* PAHOMEFNXUZGOCUSDWR                                                                                  *\r\n* WKNXOYLL                                                                                             *\r\n* MKYAJIIZNPAOIJKDHRVIVBIGYIENKZ                                                                       *\r\n* SUFKJAFEULTPGRNOACUHHQCMLBSCBDUONCHUCZBCBMBWCLBOLUDL                                                 *\r\n* SGCRSZHHCDQREBEKSLBBRFUPGKAZERGAJYVWEDJZTVYJKFXJXDSJBKYMMMLIZH                                       *\r\n* LXPIFGIFPBCIWH                                                                                       *\r\n* EAMQCAYXYZAJKSSBALRNLVXSCPXDHZBCFBHKVIFCNAQ                                                          *\r\n* FXYNXABWEUZJDUNMCVPZXXDIKIFSFPZLEON                                                                  *\r\n* RKGGYFYLBYGBUSZRKRLITPC                                                                              *\r\n* VIRPUOEPGIVSOIBSYSGMBDXNPIANCFMBHRLPNJRNTRVMWHDCQTJAIQNSKD                                           *\r\n* L                                                                                                    *\r\n* RNBVTKXXLEPBSSKILQHFXXIVMTRETEKJFZBETQDXFFEPTYPXDJZNSG                                               *\r\n* UEFJASTDHTGWTRGOUNJZSTSBNDTAJEWQYJHZNHCFMBWVNBWGWVEAJHXBMEVWYSU                                      *\r\n* XPYJJGBNKENR                                                                                         *\r\n* WNLHNEOAWHQLFNJLFGTGTYXCMWPTRPEUGEPQJPLOGCBIIXDTSBEYTKDYQIUQOUIGCWFBXSCQUFAQXPUPSVAQKFBW             *\r\n* RAAVUZ                                                                                               *\r\n* UUFLSCWZZODNJMBAOEXSTSWWVIZFSBUAFPWCJJWQZBQVC                                                        *\r\n* MOQZMQXHRBXIQJCQHYUDHUPYREHHSSBAUHVKPTOEDYXUEASNNJUS                                                 *\r\n* ZFSZSH                                                                                               *\r\n* IQOYZXOINRANJPAJXUTQLUTJYJZVCDL                                                                      *\r\n* LGVMJYVHLKZWIGILZWVEZQVOXEAQXTGJFDBDUNZYZLFBUWBSANVFIHYVKHPEYFJSEPQEEFRLWWENLUTADIPKXABXFG           *\r\n* NXVAUBMXEFXNVWKIMDKJQNPBQPZUDOSZXMEOBWJLZWOUGUTONRPUUXCZHTKECRUQMXPISVHP                             *\r\n* YKTZVUVVLHLZYEAKEGHMEJHCYHIFKVSKZAVNIAMZPIRKIQOTOYNOZDOPDQANMPKPPBZYJNBEUIWV                         *\r\n* WUHTPQMIDKVLGKSZYMZYBVHRQKBWITRGSWGWTUXYYGLQEMCDJFWWXXQBMQCFPPAJTPTJDVF                              *\r\n* PAZVJRMEHYNCXU                                                                                       *\r\n* UGFKDRSJIGCWPSTZNZSGWYVRVDYXQCXLYFYCY                                                                *\r\n* CLXRQPHVXLNYZDEOMWKNOZTUTGIQXJUQBCWHJFHGKZFN                                                         *\r\n* RCUGKSBRKWDSDYKGQXOQXXXGXEHOEDPTFKBEOJMQ                                                             *\r\n* YRGTPGHXZTCRWNUFNJFLMMGHJMSWFSGKXYYFQNIYARFJMCIWHYBAGFFLKYJCNKRGMRTYOOOZ                             *\r\n* HKVHW                                                                                                *\r\n* GDWPHRGDSSMVSDFKPAYXVJJISKBZYUKEODDYRUKPGNBGCTWVVXUUIZZXUOWWPHEXHHGOAHTVQJRHHDFZ                     *\r\n* GDBAPWOEFEDXNZYIEYUMIUNEZEZISQQIXIJDDXSLSJVDPXDJSYDELNF                                              *\r\n* QXAKXGLPNVAEQUFHGIUYZKOCBPPTMMXKCYNFWHOMXFPU                                                         *\r\n* YSYTVYCSHMFIXJHQSCBXQBSGZKYTIATVTGCWRAQOURVLIWZYHVFDOWFXARTLZIKHSKORGKYSLMDZGGYCLAMMUQG              *\r\n* AFWZGFPLGNTXIHRXWNRBTGQUTRAYWXMCERRANZLGXRSSNBUDIPPHZEETOCGPFRPJARTQQRJXBLEBOXGRWWPGIFDZNY           *\r\n* LSWBGCISVHDNRGRFNZCERVOSIBIAUNTDRFYFFKYZGFLKSJ                                                       *\r\n* AQAPZKUUPDDSETHXHOAVMHMZDBDYLKEZZEIKUYTSXKICCRTFYHDWSNLSEBLYHVIFZDSALXDJUHXBZJXMHXAEHIHMSPG          *\r\n* MVLCCDDYYSUADUBKPKTUEZQJVEXQWGIVRKWZWVZVGYNODZANGXWIWLONECGXFMCSKYJTXCNTKX                           *\r\n* FMBFWEKKZKZZFVIUUPBQUWVDEPHPDJDXYYJBCWKTUCCILYEXOITEI                                                *\r\n* TIRXAGWVGQGBBGMHRXFIVSTNSGKJA                                                                        *\r\n* PYORFAKFVDWZVMBJXXLHQVZAMAPDFUVNUKAIMKBLXMCBLVWHMIIMYTFTZOFELGZAHJEKLSWMWZJETXOQEHRW                 *\r\n* JOBFGIYFXARMBUCRMVTLVQZJBACZOADODOYUDEEKYHYZSR                                                       *\r\n* DLYRLYKPSPREGGYQXWCJNVHOHQJNORARJIZOPIRQSYFFLAYDZRBCPIEHEKKVPXBAPAUYG                                *\r\n********************************************************************************************************\r\n&quot;)" methodname="TestWithRandom" classname="Open_Lab_04._14.Tests" runstate="Runnable" seed="237474887" result="Passed" start-time="2021-12-27 14:18:11Z" end-time="2021-12-27 14:18:11Z" duration="0.025114" asserts="9558" />
            <test-case id="1030" name="TestWithRandom([&quot;OE&quot;, &quot;QOQCDHSFNXQXCBDSJFYWBVXFQKFAWPQMXCRQRBHCCJJEKSXTU&quot;, &quot;AVQILURKMSCSIYGDZZJNBIXVURMTUYMLFIOVWPRWZGPPAJBKXGSYJGNSX&quot;, &quot;NUIXQOFQMAKLHJINNUSIUKPBVOFOCYUVXBCXNBQBKKWBAMZIPWTSZPZDEGCCIQNOFONGHLZMERXKNOBJO&quot;, &quot;YGFBVIBYSHZOSTWIVLYSBEWGOIRPPQFSNMRGIESEEISSNQZENESQKVVUJYNNRLIBCGAGCPARSTNSLETXJNBKYOH&quot;, ...],&quot;*******************************************************************************************************\r\n* OE                                                                                                  *\r\n* QOQCDHSFNXQXCBDSJFYWBVXFQKFAWPQMXCRQRBHCCJJEKSXTU                                                   *\r\n* AVQILURKMSCSIYGDZZJNBIXVURMTUYMLFIOVWPRWZGPPAJBKXGSYJGNSX                                           *\r\n* NUIXQOFQMAKLHJINNUSIUKPBVOFOCYUVXBCXNBQBKKWBAMZIPWTSZPZDEGCCIQNOFONGHLZMERXKNOBJO                   *\r\n* YGFBVIBYSHZOSTWIVLYSBEWGOIRPPQFSNMRGIESEEISSNQZENESQKVVUJYNNRLIBCGAGCPARSTNSLETXJNBKYOH             *\r\n* QXXJRFNTZQQGPSCXEBXRHCIFFPEDJYDNYJPESQANFUSVONIQLEGWQQJOOREBAJJBMCH                                 *\r\n* DXENAKLNJNQRHOSFRHWHZAQA                                                                            *\r\n* YMWLRILFBMNZSWFFWEBBMUMQDKFFZGCHDBCYPBSFEMFBEFZ                                                     *\r\n* RCDWOZZEZFIHCGFVKGVQUHQVMWWAOLLXKUOXCGSECX                                                          *\r\n* KTLCYGKRYKIQJMIJSDYQOTKWHRISDORNWIGCATXUEUNNCEEKUWZBEGLRIPVGXRNJSVUBGGJZFDMTFWUDNXYHOQJPXOTLXQWNG   *\r\n* VGKDEONAVAURLLUSTZ                                                                                  *\r\n* GUCMEERMXBOGZNABNTKTJTNVIVGDHQFXXUAJSUGYNCQZGTVDLJHZJGIMHHDIYOEGVRJENRISN                           *\r\n* GHDOOOZCRXJGNQLNCLRXAYXJDPKQQUBPLYABISSPJVWG                                                        *\r\n* PETTZOXBPLHKTKZEIMXWUUOPKEJSBNECQMOKRXQFDNWNTQOITLAJYJCUPDJVFEZCGETGVOMLVSSGYBWTPBZQNUDGK           *\r\n* UNOVAZNTGOWINFYPNGRVWOGPFEFJPMAMWBTYWASTSEVHWHNURXGXPOYGHZQWUEEUNJLMLZTNOYCRTY                      *\r\n* XQKRRFDXHDNRXKVYOZBTMWBJSETJRLGNIGSGJMMOKMDIXHVCSZORRFFBOBZNLTFWWZJQRPOC                            *\r\n* MJASSLKIRRRXPVDBRRIMYDQGHMXYFKCLLEFVFIVQOFTCNYHEFPA                                                 *\r\n* GPOJSTLGNLDHPGLKQHVIWSXTJNSIFTSPJEEWPWCLXPCCCMNHNWOYTRBORVZEACBUTNXKBPUTEKKHPUQWALVIEUVSCQEUW       *\r\n* KVNHJPPCFXBUTJGUYWEDEPHSPYSFILLZXGZPTHLBHXFXGKBLLHSHQTTVNUSKWKUUMBWMKRBQLDVGJJMEXGTASDJENDCYP       *\r\n* EW                                                                                                  *\r\n* LLENOBUGBWNXNLEI                                                                                    *\r\n* NQQTBISSZGOCAKYZCXYHRIFZUQHWGZRYPCNOGKJCMUPUFDBLOYK                                                 *\r\n* FBWELQYKBVLZOQNYXKSROVUWTKUQPVIIOESOGICPLYBRJPFOQCNDFT                                              *\r\n* KGZKAWIUFMDLKYYROHDGPUDNEEGZMHEDVEHIGYCTDEVEFDVPSLZWBNKQCMGVQIHXIZQGQPKQEKCLYYHAJQHBIIBIURFURHCUWXW *\r\n* NPYCAIRRKYREFFLZBGPZXHM                                                                             *\r\n* KQZXHHPACBMURFBARKXVZBPLVDTPIWHGCZRJJTJCJRBDTRIVFOINKQZIBNBEOZSFTGRRNRRXAULIALSEUXKTOUVLZJIWSFOKZV  *\r\n* MZQINXLMPFRIPUWJQOYRZKFREJUEVGAJECGFE                                                               *\r\n* WVCHGGIASBVVYVADKBTYEECGRIEIENNRFBRCOREZJDQSJZIFIARELFKSTW                                          *\r\n* XBAVEOEQXEXOSXUPBNJXSAZZDWJFZRZJSBGXIIMEEIKBLMZHQQIEJZXWBBSIFY                                      *\r\n* FENWRQWGSBESJPYNRWBPJIUATEJVHPDZFSFWXQHQTKQDEGNGDNALDJHXJNDNGAYCX                                   *\r\n* NRKCPBOKVZSRWMQDSTOSW                                                                               *\r\n* KHMKMUKSLNGZTWWAYZWSOIFSQQWDIFNEIRGCPEOUACNFKXTTGRVPVDHCCTUWXGKGZBQCPTLTLCRMUAHTXDWQJ               *\r\n* JFJEAVKSWURHFJHRENGCDTMVHCMAZUKUXASKSLTPITGXUNUYMGYIJGUPTOWXJKTBKXKFRWZSURUKMOAUINOTWBKQFCRDPVF     *\r\n* AFMXDOGQGFOSMJCEOBPVWAFJMTZOEWDYMWKHBDRTHYMQMSEVZNONGJBAADKJPSLKBQFPZVCKKVOYNOXTPDOQHQRCVKHY        *\r\n* HEOMBOVMOWELEDLUDMLGQULDUDLYDUPNDRCQALMABHAHJFDMGISYVRCNTKSXDXJUHRHMAUTRZ                           *\r\n* FJTDUPAYSUCRRMPOXPTOXDXFZSYRMLOAYKMSUPQCXEEPS                                                       *\r\n* ZVWMWEYLOBMNDCRJMGGBSHAXUIYQRSZIMJSCUZOKBMWKFGLOLNRYIQXSVYROFIU                                     *\r\n* CEAUJOOMRWAGLPROWKEDABZVMZHWIAETSAIBFREXZFGMQRHFGDRVDQVBEEIKGSERRGNKGPIFFHDVUMFURBPE                *\r\n* JQCFHXAJUQHAPVJDXYQUMPWMZGRZNSECA                                                                   *\r\n* IQLFZSIWLQWUFRVQUDZJWTTPFBFAWBMFAG                                                                  *\r\n* TSRZYMPEGQFAZEWYBDQMOWWAYMHAJDRUYFCYDDAWGONYAAFWZ                                                   *\r\n*******************************************************************************************************\r\n&quot;)" fullname="Open_Lab_04._14.Tests.TestWithRandom([&quot;OE&quot;, &quot;QOQCDHSFNXQXCBDSJFYWBVXFQKFAWPQMXCRQRBHCCJJEKSXTU&quot;, &quot;AVQILURKMSCSIYGDZZJNBIXVURMTUYMLFIOVWPRWZGPPAJBKXGSYJGNSX&quot;, &quot;NUIXQOFQMAKLHJINNUSIUKPBVOFOCYUVXBCXNBQBKKWBAMZIPWTSZPZDEGCCIQNOFONGHLZMERXKNOBJO&quot;, &quot;YGFBVIBYSHZOSTWIVLYSBEWGOIRPPQFSNMRGIESEEISSNQZENESQKVVUJYNNRLIBCGAGCPARSTNSLETXJNBKYOH&quot;, ...],&quot;*******************************************************************************************************\r\n* OE                                                                                                  *\r\n* QOQCDHSFNXQXCBDSJFYWBVXFQKFAWPQMXCRQRBHCCJJEKSXTU                                                   *\r\n* AVQILURKMSCSIYGDZZJNBIXVURMTUYMLFIOVWPRWZGPPAJBKXGSYJGNSX                                           *\r\n* NUIXQOFQMAKLHJINNUSIUKPBVOFOCYUVXBCXNBQBKKWBAMZIPWTSZPZDEGCCIQNOFONGHLZMERXKNOBJO                   *\r\n* YGFBVIBYSHZOSTWIVLYSBEWGOIRPPQFSNMRGIESEEISSNQZENESQKVVUJYNNRLIBCGAGCPARSTNSLETXJNBKYOH             *\r\n* QXXJRFNTZQQGPSCXEBXRHCIFFPEDJYDNYJPESQANFUSVONIQLEGWQQJOOREBAJJBMCH                                 *\r\n* DXENAKLNJNQRHOSFRHWHZAQA                                                                            *\r\n* YMWLRILFBMNZSWFFWEBBMUMQDKFFZGCHDBCYPBSFEMFBEFZ                                                     *\r\n* RCDWOZZEZFIHCGFVKGVQUHQVMWWAOLLXKUOXCGSECX                                                          *\r\n* KTLCYGKRYKIQJMIJSDYQOTKWHRISDORNWIGCATXUEUNNCEEKUWZBEGLRIPVGXRNJSVUBGGJZFDMTFWUDNXYHOQJPXOTLXQWNG   *\r\n* VGKDEONAVAURLLUSTZ                                                                                  *\r\n* GUCMEERMXBOGZNABNTKTJTNVIVGDHQFXXUAJSUGYNCQZGTVDLJHZJGIMHHDIYOEGVRJENRISN                           *\r\n* GHDOOOZCRXJGNQLNCLRXAYXJDPKQQUBPLYABISSPJVWG                                                        *\r\n* PETTZOXBPLHKTKZEIMXWUUOPKEJSBNECQMOKRXQFDNWNTQOITLAJYJCUPDJVFEZCGETGVOMLVSSGYBWTPBZQNUDGK           *\r\n* UNOVAZNTGOWINFYPNGRVWOGPFEFJPMAMWBTYWASTSEVHWHNURXGXPOYGHZQWUEEUNJLMLZTNOYCRTY                      *\r\n* XQKRRFDXHDNRXKVYOZBTMWBJSETJRLGNIGSGJMMOKMDIXHVCSZORRFFBOBZNLTFWWZJQRPOC                            *\r\n* MJASSLKIRRRXPVDBRRIMYDQGHMXYFKCLLEFVFIVQOFTCNYHEFPA                                                 *\r\n* GPOJSTLGNLDHPGLKQHVIWSXTJNSIFTSPJEEWPWCLXPCCCMNHNWOYTRBORVZEACBUTNXKBPUTEKKHPUQWALVIEUVSCQEUW       *\r\n* KVNHJPPCFXBUTJGUYWEDEPHSPYSFILLZXGZPTHLBHXFXGKBLLHSHQTTVNUSKWKUUMBWMKRBQLDVGJJMEXGTASDJENDCYP       *\r\n* EW                                                                                                  *\r\n* LLENOBUGBWNXNLEI                                                                                    *\r\n* NQQTBISSZGOCAKYZCXYHRIFZUQHWGZRYPCNOGKJCMUPUFDBLOYK                                                 *\r\n* FBWELQYKBVLZOQNYXKSROVUWTKUQPVIIOESOGICPLYBRJPFOQCNDFT                                              *\r\n* KGZKAWIUFMDLKYYROHDGPUDNEEGZMHEDVEHIGYCTDEVEFDVPSLZWBNKQCMGVQIHXIZQGQPKQEKCLYYHAJQHBIIBIURFURHCUWXW *\r\n* NPYCAIRRKYREFFLZBGPZXHM                                                                             *\r\n* KQZXHHPACBMURFBARKXVZBPLVDTPIWHGCZRJJTJCJRBDTRIVFOINKQZIBNBEOZSFTGRRNRRXAULIALSEUXKTOUVLZJIWSFOKZV  *\r\n* MZQINXLMPFRIPUWJQOYRZKFREJUEVGAJECGFE                                                               *\r\n* WVCHGGIASBVVYVADKBTYEECGRIEIENNRFBRCOREZJDQSJZIFIARELFKSTW                                          *\r\n* XBAVEOEQXEXOSXUPBNJXSAZZDWJFZRZJSBGXIIMEEIKBLMZHQQIEJZXWBBSIFY                                      *\r\n* FENWRQWGSBESJPYNRWBPJIUATEJVHPDZFSFWXQHQTKQDEGNGDNALDJHXJNDNGAYCX                                   *\r\n* NRKCPBOKVZSRWMQDSTOSW                                                                               *\r\n* KHMKMUKSLNGZTWWAYZWSOIFSQQWDIFNEIRGCPEOUACNFKXTTGRVPVDHCCTUWXGKGZBQCPTLTLCRMUAHTXDWQJ               *\r\n* JFJEAVKSWURHFJHRENGCDTMVHCMAZUKUXASKSLTPITGXUNUYMGYIJGUPTOWXJKTBKXKFRWZSURUKMOAUINOTWBKQFCRDPVF     *\r\n* AFMXDOGQGFOSMJCEOBPVWAFJMTZOEWDYMWKHBDRTHYMQMSEVZNONGJBAADKJPSLKBQFPZVCKKVOYNOXTPDOQHQRCVKHY        *\r\n* HEOMBOVMOWELEDLUDMLGQULDUDLYDUPNDRCQALMABHAHJFDMGISYVRCNTKSXDXJUHRHMAUTRZ                           *\r\n* FJTDUPAYSUCRRMPOXPTOXDXFZSYRMLOAYKMSUPQCXEEPS                                                       *\r\n* ZVWMWEYLOBMNDCRJMGGBSHAXUIYQRSZIMJSCUZOKBMWKFGLOLNRYIQXSVYROFIU                                     *\r\n* CEAUJOOMRWAGLPROWKEDABZVMZHWIAETSAIBFREXZFGMQRHFGDRVDQVBEEIKGSERRGNKGPIFFHDVUMFURBPE                *\r\n* JQCFHXAJUQHAPVJDXYQUMPWMZGRZNSECA                                                                   *\r\n* IQLFZSIWLQWUFRVQUDZJWTTPFBFAWBMFAG                                                                  *\r\n* TSRZYMPEGQFAZEWYBDQMOWWAYMHAJDRUYFCYDDAWGONYAAFWZ                                                   *\r\n*******************************************************************************************************\r\n&quot;)" methodname="TestWithRandom" classname="Open_Lab_04._14.Tests" runstate="Runnable" seed="1143946571" result="Passed" start-time="2021-12-27 14:18:11Z" end-time="2021-12-27 14:18:11Z" duration="0.010408" asserts="4475" />
            <test-case id="1031" name="TestWithRandom([&quot;BJTXWWQBLFPVCYKCUCXVXCTGAIXAYGLAGSPKEHFBMCP&quot;, &quot;QTLAPXLUCHNZQNXNZQCEUPOJIAXMWVIUMBPGXXLAVQYYFQURJRCWZLXBEBROAYXGZSNOX&quot;, &quot;QCECIDRQESFFCETMVAEOCVFWZWTRZNDGTTBARXCUKNXYJUVSNMXMKIOUWICLKZRRPZ&quot;, &quot;JDSUXYJEOYHNEBAEMPRVKEHEJUQKKWFJJILPURZNAEAVOVY&quot;, &quot;JUFBYDBFVOLCHZTRSYDVPKKUPDVGDMPOWGAQREKFHF&quot;, ...],&quot;***************************************************************************************************\r\n* BJTXWWQBLFPVCYKCUCXVXCTGAIXAYGLAGSPKEHFBMCP                                                     *\r\n* QTLAPXLUCHNZQNXNZQCEUPOJIAXMWVIUMBPGXXLAVQYYFQURJRCWZLXBEBROAYXGZSNOX                           *\r\n* QCECIDRQESFFCETMVAEOCVFWZWTRZNDGTTBARXCUKNXYJUVSNMXMKIOUWICLKZRRPZ                              *\r\n* JDSUXYJEOYHNEBAEMPRVKEHEJUQKKWFJJILPURZNAEAVOVY                                                 *\r\n* JUFBYDBFVOLCHZTRSYDVPKKUPDVGDMPOWGAQREKFHF                                                      *\r\n* GGXGAKJCQRCVZKKLVIUCJYXFBZDAONXNJQDNSXUWUJYWUKAGGSPXNDKHJREBGINCTOLIGWTYNYIZZA                  *\r\n* QYXTWYAAGFWEBSTPLWWDGZSZJZRKPVLHIGOCJORETNED                                                    *\r\n* SSFTIWDDXEQGXKXGPLLTOVUERGXERJSUOPRHLQG                                                         *\r\n* IELBXVLEUYDCTJVWXBCCZYMNMWRISQVZEMLJKTGVVSKTGQAFTVJJOEZJSYPADCMEDEXGXLMDVHGGNTGWVMOXGLLANBRLEFR *\r\n* GGQCSUHIIGOGXSVZRSFROPYRTXTVTAZPPOAHCEDBEGOZWECVFSTLAADRIYJVAMOIGZRJROWN                        *\r\n* EMIAYVOUXPBHNOPKJZEVIASRGSWNTDRWGWWNVQKDUADWNATKCZIPRRGDTQU                                     *\r\n* YBBUYEARSBOSOBBIXWEFZ                                                                           *\r\n* LTVBEPPSTEVEESYJXIABSAKPAQQYGXLPFMQHYWZLBZHKWK                                                  *\r\n***************************************************************************************************\r\n&quot;)" fullname="Open_Lab_04._14.Tests.TestWithRandom([&quot;BJTXWWQBLFPVCYKCUCXVXCTGAIXAYGLAGSPKEHFBMCP&quot;, &quot;QTLAPXLUCHNZQNXNZQCEUPOJIAXMWVIUMBPGXXLAVQYYFQURJRCWZLXBEBROAYXGZSNOX&quot;, &quot;QCECIDRQESFFCETMVAEOCVFWZWTRZNDGTTBARXCUKNXYJUVSNMXMKIOUWICLKZRRPZ&quot;, &quot;JDSUXYJEOYHNEBAEMPRVKEHEJUQKKWFJJILPURZNAEAVOVY&quot;, &quot;JUFBYDBFVOLCHZTRSYDVPKKUPDVGDMPOWGAQREKFHF&quot;, ...],&quot;***************************************************************************************************\r\n* BJTXWWQBLFPVCYKCUCXVXCTGAIXAYGLAGSPKEHFBMCP                                                     *\r\n* QTLAPXLUCHNZQNXNZQCEUPOJIAXMWVIUMBPGXXLAVQYYFQURJRCWZLXBEBROAYXGZSNOX                           *\r\n* QCECIDRQESFFCETMVAEOCVFWZWTRZNDGTTBARXCUKNXYJUVSNMXMKIOUWICLKZRRPZ                              *\r\n* JDSUXYJEOYHNEBAEMPRVKEHEJUQKKWFJJILPURZNAEAVOVY                                                 *\r\n* JUFBYDBFVOLCHZTRSYDVPKKUPDVGDMPOWGAQREKFHF                                                      *\r\n* GGXGAKJCQRCVZKKLVIUCJYXFBZDAONXNJQDNSXUWUJYWUKAGGSPXNDKHJREBGINCTOLIGWTYNYIZZA                  *\r\n* QYXTWYAAGFWEBSTPLWWDGZSZJZRKPVLHIGOCJORETNED                                                    *\r\n* SSFTIWDDXEQGXKXGPLLTOVUERGXERJSUOPRHLQG                                                         *\r\n* IELBXVLEUYDCTJVWXBCCZYMNMWRISQVZEMLJKTGVVSKTGQAFTVJJOEZJSYPADCMEDEXGXLMDVHGGNTGWVMOXGLLANBRLEFR *\r\n* GGQCSUHIIGOGXSVZRSFROPYRTXTVTAZPPOAHCEDBEGOZWECVFSTLAADRIYJVAMOIGZRJROWN                        *\r\n* EMIAYVOUXPBHNOPKJZEVIASRGSWNTDRWGWWNVQKDUADWNATKCZIPRRGDTQU                                     *\r\n* YBBUYEARSBOSOBBIXWEFZ                                                                           *\r\n* LTVBEPPSTEVEESYJXIABSAKPAQQYGXLPFMQHYWZLBZHKWK                                                  *\r\n***************************************************************************************************\r\n&quot;)" methodname="TestWithRandom" classname="Open_Lab_04._14.Tests" runstate="Runnable" seed="1845693301" result="Passed" start-time="2021-12-27 14:18:11Z" end-time="2021-12-27 14:18:11Z" duration="0.004606" asserts="1503" />
            <test-case id="1032" name="TestWithRandom([&quot;JOYWFYTKJFBOZRMWTGZRCQKBIPASSATQT&quot;, &quot;ORYPKHTGXTVLLJNLQQKFGSDXOPXBRJ&quot;, &quot;KURCUYDWSYWSRFWDQEHJDGOBVOABUJROOGKRUHTMNTSGJAMR&quot;, &quot;MHWJAJEGQHGXCCIGHEKVFJJLUWJNIRVBIJHCVENXFKDZMPKRJZBVCWLDXKPEZQYYLEO&quot;, &quot;UGLDQNQUFJZFLSEIPAZMYEELPJXOMFOHARWCOYEPFRXOLJSHMPILFCUQCZOHPBHAVRETVCURV&quot;, ...],&quot;********************************************************************************************************\r\n* JOYWFYTKJFBOZRMWTGZRCQKBIPASSATQT                                                                    *\r\n* ORYPKHTGXTVLLJNLQQKFGSDXOPXBRJ                                                                       *\r\n* KURCUYDWSYWSRFWDQEHJDGOBVOABUJROOGKRUHTMNTSGJAMR                                                     *\r\n* MHWJAJEGQHGXCCIGHEKVFJJLUWJNIRVBIJHCVENXFKDZMPKRJZBVCWLDXKPEZQYYLEO                                  *\r\n* UGLDQNQUFJZFLSEIPAZMYEELPJXOMFOHARWCOYEPFRXOLJSHMPILFCUQCZOHPBHAVRETVCURV                            *\r\n* GHGPAFQQCXWDCYWGAOJXZEJXTTFYLKVRPVVNJMZJ                                                             *\r\n* ZZKDSPGXPCFHYKCXJWGARESCFNGCJWNOAGAFZTAEYBVHPJRKTPAPTJZUGHYFIDNSOR                                   *\r\n* RKXYPVBBPJKNWVWJTWXVRGFYRVV                                                                          *\r\n* VNCTXCAZVRLURHJKWUBJLUUWRWPLEZHTZFGBGRPUVWNCLDEKWUBWULKBTGBBNOUWJSULBIEEFHOPGSLORFOJXL               *\r\n* OVEIZPNHGBQSSISIOQWRMXVUAVNJHALZYTGQWAEPRAINPASFZWATATMQAKHECEZGQRTZCCLOLHAMPHEACHKKZRYFHPPMSAMN     *\r\n* CWYGSC                                                                                               *\r\n* LMHSTABSFGBUTOGZSOSNMZVLVNKMKGUJFNZNJGLHNWGMYRTMVXGRAPKMQWXGPOIZLRPGOSPLDKZQSJMDTXRMADJQD            *\r\n* WNIFRZOHAGCNXDIUOPPTTHJUMRXVZIIZDBVCDXTABKIGAGANDFPT                                                 *\r\n* JTP                                                                                                  *\r\n* OTABSIRYDJWIGR                                                                                       *\r\n* WPSIYDTFRJSTTPYTIGYOESZJCRIXWDFXOYWLRKQAVNIRAOXIFPNBHCMDPIGHVWINE                                    *\r\n* EVTMCXQYSQKHJOTZSHQDPLLSVIEIEZEVNFJCPSNPLJKVTIZSOWEBXAETJARUTHUTMOUDEQJZTASGBPY                      *\r\n* JMUIVCXMBQSOASWEPRJENVNXMEIXIYRTBDKHNLXKRICOXVYADNRK                                                 *\r\n* TANYWWRUADCYZNXIOQDTZNFTZZ                                                                           *\r\n* FHTUGHNHDXJQPGPQEZPYHBSPXOQHGUUYWFMNGJWRLFTLFAONJWAUJAJDODXSQFBJCK                                   *\r\n* JUCKVCYMCIHKWZDXJTAOWWIYCLEAGDKIUGESHMFRLOGUHTASNHSPCVXNLDHJYXGYYZPQUKQWOIDI                         *\r\n* ORJKLNYLVFZIRHDFWSNHHWHEKXCQVATSPXXLYYMKINDTQHDDNRSPPAIRJFANL                                        *\r\n* PULHTTJRHXGDZUSONCUYDEIDCOPFBS                                                                       *\r\n* YZAXIHIOJUVJUJLBOYVRXTMELLHEEEEPOYHEYWKGFOLEHUNUQNAGGBAFMWLXAEKEQGVVCHCROOMJIIXQXNOQDXJMYCRCKM       *\r\n* ADGOBZRSIKJRSPQWDZVZMQTASW                                                                           *\r\n* XZPAHBHLGBUVRGVFGUFRXHFODPNUKJFVE                                                                    *\r\n* USTKBPKEKVJDDTRLNGMFLQTBWSONAWVZRALCLWTQGSWKEZLUDZWZIYFEYRNJBWDOZK                                   *\r\n* CHOZRNWYSTIWWGTKAAWQSUHDUIJOKOILUNINOAEMLAMLQUQD                                                     *\r\n* MCOCTUIZKEIDIODKXCJXGVAVJESHWNZ                                                                      *\r\n* GGYMUIBTANEVVJDLJASSHFCQCSTOBADWFQXBQRQOAPWSRFZABGYWUHLAEHJBPMRAKHQFLBV                              *\r\n* KERRJJZWSSNVBHBXFXXJHOYOXVHJPUOZLHLQQTQUHNJXZWZDFSAOELJVFDTNCQHYDOKU                                 *\r\n* LHLGCBUFBPBWDEWUAUZXQKMADRRFLTLMFIULOICKOPENSRZLKDDTKWEAULDKKPUHEOQUKLGRSPIAGYHLSF                   *\r\n* HPRBJETQDFRZZVWJDAEBZXLBVNEUVDRSEUMRMNHQQUCMAPJFJPEKNDVKEQGVZYUAOZUEIEXQTOKEUZA                      *\r\n* EZLGYGEAZCNWHLQSACYBUEWE                                                                             *\r\n* ORZTQPFPARANOBHUTEGRAJHXSESAYLZCGOKOFHJMIGGTQELBQHAZQNRFJCALXEROSYGAR                                *\r\n* PMVTIUCNHNTRKRKZLTXEECHXOEPSBRYLJWRODXEWDWVMSGTZDSMMCMOMEYEEEJLPPHHNAWVOPAB                          *\r\n* HUEHLQOJELIXIEJFSARTKFXLZFZHWYXBL                                                                    *\r\n* FKTXTOVCKEYKFVMQWOIIYCXTI                                                                            *\r\n* RHMGNHMBZZLUHDYHVSMPA                                                                                *\r\n* UGBISCIDMAPNXO                                                                                       *\r\n* DQRXDVNEBHFKQGEGSFNMFFEOJTWMKFTFJQRCVRWHHCZBNSRWHUWIKBLYMDOJZATVO                                    *\r\n* AA                                                                                                   *\r\n* CLAIFFDFDBQBAEQJKVHFTQSCMIGIEMMSRGFJVAEWISICYIZVCMDFSUWMSYVX                                         *\r\n* UBROXKTZHNKQKXAHPEEJLGRJHZWKSQXEHYNRRNAXFVVYSOHXWEDTQOMOJHGXNIGQQGJLJIQCDHDPKTQTSZOONENSMZIJG        *\r\n* JXPFIMEVONO                                                                                          *\r\n* PJKX                                                                                                 *\r\n* QRNFOUSDMSQZJZGV                                                                                     *\r\n* XGAEL                                                                                                *\r\n* OWLAZMODHOVSSTXV                                                                                     *\r\n* WBVTNVENHFO                                                                                          *\r\n* EWZENYJCTSQXOILNHOBEBDDDPKBAHMSGARDRWNEVNTJELXEE                                                     *\r\n* QGTEKLBTWPDWJVGAKXXFTQTJGQHUZRRFWPQGZCQGBY                                                           *\r\n* YBY                                                                                                  *\r\n* YCDAAHYRAMJXTDHU                                                                                     *\r\n* XXATFABHHRDVQVIH                                                                                     *\r\n* JRVQRXXYQTPEXDUDWBDYKSCCTTQVWKRAPGTPZNFACVPGLCJOIR                                                   *\r\n* TEJCQOTXYHCCFCPOQJFEJVDVODWQQJCMEQXVFDCAGPHSZTJEWNTEDMJXBOONSCGOFQXPETINHEY                          *\r\n* OKWUUSUDQXIRGAURPPIDJSNIWUZCEGXZOQJQRUSAHDYHIFIDZRXRVUKVXNYASSYJAICQRDAVWHWF                         *\r\n* FAQLVCNIFDUFNSEVSIPEOHZCRMVRCVNXEBRNHOWPKBVEILDKVZDZHAFYANUJGWFJPWALAQOELZUNM                        *\r\n* UGILVDSOQDWTNTUNIOWLOMKSJFKZOHGRMFTNAVBBRBFWOHDVJYRFRAGHWQBQTSZIXEGHZGNMMUTNGNDBB                    *\r\n* PPQAALZLRKULIYBWZJBVVDLETXHTBIMZODDKSWEUINOCSBLVLJNUAFUMEMHDE                                        *\r\n* KJXVXFUREDFHNHOIMRLLHSURY                                                                            *\r\n* JRFFOAPBDFFWEGATEKOTSMXVAQSSYSOF                                                                     *\r\n* OWDLYOERLEIDPMFLONJDFPWTJFYIWDKQZAPJWHGWKBGIPSKDMHJFFCQYZJBSPVVITREPXVOGHMTDIOERUVWPTFL              *\r\n* JQKNFNHOGYOXOVGRSDYSJNQLEKXUZFOOFHFGLBBTFEXKAGDZOEWQHTMWAZIVPMOAKARGQAGRBEMEPFLYHYFUIYG              *\r\n* VJFLSFETQWAZOWIOYFODGHGUOKOQGTRLTFLGUUYWZTOSFLJKP                                                    *\r\n* WDJDGNCKXIROMWFOGJLCTEHSDMSNPCBDAPXOCQZXDKWPFLHRNRFZZNXRVRZTUOVVHN                                   *\r\n* WZQMQKNYJIRMSFBAXXBEMSFTKQFCOOAIRWLSWFOPLPNJDEHOTOXXFJB                                              *\r\n* TXBZEKJVHJVVT                                                                                        *\r\n* DSIMSWFWPFJRJARDCIVIYYDOKAGSBTJLUKK                                                                  *\r\n* OTQEXWHVQNBIDDHNALK                                                                                  *\r\n* PUBSQNVWWXWYPMOIRQK                                                                                  *\r\n* QHXXZXO                                                                                              *\r\n* MWLJAFPURYOKBLZTQCTRPYVJAIOHWESSZXJZMNYJWUQTBAZEIEHWEWINABJRRIYNFWKECZGDEJUUHCIZIJZRXWNCPVZ          *\r\n* DGROWDNFPVCIYDSUBNFYSJIIIGQJIIPGAVZXRGYEPDKM                                                         *\r\n* RTTDSABQBSUXIFPMEWHGWHCEV                                                                            *\r\n* VPAIPZWCRNXG                                                                                         *\r\n* HNQZCEZJAJSKHDGKJQOHPELPSCVBGOCPYFZTGIZAWUVGIYIVPSHWIYADCAGZIXC                                      *\r\n* GCMBDNDAQOLVJFGUUZLOGFHZFWQFBARYRJZFLGSCOHFTME                                                       *\r\n* WTMFJLNFBVMVHWYZQXMEZGAINHJAZZNNACULPUHNDEXKYLKGQIPWZAUQSDRBCNGCHZVFBMJVPZAUIQ                       *\r\n* CWCKRJRNZHDTLDGKQYVCYPFEDYTGAAAICTOEZDO                                                              *\r\n* QMVYXTYSJOKWMNLMRXGSQKNZHVQROBLMJDLMUHGKZBXLQDVOICNBWVBGZVRCCHDIDXMJBYS                              *\r\n* QWTPNBJDABIMNJPNBFNYPEHRXOHSRLMJJCLACMSXM                                                            *\r\n* CBZRUUIYIWLTUMPCRYURMOOYCKXPLOMPLCCGSFTMJSCQYQIYLAUTCV                                               *\r\n* NMAOKWT                                                                                              *\r\n* UJVHSKJJMFIHTLYAMCZDLTSNQAOURQJPQFIHDIPOCQIOUOIBNACH                                                 *\r\n* PBAQIRSVORVVSQODRWDMKBUKETBSMGROBRBDHQVRXSNYNSBXTYWDYVMNGPLOPZJIAHUBPLWABMOSOWXLSDYOKNPGFNW          *\r\n* EGBXJEYGYAIIBVBLGUZKSAWLBUYMRNVCOEVVLQJJXRNRVQMOLEALOLZEJQWOGLOLEGTX                                 *\r\n* GAPKPNANEPLIJANNKNDFRLVUVDMCBNPWPOFDKAYYYRFALGWKBYTSPSIUFVPLAYLRAOSVVJCKOFGZGUIOGBADUWGXGLYPKNXAGNZX *\r\n********************************************************************************************************\r\n&quot;)" fullname="Open_Lab_04._14.Tests.TestWithRandom([&quot;JOYWFYTKJFBOZRMWTGZRCQKBIPASSATQT&quot;, &quot;ORYPKHTGXTVLLJNLQQKFGSDXOPXBRJ&quot;, &quot;KURCUYDWSYWSRFWDQEHJDGOBVOABUJROOGKRUHTMNTSGJAMR&quot;, &quot;MHWJAJEGQHGXCCIGHEKVFJJLUWJNIRVBIJHCVENXFKDZMPKRJZBVCWLDXKPEZQYYLEO&quot;, &quot;UGLDQNQUFJZFLSEIPAZMYEELPJXOMFOHARWCOYEPFRXOLJSHMPILFCUQCZOHPBHAVRETVCURV&quot;, ...],&quot;********************************************************************************************************\r\n* JOYWFYTKJFBOZRMWTGZRCQKBIPASSATQT                                                                    *\r\n* ORYPKHTGXTVLLJNLQQKFGSDXOPXBRJ                                                                       *\r\n* KURCUYDWSYWSRFWDQEHJDGOBVOABUJROOGKRUHTMNTSGJAMR                                                     *\r\n* MHWJAJEGQHGXCCIGHEKVFJJLUWJNIRVBIJHCVENXFKDZMPKRJZBVCWLDXKPEZQYYLEO                                  *\r\n* UGLDQNQUFJZFLSEIPAZMYEELPJXOMFOHARWCOYEPFRXOLJSHMPILFCUQCZOHPBHAVRETVCURV                            *\r\n* GHGPAFQQCXWDCYWGAOJXZEJXTTFYLKVRPVVNJMZJ                                                             *\r\n* ZZKDSPGXPCFHYKCXJWGARESCFNGCJWNOAGAFZTAEYBVHPJRKTPAPTJZUGHYFIDNSOR                                   *\r\n* RKXYPVBBPJKNWVWJTWXVRGFYRVV                                                                          *\r\n* VNCTXCAZVRLURHJKWUBJLUUWRWPLEZHTZFGBGRPUVWNCLDEKWUBWULKBTGBBNOUWJSULBIEEFHOPGSLORFOJXL               *\r\n* OVEIZPNHGBQSSISIOQWRMXVUAVNJHALZYTGQWAEPRAINPASFZWATATMQAKHECEZGQRTZCCLOLHAMPHEACHKKZRYFHPPMSAMN     *\r\n* CWYGSC                                                                                               *\r\n* LMHSTABSFGBUTOGZSOSNMZVLVNKMKGUJFNZNJGLHNWGMYRTMVXGRAPKMQWXGPOIZLRPGOSPLDKZQSJMDTXRMADJQD            *\r\n* WNIFRZOHAGCNXDIUOPPTTHJUMRXVZIIZDBVCDXTABKIGAGANDFPT                                                 *\r\n* JTP                                                                                                  *\r\n* OTABSIRYDJWIGR                                                                                       *\r\n* WPSIYDTFRJSTTPYTIGYOESZJCRIXWDFXOYWLRKQAVNIRAOXIFPNBHCMDPIGHVWINE                                    *\r\n* EVTMCXQYSQKHJOTZSHQDPLLSVIEIEZEVNFJCPSNPLJKVTIZSOWEBXAETJARUTHUTMOUDEQJZTASGBPY                      *\r\n* JMUIVCXMBQSOASWEPRJENVNXMEIXIYRTBDKHNLXKRICOXVYADNRK                                                 *\r\n* TANYWWRUADCYZNXIOQDTZNFTZZ                                                                           *\r\n* FHTUGHNHDXJQPGPQEZPYHBSPXOQHGUUYWFMNGJWRLFTLFAONJWAUJAJDODXSQFBJCK                                   *\r\n* JUCKVCYMCIHKWZDXJTAOWWIYCLEAGDKIUGESHMFRLOGUHTASNHSPCVXNLDHJYXGYYZPQUKQWOIDI                         *\r\n* ORJKLNYLVFZIRHDFWSNHHWHEKXCQVATSPXXLYYMKINDTQHDDNRSPPAIRJFANL                                        *\r\n* PULHTTJRHXGDZUSONCUYDEIDCOPFBS                                                                       *\r\n* YZAXIHIOJUVJUJLBOYVRXTMELLHEEEEPOYHEYWKGFOLEHUNUQNAGGBAFMWLXAEKEQGVVCHCROOMJIIXQXNOQDXJMYCRCKM       *\r\n* ADGOBZRSIKJRSPQWDZVZMQTASW                                                                           *\r\n* XZPAHBHLGBUVRGVFGUFRXHFODPNUKJFVE                                                                    *\r\n* USTKBPKEKVJDDTRLNGMFLQTBWSONAWVZRALCLWTQGSWKEZLUDZWZIYFEYRNJBWDOZK                                   *\r\n* CHOZRNWYSTIWWGTKAAWQSUHDUIJOKOILUNINOAEMLAMLQUQD                                                     *\r\n* MCOCTUIZKEIDIODKXCJXGVAVJESHWNZ                                                                      *\r\n* GGYMUIBTANEVVJDLJASSHFCQCSTOBADWFQXBQRQOAPWSRFZABGYWUHLAEHJBPMRAKHQFLBV                              *\r\n* KERRJJZWSSNVBHBXFXXJHOYOXVHJPUOZLHLQQTQUHNJXZWZDFSAOELJVFDTNCQHYDOKU                                 *\r\n* LHLGCBUFBPBWDEWUAUZXQKMADRRFLTLMFIULOICKOPENSRZLKDDTKWEAULDKKPUHEOQUKLGRSPIAGYHLSF                   *\r\n* HPRBJETQDFRZZVWJDAEBZXLBVNEUVDRSEUMRMNHQQUCMAPJFJPEKNDVKEQGVZYUAOZUEIEXQTOKEUZA                      *\r\n* EZLGYGEAZCNWHLQSACYBUEWE                                                                             *\r\n* ORZTQPFPARANOBHUTEGRAJHXSESAYLZCGOKOFHJMIGGTQELBQHAZQNRFJCALXEROSYGAR                                *\r\n* PMVTIUCNHNTRKRKZLTXEECHXOEPSBRYLJWRODXEWDWVMSGTZDSMMCMOMEYEEEJLPPHHNAWVOPAB                          *\r\n* HUEHLQOJELIXIEJFSARTKFXLZFZHWYXBL                                                                    *\r\n* FKTXTOVCKEYKFVMQWOIIYCXTI                                                                            *\r\n* RHMGNHMBZZLUHDYHVSMPA                                                                                *\r\n* UGBISCIDMAPNXO                                                                                       *\r\n* DQRXDVNEBHFKQGEGSFNMFFEOJTWMKFTFJQRCVRWHHCZBNSRWHUWIKBLYMDOJZATVO                                    *\r\n* AA                                                                                                   *\r\n* CLAIFFDFDBQBAEQJKVHFTQSCMIGIEMMSRGFJVAEWISICYIZVCMDFSUWMSYVX                                         *\r\n* UBROXKTZHNKQKXAHPEEJLGRJHZWKSQXEHYNRRNAXFVVYSOHXWEDTQOMOJHGXNIGQQGJLJIQCDHDPKTQTSZOONENSMZIJG        *\r\n* JXPFIMEVONO                                                                                          *\r\n* PJKX                                                                                                 *\r\n* QRNFOUSDMSQZJZGV                                                                                     *\r\n* XGAEL                                                                                                *\r\n* OWLAZMODHOVSSTXV                                                                                     *\r\n* WBVTNVENHFO                                                                                          *\r\n* EWZENYJCTSQXOILNHOBEBDDDPKBAHMSGARDRWNEVNTJELXEE                                                     *\r\n* QGTEKLBTWPDWJVGAKXXFTQTJGQHUZRRFWPQGZCQGBY                                                           *\r\n* YBY                                                                                                  *\r\n* YCDAAHYRAMJXTDHU                                                                                     *\r\n* XXATFABHHRDVQVIH                                                                                     *\r\n* JRVQRXXYQTPEXDUDWBDYKSCCTTQVWKRAPGTPZNFACVPGLCJOIR                                                   *\r\n* TEJCQOTXYHCCFCPOQJFEJVDVODWQQJCMEQXVFDCAGPHSZTJEWNTEDMJXBOONSCGOFQXPETINHEY                          *\r\n* OKWUUSUDQXIRGAURPPIDJSNIWUZCEGXZOQJQRUSAHDYHIFIDZRXRVUKVXNYASSYJAICQRDAVWHWF                         *\r\n* FAQLVCNIFDUFNSEVSIPEOHZCRMVRCVNXEBRNHOWPKBVEILDKVZDZHAFYANUJGWFJPWALAQOELZUNM                        *\r\n* UGILVDSOQDWTNTUNIOWLOMKSJFKZOHGRMFTNAVBBRBFWOHDVJYRFRAGHWQBQTSZIXEGHZGNMMUTNGNDBB                    *\r\n* PPQAALZLRKULIYBWZJBVVDLETXHTBIMZODDKSWEUINOCSBLVLJNUAFUMEMHDE                                        *\r\n* KJXVXFUREDFHNHOIMRLLHSURY                                                                            *\r\n* JRFFOAPBDFFWEGATEKOTSMXVAQSSYSOF                                                                     *\r\n* OWDLYOERLEIDPMFLONJDFPWTJFYIWDKQZAPJWHGWKBGIPSKDMHJFFCQYZJBSPVVITREPXVOGHMTDIOERUVWPTFL              *\r\n* JQKNFNHOGYOXOVGRSDYSJNQLEKXUZFOOFHFGLBBTFEXKAGDZOEWQHTMWAZIVPMOAKARGQAGRBEMEPFLYHYFUIYG              *\r\n* VJFLSFETQWAZOWIOYFODGHGUOKOQGTRLTFLGUUYWZTOSFLJKP                                                    *\r\n* WDJDGNCKXIROMWFOGJLCTEHSDMSNPCBDAPXOCQZXDKWPFLHRNRFZZNXRVRZTUOVVHN                                   *\r\n* WZQMQKNYJIRMSFBAXXBEMSFTKQFCOOAIRWLSWFOPLPNJDEHOTOXXFJB                                              *\r\n* TXBZEKJVHJVVT                                                                                        *\r\n* DSIMSWFWPFJRJARDCIVIYYDOKAGSBTJLUKK                                                                  *\r\n* OTQEXWHVQNBIDDHNALK                                                                                  *\r\n* PUBSQNVWWXWYPMOIRQK                                                                                  *\r\n* QHXXZXO                                                                                              *\r\n* MWLJAFPURYOKBLZTQCTRPYVJAIOHWESSZXJZMNYJWUQTBAZEIEHWEWINABJRRIYNFWKECZGDEJUUHCIZIJZRXWNCPVZ          *\r\n* DGROWDNFPVCIYDSUBNFYSJIIIGQJIIPGAVZXRGYEPDKM                                                         *\r\n* RTTDSABQBSUXIFPMEWHGWHCEV                                                                            *\r\n* VPAIPZWCRNXG                                                                                         *\r\n* HNQZCEZJAJSKHDGKJQOHPELPSCVBGOCPYFZTGIZAWUVGIYIVPSHWIYADCAGZIXC                                      *\r\n* GCMBDNDAQOLVJFGUUZLOGFHZFWQFBARYRJZFLGSCOHFTME                                                       *\r\n* WTMFJLNFBVMVHWYZQXMEZGAINHJAZZNNACULPUHNDEXKYLKGQIPWZAUQSDRBCNGCHZVFBMJVPZAUIQ                       *\r\n* CWCKRJRNZHDTLDGKQYVCYPFEDYTGAAAICTOEZDO                                                              *\r\n* QMVYXTYSJOKWMNLMRXGSQKNZHVQROBLMJDLMUHGKZBXLQDVOICNBWVBGZVRCCHDIDXMJBYS                              *\r\n* QWTPNBJDABIMNJPNBFNYPEHRXOHSRLMJJCLACMSXM                                                            *\r\n* CBZRUUIYIWLTUMPCRYURMOOYCKXPLOMPLCCGSFTMJSCQYQIYLAUTCV                                               *\r\n* NMAOKWT                                                                                              *\r\n* UJVHSKJJMFIHTLYAMCZDLTSNQAOURQJPQFIHDIPOCQIOUOIBNACH                                                 *\r\n* PBAQIRSVORVVSQODRWDMKBUKETBSMGROBRBDHQVRXSNYNSBXTYWDYVMNGPLOPZJIAHUBPLWABMOSOWXLSDYOKNPGFNW          *\r\n* EGBXJEYGYAIIBVBLGUZKSAWLBUYMRNVCOEVVLQJJXRNRVQMOLEALOLZEJQWOGLOLEGTX                                 *\r\n* GAPKPNANEPLIJANNKNDFRLVUVDMCBNPWPOFDKAYYYRFALGWKBYTSPSIUFVPLAYLRAOSVVJCKOFGZGUIOGBADUWGXGLYPKNXAGNZX *\r\n********************************************************************************************************\r\n&quot;)" methodname="TestWithRandom" classname="Open_Lab_04._14.Tests" runstate="Runnable" seed="1790589129" result="Passed" start-time="2021-12-27 14:18:11Z" end-time="2021-12-27 14:18:11Z" duration="0.058747" asserts="9558" />
            <test-case id="1033" name="TestWithRandom([&quot;PRVID&quot;, &quot;LINKNAEYXHXEHVPKLNABHGTSVLBFMIILSVLXXNBJIY&quot;, &quot;YQUPRMEGHI&quot;, &quot;DEOUPBZZ&quot;, &quot;OZLLLKRMXLQTIDVCAVKTHCACQSGICYAKJMNZEJEHURJWSIV&quot;, ...],&quot;******************************************************************************************************\r\n* PRVID                                                                                              *\r\n* LINKNAEYXHXEHVPKLNABHGTSVLBFMIILSVLXXNBJIY                                                         *\r\n* YQUPRMEGHI                                                                                         *\r\n* DEOUPBZZ                                                                                           *\r\n* OZLLLKRMXLQTIDVCAVKTHCACQSGICYAKJMNZEJEHURJWSIV                                                    *\r\n* TSOG                                                                                               *\r\n* FEMYJUTDIKYLGKVQVXRRCZQSDKIXFPJJTUDIBAVOKDLHKKLYZKXVXPMGOTU                                        *\r\n* MWXTAPSLGMOVCCGYNIITYKXVROMEIXUHFVCOGSHUSARMVCTUINSFKBACYCCLDOCISHPGASSVBNAYSKZPVRVVEPWDUZPEQVREXI *\r\n* OMMUQVXEXBCJNDNQLSHEDKLLACOFFVWAJQKCIWFZHKZCRQBADFGLPERDABTNGSYBFCAXSKHONHWSLJTK                   *\r\n* NBA                                                                                                *\r\n* KLFYHBHDRTPLXXPQEISYRYHHYRRIJNTQYLUQUYKIZLWOHGNLDUWEJBYMDXZPK                                      *\r\n* UDZYNMCZVFYJYFBSASEFEOROGWMIMXYUYARSOITBIEZQGZDTKLXHLEUFMLSQZUMXGDKXOIDRYCWZPAIGTTYBARJUFMGDQDCOSB *\r\n* CPFFBHFJIHUPLCLXFVKXPUQRBCAAUAIHORFRN                                                              *\r\n* WUUIAMKWUAFGWTHDTIYODYHEOIZNAUXTJQYQCHTEHEIZVODOZKXWTZLYMP                                         *\r\n* SMXVADMWGURBMPTGYPIJZEKNQWBZKFADNNBSJJIWJSXUHJLHASNIEFUNBJFDCMLBTONYNBXPHMAHHP                     *\r\n* GLTZSSSZHSOQADEUWGVBTVMT                                                                           *\r\n* VXASFNFLDYSINTJAOGGZKWLCRDALOMKYAAXURGBFIEWEMMJNMAEPGUOYLYABMUXRNUHMVOJIEAQGZHQFUNYNHVSGMYISGATO   *\r\n* FRSEWRXRWKGDIYEIUHYVJJSBAAXGQ                                                                      *\r\n* EGCYUPX                                                                                            *\r\n* XWAWK                                                                                              *\r\n* LDEZEKLSUTXVYQDWURAVGZAJEOKTJCUNZHPXWXBFQLL                                                        *\r\n* BYRHXBBJVPEMCUVPZRJSYKWRAGAWPUEUNRIGX                                                              *\r\n* WIALRKCDVBCM                                                                                       *\r\n* YCTKRCZHRAETAKKYKMOSXVA                                                                            *\r\n* NSLPWKYUDPGRUGREYVFHWSRAREKPNUICCCXYQJKGCKPLDSEEVKTBQSVVALYSAJHJGEP                                *\r\n* JSNOLYFLCFWYZFUCAHLJHCXELSFSDFFZDNVCWEQSNJSUOZSUPEJYSGKGUIDTSMIWAXVMK                              *\r\n* FVRTWXJCPLZKDZWGGWCOHNBWZABVURDGKXYOHYKNXRTRTHIJATQYKWJRTUUVWNIYITAG                               *\r\n* IZIM                                                                                               *\r\n* QPUJDRSSVAAFVNNGUMDOQJJUJAHCISUIMUFTWKRDDESHXCXMSUNNEXYGGAAC                                       *\r\n* PJCGSSBITJKVALMRBWGCUJOEHDOWYNWJOTNUPBF                                                            *\r\n* WEYLDSEMLPFDUAPGVYZOEFJGMAGGYSBARWGPKCA                                                            *\r\n* ZCKJISPODHYRBQFRVSYDLXNTNEMXTAVSXKPCUAYULRDRTKYAQPUSEXDBOR                                         *\r\n* DFRVDLGTRADWUTDSTUWADGMGEGCNAHONDEVOTWZFNQGANSZYAFJGRRSWTLQXJSTKLPSPYPYXURMMALSLGDN                *\r\n* YIVMMYUIFCWUWWOYAJALGMLAEFWHSFQFFYLDTGDZVQRSVRQDXULWDBOMWVIHCMQZMQPYKKFTGAPPUTFMO                  *\r\n* KXUTBDJZHXXVXIARGECSSNPRQCMZRDQWSJCSFSOMOLDHWLDGOCNAJWAWIDDYRKIDHBCOGIMNPP                         *\r\n* HKIUEZFKOPPMVIF                                                                                    *\r\n* BOQVDDZZUIOAGQZLTSSMAIYZLATNSPGFAYLYZUA                                                            *\r\n* LIAWKFDYQDSCQTJSQ                                                                                  *\r\n* JCJLHFBJZIFBMZSOARICOGWVXOWDPHOSIIKXUZAUUBFVSORTKBSSKNCDFONTJXUST                                  *\r\n* TDOUTBROINABCJWDTNOWIUFHRGMHLWGNBFVNEPHRBWEPCEMEWG                                                 *\r\n* HDXEYYGCNOKCMGNZW                                                                                  *\r\n* JYEFXVMPQFNTIKFRZKEBXPYMTCRTSIPEPQNHABGCSIHBPTGZXUHD                                               *\r\n* VPUZRLUESXIQIDRXXRXDCIOHXXAWRVXAMJUATIIPMXZLZKGQOCADKZSMAMCTLXMWZHEZJQEPIIREJDIMR                  *\r\n* HPVUQMRIZGFPDOLCLRGGGYXKUBINDXDQCBPXBER                                                            *\r\n* IBQXJTECTGSRFKDJRKAOEDFCDPNBYNBGZOYFHABBWFUWELKRYGFQEDNEVNTUFDDFFMSQL                              *\r\n* BRJYRYIJYSEVCSILBWBTJUGHVTCOQSTTFBFOGGLPWMPBPKAKXUKWPRNHLBDYVUSFZKPBNUEVKLXXEESLSRRVIWENOX         *\r\n* FCMTBUJCEUZ                                                                                        *\r\n* DQPLDUQCGJRFECWXCGBNPRYSXRVDUBOQTTOFTLATYUVVKHPZXMAXSMILRWNMYNIFVBLKOREQGIPUVDHQBWFIBQYHLCNW       *\r\n* OVKMQAJVFKGIJRKWNQOPWKBHAEECEYLDHSSMEIFDXUWLZZRZOKYMZHBDTDMMVHRGYCAQYXSFLLRBNPIAMEOTAZEAROSAV      *\r\n* HQDPMWZBBQRSBOQZPEVLAQSXGZYAYKFRJSEBYYDLBLDYBHYQKSYOFJSQXGINYZCQKAJIKPAR                           *\r\n* JKONU                                                                                              *\r\n******************************************************************************************************\r\n&quot;)" fullname="Open_Lab_04._14.Tests.TestWithRandom([&quot;PRVID&quot;, &quot;LINKNAEYXHXEHVPKLNABHGTSVLBFMIILSVLXXNBJIY&quot;, &quot;YQUPRMEGHI&quot;, &quot;DEOUPBZZ&quot;, &quot;OZLLLKRMXLQTIDVCAVKTHCACQSGICYAKJMNZEJEHURJWSIV&quot;, ...],&quot;******************************************************************************************************\r\n* PRVID                                                                                              *\r\n* LINKNAEYXHXEHVPKLNABHGTSVLBFMIILSVLXXNBJIY                                                         *\r\n* YQUPRMEGHI                                                                                         *\r\n* DEOUPBZZ                                                                                           *\r\n* OZLLLKRMXLQTIDVCAVKTHCACQSGICYAKJMNZEJEHURJWSIV                                                    *\r\n* TSOG                                                                                               *\r\n* FEMYJUTDIKYLGKVQVXRRCZQSDKIXFPJJTUDIBAVOKDLHKKLYZKXVXPMGOTU                                        *\r\n* MWXTAPSLGMOVCCGYNIITYKXVROMEIXUHFVCOGSHUSARMVCTUINSFKBACYCCLDOCISHPGASSVBNAYSKZPVRVVEPWDUZPEQVREXI *\r\n* OMMUQVXEXBCJNDNQLSHEDKLLACOFFVWAJQKCIWFZHKZCRQBADFGLPERDABTNGSYBFCAXSKHONHWSLJTK                   *\r\n* NBA                                                                                                *\r\n* KLFYHBHDRTPLXXPQEISYRYHHYRRIJNTQYLUQUYKIZLWOHGNLDUWEJBYMDXZPK                                      *\r\n* UDZYNMCZVFYJYFBSASEFEOROGWMIMXYUYARSOITBIEZQGZDTKLXHLEUFMLSQZUMXGDKXOIDRYCWZPAIGTTYBARJUFMGDQDCOSB *\r\n* CPFFBHFJIHUPLCLXFVKXPUQRBCAAUAIHORFRN                                                              *\r\n* WUUIAMKWUAFGWTHDTIYODYHEOIZNAUXTJQYQCHTEHEIZVODOZKXWTZLYMP                                         *\r\n* SMXVADMWGURBMPTGYPIJZEKNQWBZKFADNNBSJJIWJSXUHJLHASNIEFUNBJFDCMLBTONYNBXPHMAHHP                     *\r\n* GLTZSSSZHSOQADEUWGVBTVMT                                                                           *\r\n* VXASFNFLDYSINTJAOGGZKWLCRDALOMKYAAXURGBFIEWEMMJNMAEPGUOYLYABMUXRNUHMVOJIEAQGZHQFUNYNHVSGMYISGATO   *\r\n* FRSEWRXRWKGDIYEIUHYVJJSBAAXGQ                                                                      *\r\n* EGCYUPX                                                                                            *\r\n* XWAWK                                                                                              *\r\n* LDEZEKLSUTXVYQDWURAVGZAJEOKTJCUNZHPXWXBFQLL                                                        *\r\n* BYRHXBBJVPEMCUVPZRJSYKWRAGAWPUEUNRIGX                                                              *\r\n* WIALRKCDVBCM                                                                                       *\r\n* YCTKRCZHRAETAKKYKMOSXVA                                                                            *\r\n* NSLPWKYUDPGRUGREYVFHWSRAREKPNUICCCXYQJKGCKPLDSEEVKTBQSVVALYSAJHJGEP                                *\r\n* JSNOLYFLCFWYZFUCAHLJHCXELSFSDFFZDNVCWEQSNJSUOZSUPEJYSGKGUIDTSMIWAXVMK                              *\r\n* FVRTWXJCPLZKDZWGGWCOHNBWZABVURDGKXYOHYKNXRTRTHIJATQYKWJRTUUVWNIYITAG                               *\r\n* IZIM                                                                                               *\r\n* QPUJDRSSVAAFVNNGUMDOQJJUJAHCISUIMUFTWKRDDESHXCXMSUNNEXYGGAAC                                       *\r\n* PJCGSSBITJKVALMRBWGCUJOEHDOWYNWJOTNUPBF                                                            *\r\n* WEYLDSEMLPFDUAPGVYZOEFJGMAGGYSBARWGPKCA                                                            *\r\n* ZCKJISPODHYRBQFRVSYDLXNTNEMXTAVSXKPCUAYULRDRTKYAQPUSEXDBOR                                         *\r\n* DFRVDLGTRADWUTDSTUWADGMGEGCNAHONDEVOTWZFNQGANSZYAFJGRRSWTLQXJSTKLPSPYPYXURMMALSLGDN                *\r\n* YIVMMYUIFCWUWWOYAJALGMLAEFWHSFQFFYLDTGDZVQRSVRQDXULWDBOMWVIHCMQZMQPYKKFTGAPPUTFMO                  *\r\n* KXUTBDJZHXXVXIARGECSSNPRQCMZRDQWSJCSFSOMOLDHWLDGOCNAJWAWIDDYRKIDHBCOGIMNPP                         *\r\n* HKIUEZFKOPPMVIF                                                                                    *\r\n* BOQVDDZZUIOAGQZLTSSMAIYZLATNSPGFAYLYZUA                                                            *\r\n* LIAWKFDYQDSCQTJSQ                                                                                  *\r\n* JCJLHFBJZIFBMZSOARICOGWVXOWDPHOSIIKXUZAUUBFVSORTKBSSKNCDFONTJXUST                                  *\r\n* TDOUTBROINABCJWDTNOWIUFHRGMHLWGNBFVNEPHRBWEPCEMEWG                                                 *\r\n* HDXEYYGCNOKCMGNZW                                                                                  *\r\n* JYEFXVMPQFNTIKFRZKEBXPYMTCRTSIPEPQNHABGCSIHBPTGZXUHD                                               *\r\n* VPUZRLUESXIQIDRXXRXDCIOHXXAWRVXAMJUATIIPMXZLZKGQOCADKZSMAMCTLXMWZHEZJQEPIIREJDIMR                  *\r\n* HPVUQMRIZGFPDOLCLRGGGYXKUBINDXDQCBPXBER                                                            *\r\n* IBQXJTECTGSRFKDJRKAOEDFCDPNBYNBGZOYFHABBWFUWELKRYGFQEDNEVNTUFDDFFMSQL                              *\r\n* BRJYRYIJYSEVCSILBWBTJUGHVTCOQSTTFBFOGGLPWMPBPKAKXUKWPRNHLBDYVUSFZKPBNUEVKLXXEESLSRRVIWENOX         *\r\n* FCMTBUJCEUZ                                                                                        *\r\n* DQPLDUQCGJRFECWXCGBNPRYSXRVDUBOQTTOFTLATYUVVKHPZXMAXSMILRWNMYNIFVBLKOREQGIPUVDHQBWFIBQYHLCNW       *\r\n* OVKMQAJVFKGIJRKWNQOPWKBHAEECEYLDHSSMEIFDXUWLZZRZOKYMZHBDTDMMVHRGYCAQYXSFLLRBNPIAMEOTAZEAROSAV      *\r\n* HQDPMWZBBQRSBOQZPEVLAQSXGZYAYKFRJSEBYYDLBLDYBHYQKSYOFJSQXGINYZCQKAJIKPAR                           *\r\n* JKONU                                                                                              *\r\n******************************************************************************************************\r\n&quot;)" methodname="TestWithRandom" classname="Open_Lab_04._14.Tests" runstate="Runnable" seed="365499366" result="Passed" start-time="2021-12-27 14:18:11Z" end-time="2021-12-27 14:18:11Z" duration="0.013577" asserts="5462" />
            <test-case id="1034" name="TestWithRandom([&quot;BHQGLRMZZNDSPPMBJMNBYPGURHNWYDDDKKLQIVFTNJIWLIBLXIFAGTALBVODDPAWKAHFDVTNHUNPGJJJGBYPYDWQKAPNHBPY&quot;, &quot;MLKAVHBPRSMGKFRLFXBRLXHERVDGFGGE&quot;, &quot;HTXYIKUXZGKKKZUXBBDNGXOEGJADVKLMHQDLUNXNHTLRWUHWJJDECRIKETRYK&quot;, &quot;BPUXCTWJDOEQGNMXIMCEUMHHKPHTGBVYDQSVWYRNAZFOZMLVYHKFWFWPINNMMCDCT&quot;, &quot;MPUQBJUPEUGSHYELVZQPCXUC&quot;, ...],&quot;******************************************************************************************************\r\n* BHQGLRMZZNDSPPMBJMNBYPGURHNWYDDDKKLQIVFTNJIWLIBLXIFAGTALBVODDPAWKAHFDVTNHUNPGJJJGBYPYDWQKAPNHBPY   *\r\n* MLKAVHBPRSMGKFRLFXBRLXHERVDGFGGE                                                                   *\r\n* HTXYIKUXZGKKKZUXBBDNGXOEGJADVKLMHQDLUNXNHTLRWUHWJJDECRIKETRYK                                      *\r\n* BPUXCTWJDOEQGNMXIMCEUMHHKPHTGBVYDQSVWYRNAZFOZMLVYHKFWFWPINNMMCDCT                                  *\r\n* MPUQBJUPEUGSHYELVZQPCXUC                                                                           *\r\n* IKEAXWDUTZVAHFBKGBBJPGPIAHDLDDOVSCTYQOGYCXNYIKNUOFVVTT                                             *\r\n* BVWAPSRQPKAIFLDUSUDGRTRZPUJXYISCYDSDTNRFKGXNICHILKDBPNHIDWLVJUSHRYKBTZAEDXVKVDRNMBLOFRMLWJZWCWW    *\r\n* OQVJSGPLKYXSRWNAFXIIIDCAMYEJADBGBFVEIHVFMZDGTTUAWZRENNHKOVWTBFL                                    *\r\n* XRQLAIRXCCWIAWGSEEMBLWTNYLQM                                                                       *\r\n* BEGOWICDIZOHTCKRYKRPEPXSKVAYCNPRFMBYPUDNDPV                                                        *\r\n* YTRUIVZAZXGMGOEBH                                                                                  *\r\n* AVKXBHALCEGEMPTTUQD                                                                                *\r\n* PHNOSIFOSBQCFYOZTARKTWTVT                                                                          *\r\n* KRSNTNYBPTIVFTBMTAOEZNAUZTYSMTNSVXXOWFHCDDJVRYVYJHDSHOVXQYOAOFOVFQAHWMPOTLAVEFC                    *\r\n* XAJ                                                                                                *\r\n* QVLGCAYYRHNYPNPBYNCWRO                                                                             *\r\n* VNZSLVNCOWJFKFTFVORXMXCGQPBCJYNNBVPSDHMCDEZCFHFWEIGHARNXLSCVTLSPIVEOPBBOBOTHYAAIKFXBRFNJISHKFRJSLJ *\r\n* KDQGDGSFLYFZKSTKONRYCHUFXTRIKFAVOHQFUYTUZACLDSXRMHUFULQCJKJJOKVFXJLDBNPPTXY                        *\r\n* FJCEWZWCKVB                                                                                        *\r\n* QNWJOJFPEW                                                                                         *\r\n* THTPYRFMWMNXZIFNPNSUCHIMORGAJRJXIVIXCJXLFJEPDPWBJWQB                                               *\r\n* BKLYHBGLFCFCPPDZHKFQHPTDSIYVEQMBILGLWZVIQAAGZNNA                                                   *\r\n* BCLLLFMQIFYCLGOPDUEJSCIPWZGPNDFVYCCOAQXGUVOTWFFTLQWSJRAZUWOMYWCFZDDIDAON                           *\r\n* XOXOOTQTNDWHNLHCDTEBLHXSIUSCWQLBIVLCCKFDYSLSFYMRWGZGKLLQRFFTAOXXSVYRZFZSOBDSWEMKIBFPQEQXJV         *\r\n* XFMCJUOAKZURQHGSJISTMSVLZIHGNEBIEVBNCYTYI                                                          *\r\n* BKOJPIJMHOQCXEJA                                                                                   *\r\n* BMHMGYMNVFTQKOU                                                                                    *\r\n* IRKXPTZXAWMRCXXEBUSLBRVMBVTDQWWAVQPNZDOHNJL                                                        *\r\n* LULYIOPQVIKRVYVTZVHEZMVLIJEYGKYRFMAHK                                                              *\r\n* UBHGEMGXRBHUIRCHJZYAQYKRJLKSMJXNJDAFXTIIEKRDQLCGOYCAJKFWRQWSCOLIDULEQWJPRPWFGGBYJED                *\r\n* GWEZYEOHXPGPZJAVAXPROMJTNAPKOYJXKXBGPMGLIBSCIGFWGFXMOMZ                                            *\r\n* NLLYPESYFJFCITFOQDJNUHKHUSDJAXIYXHTEAIWDITWZADONZJVKCLZGAEEWAJYHAHEBZBNIHFEAK                      *\r\n* GQEQKRCXWLHNEWEADZVOZTZMNYVMDWHZWPXNRJZGFCL                                                        *\r\n* UMWREGCFEVMNRSDLWPUZEHQPZQIUAPJWIGRABDIXUBVADKWZGNKPILNMWHSNYHFPLPELACKS                           *\r\n* WFDMQMOUJONFTOWSFEULUYMWFONFKYD                                                                    *\r\n* RHLFKAFVDTOTR                                                                                      *\r\n* RBHSVYPGNYTGGBYJJKKJNMCRIEYYIAKSEVWMXSD                                                            *\r\n* NKUNLDTEXUJEIHWFYQK                                                                                *\r\n* AQYMOABKEMLQGGWDSPFELTBNRFJWZRNHINEWLHZKBJAKISYCLTNJKGFGPKVIRFK                                    *\r\n* YEITBARKPUCBSQFYHHLGDDWCIYHBMQTWYNMEKEALBCTPDDNYFW                                                 *\r\n* JTEJU                                                                                              *\r\n* GLDTPYYAFDFEAOCGAEAKGYEKIVPPKD                                                                     *\r\n* ERWDTXSMEUPYZIUEHYDTZIKAHGSKUIJQCJAMEKIIISWPRAFCORHQHKUWGVWNEHRVLYWPHHAXPUKHL                      *\r\n* JHAQVCBSJRPEFIOUEAABDTEPUHRKANZNKLMONOLOUTPEADBRIUQJGKRQDKVOLQRWSCTUWAHPPLHKDZPQGZC                *\r\n* WPGATWLCSWDDBTMXKGVINAUU                                                                           *\r\n* GMDVFILOLZCVT                                                                                      *\r\n* ZOF                                                                                                *\r\n* SIDIKNRGZEUSWVMXMKIHNORPQUJBQGVTHDBLZXBPDYJHTSCGJWNPGYJEROSQDQPTJALSTAXOISDPEKVXRDSUSGNJ           *\r\n* XUKFLMNIQYTHKMJYYGNUUZHTUZAXUACNCYWFNJXGQGOLCQHQIWTZZOAYNRKMLPNPVFFMQELOJHEOKVR                    *\r\n* RKPYGDONYYRWZLUBS                                                                                  *\r\n* QWLVZELFQRJLNSZGUBAPJSRRNSMPPXNDVMEUSWKKNBMWDMKZWTRSBCPYFTHHRWPSEGPANFNXRPCIFUNBHNSWGUCTXFPZPDS    *\r\n* MTSXWJLRGTBLAGTLGFZEDSMJEWDIPOINWLWLBQFXBBQNTQTQMESJEONTHISZGDBSL                                  *\r\n* POKIJPABCCCZQNDNVLVYJHYCDTYFRYZYBFAEFEUDJCLLQISEWTHP                                               *\r\n* MDIPIEQRUKECEXKNYHRRROHWNMVATJYRKBPCSOXAEMOSHIMLHRXLQYFYWLCVJPYLLMRDIIVKKRMFAOPEAJTBMNBLV          *\r\n* FHMBRPODGURJDYWNAZMAXIWYVZVWYYLFHRDOXJZWQWHUNRGUFZMCZUTXKOFRTSEIJL                                 *\r\n* MVIPRZ                                                                                             *\r\n* JBABLETBQZMJGMXGDJDIDYRZLBPTYXKVCKKSWJCBYSBFVZFOOPEFNQMLJBPJ                                       *\r\n* ZCSOQGWBFJTGCKLWMDMWBFJSEIMXZJVUTMYPJQFSIMIGLYKGAOWXDMNTTZ                                         *\r\n* IUYCWOZNQLWNVYTNOXCHGXFWLMXQHYEVJGXYKKL                                                            *\r\n* LLUUEABZJYYWQSDKOBRKQIFSHADOAVCELKVUDLSKLYHIZHERDMJJTBBDFCNEWMYOVULGWI                             *\r\n* DJGYRBXSZWMLOLTLJISOBXNNYZSMF                                                                      *\r\n* YUUFGAMCJBIJNIKBKCCJBXETGFVTZSIKNDXSQIFSYHYQGRKFDXOPKVUBPAYAFTCRTYVKKRKBXKKUYONOVPQCD              *\r\n* ZRJWDPKEMFEHWHVZULNMSALADANKFPDANAYEBOOURSXEPQRFSVVEORAZFITCCZZXCEUWIRYGW                          *\r\n* UACHKMIHRJUYLWAZYSVMSRSACKWVXAWOHVWZXYYGTVIPCESYWJTGKKACHCEZPNKQNFQPZACZU                          *\r\n* SXJDXXSYYNHQEXVTSUTYQFKRCXNDYWHULWRDTEEGHROWJWBTUFIHFVXNM                                          *\r\n* AAKPZCGNFIFRANPMQZROIGVUITOZPPYERBDEWSRMQWRTNDEURSEYVYIUEQGGOGXPKBAZ                               *\r\n* KQYIEYMPCGFOTHWKZITSJAGLKYJYBJMDFLGBG                                                              *\r\n* RAVFBJBRUYBEKSGGAKJMXGOONTUCJIAVEJRTXEYXKSDKXXYTWZLWRTSKLHSHOZ                                     *\r\n* MYFZABNJVLMCFDDRPVAFJXEDKRGHPLRIKJ                                                                 *\r\n* MRYYSIQPKFQNHHPCMNTYOTCOIUFTJUESVLRARWIXTITXTEYAZJEURLCSOJPXCWFQAYR                                *\r\n* QPLQFWEGAEUDVFTAPKBKJYLHGKUWCCXVNCJJXOOUGVSJOMBXDEBQXHMREDJUCIDXHZQSVJDAVGDNFCTUIXTYB              *\r\n* XFQSFTFUSYRVBPVJBTBAVRDYLB                                                                         *\r\n* PMEOFVBCLCDDJVBOFVKAEZZVZXBLGBRGEJQINJMZA                                                          *\r\n* JGYPREUDXDBBGPMJOIUPVJKWZAFTAWJKZRPSXKFWQDEOFCDAVE                                                 *\r\n* EFKRAVBPRZBCBTQBOATLECXZSFWRXXFXWBEFOAPWWUNXPACUOBOZCSPBHLYUZJSUTEFZPLMOLWPKPAJR                   *\r\n* BCWIFVDMDX                                                                                         *\r\n* BUXMBSDLUDFDO                                                                                      *\r\n* OFDFLHBHSYHWLOICNMNJNRZCJWWYWYWZHJRPAHRQBTCYFEGPCSQSPELXGAVPKDKTBHPCXTBGVXITPAXFQHWDIDJCYTJALCGYJ  *\r\n* XYPESJRKXSWRIFDQYCGGKYXMDDKBUTQJKG                                                                 *\r\n* ZPLPNMYFRFGLD                                                                                      *\r\n* VDDRCXYACAOZQPECNHCCEANMTUMTGGXSGEZQMSHIEYNKAOWIAPSZJASUPQXILFUWDWSLPOPUZTXFNDMFXDSRNYIG           *\r\n* EAVUZXZEQHEVKTMZYZPCNHMERKHNCIFNMAKNTAZVYAWVH                                                      *\r\n* NKGRPYTDYXOQCPPMBIBRJKIYGXAUDNKQXHXXHLT                                                            *\r\n* UICNZCXKGMYOUQACCHLRXYZKMXTV                                                                       *\r\n******************************************************************************************************\r\n&quot;)" fullname="Open_Lab_04._14.Tests.TestWithRandom([&quot;BHQGLRMZZNDSPPMBJMNBYPGURHNWYDDDKKLQIVFTNJIWLIBLXIFAGTALBVODDPAWKAHFDVTNHUNPGJJJGBYPYDWQKAPNHBPY&quot;, &quot;MLKAVHBPRSMGKFRLFXBRLXHERVDGFGGE&quot;, &quot;HTXYIKUXZGKKKZUXBBDNGXOEGJADVKLMHQDLUNXNHTLRWUHWJJDECRIKETRYK&quot;, &quot;BPUXCTWJDOEQGNMXIMCEUMHHKPHTGBVYDQSVWYRNAZFOZMLVYHKFWFWPINNMMCDCT&quot;, &quot;MPUQBJUPEUGSHYELVZQPCXUC&quot;, ...],&quot;******************************************************************************************************\r\n* BHQGLRMZZNDSPPMBJMNBYPGURHNWYDDDKKLQIVFTNJIWLIBLXIFAGTALBVODDPAWKAHFDVTNHUNPGJJJGBYPYDWQKAPNHBPY   *\r\n* MLKAVHBPRSMGKFRLFXBRLXHERVDGFGGE                                                                   *\r\n* HTXYIKUXZGKKKZUXBBDNGXOEGJADVKLMHQDLUNXNHTLRWUHWJJDECRIKETRYK                                      *\r\n* BPUXCTWJDOEQGNMXIMCEUMHHKPHTGBVYDQSVWYRNAZFOZMLVYHKFWFWPINNMMCDCT                                  *\r\n* MPUQBJUPEUGSHYELVZQPCXUC                                                                           *\r\n* IKEAXWDUTZVAHFBKGBBJPGPIAHDLDDOVSCTYQOGYCXNYIKNUOFVVTT                                             *\r\n* BVWAPSRQPKAIFLDUSUDGRTRZPUJXYISCYDSDTNRFKGXNICHILKDBPNHIDWLVJUSHRYKBTZAEDXVKVDRNMBLOFRMLWJZWCWW    *\r\n* OQVJSGPLKYXSRWNAFXIIIDCAMYEJADBGBFVEIHVFMZDGTTUAWZRENNHKOVWTBFL                                    *\r\n* XRQLAIRXCCWIAWGSEEMBLWTNYLQM                                                                       *\r\n* BEGOWICDIZOHTCKRYKRPEPXSKVAYCNPRFMBYPUDNDPV                                                        *\r\n* YTRUIVZAZXGMGOEBH                                                                                  *\r\n* AVKXBHALCEGEMPTTUQD                                                                                *\r\n* PHNOSIFOSBQCFYOZTARKTWTVT                                                                          *\r\n* KRSNTNYBPTIVFTBMTAOEZNAUZTYSMTNSVXXOWFHCDDJVRYVYJHDSHOVXQYOAOFOVFQAHWMPOTLAVEFC                    *\r\n* XAJ                                                                                                *\r\n* QVLGCAYYRHNYPNPBYNCWRO                                                                             *\r\n* VNZSLVNCOWJFKFTFVORXMXCGQPBCJYNNBVPSDHMCDEZCFHFWEIGHARNXLSCVTLSPIVEOPBBOBOTHYAAIKFXBRFNJISHKFRJSLJ *\r\n* KDQGDGSFLYFZKSTKONRYCHUFXTRIKFAVOHQFUYTUZACLDSXRMHUFULQCJKJJOKVFXJLDBNPPTXY                        *\r\n* FJCEWZWCKVB                                                                                        *\r\n* QNWJOJFPEW                                                                                         *\r\n* THTPYRFMWMNXZIFNPNSUCHIMORGAJRJXIVIXCJXLFJEPDPWBJWQB                                               *\r\n* BKLYHBGLFCFCPPDZHKFQHPTDSIYVEQMBILGLWZVIQAAGZNNA                                                   *\r\n* BCLLLFMQIFYCLGOPDUEJSCIPWZGPNDFVYCCOAQXGUVOTWFFTLQWSJRAZUWOMYWCFZDDIDAON                           *\r\n* XOXOOTQTNDWHNLHCDTEBLHXSIUSCWQLBIVLCCKFDYSLSFYMRWGZGKLLQRFFTAOXXSVYRZFZSOBDSWEMKIBFPQEQXJV         *\r\n* XFMCJUOAKZURQHGSJISTMSVLZIHGNEBIEVBNCYTYI                                                          *\r\n* BKOJPIJMHOQCXEJA                                                                                   *\r\n* BMHMGYMNVFTQKOU                                                                                    *\r\n* IRKXPTZXAWMRCXXEBUSLBRVMBVTDQWWAVQPNZDOHNJL                                                        *\r\n* LULYIOPQVIKRVYVTZVHEZMVLIJEYGKYRFMAHK                                                              *\r\n* UBHGEMGXRBHUIRCHJZYAQYKRJLKSMJXNJDAFXTIIEKRDQLCGOYCAJKFWRQWSCOLIDULEQWJPRPWFGGBYJED                *\r\n* GWEZYEOHXPGPZJAVAXPROMJTNAPKOYJXKXBGPMGLIBSCIGFWGFXMOMZ                                            *\r\n* NLLYPESYFJFCITFOQDJNUHKHUSDJAXIYXHTEAIWDITWZADONZJVKCLZGAEEWAJYHAHEBZBNIHFEAK                      *\r\n* GQEQKRCXWLHNEWEADZVOZTZMNYVMDWHZWPXNRJZGFCL                                                        *\r\n* UMWREGCFEVMNRSDLWPUZEHQPZQIUAPJWIGRABDIXUBVADKWZGNKPILNMWHSNYHFPLPELACKS                           *\r\n* WFDMQMOUJONFTOWSFEULUYMWFONFKYD                                                                    *\r\n* RHLFKAFVDTOTR                                                                                      *\r\n* RBHSVYPGNYTGGBYJJKKJNMCRIEYYIAKSEVWMXSD                                                            *\r\n* NKUNLDTEXUJEIHWFYQK                                                                                *\r\n* AQYMOABKEMLQGGWDSPFELTBNRFJWZRNHINEWLHZKBJAKISYCLTNJKGFGPKVIRFK                                    *\r\n* YEITBARKPUCBSQFYHHLGDDWCIYHBMQTWYNMEKEALBCTPDDNYFW                                                 *\r\n* JTEJU                                                                                              *\r\n* GLDTPYYAFDFEAOCGAEAKGYEKIVPPKD                                                                     *\r\n* ERWDTXSMEUPYZIUEHYDTZIKAHGSKUIJQCJAMEKIIISWPRAFCORHQHKUWGVWNEHRVLYWPHHAXPUKHL                      *\r\n* JHAQVCBSJRPEFIOUEAABDTEPUHRKANZNKLMONOLOUTPEADBRIUQJGKRQDKVOLQRWSCTUWAHPPLHKDZPQGZC                *\r\n* WPGATWLCSWDDBTMXKGVINAUU                                                                           *\r\n* GMDVFILOLZCVT                                                                                      *\r\n* ZOF                                                                                                *\r\n* SIDIKNRGZEUSWVMXMKIHNORPQUJBQGVTHDBLZXBPDYJHTSCGJWNPGYJEROSQDQPTJALSTAXOISDPEKVXRDSUSGNJ           *\r\n* XUKFLMNIQYTHKMJYYGNUUZHTUZAXUACNCYWFNJXGQGOLCQHQIWTZZOAYNRKMLPNPVFFMQELOJHEOKVR                    *\r\n* RKPYGDONYYRWZLUBS                                                                                  *\r\n* QWLVZELFQRJLNSZGUBAPJSRRNSMPPXNDVMEUSWKKNBMWDMKZWTRSBCPYFTHHRWPSEGPANFNXRPCIFUNBHNSWGUCTXFPZPDS    *\r\n* MTSXWJLRGTBLAGTLGFZEDSMJEWDIPOINWLWLBQFXBBQNTQTQMESJEONTHISZGDBSL                                  *\r\n* POKIJPABCCCZQNDNVLVYJHYCDTYFRYZYBFAEFEUDJCLLQISEWTHP                                               *\r\n* MDIPIEQRUKECEXKNYHRRROHWNMVATJYRKBPCSOXAEMOSHIMLHRXLQYFYWLCVJPYLLMRDIIVKKRMFAOPEAJTBMNBLV          *\r\n* FHMBRPODGURJDYWNAZMAXIWYVZVWYYLFHRDOXJZWQWHUNRGUFZMCZUTXKOFRTSEIJL                                 *\r\n* MVIPRZ                                                                                             *\r\n* JBABLETBQZMJGMXGDJDIDYRZLBPTYXKVCKKSWJCBYSBFVZFOOPEFNQMLJBPJ                                       *\r\n* ZCSOQGWBFJTGCKLWMDMWBFJSEIMXZJVUTMYPJQFSIMIGLYKGAOWXDMNTTZ                                         *\r\n* IUYCWOZNQLWNVYTNOXCHGXFWLMXQHYEVJGXYKKL                                                            *\r\n* LLUUEABZJYYWQSDKOBRKQIFSHADOAVCELKVUDLSKLYHIZHERDMJJTBBDFCNEWMYOVULGWI                             *\r\n* DJGYRBXSZWMLOLTLJISOBXNNYZSMF                                                                      *\r\n* YUUFGAMCJBIJNIKBKCCJBXETGFVTZSIKNDXSQIFSYHYQGRKFDXOPKVUBPAYAFTCRTYVKKRKBXKKUYONOVPQCD              *\r\n* ZRJWDPKEMFEHWHVZULNMSALADANKFPDANAYEBOOURSXEPQRFSVVEORAZFITCCZZXCEUWIRYGW                          *\r\n* UACHKMIHRJUYLWAZYSVMSRSACKWVXAWOHVWZXYYGTVIPCESYWJTGKKACHCEZPNKQNFQPZACZU                          *\r\n* SXJDXXSYYNHQEXVTSUTYQFKRCXNDYWHULWRDTEEGHROWJWBTUFIHFVXNM                                          *\r\n* AAKPZCGNFIFRANPMQZROIGVUITOZPPYERBDEWSRMQWRTNDEURSEYVYIUEQGGOGXPKBAZ                               *\r\n* KQYIEYMPCGFOTHWKZITSJAGLKYJYBJMDFLGBG                                                              *\r\n* RAVFBJBRUYBEKSGGAKJMXGOONTUCJIAVEJRTXEYXKSDKXXYTWZLWRTSKLHSHOZ                                     *\r\n* MYFZABNJVLMCFDDRPVAFJXEDKRGHPLRIKJ                                                                 *\r\n* MRYYSIQPKFQNHHPCMNTYOTCOIUFTJUESVLRARWIXTITXTEYAZJEURLCSOJPXCWFQAYR                                *\r\n* QPLQFWEGAEUDVFTAPKBKJYLHGKUWCCXVNCJJXOOUGVSJOMBXDEBQXHMREDJUCIDXHZQSVJDAVGDNFCTUIXTYB              *\r\n* XFQSFTFUSYRVBPVJBTBAVRDYLB                                                                         *\r\n* PMEOFVBCLCDDJVBOFVKAEZZVZXBLGBRGEJQINJMZA                                                          *\r\n* JGYPREUDXDBBGPMJOIUPVJKWZAFTAWJKZRPSXKFWQDEOFCDAVE                                                 *\r\n* EFKRAVBPRZBCBTQBOATLECXZSFWRXXFXWBEFOAPWWUNXPACUOBOZCSPBHLYUZJSUTEFZPLMOLWPKPAJR                   *\r\n* BCWIFVDMDX                                                                                         *\r\n* BUXMBSDLUDFDO                                                                                      *\r\n* OFDFLHBHSYHWLOICNMNJNRZCJWWYWYWZHJRPAHRQBTCYFEGPCSQSPELXGAVPKDKTBHPCXTBGVXITPAXFQHWDIDJCYTJALCGYJ  *\r\n* XYPESJRKXSWRIFDQYCGGKYXMDDKBUTQJKG                                                                 *\r\n* ZPLPNMYFRFGLD                                                                                      *\r\n* VDDRCXYACAOZQPECNHCCEANMTUMTGGXSGEZQMSHIEYNKAOWIAPSZJASUPQXILFUWDWSLPOPUZTXFNDMFXDSRNYIG           *\r\n* EAVUZXZEQHEVKTMZYZPCNHMERKHNCIFNMAKNTAZVYAWVH                                                      *\r\n* NKGRPYTDYXOQCPPMBIBRJKIYGXAUDNKQXHXXHLT                                                            *\r\n* UICNZCXKGMYOUQACCHLRXYZKMXTV                                                                       *\r\n******************************************************************************************************\r\n&quot;)" methodname="TestWithRandom" classname="Open_Lab_04._14.Tests" runstate="Runnable" seed="1339368755" result="Passed" start-time="2021-12-27 14:18:11Z" end-time="2021-12-27 14:18:11Z" duration="0.028138" asserts="8861" />
            <test-case id="1035" name="TestWithRandom([&quot;FQOUWBIUYDAPOROWWGHVUZABJVIRACJCSNHIZZTZTHJHRIKIWQBMNWXFPNLBSRUWTYWAKGWW&quot;, &quot;IBNQSKAKAUJAWOWPBSLOSGBNMNSLKYPUFZFUKPXDKQSWKWXKALI&quot;, &quot;KHUBZZDERPABFPVXIBELVIDBOFCQQILZQBJXFDULMSLVQQRVAZBYGWT&quot;, &quot;ESNUXMNJ&quot;, &quot;BLDFYSEGTZCXI&quot;, ...],&quot;********************************************************************************************************\r\n* FQOUWBIUYDAPOROWWGHVUZABJVIRACJCSNHIZZTZTHJHRIKIWQBMNWXFPNLBSRUWTYWAKGWW                             *\r\n* IBNQSKAKAUJAWOWPBSLOSGBNMNSLKYPUFZFUKPXDKQSWKWXKALI                                                  *\r\n* KHUBZZDERPABFPVXIBELVIDBOFCQQILZQBJXFDULMSLVQQRVAZBYGWT                                              *\r\n* ESNUXMNJ                                                                                             *\r\n* BLDFYSEGTZCXI                                                                                        *\r\n* XNHPRHNSTIHTMQAOZECSPEOPCHWRNWQEVHQHPWWBPISUY                                                        *\r\n* FOGEAXUQWSYRNJLWEWRC                                                                                 *\r\n* FASYCIBCGMTRXCHKIWTKFKXIYJNQTEVDVHAONGXPTNPGFZPHDLVAYSSUCKATUKICRQWQCSXCZDRRVRCYTGMIIUEDPFL          *\r\n* GDUIENOPDZFKO                                                                                        *\r\n* AVAAZLHBAOYATWLTAWHUWVIIMHCNUTACUPTJCOFAVECFKETSDKZIDTWEMSORIUGHNWGECCRMQG                           *\r\n* SSDYIOKJKUSYASOXKAOSBXVROYPPBSMRXVELJTFDYKVMVXFLNFHMCOXVXLJKZVISHBBFOCNQUKTQBIWQSDBWLZOIXJOXKVE      *\r\n* CDFTWAXKRQSS                                                                                         *\r\n* HTOOSSVTLGINSHFOQGYGRNXDDURGQEUHWOQPAJRDIJQXXGETRWBKTMDTWKLYAPCHLAQEQPNGOVXHWAG                      *\r\n* QXOTDKNJLXTPYSCTGJLWPZDBJUWYOVWVDOHDBJEBMHSSWXIVSEBNOKGQTMKIOPVPBXLJLYRXFKJIHLFLMAGKTJH              *\r\n* IRJOYVNXLDRZLZKTMEHDAYJIHZWNJKVRPRBTPDYJXMWDTGZMPMYPBDTJIBHYZZOBHZJTYREIFYGOB                        *\r\n* OBAJYWMGQLYRLNVAKXXVWU                                                                               *\r\n* FOYHPJDXFICMGYQBROBIXVHFQNFNJQFJUEUUZOXWNOSIJBOBUVFHVLYJHTQBEPNOCSRBDVCDREVJCYWPYDTNLYO              *\r\n* GKNGXVRYBEFQJNXZTCPQPPHIWBDAVZDEEHVSHV                                                               *\r\n* WMXIYSFFLGUUIJYTRDEJ                                                                                 *\r\n* RRCBBBLBRERXXTDSHJQQVSUBFUVGOEPCMIEVUGWRUDTBCWLQUBJUOSAZWBVHGFNNPPLOOHYAMYWSYTYJIFLNUUN              *\r\n* IEYTKPLOPGLNKXBMCJIQVIBDCMYBUASVBRGJJEPWNICRILYLDYKKMXXZDUQYRJUPOQLSQRDXULCN                         *\r\n* KVQNNXVQHIEUHGOOQFDNMDRAFU                                                                           *\r\n* VMQBUJSSZAKDMZYGHGYJKPJDFYATGDQISLAEQHJKOOONGBR                                                      *\r\n* NWKUHLBFCNVWJYMVJCLAZUPZWOVWAWXEGMGJTVBHKUBDMNAPBTDEQRO                                              *\r\n* HKXSPFFGQQPXSCCOBDQESLNINFUHSSNPXMCIXIREOVNVYDWZQPDMAJAVXPEKKYOXDZZFZUQSML                           *\r\n* XYRKJJUQCPBPNMHKIDHUPHQSZEQAVZKAOTDWFEVAPIMHCJMTRJHOERAPIZLFSUUC                                     *\r\n* AATJKEDIGEHVIQPSXILSV                                                                                *\r\n* XSNOGTPHVNJCBJSJHFDGXMTUZJVNVMIKJECBWVYKTYJULGOFZNBGPPXLZSPXXBMIEZSWGQNLGTNZCZISUQNH                 *\r\n* BUTHQCDGBMRMAPMNSYJAPAVCYJZKWCHOEYCEYPQOJE                                                           *\r\n* GVMBKWECREHUBZRIHCTJY                                                                                *\r\n* DHCMHPCIUQLVPGLIPNR                                                                                  *\r\n* P                                                                                                    *\r\n* XDBFGGIMQUGCSEYXOPZJJQJGJLWYMFSYOTKZL                                                                *\r\n* IWZIAQOMN                                                                                            *\r\n* JSZCAGZHTUVVJKALCINYUYMMHDJB                                                                         *\r\n* TSXYPOTFPXHUDFQGNMPIPNGZOMKGNUWXXQACYXUVGFMKFERTVFURTTBFMXJDDNS                                      *\r\n* BKWMFOIPRUCJBVTJVRLHAFDEPVQANRRSMRJVIFNGXEZZRREQEZIMCLUVGRWKYHCADJXJMXBQDEJWFEMYQ                    *\r\n* WNJFQAXNPQIDIQBZWITUEGYRIYCXQCFYTYLORXTWLYIKHAVTUGHEEWVPORWSYZXMLJJKENHYOXIFXOKHCIDJUATXCVZABBXMAWZY *\r\n* LOHYJPHNPSAHOPQWOSKPMHJNHXNZWEBPMRQUVKLKMKMCZTMLHPMDOIEDEURMCIQL                                     *\r\n* KVXYVADGADCUGNOKBRHSXBDNNPBTZIDTBMOYPMMOJXOEBIYGCBARJTTJRJLGZKHRZI                                   *\r\n* UYQVOFSJANZLEQVQYHMKISFGFBFPYPWETPDHMFLMRJSWRYGPDUJKNYKBTJQNZCKKQUSPMNDSVAS                          *\r\n* ZIPGUPLEGLRVECNCOYMPZHFWGRCQQQONFMCLUKSJQGEEDWKKZBDXNDZRCSACMVOPXDPRZCIEFCYTDATJGSRPMQZCNKICJPX      *\r\n* SPHAHSLWSZSKEFOCZQWUEYCGDNEPUFUPFDAOTTCNHUWNYOXHWFDTTCQTMAWUOVBNEDFBFAIFOINJCPIOQ                    *\r\n* TOCBVCMHBTWIZLSJIVJWCVWXELPHQXRHEQCNKDHDOXYPJGICRTGNFTVXRFWKNFREBPDIIFYFNGHEWGOYCMQWQDBKVFV          *\r\n* GXPIGUOTCZTLVAAZLQAKR                                                                                *\r\n* HAPUNXNTNDJTZQQZYCSUVCTEBQDCYFEKOIPPTMGQGIMQBCBKIMSYSWCEHKSXTKVIZZEQAAFMWBOMQCCZOTULMGSRFLIITI       *\r\n* VNERCXKJHGFBQIQOEHTJAQJVTGNLPSXSNESZLLACDJMFHEBIPWEAAZWEEJYVJZUPJNNMQQCSHQFQEEOOEEVSNWSOI            *\r\n* UCNESDPWVTQPSYTMTJTFAAUJQFEBCMUZDCWZEDXCBIIUXPLWYBDIV                                                *\r\n* NUHENNZNTIY                                                                                          *\r\n* LPCTHPLRDRSALBTHCBJMEBPBRAPKCOOZVGDVUFTNWDZVCHSLTSKSZMNKAABHAAOOCSEF                                 *\r\n* YMXHVQACTZKHDRKEWZJSSVUDMNVOKSJCNNVFMLDWMIGARZWJEKGTVMFCSUUIULRBQHUQWFRKVMFJOTLNRMKZMPGAHSMRQV       *\r\n* BQFKKFF                                                                                              *\r\n* YSVXJGWOZJHQIBSPAAUIESZTZLESIJBILZLGQSXTLDNIJETZY                                                    *\r\n* JJKXIFSBXXCDFPHZFIPLYICAWAFQKVREUSZRXNRGOOUZRIYXBKZKKMRAGKAHABR                                      *\r\n* GXJMPPCRQJX                                                                                          *\r\n* OCJOCIPZVGUHBZLMNKFMWRTUZLHLIIUBPGMDBLESM                                                            *\r\n* HZDBLQEPEGDLNWJOPQAERNMSRUMHLBFNZFKURXAQGTEOXESPUMWNRHZUMKKQDXDCAQLI                                 *\r\n* OXSQKXYJYVNCXMZFRVRFQIGNKMJPBNHSKDGODXHKBLNPWOG                                                      *\r\n* EXIUTCVGQFGXNIHKNVRTGLBUOHEFURQVGYLEFMZHIA                                                           *\r\n* YQKWSDCBBWNESVNGMYQLZOKQPXCFAVJLFNCDDKLBRPPZSUSIRGMISOYKGTHUAXBFMCYFTJCBMOTJYLYVEUNTJASRPS           *\r\n* KDQBUOKMQVNPIELWDUOLVVMQGKHWMJHPBMRYVNZUOYHZRFFPXEPWAGBOQAUKHOAHOYNVMMAQVUXWNMYBESYHUKOUL            *\r\n* HVSONAYALTRJC                                                                                        *\r\n* EYAGJFADBTFPPSMDJTKJFFYGGWXNBFJVPNCVJHLFCD                                                           *\r\n* YJXKFNIJYZTFZAUZMHNCWKKABQRTBHEGBLZXJMRZSWLVVIDVPHZYPBXOZXIPWPHQUMDNBXQAPNK                          *\r\n* YOETMVDTHGRAOKYLDBDDOUAIEPTSRZIBQXQKSPDALNIOUDZQYEXOJGLDOWPXCKCIYQJQUOTNYCRAMLNAPCTMCURKLMVWAFYALAQE *\r\n* JWKLJPHOLRCIOHZRQGEYZEHSXNSERPMVIGGFIASEKVAVTNLYYJUTMGUEPSOVWCXWEGZIBTIPNZNDEL                       *\r\n* JCUFHUSJCLCQQMXHIYEQMNDWFBFGMTRZETETCWPBMXXWYDRCQRFEZUNWYXAGOMWJUCMXIDFLICEOPGXCJCPUNMAJFHUEWJNAAO   *\r\n* WRUUNMTWX                                                                                            *\r\n********************************************************************************************************\r\n&quot;)" fullname="Open_Lab_04._14.Tests.TestWithRandom([&quot;FQOUWBIUYDAPOROWWGHVUZABJVIRACJCSNHIZZTZTHJHRIKIWQBMNWXFPNLBSRUWTYWAKGWW&quot;, &quot;IBNQSKAKAUJAWOWPBSLOSGBNMNSLKYPUFZFUKPXDKQSWKWXKALI&quot;, &quot;KHUBZZDERPABFPVXIBELVIDBOFCQQILZQBJXFDULMSLVQQRVAZBYGWT&quot;, &quot;ESNUXMNJ&quot;, &quot;BLDFYSEGTZCXI&quot;, ...],&quot;********************************************************************************************************\r\n* FQOUWBIUYDAPOROWWGHVUZABJVIRACJCSNHIZZTZTHJHRIKIWQBMNWXFPNLBSRUWTYWAKGWW                             *\r\n* IBNQSKAKAUJAWOWPBSLOSGBNMNSLKYPUFZFUKPXDKQSWKWXKALI                                                  *\r\n* KHUBZZDERPABFPVXIBELVIDBOFCQQILZQBJXFDULMSLVQQRVAZBYGWT                                              *\r\n* ESNUXMNJ                                                                                             *\r\n* BLDFYSEGTZCXI                                                                                        *\r\n* XNHPRHNSTIHTMQAOZECSPEOPCHWRNWQEVHQHPWWBPISUY                                                        *\r\n* FOGEAXUQWSYRNJLWEWRC                                                                                 *\r\n* FASYCIBCGMTRXCHKIWTKFKXIYJNQTEVDVHAONGXPTNPGFZPHDLVAYSSUCKATUKICRQWQCSXCZDRRVRCYTGMIIUEDPFL          *\r\n* GDUIENOPDZFKO                                                                                        *\r\n* AVAAZLHBAOYATWLTAWHUWVIIMHCNUTACUPTJCOFAVECFKETSDKZIDTWEMSORIUGHNWGECCRMQG                           *\r\n* SSDYIOKJKUSYASOXKAOSBXVROYPPBSMRXVELJTFDYKVMVXFLNFHMCOXVXLJKZVISHBBFOCNQUKTQBIWQSDBWLZOIXJOXKVE      *\r\n* CDFTWAXKRQSS                                                                                         *\r\n* HTOOSSVTLGINSHFOQGYGRNXDDURGQEUHWOQPAJRDIJQXXGETRWBKTMDTWKLYAPCHLAQEQPNGOVXHWAG                      *\r\n* QXOTDKNJLXTPYSCTGJLWPZDBJUWYOVWVDOHDBJEBMHSSWXIVSEBNOKGQTMKIOPVPBXLJLYRXFKJIHLFLMAGKTJH              *\r\n* IRJOYVNXLDRZLZKTMEHDAYJIHZWNJKVRPRBTPDYJXMWDTGZMPMYPBDTJIBHYZZOBHZJTYREIFYGOB                        *\r\n* OBAJYWMGQLYRLNVAKXXVWU                                                                               *\r\n* FOYHPJDXFICMGYQBROBIXVHFQNFNJQFJUEUUZOXWNOSIJBOBUVFHVLYJHTQBEPNOCSRBDVCDREVJCYWPYDTNLYO              *\r\n* GKNGXVRYBEFQJNXZTCPQPPHIWBDAVZDEEHVSHV                                                               *\r\n* WMXIYSFFLGUUIJYTRDEJ                                                                                 *\r\n* RRCBBBLBRERXXTDSHJQQVSUBFUVGOEPCMIEVUGWRUDTBCWLQUBJUOSAZWBVHGFNNPPLOOHYAMYWSYTYJIFLNUUN              *\r\n* IEYTKPLOPGLNKXBMCJIQVIBDCMYBUASVBRGJJEPWNICRILYLDYKKMXXZDUQYRJUPOQLSQRDXULCN                         *\r\n* KVQNNXVQHIEUHGOOQFDNMDRAFU                                                                           *\r\n* VMQBUJSSZAKDMZYGHGYJKPJDFYATGDQISLAEQHJKOOONGBR                                                      *\r\n* NWKUHLBFCNVWJYMVJCLAZUPZWOVWAWXEGMGJTVBHKUBDMNAPBTDEQRO                                              *\r\n* HKXSPFFGQQPXSCCOBDQESLNINFUHSSNPXMCIXIREOVNVYDWZQPDMAJAVXPEKKYOXDZZFZUQSML                           *\r\n* XYRKJJUQCPBPNMHKIDHUPHQSZEQAVZKAOTDWFEVAPIMHCJMTRJHOERAPIZLFSUUC                                     *\r\n* AATJKEDIGEHVIQPSXILSV                                                                                *\r\n* XSNOGTPHVNJCBJSJHFDGXMTUZJVNVMIKJECBWVYKTYJULGOFZNBGPPXLZSPXXBMIEZSWGQNLGTNZCZISUQNH                 *\r\n* BUTHQCDGBMRMAPMNSYJAPAVCYJZKWCHOEYCEYPQOJE                                                           *\r\n* GVMBKWECREHUBZRIHCTJY                                                                                *\r\n* DHCMHPCIUQLVPGLIPNR                                                                                  *\r\n* P                                                                                                    *\r\n* XDBFGGIMQUGCSEYXOPZJJQJGJLWYMFSYOTKZL                                                                *\r\n* IWZIAQOMN                                                                                            *\r\n* JSZCAGZHTUVVJKALCINYUYMMHDJB                                                                         *\r\n* TSXYPOTFPXHUDFQGNMPIPNGZOMKGNUWXXQACYXUVGFMKFERTVFURTTBFMXJDDNS                                      *\r\n* BKWMFOIPRUCJBVTJVRLHAFDEPVQANRRSMRJVIFNGXEZZRREQEZIMCLUVGRWKYHCADJXJMXBQDEJWFEMYQ                    *\r\n* WNJFQAXNPQIDIQBZWITUEGYRIYCXQCFYTYLORXTWLYIKHAVTUGHEEWVPORWSYZXMLJJKENHYOXIFXOKHCIDJUATXCVZABBXMAWZY *\r\n* LOHYJPHNPSAHOPQWOSKPMHJNHXNZWEBPMRQUVKLKMKMCZTMLHPMDOIEDEURMCIQL                                     *\r\n* KVXYVADGADCUGNOKBRHSXBDNNPBTZIDTBMOYPMMOJXOEBIYGCBARJTTJRJLGZKHRZI                                   *\r\n* UYQVOFSJANZLEQVQYHMKISFGFBFPYPWETPDHMFLMRJSWRYGPDUJKNYKBTJQNZCKKQUSPMNDSVAS                          *\r\n* ZIPGUPLEGLRVECNCOYMPZHFWGRCQQQONFMCLUKSJQGEEDWKKZBDXNDZRCSACMVOPXDPRZCIEFCYTDATJGSRPMQZCNKICJPX      *\r\n* SPHAHSLWSZSKEFOCZQWUEYCGDNEPUFUPFDAOTTCNHUWNYOXHWFDTTCQTMAWUOVBNEDFBFAIFOINJCPIOQ                    *\r\n* TOCBVCMHBTWIZLSJIVJWCVWXELPHQXRHEQCNKDHDOXYPJGICRTGNFTVXRFWKNFREBPDIIFYFNGHEWGOYCMQWQDBKVFV          *\r\n* GXPIGUOTCZTLVAAZLQAKR                                                                                *\r\n* HAPUNXNTNDJTZQQZYCSUVCTEBQDCYFEKOIPPTMGQGIMQBCBKIMSYSWCEHKSXTKVIZZEQAAFMWBOMQCCZOTULMGSRFLIITI       *\r\n* VNERCXKJHGFBQIQOEHTJAQJVTGNLPSXSNESZLLACDJMFHEBIPWEAAZWEEJYVJZUPJNNMQQCSHQFQEEOOEEVSNWSOI            *\r\n* UCNESDPWVTQPSYTMTJTFAAUJQFEBCMUZDCWZEDXCBIIUXPLWYBDIV                                                *\r\n* NUHENNZNTIY                                                                                          *\r\n* LPCTHPLRDRSALBTHCBJMEBPBRAPKCOOZVGDVUFTNWDZVCHSLTSKSZMNKAABHAAOOCSEF                                 *\r\n* YMXHVQACTZKHDRKEWZJSSVUDMNVOKSJCNNVFMLDWMIGARZWJEKGTVMFCSUUIULRBQHUQWFRKVMFJOTLNRMKZMPGAHSMRQV       *\r\n* BQFKKFF                                                                                              *\r\n* YSVXJGWOZJHQIBSPAAUIESZTZLESIJBILZLGQSXTLDNIJETZY                                                    *\r\n* JJKXIFSBXXCDFPHZFIPLYICAWAFQKVREUSZRXNRGOOUZRIYXBKZKKMRAGKAHABR                                      *\r\n* GXJMPPCRQJX                                                                                          *\r\n* OCJOCIPZVGUHBZLMNKFMWRTUZLHLIIUBPGMDBLESM                                                            *\r\n* HZDBLQEPEGDLNWJOPQAERNMSRUMHLBFNZFKURXAQGTEOXESPUMWNRHZUMKKQDXDCAQLI                                 *\r\n* OXSQKXYJYVNCXMZFRVRFQIGNKMJPBNHSKDGODXHKBLNPWOG                                                      *\r\n* EXIUTCVGQFGXNIHKNVRTGLBUOHEFURQVGYLEFMZHIA                                                           *\r\n* YQKWSDCBBWNESVNGMYQLZOKQPXCFAVJLFNCDDKLBRPPZSUSIRGMISOYKGTHUAXBFMCYFTJCBMOTJYLYVEUNTJASRPS           *\r\n* KDQBUOKMQVNPIELWDUOLVVMQGKHWMJHPBMRYVNZUOYHZRFFPXEPWAGBOQAUKHOAHOYNVMMAQVUXWNMYBESYHUKOUL            *\r\n* HVSONAYALTRJC                                                                                        *\r\n* EYAGJFADBTFPPSMDJTKJFFYGGWXNBFJVPNCVJHLFCD                                                           *\r\n* YJXKFNIJYZTFZAUZMHNCWKKABQRTBHEGBLZXJMRZSWLVVIDVPHZYPBXOZXIPWPHQUMDNBXQAPNK                          *\r\n* YOETMVDTHGRAOKYLDBDDOUAIEPTSRZIBQXQKSPDALNIOUDZQYEXOJGLDOWPXCKCIYQJQUOTNYCRAMLNAPCTMCURKLMVWAFYALAQE *\r\n* JWKLJPHOLRCIOHZRQGEYZEHSXNSERPMVIGGFIASEKVAVTNLYYJUTMGUEPSOVWCXWEGZIBTIPNZNDEL                       *\r\n* JCUFHUSJCLCQQMXHIYEQMNDWFBFGMTRZETETCWPBMXXWYDRCQRFEZUNWYXAGOMWJUCMXIDFLICEOPGXCJCPUNMAJFHUEWJNAAO   *\r\n* WRUUNMTWX                                                                                            *\r\n********************************************************************************************************\r\n&quot;)" methodname="TestWithRandom" classname="Open_Lab_04._14.Tests" runstate="Runnable" seed="283724362" result="Passed" start-time="2021-12-27 14:18:11Z" end-time="2021-12-27 14:18:11Z" duration="0.022806" asserts="7353" />
            <test-case id="1036" name="TestWithRandom([&quot;GRZYWLWBVHCCRAIAPYPDNBEBLPICIUQDTHBCEYNBEZTUTOCTELEYHMLENYMHDTTARZJKZFWQLOZOIJHWMOYXQSVGVWPGLGYK&quot;, &quot;SDUFSUYPNMSMWWDQQVOVWKZD&quot;, &quot;OCQPFFQPIQ&quot;, &quot;NRTUZHCFDUZAMQVLKPKHEQCD&quot;, &quot;IAIHCXOGXDZBTVOHUAIPCEZKUGZYIBWOQBRHUXAXLTONVJQUVAKQUOPEBXNWXPXVGKLSDHM&quot;, ...],&quot;******************************************************************************************************\r\n* GRZYWLWBVHCCRAIAPYPDNBEBLPICIUQDTHBCEYNBEZTUTOCTELEYHMLENYMHDTTARZJKZFWQLOZOIJHWMOYXQSVGVWPGLGYK   *\r\n* SDUFSUYPNMSMWWDQQVOVWKZD                                                                           *\r\n* OCQPFFQPIQ                                                                                         *\r\n* NRTUZHCFDUZAMQVLKPKHEQCD                                                                           *\r\n* IAIHCXOGXDZBTVOHUAIPCEZKUGZYIBWOQBRHUXAXLTONVJQUVAKQUOPEBXNWXPXVGKLSDHM                            *\r\n* AKEIPLOKPFCHRGTBMNGWJDZVWTGKYYQONNPJKHPPJDGRNPDZRJFQBPMWLJMVEDLRPOUEQKQFXQNGXHHGQHTOSZNX           *\r\n* TYB                                                                                                *\r\n* TKFSPCYVZIGTASKCGYDBGFXJWZPBWDXLPKEGHOIFJKQYMVRGCVUUVAOONWVPNXZVLVDQOEVSQYRVOYXA                   *\r\n* IYAJCQOVPTLSSRMKUNRRASYZBDXISZOY                                                                   *\r\n* HFYYMIFPVYLJAYGFLTLFIHQAAIYSFCQEMXLMOLIEMCFTNQBFQDHFDTLAPYXEKMJSIGXCMURZLHTGBWMK                   *\r\n* SBCUKBSLLWPOETASNKGSZTWMIU                                                                         *\r\n* AFYSLNXRKHXYFEQBXBLGNTNOMGSHZFQLPFSGMDEAHCPLPMBOIRYKXOIHRKGFUQSEQLIZLJOTWKZKDBYZEDYHH              *\r\n* OBWLOCXZGRJLVDECCZDEON                                                                             *\r\n* XEQLGARRKXLXGCAULWWEIASGUVCBZDDRAMYGYQQYPZZNJGXZBERHRJHWLJR                                        *\r\n* YPSGUUXUDTWVFYOIBEWOYDAVMVAQFCVPZFAZHSTPICVH                                                       *\r\n* WBTUYVHMCMVOWUYTGPBYHVAXPAJKHFWH                                                                   *\r\n* NPTGWGHNCXSFKKXVVCMTIAABVFXLXFWQNVJFFMKJULEYISEQMPLDJOKMOSLQIVQXABROASPIS                          *\r\n* ZXWCTDAHZHTTH                                                                                      *\r\n* LXQNBTAZVHYGAPPTZDKGPNPMZIPBWIDGUSDDCCHZCZCOEMCLSFHQJBJYHENSDZCMDRMHMMRXVLDPKAHMFEJRANXSIEVXOOWCX  *\r\n* LMZVYFNKUYXUNHWBNYQLLPUTYHRUIHOARVPVMKFDDQTYUOQNBNAXMLEVRGWRO                                      *\r\n* CMJXCSRAOCTNHVWVYKRDSVGROFQTDGNOOKNGPXLXWAYYEZDJYVHMZLBHFSIWCXXIOEYXHPGBZTH                        *\r\n* WIMOCHUHZBODJGBWOOVYDQJZBFCIPFMGDJKWFUUVDPINQUOAOJMLXIOFZMNWELSTOHZZV                              *\r\n* RUTAVNIWJGRBUFTB                                                                                   *\r\n* UVFXSGYQRXOYIUOEKSRRWNAXDDGFCRMAMYFE                                                               *\r\n* GYOUKEQTXBMCXJNBKMHUHUPZTNZKOLJPKNETDWLJJEFBUCFIZYCLXKJLJOBXEGFMS                                  *\r\n* RJFUYNAXLDPNFQHQLQIXRAESKPVOEDYSJWKWCEZPLAZFWVIKQNUODVGRENKJRMSHEWEJFKOGQTMQAZVOHLYQJKOOQS         *\r\n* PUQXYHRBAQZEFZNYKIPRFRVCGOBYUHQSMSYLZVNJJYUXHGSQVLEFBBNYZORKFTGSAGSMBBY                            *\r\n* VGHGWYUAVKCIDLQKFZMLDDDQRCXAOGPTNOKVUGBAURPUQYPPPHHBOMLRCRPU                                       *\r\n* TLPVJ                                                                                              *\r\n* OBVQZYLQMOIZTMHLHZNEADSSCQGZBFZYHDBNUQHDDWYDURWITIEPIETLJDNIRMPHOJSPLUQQRJBEEOYL                   *\r\n* YGTAKQCJPERCZMQGRPKYGWZROYYCPGUECOSFWGETPFVPZNSXKXNZNMNCHBMLRAUJKMALTLKKLRIAAKR                    *\r\n* GBRR                                                                                               *\r\n* VQPAQYUUSBPLMENMHDZNCNWDMBXKLFQICPOVKKDNPQSPTPOFDNZXSDQHUMNPBKJNKGIWPSCWAMY                        *\r\n* VGKXMRGXFTQZYHAYWOMFGEEMGRPLLCWGFEMNCQCJDLIRQJYIR                                                  *\r\n* ZMASFQBXQVCUL                                                                                      *\r\n* WJUUVNWGMDB                                                                                        *\r\n* WNWXTHUIDKGMYVMEAGGIAFUGPDMEGTAXQKTOBSBVADZMDHVZBSFFWSVRSPIPUQCJJJVNBXDHEKIWFIDHH                  *\r\n* DONVAXPCVLJMBKAQCULIXDOYALKYLKMBIGNNVOIYYZBRYSJYVPF                                                *\r\n* WZPZAPUONRQLZIDUXNUOMNJYCWZHBLCVF                                                                  *\r\n* EIRNNFUTKGIQSQ                                                                                     *\r\n* PBIUQWJPRXDQMMBPVFWDVCJZOTSCDPMDJTMKTBOHVTAPJPHGIRNKWMTMS                                          *\r\n* FWDGMBLZGTARWTROICCTPZMLTMBBHXZASJVRD                                                              *\r\n* GYEKJOGRUTSHDRKYUGKRMZAJSITAZMYZLTVDPFPXFCRHJATIPTPOHLBGY                                          *\r\n* RAVGRIVTVKVGJORNMKISARPKKGWKSASOFUNPBZLIMPEJNJKBXTYRYFUALKWLLKBVRGAPBCLNYZFLNFXAV                  *\r\n* NYBAQAZNDRDAWCNIRGJVAVILSZZJMFNVPQXDURQZPNYUKYCDXEORRAVRQPIRAQAYDHKGEKOAPJFMWNBUWVL                *\r\n* QVEOVFMEJZYYMZQCNWZMQOCHVIVCOO                                                                     *\r\n* FETHHDWLZXJQPKHZWXYGAWZRCTWTMKKQVFTTTSIYRLZOHXMWNJYFPHUIFCFNHDYONTVKRNGEOZPPWKJE                   *\r\n* ZFDMEANKLNRMURNMLBNBBFACTRQSE                                                                      *\r\n* VSAGHXVCITIZFZOSTIBCLIWDFTEATNJVFZSZMOKPRISUT                                                      *\r\n* ABOAXIQCA                                                                                          *\r\n* WXAOTUJUJMTGHPFEXLLCPBJDTDMSPBEDZECPNWWWZYKHIUTYVTK                                                *\r\n* QXXUNXUQIRFHHPGCMQQ                                                                                *\r\n* PODRQCV                                                                                            *\r\n* JNWWRZMCHIBQBGOHSDZSNRLECIPCTFDLCVGUUIPHCEVEPAAIAVYNCCLRBSUJKKIBEPOGZTNKNRPJWHOCIGBYHQIZJOTBOGXSVT *\r\n* ALUJHHOZLNBVUERBDIJUOGPWKALWHUXOCIOQOXUQSQXLHTYXWFTJLZKTWXYHWSSRQNSMPBNGOTBYJDORBOZBANCDXVUQZNUAXF *\r\n* TBMHVSNUSXMJSIHGHSRRCLOOUGWHAYAADIVQOHEJNTJFKMCISHNIGOTHMYNOWFUUWLFKNQRAOIDJCIDIEOP                *\r\n* LSUPONDQTPNHZPIZGRUBPMTYKJFDUEKHQAIERQVZMBGYVWKNAEBMTNDYZVEEIAWPFFQYGEHQWVO                        *\r\n* GUDOZSDPDXOCWJFVLQRMFRTPGLGVXKQYZPSESPFPXGLHRNBXZLEFDBI                                            *\r\n* BNINMIRSGQDGQADWLCOYFMYSKIVLGLUXHDDEHRDPOSABKUGYIIUBNKJOP                                          *\r\n* DDMGMVVFZMXYOTYZJMLXIPCWCXQSKXUOPSOACIGEFEUTAKTACNAWCSHOAQDO                                       *\r\n* CUCSJIWFYXBGHRDUJVSD                                                                               *\r\n* QXWYLXLZZLERZCJSBRBXVEPYPVADTRVKLOMXGTYLLFZLWOHOTCIERGUMHXIPXH                                     *\r\n* IQTGKQMLHSPMPEECAOLJRIQT                                                                           *\r\n******************************************************************************************************\r\n&quot;)" fullname="Open_Lab_04._14.Tests.TestWithRandom([&quot;GRZYWLWBVHCCRAIAPYPDNBEBLPICIUQDTHBCEYNBEZTUTOCTELEYHMLENYMHDTTARZJKZFWQLOZOIJHWMOYXQSVGVWPGLGYK&quot;, &quot;SDUFSUYPNMSMWWDQQVOVWKZD&quot;, &quot;OCQPFFQPIQ&quot;, &quot;NRTUZHCFDUZAMQVLKPKHEQCD&quot;, &quot;IAIHCXOGXDZBTVOHUAIPCEZKUGZYIBWOQBRHUXAXLTONVJQUVAKQUOPEBXNWXPXVGKLSDHM&quot;, ...],&quot;******************************************************************************************************\r\n* GRZYWLWBVHCCRAIAPYPDNBEBLPICIUQDTHBCEYNBEZTUTOCTELEYHMLENYMHDTTARZJKZFWQLOZOIJHWMOYXQSVGVWPGLGYK   *\r\n* SDUFSUYPNMSMWWDQQVOVWKZD                                                                           *\r\n* OCQPFFQPIQ                                                                                         *\r\n* NRTUZHCFDUZAMQVLKPKHEQCD                                                                           *\r\n* IAIHCXOGXDZBTVOHUAIPCEZKUGZYIBWOQBRHUXAXLTONVJQUVAKQUOPEBXNWXPXVGKLSDHM                            *\r\n* AKEIPLOKPFCHRGTBMNGWJDZVWTGKYYQONNPJKHPPJDGRNPDZRJFQBPMWLJMVEDLRPOUEQKQFXQNGXHHGQHTOSZNX           *\r\n* TYB                                                                                                *\r\n* TKFSPCYVZIGTASKCGYDBGFXJWZPBWDXLPKEGHOIFJKQYMVRGCVUUVAOONWVPNXZVLVDQOEVSQYRVOYXA                   *\r\n* IYAJCQOVPTLSSRMKUNRRASYZBDXISZOY                                                                   *\r\n* HFYYMIFPVYLJAYGFLTLFIHQAAIYSFCQEMXLMOLIEMCFTNQBFQDHFDTLAPYXEKMJSIGXCMURZLHTGBWMK                   *\r\n* SBCUKBSLLWPOETASNKGSZTWMIU                                                                         *\r\n* AFYSLNXRKHXYFEQBXBLGNTNOMGSHZFQLPFSGMDEAHCPLPMBOIRYKXOIHRKGFUQSEQLIZLJOTWKZKDBYZEDYHH              *\r\n* OBWLOCXZGRJLVDECCZDEON                                                                             *\r\n* XEQLGARRKXLXGCAULWWEIASGUVCBZDDRAMYGYQQYPZZNJGXZBERHRJHWLJR                                        *\r\n* YPSGUUXUDTWVFYOIBEWOYDAVMVAQFCVPZFAZHSTPICVH                                                       *\r\n* WBTUYVHMCMVOWUYTGPBYHVAXPAJKHFWH                                                                   *\r\n* NPTGWGHNCXSFKKXVVCMTIAABVFXLXFWQNVJFFMKJULEYISEQMPLDJOKMOSLQIVQXABROASPIS                          *\r\n* ZXWCTDAHZHTTH                                                                                      *\r\n* LXQNBTAZVHYGAPPTZDKGPNPMZIPBWIDGUSDDCCHZCZCOEMCLSFHQJBJYHENSDZCMDRMHMMRXVLDPKAHMFEJRANXSIEVXOOWCX  *\r\n* LMZVYFNKUYXUNHWBNYQLLPUTYHRUIHOARVPVMKFDDQTYUOQNBNAXMLEVRGWRO                                      *\r\n* CMJXCSRAOCTNHVWVYKRDSVGROFQTDGNOOKNGPXLXWAYYEZDJYVHMZLBHFSIWCXXIOEYXHPGBZTH                        *\r\n* WIMOCHUHZBODJGBWOOVYDQJZBFCIPFMGDJKWFUUVDPINQUOAOJMLXIOFZMNWELSTOHZZV                              *\r\n* RUTAVNIWJGRBUFTB                                                                                   *\r\n* UVFXSGYQRXOYIUOEKSRRWNAXDDGFCRMAMYFE                                                               *\r\n* GYOUKEQTXBMCXJNBKMHUHUPZTNZKOLJPKNETDWLJJEFBUCFIZYCLXKJLJOBXEGFMS                                  *\r\n* RJFUYNAXLDPNFQHQLQIXRAESKPVOEDYSJWKWCEZPLAZFWVIKQNUODVGRENKJRMSHEWEJFKOGQTMQAZVOHLYQJKOOQS         *\r\n* PUQXYHRBAQZEFZNYKIPRFRVCGOBYUHQSMSYLZVNJJYUXHGSQVLEFBBNYZORKFTGSAGSMBBY                            *\r\n* VGHGWYUAVKCIDLQKFZMLDDDQRCXAOGPTNOKVUGBAURPUQYPPPHHBOMLRCRPU                                       *\r\n* TLPVJ                                                                                              *\r\n* OBVQZYLQMOIZTMHLHZNEADSSCQGZBFZYHDBNUQHDDWYDURWITIEPIETLJDNIRMPHOJSPLUQQRJBEEOYL                   *\r\n* YGTAKQCJPERCZMQGRPKYGWZROYYCPGUECOSFWGETPFVPZNSXKXNZNMNCHBMLRAUJKMALTLKKLRIAAKR                    *\r\n* GBRR                                                                                               *\r\n* VQPAQYUUSBPLMENMHDZNCNWDMBXKLFQICPOVKKDNPQSPTPOFDNZXSDQHUMNPBKJNKGIWPSCWAMY                        *\r\n* VGKXMRGXFTQZYHAYWOMFGEEMGRPLLCWGFEMNCQCJDLIRQJYIR                                                  *\r\n* ZMASFQBXQVCUL                                                                                      *\r\n* WJUUVNWGMDB                                                                                        *\r\n* WNWXTHUIDKGMYVMEAGGIAFUGPDMEGTAXQKTOBSBVADZMDHVZBSFFWSVRSPIPUQCJJJVNBXDHEKIWFIDHH                  *\r\n* DONVAXPCVLJMBKAQCULIXDOYALKYLKMBIGNNVOIYYZBRYSJYVPF                                                *\r\n* WZPZAPUONRQLZIDUXNUOMNJYCWZHBLCVF                                                                  *\r\n* EIRNNFUTKGIQSQ                                                                                     *\r\n* PBIUQWJPRXDQMMBPVFWDVCJZOTSCDPMDJTMKTBOHVTAPJPHGIRNKWMTMS                                          *\r\n* FWDGMBLZGTARWTROICCTPZMLTMBBHXZASJVRD                                                              *\r\n* GYEKJOGRUTSHDRKYUGKRMZAJSITAZMYZLTVDPFPXFCRHJATIPTPOHLBGY                                          *\r\n* RAVGRIVTVKVGJORNMKISARPKKGWKSASOFUNPBZLIMPEJNJKBXTYRYFUALKWLLKBVRGAPBCLNYZFLNFXAV                  *\r\n* NYBAQAZNDRDAWCNIRGJVAVILSZZJMFNVPQXDURQZPNYUKYCDXEORRAVRQPIRAQAYDHKGEKOAPJFMWNBUWVL                *\r\n* QVEOVFMEJZYYMZQCNWZMQOCHVIVCOO                                                                     *\r\n* FETHHDWLZXJQPKHZWXYGAWZRCTWTMKKQVFTTTSIYRLZOHXMWNJYFPHUIFCFNHDYONTVKRNGEOZPPWKJE                   *\r\n* ZFDMEANKLNRMURNMLBNBBFACTRQSE                                                                      *\r\n* VSAGHXVCITIZFZOSTIBCLIWDFTEATNJVFZSZMOKPRISUT                                                      *\r\n* ABOAXIQCA                                                                                          *\r\n* WXAOTUJUJMTGHPFEXLLCPBJDTDMSPBEDZECPNWWWZYKHIUTYVTK                                                *\r\n* QXXUNXUQIRFHHPGCMQQ                                                                                *\r\n* PODRQCV                                                                                            *\r\n* JNWWRZMCHIBQBGOHSDZSNRLECIPCTFDLCVGUUIPHCEVEPAAIAVYNCCLRBSUJKKIBEPOGZTNKNRPJWHOCIGBYHQIZJOTBOGXSVT *\r\n* ALUJHHOZLNBVUERBDIJUOGPWKALWHUXOCIOQOXUQSQXLHTYXWFTJLZKTWXYHWSSRQNSMPBNGOTBYJDORBOZBANCDXVUQZNUAXF *\r\n* TBMHVSNUSXMJSIHGHSRRCLOOUGWHAYAADIVQOHEJNTJFKMCISHNIGOTHMYNOWFUUWLFKNQRAOIDJCIDIEOP                *\r\n* LSUPONDQTPNHZPIZGRUBPMTYKJFDUEKHQAIERQVZMBGYVWKNAEBMTNDYZVEEIAWPFFQYGEHQWVO                        *\r\n* GUDOZSDPDXOCWJFVLQRMFRTPGLGVXKQYZPSESPFPXGLHRNBXZLEFDBI                                            *\r\n* BNINMIRSGQDGQADWLCOYFMYSKIVLGLUXHDDEHRDPOSABKUGYIIUBNKJOP                                          *\r\n* DDMGMVVFZMXYOTYZJMLXIPCWCXQSKXUOPSOACIGEFEUTAKTACNAWCSHOAQDO                                       *\r\n* CUCSJIWFYXBGHRDUJVSD                                                                               *\r\n* QXWYLXLZZLERZCJSBRBXVEPYPVADTRVKLOMXGTYLLFZLWOHOTCIERGUMHXIPXH                                     *\r\n* IQTGKQMLHSPMPEECAOLJRIQT                                                                           *\r\n******************************************************************************************************\r\n&quot;)" methodname="TestWithRandom" classname="Open_Lab_04._14.Tests" runstate="Runnable" seed="526903794" result="Passed" start-time="2021-12-27 14:18:11Z" end-time="2021-12-27 14:18:11Z" duration="0.014278" asserts="6698" />
            <test-case id="1037" name="TestWithRandom([&quot;APIKIODZQUDIWYHQALBTFHDVHBLYPZZAAQQWDXJBJPNJZRRNCAIFRLOTMMCHCFKRUCIGHKMDBAKPT&quot;, &quot;WPKYVORUIPCXJRUCYDFWOWJLFRNEDQBYZTPMXEJWZAUSDKBVIYCGKWEAGYSEAMQRODXQBHFTUIWO&quot;, &quot;QHUQSVE&quot;, &quot;UNDOPGYMFVNJCEANKUBTJMBZQYPRYNIQLDTPUBMBGHONJFZMHGFYULE&quot;, &quot;MDYQRGNRNWXYLKTJHZMCXOQLZDKRIJ&quot;, ...],&quot;********************************************************************************************\r\n* APIKIODZQUDIWYHQALBTFHDVHBLYPZZAAQQWDXJBJPNJZRRNCAIFRLOTMMCHCFKRUCIGHKMDBAKPT            *\r\n* WPKYVORUIPCXJRUCYDFWOWJLFRNEDQBYZTPMXEJWZAUSDKBVIYCGKWEAGYSEAMQRODXQBHFTUIWO             *\r\n* QHUQSVE                                                                                  *\r\n* UNDOPGYMFVNJCEANKUBTJMBZQYPRYNIQLDTPUBMBGHONJFZMHGFYULE                                  *\r\n* MDYQRGNRNWXYLKTJHZMCXOQLZDKRIJ                                                           *\r\n* AYMDQDVJATXANHAAWNWQVYCJXMNQOVWJDAWAZGCGLPMIANDDZCODLTACWCFDPFVEWNXMKABPKQEFLTJJJJQMH    *\r\n* XJZUDXBYQGUIMNQQTZAYSVOVQCSVUGOJWDPNNPWEOMZYKDHWTTQRLJZCUDDBEFEKRLLIXDCDD                *\r\n* JGWQKNUWCAPXXMENSJMUAJHPGZSZZPQMNQATGETQHICEUUNYEJLTRJVZYGKKUUXNJDKHMKHOQVNSHDULMTVP     *\r\n* XVEUBUZTIVMKPURKG                                                                        *\r\n* TCWCVVDSVLYYBZHILHFMLQIUIZAHRJDBFGCNHUZIRIZNUJUNC                                        *\r\n* IJETBCTBUVVWALIXTUWUBQIXVC                                                               *\r\n* VAYFMELAUWLFZTFADMVHNFXQZQHFRAHYZLYBVQIRPKNAHOXBVQEKAUDQCIFVWGJTPN                       *\r\n* NUDFNEDSCRXJKTGJBVXYEIIZN                                                                *\r\n* NVJBTKUIJHSLRFWCAYFZUCQWIYROBFLERCRHIAXMP                                                *\r\n* KYQPERBCHK                                                                               *\r\n* NPKFMTVSFGDWNTOOPTAASKSRRFSTANZYBKENGCWHCTKVGCDWPCLIHJBDXTNGBBSRHFUCPBINXSYYA            *\r\n* LPCVDXBQRRIAQNOPFABSOAHAHOUYLOLDDAHYEGXVPRODTOKVYINXWHILHBNOCCECGFXPFPKZCGDWMEHTEZADBNGV *\r\n* WRCSISMMLWORVPJXNUQELYCUUKDCBBSZBXJYIGTNQKAHSBIJRGNTPRGXOIXYOKLJEPPXF                    *\r\n* PGACOBYUBTCULVOZJKRMJZJVZGYRDDMLDGQGSNCEZT                                               *\r\n* EWUYPVFGFFTBPXEDICGRXGQQFEI                                                              *\r\n* WHNMQSEZFHJWYXGFKFBINJUBSC                                                               *\r\n********************************************************************************************\r\n&quot;)" fullname="Open_Lab_04._14.Tests.TestWithRandom([&quot;APIKIODZQUDIWYHQALBTFHDVHBLYPZZAAQQWDXJBJPNJZRRNCAIFRLOTMMCHCFKRUCIGHKMDBAKPT&quot;, &quot;WPKYVORUIPCXJRUCYDFWOWJLFRNEDQBYZTPMXEJWZAUSDKBVIYCGKWEAGYSEAMQRODXQBHFTUIWO&quot;, &quot;QHUQSVE&quot;, &quot;UNDOPGYMFVNJCEANKUBTJMBZQYPRYNIQLDTPUBMBGHONJFZMHGFYULE&quot;, &quot;MDYQRGNRNWXYLKTJHZMCXOQLZDKRIJ&quot;, ...],&quot;********************************************************************************************\r\n* APIKIODZQUDIWYHQALBTFHDVHBLYPZZAAQQWDXJBJPNJZRRNCAIFRLOTMMCHCFKRUCIGHKMDBAKPT            *\r\n* WPKYVORUIPCXJRUCYDFWOWJLFRNEDQBYZTPMXEJWZAUSDKBVIYCGKWEAGYSEAMQRODXQBHFTUIWO             *\r\n* QHUQSVE                                                                                  *\r\n* UNDOPGYMFVNJCEANKUBTJMBZQYPRYNIQLDTPUBMBGHONJFZMHGFYULE                                  *\r\n* MDYQRGNRNWXYLKTJHZMCXOQLZDKRIJ                                                           *\r\n* AYMDQDVJATXANHAAWNWQVYCJXMNQOVWJDAWAZGCGLPMIANDDZCODLTACWCFDPFVEWNXMKABPKQEFLTJJJJQMH    *\r\n* XJZUDXBYQGUIMNQQTZAYSVOVQCSVUGOJWDPNNPWEOMZYKDHWTTQRLJZCUDDBEFEKRLLIXDCDD                *\r\n* JGWQKNUWCAPXXMENSJMUAJHPGZSZZPQMNQATGETQHICEUUNYEJLTRJVZYGKKUUXNJDKHMKHOQVNSHDULMTVP     *\r\n* XVEUBUZTIVMKPURKG                                                                        *\r\n* TCWCVVDSVLYYBZHILHFMLQIUIZAHRJDBFGCNHUZIRIZNUJUNC                                        *\r\n* IJETBCTBUVVWALIXTUWUBQIXVC                                                               *\r\n* VAYFMELAUWLFZTFADMVHNFXQZQHFRAHYZLYBVQIRPKNAHOXBVQEKAUDQCIFVWGJTPN                       *\r\n* NUDFNEDSCRXJKTGJBVXYEIIZN                                                                *\r\n* NVJBTKUIJHSLRFWCAYFZUCQWIYROBFLERCRHIAXMP                                                *\r\n* KYQPERBCHK                                                                               *\r\n* NPKFMTVSFGDWNTOOPTAASKSRRFSTANZYBKENGCWHCTKVGCDWPCLIHJBDXTNGBBSRHFUCPBINXSYYA            *\r\n* LPCVDXBQRRIAQNOPFABSOAHAHOUYLOLDDAHYEGXVPRODTOKVYINXWHILHBNOCCECGFXPFPKZCGDWMEHTEZADBNGV *\r\n* WRCSISMMLWORVPJXNUQELYCUUKDCBBSZBXJYIGTNQKAHSBIJRGNTPRGXOIXYOKLJEPPXF                    *\r\n* PGACOBYUBTCULVOZJKRMJZJVZGYRDDMLDGQGSNCEZT                                               *\r\n* EWUYPVFGFFTBPXEDICGRXGQQFEI                                                              *\r\n* WHNMQSEZFHJWYXGFKFBINJUBSC                                                               *\r\n********************************************************************************************\r\n&quot;)" methodname="TestWithRandom" classname="Open_Lab_04._14.Tests" runstate="Runnable" seed="1550721745" result="Passed" start-time="2021-12-27 14:18:11Z" end-time="2021-12-27 14:18:11Z" duration="0.009137" asserts="2142" />
            <test-case id="1038" name="TestWithRandom([&quot;FESLMYJXSGLWTFXATKTAZKFACZSMMLUNJGUBPXJZNJNDTEPIMUIHJIXUYSIMFXKHMXMMLWKWBTMQXCGYKKASDMEBJZDX&quot;, &quot;WUQYGQWRCXPJLGPWHWVLKBUXSDZSLDLTNHEYWSRLJGHNKIRGOFCCHLDUZ&quot;, &quot;GCREGZLWWEBQZOFJBEUHNJMTDGBILCDJZDMOUFZIBOMMEXFNXXJZASFWQXAAYCKTASRVCQPW&quot;, &quot;LFZXZOFAOLOSEIHYPYX&quot;, &quot;ZJYDSMMGJKGINUOMGYQI&quot;, ...],&quot;*******************************************************************************************************\r\n* FESLMYJXSGLWTFXATKTAZKFACZSMMLUNJGUBPXJZNJNDTEPIMUIHJIXUYSIMFXKHMXMMLWKWBTMQXCGYKKASDMEBJZDX        *\r\n* WUQYGQWRCXPJLGPWHWVLKBUXSDZSLDLTNHEYWSRLJGHNKIRGOFCCHLDUZ                                           *\r\n* GCREGZLWWEBQZOFJBEUHNJMTDGBILCDJZDMOUFZIBOMMEXFNXXJZASFWQXAAYCKTASRVCQPW                            *\r\n* LFZXZOFAOLOSEIHYPYX                                                                                 *\r\n* ZJYDSMMGJKGINUOMGYQI                                                                                *\r\n* ZKRVBWJJXMRRRFCGVENCZQDEFEJUVSRIOKAZHHRPCWMXPQWPMFKTDGVJGMQWMPOEVJDGECZNNXZCDGPPI                   *\r\n* HPHXFHORSVRUCNIICGMPKJGWGFGTFAWBOSIZXYDWSNJDWSUMUVDJCSJXIKQZBULSYQGKFILDCQXWAC                      *\r\n* NKT                                                                                                 *\r\n* JWNZVJKQMHDVXBRFGMKHLKAHLVMXGKDPHVCVKRKAUSYWYVZUIXUAZLNZWGNAWNKCDONBZWUPBJNSLEIQVROIPCPVHDZEDKDHIW  *\r\n* KHYVMCFZPYVNSXXFFYBMAYSUWWPLRFFKPLYIXWCFJDAWMPGHGFYJGJRLPDYPNUIJSKYGYOHI                            *\r\n* VDXYVHHQIELHWDFTNTTYMSPVQDCRZIRXPNLGUNTWRZEPWCWGSNLVOKJCNBISFPQZNORJSYYZZXHNNZZNHVYMX               *\r\n* IFEITTEBQBJFCILMOUOLVRDVPNCUKKRDCQFMFKFFUYGGDIXQCUHEXLARBITFQKQGJFCLCYHEOIQXKXSGQLSQCN              *\r\n* QQNKXQAPKHAWYFLODNDPOUC                                                                             *\r\n* DPMPERADWZLVOOJNOTFQKBUBEXPC                                                                        *\r\n* YQWNGHHELKTHWAYTQZPDPAVOMWCVLKHBXEYJPHIGCJDIMIOAWHOYAZJXVHAJELSADRJSCPDIQIBGXMCDIBZEWIBYUANIGYCQQDF *\r\n* ZVYGDFHSYDAIEXBCLODUQKXBBVCSFKPUGIEMCSBQBJARAEEJXAECZLDOYXFHDOMNNFBVSOZTNMSHKG                      *\r\n* WR                                                                                                  *\r\n* UFFMUVFPOFNTNMWMDUCIQJALPMSWERXIQKUGIAKGQDZUFTZGKXDFTJBLFTXIDIKXIECCSPEC                            *\r\n* WRMJFFVMLLHOROHJIBODCCHTCMBQWNUSAVWRPCZ                                                             *\r\n* BWRXCIQPVTKOQZHUKTHTEFPYQONWSQTGCACFKKQTWLVDDGBBNCHVUG                                              *\r\n* WGTGNUUXFZDMQWCJZDNXTJMUKNMIPIYLVRG                                                                 *\r\n* RECYBNPDZULELTHSHJPMTYWAILIWBSQZQCSVAOVFUIVPBIXWBGEMBTFTIBQQFSCHEMOIBMRSOJSKDGZAOLVUOEXWWYMYYEABGOL *\r\n* UOVOOLXSBVPBCPBTXHSZPRMCZSUJJQEPUKGAQGGCGFUBJKWIDGDYVLZCBT                                          *\r\n* VROIKQAHRJBCRAPTKWLSOVLGCNFTJLDYXRKLRWJKIDFYBDMXFRPFQAAZFIG                                         *\r\n* LGXGFCFZQECNMAKLQNEYAHORVXHWQLGJQMZCFYSYYMHBPCTQQPJSDHXDSGLIUIJFXSXABIFRUFANZNBTERGBBOFJOVKZ        *\r\n* KEPDCDWESOIKRYYGJDEERDDCHDJNNMFXFEJBLJXJEOMCYRKPGCERF                                               *\r\n* WHAMVZUJRGIKENPWUAGVADRAEQSTGLHOSLIBAYNYPVXGTNNXAKIEKJTSQAIFGACGYURSFNWWMIFFGLH                     *\r\n* DVTWCDDIRPLAPIRPSRHZWURNNMSCDOMFTSBKHGDVRIAQCVGDQQNODHUIDFIQKAF                                     *\r\n* CFHWGGHLOLIN                                                                                        *\r\n* BLSFOLMBXBLYTGBYMKQDXNWNJWKIBARZGOBUPLWPSBEDWYNZGNBBRJVOOEWRBEZXJLREFHIBOALWI                       *\r\n* RLJKCOZQIXSNGKPENOBHTLGIUZFAMQYZFVNLIRBLYTDULRAXMKNXUBZFEAPDIYERYTILXEVWMPJ                         *\r\n* HLX                                                                                                 *\r\n* YHOCDAEDVHGHB                                                                                       *\r\n* CZOMVSJPAIOQKFSZXTDMEBKCNYPEPPXNVOMJLVPFTIHGNNPZLWJNEPTBPMYXCFZKKBVWSINCDYSVTDPZIPSTFKJFULUZWR      *\r\n* OJXWLSTGD                                                                                           *\r\n*******************************************************************************************************\r\n&quot;)" fullname="Open_Lab_04._14.Tests.TestWithRandom([&quot;FESLMYJXSGLWTFXATKTAZKFACZSMMLUNJGUBPXJZNJNDTEPIMUIHJIXUYSIMFXKHMXMMLWKWBTMQXCGYKKASDMEBJZDX&quot;, &quot;WUQYGQWRCXPJLGPWHWVLKBUXSDZSLDLTNHEYWSRLJGHNKIRGOFCCHLDUZ&quot;, &quot;GCREGZLWWEBQZOFJBEUHNJMTDGBILCDJZDMOUFZIBOMMEXFNXXJZASFWQXAAYCKTASRVCQPW&quot;, &quot;LFZXZOFAOLOSEIHYPYX&quot;, &quot;ZJYDSMMGJKGINUOMGYQI&quot;, ...],&quot;*******************************************************************************************************\r\n* FESLMYJXSGLWTFXATKTAZKFACZSMMLUNJGUBPXJZNJNDTEPIMUIHJIXUYSIMFXKHMXMMLWKWBTMQXCGYKKASDMEBJZDX        *\r\n* WUQYGQWRCXPJLGPWHWVLKBUXSDZSLDLTNHEYWSRLJGHNKIRGOFCCHLDUZ                                           *\r\n* GCREGZLWWEBQZOFJBEUHNJMTDGBILCDJZDMOUFZIBOMMEXFNXXJZASFWQXAAYCKTASRVCQPW                            *\r\n* LFZXZOFAOLOSEIHYPYX                                                                                 *\r\n* ZJYDSMMGJKGINUOMGYQI                                                                                *\r\n* ZKRVBWJJXMRRRFCGVENCZQDEFEJUVSRIOKAZHHRPCWMXPQWPMFKTDGVJGMQWMPOEVJDGECZNNXZCDGPPI                   *\r\n* HPHXFHORSVRUCNIICGMPKJGWGFGTFAWBOSIZXYDWSNJDWSUMUVDJCSJXIKQZBULSYQGKFILDCQXWAC                      *\r\n* NKT                                                                                                 *\r\n* JWNZVJKQMHDVXBRFGMKHLKAHLVMXGKDPHVCVKRKAUSYWYVZUIXUAZLNZWGNAWNKCDONBZWUPBJNSLEIQVROIPCPVHDZEDKDHIW  *\r\n* KHYVMCFZPYVNSXXFFYBMAYSUWWPLRFFKPLYIXWCFJDAWMPGHGFYJGJRLPDYPNUIJSKYGYOHI                            *\r\n* VDXYVHHQIELHWDFTNTTYMSPVQDCRZIRXPNLGUNTWRZEPWCWGSNLVOKJCNBISFPQZNORJSYYZZXHNNZZNHVYMX               *\r\n* IFEITTEBQBJFCILMOUOLVRDVPNCUKKRDCQFMFKFFUYGGDIXQCUHEXLARBITFQKQGJFCLCYHEOIQXKXSGQLSQCN              *\r\n* QQNKXQAPKHAWYFLODNDPOUC                                                                             *\r\n* DPMPERADWZLVOOJNOTFQKBUBEXPC                                                                        *\r\n* YQWNGHHELKTHWAYTQZPDPAVOMWCVLKHBXEYJPHIGCJDIMIOAWHOYAZJXVHAJELSADRJSCPDIQIBGXMCDIBZEWIBYUANIGYCQQDF *\r\n* ZVYGDFHSYDAIEXBCLODUQKXBBVCSFKPUGIEMCSBQBJARAEEJXAECZLDOYXFHDOMNNFBVSOZTNMSHKG                      *\r\n* WR                                                                                                  *\r\n* UFFMUVFPOFNTNMWMDUCIQJALPMSWERXIQKUGIAKGQDZUFTZGKXDFTJBLFTXIDIKXIECCSPEC                            *\r\n* WRMJFFVMLLHOROHJIBODCCHTCMBQWNUSAVWRPCZ                                                             *\r\n* BWRXCIQPVTKOQZHUKTHTEFPYQONWSQTGCACFKKQTWLVDDGBBNCHVUG                                              *\r\n* WGTGNUUXFZDMQWCJZDNXTJMUKNMIPIYLVRG                                                                 *\r\n* RECYBNPDZULELTHSHJPMTYWAILIWBSQZQCSVAOVFUIVPBIXWBGEMBTFTIBQQFSCHEMOIBMRSOJSKDGZAOLVUOEXWWYMYYEABGOL *\r\n* UOVOOLXSBVPBCPBTXHSZPRMCZSUJJQEPUKGAQGGCGFUBJKWIDGDYVLZCBT                                          *\r\n* VROIKQAHRJBCRAPTKWLSOVLGCNFTJLDYXRKLRWJKIDFYBDMXFRPFQAAZFIG                                         *\r\n* LGXGFCFZQECNMAKLQNEYAHORVXHWQLGJQMZCFYSYYMHBPCTQQPJSDHXDSGLIUIJFXSXABIFRUFANZNBTERGBBOFJOVKZ        *\r\n* KEPDCDWESOIKRYYGJDEERDDCHDJNNMFXFEJBLJXJEOMCYRKPGCERF                                               *\r\n* WHAMVZUJRGIKENPWUAGVADRAEQSTGLHOSLIBAYNYPVXGTNNXAKIEKJTSQAIFGACGYURSFNWWMIFFGLH                     *\r\n* DVTWCDDIRPLAPIRPSRHZWURNNMSCDOMFTSBKHGDVRIAQCVGDQQNODHUIDFIQKAF                                     *\r\n* CFHWGGHLOLIN                                                                                        *\r\n* BLSFOLMBXBLYTGBYMKQDXNWNJWKIBARZGOBUPLWPSBEDWYNZGNBBRJVOOEWRBEZXJLREFHIBOALWI                       *\r\n* RLJKCOZQIXSNGKPENOBHTLGIUZFAMQYZFVNLIRBLYTDULRAXMKNXUBZFEAPDIYERYTILXEVWMPJ                         *\r\n* HLX                                                                                                 *\r\n* YHOCDAEDVHGHB                                                                                       *\r\n* CZOMVSJPAIOQKFSZXTDMEBKCNYPEPPXNVOMJLVPFTIHGNNPZLWJNEPTBPMYXCFZKKBVWSINCDYSVTDPZIPSTFKJFULUZWR      *\r\n* OJXWLSTGD                                                                                           *\r\n*******************************************************************************************************\r\n&quot;)" methodname="TestWithRandom" classname="Open_Lab_04._14.Tests" runstate="Runnable" seed="1577957026" result="Passed" start-time="2021-12-27 14:18:11Z" end-time="2021-12-27 14:18:11Z" duration="0.017454" asserts="3851" />
            <test-case id="1039" name="TestWithRandom([&quot;JGWXILXZPNMGEZSPBHONFLVDMWHDHP&quot;, &quot;PKYACIWCICXCPCCSWTCRZOVCYKTLMETRZDWW&quot;, &quot;ZPGFEFLHIGBJDLJEYKAOVCRPLQ&quot;, &quot;IFDLFGMWDVMUJJUPE&quot;, &quot;BITKNBTVHKXYRTOBDBFVVDROFJMPRFAMNXKILYSCRKZBZFESGHGTKIXYQEEEOEECKKKUIFQ&quot;, ...],&quot;*****************************************************************************************************\r\n* JGWXILXZPNMGEZSPBHONFLVDMWHDHP                                                                    *\r\n* PKYACIWCICXCPCCSWTCRZOVCYKTLMETRZDWW                                                              *\r\n* ZPGFEFLHIGBJDLJEYKAOVCRPLQ                                                                        *\r\n* IFDLFGMWDVMUJJUPE                                                                                 *\r\n* BITKNBTVHKXYRTOBDBFVVDROFJMPRFAMNXKILYSCRKZBZFESGHGTKIXYQEEEOEECKKKUIFQ                           *\r\n* JDDKDQPAETJJYHCEZMRG                                                                              *\r\n* ONNGXROUKKARBKGFMUAPEZVVUDCIGUWOJLUQQEGZAFUJIRXXVZNRQRPPRRLTOGNPNMIPPQOHOBPZ                      *\r\n* MMCGFMHGFXSWFYYTMKT                                                                               *\r\n* EVWJHHELFDPCQKFFJMJTGJIOQTKRPOBQVHZQQSZXHWACHPGUTTKZBAKVNHTOXMVRBYHI                              *\r\n* PPQNLLKIGGAMPYVECPUWECIZLZUAJAIIXKDETMPOAN                                                        *\r\n* ATBINAMZJMMGMGQCLQJYFXROFVRKPZ                                                                    *\r\n* VQUHFKRGAWBZWLDQXCKDYROC                                                                          *\r\n* CMDSJCJKGQPR                                                                                      *\r\n* LSUJJCDYUCBETHFWHECSEDXOORUSPQVOYYRRJOHMYEHJBOPUDOYLMZUIUGVSHLJEHNFUQNMTWQTAVNMZBAOBSJBZEJXDTPFNU *\r\n* COIVEPBFPWFUMHTV                                                                                  *\r\n* GWILXLFPGQJAHLGFRKYQFWZANUETKWPJXYYRMSFCCFXZREILZPVWVEKKXIYCHMFKA                                 *\r\n* CI                                                                                                *\r\n* OSZFVNAZAIIMTUVATOSNOTETCVQZMYQCZYKWWRZQKKXZQQNRK                                                 *\r\n* HLJUYVOFCAXAMBSGMUJYEBPCDDWECMHYPDQFSF                                                            *\r\n* PH                                                                                                *\r\n* PZTKYVHKDSILFFWHRUYKDPSYLJLNNHUURNMPITEAXSJPQDXKILOFQXNAHVYPKUWW                                  *\r\n* OURTHYYPXMKFCHHLAECTODUALINUPQDWNQCJFQBMPPSKCUENQDKPTCJKZRIYKDAHJOSMFYFJDPDYKKXQDADLGNCKHRJOICC   *\r\n* PLAOCSISXALEZKAPTRUKAOBVLHFNPRBBNRJZJIOLRLOFCYL                                                   *\r\n* RTURHRLBJECVNUCGZKQIBBFLDJSPAVTNWIWWWJTVFIPFFSYWIHGRHCUPNJNYZWBOLPZEYGJPRVDTMAFKKVGSPB            *\r\n* TOGINWUWIHBUQTUYCYQAMZB                                                                           *\r\n* MECNDQIYJJFQRXV                                                                                   *\r\n* WZUMLGORQXDUZBTUMCWJTHSRYCKGNDHFCXEMEPSGPLWGNOYIPKDOBMAOGDNIVHDMQYRCXGQWKQU                       *\r\n* KMEKDCRCZSEQXPGBCKKHHJQOWWKJUHE                                                                   *\r\n* SSDTYCETQANXUBFHAOUZFMABWPOHRIHSNSXELNCZFRQ                                                       *\r\n* WSUURDIGNEFFSCWIOXBISUKBDAV                                                                       *\r\n* LUTOVTEEUTQOZBFINSMIQUKIPIOBITQQHVUSLQKYXSNVHMJRPBN                                               *\r\n* NNWRJLZNFCWBCZHDHMXXHNLYGPBDYWMGGECUZDIZQWTVVM                                                    *\r\n* HFGKCDPDZBYLTJWOIQQUYWNEDDXGLTPCTXUXSMJCQADSARPQUHLEFRTLSCGZGISFLVRVPY                            *\r\n* VHNEXTUDMOHLDILWBEJFQGKWHIXGFATAWLQXSNWRXYUKYWOXAYQRGSFOXRWPWOYLUGPSROENHRIRMZXKTZFGKB            *\r\n* DFBZBRHVIAIQSHWGLTCJOKOBXTLVXIRBSMLMPODVAWZQEJEDWSUMHSFSRABHGLXAJGXGVKQXQGJSLXX                   *\r\n* PHZEOFUAGSUPMWPPYYHXLYHMCWWAJMHUCNSYMTLDMWZDPBKTRUTNPZCQAM                                        *\r\n*****************************************************************************************************\r\n&quot;)" fullname="Open_Lab_04._14.Tests.TestWithRandom([&quot;JGWXILXZPNMGEZSPBHONFLVDMWHDHP&quot;, &quot;PKYACIWCICXCPCCSWTCRZOVCYKTLMETRZDWW&quot;, &quot;ZPGFEFLHIGBJDLJEYKAOVCRPLQ&quot;, &quot;IFDLFGMWDVMUJJUPE&quot;, &quot;BITKNBTVHKXYRTOBDBFVVDROFJMPRFAMNXKILYSCRKZBZFESGHGTKIXYQEEEOEECKKKUIFQ&quot;, ...],&quot;*****************************************************************************************************\r\n* JGWXILXZPNMGEZSPBHONFLVDMWHDHP                                                                    *\r\n* PKYACIWCICXCPCCSWTCRZOVCYKTLMETRZDWW                                                              *\r\n* ZPGFEFLHIGBJDLJEYKAOVCRPLQ                                                                        *\r\n* IFDLFGMWDVMUJJUPE                                                                                 *\r\n* BITKNBTVHKXYRTOBDBFVVDROFJMPRFAMNXKILYSCRKZBZFESGHGTKIXYQEEEOEECKKKUIFQ                           *\r\n* JDDKDQPAETJJYHCEZMRG                                                                              *\r\n* ONNGXROUKKARBKGFMUAPEZVVUDCIGUWOJLUQQEGZAFUJIRXXVZNRQRPPRRLTOGNPNMIPPQOHOBPZ                      *\r\n* MMCGFMHGFXSWFYYTMKT                                                                               *\r\n* EVWJHHELFDPCQKFFJMJTGJIOQTKRPOBQVHZQQSZXHWACHPGUTTKZBAKVNHTOXMVRBYHI                              *\r\n* PPQNLLKIGGAMPYVECPUWECIZLZUAJAIIXKDETMPOAN                                                        *\r\n* ATBINAMZJMMGMGQCLQJYFXROFVRKPZ                                                                    *\r\n* VQUHFKRGAWBZWLDQXCKDYROC                                                                          *\r\n* CMDSJCJKGQPR                                                                                      *\r\n* LSUJJCDYUCBETHFWHECSEDXOORUSPQVOYYRRJOHMYEHJBOPUDOYLMZUIUGVSHLJEHNFUQNMTWQTAVNMZBAOBSJBZEJXDTPFNU *\r\n* COIVEPBFPWFUMHTV                                                                                  *\r\n* GWILXLFPGQJAHLGFRKYQFWZANUETKWPJXYYRMSFCCFXZREILZPVWVEKKXIYCHMFKA                                 *\r\n* CI                                                                                                *\r\n* OSZFVNAZAIIMTUVATOSNOTETCVQZMYQCZYKWWRZQKKXZQQNRK                                                 *\r\n* HLJUYVOFCAXAMBSGMUJYEBPCDDWECMHYPDQFSF                                                            *\r\n* PH                                                                                                *\r\n* PZTKYVHKDSILFFWHRUYKDPSYLJLNNHUURNMPITEAXSJPQDXKILOFQXNAHVYPKUWW                                  *\r\n* OURTHYYPXMKFCHHLAECTODUALINUPQDWNQCJFQBMPPSKCUENQDKPTCJKZRIYKDAHJOSMFYFJDPDYKKXQDADLGNCKHRJOICC   *\r\n* PLAOCSISXALEZKAPTRUKAOBVLHFNPRBBNRJZJIOLRLOFCYL                                                   *\r\n* RTURHRLBJECVNUCGZKQIBBFLDJSPAVTNWIWWWJTVFIPFFSYWIHGRHCUPNJNYZWBOLPZEYGJPRVDTMAFKKVGSPB            *\r\n* TOGINWUWIHBUQTUYCYQAMZB                                                                           *\r\n* MECNDQIYJJFQRXV                                                                                   *\r\n* WZUMLGORQXDUZBTUMCWJTHSRYCKGNDHFCXEMEPSGPLWGNOYIPKDOBMAOGDNIVHDMQYRCXGQWKQU                       *\r\n* KMEKDCRCZSEQXPGBCKKHHJQOWWKJUHE                                                                   *\r\n* SSDTYCETQANXUBFHAOUZFMABWPOHRIHSNSXELNCZFRQ                                                       *\r\n* WSUURDIGNEFFSCWIOXBISUKBDAV                                                                       *\r\n* LUTOVTEEUTQOZBFINSMIQUKIPIOBITQQHVUSLQKYXSNVHMJRPBN                                               *\r\n* NNWRJLZNFCWBCZHDHMXXHNLYGPBDYWMGGECUZDIZQWTVVM                                                    *\r\n* HFGKCDPDZBYLTJWOIQQUYWNEDDXGLTPCTXUXSMJCQADSARPQUHLEFRTLSCGZGISFLVRVPY                            *\r\n* VHNEXTUDMOHLDILWBEJFQGKWHIXGFATAWLQXSNWRXYUKYWOXAYQRGSFOXRWPWOYLUGPSROENHRIRMZXKTZFGKB            *\r\n* DFBZBRHVIAIQSHWGLTCJOKOBXTLVXIRBSMLMPODVAWZQEJEDWSUMHSFSRABHGLXAJGXGVKQXQGJSLXX                   *\r\n* PHZEOFUAGSUPMWPPYYHXLYHMCWWAJMHUCNSYMTLDMWZDPBKTRUTNPZCQAM                                        *\r\n*****************************************************************************************************\r\n&quot;)" methodname="TestWithRandom" classname="Open_Lab_04._14.Tests" runstate="Runnable" seed="1623201817" result="Passed" start-time="2021-12-27 14:18:11Z" end-time="2021-12-27 14:18:11Z" duration="0.013900" asserts="3879" />
            <test-case id="1040" name="TestWithRandom([&quot;JTRTLZNZEQCFMDLPYEWAMCJOTUFCKBYZQUUSEGRQNKPAROALONSWQBEGKCARUKPDSDOS&quot;, &quot;TKSMGMBNIXETTOWIBIPPOHCFAVDVMHOZHCU&quot;, &quot;AKKOCTBFVXBW&quot;, &quot;UQUYCULIMLKJGBAJELQTTIRYBMUGXJDTHCRQUAFHIUNZZEVSAWQLKCZLZWXQZFLDHRCEJKOEG&quot;, &quot;LZVSYWQCFASSJFDGRXDPHCJJRICRIQHMEBQ&quot;, ...],&quot;********************************************************************************************************\r\n* JTRTLZNZEQCFMDLPYEWAMCJOTUFCKBYZQUUSEGRQNKPAROALONSWQBEGKCARUKPDSDOS                                 *\r\n* TKSMGMBNIXETTOWIBIPPOHCFAVDVMHOZHCU                                                                  *\r\n* AKKOCTBFVXBW                                                                                         *\r\n* UQUYCULIMLKJGBAJELQTTIRYBMUGXJDTHCRQUAFHIUNZZEVSAWQLKCZLZWXQZFLDHRCEJKOEG                            *\r\n* LZVSYWQCFASSJFDGRXDPHCJJRICRIQHMEBQ                                                                  *\r\n* QHXBZXAKKPIXBDSRARBIPLBQUZUOTFNHODPJACPKCZZBAFPFXQMNAIJFGHHZCLQECAIYNJQYBQFQMZPOKORDTAGFTKDTVQHQIUYZ *\r\n* RROZNLKCTTGRSPOUNLCTDEDFXDLIPIRAQSSXCEFOWDARWBCATVVIWGTMNICKABNLBFBZXQSJFOWZEMIVAKPTMIE              *\r\n* YFJTBUOVPOPRACDCDMDIJTHBAGKPMUYSARBRHY                                                               *\r\n* KZBKPXRVXGMPAFWAFXHTVKYJVQWQ                                                                         *\r\n********************************************************************************************************\r\n&quot;)" fullname="Open_Lab_04._14.Tests.TestWithRandom([&quot;JTRTLZNZEQCFMDLPYEWAMCJOTUFCKBYZQUUSEGRQNKPAROALONSWQBEGKCARUKPDSDOS&quot;, &quot;TKSMGMBNIXETTOWIBIPPOHCFAVDVMHOZHCU&quot;, &quot;AKKOCTBFVXBW&quot;, &quot;UQUYCULIMLKJGBAJELQTTIRYBMUGXJDTHCRQUAFHIUNZZEVSAWQLKCZLZWXQZFLDHRCEJKOEG&quot;, &quot;LZVSYWQCFASSJFDGRXDPHCJJRICRIQHMEBQ&quot;, ...],&quot;********************************************************************************************************\r\n* JTRTLZNZEQCFMDLPYEWAMCJOTUFCKBYZQUUSEGRQNKPAROALONSWQBEGKCARUKPDSDOS                                 *\r\n* TKSMGMBNIXETTOWIBIPPOHCFAVDVMHOZHCU                                                                  *\r\n* AKKOCTBFVXBW                                                                                         *\r\n* UQUYCULIMLKJGBAJELQTTIRYBMUGXJDTHCRQUAFHIUNZZEVSAWQLKCZLZWXQZFLDHRCEJKOEG                            *\r\n* LZVSYWQCFASSJFDGRXDPHCJJRICRIQHMEBQ                                                                  *\r\n* QHXBZXAKKPIXBDSRARBIPLBQUZUOTFNHODPJACPKCZZBAFPFXQMNAIJFGHHZCLQECAIYNJQYBQFQMZPOKORDTAGFTKDTVQHQIUYZ *\r\n* RROZNLKCTTGRSPOUNLCTDEDFXDLIPIRAQSSXCEFOWDARWBCATVVIWGTMNICKABNLBFBZXQSJFOWZEMIVAKPTMIE              *\r\n* YFJTBUOVPOPRACDCDMDIJTHBAGKPMUYSARBRHY                                                               *\r\n* KZBKPXRVXGMPAFWAFXHTVKYJVQWQ                                                                         *\r\n********************************************************************************************************\r\n&quot;)" methodname="TestWithRandom" classname="Open_Lab_04._14.Tests" runstate="Runnable" seed="1897618579" result="Passed" start-time="2021-12-27 14:18:11Z" end-time="2021-12-27 14:18:11Z" duration="0.004703" asserts="1158" />
            <test-case id="1041" name="TestWithRandom([&quot;MVEFSIIJ&quot;, &quot;EILNIAEYNERVTZFLABSOZABMVUQLUNORVFDKKWPIRSJLRGTWZTRGQUTEGYSOJSDAPZZNVUA&quot;, &quot;MJWGRPVPBUMAVH&quot;, &quot;BMZELE&quot;, &quot;ZYPIV&quot;, ...],&quot;****************************************************************************************************\r\n* MVEFSIIJ                                                                                         *\r\n* EILNIAEYNERVTZFLABSOZABMVUQLUNORVFDKKWPIRSJLRGTWZTRGQUTEGYSOJSDAPZZNVUA                          *\r\n* MJWGRPVPBUMAVH                                                                                   *\r\n* BMZELE                                                                                           *\r\n* ZYPIV                                                                                            *\r\n* GFAETOUHXMMRDCNPGCFIYYBWQOYKKYQITEIVTHHGNUDZMMIBNJRNDNSHEEOEPJXZWEX                              *\r\n* URWZUYVEVCJDGWXAGDEGLBRPTDRDXDDIPJHWMSTFSOMBUKYSMWSSZRNSAHGQHRHRYBOWOBNOJZNXPPUIFYQALKIXWOWFLCYA *\r\n* UDTWBELIDIADQDKMXKIBGGOTQZZF                                                                     *\r\n* CGAMQUMBMDUFSHBHUGLLSOSPZANOAFC                                                                  *\r\n* GAABZQAIYLKGOVOZM                                                                                *\r\n* WTOTPOOLNPHXBHBPZRGZHDFCNHELAELOCOIIPMLMNODKBA                                                   *\r\n* DFYWXSNETNMFHKDKJDTVMYTAMFUMTZVANXAFBHOVO                                                        *\r\n* PUDHDCJDUGIFXEMYKRYBKTSLSKJXJBPXGCIYWFCR                                                         *\r\n* QFOSIZWTD                                                                                        *\r\n* XWNZVCROTSMUSRKYUVNBEPGYUODTKLNDFDRASDNWERIZPVMWHJEAFBTIPPEGYYDIFIOPAJFRIRWNGHIYCHLBGMYEKJLD     *\r\n* GXGNATHHWWXEMSNEFBIGGERMCBSKJEQYBTBUQAFNBRFKOWUUKAFHCXSCGTLZBWXSFYCTQTNFVUEOYGYFHYAJZJWDBZNWOG   *\r\n* ETNEPUAEQMALHTDDZVFRCWNTWCYRQFRQOIZVLCJLGUJXZXOK                                                 *\r\n* VNBIPJIFUHMVJNKVJWZUHSXLULINQTYOOTVSPHZYQPRUXPXHYCPBPQQDQQOEBVPAJYGPRSFBWADSBDOEOBOOEXYYDSBZT    *\r\n* XVAQLYJHPFWNEPNXBMCJQZGBWLAIMZQGIBCHRKSPVGMIRQTILFQOXKFXPZUZYAUPPQFDMFFQUMNJNYKFSRX              *\r\n* IBJYVESSQSQVMWTALPWFZAUKWWKQ                                                                     *\r\n* PGHDNHNGGHHNNABVSWREJUCVRHIHYBZUBDBMJRYPFTEIORMZSOEZSMFUDML                                      *\r\n* YFHFHNMJYPMAYCYPPUGAVIP                                                                          *\r\n* XACPXGIXGSQZLZABFCBCCEBQNQFJFLKQQXIHLXM                                                          *\r\n* HPTFLZDPUFUTHMHSYLBGAZRVIAIORSQIQIVNKVFONPPZQRIEQPJZVFRHXYWLQPYBPMCYQUIC                         *\r\n* NTLJSERREXCJQNKQNPLZTXX                                                                          *\r\n* NJEOKOWGGTHLGXFUFUMRWSZYSICEWDMPVUWIZDHPBVCWFYKQKRUZLGUVJFWBMRKCHR                               *\r\n* MBWUBNWPBPDTTXMTFJMEPZAYTHFDJKAOOIYOOWSLPQTGGMCEAYETUNBMAXBUITG                                  *\r\n* POELZXFJQAOYGUSHEADLFGTBHLNQVXDVKCRRIRECSVDTYCFGFUQHQUKIUDDNKONT                                 *\r\n* TOEDAYMWASKDACEGGKBGWFPRIXFNRRDIJWFNBCFVDLPBAFUAYHDDMMANYMVDTZEIPCTDXREEFGDLPORCCEOJOZVXVR       *\r\n* OHCBEGGMYMRCHCZYGIPXKVTAPKUUPGVHFBQWDEZEJBTPKBHHPBPOGTFTOBM                                      *\r\n* LMXRRJWGMCUBJKOICEQNDNFNRGBMWWICSFTWEBXBEBVMHNFVFWRJLZQYHKAKIKJQUSJERRDAGOICRS                   *\r\n* EBFGZEYRTOVPUBMSURFSPDAE                                                                         *\r\n* TQDWQOGODVJCEJLVAQQVBIZTWOKMARAABSGNVVCZPAQFDQPHTWONJI                                           *\r\n* KRJACETOMUIALDYAFNRGBSUQFYCSECNRTGWWLVAUVMDKUP                                                   *\r\n****************************************************************************************************\r\n&quot;)" fullname="Open_Lab_04._14.Tests.TestWithRandom([&quot;MVEFSIIJ&quot;, &quot;EILNIAEYNERVTZFLABSOZABMVUQLUNORVFDKKWPIRSJLRGTWZTRGQUTEGYSOJSDAPZZNVUA&quot;, &quot;MJWGRPVPBUMAVH&quot;, &quot;BMZELE&quot;, &quot;ZYPIV&quot;, ...],&quot;****************************************************************************************************\r\n* MVEFSIIJ                                                                                         *\r\n* EILNIAEYNERVTZFLABSOZABMVUQLUNORVFDKKWPIRSJLRGTWZTRGQUTEGYSOJSDAPZZNVUA                          *\r\n* MJWGRPVPBUMAVH                                                                                   *\r\n* BMZELE                                                                                           *\r\n* ZYPIV                                                                                            *\r\n* GFAETOUHXMMRDCNPGCFIYYBWQOYKKYQITEIVTHHGNUDZMMIBNJRNDNSHEEOEPJXZWEX                              *\r\n* URWZUYVEVCJDGWXAGDEGLBRPTDRDXDDIPJHWMSTFSOMBUKYSMWSSZRNSAHGQHRHRYBOWOBNOJZNXPPUIFYQALKIXWOWFLCYA *\r\n* UDTWBELIDIADQDKMXKIBGGOTQZZF                                                                     *\r\n* CGAMQUMBMDUFSHBHUGLLSOSPZANOAFC                                                                  *\r\n* GAABZQAIYLKGOVOZM                                                                                *\r\n* WTOTPOOLNPHXBHBPZRGZHDFCNHELAELOCOIIPMLMNODKBA                                                   *\r\n* DFYWXSNETNMFHKDKJDTVMYTAMFUMTZVANXAFBHOVO                                                        *\r\n* PUDHDCJDUGIFXEMYKRYBKTSLSKJXJBPXGCIYWFCR                                                         *\r\n* QFOSIZWTD                                                                                        *\r\n* XWNZVCROTSMUSRKYUVNBEPGYUODTKLNDFDRASDNWERIZPVMWHJEAFBTIPPEGYYDIFIOPAJFRIRWNGHIYCHLBGMYEKJLD     *\r\n* GXGNATHHWWXEMSNEFBIGGERMCBSKJEQYBTBUQAFNBRFKOWUUKAFHCXSCGTLZBWXSFYCTQTNFVUEOYGYFHYAJZJWDBZNWOG   *\r\n* ETNEPUAEQMALHTDDZVFRCWNTWCYRQFRQOIZVLCJLGUJXZXOK                                                 *\r\n* VNBIPJIFUHMVJNKVJWZUHSXLULINQTYOOTVSPHZYQPRUXPXHYCPBPQQDQQOEBVPAJYGPRSFBWADSBDOEOBOOEXYYDSBZT    *\r\n* XVAQLYJHPFWNEPNXBMCJQZGBWLAIMZQGIBCHRKSPVGMIRQTILFQOXKFXPZUZYAUPPQFDMFFQUMNJNYKFSRX              *\r\n* IBJYVESSQSQVMWTALPWFZAUKWWKQ                                                                     *\r\n* PGHDNHNGGHHNNABVSWREJUCVRHIHYBZUBDBMJRYPFTEIORMZSOEZSMFUDML                                      *\r\n* YFHFHNMJYPMAYCYPPUGAVIP                                                                          *\r\n* XACPXGIXGSQZLZABFCBCCEBQNQFJFLKQQXIHLXM                                                          *\r\n* HPTFLZDPUFUTHMHSYLBGAZRVIAIORSQIQIVNKVFONPPZQRIEQPJZVFRHXYWLQPYBPMCYQUIC                         *\r\n* NTLJSERREXCJQNKQNPLZTXX                                                                          *\r\n* NJEOKOWGGTHLGXFUFUMRWSZYSICEWDMPVUWIZDHPBVCWFYKQKRUZLGUVJFWBMRKCHR                               *\r\n* MBWUBNWPBPDTTXMTFJMEPZAYTHFDJKAOOIYOOWSLPQTGGMCEAYETUNBMAXBUITG                                  *\r\n* POELZXFJQAOYGUSHEADLFGTBHLNQVXDVKCRRIRECSVDTYCFGFUQHQUKIUDDNKONT                                 *\r\n* TOEDAYMWASKDACEGGKBGWFPRIXFNRRDIJWFNBCFVDLPBAFUAYHDDMMANYMVDTZEIPCTDXREEFGDLPORCCEOJOZVXVR       *\r\n* OHCBEGGMYMRCHCZYGIPXKVTAPKUUPGVHFBQWDEZEJBTPKBHHPBPOGTFTOBM                                      *\r\n* LMXRRJWGMCUBJKOICEQNDNFNRGBMWWICSFTWEBXBEBVMHNFVFWRJLZQYHKAKIKJQUSJERRDAGOICRS                   *\r\n* EBFGZEYRTOVPUBMSURFSPDAE                                                                         *\r\n* TQDWQOGODVJCEJLVAQQVBIZTWOKMARAABSGNVVCZPAQFDQPHTWONJI                                           *\r\n* KRJACETOMUIALDYAFNRGBSUQFYCSECNRTGWWLVAUVMDKUP                                                   *\r\n****************************************************************************************************\r\n&quot;)" methodname="TestWithRandom" classname="Open_Lab_04._14.Tests" runstate="Runnable" seed="626847356" result="Passed" start-time="2021-12-27 14:18:11Z" end-time="2021-12-27 14:18:11Z" duration="0.010376" asserts="3639" />
            <test-case id="1042" name="TestWithRandom([&quot;VVIZSBKSXTUDBBJKHR&quot;, &quot;FHBOKNWLOOJVQUYWITNYSVEYSAX&quot;, &quot;UCTDDIYXTHYMVPWDNXDIDEBQTSOJCDWJPDRLUGSHVACBVADCZALVXOPPBDJKUPUQKOWSYKJHEV&quot;, &quot;DBZUSPLJCSAMBNBKRXHNFFMQHEKEPRDQBBMOBJQVIGSYKBVEWA&quot;, &quot;KWIHXPJMOEGULOJKABNIIGMEZNNGFIGIPZTUTUPYRWCRBMHKAQVCIRJDJDHJBDHFXYELU&quot;, ...],&quot;***************************************************************************************************\r\n* VVIZSBKSXTUDBBJKHR                                                                              *\r\n* FHBOKNWLOOJVQUYWITNYSVEYSAX                                                                     *\r\n* UCTDDIYXTHYMVPWDNXDIDEBQTSOJCDWJPDRLUGSHVACBVADCZALVXOPPBDJKUPUQKOWSYKJHEV                      *\r\n* DBZUSPLJCSAMBNBKRXHNFFMQHEKEPRDQBBMOBJQVIGSYKBVEWA                                              *\r\n* KWIHXPJMOEGULOJKABNIIGMEZNNGFIGIPZTUTUPYRWCRBMHKAQVCIRJDJDHJBDHFXYELU                           *\r\n* RFMPRLEVCMGDGONDAYPPKPMFXOPWTDHVPKZPQTZXZOAVCYXSRUXGVFFBTGSCW                                   *\r\n* CZELNVPYMGYRPVPRCYRWEZFBZJFXWK                                                                  *\r\n* XBRMB                                                                                           *\r\n* RKBDTHRIDPJMBDTKADDTDLDQRBCFAQXJOBLOQTKROTVUVLUGHMAOJIMFGLLREL                                  *\r\n* NSAXASFUHSLEKPJUGHWXNQIAGOFHF                                                                   *\r\n* SNDLICVNUNCSTWYDBQWQFKINTWJARL                                                                  *\r\n* XPZZYBZHHZSNIVVWMCCNPKOCIFPRLTVVIAEDTWACCJPRMXZSYAW                                             *\r\n* PYYNAXRSLHVODWEHQSDQBAKFVXQLFXTLWXGKCRCWFHRVNANPSRCGWFWONSRDGGMONJRGQUFYPGLUIPRVJASOVNOQBRWKA   *\r\n* PYUDHEIHZXMDQQUBFYAWTGNYTAUAEYYUYRQMAFHNMCBVBRWYWAMXKDEJLVKGKICAZRFYAIAARMKRESWBDWEEMAJUMGBEVAD *\r\n* ZAVJLXXOZMGXTNFSY                                                                               *\r\n* DNDYOYHLMTGWEQJFRDWMPFYQFATMAZBIG                                                               *\r\n***************************************************************************************************\r\n&quot;)" fullname="Open_Lab_04._14.Tests.TestWithRandom([&quot;VVIZSBKSXTUDBBJKHR&quot;, &quot;FHBOKNWLOOJVQUYWITNYSVEYSAX&quot;, &quot;UCTDDIYXTHYMVPWDNXDIDEBQTSOJCDWJPDRLUGSHVACBVADCZALVXOPPBDJKUPUQKOWSYKJHEV&quot;, &quot;DBZUSPLJCSAMBNBKRXHNFFMQHEKEPRDQBBMOBJQVIGSYKBVEWA&quot;, &quot;KWIHXPJMOEGULOJKABNIIGMEZNNGFIGIPZTUTUPYRWCRBMHKAQVCIRJDJDHJBDHFXYELU&quot;, ...],&quot;***************************************************************************************************\r\n* VVIZSBKSXTUDBBJKHR                                                                              *\r\n* FHBOKNWLOOJVQUYWITNYSVEYSAX                                                                     *\r\n* UCTDDIYXTHYMVPWDNXDIDEBQTSOJCDWJPDRLUGSHVACBVADCZALVXOPPBDJKUPUQKOWSYKJHEV                      *\r\n* DBZUSPLJCSAMBNBKRXHNFFMQHEKEPRDQBBMOBJQVIGSYKBVEWA                                              *\r\n* KWIHXPJMOEGULOJKABNIIGMEZNNGFIGIPZTUTUPYRWCRBMHKAQVCIRJDJDHJBDHFXYELU                           *\r\n* RFMPRLEVCMGDGONDAYPPKPMFXOPWTDHVPKZPQTZXZOAVCYXSRUXGVFFBTGSCW                                   *\r\n* CZELNVPYMGYRPVPRCYRWEZFBZJFXWK                                                                  *\r\n* XBRMB                                                                                           *\r\n* RKBDTHRIDPJMBDTKADDTDLDQRBCFAQXJOBLOQTKROTVUVLUGHMAOJIMFGLLREL                                  *\r\n* NSAXASFUHSLEKPJUGHWXNQIAGOFHF                                                                   *\r\n* SNDLICVNUNCSTWYDBQWQFKINTWJARL                                                                  *\r\n* XPZZYBZHHZSNIVVWMCCNPKOCIFPRLTVVIAEDTWACCJPRMXZSYAW                                             *\r\n* PYYNAXRSLHVODWEHQSDQBAKFVXQLFXTLWXGKCRCWFHRVNANPSRCGWFWONSRDGGMONJRGQUFYPGLUIPRVJASOVNOQBRWKA   *\r\n* PYUDHEIHZXMDQQUBFYAWTGNYTAUAEYYUYRQMAFHNMCBVBRWYWAMXKDEJLVKGKICAZRFYAIAARMKRESWBDWEEMAJUMGBEVAD *\r\n* ZAVJLXXOZMGXTNFSY                                                                               *\r\n* DNDYOYHLMTGWEQJFRDWMPFYQFATMAZBIG                                                               *\r\n***************************************************************************************************\r\n&quot;)" methodname="TestWithRandom" classname="Open_Lab_04._14.Tests" runstate="Runnable" seed="434439134" result="Passed" start-time="2021-12-27 14:18:11Z" end-time="2021-12-27 14:18:11Z" duration="0.003390" asserts="1803" />
            <test-case id="1043" name="TestWithRandom([&quot;PABLWCALEHDHQONVBVLSXPNSOEVKNSYQRTUFQRZKPUUICSDYMEZMUUAANIXRGPYLJNQWTIEJWBCCUEQWBXYJSLWWTU&quot;, &quot;HUHEZWIZPBGEEZQQSRXFISAQIRPSXRUDZQXOOWCGLEBUUSTJCVDEVPIPURVIHPCYHDFNB&quot;, &quot;CWPQTER&quot;, &quot;WPXFQBNPHKHIUXAUZVCCNQ&quot;, &quot;GHATHPFVEXOUGKCZAKRVVFTHEVURXCOSFCRXPIGACODKFCUJXWBSW&quot;, ...],&quot;********************************************************************************************************\r\n* PABLWCALEHDHQONVBVLSXPNSOEVKNSYQRTUFQRZKPUUICSDYMEZMUUAANIXRGPYLJNQWTIEJWBCCUEQWBXYJSLWWTU           *\r\n* HUHEZWIZPBGEEZQQSRXFISAQIRPSXRUDZQXOOWCGLEBUUSTJCVDEVPIPURVIHPCYHDFNB                                *\r\n* CWPQTER                                                                                              *\r\n* WPXFQBNPHKHIUXAUZVCCNQ                                                                               *\r\n* GHATHPFVEXOUGKCZAKRVVFTHEVURXCOSFCRXPIGACODKFCUJXWBSW                                                *\r\n* SAOTOLUNYCJWODTEJSDQTGCJBCAKUBBWVKKRJWTUFPQBBJNQQSMJOFBLXERMLKSWBNAETBVNYJKEQBISO                    *\r\n* TCOSHQJYTEEHJVWTAOIJWOWZKFUXUVWZXBQQI                                                                *\r\n* FKUVHRJQZPIWBTKFMFFOHBVMDYHEKHFFKRI                                                                  *\r\n* PBGEQUFFOXUCPSPLKTBDOIRJKEGSJCLKLLPKYAYNVQXGEEPRRUURPEKHKXUMNNWMLJRDCENKVOIXKLFFOPAOIUVHBIZAGM       *\r\n* IULUUNMONHKVBWMWZROXYNHDROKBTEMDJOZDYQLSCANHXYUKPMAJROBVMHCGDKVIVGMMWIXIGWVYAZFSUZMHECMVNEQROEPREEMR *\r\n* HOGORDUSDVNBKMDXOESURZRRGUBHETVNOFMKFSMZRCJJDPDS                                                     *\r\n* TQATXVIWPIXCNOJZZNEZTSVRTCOPIOQQIVKDVURKEOQJP                                                        *\r\n* DOAKECZSSBUIAUGSOARGTSEGEEVTVFCMCWYZPYJORPDIIMUWDLZPSIDLKTFZGFXNZIGDVHCPQDODPVXRKYQJFMTTS            *\r\n* OWSKHMSQJAGQBWIJYPTZWPVOOIPNHMOMKHSGXGVCLYLXKUXTAVNEZ                                                *\r\n* RZADVZXEIWLUFTDCMSUROXDYETKVNMZKMRQTGUKVFGQOLPPDQYJVKIEUVCYBOBRWXBHODKVSHY                           *\r\n* HGPMOEGFOCDZDMVXDVIHEPURKHBAFCRNMXXOGQKXHWCTT                                                        *\r\n* EBHMSX                                                                                               *\r\n* RHSMXBGDGZMLPNGPHRNKLZHNAXIDZSTKUPVPEBIODTBWQIENXLAVEMNRZFLATDDNGCRASRKFIZHSXLWSSVGOSXFIBDPZPHVA     *\r\n* OPNQDUGAUMFEVUNITHXWPUIXJYPBKQAEHCJVJBPAANXLZDGICRWAXDZTHQHF                                         *\r\n* EQELBWSLSYRSXWCXXXFRG                                                                                *\r\n* TUAGEDPOSUKVVWTZXHOXJSEHZGWWJTCNYFXJKURPVDGXICAFDXZXDIPAQTGXGTEZSWWQZJOCPZCGMGZXGRSMTEJQQWTRNUICYH   *\r\n* LGKFTIXIEGJOJTJRPASG                                                                                 *\r\n* NGZDPXOVQZHFBNRVLZDWVFJGIKXECTBFBRYAKCELINNGBIHGSWEBPJS                                              *\r\n* WTUFZKSXYBEKPQKIUSNIRCFZCRLGPA                                                                       *\r\n* RYQDRIYMXUQIZEXQBLVGXWKPUNUCHYLHXKNLYNSAWFPNBTFVFBJVUTTUOAJENWEZJ                                    *\r\n* KORLSOSUKRGWOAIZWGPQNERSXXEONZBQES                                                                   *\r\n* QDUIVCZJCOSMIWOAYKSUGXZNUJDHKQPSVRRV                                                                 *\r\n* XTOOUODFL                                                                                            *\r\n* SYZCGLXCTDGOLYRYMYZQRESXBQEGLIWIJOLJLNJGXOXRVIHPWWCEFUENGBBPGRQKHXFXNINYPTSDGABSJPJP                 *\r\n* RDOJXCJMTZGXNJYDJCOIEOM                                                                              *\r\n* AGFZIGR                                                                                              *\r\n* AFQUQNQFDLWTMFTQDOZNVHBDQNJQXJ                                                                       *\r\n* MIZXHTDNWLIFSR                                                                                       *\r\n* PVNOVUHEMTDMDDEZITIKLMILWABDBMBILXXNDJNJEDMDEHZKRMALKHHCNBRVSEDZRUBGFRWYFZ                           *\r\n* HAEHPARLOMQYEPUACRSQZAMLJ                                                                            *\r\n* TEAQBFKAACITBUBSONBWWQK                                                                              *\r\n* TGNJGHNTYKHMLYKKNDPSRIQXOGMZJNICTJWUSBUTOOVRMPHPDQITBSYLQPUZUOJLB                                    *\r\n* TBCPSMJVDDNYKZZWWTFPAA                                                                               *\r\n* LECHUYAFKQHVFNNYVJFPVXREVAYRQFLFSRRLPEPXCX                                                           *\r\n* IDDTJIUJFULONM                                                                                       *\r\n* MTAJPEECDOWCIQUIMYUIBRGOJVWFKGCDYRSVXTIZEBAFNGLSLMYQTDWUMLZTHYRWLSDRYZLTPUEARBBCKEUYHLJUUYILT        *\r\n* RFJDTUDUULBFBYZWDLJXICDTPAIIWZQZZACZRNHHZQKJXBKLVYVXCWGOBPOT                                         *\r\n* UXUVBGAVZFPDCXSSUWNPXMYESXCTOYBZNVESPNVVJPWSGU                                                       *\r\n* ZNWGSBEOIYQCEDHHBDPPHSZDHBRFHQFXYXDFRRIYJHWUZKQSCHVOQESGOSYRJYGSTSEHZBPJURGAWFEXKYCAVQGUEXRZSROKAEB  *\r\n* FJTBSLTZXSKIOBGLWGXCLKCBJ                                                                            *\r\n* QDCVZREXRBFBIJXGWMNJKQLDOUHYUVGRRBUQXCSSDQKEFUYNEENPOAGARZHFKFDVU                                    *\r\n* JGPGJUUVFTGHXTWTUPHRDRUUZXUNHYNPJSLRYYVTVSUNTKCNIQLNND                                               *\r\n* SLUHLZGOHFQXFIEVVUOWKWHAOVGEQMZBFHSFDRJTO                                                            *\r\n* NHDMWFDUQTZHZVDUSQ                                                                                   *\r\n* BXUGORXPZSDKUHGIAXBYABVWGCYHXCIYTAMGSBOVZPECMIEZTMDXQRSABYZMTPSWJFRUUZQZIGZ                          *\r\n* WTJYXYOKYLHCHMFUBCBJXHSHQKFUWDOKRHEHOBOUBIYY                                                         *\r\n********************************************************************************************************\r\n&quot;)" fullname="Open_Lab_04._14.Tests.TestWithRandom([&quot;PABLWCALEHDHQONVBVLSXPNSOEVKNSYQRTUFQRZKPUUICSDYMEZMUUAANIXRGPYLJNQWTIEJWBCCUEQWBXYJSLWWTU&quot;, &quot;HUHEZWIZPBGEEZQQSRXFISAQIRPSXRUDZQXOOWCGLEBUUSTJCVDEVPIPURVIHPCYHDFNB&quot;, &quot;CWPQTER&quot;, &quot;WPXFQBNPHKHIUXAUZVCCNQ&quot;, &quot;GHATHPFVEXOUGKCZAKRVVFTHEVURXCOSFCRXPIGACODKFCUJXWBSW&quot;, ...],&quot;********************************************************************************************************\r\n* PABLWCALEHDHQONVBVLSXPNSOEVKNSYQRTUFQRZKPUUICSDYMEZMUUAANIXRGPYLJNQWTIEJWBCCUEQWBXYJSLWWTU           *\r\n* HUHEZWIZPBGEEZQQSRXFISAQIRPSXRUDZQXOOWCGLEBUUSTJCVDEVPIPURVIHPCYHDFNB                                *\r\n* CWPQTER                                                                                              *\r\n* WPXFQBNPHKHIUXAUZVCCNQ                                                                               *\r\n* GHATHPFVEXOUGKCZAKRVVFTHEVURXCOSFCRXPIGACODKFCUJXWBSW                                                *\r\n* SAOTOLUNYCJWODTEJSDQTGCJBCAKUBBWVKKRJWTUFPQBBJNQQSMJOFBLXERMLKSWBNAETBVNYJKEQBISO                    *\r\n* TCOSHQJYTEEHJVWTAOIJWOWZKFUXUVWZXBQQI                                                                *\r\n* FKUVHRJQZPIWBTKFMFFOHBVMDYHEKHFFKRI                                                                  *\r\n* PBGEQUFFOXUCPSPLKTBDOIRJKEGSJCLKLLPKYAYNVQXGEEPRRUURPEKHKXUMNNWMLJRDCENKVOIXKLFFOPAOIUVHBIZAGM       *\r\n* IULUUNMONHKVBWMWZROXYNHDROKBTEMDJOZDYQLSCANHXYUKPMAJROBVMHCGDKVIVGMMWIXIGWVYAZFSUZMHECMVNEQROEPREEMR *\r\n* HOGORDUSDVNBKMDXOESURZRRGUBHETVNOFMKFSMZRCJJDPDS                                                     *\r\n* TQATXVIWPIXCNOJZZNEZTSVRTCOPIOQQIVKDVURKEOQJP                                                        *\r\n* DOAKECZSSBUIAUGSOARGTSEGEEVTVFCMCWYZPYJORPDIIMUWDLZPSIDLKTFZGFXNZIGDVHCPQDODPVXRKYQJFMTTS            *\r\n* OWSKHMSQJAGQBWIJYPTZWPVOOIPNHMOMKHSGXGVCLYLXKUXTAVNEZ                                                *\r\n* RZADVZXEIWLUFTDCMSUROXDYETKVNMZKMRQTGUKVFGQOLPPDQYJVKIEUVCYBOBRWXBHODKVSHY                           *\r\n* HGPMOEGFOCDZDMVXDVIHEPURKHBAFCRNMXXOGQKXHWCTT                                                        *\r\n* EBHMSX                                                                                               *\r\n* RHSMXBGDGZMLPNGPHRNKLZHNAXIDZSTKUPVPEBIODTBWQIENXLAVEMNRZFLATDDNGCRASRKFIZHSXLWSSVGOSXFIBDPZPHVA     *\r\n* OPNQDUGAUMFEVUNITHXWPUIXJYPBKQAEHCJVJBPAANXLZDGICRWAXDZTHQHF                                         *\r\n* EQELBWSLSYRSXWCXXXFRG                                                                                *\r\n* TUAGEDPOSUKVVWTZXHOXJSEHZGWWJTCNYFXJKURPVDGXICAFDXZXDIPAQTGXGTEZSWWQZJOCPZCGMGZXGRSMTEJQQWTRNUICYH   *\r\n* LGKFTIXIEGJOJTJRPASG                                                                                 *\r\n* NGZDPXOVQZHFBNRVLZDWVFJGIKXECTBFBRYAKCELINNGBIHGSWEBPJS                                              *\r\n* WTUFZKSXYBEKPQKIUSNIRCFZCRLGPA                                                                       *\r\n* RYQDRIYMXUQIZEXQBLVGXWKPUNUCHYLHXKNLYNSAWFPNBTFVFBJVUTTUOAJENWEZJ                                    *\r\n* KORLSOSUKRGWOAIZWGPQNERSXXEONZBQES                                                                   *\r\n* QDUIVCZJCOSMIWOAYKSUGXZNUJDHKQPSVRRV                                                                 *\r\n* XTOOUODFL                                                                                            *\r\n* SYZCGLXCTDGOLYRYMYZQRESXBQEGLIWIJOLJLNJGXOXRVIHPWWCEFUENGBBPGRQKHXFXNINYPTSDGABSJPJP                 *\r\n* RDOJXCJMTZGXNJYDJCOIEOM                                                                              *\r\n* AGFZIGR                                                                                              *\r\n* AFQUQNQFDLWTMFTQDOZNVHBDQNJQXJ                                                                       *\r\n* MIZXHTDNWLIFSR                                                                                       *\r\n* PVNOVUHEMTDMDDEZITIKLMILWABDBMBILXXNDJNJEDMDEHZKRMALKHHCNBRVSEDZRUBGFRWYFZ                           *\r\n* HAEHPARLOMQYEPUACRSQZAMLJ                                                                            *\r\n* TEAQBFKAACITBUBSONBWWQK                                                                              *\r\n* TGNJGHNTYKHMLYKKNDPSRIQXOGMZJNICTJWUSBUTOOVRMPHPDQITBSYLQPUZUOJLB                                    *\r\n* TBCPSMJVDDNYKZZWWTFPAA                                                                               *\r\n* LECHUYAFKQHVFNNYVJFPVXREVAYRQFLFSRRLPEPXCX                                                           *\r\n* IDDTJIUJFULONM                                                                                       *\r\n* MTAJPEECDOWCIQUIMYUIBRGOJVWFKGCDYRSVXTIZEBAFNGLSLMYQTDWUMLZTHYRWLSDRYZLTPUEARBBCKEUYHLJUUYILT        *\r\n* RFJDTUDUULBFBYZWDLJXICDTPAIIWZQZZACZRNHHZQKJXBKLVYVXCWGOBPOT                                         *\r\n* UXUVBGAVZFPDCXSSUWNPXMYESXCTOYBZNVESPNVVJPWSGU                                                       *\r\n* ZNWGSBEOIYQCEDHHBDPPHSZDHBRFHQFXYXDFRRIYJHWUZKQSCHVOQESGOSYRJYGSTSEHZBPJURGAWFEXKYCAVQGUEXRZSROKAEB  *\r\n* FJTBSLTZXSKIOBGLWGXCLKCBJ                                                                            *\r\n* QDCVZREXRBFBIJXGWMNJKQLDOUHYUVGRRBUQXCSSDQKEFUYNEENPOAGARZHFKFDVU                                    *\r\n* JGPGJUUVFTGHXTWTUPHRDRUUZXUNHYNPJSLRYYVTVSUNTKCNIQLNND                                               *\r\n* SLUHLZGOHFQXFIEVVUOWKWHAOVGEQMZBFHSFDRJTO                                                            *\r\n* NHDMWFDUQTZHZVDUSQ                                                                                   *\r\n* BXUGORXPZSDKUHGIAXBYABVWGCYHXCIYTAMGSBOVZPECMIEZTMDXQRSABYZMTPSWJFRUUZQZIGZ                          *\r\n* WTJYXYOKYLHCHMFUBCBJXHSHQKFUWDOKRHEHOBOUBIYY                                                         *\r\n********************************************************************************************************\r\n&quot;)" methodname="TestWithRandom" classname="Open_Lab_04._14.Tests" runstate="Runnable" seed="1311508268" result="Passed" start-time="2021-12-27 14:18:11Z" end-time="2021-12-27 14:18:11Z" duration="0.013880" asserts="5568" />
            <test-case id="1044" name="TestWithRandom([&quot;MITVYGEPOOBCHNTTNVXXKAIXFZNHHPJTKBXWAAFHFBTPGLUABIUCBZFMAWPY&quot;, &quot;XIZFHSGPWTNQPRIHTQUFMFZUHSKVLWDKGPITTKYTOLEOHMMHXEGFVTGRIEYPHKEZPCJZJONJS&quot;, &quot;QBBKN&quot;, &quot;GCYGPYPNJRLPMILEHEZEDMYIRXNUCEQXQDJFLXKRMVQSDYXJQMUWLIRTEPPRKULEANYIZGSKUISIVGFS&quot;, &quot;DEPK&quot;, ...],&quot;********************************************************************************************************\r\n* MITVYGEPOOBCHNTTNVXXKAIXFZNHHPJTKBXWAAFHFBTPGLUABIUCBZFMAWPY                                         *\r\n* XIZFHSGPWTNQPRIHTQUFMFZUHSKVLWDKGPITTKYTOLEOHMMHXEGFVTGRIEYPHKEZPCJZJONJS                            *\r\n* QBBKN                                                                                                *\r\n* GCYGPYPNJRLPMILEHEZEDMYIRXNUCEQXQDJFLXKRMVQSDYXJQMUWLIRTEPPRKULEANYIZGSKUISIVGFS                     *\r\n* DEPK                                                                                                 *\r\n* MIMPAWHSGSJMRPZOKKUKBCQJYYKXQGQWUGBQWJFWDCCZYJOQTMTUUATKRDRCLKBZBMRLOISAEYGYAQK                      *\r\n* JUDENVCUMQZTRDKSBCXMRDBKUSPWTUJASDSRGWMGKXYXJZJAOOXYSXXGS                                            *\r\n* KUFGASHYAOLSMEPRCTEEAVJPIFXLIUGLZNMSADXGQLYUPVBSIAVDCOSPLQYVUVQFIZTZSXRYWYO                          *\r\n* WOZMDEDHZCJLUWHJFBLUVSMPCBAKJXGDADSWRLRPSJGFQHFVQISUNTTDBJ                                           *\r\n* BESXBWGLQEKSUKVCMMHZUWEUBELQGJPUHBPLALEJ                                                             *\r\n* WORFQYKRRHRUKPEZXWXKPEGOPKSUKCBHXPYINOLF                                                             *\r\n* YPCX                                                                                                 *\r\n* XLK                                                                                                  *\r\n* COHZURHCQFGQHOGKWUQWMJLRJRPEROMGJYZMZYUHBKYFZK                                                       *\r\n* AWMEDVOZTCPPDCDLBSZGJOTLXZJVBLGSZZOIEKJLVYGKJJRFYZWMZDILCBGDMTYHWXQ                                  *\r\n* NUGQJOLKIJBOID                                                                                       *\r\n* BOTSVRCFCEGZBAYOLTNRDTGDLRXDTASUIWXTCFULLODMCPJJJVPUUMTHIQGDTYMCLLQFDFLGYCFOPTAWINUYKXAW             *\r\n* PLMYQRMCBBRYE                                                                                        *\r\n* DJIWSGEROPKVFEORNLUCNUZIHK                                                                           *\r\n* MOSJYDHQOBBHPYXWXOVLIOJNFDCTJKAOINSDWFLRYNZPMDFDQXBUMYKXEFEUBOHEBMZCGTZRCD                           *\r\n* UOUACYYDLIGCJCUZRBRQKGVOZDCXWYKRJLPJKEBWCLVVVKQZLUI                                                  *\r\n* LMCOTFAYVAGNYOSYMLOMZUNZKZSPNDMBPTGWIBPEDCABEIXGSRMZFWQQYDDTMLL                                      *\r\n* OFXEIWQLVKIWTLVCCMXWQMWTDPXFXWRSRINZKSYVBBEUNTWNIBQAOPCCJEBSYKNZTQFLYVS                              *\r\n* NBUOIBFJSKWWFQDCGKPFRFXQNEBXOLOMJGMNUNUI                                                             *\r\n* RANORUCMCFOGMSIDEADZIUHVKNZEQHSQHGZFJCWKZLLFAGWNEKQNQIQWSSEDUYWVNXYFSDTBETZXJBVDQLAFQFZYPDMRYSPBO    *\r\n* SCHRUAQOIXJTNRWANJXQEHYZPPRCDLEXISJSWZRZPCWBPWPVUXFGDYMKDIBEJNKX                                     *\r\n* LLUIDENRYACLXJTZWHGGYUKGYPNXMQBRZIEKUNRTROFXJZGYIFNGEQVRAOJOQPFIYLLOFIEJQMO                          *\r\n* ONWYIOPHDVMIMNJGDCCBIXYYNRTZADPSCLCNRLG                                                              *\r\n* AYEDYDCS                                                                                             *\r\n* YFOJNBROYKQVQHZFUGBLWPSWBBKSUAKPBACYBIOKKYTAPGJRFXEWAGCINRILQZTXABUPEBDLRRAXWRGURTMXVNOUXTKJADTL     *\r\n* VANMTMEUTFJGFMWKNUX                                                                                  *\r\n* WCMMZSLQTKOYPSBRTIXHIDCIFOSHOYNJVYISOBMBBNAIRKQNL                                                    *\r\n* REWQETZDGLADCUXFCQKI                                                                                 *\r\n* SWWGUCTRVXEW                                                                                         *\r\n* HIMFUOTKUABXLFLMIZDCCZIAKJQFMLNVHTNP                                                                 *\r\n* XWVOSXVUJJXIFMXBTGHZMVKXNYIMFPRRWTLDHOJCNFBATWGZPTOMGPFCMYBTOIPTRGMLBU                               *\r\n* EXFMHTJDQRJWLAFLGOJQINPNEPHJNKVXVZJPBCXICUKCELDTMUGWSEMRHRHRMAQGWMBMQPKDQANNCNIS                     *\r\n* NWSEYFQMRHJVGVCDDGSJQCWKCFRQYPTIOFYEYCXGLAYHAIKFL                                                    *\r\n* ZHQJWKZHBSOAOCOBGAXYFAILYQEOKTUMEOPMSFI                                                              *\r\n* EQAFSKLVTZCJHNEYZEKFGKXIXCVANBIASJTOADTNEIVKRKERKRNNUC                                               *\r\n* TTSHPOLIRQCRYTPYVLXBYPMRMYEPW                                                                        *\r\n* VFPBAVHVDZTZDUPTFXUSRCXBJDHBURKVMDVWCWTURAHXHYMRBTSGUDXT                                             *\r\n* NSWNFBLOXMAZSQIEABRUZUKRPZAYDAIG                                                                     *\r\n* OOEWGLYV                                                                                             *\r\n* JLMSJCKCUCFYITIFYGANLXETXECEIUQSYQKY                                                                 *\r\n* WQXOBGGADFVVRHFYIXMHS                                                                                *\r\n* EAGTZLNZRJKZBPCYKQXTUYGIQNLUQSXQNBLXIHHVNDNLLRGPVJNVKYBFTXCMASJYLTMADFQDJBGQLVXZGV                   *\r\n* GFBFOAFDLEVUUTOARFGLPTJMISKUYZDFETDTJNYZYCFZNHLXWUGUAKJNVPWVPLELAQQBQVQDGGNNNKYBGNYDTJEUJQXURCJMXT   *\r\n* XRKGAECNUWWZKQVPCMASQLVRZYVMEWAPTMAKWGYZQWJXNQMDVNGAWBHLVTHBIQJXWGGYPKTWNBCUBYDJLRQQPZTSEOPDZWQ      *\r\n* MMAHKNNKUKMVYMJXPXPQZSHWMNUAVQXRLCHPXWYXEFWFNYTRFRNBGZAUEEUWTMPENVJWEUZSZRMTWCJOUCVDCVKMBNKTBBERQRRR *\r\n* WMKSVCOMGXCUFCRRLCRLXURJGRXNVCEKSAXPLLHTVZVPIYVYMZFPZGRCV                                            *\r\n* MDEAQE                                                                                               *\r\n* SCFFBGZVYPXZBBHVYBVXOKLIUTJZDPUIQWQWPTKTFUBQTCTAEIFZVGEHQWKHWASJUPIFKLFFQBR                          *\r\n* JVPSZJUUJUNKRIFSJCXECSVEUOPTCAJTOKYVHSHMGXZZBYNCGMVNENSQZLXLUBSJLUVHKJLRUKYFTVC                      *\r\n* ANNQEVOBSHWVUWSEFPOHDGRWBESTOMXDJBKHOBEPFTPDNPWYSTZDHUTUVQPZDUNFJTMSLLQDLYBJROJLIUBVMU               *\r\n* OIQLXMFMLGJTUCDMHCWSITJCHHDRJSSSPXYKVZTQGMQDHUOIEHUSQCMUZNDPJNDSNREWETQHJFMWDFVNSVNB                 *\r\n* ACMKDLIVDHSJXPQPRELRNIKQQRTSQWNACUNPSMAHILFYTNFQFXARBJKRRVUMSQEHTSGDCAXFDDIBCMXCLDMTVWYSJWXWS        *\r\n* PRHYEAGCNEZVNYAJOFYRAODLLXUOTFDBNPNQUEHWVJPIUAJZRAHSXAN                                              *\r\n* OVNHF                                                                                                *\r\n* IIAXHXKJOKXBVRZURKNVXTYLDNCMCYRAQDAHIWSLOHLXUVEVBUECTKUPJPTUVYHQSXKRRR                               *\r\n* USCGQHARIIGKITPGGJKXSCXQQZUEWKMEJHKJREEHIYLMONZW                                                     *\r\n* REIGUTSUMPQM                                                                                         *\r\n* UXVBAAJFPBECOUQLBDAXBFGEYPORPFOOVMDOQMMZNXBCDDFZBJKMPOUPRRDLMRQKNQHCQCUOQBKEDDAUKOQGU                *\r\n* YGSOXZJB                                                                                             *\r\n* WGRPNVDJZOWVOEPLNQJAXAKQLRBJBEUFPOOXMNMYHERRXGJBCCJ                                                  *\r\n* AAPVWBEVUTHUTQGAQSZZDKTSJSSFIAGZVLF                                                                  *\r\n* YSALJRENXWXHZIKKDJFPGWLDJYNUMIYHLSBXROQMGGVMVLGZPWVLGPHCH                                            *\r\n* BKEKAPXPVGGMTPTSJAAYIYSNEQMNAWKZQUMFIVFGOFPZTCDGSOFHBIODRRFKCKPZWHWYCNKNUUJDITTBNFUMQCXHFI           *\r\n* QQVDEQQCLGEEEDSNHYLUYXDWXPCJTJOTTZTXYRFNSQIVJBPJXPQIUN                                               *\r\n* TMZGONGJCSKKFJUOPTYCHPINWZTLDTFYFJALZLRZLHFDYQKZDAAPWLIEDLJOU                                        *\r\n* FJMLFVJIPECYRZJFOGPUHDSPCUBVHNBCEPCWQMKPPULVNXUJVXWDZANCQXJLUOABDZUBWMPCVZEMRWBFASAJ                 *\r\n* XDEBAGTDZVBTJSODSMJIUIZWBKTVDLBNRLGVPZVGWYVECTHENCHFRBVOEIAQMYZO                                     *\r\n* NCYLSNSQCMVMUTHCPHBDWWPPRRHYFTXZGLPQJSVOOOOOZCJOSNWQXKXQNJUAFTLIOWFJDRTWMNP                          *\r\n* IAPPISGSWHBVNYDAYUJUDFACWALBT                                                                        *\r\n* EK                                                                                                   *\r\n* PIMTFSMNSLHVJVFOTYRDUECAMTIHEYWDQAYQRGSCWGKTTHMEFMABMGBLFLHMJEIUPEFJXOXMFPHNTJHFGDBRY                *\r\n* QJYMLFZGSRXQEPBCHRPNVXZOSVEBFGDRVUNVLKDSNZWPPDFRDEWKCLYTJKUPAXBMOGUJBGQWNXAWAKYO                     *\r\n* MYAKSOJVTMBQORPYJAJIVQXNZWELCSYMFYNZACWRKNHUPFZFLXRKPFVWBMKVKYTBN                                    *\r\n* LPDPYGERXHIDYTXYAEBOWZDRYNSAHMUGGAUKCVZKGXINOXOQYLYPZYSLMM                                           *\r\n* KODJLNBWXYNWEERIYRPDAZBBWNFGHIJXPEPVCOWAMBQSLOTKIQTTWJPKNCNXHVOPP                                    *\r\n* HZPVGKVORZIJQIUUXRPQAGPEHABZTQMBCVGUVNKIYISQCELFDMXXZZOBKKN                                          *\r\n* JVVAMHGUBZZKHGRSNYCDOWVGT                                                                            *\r\n* BDHFJKZDZCNSEUYQDDNMQSHWNMIKRMAOGXFCNVQPLDHPEVUHFXSSTHZJWLSX                                         *\r\n* PMMCYLH                                                                                              *\r\n* VDIMXANLRRRRBETUHVZXWGBDTNWRUNFKNRKUJFVGMXETAFAKSSUDLJTOCFTK                                         *\r\n* WQELHEJUZKCZTLYBHCN                                                                                  *\r\n* LYCTCZDYVRELLBPHAITARQSHSDRXVMUCGXTXNLJIAKYIFQNSVQ                                                   *\r\n* ZJMVVGU                                                                                              *\r\n* YHGD                                                                                                 *\r\n********************************************************************************************************\r\n&quot;)" fullname="Open_Lab_04._14.Tests.TestWithRandom([&quot;MITVYGEPOOBCHNTTNVXXKAIXFZNHHPJTKBXWAAFHFBTPGLUABIUCBZFMAWPY&quot;, &quot;XIZFHSGPWTNQPRIHTQUFMFZUHSKVLWDKGPITTKYTOLEOHMMHXEGFVTGRIEYPHKEZPCJZJONJS&quot;, &quot;QBBKN&quot;, &quot;GCYGPYPNJRLPMILEHEZEDMYIRXNUCEQXQDJFLXKRMVQSDYXJQMUWLIRTEPPRKULEANYIZGSKUISIVGFS&quot;, &quot;DEPK&quot;, ...],&quot;********************************************************************************************************\r\n* MITVYGEPOOBCHNTTNVXXKAIXFZNHHPJTKBXWAAFHFBTPGLUABIUCBZFMAWPY                                         *\r\n* XIZFHSGPWTNQPRIHTQUFMFZUHSKVLWDKGPITTKYTOLEOHMMHXEGFVTGRIEYPHKEZPCJZJONJS                            *\r\n* QBBKN                                                                                                *\r\n* GCYGPYPNJRLPMILEHEZEDMYIRXNUCEQXQDJFLXKRMVQSDYXJQMUWLIRTEPPRKULEANYIZGSKUISIVGFS                     *\r\n* DEPK                                                                                                 *\r\n* MIMPAWHSGSJMRPZOKKUKBCQJYYKXQGQWUGBQWJFWDCCZYJOQTMTUUATKRDRCLKBZBMRLOISAEYGYAQK                      *\r\n* JUDENVCUMQZTRDKSBCXMRDBKUSPWTUJASDSRGWMGKXYXJZJAOOXYSXXGS                                            *\r\n* KUFGASHYAOLSMEPRCTEEAVJPIFXLIUGLZNMSADXGQLYUPVBSIAVDCOSPLQYVUVQFIZTZSXRYWYO                          *\r\n* WOZMDEDHZCJLUWHJFBLUVSMPCBAKJXGDADSWRLRPSJGFQHFVQISUNTTDBJ                                           *\r\n* BESXBWGLQEKSUKVCMMHZUWEUBELQGJPUHBPLALEJ                                                             *\r\n* WORFQYKRRHRUKPEZXWXKPEGOPKSUKCBHXPYINOLF                                                             *\r\n* YPCX                                                                                                 *\r\n* XLK                                                                                                  *\r\n* COHZURHCQFGQHOGKWUQWMJLRJRPEROMGJYZMZYUHBKYFZK                                                       *\r\n* AWMEDVOZTCPPDCDLBSZGJOTLXZJVBLGSZZOIEKJLVYGKJJRFYZWMZDILCBGDMTYHWXQ                                  *\r\n* NUGQJOLKIJBOID                                                                                       *\r\n* BOTSVRCFCEGZBAYOLTNRDTGDLRXDTASUIWXTCFULLODMCPJJJVPUUMTHIQGDTYMCLLQFDFLGYCFOPTAWINUYKXAW             *\r\n* PLMYQRMCBBRYE                                                                                        *\r\n* DJIWSGEROPKVFEORNLUCNUZIHK                                                                           *\r\n* MOSJYDHQOBBHPYXWXOVLIOJNFDCTJKAOINSDWFLRYNZPMDFDQXBUMYKXEFEUBOHEBMZCGTZRCD                           *\r\n* UOUACYYDLIGCJCUZRBRQKGVOZDCXWYKRJLPJKEBWCLVVVKQZLUI                                                  *\r\n* LMCOTFAYVAGNYOSYMLOMZUNZKZSPNDMBPTGWIBPEDCABEIXGSRMZFWQQYDDTMLL                                      *\r\n* OFXEIWQLVKIWTLVCCMXWQMWTDPXFXWRSRINZKSYVBBEUNTWNIBQAOPCCJEBSYKNZTQFLYVS                              *\r\n* NBUOIBFJSKWWFQDCGKPFRFXQNEBXOLOMJGMNUNUI                                                             *\r\n* RANORUCMCFOGMSIDEADZIUHVKNZEQHSQHGZFJCWKZLLFAGWNEKQNQIQWSSEDUYWVNXYFSDTBETZXJBVDQLAFQFZYPDMRYSPBO    *\r\n* SCHRUAQOIXJTNRWANJXQEHYZPPRCDLEXISJSWZRZPCWBPWPVUXFGDYMKDIBEJNKX                                     *\r\n* LLUIDENRYACLXJTZWHGGYUKGYPNXMQBRZIEKUNRTROFXJZGYIFNGEQVRAOJOQPFIYLLOFIEJQMO                          *\r\n* ONWYIOPHDVMIMNJGDCCBIXYYNRTZADPSCLCNRLG                                                              *\r\n* AYEDYDCS                                                                                             *\r\n* YFOJNBROYKQVQHZFUGBLWPSWBBKSUAKPBACYBIOKKYTAPGJRFXEWAGCINRILQZTXABUPEBDLRRAXWRGURTMXVNOUXTKJADTL     *\r\n* VANMTMEUTFJGFMWKNUX                                                                                  *\r\n* WCMMZSLQTKOYPSBRTIXHIDCIFOSHOYNJVYISOBMBBNAIRKQNL                                                    *\r\n* REWQETZDGLADCUXFCQKI                                                                                 *\r\n* SWWGUCTRVXEW                                                                                         *\r\n* HIMFUOTKUABXLFLMIZDCCZIAKJQFMLNVHTNP                                                                 *\r\n* XWVOSXVUJJXIFMXBTGHZMVKXNYIMFPRRWTLDHOJCNFBATWGZPTOMGPFCMYBTOIPTRGMLBU                               *\r\n* EXFMHTJDQRJWLAFLGOJQINPNEPHJNKVXVZJPBCXICUKCELDTMUGWSEMRHRHRMAQGWMBMQPKDQANNCNIS                     *\r\n* NWSEYFQMRHJVGVCDDGSJQCWKCFRQYPTIOFYEYCXGLAYHAIKFL                                                    *\r\n* ZHQJWKZHBSOAOCOBGAXYFAILYQEOKTUMEOPMSFI                                                              *\r\n* EQAFSKLVTZCJHNEYZEKFGKXIXCVANBIASJTOADTNEIVKRKERKRNNUC                                               *\r\n* TTSHPOLIRQCRYTPYVLXBYPMRMYEPW                                                                        *\r\n* VFPBAVHVDZTZDUPTFXUSRCXBJDHBURKVMDVWCWTURAHXHYMRBTSGUDXT                                             *\r\n* NSWNFBLOXMAZSQIEABRUZUKRPZAYDAIG                                                                     *\r\n* OOEWGLYV                                                                                             *\r\n* JLMSJCKCUCFYITIFYGANLXETXECEIUQSYQKY                                                                 *\r\n* WQXOBGGADFVVRHFYIXMHS                                                                                *\r\n* EAGTZLNZRJKZBPCYKQXTUYGIQNLUQSXQNBLXIHHVNDNLLRGPVJNVKYBFTXCMASJYLTMADFQDJBGQLVXZGV                   *\r\n* GFBFOAFDLEVUUTOARFGLPTJMISKUYZDFETDTJNYZYCFZNHLXWUGUAKJNVPWVPLELAQQBQVQDGGNNNKYBGNYDTJEUJQXURCJMXT   *\r\n* XRKGAECNUWWZKQVPCMASQLVRZYVMEWAPTMAKWGYZQWJXNQMDVNGAWBHLVTHBIQJXWGGYPKTWNBCUBYDJLRQQPZTSEOPDZWQ      *\r\n* MMAHKNNKUKMVYMJXPXPQZSHWMNUAVQXRLCHPXWYXEFWFNYTRFRNBGZAUEEUWTMPENVJWEUZSZRMTWCJOUCVDCVKMBNKTBBERQRRR *\r\n* WMKSVCOMGXCUFCRRLCRLXURJGRXNVCEKSAXPLLHTVZVPIYVYMZFPZGRCV                                            *\r\n* MDEAQE                                                                                               *\r\n* SCFFBGZVYPXZBBHVYBVXOKLIUTJZDPUIQWQWPTKTFUBQTCTAEIFZVGEHQWKHWASJUPIFKLFFQBR                          *\r\n* JVPSZJUUJUNKRIFSJCXECSVEUOPTCAJTOKYVHSHMGXZZBYNCGMVNENSQZLXLUBSJLUVHKJLRUKYFTVC                      *\r\n* ANNQEVOBSHWVUWSEFPOHDGRWBESTOMXDJBKHOBEPFTPDNPWYSTZDHUTUVQPZDUNFJTMSLLQDLYBJROJLIUBVMU               *\r\n* OIQLXMFMLGJTUCDMHCWSITJCHHDRJSSSPXYKVZTQGMQDHUOIEHUSQCMUZNDPJNDSNREWETQHJFMWDFVNSVNB                 *\r\n* ACMKDLIVDHSJXPQPRELRNIKQQRTSQWNACUNPSMAHILFYTNFQFXARBJKRRVUMSQEHTSGDCAXFDDIBCMXCLDMTVWYSJWXWS        *\r\n* PRHYEAGCNEZVNYAJOFYRAODLLXUOTFDBNPNQUEHWVJPIUAJZRAHSXAN                                              *\r\n* OVNHF                                                                                                *\r\n* IIAXHXKJOKXBVRZURKNVXTYLDNCMCYRAQDAHIWSLOHLXUVEVBUECTKUPJPTUVYHQSXKRRR                               *\r\n* USCGQHARIIGKITPGGJKXSCXQQZUEWKMEJHKJREEHIYLMONZW                                                     *\r\n* REIGUTSUMPQM                                                                                         *\r\n* UXVBAAJFPBECOUQLBDAXBFGEYPORPFOOVMDOQMMZNXBCDDFZBJKMPOUPRRDLMRQKNQHCQCUOQBKEDDAUKOQGU                *\r\n* YGSOXZJB                                                                                             *\r\n* WGRPNVDJZOWVOEPLNQJAXAKQLRBJBEUFPOOXMNMYHERRXGJBCCJ                                                  *\r\n* AAPVWBEVUTHUTQGAQSZZDKTSJSSFIAGZVLF                                                                  *\r\n* YSALJRENXWXHZIKKDJFPGWLDJYNUMIYHLSBXROQMGGVMVLGZPWVLGPHCH                                            *\r\n* BKEKAPXPVGGMTPTSJAAYIYSNEQMNAWKZQUMFIVFGOFPZTCDGSOFHBIODRRFKCKPZWHWYCNKNUUJDITTBNFUMQCXHFI           *\r\n* QQVDEQQCLGEEEDSNHYLUYXDWXPCJTJOTTZTXYRFNSQIVJBPJXPQIUN                                               *\r\n* TMZGONGJCSKKFJUOPTYCHPINWZTLDTFYFJALZLRZLHFDYQKZDAAPWLIEDLJOU                                        *\r\n* FJMLFVJIPECYRZJFOGPUHDSPCUBVHNBCEPCWQMKPPULVNXUJVXWDZANCQXJLUOABDZUBWMPCVZEMRWBFASAJ                 *\r\n* XDEBAGTDZVBTJSODSMJIUIZWBKTVDLBNRLGVPZVGWYVECTHENCHFRBVOEIAQMYZO                                     *\r\n* NCYLSNSQCMVMUTHCPHBDWWPPRRHYFTXZGLPQJSVOOOOOZCJOSNWQXKXQNJUAFTLIOWFJDRTWMNP                          *\r\n* IAPPISGSWHBVNYDAYUJUDFACWALBT                                                                        *\r\n* EK                                                                                                   *\r\n* PIMTFSMNSLHVJVFOTYRDUECAMTIHEYWDQAYQRGSCWGKTTHMEFMABMGBLFLHMJEIUPEFJXOXMFPHNTJHFGDBRY                *\r\n* QJYMLFZGSRXQEPBCHRPNVXZOSVEBFGDRVUNVLKDSNZWPPDFRDEWKCLYTJKUPAXBMOGUJBGQWNXAWAKYO                     *\r\n* MYAKSOJVTMBQORPYJAJIVQXNZWELCSYMFYNZACWRKNHUPFZFLXRKPFVWBMKVKYTBN                                    *\r\n* LPDPYGERXHIDYTXYAEBOWZDRYNSAHMUGGAUKCVZKGXINOXOQYLYPZYSLMM                                           *\r\n* KODJLNBWXYNWEERIYRPDAZBBWNFGHIJXPEPVCOWAMBQSLOTKIQTTWJPKNCNXHVOPP                                    *\r\n* HZPVGKVORZIJQIUUXRPQAGPEHABZTQMBCVGUVNKIYISQCELFDMXXZZOBKKN                                          *\r\n* JVVAMHGUBZZKHGRSNYCDOWVGT                                                                            *\r\n* BDHFJKZDZCNSEUYQDDNMQSHWNMIKRMAOGXFCNVQPLDHPEVUHFXSSTHZJWLSX                                         *\r\n* PMMCYLH                                                                                              *\r\n* VDIMXANLRRRRBETUHVZXWGBDTNWRUNFKNRKUJFVGMXETAFAKSSUDLJTOCFTK                                         *\r\n* WQELHEJUZKCZTLYBHCN                                                                                  *\r\n* LYCTCZDYVRELLBPHAITARQSHSDRXVMUCGXTXNLJIAKYIFQNSVQ                                                   *\r\n* ZJMVVGU                                                                                              *\r\n* YHGD                                                                                                 *\r\n********************************************************************************************************\r\n&quot;)" methodname="TestWithRandom" classname="Open_Lab_04._14.Tests" runstate="Runnable" seed="1721830632" result="Passed" start-time="2021-12-27 14:18:11Z" end-time="2021-12-27 14:18:11Z" duration="0.030766" asserts="9558" />
            <test-case id="1045" name="TestWithRandom([&quot;CFOISTPYLAHRKCBPZBELUSTCXQTKKAUHPKDLZJDXMAYMNDWSZIHEYYCJMMKBAEOKGACZYQQPYHYUUGOUUAKCSPIRITY&quot;, &quot;ZBXHMNGNAWTJSSGRZIPFYPGZULRRRLRFRDPWJRHGAATYGBJAIQ&quot;, &quot;ZETOJUXNAVPVPEOROCJHIAIEXWITSCRIBTRAXOGCMDHKLEEURJVXYIJZWOQNMDUYEGUV&quot;, &quot;OTZWHVETXTTRNCJGTJTKSEIXSPJJIGEKIHDPVBRNEFYVXVYBL&quot;, &quot;KXAKTKLCDSLVLROIIGYTLSSGGNFNAXQHYQVHJXNTETYYBIUHHONSCRGSFUEGEXBGCEXUV&quot;, ...],&quot;*******************************************************************************************************\r\n* CFOISTPYLAHRKCBPZBELUSTCXQTKKAUHPKDLZJDXMAYMNDWSZIHEYYCJMMKBAEOKGACZYQQPYHYUUGOUUAKCSPIRITY         *\r\n* ZBXHMNGNAWTJSSGRZIPFYPGZULRRRLRFRDPWJRHGAATYGBJAIQ                                                  *\r\n* ZETOJUXNAVPVPEOROCJHIAIEXWITSCRIBTRAXOGCMDHKLEEURJVXYIJZWOQNMDUYEGUV                                *\r\n* OTZWHVETXTTRNCJGTJTKSEIXSPJJIGEKIHDPVBRNEFYVXVYBL                                                   *\r\n* KXAKTKLCDSLVLROIIGYTLSSGGNFNAXQHYQVHJXNTETYYBIUHHONSCRGSFUEGEXBGCEXUV                               *\r\n* ZKSFPSUTFXTXFLKXEGKDBPTHOGRR                                                                        *\r\n* WKZMAPCZWBNYMPGMGSPWEZQKRFKRKRIACWINTLFWHYIEWFPZMUIOBVSXTPUUFKOFSMVPHTTUMTOFRMNMPKEQIUZH            *\r\n* KTERKRWJCMJJASTB                                                                                    *\r\n* CHGMGHCIFUGYXYNOLWAODBCRWPADCPRLOVSRARELCJFWQLFNWVO                                                 *\r\n* SNJAFPQQHYFQCUKBGVOUROMUVGBLKMGHAVSBMRMKAOEDDPTVADHAHUFEAOFYNFGVRYQHBJOOJDTDKJRGNFKGFFZ             *\r\n* QOAYMNWVHILFZLUROSRDACTR                                                                            *\r\n* YLIVAPLYJRNIQCVGYVBXMHBKTRMOWFOUJAOCOZHTZGPUHIYPWXBGSTLQKXCICXCEDSZPOTSYOIXFSHDKTXRZDHCPPX          *\r\n* QXYQBEKROJIBDECSKWFXCURPFGDAVQJAQACBQRVBIQPBLVOUBPRTKZPWGIKVBKVYZHKCCBC                             *\r\n* AEPMEQEJSIZGYQPRLFVHHAAXURBDLLRZNZSFJCRPEADSKOZJSTQWGULAERRNPBYGQZTZXJH                             *\r\n* OFCGWHNGRRLSUVTSOSBSKDADCXBKVZMILHIA                                                                *\r\n* EDWELVXPFLVGBLEIPYLFZDZFCLSFDGNNSZJPFNYHCNXLGETOHZWIWVTBDQCADSMZYIOBBPC                             *\r\n* ADCLGOZ                                                                                             *\r\n* RDXDKEQWGILOLYDKBYNYPSNSWUITSHVPQDJAUJPTRSUTDOQBZSKIABIZQEGPWWDZMWXHPDPSJUGXXTOIEGUAXMPPVKJPCZ      *\r\n* UOVGHQJMVDRZGULBWQXLPCDBZHILFTZPJWMIBNHSUUYWFNIVJINZEOIRLTGAIXHBECPJICZJIEQVEGWMYMCWGZLUOUX         *\r\n* GGKXMWSDXYNHIDRZYMNEXUBVVKVERV                                                                      *\r\n* OESDBUTIINSOAZUOCILWBGSKLEPBBANMCDYDQAPFFEFREGBVBWSWFZTHLIRWFRHHAGLWARXCSFRXBBFFDTA                 *\r\n* IQGDJRRIJSANXXRYVEU                                                                                 *\r\n* ZQEAIWFJCLTLQCZJAINJZPTZEDAEKHKYYRFRMF                                                              *\r\n* MMHFXYOXUYHXMRLKJXEVEWBZVBVNZWHWUMBXSKWAPGFFCJXGMHWUIKQPKIJVDBXXQLDAPORZBDFYRVWMEO                  *\r\n* SA                                                                                                  *\r\n* OKWLMJAAXOIHORFXRYPWTEERYPMXROBFXDWTDEBIZAGRQJGEHGX                                                 *\r\n* DETKFEM                                                                                             *\r\n* XDJIMDKLUMTMWGXSYMBOJHPKQZBTKMNYRELVRXFMZVJUNKEWGAMTDXOPNYSMBQAIZUVSVBBAHOPNYVWFUEMJAUVTQ           *\r\n* ISFSLIUBVTPMBFZLLPIARSBMSXERIEZBBZSIVPDGTXZDQHDHKOJFLQEQRTAOEDSQTOLBMQPVMBGUSXWKTWHUV               *\r\n* PKUCRCPPCQEJKBWBVTYNTKJKYTWQUHVYUAZAHKZNFXYQPJNUNRBNVIZFBKDYFZUUUGOJCVULULH                         *\r\n* LSUPFCCCGIDMATZWGAHGCDWJUESRXQTKACUIPOSDXROMCBIIWXETDBUHWLUBJKFPOSMYYQHRHEJKPKGTVJUZLAGZ            *\r\n* NMDTRTMMZXKPKKGQMLYRJSMEBFAPGDNMM                                                                   *\r\n* LEDXQLWXPMWDLZOJZPHHYVZZSMSXGVJYCUYCMOVNUMCAIYUBBWEYEFRQEEFDS                                       *\r\n* RUCYAQAMWKUUMMSZRURRWJQLUXDIXHJRVVUHXJXEAPAUEJSEXENLMADIDREDMSOPBDYRSLCHWNQHJWHKFYKTUXEURLEGFTRIALT *\r\n* KBMM                                                                                                *\r\n* FOYJWZGJUYO                                                                                         *\r\n*******************************************************************************************************\r\n&quot;)" fullname="Open_Lab_04._14.Tests.TestWithRandom([&quot;CFOISTPYLAHRKCBPZBELUSTCXQTKKAUHPKDLZJDXMAYMNDWSZIHEYYCJMMKBAEOKGACZYQQPYHYUUGOUUAKCSPIRITY&quot;, &quot;ZBXHMNGNAWTJSSGRZIPFYPGZULRRRLRFRDPWJRHGAATYGBJAIQ&quot;, &quot;ZETOJUXNAVPVPEOROCJHIAIEXWITSCRIBTRAXOGCMDHKLEEURJVXYIJZWOQNMDUYEGUV&quot;, &quot;OTZWHVETXTTRNCJGTJTKSEIXSPJJIGEKIHDPVBRNEFYVXVYBL&quot;, &quot;KXAKTKLCDSLVLROIIGYTLSSGGNFNAXQHYQVHJXNTETYYBIUHHONSCRGSFUEGEXBGCEXUV&quot;, ...],&quot;*******************************************************************************************************\r\n* CFOISTPYLAHRKCBPZBELUSTCXQTKKAUHPKDLZJDXMAYMNDWSZIHEYYCJMMKBAEOKGACZYQQPYHYUUGOUUAKCSPIRITY         *\r\n* ZBXHMNGNAWTJSSGRZIPFYPGZULRRRLRFRDPWJRHGAATYGBJAIQ                                                  *\r\n* ZETOJUXNAVPVPEOROCJHIAIEXWITSCRIBTRAXOGCMDHKLEEURJVXYIJZWOQNMDUYEGUV                                *\r\n* OTZWHVETXTTRNCJGTJTKSEIXSPJJIGEKIHDPVBRNEFYVXVYBL                                                   *\r\n* KXAKTKLCDSLVLROIIGYTLSSGGNFNAXQHYQVHJXNTETYYBIUHHONSCRGSFUEGEXBGCEXUV                               *\r\n* ZKSFPSUTFXTXFLKXEGKDBPTHOGRR                                                                        *\r\n* WKZMAPCZWBNYMPGMGSPWEZQKRFKRKRIACWINTLFWHYIEWFPZMUIOBVSXTPUUFKOFSMVPHTTUMTOFRMNMPKEQIUZH            *\r\n* KTERKRWJCMJJASTB                                                                                    *\r\n* CHGMGHCIFUGYXYNOLWAODBCRWPADCPRLOVSRARELCJFWQLFNWVO                                                 *\r\n* SNJAFPQQHYFQCUKBGVOUROMUVGBLKMGHAVSBMRMKAOEDDPTVADHAHUFEAOFYNFGVRYQHBJOOJDTDKJRGNFKGFFZ             *\r\n* QOAYMNWVHILFZLUROSRDACTR                                                                            *\r\n* YLIVAPLYJRNIQCVGYVBXMHBKTRMOWFOUJAOCOZHTZGPUHIYPWXBGSTLQKXCICXCEDSZPOTSYOIXFSHDKTXRZDHCPPX          *\r\n* QXYQBEKROJIBDECSKWFXCURPFGDAVQJAQACBQRVBIQPBLVOUBPRTKZPWGIKVBKVYZHKCCBC                             *\r\n* AEPMEQEJSIZGYQPRLFVHHAAXURBDLLRZNZSFJCRPEADSKOZJSTQWGULAERRNPBYGQZTZXJH                             *\r\n* OFCGWHNGRRLSUVTSOSBSKDADCXBKVZMILHIA                                                                *\r\n* EDWELVXPFLVGBLEIPYLFZDZFCLSFDGNNSZJPFNYHCNXLGETOHZWIWVTBDQCADSMZYIOBBPC                             *\r\n* ADCLGOZ                                                                                             *\r\n* RDXDKEQWGILOLYDKBYNYPSNSWUITSHVPQDJAUJPTRSUTDOQBZSKIABIZQEGPWWDZMWXHPDPSJUGXXTOIEGUAXMPPVKJPCZ      *\r\n* UOVGHQJMVDRZGULBWQXLPCDBZHILFTZPJWMIBNHSUUYWFNIVJINZEOIRLTGAIXHBECPJICZJIEQVEGWMYMCWGZLUOUX         *\r\n* GGKXMWSDXYNHIDRZYMNEXUBVVKVERV                                                                      *\r\n* OESDBUTIINSOAZUOCILWBGSKLEPBBANMCDYDQAPFFEFREGBVBWSWFZTHLIRWFRHHAGLWARXCSFRXBBFFDTA                 *\r\n* IQGDJRRIJSANXXRYVEU                                                                                 *\r\n* ZQEAIWFJCLTLQCZJAINJZPTZEDAEKHKYYRFRMF                                                              *\r\n* MMHFXYOXUYHXMRLKJXEVEWBZVBVNZWHWUMBXSKWAPGFFCJXGMHWUIKQPKIJVDBXXQLDAPORZBDFYRVWMEO                  *\r\n* SA                                                                                                  *\r\n* OKWLMJAAXOIHORFXRYPWTEERYPMXROBFXDWTDEBIZAGRQJGEHGX                                                 *\r\n* DETKFEM                                                                                             *\r\n* XDJIMDKLUMTMWGXSYMBOJHPKQZBTKMNYRELVRXFMZVJUNKEWGAMTDXOPNYSMBQAIZUVSVBBAHOPNYVWFUEMJAUVTQ           *\r\n* ISFSLIUBVTPMBFZLLPIARSBMSXERIEZBBZSIVPDGTXZDQHDHKOJFLQEQRTAOEDSQTOLBMQPVMBGUSXWKTWHUV               *\r\n* PKUCRCPPCQEJKBWBVTYNTKJKYTWQUHVYUAZAHKZNFXYQPJNUNRBNVIZFBKDYFZUUUGOJCVULULH                         *\r\n* LSUPFCCCGIDMATZWGAHGCDWJUESRXQTKACUIPOSDXROMCBIIWXETDBUHWLUBJKFPOSMYYQHRHEJKPKGTVJUZLAGZ            *\r\n* NMDTRTMMZXKPKKGQMLYRJSMEBFAPGDNMM                                                                   *\r\n* LEDXQLWXPMWDLZOJZPHHYVZZSMSXGVJYCUYCMOVNUMCAIYUBBWEYEFRQEEFDS                                       *\r\n* RUCYAQAMWKUUMMSZRURRWJQLUXDIXHJRVVUHXJXEAPAUEJSEXENLMADIDREDMSOPBDYRSLCHWNQHJWHKFYKTUXEURLEGFTRIALT *\r\n* KBMM                                                                                                *\r\n* FOYJWZGJUYO                                                                                         *\r\n*******************************************************************************************************\r\n&quot;)" methodname="TestWithRandom" classname="Open_Lab_04._14.Tests" runstate="Runnable" seed="2095467682" result="Passed" start-time="2021-12-27 14:18:11Z" end-time="2021-12-27 14:18:11Z" duration="0.011166" asserts="3955" />
            <test-case id="1046" name="TestWithRandom([&quot;UDYEZGGVCCWIGXDGZELYQOIGKVMXWKVCAGQPCGBGFGDLCBQBDDVUDJEGUSTDTIZRHTIAHOESCESJLXEJF&quot;, &quot;USPBZRBJUKNXNXHLEISQTPZCRYQUVXOKYINGCFUQYXTT&quot;, &quot;ERVCZSVQPRFTNKBBGOXWD&quot;, &quot;FJAJZNCRWVFXMGUSVESTJQINPVTPRIWXCFMMBQTIOXVKNPXUGOSSEJPOANUEUMZNZHVHUIQFKJFLVYZZXYJDPDTSPXLOVPNBY&quot;, &quot;KGUQZXXNIUEETCNUGWDVXVOCRWXCJVWDN&quot;, ...],&quot;******************************************************************************************************\r\n* UDYEZGGVCCWIGXDGZELYQOIGKVMXWKVCAGQPCGBGFGDLCBQBDDVUDJEGUSTDTIZRHTIAHOESCESJLXEJF                  *\r\n* USPBZRBJUKNXNXHLEISQTPZCRYQUVXOKYINGCFUQYXTT                                                       *\r\n* ERVCZSVQPRFTNKBBGOXWD                                                                              *\r\n* FJAJZNCRWVFXMGUSVESTJQINPVTPRIWXCFMMBQTIOXVKNPXUGOSSEJPOANUEUMZNZHVHUIQFKJFLVYZZXYJDPDTSPXLOVPNBY  *\r\n* KGUQZXXNIUEETCNUGWDVXVOCRWXCJVWDN                                                                  *\r\n* NTEHZLGCVZOLEIAAJRYCLPSRYDAUDNXAQGPUQYXRPUAOOFROCI                                                 *\r\n* FELBYBNIVLLYICNVYTFKKUHMQODCTLMSVBSWEERTCPBFDW                                                     *\r\n* MBKTUWXBLXZLJXKPKZTDGJRQUCLHUTBJUVQBJSRVXZGZFTHWSZQGJSLCKTZSKPHSVPQNGIGS                           *\r\n* YFHDRLAUPPUCUZBKORPTYKHSODPCTPK                                                                    *\r\n* XZLNEZSIYYUAMPAQPDSRRZJNYOOOVYAAEBEVNOGOYHVZPGGZCYMQXSCYPYOPKDMZYUVLKFCAXD                         *\r\n* JEKXRIPLWMJCMZGGPZQEUVVBVLUOXVLTUZSTFAXGVSQNORJLDZNBGZYOIICFNAOAAQIMGMAOB                          *\r\n* ICEIMDBJKYIKMUBELWYRSUDPMXJWFRYYZWQVJAWZ                                                           *\r\n* EQQSPENLCBEQJROYP                                                                                  *\r\n* OUFDTZJKQEFUKAZNNENXXTVLDPUIPEBXTEHFZBWQIFNJFHQDQWEKLSYUYTAEFAULCIAGSUOMHXOSFLFVYQRT               *\r\n* R                                                                                                  *\r\n* BFMGFASKHKBGXGKLWHRCNDGPMOFFPIBLLWYAFNJLPNGHDFH                                                    *\r\n* OEUMIPYYZXTRVNUYJQVAHJFIYFNZWYLHGQRKOODVXABIUSQCSHYNKGGEZ                                          *\r\n* NCCYBAMLKEVJKUMZDHIXOGOKHOAXXZJMLCBATZYAWIHLGIW                                                    *\r\n* AKDZVBXHNRRMAOOKU                                                                                  *\r\n* YITMGEIIBFZDEYRVWNVKQJEUMBHMZHUWRXKN                                                               *\r\n* ODZQNASHKNSUERBOKSOEZAFWWITLCLHNDKIJWTDJMMB                                                        *\r\n* ORVPTHGEWJMNYDUFHHFYFFQTJRSQPFSMYQHFMESUFCRUYULTZYBFGCIJ                                           *\r\n* B                                                                                                  *\r\n* BPQPRQZPHVPSDOLTDNWVOGZRR                                                                          *\r\n* NGVIXELXQFPNAD                                                                                     *\r\n* FDXJFYQVJFVDGSVPYYNDSTZXKGFYFEQNSVICBHLEXKMCCBFFVPQOMZGMEAZYTRPEOHKKJSOQMJGIGWVJBADQNBBSPWYBIMLFVI *\r\n* UQVVCAZBDTYFHEQXTOZQNGSUNUMIAXANYIBTGEBPNZYZRQQWROSRVR                                             *\r\n* NYA                                                                                                *\r\n* HORBFSLHZDXRONKCNISDWEQQLFJRGHNV                                                                   *\r\n* WTBWYSGGJQTUXDDLONFFWLCX                                                                           *\r\n******************************************************************************************************\r\n&quot;)" fullname="Open_Lab_04._14.Tests.TestWithRandom([&quot;UDYEZGGVCCWIGXDGZELYQOIGKVMXWKVCAGQPCGBGFGDLCBQBDDVUDJEGUSTDTIZRHTIAHOESCESJLXEJF&quot;, &quot;USPBZRBJUKNXNXHLEISQTPZCRYQUVXOKYINGCFUQYXTT&quot;, &quot;ERVCZSVQPRFTNKBBGOXWD&quot;, &quot;FJAJZNCRWVFXMGUSVESTJQINPVTPRIWXCFMMBQTIOXVKNPXUGOSSEJPOANUEUMZNZHVHUIQFKJFLVYZZXYJDPDTSPXLOVPNBY&quot;, &quot;KGUQZXXNIUEETCNUGWDVXVOCRWXCJVWDN&quot;, ...],&quot;******************************************************************************************************\r\n* UDYEZGGVCCWIGXDGZELYQOIGKVMXWKVCAGQPCGBGFGDLCBQBDDVUDJEGUSTDTIZRHTIAHOESCESJLXEJF                  *\r\n* USPBZRBJUKNXNXHLEISQTPZCRYQUVXOKYINGCFUQYXTT                                                       *\r\n* ERVCZSVQPRFTNKBBGOXWD                                                                              *\r\n* FJAJZNCRWVFXMGUSVESTJQINPVTPRIWXCFMMBQTIOXVKNPXUGOSSEJPOANUEUMZNZHVHUIQFKJFLVYZZXYJDPDTSPXLOVPNBY  *\r\n* KGUQZXXNIUEETCNUGWDVXVOCRWXCJVWDN                                                                  *\r\n* NTEHZLGCVZOLEIAAJRYCLPSRYDAUDNXAQGPUQYXRPUAOOFROCI                                                 *\r\n* FELBYBNIVLLYICNVYTFKKUHMQODCTLMSVBSWEERTCPBFDW                                                     *\r\n* MBKTUWXBLXZLJXKPKZTDGJRQUCLHUTBJUVQBJSRVXZGZFTHWSZQGJSLCKTZSKPHSVPQNGIGS                           *\r\n* YFHDRLAUPPUCUZBKORPTYKHSODPCTPK                                                                    *\r\n* XZLNEZSIYYUAMPAQPDSRRZJNYOOOVYAAEBEVNOGOYHVZPGGZCYMQXSCYPYOPKDMZYUVLKFCAXD                         *\r\n* JEKXRIPLWMJCMZGGPZQEUVVBVLUOXVLTUZSTFAXGVSQNORJLDZNBGZYOIICFNAOAAQIMGMAOB                          *\r\n* ICEIMDBJKYIKMUBELWYRSUDPMXJWFRYYZWQVJAWZ                                                           *\r\n* EQQSPENLCBEQJROYP                                                                                  *\r\n* OUFDTZJKQEFUKAZNNENXXTVLDPUIPEBXTEHFZBWQIFNJFHQDQWEKLSYUYTAEFAULCIAGSUOMHXOSFLFVYQRT               *\r\n* R                                                                                                  *\r\n* BFMGFASKHKBGXGKLWHRCNDGPMOFFPIBLLWYAFNJLPNGHDFH                                                    *\r\n* OEUMIPYYZXTRVNUYJQVAHJFIYFNZWYLHGQRKOODVXABIUSQCSHYNKGGEZ                                          *\r\n* NCCYBAMLKEVJKUMZDHIXOGOKHOAXXZJMLCBATZYAWIHLGIW                                                    *\r\n* AKDZVBXHNRRMAOOKU                                                                                  *\r\n* YITMGEIIBFZDEYRVWNVKQJEUMBHMZHUWRXKN                                                               *\r\n* ODZQNASHKNSUERBOKSOEZAFWWITLCLHNDKIJWTDJMMB                                                        *\r\n* ORVPTHGEWJMNYDUFHHFYFFQTJRSQPFSMYQHFMESUFCRUYULTZYBFGCIJ                                           *\r\n* B                                                                                                  *\r\n* BPQPRQZPHVPSDOLTDNWVOGZRR                                                                          *\r\n* NGVIXELXQFPNAD                                                                                     *\r\n* FDXJFYQVJFVDGSVPYYNDSTZXKGFYFEQNSVICBHLEXKMCCBFFVPQOMZGMEAZYTRPEOHKKJSOQMJGIGWVJBADQNBBSPWYBIMLFVI *\r\n* UQVVCAZBDTYFHEQXTOZQNGSUNUMIAXANYIBTGEBPNZYZRQQWROSRVR                                             *\r\n* NYA                                                                                                *\r\n* HORBFSLHZDXRONKCNISDWEQQLFJRGHNV                                                                   *\r\n* WTBWYSGGJQTUXDDLONFFWLCX                                                                           *\r\n******************************************************************************************************\r\n&quot;)" methodname="TestWithRandom" classname="Open_Lab_04._14.Tests" runstate="Runnable" seed="1824676629" result="Passed" start-time="2021-12-27 14:18:11Z" end-time="2021-12-27 14:18:11Z" duration="0.015119" asserts="3299" />
            <test-case id="1047" name="TestWithRandom([&quot;ZITARQCLSTIGOPMXNNXVOCGFSUIPJLRDWJTXMIZCSMKKCIYQSZXOAEBWCNIXI&quot;, &quot;BHBFKFVOKFOUDBRVCKVRWKNCCRHWVZABUGKDIXXTUEOSAGB&quot;, &quot;FHKYBQPRTZCSXZTLFNZWROMFMCXSWVCWQHRNOCZERTJJVEVULCMMHEIQUFLZSWVYWFCPHFXDNUFYEDJHGCGTIPPLZATIQZMUXKM&quot;],&quot;*******************************************************************************************************\r\n* ZITARQCLSTIGOPMXNNXVOCGFSUIPJLRDWJTXMIZCSMKKCIYQSZXOAEBWCNIXI                                       *\r\n* BHBFKFVOKFOUDBRVCKVRWKNCCRHWVZABUGKDIXXTUEOSAGB                                                     *\r\n* FHKYBQPRTZCSXZTLFNZWROMFMCXSWVCWQHRNOCZERTJJVEVULCMMHEIQUFLZSWVYWFCPHFXDNUFYEDJHGCGTIPPLZATIQZMUXKM *\r\n*******************************************************************************************************\r\n&quot;)" fullname="Open_Lab_04._14.Tests.TestWithRandom([&quot;ZITARQCLSTIGOPMXNNXVOCGFSUIPJLRDWJTXMIZCSMKKCIYQSZXOAEBWCNIXI&quot;, &quot;BHBFKFVOKFOUDBRVCKVRWKNCCRHWVZABUGKDIXXTUEOSAGB&quot;, &quot;FHKYBQPRTZCSXZTLFNZWROMFMCXSWVCWQHRNOCZERTJJVEVULCMMHEIQUFLZSWVYWFCPHFXDNUFYEDJHGCGTIPPLZATIQZMUXKM&quot;],&quot;*******************************************************************************************************\r\n* ZITARQCLSTIGOPMXNNXVOCGFSUIPJLRDWJTXMIZCSMKKCIYQSZXOAEBWCNIXI                                       *\r\n* BHBFKFVOKFOUDBRVCKVRWKNCCRHWVZABUGKDIXXTUEOSAGB                                                     *\r\n* FHKYBQPRTZCSXZTLFNZWROMFMCXSWVCWQHRNOCZERTJJVEVULCMMHEIQUFLZSWVYWFCPHFXDNUFYEDJHGCGTIPPLZATIQZMUXKM *\r\n*******************************************************************************************************\r\n&quot;)" methodname="TestWithRandom" classname="Open_Lab_04._14.Tests" runstate="Runnable" seed="16295562" result="Passed" start-time="2021-12-27 14:18:11Z" end-time="2021-12-27 14:18:11Z" duration="0.001208" asserts="523" />
            <test-case id="1048" name="TestWithRandom([&quot;FMGFJZMZK&quot;, &quot;QWDTPPBQHQRQHLOMNIKAURTFAPAOYPCMPOCMMGWEWUEZKP&quot;, &quot;URXMEOJRZCYSAPNRRNFASJ&quot;, &quot;ZGLGEZ&quot;, &quot;TULKGWBDYXFWCKOOWPIDNMFOMKPXFSIFSNIDGQIQPNOHVVGR&quot;, ...],&quot;********************************************************************************************************\r\n* FMGFJZMZK                                                                                            *\r\n* QWDTPPBQHQRQHLOMNIKAURTFAPAOYPCMPOCMMGWEWUEZKP                                                       *\r\n* URXMEOJRZCYSAPNRRNFASJ                                                                               *\r\n* ZGLGEZ                                                                                               *\r\n* TULKGWBDYXFWCKOOWPIDNMFOMKPXFSIFSNIDGQIQPNOHVVGR                                                     *\r\n* SPQVVYHOXXVHEYGOAEPBKHGGROAXYTQEYLMCRKWOBOJSM                                                        *\r\n* LOISURRPBKJJDHYKQEGRISLDXPHAAVYNTIDLOF                                                               *\r\n* ZNJKCTIGPQQYFMVBSDFVEJQPFMWPVENVLFGDZIJKPJSKJXTBYGKHJKTQWTFPXSLKCVNZFSCKTUGVQGFISUROTFLBLQGFCTN      *\r\n* XIHOKTVFEAOODXZQOXXCAXQXJMNPLWHZHJYIYRYZZLJSRWXORPQFWLWARJEYFGUHTOHUZRSXYXCONXGMOZXVFBDWM            *\r\n* QOMATTRBZCPDPAXTGYIIMUDRJGIZBSLKHAADKYEJXLYDWLKXXMUEODLWLVQMKRZHRFVOZUJIUYLAVAUXWKBPXGWEODSPISY      *\r\n* LRLRQVYCCMKPSLAKASQAP                                                                                *\r\n* JLIQZVCUZCAGOEOCHAMZNLWHLDCHOPBYPBIAJZVC                                                             *\r\n* IM                                                                                                   *\r\n* OMWWWXLPOQXXPBFWTVFKABQNWNTIEKYEZ                                                                    *\r\n* SZHGKRELKYEKLIUZJFCCHNVIZIDCLERSXBIFOMKOFORSILCLNEATC                                                *\r\n* FFEYGBNBAGHMMKZOLWUOWTVDANGSPGDXPAVDAPGIADOLKWZSLYTEZOBMJBYSVUMTDJWMOVOVQMNSFKSEOOGQNYYBZJT          *\r\n* RNNFRUIBZMEQKXONAIHZJUDHNWGEKVNEBOECYIBKBQECKQFPKLAQCTPWJGRUOEQDZZOVTLOSGWYTPBWXRQTZVWCHZHSSQHWXZ    *\r\n* DKCJWZ                                                                                               *\r\n* HKFVWHIJUDYKRICXGWLSVCZAATNXLUITTBNMWMCZKJVDXMHTANWMLHCFKFVCTLXAVEQPVQATTLILGVCNLUWXXVIMZH           *\r\n* RQZGYMVI                                                                                             *\r\n* WRYKNCTZYQYOCIRZOZCZWEPNOIDTFJZLMJRTWLKUCINJINPIIHKMSIWSCKWEZZUPRNBSQXCCP                            *\r\n* XOQGEBTULYZMTENZRLPFVDOYSVLWRLEH                                                                     *\r\n* KLHBVFVLENWQEUXFRFQMKMUZRNJPWDZTRPJSFXVGUTQPSIOANRAFNUMXRHJHVFOBOCZOLFZUJKSQVFHJZICFCUFWC            *\r\n* BXNOKPEPAPIAPISFWDCWBLAZINDJYUWCLZDBGVADLGESBZ                                                       *\r\n* TMWYCTGKPXNFXLVQGSFOQFQZACZLUHIYITJWBWUJEONETPDRQPXZVKCOWXXAUVPIPOXDCYPKYW                           *\r\n* BRMGLZHUEJIDYRVADYUOJYFOESAPRAMBYAAWKRM                                                              *\r\n* NAKYG                                                                                                *\r\n* ZLGYLMDIACMXBSYSDDXHEXQYQMMTBINGITTOITPAXQA                                                          *\r\n* KMPTCUXHBZGBVIHYZKGROFPIZJKKOWKOXSODWSQGLGFIMRTZLRAMJIJEXGUSJNSEPRECTEBHTZGHAGVIQKYXVXEOJKFPY        *\r\n* XYOATVMRGGPTSJCBDRLLCZOVJRNPTJYMIWCHTAMAVYESICFUMIGOEMVXKSRCHWYWHDKWHUHDEKQDVWNHMSDKDKHWAEXBI        *\r\n* SZAHKERINRBCJUWRCOEKQPTNTXVOVCXFVURRDNMI                                                             *\r\n* DELJBBNZJCJWYUDFNOMJDNLUVHOCFOPBWUMLHDRWIOMZNJWAOLPZZZLQSQO                                          *\r\n* MLUVNHAEHRYJWQAOALHMLONUYQCWIWSQPXJXUQMGISTXMGCIYXPHJBJYXZWWEEVKZHTYGDUJYAESUQ                       *\r\n* SNTXLHLGNOLZVUPBEWIXEMECVDFIIXQ                                                                      *\r\n* HREJLGJDOBGKUEY                                                                                      *\r\n* IZAWLSDGJRCIBCXPYHSDPGQXNFJDFTHREPZJXTSOOYATEACLDQLMMVACJCJGI                                        *\r\n* APJLELDOSEPDORGWTMDYAPIUEIPXZVKLGOYKJSWQHOYHXJGIWMJWDKZKHOGWVGPXTEWATVMAQMRLRAXVBHANLOIWPNDVMZUBZANT *\r\n* GPBAIGQSNTGRKUOFBLFVAKFRROQSQMQNEJVRZNDHRDBUXDB                                                      *\r\n* GVXPIXLVJJITQYCBCTMAZW                                                                               *\r\n* OIXEXJLUNNKMVPBEGYZIPEJRTA                                                                           *\r\n* R                                                                                                    *\r\n* QAGJOIHLTNMXOU                                                                                       *\r\n* FMHLBOFCZOQKYFKWJTQXMECGGT                                                                           *\r\n* NKNKAKCMGSOQOKYHVXYJFIRCEYXUBJBFHVSSMDQAVTEEVDCMOXHIIKNETKGCMIKWRJISSGURHY                           *\r\n* MENHAVKGECSWXINYBWNNNIHMMVJUHCPBKXBAGCGHBCGUZMKKEHTU                                                 *\r\n* KADWAVFMQYCMRLAHMSYQGLKCNNZKZPAIUGZWXEFHAVLDDHHAKDSPUENZPAJNWUMBYTRKMDJIMRPLAG                       *\r\n* FFYAWXKOQTZGWUSKGIJFKPXOGTJCDOCZIBEIXUQENFBRMXMOUGJDQBOPHKUCNIKBQAXVQJNLRFSEOGBJGVIWFZIHNOANANQF     *\r\n* ZAMZRXKTXLLJJABIKWSZOWRRQHBJALEOMJPFPJPXXCHOXYDNYEPRYFGCJUIJVATMGXWZLVTBGUBLPCUS                     *\r\n* OKVVMQHDMWUBFCXJUHZ                                                                                  *\r\n* DCCKOKD                                                                                              *\r\n* UNGZQEHQXQUGPW                                                                                       *\r\n* ZYZASEBUVUQBLHLHBMDIZPVKBUGMENTMGDCLOKLYSSLFADVIMISULNZKDPZXYPPHBEUIEZTRAEQGDPJYZYZVVYATDSIYKOADC    *\r\n* DWIMDMPATGXSHNFBY                                                                                    *\r\n* PUMDDAEMQUGMEMEZMNPMUNGUETWLKUTJPBNIRZSHIQVVUHCKOIBRMMECNRYKETCWBXWDZVHMVHEDRKAXQMWBTBXDWKUZBHDOOZU  *\r\n* KZKSBOWEIALDRBTRXADZZTGOBHLNDPPRQDMRBEAEESVVZRIZOMROWUWQSWRTDIBSLUMOPBPSZYUHYLPJZMZRYAVV             *\r\n* VZFNGBWRCKFEUJMWYOXZPSHGHU                                                                           *\r\n* JJTKYQHTCKFTWYPVAKEFCMVAMXVRDSZFLKMHJZGOMQKMSVBBZWGWCPOXOTYBUQQJK                                    *\r\n* HM                                                                                                   *\r\n* IMBDQSMCIHRWURGLCCVWPTQBETWZABSNOORKFSMXBUFLHFAY                                                     *\r\n* YIXLPXOWZZXVMBHPDHGZWGKQYUUNETYTXPCSUBZ                                                              *\r\n* CNFSOBPTYVDYUYNSYHNVCBRGAEYXZOUBIOXIARBXFBPIPAYYBKUNOEOBWZSKDRTJBBQF                                 *\r\n* FRGFPPB                                                                                              *\r\n********************************************************************************************************\r\n&quot;)" fullname="Open_Lab_04._14.Tests.TestWithRandom([&quot;FMGFJZMZK&quot;, &quot;QWDTPPBQHQRQHLOMNIKAURTFAPAOYPCMPOCMMGWEWUEZKP&quot;, &quot;URXMEOJRZCYSAPNRRNFASJ&quot;, &quot;ZGLGEZ&quot;, &quot;TULKGWBDYXFWCKOOWPIDNMFOMKPXFSIFSNIDGQIQPNOHVVGR&quot;, ...],&quot;********************************************************************************************************\r\n* FMGFJZMZK                                                                                            *\r\n* QWDTPPBQHQRQHLOMNIKAURTFAPAOYPCMPOCMMGWEWUEZKP                                                       *\r\n* URXMEOJRZCYSAPNRRNFASJ                                                                               *\r\n* ZGLGEZ                                                                                               *\r\n* TULKGWBDYXFWCKOOWPIDNMFOMKPXFSIFSNIDGQIQPNOHVVGR                                                     *\r\n* SPQVVYHOXXVHEYGOAEPBKHGGROAXYTQEYLMCRKWOBOJSM                                                        *\r\n* LOISURRPBKJJDHYKQEGRISLDXPHAAVYNTIDLOF                                                               *\r\n* ZNJKCTIGPQQYFMVBSDFVEJQPFMWPVENVLFGDZIJKPJSKJXTBYGKHJKTQWTFPXSLKCVNZFSCKTUGVQGFISUROTFLBLQGFCTN      *\r\n* XIHOKTVFEAOODXZQOXXCAXQXJMNPLWHZHJYIYRYZZLJSRWXORPQFWLWARJEYFGUHTOHUZRSXYXCONXGMOZXVFBDWM            *\r\n* QOMATTRBZCPDPAXTGYIIMUDRJGIZBSLKHAADKYEJXLYDWLKXXMUEODLWLVQMKRZHRFVOZUJIUYLAVAUXWKBPXGWEODSPISY      *\r\n* LRLRQVYCCMKPSLAKASQAP                                                                                *\r\n* JLIQZVCUZCAGOEOCHAMZNLWHLDCHOPBYPBIAJZVC                                                             *\r\n* IM                                                                                                   *\r\n* OMWWWXLPOQXXPBFWTVFKABQNWNTIEKYEZ                                                                    *\r\n* SZHGKRELKYEKLIUZJFCCHNVIZIDCLERSXBIFOMKOFORSILCLNEATC                                                *\r\n* FFEYGBNBAGHMMKZOLWUOWTVDANGSPGDXPAVDAPGIADOLKWZSLYTEZOBMJBYSVUMTDJWMOVOVQMNSFKSEOOGQNYYBZJT          *\r\n* RNNFRUIBZMEQKXONAIHZJUDHNWGEKVNEBOECYIBKBQECKQFPKLAQCTPWJGRUOEQDZZOVTLOSGWYTPBWXRQTZVWCHZHSSQHWXZ    *\r\n* DKCJWZ                                                                                               *\r\n* HKFVWHIJUDYKRICXGWLSVCZAATNXLUITTBNMWMCZKJVDXMHTANWMLHCFKFVCTLXAVEQPVQATTLILGVCNLUWXXVIMZH           *\r\n* RQZGYMVI                                                                                             *\r\n* WRYKNCTZYQYOCIRZOZCZWEPNOIDTFJZLMJRTWLKUCINJINPIIHKMSIWSCKWEZZUPRNBSQXCCP                            *\r\n* XOQGEBTULYZMTENZRLPFVDOYSVLWRLEH                                                                     *\r\n* KLHBVFVLENWQEUXFRFQMKMUZRNJPWDZTRPJSFXVGUTQPSIOANRAFNUMXRHJHVFOBOCZOLFZUJKSQVFHJZICFCUFWC            *\r\n* BXNOKPEPAPIAPISFWDCWBLAZINDJYUWCLZDBGVADLGESBZ                                                       *\r\n* TMWYCTGKPXNFXLVQGSFOQFQZACZLUHIYITJWBWUJEONETPDRQPXZVKCOWXXAUVPIPOXDCYPKYW                           *\r\n* BRMGLZHUEJIDYRVADYUOJYFOESAPRAMBYAAWKRM                                                              *\r\n* NAKYG                                                                                                *\r\n* ZLGYLMDIACMXBSYSDDXHEXQYQMMTBINGITTOITPAXQA                                                          *\r\n* KMPTCUXHBZGBVIHYZKGROFPIZJKKOWKOXSODWSQGLGFIMRTZLRAMJIJEXGUSJNSEPRECTEBHTZGHAGVIQKYXVXEOJKFPY        *\r\n* XYOATVMRGGPTSJCBDRLLCZOVJRNPTJYMIWCHTAMAVYESICFUMIGOEMVXKSRCHWYWHDKWHUHDEKQDVWNHMSDKDKHWAEXBI        *\r\n* SZAHKERINRBCJUWRCOEKQPTNTXVOVCXFVURRDNMI                                                             *\r\n* DELJBBNZJCJWYUDFNOMJDNLUVHOCFOPBWUMLHDRWIOMZNJWAOLPZZZLQSQO                                          *\r\n* MLUVNHAEHRYJWQAOALHMLONUYQCWIWSQPXJXUQMGISTXMGCIYXPHJBJYXZWWEEVKZHTYGDUJYAESUQ                       *\r\n* SNTXLHLGNOLZVUPBEWIXEMECVDFIIXQ                                                                      *\r\n* HREJLGJDOBGKUEY                                                                                      *\r\n* IZAWLSDGJRCIBCXPYHSDPGQXNFJDFTHREPZJXTSOOYATEACLDQLMMVACJCJGI                                        *\r\n* APJLELDOSEPDORGWTMDYAPIUEIPXZVKLGOYKJSWQHOYHXJGIWMJWDKZKHOGWVGPXTEWATVMAQMRLRAXVBHANLOIWPNDVMZUBZANT *\r\n* GPBAIGQSNTGRKUOFBLFVAKFRROQSQMQNEJVRZNDHRDBUXDB                                                      *\r\n* GVXPIXLVJJITQYCBCTMAZW                                                                               *\r\n* OIXEXJLUNNKMVPBEGYZIPEJRTA                                                                           *\r\n* R                                                                                                    *\r\n* QAGJOIHLTNMXOU                                                                                       *\r\n* FMHLBOFCZOQKYFKWJTQXMECGGT                                                                           *\r\n* NKNKAKCMGSOQOKYHVXYJFIRCEYXUBJBFHVSSMDQAVTEEVDCMOXHIIKNETKGCMIKWRJISSGURHY                           *\r\n* MENHAVKGECSWXINYBWNNNIHMMVJUHCPBKXBAGCGHBCGUZMKKEHTU                                                 *\r\n* KADWAVFMQYCMRLAHMSYQGLKCNNZKZPAIUGZWXEFHAVLDDHHAKDSPUENZPAJNWUMBYTRKMDJIMRPLAG                       *\r\n* FFYAWXKOQTZGWUSKGIJFKPXOGTJCDOCZIBEIXUQENFBRMXMOUGJDQBOPHKUCNIKBQAXVQJNLRFSEOGBJGVIWFZIHNOANANQF     *\r\n* ZAMZRXKTXLLJJABIKWSZOWRRQHBJALEOMJPFPJPXXCHOXYDNYEPRYFGCJUIJVATMGXWZLVTBGUBLPCUS                     *\r\n* OKVVMQHDMWUBFCXJUHZ                                                                                  *\r\n* DCCKOKD                                                                                              *\r\n* UNGZQEHQXQUGPW                                                                                       *\r\n* ZYZASEBUVUQBLHLHBMDIZPVKBUGMENTMGDCLOKLYSSLFADVIMISULNZKDPZXYPPHBEUIEZTRAEQGDPJYZYZVVYATDSIYKOADC    *\r\n* DWIMDMPATGXSHNFBY                                                                                    *\r\n* PUMDDAEMQUGMEMEZMNPMUNGUETWLKUTJPBNIRZSHIQVVUHCKOIBRMMECNRYKETCWBXWDZVHMVHEDRKAXQMWBTBXDWKUZBHDOOZU  *\r\n* KZKSBOWEIALDRBTRXADZZTGOBHLNDPPRQDMRBEAEESVVZRIZOMROWUWQSWRTDIBSLUMOPBPSZYUHYLPJZMZRYAVV             *\r\n* VZFNGBWRCKFEUJMWYOXZPSHGHU                                                                           *\r\n* JJTKYQHTCKFTWYPVAKEFCMVAMXVRDSZFLKMHJZGOMQKMSVBBZWGWCPOXOTYBUQQJK                                    *\r\n* HM                                                                                                   *\r\n* IMBDQSMCIHRWURGLCCVWPTQBETWZABSNOORKFSMXBUFLHFAY                                                     *\r\n* YIXLPXOWZZXVMBHPDHGZWGKQYUUNETYTXPCSUBZ                                                              *\r\n* CNFSOBPTYVDYUYNSYHNVCBRGAEYXZOUBIOXIARBXFBPIPAYYBKUNOEOBWZSKDRTJBBQF                                 *\r\n* FRGFPPB                                                                                              *\r\n********************************************************************************************************\r\n&quot;)" methodname="TestWithRandom" classname="Open_Lab_04._14.Tests" runstate="Runnable" seed="1109059489" result="Passed" start-time="2021-12-27 14:18:11Z" end-time="2021-12-27 14:18:11Z" duration="0.045710" asserts="6723" />
            <test-case id="1049" name="TestWithRandom([&quot;QZFZVPTHNDZVLAYQUNHFHNKTXWSNHYOMPN&quot;, &quot;SFDVDPTOMFGTQIOVBUGBCPMCZXFAOPMGYRFLQ&quot;, &quot;DPNZYNQCBFSDMSJMHDTBWGJTAWTAVZCDEKQQNDQYLWVAIKCTXLKCSPVWGUYBUQHCDPYCC&quot;, &quot;ZDMUPALJLPTZDJPZKPOTKSEPEUOSWSLARELGPYZVLWIIHUNXNDEINIIGZXPVLSMSDTHYYIJM&quot;, &quot;TINKVHJHQFTODNIWFGSIEJSKQEONPZETSSTAUWDPGNUMTEAFYBSBRDMJPDUQTWSR&quot;, ...],&quot;******************************************************************************************************\r\n* QZFZVPTHNDZVLAYQUNHFHNKTXWSNHYOMPN                                                                 *\r\n* SFDVDPTOMFGTQIOVBUGBCPMCZXFAOPMGYRFLQ                                                              *\r\n* DPNZYNQCBFSDMSJMHDTBWGJTAWTAVZCDEKQQNDQYLWVAIKCTXLKCSPVWGUYBUQHCDPYCC                              *\r\n* ZDMUPALJLPTZDJPZKPOTKSEPEUOSWSLARELGPYZVLWIIHUNXNDEINIIGZXPVLSMSDTHYYIJM                           *\r\n* TINKVHJHQFTODNIWFGSIEJSKQEONPZETSSTAUWDPGNUMTEAFYBSBRDMJPDUQTWSR                                   *\r\n* ZVKT                                                                                               *\r\n* CICDBQPGQLEIONGCCOGJLQCNWKVDLUIQM                                                                  *\r\n* ZKZOBWUJMIMKHEKYWGEKXLGPGRULUWCNWYNWDOMJPBDTALCRTNXBLCSODJHKBIO                                    *\r\n* FYNJRNUIUUUVHMPUPDSGZABUFZTUHCIGNNOBYSZFSOHRHXGQUMUYQHQEWTDSUAA                                    *\r\n* MOIUYNWWDMOKSKNITCZUIJPFWJEFOHLROQFSPLRHPYUDTGMMFVYSBGJCYCYPIRHWBXW                                *\r\n* FVSHKSFJO                                                                                          *\r\n* MQWSZTISQHHCTMNCYYQYBWJJGKDRHIAZNMQHSPRONIGOUDBGU                                                  *\r\n* TGTQKPGNMPQRLHHHOHVFJJGCKSPVPDJW                                                                   *\r\n* ZOUGXBABFDCYWXZHNOULOYKAQFSALYIGTTLSMBQGUEDFDDOVQNBOOLJAEUPSJAPHUWEDLGULYOQJVEWNQWKXWURIKLO        *\r\n* MXWUOWKHZLJJTQQAUZFZXCBMQSLAFWSARBZARWVYUPNFMADFDQNKFPVJWKEVKJBCSJSRQPJYE                          *\r\n* FIOWZPOFXPIHUCGPEHSZNKNLMD                                                                         *\r\n* MPNGPGZJMVZKOHFMMULPPLALCGFSVUDJW                                                                  *\r\n* CQJISBUSTUEWDRIXBQBNSAOCEJBGO                                                                      *\r\n* RQOHEPDDBJUWSGHGCNKXSMHIOBBHEJZOEACOIWNTUXORTWIIUYHOWRZFIGSDNWZSKGSRDTYF                           *\r\n* R                                                                                                  *\r\n* UXPORTTMGBLSMA                                                                                     *\r\n* FCDKFXYWHNEQEBZBOENFHSRBJTKTQYNFQFNWCQLFWBIBNCOKGAXNYVQNKCAMNFGIZYZYODYXTIIGJPNGEZNPBAGVPAL        *\r\n* P                                                                                                  *\r\n* SQVZBPCQWCBZUQMKDUPTHNSQGZREINSYITPRLJOXDODKOCFQIFXQKVREYETBXYHIJCRAAUYTGRQSKHCEUBWDQCNMBLTGQMAFHV *\r\n* LLEP                                                                                               *\r\n* GEJTFYURCOHWCESHOEYPBSCUQKLOGQTPMIWLSUHCRCDCEEDDDTWGGZ                                             *\r\n* NCPCUNFKMUSJTHGOUWVYZPZPMHILMTNIMVIJCRMPLRQIMUJV                                                   *\r\n* EBJKBNYDAPNETXSHJXYZWMDKFMHYQCSXMOISDYLIKGCBZLSUYBCXLWASYZEOFZMXXPREPADLLPPPJBKUUNZPAVMQO          *\r\n* TDTWDKUEEKTNEYXRLWHKIWOJURZWXCCBQZGZRPMFVEXABHIBSIJQJEGWPKCLK                                      *\r\n* HBHRXFRXAVJCOEYOHMIYEOSMRLSKKHNAUYXWSJJDJUIOGHPCXACPCLSSJVALMHMSIJHQHCVYCFOJGEFKWPMJFYYJFEM        *\r\n* JYQCHPGXAZVUFDMXWIMEPPPXVCNJLYKCPYOEOMCQYIKWUREBLAMWRIHUJTGFCWMCOSFHPIIKGVGHESCEYLYKLOLHQT         *\r\n* VFWNCVIIBMXLDSCPVBZPRQCGQXCQAHXQVNMEJHEMWJBRBZURJYPGQEDECQWETSITOGPQFXGNXNTHOKFRC                  *\r\n* HBSQARJIBTLZSDBHCUKELLSBJCKWPSLFBILGBXGYGXW                                                        *\r\n* CXVPFGHKGXZVJRHXGMSJIFXKSUGFOLYOPFYLHVQJKAYEJPXJQ                                                  *\r\n* RUFMEXZKWKACWVZLGDTWPLVJZHGTBCXWOFUD                                                               *\r\n* CBALXYFIHEDEXJTQUUGYWNWRGJTNDORBVC                                                                 *\r\n* CSKSMQASDCPDTEF                                                                                    *\r\n* KNFMOFJFNFSFSNCIVFRYKBTIWVSORFAIXTGNQQPWJEEHXUZQAGINNHKJTXQSMUOHEKIZHPSFQUPFXMK                    *\r\n* WCOKXM                                                                                             *\r\n* PJXTSZWKOQWCMMAILOCWSSELHMOWJGEKROSPKVAFUKAPBKXOWUDWUQCXELMFLZAHLMKXUKYPOXCIRPKXPZ                 *\r\n* PD                                                                                                 *\r\n* PBMULYJUUUJSDOZZUMVNIXNUGPBOQLZ                                                                    *\r\n* EDWILZZZFTDIYYLVXPFOTPZSOROWXUEJUXOZSQOVMVHOT                                                      *\r\n* VHDGQBGLSODEUTKCCKPU                                                                               *\r\n* BKLCHBJBXHLYJWHSRDDDJFZVOWUKJTWZZRUWRDJAWJUGSFLXDKLH                                               *\r\n* QDVLQOLGYRELLYRCKBNUCGZKSDILWHZHPNIOYLBOYTXSQVG                                                    *\r\n* TVSJXMJKDKSMFAJRRWVYPDEZZZ                                                                         *\r\n******************************************************************************************************\r\n&quot;)" fullname="Open_Lab_04._14.Tests.TestWithRandom([&quot;QZFZVPTHNDZVLAYQUNHFHNKTXWSNHYOMPN&quot;, &quot;SFDVDPTOMFGTQIOVBUGBCPMCZXFAOPMGYRFLQ&quot;, &quot;DPNZYNQCBFSDMSJMHDTBWGJTAWTAVZCDEKQQNDQYLWVAIKCTXLKCSPVWGUYBUQHCDPYCC&quot;, &quot;ZDMUPALJLPTZDJPZKPOTKSEPEUOSWSLARELGPYZVLWIIHUNXNDEINIIGZXPVLSMSDTHYYIJM&quot;, &quot;TINKVHJHQFTODNIWFGSIEJSKQEONPZETSSTAUWDPGNUMTEAFYBSBRDMJPDUQTWSR&quot;, ...],&quot;******************************************************************************************************\r\n* QZFZVPTHNDZVLAYQUNHFHNKTXWSNHYOMPN                                                                 *\r\n* SFDVDPTOMFGTQIOVBUGBCPMCZXFAOPMGYRFLQ                                                              *\r\n* DPNZYNQCBFSDMSJMHDTBWGJTAWTAVZCDEKQQNDQYLWVAIKCTXLKCSPVWGUYBUQHCDPYCC                              *\r\n* ZDMUPALJLPTZDJPZKPOTKSEPEUOSWSLARELGPYZVLWIIHUNXNDEINIIGZXPVLSMSDTHYYIJM                           *\r\n* TINKVHJHQFTODNIWFGSIEJSKQEONPZETSSTAUWDPGNUMTEAFYBSBRDMJPDUQTWSR                                   *\r\n* ZVKT                                                                                               *\r\n* CICDBQPGQLEIONGCCOGJLQCNWKVDLUIQM                                                                  *\r\n* ZKZOBWUJMIMKHEKYWGEKXLGPGRULUWCNWYNWDOMJPBDTALCRTNXBLCSODJHKBIO                                    *\r\n* FYNJRNUIUUUVHMPUPDSGZABUFZTUHCIGNNOBYSZFSOHRHXGQUMUYQHQEWTDSUAA                                    *\r\n* MOIUYNWWDMOKSKNITCZUIJPFWJEFOHLROQFSPLRHPYUDTGMMFVYSBGJCYCYPIRHWBXW                                *\r\n* FVSHKSFJO                                                                                          *\r\n* MQWSZTISQHHCTMNCYYQYBWJJGKDRHIAZNMQHSPRONIGOUDBGU                                                  *\r\n* TGTQKPGNMPQRLHHHOHVFJJGCKSPVPDJW                                                                   *\r\n* ZOUGXBABFDCYWXZHNOULOYKAQFSALYIGTTLSMBQGUEDFDDOVQNBOOLJAEUPSJAPHUWEDLGULYOQJVEWNQWKXWURIKLO        *\r\n* MXWUOWKHZLJJTQQAUZFZXCBMQSLAFWSARBZARWVYUPNFMADFDQNKFPVJWKEVKJBCSJSRQPJYE                          *\r\n* FIOWZPOFXPIHUCGPEHSZNKNLMD                                                                         *\r\n* MPNGPGZJMVZKOHFMMULPPLALCGFSVUDJW                                                                  *\r\n* CQJISBUSTUEWDRIXBQBNSAOCEJBGO                                                                      *\r\n* RQOHEPDDBJUWSGHGCNKXSMHIOBBHEJZOEACOIWNTUXORTWIIUYHOWRZFIGSDNWZSKGSRDTYF                           *\r\n* R                                                                                                  *\r\n* UXPORTTMGBLSMA                                                                                     *\r\n* FCDKFXYWHNEQEBZBOENFHSRBJTKTQYNFQFNWCQLFWBIBNCOKGAXNYVQNKCAMNFGIZYZYODYXTIIGJPNGEZNPBAGVPAL        *\r\n* P                                                                                                  *\r\n* SQVZBPCQWCBZUQMKDUPTHNSQGZREINSYITPRLJOXDODKOCFQIFXQKVREYETBXYHIJCRAAUYTGRQSKHCEUBWDQCNMBLTGQMAFHV *\r\n* LLEP                                                                                               *\r\n* GEJTFYURCOHWCESHOEYPBSCUQKLOGQTPMIWLSUHCRCDCEEDDDTWGGZ                                             *\r\n* NCPCUNFKMUSJTHGOUWVYZPZPMHILMTNIMVIJCRMPLRQIMUJV                                                   *\r\n* EBJKBNYDAPNETXSHJXYZWMDKFMHYQCSXMOISDYLIKGCBZLSUYBCXLWASYZEOFZMXXPREPADLLPPPJBKUUNZPAVMQO          *\r\n* TDTWDKUEEKTNEYXRLWHKIWOJURZWXCCBQZGZRPMFVEXABHIBSIJQJEGWPKCLK                                      *\r\n* HBHRXFRXAVJCOEYOHMIYEOSMRLSKKHNAUYXWSJJDJUIOGHPCXACPCLSSJVALMHMSIJHQHCVYCFOJGEFKWPMJFYYJFEM        *\r\n* JYQCHPGXAZVUFDMXWIMEPPPXVCNJLYKCPYOEOMCQYIKWUREBLAMWRIHUJTGFCWMCOSFHPIIKGVGHESCEYLYKLOLHQT         *\r\n* VFWNCVIIBMXLDSCPVBZPRQCGQXCQAHXQVNMEJHEMWJBRBZURJYPGQEDECQWETSITOGPQFXGNXNTHOKFRC                  *\r\n* HBSQARJIBTLZSDBHCUKELLSBJCKWPSLFBILGBXGYGXW                                                        *\r\n* CXVPFGHKGXZVJRHXGMSJIFXKSUGFOLYOPFYLHVQJKAYEJPXJQ                                                  *\r\n* RUFMEXZKWKACWVZLGDTWPLVJZHGTBCXWOFUD                                                               *\r\n* CBALXYFIHEDEXJTQUUGYWNWRGJTNDORBVC                                                                 *\r\n* CSKSMQASDCPDTEF                                                                                    *\r\n* KNFMOFJFNFSFSNCIVFRYKBTIWVSORFAIXTGNQQPWJEEHXUZQAGINNHKJTXQSMUOHEKIZHPSFQUPFXMK                    *\r\n* WCOKXM                                                                                             *\r\n* PJXTSZWKOQWCMMAILOCWSSELHMOWJGEKROSPKVAFUKAPBKXOWUDWUQCXELMFLZAHLMKXUKYPOXCIRPKXPZ                 *\r\n* PD                                                                                                 *\r\n* PBMULYJUUUJSDOZZUMVNIXNUGPBOQLZ                                                                    *\r\n* EDWILZZZFTDIYYLVXPFOTPZSOROWXUEJUXOZSQOVMVHOT                                                      *\r\n* VHDGQBGLSODEUTKCCKPU                                                                               *\r\n* BKLCHBJBXHLYJWHSRDDDJFZVOWUKJTWZZRUWRDJAWJUGSFLXDKLH                                               *\r\n* QDVLQOLGYRELLYRCKBNUCGZKSDILWHZHPNIOYLBOYTXSQVG                                                    *\r\n* TVSJXMJKDKSMFAJRRWVYPDEZZZ                                                                         *\r\n******************************************************************************************************\r\n&quot;)" methodname="TestWithRandom" classname="Open_Lab_04._14.Tests" runstate="Runnable" seed="1833247069" result="Passed" start-time="2021-12-27 14:18:11Z" end-time="2021-12-27 14:18:11Z" duration="0.024801" asserts="5050" />
            <test-case id="1050" name="TestWithRandom([&quot;JHUWWCRBPQKDDYKNSOIXJGATAHQQQTJYQZBWQ&quot;, &quot;QDIHBBMRURSQGLQYACGBVOLBKWHLMEXOXWYFPBEZGINZXAMXHSZYPOABRHWFTAFQTDTKMKJYXGUMBMDKJJDUEZZ&quot;, &quot;VXOHEZGGDWFUHCLXIBAIUOZEEMVKXKMUE&quot;, &quot;OPWBTYAOJFGJDHYGLDYQNHYJDSDVJTKLPWNVAHHCHG&quot;, &quot;TYUIOLQYIWOWHRNYBVEF&quot;, ...],&quot;*****************************************************************************************************\r\n* JHUWWCRBPQKDDYKNSOIXJGATAHQQQTJYQZBWQ                                                             *\r\n* QDIHBBMRURSQGLQYACGBVOLBKWHLMEXOXWYFPBEZGINZXAMXHSZYPOABRHWFTAFQTDTKMKJYXGUMBMDKJJDUEZZ           *\r\n* VXOHEZGGDWFUHCLXIBAIUOZEEMVKXKMUE                                                                 *\r\n* OPWBTYAOJFGJDHYGLDYQNHYJDSDVJTKLPWNVAHHCHG                                                        *\r\n* TYUIOLQYIWOWHRNYBVEF                                                                              *\r\n* VVTHUCFEVWIHCELIJPKSUBOBZFENJFHDAPYCABTJKUNZFOFMCPSFUMVUGSHOX                                     *\r\n* UQPFHNFIHHVBHZOPVKASLUNBINTEVHUELSZXKAHSGTHKJTFVFRXXOFGACNWTTBNANQPPAR                            *\r\n* UCILRMCROIYYDKXQGL                                                                                *\r\n* UWDOYFGHXTEPVOMDUGTPNZWHKVDJQQAJDBWIROJGLFFYKSCJQGCKMWKUZVDDCXRGTUMUSEMFWNDIUYWRSTSJNPWGQCIVKFEO  *\r\n* YEQGIRMUXNYSCZBYMLIEITDYFDPWQVQJPUWTGLJCGOQBXONCGWYUVJG                                           *\r\n* BRAEBPEBXPCIDHRABGYT                                                                              *\r\n* CARPNQUWVOGO                                                                                      *\r\n* SOLFARJOEILFYYEYTOKMCYRIONZKFBBVUMPDPWFHKOXSFKPRPYCZWCPTXCQNSZJDHPL                               *\r\n* JBIXJDCNBZDEYHUGZBZRXVFMFSPKFULQYDHNPEQSABSXZLO                                                   *\r\n* ECDFPTOOVVRQNRIGOMGVZHRULGRWDINUDFFCQFAE                                                          *\r\n* TRTMZEISLJMETKXLITJBSKNIXNIMFPIMBGGPXIMBJDRYBPJUHRIMRCWIE                                         *\r\n* PLWVNWAZCMDINAHHSPTPGHDNENHWVZKXLLTAFNPVYBMXQZ                                                    *\r\n* HEKKGPPFHHIRZODDD                                                                                 *\r\n* GXBHGBEZY                                                                                         *\r\n* EVGXFJZRLODIVGMSXWQGUXIVKBCAYIGHQYALBLLQOMSPYXBVUNEHJSWHMLMDHZTCIW                                *\r\n* XGARLKARIFTWMAGFLEYXXBTZQYIIPSPGBFDOUWSWJAOBSOZDATHYJYUWNABNCRBPPMUGWSL                           *\r\n* MBOWMRGBYEIWKRXDLHBTUETRZZLGUTHIISLHKXJWUAOYJFEYPRVOQRUHIWX                                       *\r\n* FZGFXZOSFPTNYFYUQVITVNRDXSRQYEZNZWQUTIAJRLSZYHQLSZ                                                *\r\n* MNDRSIDIEIXTBQFOBOEBIUZCJUREPCFXYNNZVFYLPZWATSRJSTPXOXIROBHXQZSCC                                 *\r\n* UN                                                                                                *\r\n* GSVPSMIYYIRC                                                                                      *\r\n* MWNIIAEVLUXBVQHUYTXDFMATIWLATPSPUHM                                                               *\r\n* PURUJHVYYOXWBEAPUZCAVTZMPECVBHGNDKFDBDUYRBVUZPZPOCVVEMAVUFEEFZXQHJSQZWOREEJTYFNZFNGYMKI           *\r\n* KJJVYQTREEMPWIPSOERADGWOSEYRSYDXABGPNSSOLRPTTXDWXOKHTIODNUDTRBZGBPP                               *\r\n* CAEVLCPMRCUUBCUDNWDSNCBSOYXJRJSEIHUWJPVQTCMLZJSOGVSFLWIZZMGNFFUIJQMUHYUYANYKQQSFGICW              *\r\n* NTLYUXXIILNHEBJWYGIBTEXXXJITAGWCXRWXAVNAWPRCKDMPIJIBUVXIVNBLODICOL                                *\r\n* NEMVCTIEDNVNUXTKRYVIBTNBNTCMSHPOZSZKWNFIM                                                         *\r\n* UVAAGOVSRDTDITRKIJQVLVXHNCXIODSMWKZRBNNORAQLVWJFTMFWRQFYYSMEQMENLG                                *\r\n* YUZJUVCELFLMRSSPCXWVFFATIAI                                                                       *\r\n* FWCAOPLLTCKAOMUTMGVLYWCPPKBTTGAUMEZPCLXCHHVZMVGTKHGCFWZIUMLENSRNCQOKNFQAJSERBCCTDHIMZYOPEQVPA     *\r\n* OOPHWWHWGFQGTMSIGRKRAGKFOEBYFWJBAQEQBTGGMHBCVTECXVJDFJSIEKTSUJQKVOFCIBHNL                         *\r\n* ETEHJVZZAJMGWQ                                                                                    *\r\n* WLQZNLDQRGGNCTWOWSBFZDWBYSVIHXPSOFMQQNXRACNACHXGEUPNULYSOPBUQUJTROYWHFYIVKEWPVYRVPEMHCYDGTBA      *\r\n* CAFTUJOIAYYWHSKHCDSRJZBQWLOQVQNEXWSJYCUMJIUQGPAKN                                                 *\r\n* EQIJCCZPXIVYNKLTYKZAIZIGHBELKGKECZLXVOTPKJFMRLVKEMQQKMNFHBBAYNFQYQVOYOYKRJQZTWPVGUGYPU            *\r\n* PLGPTMSRWDPNAQGLQNGZAVOLKMFUDGHADWFDSYEXYSUVEIOFZIQKJVTTWUEHHYOPWOJEKDTSJJAIBT                    *\r\n* CXAUUQXRICLHXTXQZEEYPYKVWPYAZU                                                                    *\r\n* SCNCKGDTZZXBBYWVZMSADWVSDMFYFSWRNQTEKQNJWKFZS                                                     *\r\n* IWATYOGTHVHUZXBFOHCFNLERLIZJETRVAFEIXLTIKTJXXPQPIQWYWMJXSIIPOXPOELUUSTICNUUUBGUVSJBOWTZNWGP       *\r\n* DDTNEUTLVWWOITKCRPVLOMXFWASKMGYMDTZKAHPHNJAWMMGDJXWGLEAQFO                                        *\r\n* DCJZOYKLPTABJZOYEMBSJUPBPKRBYSJELQLFDJMXCBQJJVMGXGWDEWHJNHKDGJMXKV                                *\r\n* TOIUVADQIDFSTYKDSWFZPJCSWZIRSPTZNFTSOLBDBGYFHPQFWFTBEVAJMQYVR                                     *\r\n* XTKGENFSPGVCYJKWKGJDUMVSURFJGXNFLOIFUAKCZEPMGBXR                                                  *\r\n* PFRLNRKXSLNIVMRTPQJAFCKWGDQXJMTUOLQSVTXXXICOXUERYTRKNQTNVVFKANOFSTUKVZYVTMDXZVZMZYZQVIGYRDWZONW   *\r\n* UWWDZUWYUVRBNWNAWSKBOYKKMWSRDYGFPSCCYVME                                                          *\r\n* AVZQEKVPVDW                                                                                       *\r\n* UVWMMRDBEUWP                                                                                      *\r\n* MUTLBBFGZNCLTILXCHVKCUXGQMEJDYGYKESQBEUBQWVHTATI                                                  *\r\n* ECMBEKRXMVPXWCAHEBOPUVXNTUFZPNPTVQYWTXFUBTPIEETTUAOZETXJEZHKERHZFVCGEEOH                          *\r\n* UOBFPIPBLFPYPPBSOSUPUPJLQDJBMPPMHDKFWDPQRJTMSAQGANPMTRBEEPPMZNOWPDRMEWVKDEXLWXTQMCBYZ             *\r\n* SPCFAHODQEVWW                                                                                     *\r\n* IEBDSFJPUPHGVZZWMPWMKBJZVNWANTQABEHIBXGUTDVMYULODTRFZJEGUCHE                                      *\r\n* JBAZHFRSQVPICSHGWABCHWUBKASZANYPCL                                                                *\r\n* BUNRPUWNYBXXQXAXCGCBMHYPHMSRCWAGRIGMJIMHK                                                         *\r\n* WANCBCAQWJAKXUVYKCBFKBBQFIRNOTTUQDL                                                               *\r\n* BELQRMZRFHKLQLYKGFYUYWWTLMBDQFTTJWWGQLNYBKKYXFWCUINKFQAFHSFEKWAANQCUPSTVSATNLYVGPZIHSIOSWRZYGINF  *\r\n* KLHCCNCOSSEXMTJXZPLNTHECKYXSVPJNNEAMND                                                            *\r\n* LFTZQJVJXPBGTBRQCHFRDPJTDJRJITWJVCAHZIOSOOADTIQLWNX                                               *\r\n* ILJVWAVGRLBETSLRBJQUS                                                                             *\r\n* DPPGZVTGNUVRAJSELZNHACNWJBWYKMXDMVIUGPAZNLYGIBRCYW                                                *\r\n* QHLMABSWYZUWAXSEFAYYWZNUPEGNIJUANNHWBJISNSCASOYJQWMBZYCRUQWWUFOOETIMQVDVSGKDWMBAGXWLXSBOLPBKNM    *\r\n* IDOVZGLTUTRJTOYUIPWPXIDRMSTBAUTIFIBZIQCUUDBSFJIANVTVQWBAAWJHMKTAZIDLMYLRMBUTGKLDJTNEAYRIGAZMG     *\r\n* IKKBSXFXNOJCIPBHUPLGXSWOABRVEMZZLRTKJFROXMFYUYPBHZGJBAYPOVARFKTBPKQQWRYPYWIKNXTCLPN               *\r\n* GPYLTDVNEAINTEIKHZF                                                                               *\r\n* AQLERNCQCXFQWOUZLFXTWLKXNVRIOIVMJYEPETTGAELHUSREJIYBBMTPGNQV                                      *\r\n* TCTCTGXKFVSLQSRADCVDNZFKTKXEPIRCYLHCSEAMTUDNGPLUBODKVSIUWIIJJTVXEPNFLOIYCJKSVSDEZD                *\r\n* AEGHFDMGJWR                                                                                       *\r\n* AZGJRBFJNGFI                                                                                      *\r\n* HPYDFEJFQVSXHHCYIZCKFKTPIMCUUPTZXUYNOCESHXJEOLJTC                                                 *\r\n* EHCYGXWJVSBPLABSANJOKFVKCIAOAXDJRJLLWZOBR                                                         *\r\n* HLQRLJCVLWKNAYMSVXW                                                                               *\r\n* IYPRYCPQVAZIXFYJTKXRMELHZDJMZED                                                                   *\r\n* EJVJWYTITMALXBPUADZKAFVEMHSVTDRRWIEOJONUROXZEAKXNOLVFTQYNRWOGXPQ                                  *\r\n* JOOXBKLQFSLIVZMXVIESVMDSFBRSYOUZHEULVAMDZFZAEQRRKQLPLYZXLWRZTTRQYMARFABUVASPMCNPKZ                *\r\n* HCEOJEXAZJMKFOIBSPAMJOQTKFKLII                                                                    *\r\n* PTMJOUYR                                                                                          *\r\n* HACKJQNBDBUZJNYSMKDDUMSQHWRTEUHUXNFJMFKURJIGOCFG                                                  *\r\n* RBJUNRVHLDMYTWITZCWHOGGZJLLELCFRLFNTYAJVJBBCYVYMANOAJY                                            *\r\n* LVJKBGRWIYUMOJOVZSAXNEEBNNZEXOFHNGBXOPHPSESDDIJCLROHJAMGRHWOGNYUTNZHHRGJKKFIMAXFDWTGZXYMUVGGSTIFG *\r\n* KQJCUTLFXYVDUQKRKKUSUVPNNMKZQQBZCNPHWBCZUUAZQQBQWBJYLNEPBVOIJLOGWWBGBCVIHVXAVPWWKTDPHDOOJAGAMTP   *\r\n* FUCUOVPUFAQQQDULZSXPIZZTHNWAWVVNFOUBN                                                             *\r\n*****************************************************************************************************\r\n&quot;)" fullname="Open_Lab_04._14.Tests.TestWithRandom([&quot;JHUWWCRBPQKDDYKNSOIXJGATAHQQQTJYQZBWQ&quot;, &quot;QDIHBBMRURSQGLQYACGBVOLBKWHLMEXOXWYFPBEZGINZXAMXHSZYPOABRHWFTAFQTDTKMKJYXGUMBMDKJJDUEZZ&quot;, &quot;VXOHEZGGDWFUHCLXIBAIUOZEEMVKXKMUE&quot;, &quot;OPWBTYAOJFGJDHYGLDYQNHYJDSDVJTKLPWNVAHHCHG&quot;, &quot;TYUIOLQYIWOWHRNYBVEF&quot;, ...],&quot;*****************************************************************************************************\r\n* JHUWWCRBPQKDDYKNSOIXJGATAHQQQTJYQZBWQ                                                             *\r\n* QDIHBBMRURSQGLQYACGBVOLBKWHLMEXOXWYFPBEZGINZXAMXHSZYPOABRHWFTAFQTDTKMKJYXGUMBMDKJJDUEZZ           *\r\n* VXOHEZGGDWFUHCLXIBAIUOZEEMVKXKMUE                                                                 *\r\n* OPWBTYAOJFGJDHYGLDYQNHYJDSDVJTKLPWNVAHHCHG                                                        *\r\n* TYUIOLQYIWOWHRNYBVEF                                                                              *\r\n* VVTHUCFEVWIHCELIJPKSUBOBZFENJFHDAPYCABTJKUNZFOFMCPSFUMVUGSHOX                                     *\r\n* UQPFHNFIHHVBHZOPVKASLUNBINTEVHUELSZXKAHSGTHKJTFVFRXXOFGACNWTTBNANQPPAR                            *\r\n* UCILRMCROIYYDKXQGL                                                                                *\r\n* UWDOYFGHXTEPVOMDUGTPNZWHKVDJQQAJDBWIROJGLFFYKSCJQGCKMWKUZVDDCXRGTUMUSEMFWNDIUYWRSTSJNPWGQCIVKFEO  *\r\n* YEQGIRMUXNYSCZBYMLIEITDYFDPWQVQJPUWTGLJCGOQBXONCGWYUVJG                                           *\r\n* BRAEBPEBXPCIDHRABGYT                                                                              *\r\n* CARPNQUWVOGO                                                                                      *\r\n* SOLFARJOEILFYYEYTOKMCYRIONZKFBBVUMPDPWFHKOXSFKPRPYCZWCPTXCQNSZJDHPL                               *\r\n* JBIXJDCNBZDEYHUGZBZRXVFMFSPKFULQYDHNPEQSABSXZLO                                                   *\r\n* ECDFPTOOVVRQNRIGOMGVZHRULGRWDINUDFFCQFAE                                                          *\r\n* TRTMZEISLJMETKXLITJBSKNIXNIMFPIMBGGPXIMBJDRYBPJUHRIMRCWIE                                         *\r\n* PLWVNWAZCMDINAHHSPTPGHDNENHWVZKXLLTAFNPVYBMXQZ                                                    *\r\n* HEKKGPPFHHIRZODDD                                                                                 *\r\n* GXBHGBEZY                                                                                         *\r\n* EVGXFJZRLODIVGMSXWQGUXIVKBCAYIGHQYALBLLQOMSPYXBVUNEHJSWHMLMDHZTCIW                                *\r\n* XGARLKARIFTWMAGFLEYXXBTZQYIIPSPGBFDOUWSWJAOBSOZDATHYJYUWNABNCRBPPMUGWSL                           *\r\n* MBOWMRGBYEIWKRXDLHBTUETRZZLGUTHIISLHKXJWUAOYJFEYPRVOQRUHIWX                                       *\r\n* FZGFXZOSFPTNYFYUQVITVNRDXSRQYEZNZWQUTIAJRLSZYHQLSZ                                                *\r\n* MNDRSIDIEIXTBQFOBOEBIUZCJUREPCFXYNNZVFYLPZWATSRJSTPXOXIROBHXQZSCC                                 *\r\n* UN                                                                                                *\r\n* GSVPSMIYYIRC                                                                                      *\r\n* MWNIIAEVLUXBVQHUYTXDFMATIWLATPSPUHM                                                               *\r\n* PURUJHVYYOXWBEAPUZCAVTZMPECVBHGNDKFDBDUYRBVUZPZPOCVVEMAVUFEEFZXQHJSQZWOREEJTYFNZFNGYMKI           *\r\n* KJJVYQTREEMPWIPSOERADGWOSEYRSYDXABGPNSSOLRPTTXDWXOKHTIODNUDTRBZGBPP                               *\r\n* CAEVLCPMRCUUBCUDNWDSNCBSOYXJRJSEIHUWJPVQTCMLZJSOGVSFLWIZZMGNFFUIJQMUHYUYANYKQQSFGICW              *\r\n* NTLYUXXIILNHEBJWYGIBTEXXXJITAGWCXRWXAVNAWPRCKDMPIJIBUVXIVNBLODICOL                                *\r\n* NEMVCTIEDNVNUXTKRYVIBTNBNTCMSHPOZSZKWNFIM                                                         *\r\n* UVAAGOVSRDTDITRKIJQVLVXHNCXIODSMWKZRBNNORAQLVWJFTMFWRQFYYSMEQMENLG                                *\r\n* YUZJUVCELFLMRSSPCXWVFFATIAI                                                                       *\r\n* FWCAOPLLTCKAOMUTMGVLYWCPPKBTTGAUMEZPCLXCHHVZMVGTKHGCFWZIUMLENSRNCQOKNFQAJSERBCCTDHIMZYOPEQVPA     *\r\n* OOPHWWHWGFQGTMSIGRKRAGKFOEBYFWJBAQEQBTGGMHBCVTECXVJDFJSIEKTSUJQKVOFCIBHNL                         *\r\n* ETEHJVZZAJMGWQ                                                                                    *\r\n* WLQZNLDQRGGNCTWOWSBFZDWBYSVIHXPSOFMQQNXRACNACHXGEUPNULYSOPBUQUJTROYWHFYIVKEWPVYRVPEMHCYDGTBA      *\r\n* CAFTUJOIAYYWHSKHCDSRJZBQWLOQVQNEXWSJYCUMJIUQGPAKN                                                 *\r\n* EQIJCCZPXIVYNKLTYKZAIZIGHBELKGKECZLXVOTPKJFMRLVKEMQQKMNFHBBAYNFQYQVOYOYKRJQZTWPVGUGYPU            *\r\n* PLGPTMSRWDPNAQGLQNGZAVOLKMFUDGHADWFDSYEXYSUVEIOFZIQKJVTTWUEHHYOPWOJEKDTSJJAIBT                    *\r\n* CXAUUQXRICLHXTXQZEEYPYKVWPYAZU                                                                    *\r\n* SCNCKGDTZZXBBYWVZMSADWVSDMFYFSWRNQTEKQNJWKFZS                                                     *\r\n* IWATYOGTHVHUZXBFOHCFNLERLIZJETRVAFEIXLTIKTJXXPQPIQWYWMJXSIIPOXPOELUUSTICNUUUBGUVSJBOWTZNWGP       *\r\n* DDTNEUTLVWWOITKCRPVLOMXFWASKMGYMDTZKAHPHNJAWMMGDJXWGLEAQFO                                        *\r\n* DCJZOYKLPTABJZOYEMBSJUPBPKRBYSJELQLFDJMXCBQJJVMGXGWDEWHJNHKDGJMXKV                                *\r\n* TOIUVADQIDFSTYKDSWFZPJCSWZIRSPTZNFTSOLBDBGYFHPQFWFTBEVAJMQYVR                                     *\r\n* XTKGENFSPGVCYJKWKGJDUMVSURFJGXNFLOIFUAKCZEPMGBXR                                                  *\r\n* PFRLNRKXSLNIVMRTPQJAFCKWGDQXJMTUOLQSVTXXXICOXUERYTRKNQTNVVFKANOFSTUKVZYVTMDXZVZMZYZQVIGYRDWZONW   *\r\n* UWWDZUWYUVRBNWNAWSKBOYKKMWSRDYGFPSCCYVME                                                          *\r\n* AVZQEKVPVDW                                                                                       *\r\n* UVWMMRDBEUWP                                                                                      *\r\n* MUTLBBFGZNCLTILXCHVKCUXGQMEJDYGYKESQBEUBQWVHTATI                                                  *\r\n* ECMBEKRXMVPXWCAHEBOPUVXNTUFZPNPTVQYWTXFUBTPIEETTUAOZETXJEZHKERHZFVCGEEOH                          *\r\n* UOBFPIPBLFPYPPBSOSUPUPJLQDJBMPPMHDKFWDPQRJTMSAQGANPMTRBEEPPMZNOWPDRMEWVKDEXLWXTQMCBYZ             *\r\n* SPCFAHODQEVWW                                                                                     *\r\n* IEBDSFJPUPHGVZZWMPWMKBJZVNWANTQABEHIBXGUTDVMYULODTRFZJEGUCHE                                      *\r\n* JBAZHFRSQVPICSHGWABCHWUBKASZANYPCL                                                                *\r\n* BUNRPUWNYBXXQXAXCGCBMHYPHMSRCWAGRIGMJIMHK                                                         *\r\n* WANCBCAQWJAKXUVYKCBFKBBQFIRNOTTUQDL                                                               *\r\n* BELQRMZRFHKLQLYKGFYUYWWTLMBDQFTTJWWGQLNYBKKYXFWCUINKFQAFHSFEKWAANQCUPSTVSATNLYVGPZIHSIOSWRZYGINF  *\r\n* KLHCCNCOSSEXMTJXZPLNTHECKYXSVPJNNEAMND                                                            *\r\n* LFTZQJVJXPBGTBRQCHFRDPJTDJRJITWJVCAHZIOSOOADTIQLWNX                                               *\r\n* ILJVWAVGRLBETSLRBJQUS                                                                             *\r\n* DPPGZVTGNUVRAJSELZNHACNWJBWYKMXDMVIUGPAZNLYGIBRCYW                                                *\r\n* QHLMABSWYZUWAXSEFAYYWZNUPEGNIJUANNHWBJISNSCASOYJQWMBZYCRUQWWUFOOETIMQVDVSGKDWMBAGXWLXSBOLPBKNM    *\r\n* IDOVZGLTUTRJTOYUIPWPXIDRMSTBAUTIFIBZIQCUUDBSFJIANVTVQWBAAWJHMKTAZIDLMYLRMBUTGKLDJTNEAYRIGAZMG     *\r\n* IKKBSXFXNOJCIPBHUPLGXSWOABRVEMZZLRTKJFROXMFYUYPBHZGJBAYPOVARFKTBPKQQWRYPYWIKNXTCLPN               *\r\n* GPYLTDVNEAINTEIKHZF                                                                               *\r\n* AQLERNCQCXFQWOUZLFXTWLKXNVRIOIVMJYEPETTGAELHUSREJIYBBMTPGNQV                                      *\r\n* TCTCTGXKFVSLQSRADCVDNZFKTKXEPIRCYLHCSEAMTUDNGPLUBODKVSIUWIIJJTVXEPNFLOIYCJKSVSDEZD                *\r\n* AEGHFDMGJWR                                                                                       *\r\n* AZGJRBFJNGFI                                                                                      *\r\n* HPYDFEJFQVSXHHCYIZCKFKTPIMCUUPTZXUYNOCESHXJEOLJTC                                                 *\r\n* EHCYGXWJVSBPLABSANJOKFVKCIAOAXDJRJLLWZOBR                                                         *\r\n* HLQRLJCVLWKNAYMSVXW                                                                               *\r\n* IYPRYCPQVAZIXFYJTKXRMELHZDJMZED                                                                   *\r\n* EJVJWYTITMALXBPUADZKAFVEMHSVTDRRWIEOJONUROXZEAKXNOLVFTQYNRWOGXPQ                                  *\r\n* JOOXBKLQFSLIVZMXVIESVMDSFBRSYOUZHEULVAMDZFZAEQRRKQLPLYZXLWRZTTRQYMARFABUVASPMCNPKZ                *\r\n* HCEOJEXAZJMKFOIBSPAMJOQTKFKLII                                                                    *\r\n* PTMJOUYR                                                                                          *\r\n* HACKJQNBDBUZJNYSMKDDUMSQHWRTEUHUXNFJMFKURJIGOCFG                                                  *\r\n* RBJUNRVHLDMYTWITZCWHOGGZJLLELCFRLFNTYAJVJBBCYVYMANOAJY                                            *\r\n* LVJKBGRWIYUMOJOVZSAXNEEBNNZEXOFHNGBXOPHPSESDDIJCLROHJAMGRHWOGNYUTNZHHRGJKKFIMAXFDWTGZXYMUVGGSTIFG *\r\n* KQJCUTLFXYVDUQKRKKUSUVPNNMKZQQBZCNPHWBCZUUAZQQBQWBJYLNEPBVOIJLOGWWBGBCVIHVXAVPWWKTDPHDOOJAGAMTP   *\r\n* FUCUOVPUFAQQQDULZSXPIZZTHNWAWVVNFOUBN                                                             *\r\n*****************************************************************************************************\r\n&quot;)" methodname="TestWithRandom" classname="Open_Lab_04._14.Tests" runstate="Runnable" seed="195774437" result="Passed" start-time="2021-12-27 14:18:11Z" end-time="2021-12-27 14:18:11Z" duration="0.037017" asserts="8979" />
            <test-case id="1051" name="TestWithRandom([&quot;PEJJGMYYFGVAUWZBFUIMBYOXKFDKBIT&quot;, &quot;XKILZPTHJPRUAUBRGMOGEOGQQLZBJOWWNXDKNOCQBBDMHTXPDLDPUMTIDRUOQRYVSUHDQRESKYECLTJWNJXXKHCAEUGV&quot;, &quot;NAJDITNMUYLHLEVIQXKIYAGUALLRHYWLIYWYUZDAWKTKLQYCHSOXWNVNTPDXIVFVCAYMHWNQUJL&quot;, &quot;GVIJMIJOKZPVDIFFVFRAFYILSLUKFXCMBHHYGUKZLQKDLDJYRHUOSL&quot;, &quot;INXRBNZJNWDTWBHYBVSPONFAPCWTYCNUQYZ&quot;, ...],&quot;************************************************************************************************\r\n* PEJJGMYYFGVAUWZBFUIMBYOXKFDKBIT                                                              *\r\n* XKILZPTHJPRUAUBRGMOGEOGQQLZBJOWWNXDKNOCQBBDMHTXPDLDPUMTIDRUOQRYVSUHDQRESKYECLTJWNJXXKHCAEUGV *\r\n* NAJDITNMUYLHLEVIQXKIYAGUALLRHYWLIYWYUZDAWKTKLQYCHSOXWNVNTPDXIVFVCAYMHWNQUJL                  *\r\n* GVIJMIJOKZPVDIFFVFRAFYILSLUKFXCMBHHYGUKZLQKDLDJYRHUOSL                                       *\r\n* INXRBNZJNWDTWBHYBVSPONFAPCWTYCNUQYZ                                                          *\r\n* JCJLMHWGHJNXKISTZWUUIXCYRGLLIJDYCWPZMGCHRY                                                   *\r\n* FPZIPJUUUEFCMAKTGWLYYGOUOTTHTTMDJFWJSXVBNOJUXTDYBMVLFATZAEUWPNAARCTGEA                       *\r\n************************************************************************************************\r\n&quot;)" fullname="Open_Lab_04._14.Tests.TestWithRandom([&quot;PEJJGMYYFGVAUWZBFUIMBYOXKFDKBIT&quot;, &quot;XKILZPTHJPRUAUBRGMOGEOGQQLZBJOWWNXDKNOCQBBDMHTXPDLDPUMTIDRUOQRYVSUHDQRESKYECLTJWNJXXKHCAEUGV&quot;, &quot;NAJDITNMUYLHLEVIQXKIYAGUALLRHYWLIYWYUZDAWKTKLQYCHSOXWNVNTPDXIVFVCAYMHWNQUJL&quot;, &quot;GVIJMIJOKZPVDIFFVFRAFYILSLUKFXCMBHHYGUKZLQKDLDJYRHUOSL&quot;, &quot;INXRBNZJNWDTWBHYBVSPONFAPCWTYCNUQYZ&quot;, ...],&quot;************************************************************************************************\r\n* PEJJGMYYFGVAUWZBFUIMBYOXKFDKBIT                                                              *\r\n* XKILZPTHJPRUAUBRGMOGEOGQQLZBJOWWNXDKNOCQBBDMHTXPDLDPUMTIDRUOQRYVSUHDQRESKYECLTJWNJXXKHCAEUGV *\r\n* NAJDITNMUYLHLEVIQXKIYAGUALLRHYWLIYWYUZDAWKTKLQYCHSOXWNVNTPDXIVFVCAYMHWNQUJL                  *\r\n* GVIJMIJOKZPVDIFFVFRAFYILSLUKFXCMBHHYGUKZLQKDLDJYRHUOSL                                       *\r\n* INXRBNZJNWDTWBHYBVSPONFAPCWTYCNUQYZ                                                          *\r\n* JCJLMHWGHJNXKISTZWUUIXCYRGLLIJDYCWPZMGCHRY                                                   *\r\n* FPZIPJUUUEFCMAKTGWLYYGOUOTTHTTMDJFWJSXVBNOJUXTDYBMVLFATZAEUWPNAARCTGEA                       *\r\n************************************************************************************************\r\n&quot;)" methodname="TestWithRandom" classname="Open_Lab_04._14.Tests" runstate="Runnable" seed="2109264108" result="Passed" start-time="2021-12-27 14:18:11Z" end-time="2021-12-27 14:18:11Z" duration="0.002749" asserts="876" />
            <test-case id="1052" name="TestWithRandom([&quot;AJKJWUXVPVFGXBXJLWJODZMZOICVAWTALMK&quot;, &quot;PJCFHYGUIUCPEJVHRNFBXKVOSBUTBEVLQBTCTEGESSRUFNQRBLJYHJZFNONFENSDZRYDPSOMGAJESBIEKDRPVW&quot;, &quot;HCOOFRBAEZOVOON&quot;, &quot;IXXSGA&quot;, &quot;MMFIUAVCHCNRAAEIUFAEFEGUQXCJSYEXGICCAJGZIXGSAWMAEPCMGWOIFKSXYMKJXQKSYBHLZAVIXN&quot;],&quot;******************************************************************************************\r\n* AJKJWUXVPVFGXBXJLWJODZMZOICVAWTALMK                                                    *\r\n* PJCFHYGUIUCPEJVHRNFBXKVOSBUTBEVLQBTCTEGESSRUFNQRBLJYHJZFNONFENSDZRYDPSOMGAJESBIEKDRPVW *\r\n* HCOOFRBAEZOVOON                                                                        *\r\n* IXXSGA                                                                                 *\r\n* MMFIUAVCHCNRAAEIUFAEFEGUQXCJSYEXGICCAJGZIXGSAWMAEPCMGWOIFKSXYMKJXQKSYBHLZAVIXN         *\r\n******************************************************************************************\r\n&quot;)" fullname="Open_Lab_04._14.Tests.TestWithRandom([&quot;AJKJWUXVPVFGXBXJLWJODZMZOICVAWTALMK&quot;, &quot;PJCFHYGUIUCPEJVHRNFBXKVOSBUTBEVLQBTCTEGESSRUFNQRBLJYHJZFNONFENSDZRYDPSOMGAJESBIEKDRPVW&quot;, &quot;HCOOFRBAEZOVOON&quot;, &quot;IXXSGA&quot;, &quot;MMFIUAVCHCNRAAEIUFAEFEGUQXCJSYEXGICCAJGZIXGSAWMAEPCMGWOIFKSXYMKJXQKSYBHLZAVIXN&quot;],&quot;******************************************************************************************\r\n* AJKJWUXVPVFGXBXJLWJODZMZOICVAWTALMK                                                    *\r\n* PJCFHYGUIUCPEJVHRNFBXKVOSBUTBEVLQBTCTEGESSRUFNQRBLJYHJZFNONFENSDZRYDPSOMGAJESBIEKDRPVW *\r\n* HCOOFRBAEZOVOON                                                                        *\r\n* IXXSGA                                                                                 *\r\n* MMFIUAVCHCNRAAEIUFAEFEGUQXCJSYEXGICCAJGZIXGSAWMAEPCMGWOIFKSXYMKJXQKSYBHLZAVIXN         *\r\n******************************************************************************************\r\n&quot;)" methodname="TestWithRandom" classname="Open_Lab_04._14.Tests" runstate="Runnable" seed="410363217" result="Passed" start-time="2021-12-27 14:18:11Z" end-time="2021-12-27 14:18:11Z" duration="0.002565" asserts="640" />
            <test-case id="1053" name="TestWithRandom([&quot;KBECVSRKTTWQQIBWMWVKLUBCHQNFAGKSPZNWHHNFYAZEFRUQZZVASKHQZCUFEMJMJEARVEOEJP&quot;, &quot;LUWWQVXGBLJZFRWXFMIBMQMVBQCUUKQRCYVVCFEJHGIB&quot;, &quot;E&quot;, &quot;AYHJSAOYVIBVZSCLRURWHWAUZIYTGHLVWWCWNAYROAANBJEQFURGIINDXNKJCURNXGZDQFXQWAIGVNSP&quot;, &quot;HOLQEMOIYYAQOOT&quot;, ...],&quot;********************************************************************************************************\r\n* KBECVSRKTTWQQIBWMWVKLUBCHQNFAGKSPZNWHHNFYAZEFRUQZZVASKHQZCUFEMJMJEARVEOEJP                           *\r\n* LUWWQVXGBLJZFRWXFMIBMQMVBQCUUKQRCYVVCFEJHGIB                                                         *\r\n* E                                                                                                    *\r\n* AYHJSAOYVIBVZSCLRURWHWAUZIYTGHLVWWCWNAYROAANBJEQFURGIINDXNKJCURNXGZDQFXQWAIGVNSP                     *\r\n* HOLQEMOIYYAQOOT                                                                                      *\r\n* NQVKAAZXAKIZGIKUUGUGFWSTLVRHXAHLP                                                                    *\r\n* IXXFCGOOQUEOBQNGWIUMCQXBYFJRZZCWKIZMWODNRQFYOXTBUREZRCWRZVHWXXPQRHDTQAJHFGULKZNBMHXIVDFIMIMAGGP      *\r\n* BPGGTZKTHWULHKGAIFKQZHVOCVHIOJAYQAKVSGIMXEAYIUABBLRBWZUTTREYRCEYVVVHAKICXXTVGXFI                     *\r\n* GGCRZCQFQCACJUUZCCNZTBQDPDYGZMWMWELVCGWTEBJIIAOCYVEUSJAEPZCWEJGDFOFFIYWWGUUSRI                       *\r\n* PPVIDICTMDHGDDZOVVGCTUITZZINYOIMGDNGIBCVDUTCBSTSGFZWLGBUHBIEZOUXVUZZQTFTSLYYBGSHFQ                   *\r\n* TPMBACSZHTYVOAVGGTTBNZFDZH                                                                           *\r\n* TAJAYJIBIJ                                                                                           *\r\n* YXXTYAUPKYFZLOLOTTKIBTAYYYSZMGYNXNUWDTAFJJXDNBXMMUOIYARFWYUAHUDDASBYTPLZTEZ                          *\r\n* WWLXAGMSRQPXVPZEYAXOGTDVAYSXIPOTBAJANXZBHLLKDECEPGASHKLCTPXCOPJCBVWV                                 *\r\n* ZQBAWGUISRWWNICOWMQOGHXAX                                                                            *\r\n* SCIJHHHYPPZSKEQTAYBGAGHNFJFGZSSBCJOSZJKOOPTMPDBLYNG                                                  *\r\n* YRMMVUEYBBYXXXPBQYURONRKNUYBHTIMMTCLWBXEELMNQVPRNZVZTOLLABZAWCQISMKDVEEOBPMCAEURFGNIYISXHQLVCXICVEU  *\r\n* KLWJVHYDBJKVHHUPP                                                                                    *\r\n* JKTNWFTJLEHKGWJPGUKEMQJPWYFPNVCS                                                                     *\r\n* NUKKXPQQLVUWRCNMRAAFLVTAEQXZDVQBOXTCYEIFTNBVPSFWRCW                                                  *\r\n* CNCRBKGHRRMPETITILNMSVLXUXLMLBIBZWYBVBBOYBNCBLQVJLNGPJCHBEXDZUVQJLQIUGYGJZOQHJW                      *\r\n* HPCANBLQURZQEYPEGWTPVIBCMGWQUMZRIOW                                                                  *\r\n* RVCHZZODHICLJKJLQGNYNZNHEVVHRIHPBFMKTMP                                                              *\r\n* TYVDDLGKCOBBAXWRHVCDDGLYBNJEXZREQSFPEKDTPLFDGFOEJVDYJMRNMWCQCCMDXXKISGNXSJOSAISVZFU                  *\r\n* VTUEASDHHN                                                                                           *\r\n* NZCFIVFMCHGFAXZMDEHRXHKHDDFHADGPFSBSXCJZTTRUPNTGBFZDZWTFOVCFPYLZB                                    *\r\n* AIWGOBUHXEPPSQJZGUECPIZVECAEKUHSSYMKJUQYISYOPZDLVQSRVYARJBCMAQXD                                     *\r\n* XXTDYPLEGUXKKGEYPIUCQXTYVBISDXSVURSCKHWAHNPEDGZVXNLHCBHADVIXGSAICCPSOCOHLTUCIPUOCNUQMKSTKR           *\r\n* OZZUOMGCAQGHUYDWJGERNAUUTYKVSKWHWDZHMZGQBNUXVGZRINJNGALOFEBQCLJQUZKRZVKJZNQAFWZMYSMEAIBWSKCHYQNQD    *\r\n* CWVIRMDZNSKKJIFO                                                                                     *\r\n* JYFPLYOYOTCLJAZXBTCRQAAABVILHBUCJZDSYORYGJDTBOESKNHOCXBIXEOQPCQMYAB                                  *\r\n* XGYNCEKGXGZMRQBUUFZMYUUTZBIDTRUBMUUDOTLY                                                             *\r\n* ULRFBYZBWRSAPMCMENBVHNFLXAXVYFBUBADIDOYCJCWACAXHS                                                    *\r\n* JGKCFHGFHBBDDQQYZPITJQPZLFQFJXCPDGVUKYUWCXHWAFYFJDBIZYITQKRAQAWKYM                                   *\r\n* WVV                                                                                                  *\r\n* BUMQLJSZGGKVGVUQEYCEZHUFCBXYNFCKOPANMHWKXLKTFEPOEWVXTROU                                             *\r\n* GOJLULAEAHRVGDXCRGOWAAXLITRJERXAGNGSMYDZJPEWYSXTYVBKAXZFRYCAURAJKQPSWEPTDOMLVAMQWYKIPMZIOABOVCFSPVMH *\r\n* EWUFHHMLNKQLMEW                                                                                      *\r\n* RTYRGEWCBYAIUVAOFMRBPCHFMXAQ                                                                         *\r\n* DIYJLYBOPXAZREJGDRRKCGAMUROLSFJDFSYPCZJXY                                                            *\r\n* PPRCYYYYIFIGHXHLOTJPVKNXTZGTDEIULDQLVSTQNTWDUZKBIQKPOIEEBTIYREUEXOUEGVQWATBBNKDUPFLNTTFCYMKBKUZJYSFF *\r\n* FUMAOOVGCQQQNJLTHKE                                                                                  *\r\n* RFTLOMGTSCVEXPJKZMEEKWWVTKWLNQRHBWM                                                                  *\r\n* BBLCHBOZVMTYZBUUGZYVJXRDPVGCLODACJJXBCWJIWAGRXLMWWBBYRQDJHMMULOHJSWQRWTDCPNNXKLRJUGOMCCLTFOUPKOWHTXZ *\r\n* UUADXY                                                                                               *\r\n* DCGYVUCAFZUHPLXLHZOSARFDNMQPZFLPDU                                                                   *\r\n* QZQYUHOQIZQKQXISEJFHMXCLJENAZO                                                                       *\r\n* DUDHMRATKMAXEWBASRNH                                                                                 *\r\n* XMVSXFPQUNRUTMPMPWBDPUULA                                                                            *\r\n* OHEVJMGYFIHOOLLDQZJDKKLNCULDRCRKSARHMZEFNVGHFBIPRLEVCWMEVQSOADHCQXVOUERRUEPPDEHAMVLFYVHVNNL          *\r\n* GPEKNEQIFTVNUNBYHXARJRCFRCEVPZAHTVKEZFCZOZVSAYKLUJOQMTMONZSKZVSFSNUYCWYBVBDJWJETRS                   *\r\n* FLK                                                                                                  *\r\n* ZJWRANRZTGPZNDLJXLNVKQCRDUZSGUMUIRUOGFXNDCKCHKRPGJCUXPLIHENGOYSYUURVIWCSNZRIGZJTCJM                  *\r\n* RSXTGMHBRQZFJLINTWGJHKHXXCCHUUDELVGBXXOWPABWALYVRWAGCDPHLZVEKAHXNUUOEGPVIKTGIKXMEHQYUXCHF            *\r\n* QXCKMPTEJFRKQKGEYSKJYABJZDJJCPSMIFPRSYXEMEASUTQGRPZJXWAQWTKJFKBTMECLUOMAUFXUAJOGMDRNQJPLEZVZNOZBDG   *\r\n* QRFLCDYOSZGPMEDWBSODDPQ                                                                              *\r\n* VTMMGGVRTDYOHSPJRUXMYJJVJ                                                                            *\r\n* XIPDCBAYQJQMILDOWIFPPJDELIRDHLJRCOIMCQBXNIBGSFMLJJNAPUCOFLRUJXREZZJTD                                *\r\n* MGHIBHHWLGVGUXYIBHMUHRYGNQRWHTVTISXGTHTVGJZLZDDTGQYCGIJVIBUKQKPRLB                                   *\r\n* CARPUOROXRMGKNXQQVTMZICYSMJEVTIAYFATOADNPULDVUJWSUYWROYTXTXHFMSEJMIEMEBPRFWEWYCYCMMBULIJHHVV         *\r\n* VIDCHUJLEKOTJFM                                                                                      *\r\n* TXZQZESARJYDZXFIFLWWTCPETMYBYILGWROKWFEQQCLXWFMHEFNXJPYQIUWMGQBIYSHIIV                               *\r\n* AHFGQRRHNAQWTVOWGSYBBIRJZBCZEYDZJSMPDJHZQNJMQTINJ                                                    *\r\n* BPKTKSPVHPORDPWQNAIYTXLZKOZFTFSOPJXOOQHUAIBRKZJTQZGIFLCDDLIWSKCBXZBUSHCXSNXKVUOLFF                   *\r\n* TYJJEHTKDHLCQFAUKXPBIXJPSNRIJWXRMVICNQWNYXYPHLHFVZENPEGVPU                                           *\r\n* QPKBHKUPVWXGTACCLYUIGGMNJSJBIONNTZFXOWREMWMIXTKMNCVWVLKKDXROATGGJJ                                   *\r\n* UVEOOHPVKTDPQHXNGSQSHPVTQECDTPFYOGQRJNGPFPZQZHBHDFA                                                  *\r\n* TRFEZKXKELCVOFBKQFESLAMRPETIDVAOOQFWAMRYQWKTNECUGRQXAICS                                             *\r\n* OOVROGJLNGXAEJEOG                                                                                    *\r\n* PPTDLBZBM                                                                                            *\r\n* CNGOMSMXVGBPBHZXE                                                                                    *\r\n* CHMJUFNDLKCTSMUFJAZJOLXHSZAZOLDNWEZESSTBAJHCUBOOVVYZYVGQKFRUFNOZGPXNNPNRHYIFEUM                      *\r\n* KMESMEPBYIUMBYWNUHVFEBBFIHSANBMPSBKSJVMBZVPEVAQICVKWZHLJLZKFMPOW                                     *\r\n* EUAODDZUTFJMWKIQJYRRPQLPBHKLHPKHSHQFQUYRLCFBCWOPBOCQWFHOIKMVTNNEVBTPTCAOZAFNKKNETVKSMTKM             *\r\n* CW                                                                                                   *\r\n* HCXXOBGACZVYOORWZUDYXI                                                                               *\r\n* YDVRBQGORFV                                                                                          *\r\n* WCIYJDNBTZLEYCOMGYXIZAZUTJ                                                                           *\r\n* JWKESSHVTRVTVKGJYRR                                                                                  *\r\n********************************************************************************************************\r\n&quot;)" fullname="Open_Lab_04._14.Tests.TestWithRandom([&quot;KBECVSRKTTWQQIBWMWVKLUBCHQNFAGKSPZNWHHNFYAZEFRUQZZVASKHQZCUFEMJMJEARVEOEJP&quot;, &quot;LUWWQVXGBLJZFRWXFMIBMQMVBQCUUKQRCYVVCFEJHGIB&quot;, &quot;E&quot;, &quot;AYHJSAOYVIBVZSCLRURWHWAUZIYTGHLVWWCWNAYROAANBJEQFURGIINDXNKJCURNXGZDQFXQWAIGVNSP&quot;, &quot;HOLQEMOIYYAQOOT&quot;, ...],&quot;********************************************************************************************************\r\n* KBECVSRKTTWQQIBWMWVKLUBCHQNFAGKSPZNWHHNFYAZEFRUQZZVASKHQZCUFEMJMJEARVEOEJP                           *\r\n* LUWWQVXGBLJZFRWXFMIBMQMVBQCUUKQRCYVVCFEJHGIB                                                         *\r\n* E                                                                                                    *\r\n* AYHJSAOYVIBVZSCLRURWHWAUZIYTGHLVWWCWNAYROAANBJEQFURGIINDXNKJCURNXGZDQFXQWAIGVNSP                     *\r\n* HOLQEMOIYYAQOOT                                                                                      *\r\n* NQVKAAZXAKIZGIKUUGUGFWSTLVRHXAHLP                                                                    *\r\n* IXXFCGOOQUEOBQNGWIUMCQXBYFJRZZCWKIZMWODNRQFYOXTBUREZRCWRZVHWXXPQRHDTQAJHFGULKZNBMHXIVDFIMIMAGGP      *\r\n* BPGGTZKTHWULHKGAIFKQZHVOCVHIOJAYQAKVSGIMXEAYIUABBLRBWZUTTREYRCEYVVVHAKICXXTVGXFI                     *\r\n* GGCRZCQFQCACJUUZCCNZTBQDPDYGZMWMWELVCGWTEBJIIAOCYVEUSJAEPZCWEJGDFOFFIYWWGUUSRI                       *\r\n* PPVIDICTMDHGDDZOVVGCTUITZZINYOIMGDNGIBCVDUTCBSTSGFZWLGBUHBIEZOUXVUZZQTFTSLYYBGSHFQ                   *\r\n* TPMBACSZHTYVOAVGGTTBNZFDZH                                                                           *\r\n* TAJAYJIBIJ                                                                                           *\r\n* YXXTYAUPKYFZLOLOTTKIBTAYYYSZMGYNXNUWDTAFJJXDNBXMMUOIYARFWYUAHUDDASBYTPLZTEZ                          *\r\n* WWLXAGMSRQPXVPZEYAXOGTDVAYSXIPOTBAJANXZBHLLKDECEPGASHKLCTPXCOPJCBVWV                                 *\r\n* ZQBAWGUISRWWNICOWMQOGHXAX                                                                            *\r\n* SCIJHHHYPPZSKEQTAYBGAGHNFJFGZSSBCJOSZJKOOPTMPDBLYNG                                                  *\r\n* YRMMVUEYBBYXXXPBQYURONRKNUYBHTIMMTCLWBXEELMNQVPRNZVZTOLLABZAWCQISMKDVEEOBPMCAEURFGNIYISXHQLVCXICVEU  *\r\n* KLWJVHYDBJKVHHUPP                                                                                    *\r\n* JKTNWFTJLEHKGWJPGUKEMQJPWYFPNVCS                                                                     *\r\n* NUKKXPQQLVUWRCNMRAAFLVTAEQXZDVQBOXTCYEIFTNBVPSFWRCW                                                  *\r\n* CNCRBKGHRRMPETITILNMSVLXUXLMLBIBZWYBVBBOYBNCBLQVJLNGPJCHBEXDZUVQJLQIUGYGJZOQHJW                      *\r\n* HPCANBLQURZQEYPEGWTPVIBCMGWQUMZRIOW                                                                  *\r\n* RVCHZZODHICLJKJLQGNYNZNHEVVHRIHPBFMKTMP                                                              *\r\n* TYVDDLGKCOBBAXWRHVCDDGLYBNJEXZREQSFPEKDTPLFDGFOEJVDYJMRNMWCQCCMDXXKISGNXSJOSAISVZFU                  *\r\n* VTUEASDHHN                                                                                           *\r\n* NZCFIVFMCHGFAXZMDEHRXHKHDDFHADGPFSBSXCJZTTRUPNTGBFZDZWTFOVCFPYLZB                                    *\r\n* AIWGOBUHXEPPSQJZGUECPIZVECAEKUHSSYMKJUQYISYOPZDLVQSRVYARJBCMAQXD                                     *\r\n* XXTDYPLEGUXKKGEYPIUCQXTYVBISDXSVURSCKHWAHNPEDGZVXNLHCBHADVIXGSAICCPSOCOHLTUCIPUOCNUQMKSTKR           *\r\n* OZZUOMGCAQGHUYDWJGERNAUUTYKVSKWHWDZHMZGQBNUXVGZRINJNGALOFEBQCLJQUZKRZVKJZNQAFWZMYSMEAIBWSKCHYQNQD    *\r\n* CWVIRMDZNSKKJIFO                                                                                     *\r\n* JYFPLYOYOTCLJAZXBTCRQAAABVILHBUCJZDSYORYGJDTBOESKNHOCXBIXEOQPCQMYAB                                  *\r\n* XGYNCEKGXGZMRQBUUFZMYUUTZBIDTRUBMUUDOTLY                                                             *\r\n* ULRFBYZBWRSAPMCMENBVHNFLXAXVYFBUBADIDOYCJCWACAXHS                                                    *\r\n* JGKCFHGFHBBDDQQYZPITJQPZLFQFJXCPDGVUKYUWCXHWAFYFJDBIZYITQKRAQAWKYM                                   *\r\n* WVV                                                                                                  *\r\n* BUMQLJSZGGKVGVUQEYCEZHUFCBXYNFCKOPANMHWKXLKTFEPOEWVXTROU                                             *\r\n* GOJLULAEAHRVGDXCRGOWAAXLITRJERXAGNGSMYDZJPEWYSXTYVBKAXZFRYCAURAJKQPSWEPTDOMLVAMQWYKIPMZIOABOVCFSPVMH *\r\n* EWUFHHMLNKQLMEW                                                                                      *\r\n* RTYRGEWCBYAIUVAOFMRBPCHFMXAQ                                                                         *\r\n* DIYJLYBOPXAZREJGDRRKCGAMUROLSFJDFSYPCZJXY                                                            *\r\n* PPRCYYYYIFIGHXHLOTJPVKNXTZGTDEIULDQLVSTQNTWDUZKBIQKPOIEEBTIYREUEXOUEGVQWATBBNKDUPFLNTTFCYMKBKUZJYSFF *\r\n* FUMAOOVGCQQQNJLTHKE                                                                                  *\r\n* RFTLOMGTSCVEXPJKZMEEKWWVTKWLNQRHBWM                                                                  *\r\n* BBLCHBOZVMTYZBUUGZYVJXRDPVGCLODACJJXBCWJIWAGRXLMWWBBYRQDJHMMULOHJSWQRWTDCPNNXKLRJUGOMCCLTFOUPKOWHTXZ *\r\n* UUADXY                                                                                               *\r\n* DCGYVUCAFZUHPLXLHZOSARFDNMQPZFLPDU                                                                   *\r\n* QZQYUHOQIZQKQXISEJFHMXCLJENAZO                                                                       *\r\n* DUDHMRATKMAXEWBASRNH                                                                                 *\r\n* XMVSXFPQUNRUTMPMPWBDPUULA                                                                            *\r\n* OHEVJMGYFIHOOLLDQZJDKKLNCULDRCRKSARHMZEFNVGHFBIPRLEVCWMEVQSOADHCQXVOUERRUEPPDEHAMVLFYVHVNNL          *\r\n* GPEKNEQIFTVNUNBYHXARJRCFRCEVPZAHTVKEZFCZOZVSAYKLUJOQMTMONZSKZVSFSNUYCWYBVBDJWJETRS                   *\r\n* FLK                                                                                                  *\r\n* ZJWRANRZTGPZNDLJXLNVKQCRDUZSGUMUIRUOGFXNDCKCHKRPGJCUXPLIHENGOYSYUURVIWCSNZRIGZJTCJM                  *\r\n* RSXTGMHBRQZFJLINTWGJHKHXXCCHUUDELVGBXXOWPABWALYVRWAGCDPHLZVEKAHXNUUOEGPVIKTGIKXMEHQYUXCHF            *\r\n* QXCKMPTEJFRKQKGEYSKJYABJZDJJCPSMIFPRSYXEMEASUTQGRPZJXWAQWTKJFKBTMECLUOMAUFXUAJOGMDRNQJPLEZVZNOZBDG   *\r\n* QRFLCDYOSZGPMEDWBSODDPQ                                                                              *\r\n* VTMMGGVRTDYOHSPJRUXMYJJVJ                                                                            *\r\n* XIPDCBAYQJQMILDOWIFPPJDELIRDHLJRCOIMCQBXNIBGSFMLJJNAPUCOFLRUJXREZZJTD                                *\r\n* MGHIBHHWLGVGUXYIBHMUHRYGNQRWHTVTISXGTHTVGJZLZDDTGQYCGIJVIBUKQKPRLB                                   *\r\n* CARPUOROXRMGKNXQQVTMZICYSMJEVTIAYFATOADNPULDVUJWSUYWROYTXTXHFMSEJMIEMEBPRFWEWYCYCMMBULIJHHVV         *\r\n* VIDCHUJLEKOTJFM                                                                                      *\r\n* TXZQZESARJYDZXFIFLWWTCPETMYBYILGWROKWFEQQCLXWFMHEFNXJPYQIUWMGQBIYSHIIV                               *\r\n* AHFGQRRHNAQWTVOWGSYBBIRJZBCZEYDZJSMPDJHZQNJMQTINJ                                                    *\r\n* BPKTKSPVHPORDPWQNAIYTXLZKOZFTFSOPJXOOQHUAIBRKZJTQZGIFLCDDLIWSKCBXZBUSHCXSNXKVUOLFF                   *\r\n* TYJJEHTKDHLCQFAUKXPBIXJPSNRIJWXRMVICNQWNYXYPHLHFVZENPEGVPU                                           *\r\n* QPKBHKUPVWXGTACCLYUIGGMNJSJBIONNTZFXOWREMWMIXTKMNCVWVLKKDXROATGGJJ                                   *\r\n* UVEOOHPVKTDPQHXNGSQSHPVTQECDTPFYOGQRJNGPFPZQZHBHDFA                                                  *\r\n* TRFEZKXKELCVOFBKQFESLAMRPETIDVAOOQFWAMRYQWKTNECUGRQXAICS                                             *\r\n* OOVROGJLNGXAEJEOG                                                                                    *\r\n* PPTDLBZBM                                                                                            *\r\n* CNGOMSMXVGBPBHZXE                                                                                    *\r\n* CHMJUFNDLKCTSMUFJAZJOLXHSZAZOLDNWEZESSTBAJHCUBOOVVYZYVGQKFRUFNOZGPXNNPNRHYIFEUM                      *\r\n* KMESMEPBYIUMBYWNUHVFEBBFIHSANBMPSBKSJVMBZVPEVAQICVKWZHLJLZKFMPOW                                     *\r\n* EUAODDZUTFJMWKIQJYRRPQLPBHKLHPKHSHQFQUYRLCFBCWOPBOCQWFHOIKMVTNNEVBTPTCAOZAFNKKNETVKSMTKM             *\r\n* CW                                                                                                   *\r\n* HCXXOBGACZVYOORWZUDYXI                                                                               *\r\n* YDVRBQGORFV                                                                                          *\r\n* WCIYJDNBTZLEYCOMGYXIZAZUTJ                                                                           *\r\n* JWKESSHVTRVTVKGJYRR                                                                                  *\r\n********************************************************************************************************\r\n&quot;)" methodname="TestWithRandom" classname="Open_Lab_04._14.Tests" runstate="Runnable" seed="1354677622" result="Passed" start-time="2021-12-27 14:18:11Z" end-time="2021-12-27 14:18:11Z" duration="0.034722" asserts="8508" />
            <test-case id="1054" name="TestWithRandom([&quot;CUISIMHWDNFZYDFIVSLRGVUKECYSQACBRFHBCLKGAYQDQTWGBADZGBSGZXNFOOFCLDITWDGJIFQIERUKGRRQWDVPMACEXFRLTN&quot;, &quot;MLCKXUUQBKKBIDDZWXPGIITGVABLDNFORYHZDHTWCMUECYUBUFVNEGJESWPXSINNFVKJVD&quot;, &quot;PESEWOOEWFARXSRKKPDHHSVDTYGZGOLGQKFJLCNPERSRSRQVNLZTRWNWIPKXIOYHUTAMMIZHBODQZEKCIKL&quot;, &quot;OROUWJAVRQHPTKWYRDJFMRRDTXXDEIOXCDSCFFQDHDPLGNWOHMLFBGIWALBYLXRJBKMQRUTLMGYICFWFB&quot;, &quot;VSXIWWUVCUERRJMGKWAGXNSZSUHZUUOV&quot;, ...],&quot;********************************************************************************************************\r\n* CUISIMHWDNFZYDFIVSLRGVUKECYSQACBRFHBCLKGAYQDQTWGBADZGBSGZXNFOOFCLDITWDGJIFQIERUKGRRQWDVPMACEXFRLTN   *\r\n* MLCKXUUQBKKBIDDZWXPGIITGVABLDNFORYHZDHTWCMUECYUBUFVNEGJESWPXSINNFVKJVD                               *\r\n* PESEWOOEWFARXSRKKPDHHSVDTYGZGOLGQKFJLCNPERSRSRQVNLZTRWNWIPKXIOYHUTAMMIZHBODQZEKCIKL                  *\r\n* OROUWJAVRQHPTKWYRDJFMRRDTXXDEIOXCDSCFFQDHDPLGNWOHMLFBGIWALBYLXRJBKMQRUTLMGYICFWFB                    *\r\n* VSXIWWUVCUERRJMGKWAGXNSZSUHZUUOV                                                                     *\r\n* DBYLTNQVVSZGVPOWVVAEULIZXPBPUBIFJUNINUQIKLBVTTXFSDZYNQCSSYODMBAUJTWABFIBESUJJNGDSWWRBJSTRUQ          *\r\n* GNWJKGLZXWDNUYTVVTIFSKKPEJTABCJGPTURVKYDBGGVSJWDQWXXMKWVC                                            *\r\n* EBNLYUNWXADCZKUFDLEPXVMPKE                                                                           *\r\n* LUEXZOPGXQQILHVLVANXM                                                                                *\r\n* HHKQNJJOXATPC                                                                                        *\r\n* SDDOKEWO                                                                                             *\r\n* DSHBJRPWHSINWNIAGWJTPPWFTSSWZNHGSVGYFHZXIELWTOVP                                                     *\r\n* NDINVWOVCHQYSXUKBVBGKVYXMKLEALFXCBLJZSXYSCDZIYPHQLSTUIKRFLBKLJVQCTVRLLKJXCOHSYOOV                    *\r\n* NOTMCURUDORMNIGN                                                                                     *\r\n* PCYVFAJVRUCZGWNOGWHWQQBZRHWRKOFBFBYLXIHNKQLAOUWRDYGMZQGYAYEXERKCOBUFYBRYOTLZFBLWKENMHTBOUA           *\r\n* ZDKITGILNARTCGIXFEHSZNHMZDXUVZFLXQSUEKSTXPXV                                                         *\r\n* LLGZWWJNHMMWXJPINQOVFVMONSUMNVJPLSOSRVZDVYPDGYHBCLJZJAOPYRLDBXZMCWKEUXQSRKZHF                        *\r\n* IPLSJCLJFLEZTAJVBYYDBJOCHEURIYAHJP                                                                   *\r\n* WRINXBTRYAVEQIVJBICHZBJLEHTBGKXPDR                                                                   *\r\n* ESLACIRPCLADJMPZYHIJVIXIQHRKOCGAYURRQHAZHLGZDDKORKYHV                                                *\r\n* SWUCKUQGBZFAEOVXJQHIBJBYEMXDTDEZF                                                                    *\r\n* BVWNXFIAJHTDYVSTBHZMHIUWXYXNNYVGVOMABVTBZAZTEBNBKZCWZTJTAZPYIVNL                                     *\r\n* NIKIRSFOXMGIASWKWCNVZHBFTABFUTENOHQSDSSHWHBGCKZ                                                      *\r\n* TOMTZPMFGFORQZTEITUSBEHDJGYR                                                                         *\r\n* VCJAUMGHKNYUKLXDBRXOXYIP                                                                             *\r\n* FOGIJTRVZLCFRWMMWXGWXQSJZIPB                                                                         *\r\n* JWUTTOXAYBUHZ                                                                                        *\r\n* AVYKULBABCTJOWWJBDPSQPILXHOMXVLOYFROAXUQBIUR                                                         *\r\n* JZBDPZQRHUKNMMNWOCGQELJEIIDJZQHVQLOHNJIWUXRKGAOLHTNFOAVYQWVGVHSQMPXAYFIFUJWHUYXHUSCFDCHPQPRRNCANFAYR *\r\n* NNBLHLEENERYNLD                                                                                      *\r\n* MNKIHKIORRRJICTAGDHF                                                                                 *\r\n* UV                                                                                                   *\r\n* CKCLZSAQXISMNIWDENTQUVWLKRSJEXERSUFWHXOYRBLZJGMXHDAMAFWHORAHAQM                                      *\r\n* EBUTCZWHYVYSJWCEEUCAWRRMYYIPWHXAOLVILTUIHTOEGDYRPWCGOLDMJIUERGKRXYEXBUSLZUTDDMGVAQAAERMDIJYDZQQAJWHH *\r\n* AQUDRGURAIXBZEAFJNGMAORVPLJDSTHFYVZAFXMKRLIABBZMQVAJAVYLYZNFXQZGBRDDEAZLBWUOGRTOMXMXTXECXNBGJGNBM    *\r\n* ZJXVHPVOH                                                                                            *\r\n* BKFHGZTADBMDMAGQY                                                                                    *\r\n* CUJTBDSJQRPXBFQABNHUAJMNXKPVXWPRRCLNVIICOWJCKGAHNMZTIETSHVWQOWMTBYFZTCFTEFFD                         *\r\n* KCQKHHKXVIMITFZLRNRJQALAAOKHGPCYPSXTFFHOCVGQSRAXFHMSNUJKQPJTXDRGFOSAHGFMFDHUTVHJOMBZCKKVJNCQWORZEZKE *\r\n* ZQZBAMKMOQVHAEKBRDUEXQUDPPRLIPTKDLOWCXCXZIUXHJVJHXMWQAAIVWLKUZEZWKDOQNZUBWEOVXVGUIEKCXUDKFAGM        *\r\n* CAEVAXFHTTYSUTVLMYAFQMVTWYPADKNTHJUEKAWYBMOKLJDBHZSBFGBQEKZCHEDJGFKLZ                                *\r\n* AMCCEDYKIMVOSERLNBIDZAATQWJFEGZSCQYGZDBXSUCNHTLYRUSJCVSAMJLIUSFCNDMC                                 *\r\n* LMKZKLFYNMXKKOJNPPGYXTPRT                                                                            *\r\n* ZOAADHISGIHJSJNC                                                                                     *\r\n* WOXJEVOXOFEIRWSFGLQYMIQBSHBFFWXLVUSDWUVSLCPCEJOLPEMXWEMOXVRWUIRRHTNWDOJLQYMKSOXITQQBKZORIEFADZYDK    *\r\n* UKWSIAUAHXSCWJYJDERQGIEWOZJJIRAIZTTNLBIQHKSQYFHVCTWTMURLFADIRLRQXJDCPLXBWBJWQOXIRNGOUGWEBIHLXZY      *\r\n* SBTPCFFRWUXKLVVRCVQEECVQNYAHDMEWDNEOUIFMHPSAJLTGMQIBIUQPGCBEEYNKPAHXRGXUPEXOKUHBFTV                  *\r\n* DCOIXOHRGBHJCIKIEWPFSOMDWBFLVZYKCZGNMYACZFNOXOMBKZXJE                                                *\r\n* UPQKLVIWWHCWGCBXVFVNGNAXGIPDBWBPGNERXCMETCJFLAHJZMDSNRJHOSDDG                                        *\r\n* UAFMQTYKZTTQTDDULGBF                                                                                 *\r\n* OSJCPEXCEZJYOIJA                                                                                     *\r\n* KOLONKYWXFDTGWBABFHWKAOAHVTJSFUUUMWMTPBHKGSYTJYCHYNDBDPJZKHSRPESKJYTZPGLDALEIQHYWQCURRSRXMMIHJQVB    *\r\n* OJKEDSRBABSKBJDIVAMKATQHVMCXDTKPCICXNRNKCQRRYMLDFZOPIRYUSDIQPTXGRCISHFVDMCHKCZIIBZSEEUHLJHEKJXVJSKA  *\r\n* ESVADLDGJOSTUAOPASBXVXJZALUPHXRRYMEIESBTQBBVOLPJIFIAIDBHJVZSRNYLWAVHVGLIRIGUVNLPVLGBOR               *\r\n* VLXYISICDCPYNPINCUAIAXGLVKJXFGWXESA                                                                  *\r\n* YHCPIFDRGOXZNXEGOJIXELDXILWWFSUVPLPVSKAUUPEHNKKICPIVJCRMEEHXIGLOUBJBIJOEJNDPHWKYBOTPJZM              *\r\n* TCQNDCLNDQMLAIZSBDLVZCFITIWUMVEUPWHFSABGBPLQJZYSOBO                                                  *\r\n* NQNRXITUGRAHMRWDBTAACFT                                                                              *\r\n* QOYUKDFLHYHYIQIJGGZKOEDRCURUANDHWEAIKZ                                                               *\r\n* CLPAOKXVKLQTWFJUMKHSPMLKTVZCEPZZHVXZZDPGF                                                            *\r\n* GIKUGCNJOXCHUPAEHTLVQVMQMAIKVJVANQFCAZOXPVBBWABHYVWWVJILWTHGTDNECCTEKYEIENGVTKTLZBLANYEDHUFGRIDMHW   *\r\n* UGWXAQNSIDNRLZWGSRNREYQWPSYQWJUOXLZFCEKJZGWZUCTGVBLUTEUWPAHISXVYJZUAAQEOHDSXBRCMZRVUYZUSRDPCWCRC     *\r\n* XPUHTGEXXMQMWUYXUIABBAJFCJWBBRFMPMEBHEFLQW                                                           *\r\n* NDF                                                                                                  *\r\n* JQFBTQAJXGPFKJDWGHEWJQXPPDPKEZWBWONKWPLVPDGVSZVBNAUFZIKSTPLQBPEXJNIVWSZQVIHGJC                       *\r\n* QHNXDFQCNEURHDVUZYILEQAFVBEKQBDJRSVINSBSTLUQBBSMAOHHAQSZHIBCBGLMBLZPIMHHXQSTVJEUJRJCUVIAZV           *\r\n* EQYRMZI                                                                                              *\r\n* PBDENGAKKYZDXEHTJWIRFDZPMLCQYZFTNUOSFNWVTLXBAREAIFHPRQKMCNRB                                         *\r\n* JMLSFQCPPNWAMXTF                                                                                     *\r\n* OUGCHSRQCWKBQSVURKZMIVBBKTSKPETQHEZWUCBTTCDUSNZVAFUNUSOTTFROAGAYDTULTYZPIGTGRGJWUXKJJFWOQFD          *\r\n* KNSMBERYTNCBFFFOZIBNVUTDWQOXXFVNVKFUNGENOKDHUIEEAHPIDPTQTPQKP                                        *\r\n* AOROGVZKBTDOYLRMIOMKXPPNKFQOBXPUXVJOPGCIEQGWEORIZGGCXFWLYEDAFLIDDIRDBCXCLDGHJ                        *\r\n********************************************************************************************************\r\n&quot;)" fullname="Open_Lab_04._14.Tests.TestWithRandom([&quot;CUISIMHWDNFZYDFIVSLRGVUKECYSQACBRFHBCLKGAYQDQTWGBADZGBSGZXNFOOFCLDITWDGJIFQIERUKGRRQWDVPMACEXFRLTN&quot;, &quot;MLCKXUUQBKKBIDDZWXPGIITGVABLDNFORYHZDHTWCMUECYUBUFVNEGJESWPXSINNFVKJVD&quot;, &quot;PESEWOOEWFARXSRKKPDHHSVDTYGZGOLGQKFJLCNPERSRSRQVNLZTRWNWIPKXIOYHUTAMMIZHBODQZEKCIKL&quot;, &quot;OROUWJAVRQHPTKWYRDJFMRRDTXXDEIOXCDSCFFQDHDPLGNWOHMLFBGIWALBYLXRJBKMQRUTLMGYICFWFB&quot;, &quot;VSXIWWUVCUERRJMGKWAGXNSZSUHZUUOV&quot;, ...],&quot;********************************************************************************************************\r\n* CUISIMHWDNFZYDFIVSLRGVUKECYSQACBRFHBCLKGAYQDQTWGBADZGBSGZXNFOOFCLDITWDGJIFQIERUKGRRQWDVPMACEXFRLTN   *\r\n* MLCKXUUQBKKBIDDZWXPGIITGVABLDNFORYHZDHTWCMUECYUBUFVNEGJESWPXSINNFVKJVD                               *\r\n* PESEWOOEWFARXSRKKPDHHSVDTYGZGOLGQKFJLCNPERSRSRQVNLZTRWNWIPKXIOYHUTAMMIZHBODQZEKCIKL                  *\r\n* OROUWJAVRQHPTKWYRDJFMRRDTXXDEIOXCDSCFFQDHDPLGNWOHMLFBGIWALBYLXRJBKMQRUTLMGYICFWFB                    *\r\n* VSXIWWUVCUERRJMGKWAGXNSZSUHZUUOV                                                                     *\r\n* DBYLTNQVVSZGVPOWVVAEULIZXPBPUBIFJUNINUQIKLBVTTXFSDZYNQCSSYODMBAUJTWABFIBESUJJNGDSWWRBJSTRUQ          *\r\n* GNWJKGLZXWDNUYTVVTIFSKKPEJTABCJGPTURVKYDBGGVSJWDQWXXMKWVC                                            *\r\n* EBNLYUNWXADCZKUFDLEPXVMPKE                                                                           *\r\n* LUEXZOPGXQQILHVLVANXM                                                                                *\r\n* HHKQNJJOXATPC                                                                                        *\r\n* SDDOKEWO                                                                                             *\r\n* DSHBJRPWHSINWNIAGWJTPPWFTSSWZNHGSVGYFHZXIELWTOVP                                                     *\r\n* NDINVWOVCHQYSXUKBVBGKVYXMKLEALFXCBLJZSXYSCDZIYPHQLSTUIKRFLBKLJVQCTVRLLKJXCOHSYOOV                    *\r\n* NOTMCURUDORMNIGN                                                                                     *\r\n* PCYVFAJVRUCZGWNOGWHWQQBZRHWRKOFBFBYLXIHNKQLAOUWRDYGMZQGYAYEXERKCOBUFYBRYOTLZFBLWKENMHTBOUA           *\r\n* ZDKITGILNARTCGIXFEHSZNHMZDXUVZFLXQSUEKSTXPXV                                                         *\r\n* LLGZWWJNHMMWXJPINQOVFVMONSUMNVJPLSOSRVZDVYPDGYHBCLJZJAOPYRLDBXZMCWKEUXQSRKZHF                        *\r\n* IPLSJCLJFLEZTAJVBYYDBJOCHEURIYAHJP                                                                   *\r\n* WRINXBTRYAVEQIVJBICHZBJLEHTBGKXPDR                                                                   *\r\n* ESLACIRPCLADJMPZYHIJVIXIQHRKOCGAYURRQHAZHLGZDDKORKYHV                                                *\r\n* SWUCKUQGBZFAEOVXJQHIBJBYEMXDTDEZF                                                                    *\r\n* BVWNXFIAJHTDYVSTBHZMHIUWXYXNNYVGVOMABVTBZAZTEBNBKZCWZTJTAZPYIVNL                                     *\r\n* NIKIRSFOXMGIASWKWCNVZHBFTABFUTENOHQSDSSHWHBGCKZ                                                      *\r\n* TOMTZPMFGFORQZTEITUSBEHDJGYR                                                                         *\r\n* VCJAUMGHKNYUKLXDBRXOXYIP                                                                             *\r\n* FOGIJTRVZLCFRWMMWXGWXQSJZIPB                                                                         *\r\n* JWUTTOXAYBUHZ                                                                                        *\r\n* AVYKULBABCTJOWWJBDPSQPILXHOMXVLOYFROAXUQBIUR                                                         *\r\n* JZBDPZQRHUKNMMNWOCGQELJEIIDJZQHVQLOHNJIWUXRKGAOLHTNFOAVYQWVGVHSQMPXAYFIFUJWHUYXHUSCFDCHPQPRRNCANFAYR *\r\n* NNBLHLEENERYNLD                                                                                      *\r\n* MNKIHKIORRRJICTAGDHF                                                                                 *\r\n* UV                                                                                                   *\r\n* CKCLZSAQXISMNIWDENTQUVWLKRSJEXERSUFWHXOYRBLZJGMXHDAMAFWHORAHAQM                                      *\r\n* EBUTCZWHYVYSJWCEEUCAWRRMYYIPWHXAOLVILTUIHTOEGDYRPWCGOLDMJIUERGKRXYEXBUSLZUTDDMGVAQAAERMDIJYDZQQAJWHH *\r\n* AQUDRGURAIXBZEAFJNGMAORVPLJDSTHFYVZAFXMKRLIABBZMQVAJAVYLYZNFXQZGBRDDEAZLBWUOGRTOMXMXTXECXNBGJGNBM    *\r\n* ZJXVHPVOH                                                                                            *\r\n* BKFHGZTADBMDMAGQY                                                                                    *\r\n* CUJTBDSJQRPXBFQABNHUAJMNXKPVXWPRRCLNVIICOWJCKGAHNMZTIETSHVWQOWMTBYFZTCFTEFFD                         *\r\n* KCQKHHKXVIMITFZLRNRJQALAAOKHGPCYPSXTFFHOCVGQSRAXFHMSNUJKQPJTXDRGFOSAHGFMFDHUTVHJOMBZCKKVJNCQWORZEZKE *\r\n* ZQZBAMKMOQVHAEKBRDUEXQUDPPRLIPTKDLOWCXCXZIUXHJVJHXMWQAAIVWLKUZEZWKDOQNZUBWEOVXVGUIEKCXUDKFAGM        *\r\n* CAEVAXFHTTYSUTVLMYAFQMVTWYPADKNTHJUEKAWYBMOKLJDBHZSBFGBQEKZCHEDJGFKLZ                                *\r\n* AMCCEDYKIMVOSERLNBIDZAATQWJFEGZSCQYGZDBXSUCNHTLYRUSJCVSAMJLIUSFCNDMC                                 *\r\n* LMKZKLFYNMXKKOJNPPGYXTPRT                                                                            *\r\n* ZOAADHISGIHJSJNC                                                                                     *\r\n* WOXJEVOXOFEIRWSFGLQYMIQBSHBFFWXLVUSDWUVSLCPCEJOLPEMXWEMOXVRWUIRRHTNWDOJLQYMKSOXITQQBKZORIEFADZYDK    *\r\n* UKWSIAUAHXSCWJYJDERQGIEWOZJJIRAIZTTNLBIQHKSQYFHVCTWTMURLFADIRLRQXJDCPLXBWBJWQOXIRNGOUGWEBIHLXZY      *\r\n* SBTPCFFRWUXKLVVRCVQEECVQNYAHDMEWDNEOUIFMHPSAJLTGMQIBIUQPGCBEEYNKPAHXRGXUPEXOKUHBFTV                  *\r\n* DCOIXOHRGBHJCIKIEWPFSOMDWBFLVZYKCZGNMYACZFNOXOMBKZXJE                                                *\r\n* UPQKLVIWWHCWGCBXVFVNGNAXGIPDBWBPGNERXCMETCJFLAHJZMDSNRJHOSDDG                                        *\r\n* UAFMQTYKZTTQTDDULGBF                                                                                 *\r\n* OSJCPEXCEZJYOIJA                                                                                     *\r\n* KOLONKYWXFDTGWBABFHWKAOAHVTJSFUUUMWMTPBHKGSYTJYCHYNDBDPJZKHSRPESKJYTZPGLDALEIQHYWQCURRSRXMMIHJQVB    *\r\n* OJKEDSRBABSKBJDIVAMKATQHVMCXDTKPCICXNRNKCQRRYMLDFZOPIRYUSDIQPTXGRCISHFVDMCHKCZIIBZSEEUHLJHEKJXVJSKA  *\r\n* ESVADLDGJOSTUAOPASBXVXJZALUPHXRRYMEIESBTQBBVOLPJIFIAIDBHJVZSRNYLWAVHVGLIRIGUVNLPVLGBOR               *\r\n* VLXYISICDCPYNPINCUAIAXGLVKJXFGWXESA                                                                  *\r\n* YHCPIFDRGOXZNXEGOJIXELDXILWWFSUVPLPVSKAUUPEHNKKICPIVJCRMEEHXIGLOUBJBIJOEJNDPHWKYBOTPJZM              *\r\n* TCQNDCLNDQMLAIZSBDLVZCFITIWUMVEUPWHFSABGBPLQJZYSOBO                                                  *\r\n* NQNRXITUGRAHMRWDBTAACFT                                                                              *\r\n* QOYUKDFLHYHYIQIJGGZKOEDRCURUANDHWEAIKZ                                                               *\r\n* CLPAOKXVKLQTWFJUMKHSPMLKTVZCEPZZHVXZZDPGF                                                            *\r\n* GIKUGCNJOXCHUPAEHTLVQVMQMAIKVJVANQFCAZOXPVBBWABHYVWWVJILWTHGTDNECCTEKYEIENGVTKTLZBLANYEDHUFGRIDMHW   *\r\n* UGWXAQNSIDNRLZWGSRNREYQWPSYQWJUOXLZFCEKJZGWZUCTGVBLUTEUWPAHISXVYJZUAAQEOHDSXBRCMZRVUYZUSRDPCWCRC     *\r\n* XPUHTGEXXMQMWUYXUIABBAJFCJWBBRFMPMEBHEFLQW                                                           *\r\n* NDF                                                                                                  *\r\n* JQFBTQAJXGPFKJDWGHEWJQXPPDPKEZWBWONKWPLVPDGVSZVBNAUFZIKSTPLQBPEXJNIVWSZQVIHGJC                       *\r\n* QHNXDFQCNEURHDVUZYILEQAFVBEKQBDJRSVINSBSTLUQBBSMAOHHAQSZHIBCBGLMBLZPIMHHXQSTVJEUJRJCUVIAZV           *\r\n* EQYRMZI                                                                                              *\r\n* PBDENGAKKYZDXEHTJWIRFDZPMLCQYZFTNUOSFNWVTLXBAREAIFHPRQKMCNRB                                         *\r\n* JMLSFQCPPNWAMXTF                                                                                     *\r\n* OUGCHSRQCWKBQSVURKZMIVBBKTSKPETQHEZWUCBTTCDUSNZVAFUNUSOTTFROAGAYDTULTYZPIGTGRGJWUXKJJFWOQFD          *\r\n* KNSMBERYTNCBFFFOZIBNVUTDWQOXXFVNVKFUNGENOKDHUIEEAHPIDPTQTPQKP                                        *\r\n* AOROGVZKBTDOYLRMIOMKXPPNKFQOBXPUXVJOPGCIEQGWEORIZGGCXFWLYEDAFLIDDIRDBCXCLDGHJ                        *\r\n********************************************************************************************************\r\n&quot;)" methodname="TestWithRandom" classname="Open_Lab_04._14.Tests" runstate="Runnable" seed="305798970" result="Passed" start-time="2021-12-27 14:18:11Z" end-time="2021-12-27 14:18:11Z" duration="0.032206" asserts="7773" />
            <test-case id="1055" name="TestWithRandom([&quot;VOHPURNWSYYQKCBDSHDSWXOHWIEQUYPBE&quot;, &quot;IMXVOLPMZECLNZKZNZFBMYAASLMXCTJXMOUPGXTRCJXJELVEGUKPWDJJLWCCZSKFVFZYFUTQGOYCBQVHQHRHJT&quot;, &quot;IELDJ&quot;, &quot;RSKZRNZLWZLBUJHEHIVBULRBCWBEQUTQJVOVOCJCWWTIFGOKTDWDIIAFBIWVMUUCFVRZUMQFYSEXSIWWH&quot;, &quot;LMXQIBUJTFFNQBBRCJPPPGNREQECMSMANUJHEPNPEKSLZLBCWBGMGSCEZGMSXSWBSEAWS&quot;, ...],&quot;*************************************************************************************************\r\n* VOHPURNWSYYQKCBDSHDSWXOHWIEQUYPBE                                                             *\r\n* IMXVOLPMZECLNZKZNZFBMYAASLMXCTJXMOUPGXTRCJXJELVEGUKPWDJJLWCCZSKFVFZYFUTQGOYCBQVHQHRHJT        *\r\n* IELDJ                                                                                         *\r\n* RSKZRNZLWZLBUJHEHIVBULRBCWBEQUTQJVOVOCJCWWTIFGOKTDWDIIAFBIWVMUUCFVRZUMQFYSEXSIWWH             *\r\n* LMXQIBUJTFFNQBBRCJPPPGNREQECMSMANUJHEPNPEKSLZLBCWBGMGSCEZGMSXSWBSEAWS                         *\r\n* MNWZLEOBSTOBGLMATVSEIYCUSLORSUKFJBOTPHHXQYNTDVMKOSLFENMOKBGZQWIXIIREXSKMOUOJKJ                *\r\n* XZDCAJFBVPAJNAHHUPQKUDHNVHYQJZCDAKJAMTINCHWOXJXLGMTUUYWTRQGTLORWNXI                           *\r\n* RGUAHCINHT                                                                                    *\r\n* MJMKXFIJCOPJWMOCNQZAABUUZRTMRQJMXAUJYEUQFNGOBXYNSZUWHSQKOSKFMVR                               *\r\n* FDLWSFEJWJVMVGTCTFTSWMEFJKUFUODJWUIXMCVNULZX                                                  *\r\n* EPIZHLHBZOSYFMILYOHGLPAXVPQJGXLNHHFUMGMCWIWGQZGPNBVWRRLOOKDSVXVBDERYGNZRBFKDTUHWJAWEBOVQWR    *\r\n* CDUHYNVDLHIJACDUMGIUUCHJ                                                                      *\r\n* AQAOJBCOHWOHXLQXQVOARWCXUJJNWLZVKNXWUOCGGUSFPNPUSWDHSICENCUASOSVXSWJOTDCSIUXDW                *\r\n* HTOUZHRDCKTJSUCORCWHWQFGZTBPJOFAQ                                                             *\r\n* NGDUSOGPUZVJLHPUCUGOMQOIVGGCTNFSSXHWKXJIBGWGLPIUZPMKUCIWRUYMHDVGUDRNZTJELXNFUI                *\r\n* FXMDEBUXQPLEPYXAXKPLIXVUFFHZWOCBJXTPVARFZFBXOPUFNWPUFWPHBRYZTVBBNJUSFIFXTJMCWYGPLBLZZIWMIL    *\r\n* EBSLEDZKEUBAFRRAVKMLDLIOSJBCENHJUVAVBYHZWNBUJBGIHHA                                           *\r\n* WAJSTDTVCX                                                                                    *\r\n* QMSFKQVZXCMOQKNFQDTUXN                                                                        *\r\n* NUMHCXEMWYIKIQVWRMHDZ                                                                         *\r\n* LSIGYDSIDIDHFLXITCSQQPIZFOUGCHPJFDITZ                                                         *\r\n* YBUNVZHALKYISFLJTWKJAKILGVSTBBCEJXDQWCUIRECJIUOKYWKMIPVOSIHZHNYKHTYVBUMRBCRVIZCMHIVFQQ        *\r\n* UBPXNUVAEFRCOVTIDJTKFXZFTGURYSTTRXEULWZWGBNPQXNQOZRVXFQWBKDHZDCMMXKRRYWGKWEDKJOWSEDZA         *\r\n* WMHISBSRWCZBDTMWZPCKLAAMLRVHPVZCLOBYJIFVNSABEJGVKVEOWQMVLVWBGLCADWPPRNNRJHWSAYICLZWTRKGVBFNOM *\r\n* OCPZYHTQDWINEPTUVM                                                                            *\r\n* UPGOJJSQUOMAYEFSUDAAAJUVAKDGRCHJABROHNGPGQYCRVJIZWY                                           *\r\n* ULMKVKOYFMZSGCZXMQKHWLUJLREEAVGUDQPOOHTXZHKTRGWOWMVILRUJRCZDGJXKFE                            *\r\n* QNKIFXNHOAASFVPIOAXJLVFXMIPQPKAOMRFBLEPLXJFIQKUIQBIJIVDUHN                                    *\r\n* XIXSEAMFOQNXKKMLBQWGCNHAOBQGRNLUXHSDARBIEEGRCDYZWJBEKGUJAWECKGOAFTZCRILKOOCXHPXKDQKHMG        *\r\n* RNJCDMYXYQFMJEVHNYQPVEWBLYTZTWGOYJIOIGH                                                       *\r\n* PQEGCCOGHJWJVQOMRHRFTZEBKROZVHZHRSAEAPZIJNSKZWSHVVXAOBEQMCWKOPKZJPSDQJLBIIVGGUCNZGEAJZSPOJSY  *\r\n* PUUCSAKEPRLKWRGGYJSAILHKKQJWDPGRNHTNADOTRJJOTPNHMIPAAXLDNJSCQNBALTWOYSFUVYIY                  *\r\n* SRUDCK                                                                                        *\r\n* ZGRPWPARKLCEIJDZSYITDUEBPMCUSYYOCGBFCHRJROKJWEQRPRBETQREBQZKMGYMMNBCIYWLGZCOKUE               *\r\n* VKFAWUUMPWDMHHWLQXWICOJRUPYUOCTGLOOBAXQSTOML                                                  *\r\n* KEZDQYNYVIHBOFGWAYMDXASSULSHEPNBXXKLYQYDGIQGHAMRJWSQZIWKLGIFGFUGUFEQVUXJZJWPKM                *\r\n* UYAYHWWBOAZASISXAOJLBVVWOYJQQLHZYUOGGHMJXEQQV                                                 *\r\n* EBGLWAABJYCDJINFKCTABYTMQTBANXEFATUIKEPGZXKPECXDWRTNXVSGHUVDZANMUWCQOFVGMMAENDH               *\r\n* VYEVERIFBNAPJMHZJYVHZHOQWNBKUOTDMGHAWSICOXPAFGWAEBVOIAOO                                      *\r\n* NZRPXKNUWCDFGDRQSSBSOLPQAFTTEVMRTRISQ                                                         *\r\n* QNBGJETUYYDYPHNVVBJAORRUPAPLMPUYZFCOQHCLXGHUPFFFEXV                                           *\r\n* IQYYWHQIOHIIEFZKFYFOYYCIKWEK                                                                  *\r\n* KGPTNPIHDRIQUWPXZQJGVAFRHIKNPOADGNEATOQPQCCHXXECNLKFVDYKBXMFFVSORFJGRODKZTPTYYUK              *\r\n* HADDUHDPUZWCL                                                                                 *\r\n* VKNPRNYKYHZFBNFLDCBCXVOKWXGRXOHIOJUIKJCWE                                                     *\r\n* BWEPGPJIWTAJMZWDSTHHNJARQSTXBTAFXBUSGHRRIOSOIFWUMHQIPXJRVMYOWLHCTUMLFDWKCPZYRMILVYLUDRQZ      *\r\n* CWTJCUWHPVNSLOIKGGZYKZJEMTYAMZBEMTDHDBZVCRBRUSJJCJXLQBGCMPWJWVUQTJGRL                         *\r\n* HEGE                                                                                          *\r\n* TYSJTJOXDCQNLMAUNEQYHWKYLMRXBCSEMFNETFDAHXROCVVFLFTAPGOXNUXGRRWAJMBFZVBIAPQJEWVQRMLW          *\r\n* ROGRPQZIWIQBRFPTPFPELZAPFSRYGPEGZQRXV                                                         *\r\n* KFBZEGAHNRGXBHVRYSOQLWYABHEKBANSXBVKCLVTPXFASJOXKISZIFC                                       *\r\n* GBXWCPGMDNZALLOMWVAORYHSTGATINKSZIEBNYQARSXFJOLYUFDM                                          *\r\n* NVITFDWPNEPCHADHMZX                                                                           *\r\n* AXYBCIFUBYCKYNLMWIIUU                                                                         *\r\n* ENHCCNIRHGFGEQXGQWYBOOBEEUPRLEQCLQSKTAGR                                                      *\r\n* JQWFRIUPPSMWSVQMCXIXQGDPCVOYMNPPGPFXFZNLUCVMEGSU                                              *\r\n* YRDYUVCNGDV                                                                                   *\r\n* WDCCWPDQSGDJWCOKRLVDTVNVMQMTDKYWSQYZTJIROEKROUBRGRVVHRABQGPFCKNIIHQGEPRHCDOPLVH               *\r\n* PVMLOCOAQWINTCPEQCJGDVMRANSDDKQUYXQGXBTFSPQHGDOAOJYILAOTIVLBJKXFGOOVMI                        *\r\n* PJDOOFEKWZSPTLHJXJWYCPRVISKB                                                                  *\r\n* OSNFCJZHMAODKPCRUDTZFRMPKEZRHFVUDSHHFJRCHBKJIURAPENOQBNXFXVXJIAHETASHUMK                      *\r\n* RSDGDGQNZBDSGEBEKBHOTTYBDEPTZSUSCCZJJRCQFKJGWOXOY                                             *\r\n* XTEWTXTCCYRWNGGKPEESUSZQJIJREOHAVLVBNGIBQGODZJXDALZSKG                                        *\r\n* EUONKOBYORQACKFXJVCCOEVQZLFRSPOQPSQHYTXNOIZMJIUSUOPXHEEZYYNZIJFYDZLKUXYQXP                    *\r\n* FEIHRQNWEARJLNRIAGYEECBJJWKYXPZZRQZUQQVIVMBYMQAWCOYKZ                                         *\r\n* IDDZXUGOZOARSUOWSKKPJRADWTWNVIRPZFHVRQSACGNMX                                                 *\r\n* YGIGWOZKCRCACEYSTQXLRMNSEBRJMCEOFCVQFOMDPPDQTROOBJNWPMCLSPCUWPXZNOVZJINEEUVCIWZ               *\r\n* NDIDPHYSZJXPMRGZSDDEWOESWJSUQACWQOHTHUKFPCAALYRMNVJF                                          *\r\n* VQYYPGFPDBZGBZXKMSYSXOTOEGXRFGVQXCUXIVRNEQLAATKZUCBDLMWGWKTIJOJWGIJYEZCRAKNHC                 *\r\n* NLWYXDFRFKFOBXBJEQGOUSKLUUZKCAZPDDXIMKRGRODYTQYEQRGXBNYUAKDCDVPEKQKXASWTYZ                    *\r\n* FPLSEVVTKUCNQECICGOCVZZNCFBEXVNYBQTFORZHIBEJICUSXKTMJXBGPXQYUQWPHDMZLWTKHHUUUPFZLJGNBAOEOMP   *\r\n* BANRFOCEQUGAQJECDHLASQMLKIOGPILYGCJHUCOFMAJRCFWSVMAHAPYLNBHXAVPHJH                            *\r\n* OZXHASFNSGVIELVKCHDYRDXUSVRFRKCIULISYEAPUBFFSTCLEKNZFJCKBDPFAAWIEMOTDDLXHODPY                 *\r\n* BZTGAGWCCKJXQVPUOUFXAFEIIBZPSRGMMJBPLUZQLBKDKFMQIMAIKBRWUKYZHHJLEWLHUAJTU                     *\r\n* LZVBYCOIHGRXCLREVBWAJESYZNUEVIDGNVPSBTLVKYADTGUAQPEHXUGHGWB                                   *\r\n* HKNZCKKGVYDBPAPKEOFTSUOFDVJSPIMERAOALAAIVNER                                                  *\r\n* DRWFVDRRISNWHWGBRRNMYKPMOZDNWXEPWTZDNNTFUNJHBED                                               *\r\n*************************************************************************************************\r\n&quot;)" fullname="Open_Lab_04._14.Tests.TestWithRandom([&quot;VOHPURNWSYYQKCBDSHDSWXOHWIEQUYPBE&quot;, &quot;IMXVOLPMZECLNZKZNZFBMYAASLMXCTJXMOUPGXTRCJXJELVEGUKPWDJJLWCCZSKFVFZYFUTQGOYCBQVHQHRHJT&quot;, &quot;IELDJ&quot;, &quot;RSKZRNZLWZLBUJHEHIVBULRBCWBEQUTQJVOVOCJCWWTIFGOKTDWDIIAFBIWVMUUCFVRZUMQFYSEXSIWWH&quot;, &quot;LMXQIBUJTFFNQBBRCJPPPGNREQECMSMANUJHEPNPEKSLZLBCWBGMGSCEZGMSXSWBSEAWS&quot;, ...],&quot;*************************************************************************************************\r\n* VOHPURNWSYYQKCBDSHDSWXOHWIEQUYPBE                                                             *\r\n* IMXVOLPMZECLNZKZNZFBMYAASLMXCTJXMOUPGXTRCJXJELVEGUKPWDJJLWCCZSKFVFZYFUTQGOYCBQVHQHRHJT        *\r\n* IELDJ                                                                                         *\r\n* RSKZRNZLWZLBUJHEHIVBULRBCWBEQUTQJVOVOCJCWWTIFGOKTDWDIIAFBIWVMUUCFVRZUMQFYSEXSIWWH             *\r\n* LMXQIBUJTFFNQBBRCJPPPGNREQECMSMANUJHEPNPEKSLZLBCWBGMGSCEZGMSXSWBSEAWS                         *\r\n* MNWZLEOBSTOBGLMATVSEIYCUSLORSUKFJBOTPHHXQYNTDVMKOSLFENMOKBGZQWIXIIREXSKMOUOJKJ                *\r\n* XZDCAJFBVPAJNAHHUPQKUDHNVHYQJZCDAKJAMTINCHWOXJXLGMTUUYWTRQGTLORWNXI                           *\r\n* RGUAHCINHT                                                                                    *\r\n* MJMKXFIJCOPJWMOCNQZAABUUZRTMRQJMXAUJYEUQFNGOBXYNSZUWHSQKOSKFMVR                               *\r\n* FDLWSFEJWJVMVGTCTFTSWMEFJKUFUODJWUIXMCVNULZX                                                  *\r\n* EPIZHLHBZOSYFMILYOHGLPAXVPQJGXLNHHFUMGMCWIWGQZGPNBVWRRLOOKDSVXVBDERYGNZRBFKDTUHWJAWEBOVQWR    *\r\n* CDUHYNVDLHIJACDUMGIUUCHJ                                                                      *\r\n* AQAOJBCOHWOHXLQXQVOARWCXUJJNWLZVKNXWUOCGGUSFPNPUSWDHSICENCUASOSVXSWJOTDCSIUXDW                *\r\n* HTOUZHRDCKTJSUCORCWHWQFGZTBPJOFAQ                                                             *\r\n* NGDUSOGPUZVJLHPUCUGOMQOIVGGCTNFSSXHWKXJIBGWGLPIUZPMKUCIWRUYMHDVGUDRNZTJELXNFUI                *\r\n* FXMDEBUXQPLEPYXAXKPLIXVUFFHZWOCBJXTPVARFZFBXOPUFNWPUFWPHBRYZTVBBNJUSFIFXTJMCWYGPLBLZZIWMIL    *\r\n* EBSLEDZKEUBAFRRAVKMLDLIOSJBCENHJUVAVBYHZWNBUJBGIHHA                                           *\r\n* WAJSTDTVCX                                                                                    *\r\n* QMSFKQVZXCMOQKNFQDTUXN                                                                        *\r\n* NUMHCXEMWYIKIQVWRMHDZ                                                                         *\r\n* LSIGYDSIDIDHFLXITCSQQPIZFOUGCHPJFDITZ                                                         *\r\n* YBUNVZHALKYISFLJTWKJAKILGVSTBBCEJXDQWCUIRECJIUOKYWKMIPVOSIHZHNYKHTYVBUMRBCRVIZCMHIVFQQ        *\r\n* UBPXNUVAEFRCOVTIDJTKFXZFTGURYSTTRXEULWZWGBNPQXNQOZRVXFQWBKDHZDCMMXKRRYWGKWEDKJOWSEDZA         *\r\n* WMHISBSRWCZBDTMWZPCKLAAMLRVHPVZCLOBYJIFVNSABEJGVKVEOWQMVLVWBGLCADWPPRNNRJHWSAYICLZWTRKGVBFNOM *\r\n* OCPZYHTQDWINEPTUVM                                                                            *\r\n* UPGOJJSQUOMAYEFSUDAAAJUVAKDGRCHJABROHNGPGQYCRVJIZWY                                           *\r\n* ULMKVKOYFMZSGCZXMQKHWLUJLREEAVGUDQPOOHTXZHKTRGWOWMVILRUJRCZDGJXKFE                            *\r\n* QNKIFXNHOAASFVPIOAXJLVFXMIPQPKAOMRFBLEPLXJFIQKUIQBIJIVDUHN                                    *\r\n* XIXSEAMFOQNXKKMLBQWGCNHAOBQGRNLUXHSDARBIEEGRCDYZWJBEKGUJAWECKGOAFTZCRILKOOCXHPXKDQKHMG        *\r\n* RNJCDMYXYQFMJEVHNYQPVEWBLYTZTWGOYJIOIGH                                                       *\r\n* PQEGCCOGHJWJVQOMRHRFTZEBKROZVHZHRSAEAPZIJNSKZWSHVVXAOBEQMCWKOPKZJPSDQJLBIIVGGUCNZGEAJZSPOJSY  *\r\n* PUUCSAKEPRLKWRGGYJSAILHKKQJWDPGRNHTNADOTRJJOTPNHMIPAAXLDNJSCQNBALTWOYSFUVYIY                  *\r\n* SRUDCK                                                                                        *\r\n* ZGRPWPARKLCEIJDZSYITDUEBPMCUSYYOCGBFCHRJROKJWEQRPRBETQREBQZKMGYMMNBCIYWLGZCOKUE               *\r\n* VKFAWUUMPWDMHHWLQXWICOJRUPYUOCTGLOOBAXQSTOML                                                  *\r\n* KEZDQYNYVIHBOFGWAYMDXASSULSHEPNBXXKLYQYDGIQGHAMRJWSQZIWKLGIFGFUGUFEQVUXJZJWPKM                *\r\n* UYAYHWWBOAZASISXAOJLBVVWOYJQQLHZYUOGGHMJXEQQV                                                 *\r\n* EBGLWAABJYCDJINFKCTABYTMQTBANXEFATUIKEPGZXKPECXDWRTNXVSGHUVDZANMUWCQOFVGMMAENDH               *\r\n* VYEVERIFBNAPJMHZJYVHZHOQWNBKUOTDMGHAWSICOXPAFGWAEBVOIAOO                                      *\r\n* NZRPXKNUWCDFGDRQSSBSOLPQAFTTEVMRTRISQ                                                         *\r\n* QNBGJETUYYDYPHNVVBJAORRUPAPLMPUYZFCOQHCLXGHUPFFFEXV                                           *\r\n* IQYYWHQIOHIIEFZKFYFOYYCIKWEK                                                                  *\r\n* KGPTNPIHDRIQUWPXZQJGVAFRHIKNPOADGNEATOQPQCCHXXECNLKFVDYKBXMFFVSORFJGRODKZTPTYYUK              *\r\n* HADDUHDPUZWCL                                                                                 *\r\n* VKNPRNYKYHZFBNFLDCBCXVOKWXGRXOHIOJUIKJCWE                                                     *\r\n* BWEPGPJIWTAJMZWDSTHHNJARQSTXBTAFXBUSGHRRIOSOIFWUMHQIPXJRVMYOWLHCTUMLFDWKCPZYRMILVYLUDRQZ      *\r\n* CWTJCUWHPVNSLOIKGGZYKZJEMTYAMZBEMTDHDBZVCRBRUSJJCJXLQBGCMPWJWVUQTJGRL                         *\r\n* HEGE                                                                                          *\r\n* TYSJTJOXDCQNLMAUNEQYHWKYLMRXBCSEMFNETFDAHXROCVVFLFTAPGOXNUXGRRWAJMBFZVBIAPQJEWVQRMLW          *\r\n* ROGRPQZIWIQBRFPTPFPELZAPFSRYGPEGZQRXV                                                         *\r\n* KFBZEGAHNRGXBHVRYSOQLWYABHEKBANSXBVKCLVTPXFASJOXKISZIFC                                       *\r\n* GBXWCPGMDNZALLOMWVAORYHSTGATINKSZIEBNYQARSXFJOLYUFDM                                          *\r\n* NVITFDWPNEPCHADHMZX                                                                           *\r\n* AXYBCIFUBYCKYNLMWIIUU                                                                         *\r\n* ENHCCNIRHGFGEQXGQWYBOOBEEUPRLEQCLQSKTAGR                                                      *\r\n* JQWFRIUPPSMWSVQMCXIXQGDPCVOYMNPPGPFXFZNLUCVMEGSU                                              *\r\n* YRDYUVCNGDV                                                                                   *\r\n* WDCCWPDQSGDJWCOKRLVDTVNVMQMTDKYWSQYZTJIROEKROUBRGRVVHRABQGPFCKNIIHQGEPRHCDOPLVH               *\r\n* PVMLOCOAQWINTCPEQCJGDVMRANSDDKQUYXQGXBTFSPQHGDOAOJYILAOTIVLBJKXFGOOVMI                        *\r\n* PJDOOFEKWZSPTLHJXJWYCPRVISKB                                                                  *\r\n* OSNFCJZHMAODKPCRUDTZFRMPKEZRHFVUDSHHFJRCHBKJIURAPENOQBNXFXVXJIAHETASHUMK                      *\r\n* RSDGDGQNZBDSGEBEKBHOTTYBDEPTZSUSCCZJJRCQFKJGWOXOY                                             *\r\n* XTEWTXTCCYRWNGGKPEESUSZQJIJREOHAVLVBNGIBQGODZJXDALZSKG                                        *\r\n* EUONKOBYORQACKFXJVCCOEVQZLFRSPOQPSQHYTXNOIZMJIUSUOPXHEEZYYNZIJFYDZLKUXYQXP                    *\r\n* FEIHRQNWEARJLNRIAGYEECBJJWKYXPZZRQZUQQVIVMBYMQAWCOYKZ                                         *\r\n* IDDZXUGOZOARSUOWSKKPJRADWTWNVIRPZFHVRQSACGNMX                                                 *\r\n* YGIGWOZKCRCACEYSTQXLRMNSEBRJMCEOFCVQFOMDPPDQTROOBJNWPMCLSPCUWPXZNOVZJINEEUVCIWZ               *\r\n* NDIDPHYSZJXPMRGZSDDEWOESWJSUQACWQOHTHUKFPCAALYRMNVJF                                          *\r\n* VQYYPGFPDBZGBZXKMSYSXOTOEGXRFGVQXCUXIVRNEQLAATKZUCBDLMWGWKTIJOJWGIJYEZCRAKNHC                 *\r\n* NLWYXDFRFKFOBXBJEQGOUSKLUUZKCAZPDDXIMKRGRODYTQYEQRGXBNYUAKDCDVPEKQKXASWTYZ                    *\r\n* FPLSEVVTKUCNQECICGOCVZZNCFBEXVNYBQTFORZHIBEJICUSXKTMJXBGPXQYUQWPHDMZLWTKHHUUUPFZLJGNBAOEOMP   *\r\n* BANRFOCEQUGAQJECDHLASQMLKIOGPILYGCJHUCOFMAJRCFWSVMAHAPYLNBHXAVPHJH                            *\r\n* OZXHASFNSGVIELVKCHDYRDXUSVRFRKCIULISYEAPUBFFSTCLEKNZFJCKBDPFAAWIEMOTDDLXHODPY                 *\r\n* BZTGAGWCCKJXQVPUOUFXAFEIIBZPSRGMMJBPLUZQLBKDKFMQIMAIKBRWUKYZHHJLEWLHUAJTU                     *\r\n* LZVBYCOIHGRXCLREVBWAJESYZNUEVIDGNVPSBTLVKYADTGUAQPEHXUGHGWB                                   *\r\n* HKNZCKKGVYDBPAPKEOFTSUOFDVJSPIMERAOALAAIVNER                                                  *\r\n* DRWFVDRRISNWHWGBRRNMYKPMOZDNWXEPWTZDNNTFUNJHBED                                               *\r\n*************************************************************************************************\r\n&quot;)" methodname="TestWithRandom" classname="Open_Lab_04._14.Tests" runstate="Runnable" seed="1849228027" result="Passed" start-time="2021-12-27 14:18:11Z" end-time="2021-12-27 14:18:11Z" duration="0.025755" asserts="7745" />
            <test-case id="1056" name="TestWithRandom([&quot;HEWRFNTCJQVZDVKNXZNWDOEXHSLAHLKWYUOTIYQGGBDWXFQSYUEEPIQSZYJNBSVYGZAJGREZIHPCL&quot;, &quot;ZCBTCNHFGQDWTKODEOFEQYEGLGPEVIS&quot;, &quot;HRYHLIPHRATKGKXUKECBWGRBXVHVYCKXXOOBMGSWYYMQFUABIVUQGRSAA&quot;, &quot;KQBUJPPVMRVWIDMFCXTBWDUFMCHTRGWOBPWCVEOXAJHIFMMQEAOUGZAGVVHGHWEGVHVTGJKYJWANWMAAQROQRBHB&quot;, &quot;QHAXIQDFANYRTJUQQLKYNKJVHQQHNPTZTEQCKBBGWHVYBIWHUZAQXDBFXE&quot;, ...],&quot;****************************************************************************************************\r\n* HEWRFNTCJQVZDVKNXZNWDOEXHSLAHLKWYUOTIYQGGBDWXFQSYUEEPIQSZYJNBSVYGZAJGREZIHPCL                    *\r\n* ZCBTCNHFGQDWTKODEOFEQYEGLGPEVIS                                                                  *\r\n* HRYHLIPHRATKGKXUKECBWGRBXVHVYCKXXOOBMGSWYYMQFUABIVUQGRSAA                                        *\r\n* KQBUJPPVMRVWIDMFCXTBWDUFMCHTRGWOBPWCVEOXAJHIFMMQEAOUGZAGVVHGHWEGVHVTGJKYJWANWMAAQROQRBHB         *\r\n* QHAXIQDFANYRTJUQQLKYNKJVHQQHNPTZTEQCKBBGWHVYBIWHUZAQXDBFXE                                       *\r\n* RAWRKTYYPSRGPKEBFOKTYUINOODCQCKFFLJGAQLFDKGODTLFTBWRNLRXRIDWPW                                   *\r\n* MIMADAYBODEQNNTKUCXIOGTRTTMORNP                                                                  *\r\n* GCTGQSHEVAHNIVEJXYITRNTGOUGKOJJBOOJKTNTBUSNOZGIYPCRSEVYSJNSWLX                                   *\r\n* LQFZULTPKFHYYAEGILIVMSQWSQRBGUXPXCBXTGONVMHNXXZRFGKKDBDTAIGDUSJ                                  *\r\n* HRBWZGNBXUZZLCZVRZWZKNLVYHXKZKTDDRFFWCSYTIMJCEIXJLMUWJEUFFX                                      *\r\n* JCBMBWWTXUZOGXGCACTUZZBOYYGTNKZQFAORGZIFHPAPMXOYDCTDMDSKANNCQDGMUIJGJ                            *\r\n* VAUONKZMBBKIQKRWEBHEQTMFPEINVENIOOHTIXPIKOLMSHMVVXDHYFXBO                                        *\r\n* ZJBLRXNCTBDYNGMZTCHZNHRNSXAFJJQFEUYGHZXOYQOKRXJXVZLVUOBRR                                        *\r\n* STXHSKKYTTHFRUFTBWTGWVODKKXVKPTGPUGDQQXEZTDQPPHRPBNE                                             *\r\n* LQXFUXHMPNEABQXNBCLZOGDSXNUDFFJCOIDDJYWSQRKFZPOZJEOYBFJENFHGCEGJDBLSMUEDFSJXWXSHZUUBRLAJYZPERQPL *\r\n* ACXEVNOAKSJVMIQMZGIKFSSBCUMFZMPCXMVVUDEHFB                                                       *\r\n* SRNLQZRRJHBFIKWCAAJAYDGYANU                                                                      *\r\n* WBAEDLZKOIWFHUFUVGMLYBDHVBIOKPLDEAVHHWCXKMNREDSEXMCTAJTUYSJCCLZZXSBH                             *\r\n****************************************************************************************************\r\n&quot;)" fullname="Open_Lab_04._14.Tests.TestWithRandom([&quot;HEWRFNTCJQVZDVKNXZNWDOEXHSLAHLKWYUOTIYQGGBDWXFQSYUEEPIQSZYJNBSVYGZAJGREZIHPCL&quot;, &quot;ZCBTCNHFGQDWTKODEOFEQYEGLGPEVIS&quot;, &quot;HRYHLIPHRATKGKXUKECBWGRBXVHVYCKXXOOBMGSWYYMQFUABIVUQGRSAA&quot;, &quot;KQBUJPPVMRVWIDMFCXTBWDUFMCHTRGWOBPWCVEOXAJHIFMMQEAOUGZAGVVHGHWEGVHVTGJKYJWANWMAAQROQRBHB&quot;, &quot;QHAXIQDFANYRTJUQQLKYNKJVHQQHNPTZTEQCKBBGWHVYBIWHUZAQXDBFXE&quot;, ...],&quot;****************************************************************************************************\r\n* HEWRFNTCJQVZDVKNXZNWDOEXHSLAHLKWYUOTIYQGGBDWXFQSYUEEPIQSZYJNBSVYGZAJGREZIHPCL                    *\r\n* ZCBTCNHFGQDWTKODEOFEQYEGLGPEVIS                                                                  *\r\n* HRYHLIPHRATKGKXUKECBWGRBXVHVYCKXXOOBMGSWYYMQFUABIVUQGRSAA                                        *\r\n* KQBUJPPVMRVWIDMFCXTBWDUFMCHTRGWOBPWCVEOXAJHIFMMQEAOUGZAGVVHGHWEGVHVTGJKYJWANWMAAQROQRBHB         *\r\n* QHAXIQDFANYRTJUQQLKYNKJVHQQHNPTZTEQCKBBGWHVYBIWHUZAQXDBFXE                                       *\r\n* RAWRKTYYPSRGPKEBFOKTYUINOODCQCKFFLJGAQLFDKGODTLFTBWRNLRXRIDWPW                                   *\r\n* MIMADAYBODEQNNTKUCXIOGTRTTMORNP                                                                  *\r\n* GCTGQSHEVAHNIVEJXYITRNTGOUGKOJJBOOJKTNTBUSNOZGIYPCRSEVYSJNSWLX                                   *\r\n* LQFZULTPKFHYYAEGILIVMSQWSQRBGUXPXCBXTGONVMHNXXZRFGKKDBDTAIGDUSJ                                  *\r\n* HRBWZGNBXUZZLCZVRZWZKNLVYHXKZKTDDRFFWCSYTIMJCEIXJLMUWJEUFFX                                      *\r\n* JCBMBWWTXUZOGXGCACTUZZBOYYGTNKZQFAORGZIFHPAPMXOYDCTDMDSKANNCQDGMUIJGJ                            *\r\n* VAUONKZMBBKIQKRWEBHEQTMFPEINVENIOOHTIXPIKOLMSHMVVXDHYFXBO                                        *\r\n* ZJBLRXNCTBDYNGMZTCHZNHRNSXAFJJQFEUYGHZXOYQOKRXJXVZLVUOBRR                                        *\r\n* STXHSKKYTTHFRUFTBWTGWVODKKXVKPTGPUGDQQXEZTDQPPHRPBNE                                             *\r\n* LQXFUXHMPNEABQXNBCLZOGDSXNUDFFJCOIDDJYWSQRKFZPOZJEOYBFJENFHGCEGJDBLSMUEDFSJXWXSHZUUBRLAJYZPERQPL *\r\n* ACXEVNOAKSJVMIQMZGIKFSSBCUMFZMPCXMVVUDEHFB                                                       *\r\n* SRNLQZRRJHBFIKWCAAJAYDGYANU                                                                      *\r\n* WBAEDLZKOIWFHUFUVGMLYBDHVBIOKPLDEAVHHWCXKMNREDSEXMCTAJTUYSJCCLZZXSBH                             *\r\n****************************************************************************************************\r\n&quot;)" methodname="TestWithRandom" classname="Open_Lab_04._14.Tests" runstate="Runnable" seed="2057952247" result="Passed" start-time="2021-12-27 14:18:11Z" end-time="2021-12-27 14:18:11Z" duration="0.004813" asserts="2023" />
            <test-case id="1057" name="TestWithRandom([&quot;NZEOBMNLDSIDRXMRCUHAJONZUYMOTLCKFZZDPLIHHMPRTYTBNGPGAYNYMEUCZZSRPYYRYIBQMATXZWGVFKANVVKHMARK&quot;, &quot;FHIUXBUACDEEYTAEQYQXYXOYEWTORFXRQZGSLDCULVCHWIXCJCWCBNTISJPBHGIXFMOZN&quot;, &quot;TMWVMCUHBWYREPIVQDFXZBOAMENFCKU&quot;, &quot;OCIJFFAQOLISCPCSOJWKUPISXVIHPPERCBCCHZPKCOJNTWYWCUQSOJDZTQMKWTBYGRPAMALPULHFFUZBXLEVYMDSYD&quot;, &quot;QNFNJNKGBGXKBIBYCCXUZRKNLOFAUOXCJ&quot;, ...],&quot;*******************************************************************************************************\r\n* NZEOBMNLDSIDRXMRCUHAJONZUYMOTLCKFZZDPLIHHMPRTYTBNGPGAYNYMEUCZZSRPYYRYIBQMATXZWGVFKANVVKHMARK        *\r\n* FHIUXBUACDEEYTAEQYQXYXOYEWTORFXRQZGSLDCULVCHWIXCJCWCBNTISJPBHGIXFMOZN                               *\r\n* TMWVMCUHBWYREPIVQDFXZBOAMENFCKU                                                                     *\r\n* OCIJFFAQOLISCPCSOJWKUPISXVIHPPERCBCCHZPKCOJNTWYWCUQSOJDZTQMKWTBYGRPAMALPULHFFUZBXLEVYMDSYD          *\r\n* QNFNJNKGBGXKBIBYCCXUZRKNLOFAUOXCJ                                                                   *\r\n* VCOXYRUNXVZBCNXNAQAJIZCRCUHKMNJVAJNYJEEGZMTOOJMSCGNGBAJVZWVDJKBJMDBSAY                              *\r\n* WLUKWGNDSIPHFACTAA                                                                                  *\r\n* ZMJAWOKKCKITSECRUHQMPLTCVUCVIJKBSHYRMLYVLVLTKPWDDJHMJNCNTGEBMPBSAHAKFK                              *\r\n* JJUBTAZRGXYSZCXRE                                                                                   *\r\n* LYGGWIWUSTDOMYSEXCOM                                                                                *\r\n* NTOYENWBQCQWFUMXDNMEYHGOSKAAVEVCRVXERHR                                                             *\r\n* ATCQNRHEGGUPCILFNZGTNVGLHOFKWHFVVRDFEPBADVTOKGZJJRQSBYHENRJZMWIYBZTLEGBXYFPRCSBBO                   *\r\n* AEQNTXKZSNGCOHNUNKMNEDQTTWIPCVPIKQWDINFWBFONRWRIEHEQOBRXNXUXOUWXXXSXLKMZEPMZPDCXFALVQ               *\r\n* TJZYPKTIIGIRPTETWTUELZORIKVWSNJBGYEIYMUCGWHFRXNJTLDRBLNUUHQEPWQUXHKROVUKZSYPRJAKXLDGJSAVKJORWQMKGM  *\r\n* KNVUYRTSINYCLHGGDTJLFHPGEHDOIFNI                                                                    *\r\n* BQWCREOQZRIMHCJQJIQWB                                                                               *\r\n* DYOPQOFJDZPXK                                                                                       *\r\n* JEMOUVFPHUXETXZWXMDYNYNCOAKQNIXJSSHEWBCGYNRURMUHKGCDTMEKRJATKOBYXOL                                 *\r\n* QUAV                                                                                                *\r\n* XZZHSKBFCGHGTQGOWNMBIVJLSXDATQPGHTVMEDY                                                             *\r\n* ZNHIUSDYFMUGNTBCQOOVHBLMQBYAUUJTPOCUNBRAUEVHWISNRSVPODQYCVRSTCDKCBRZRHPPXOADFEQHILJBYTELXESSJYGR    *\r\n* KEVR                                                                                                *\r\n* VJDGSACNSXFJJITCMJWFBNPWFYHJCUAUQOPZXRBDJJLUMZOYYYYVYLSITGBUTTLXXKTVSTEUHTWSB                       *\r\n* KFJJKDWEWFWHFQQHJPXOXCGTFETENEOZGYWWKKIHBSNOYLNNDAJGUNXHYQDGJRRSQXBGTUXZHQMEOSVUQ                   *\r\n* AMUIFSBOXTGCXKBVXBJGTJD                                                                             *\r\n* ZEBSTGVJPEQEXISIFFXDTESCDTUTKKLRIKIARIV                                                             *\r\n* YXNTTWXPJABOMAQUMZOALBYFSYWNZRRWJGFWRYIHVFKJIXFITONRUVFWYIBUAKQRJ                                   *\r\n* FFVUCOQHEGQPWVTNTKDA                                                                                *\r\n* OBIXJWNGL                                                                                           *\r\n* SADRAMZLZBMQYFJLGBMRFNICQEMWTRDATRYOSDSATYDYPXCCOXQLUTJFRA                                          *\r\n* VACRI                                                                                               *\r\n* MXHHUSDILXGKKNTCKIWARFZHTWSCXARHVACZUVTENCIVCVHNITPUVHGGXZOXABLKGZOJKTHPORNPWEFXPEUDLWLNUWCVG       *\r\n* DMQYODGYCOMAFDURJTUQIVHHZJNBOORLISOBYYPCRRCFRKRISDMIBPNIFJZEPEJOXARMPTTLESYRTBQOSFIL                *\r\n* IKTFFVP                                                                                             *\r\n* KMMHNHQSFSZJBDIQVODSKMJWXMOPYGJXELUFLKFUZWNMJBAFBCKRSWPXDQJBSATYJBFPJDELIISNZWNWMJNWWSFHWWCVAEBZCO  *\r\n* HVKVYXYIJEBYG                                                                                       *\r\n* NPIMXBRWYTMBJKE                                                                                     *\r\n* TLKTFABNPYYJVDUYVRNPTMEMLKXR                                                                        *\r\n* XONDCKQNMXNNUXZDHBVYNFSXPNGGXIVCKERKK                                                               *\r\n* TSEKJTABYPFIDJCSVSVPNOEK                                                                            *\r\n* ECKDQFOTBICUDVYXOORAPEMARIZOUSEOTUEQQYIJRPCBZYSWXSZZMKAAQJLHG                                       *\r\n* YJDOAIRHHPGHIZBKBTQDRCSEBJUEAGMADRRTXKXKFPLKTFBBYFISRDHWRYNQOMHACFERIINQVFXCQHLWISFUXUJAJUBYXHWSHKH *\r\n* AKTQRSXLFFFJNRIVHMCIWEHNGOTNJFUFAXVYZPCFXXUEOSLFZBLVI                                               *\r\n* RWCFJDYJCZKAIPVJVRJXLYJCYNDNOIUZXAGZVTGZGNVUUOJVKPFTLKOTMAHVZLUUFKCHJWOCLJQXDPIJDIDZCAOMMMNVMKAVTA  *\r\n* JLCLNBDIBURPXRXRQHVRFWQVWJSPAIUDCZZYBWPXZRMRVXPEPSJOYJJNVH                                          *\r\n* EINHTANNXSZQURXRNKYZZTOAHZGFTQLCUHLOMJTRIJSLPCPWBRWDXHPLUMZ                                         *\r\n* UHUHGWVNGIFDQGRPBCKFKKEBUIENRAUZKZXAPLFSHBPSLSMQQZJRBUJKDSMYSIWGNFTRJQAPXSYI                        *\r\n* LPBWNWRQCYPPNXXYGAYFJEGYUHZZUUJWBPRCLBELEQLHDBWTDRQRZCLGJCBGXRVHOTOXFUNFWNASTYV                     *\r\n* KFWDDSWYEKSIAXNNUDTKNYOIDLUMCSNLHIWRVSEWWQTUBFFZZNYPFKGLRNZSXKVLXHARBVRBZX                          *\r\n* WFUHYGVMPUXFXCKAHTLYMUHWTENYDVWQIWJGWGAMCXGQZBDPRUKIN                                               *\r\n* BCXXNUTXJTXHXASDEBSZVPNRXRAXGILOCJVHIZTGSFONTSEDXNQIPNDMOGAVTVQAHJEOELVEIMHQAAXFNXZTRCZPFJTCZXMW    *\r\n* NFJNPYMRLACGMLNIUHVVWIFKPIUSSFKZKBNVORYZNBFCWITYFTEQRASEAZ                                          *\r\n* GDTYGQDWLXSUDIWIUCCNGPWMZATIJJIUOTRVTCZLTMIAMZBHUSXBXLSRHHZFWUMBOXFKRBORDRUTHVZAZMOQLGXCAAOMDTO     *\r\n* ZGLPTQQTEFYGRYKLHZGKGWQIACJQMBOKCVTAKKHIVULFIRLBPDFEMDSDQDOQHZGDRNDVFJAWRXPLKKZJRHAJWKXYDQKGWRB     *\r\n* OIOUNQWGCIMPOGSGEFZZYWHGQFROZUAAWTXBVEVAKUHNXIKXXECQRBWRBHEIZHGIIMSUJQKZJYPEPTJIVTRV                *\r\n* JIVXFANZNADOYELPPOGTCGTMSBHYVNFQKQYDXXDQXAVXMPQOXTFFLCPCPJEDSODAVMDIG                               *\r\n* RRLPWCKVACLSBCHAEIBVNOTZXIWVCZMII                                                                   *\r\n* BNTVGNSUJBSZNBTUIVHKUDYLROGPSAQCKMBTGJCNDTFRHYUVCIRQBXUYPID                                         *\r\n* GCCILPPBZZNYTTHBXHETTLNJJABMRCEYFKGBRXGRITVCUSXHQSAHEKYVPSYLODJXUPTIMG                              *\r\n* ABNLAQKPRCTVYCXTVLLLYYUCFJXIFZOVKIAFRYYFF                                                           *\r\n* GIUILVXVXXBU                                                                                        *\r\n* BGKFRSCJSNYKQCRCWNFGWRMHXYCKJBRTQWYZGTHNDSOUW                                                       *\r\n* USGSBKWOPKUCISPRARWEUTERVDFRCDDRLZDKDQAHXCHOFEKOYLSWYRDAOOXXEELMGCRJPFNJRPGSMPMRTRSRKGTTVCV         *\r\n* TCCTQUHCNAZTXJFILLOYCFENLUCZIXNMJYPOMNBRIJESRZTAAKIKOWMOXP                                          *\r\n* WSHUPNMJYTQWXJWQTBMVMBBYYPDYNM                                                                      *\r\n* RXFFYAP                                                                                             *\r\n* EFPUHJOKARFTMLUVVRJVAKOWMSZZSEYQDMHQWGUOKFCHHTOFCKKHRTOUR                                           *\r\n* IPJORVSPPADEZOXULVHGOSDUWIUQYKYMYCYFFVNGORDOBYKVJXHSNKFPLPSJBCQFBRFWQSPQIASW                        *\r\n* PSXXYGBCFZOXITPDDFMBYMKTOFRHRKMSIZWWUMDVODWRRYHYZNEVFVRCIDIS                                        *\r\n* TKVMVPIXSIRBRMUQSCPXSIEFRMNITOQDKFVSBEVJYBGENTOJWMPBSVWLGPVJ                                        *\r\n* ADERNRLRC                                                                                           *\r\n* OHGYQBASYXEMHYPKPJJMLJLHYYCMZCDRTXBTMWFKGWWLYNVFCDBCHQDEVZA                                         *\r\n* ZNSWUMSKXVXTDZGPMAJKDWJWABKDTWYNWNLSEAQLVKHHFIYIKORUPPOCDVWTBPQBXKXPON                              *\r\n* MJXPSPCRRCCSFEDXGYJOIEXJFTGJULITWDFKSZWMB                                                           *\r\n* ERZWLWTMQRFZBIM                                                                                     *\r\n* KYJSWFTIWBZSFHCWNFZFKIIJQIVROXCXYEOXDIGZXQAJXBHIOJMW                                                *\r\n* GDBQZCOKBUYZCUASESEYAITIYMPANCEKFO                                                                  *\r\n* BNHDFRPVWBJVGHPKQHYIYKTRNNOXZPOUNCYFWPZGLMWGOQITXSOCHGTRTQQSDSWGNPID                                *\r\n* KNBISXMNNCWFVZGALNGJHLGYHCTPQSZIEK                                                                  *\r\n* ENUOJHEGNTMHSPFBCBUBZGCBPEWXUDNAKNCNRYXCDETEUUAZ                                                    *\r\n* RWHKINXLSZFKGMJGLXENSKEDRYUNXHUDWMDHGQCAE                                                           *\r\n* ZYSSWSJYI                                                                                           *\r\n* WMSGSESKSJNKFBOUJCAUVEIQLFLZCCEYYWHKUWOBYRHUOOTQDCJGYNCRDBVMTTIQFOLIUDZMNYWDWOBWMUVZSXALTPGS        *\r\n* CIFIR                                                                                               *\r\n* ACKVACWTAQZUPAYAYXIXIOAPFXGLLPRUFZBUBYVWWDZUUURSCBJHZTGLCV                                          *\r\n* CWLIKZEPQYEYACLBEOFUKFNIJGKULSPSGHSAKVPVPFATYCJFOSCXWAGXIDYEOJDXJ                                   *\r\n* SSJLQIYKFEFTKGWFGTQRVGBVRHXLGGCDKMKRVCBTYMVCRPS                                                     *\r\n* HJCJHRQMQOUJLNDYBCJXWFJERWTJKZDCOFEWDTVSVXAGISIKIWAPFVVBZYRKYGBRLSUF                                *\r\n* HVIGQBYEDWZOIBOZNWTKCWEBLUPWJVQXCBBARJ                                                              *\r\n* TWWWCSVPEMSXVBUHKQHVWMCVIGBLHANHDHAOFACIPEKJQXUWITQJKOSGT                                           *\r\n* OWQKI                                                                                               *\r\n* YLTNBFBKOYGRBTEKL                                                                                   *\r\n* DNJDWPPTUELGSFWGKFDGUCR                                                                             *\r\n* VLHBFAWDKKGUUUODYILXYHGAU                                                                           *\r\n* IYHEKAVDILHOOUHHVHYCLPRZIMRUHOFHGJSXWFZFYQMCVKURPQLYCSJSHHWYJBWUGAHEBKKQHSDVCODXSAE                 *\r\n* CGFOAZQPIBWXUSWVCPPFFVRJOOPSDZFJWFRZVTDCTVHFWFAKSIUCKZKGOVZLJYLJ                                    *\r\n*******************************************************************************************************\r\n&quot;)" fullname="Open_Lab_04._14.Tests.TestWithRandom([&quot;NZEOBMNLDSIDRXMRCUHAJONZUYMOTLCKFZZDPLIHHMPRTYTBNGPGAYNYMEUCZZSRPYYRYIBQMATXZWGVFKANVVKHMARK&quot;, &quot;FHIUXBUACDEEYTAEQYQXYXOYEWTORFXRQZGSLDCULVCHWIXCJCWCBNTISJPBHGIXFMOZN&quot;, &quot;TMWVMCUHBWYREPIVQDFXZBOAMENFCKU&quot;, &quot;OCIJFFAQOLISCPCSOJWKUPISXVIHPPERCBCCHZPKCOJNTWYWCUQSOJDZTQMKWTBYGRPAMALPULHFFUZBXLEVYMDSYD&quot;, &quot;QNFNJNKGBGXKBIBYCCXUZRKNLOFAUOXCJ&quot;, ...],&quot;*******************************************************************************************************\r\n* NZEOBMNLDSIDRXMRCUHAJONZUYMOTLCKFZZDPLIHHMPRTYTBNGPGAYNYMEUCZZSRPYYRYIBQMATXZWGVFKANVVKHMARK        *\r\n* FHIUXBUACDEEYTAEQYQXYXOYEWTORFXRQZGSLDCULVCHWIXCJCWCBNTISJPBHGIXFMOZN                               *\r\n* TMWVMCUHBWYREPIVQDFXZBOAMENFCKU                                                                     *\r\n* OCIJFFAQOLISCPCSOJWKUPISXVIHPPERCBCCHZPKCOJNTWYWCUQSOJDZTQMKWTBYGRPAMALPULHFFUZBXLEVYMDSYD          *\r\n* QNFNJNKGBGXKBIBYCCXUZRKNLOFAUOXCJ                                                                   *\r\n* VCOXYRUNXVZBCNXNAQAJIZCRCUHKMNJVAJNYJEEGZMTOOJMSCGNGBAJVZWVDJKBJMDBSAY                              *\r\n* WLUKWGNDSIPHFACTAA                                                                                  *\r\n* ZMJAWOKKCKITSECRUHQMPLTCVUCVIJKBSHYRMLYVLVLTKPWDDJHMJNCNTGEBMPBSAHAKFK                              *\r\n* JJUBTAZRGXYSZCXRE                                                                                   *\r\n* LYGGWIWUSTDOMYSEXCOM                                                                                *\r\n* NTOYENWBQCQWFUMXDNMEYHGOSKAAVEVCRVXERHR                                                             *\r\n* ATCQNRHEGGUPCILFNZGTNVGLHOFKWHFVVRDFEPBADVTOKGZJJRQSBYHENRJZMWIYBZTLEGBXYFPRCSBBO                   *\r\n* AEQNTXKZSNGCOHNUNKMNEDQTTWIPCVPIKQWDINFWBFONRWRIEHEQOBRXNXUXOUWXXXSXLKMZEPMZPDCXFALVQ               *\r\n* TJZYPKTIIGIRPTETWTUELZORIKVWSNJBGYEIYMUCGWHFRXNJTLDRBLNUUHQEPWQUXHKROVUKZSYPRJAKXLDGJSAVKJORWQMKGM  *\r\n* KNVUYRTSINYCLHGGDTJLFHPGEHDOIFNI                                                                    *\r\n* BQWCREOQZRIMHCJQJIQWB                                                                               *\r\n* DYOPQOFJDZPXK                                                                                       *\r\n* JEMOUVFPHUXETXZWXMDYNYNCOAKQNIXJSSHEWBCGYNRURMUHKGCDTMEKRJATKOBYXOL                                 *\r\n* QUAV                                                                                                *\r\n* XZZHSKBFCGHGTQGOWNMBIVJLSXDATQPGHTVMEDY                                                             *\r\n* ZNHIUSDYFMUGNTBCQOOVHBLMQBYAUUJTPOCUNBRAUEVHWISNRSVPODQYCVRSTCDKCBRZRHPPXOADFEQHILJBYTELXESSJYGR    *\r\n* KEVR                                                                                                *\r\n* VJDGSACNSXFJJITCMJWFBNPWFYHJCUAUQOPZXRBDJJLUMZOYYYYVYLSITGBUTTLXXKTVSTEUHTWSB                       *\r\n* KFJJKDWEWFWHFQQHJPXOXCGTFETENEOZGYWWKKIHBSNOYLNNDAJGUNXHYQDGJRRSQXBGTUXZHQMEOSVUQ                   *\r\n* AMUIFSBOXTGCXKBVXBJGTJD                                                                             *\r\n* ZEBSTGVJPEQEXISIFFXDTESCDTUTKKLRIKIARIV                                                             *\r\n* YXNTTWXPJABOMAQUMZOALBYFSYWNZRRWJGFWRYIHVFKJIXFITONRUVFWYIBUAKQRJ                                   *\r\n* FFVUCOQHEGQPWVTNTKDA                                                                                *\r\n* OBIXJWNGL                                                                                           *\r\n* SADRAMZLZBMQYFJLGBMRFNICQEMWTRDATRYOSDSATYDYPXCCOXQLUTJFRA                                          *\r\n* VACRI                                                                                               *\r\n* MXHHUSDILXGKKNTCKIWARFZHTWSCXARHVACZUVTENCIVCVHNITPUVHGGXZOXABLKGZOJKTHPORNPWEFXPEUDLWLNUWCVG       *\r\n* DMQYODGYCOMAFDURJTUQIVHHZJNBOORLISOBYYPCRRCFRKRISDMIBPNIFJZEPEJOXARMPTTLESYRTBQOSFIL                *\r\n* IKTFFVP                                                                                             *\r\n* KMMHNHQSFSZJBDIQVODSKMJWXMOPYGJXELUFLKFUZWNMJBAFBCKRSWPXDQJBSATYJBFPJDELIISNZWNWMJNWWSFHWWCVAEBZCO  *\r\n* HVKVYXYIJEBYG                                                                                       *\r\n* NPIMXBRWYTMBJKE                                                                                     *\r\n* TLKTFABNPYYJVDUYVRNPTMEMLKXR                                                                        *\r\n* XONDCKQNMXNNUXZDHBVYNFSXPNGGXIVCKERKK                                                               *\r\n* TSEKJTABYPFIDJCSVSVPNOEK                                                                            *\r\n* ECKDQFOTBICUDVYXOORAPEMARIZOUSEOTUEQQYIJRPCBZYSWXSZZMKAAQJLHG                                       *\r\n* YJDOAIRHHPGHIZBKBTQDRCSEBJUEAGMADRRTXKXKFPLKTFBBYFISRDHWRYNQOMHACFERIINQVFXCQHLWISFUXUJAJUBYXHWSHKH *\r\n* AKTQRSXLFFFJNRIVHMCIWEHNGOTNJFUFAXVYZPCFXXUEOSLFZBLVI                                               *\r\n* RWCFJDYJCZKAIPVJVRJXLYJCYNDNOIUZXAGZVTGZGNVUUOJVKPFTLKOTMAHVZLUUFKCHJWOCLJQXDPIJDIDZCAOMMMNVMKAVTA  *\r\n* JLCLNBDIBURPXRXRQHVRFWQVWJSPAIUDCZZYBWPXZRMRVXPEPSJOYJJNVH                                          *\r\n* EINHTANNXSZQURXRNKYZZTOAHZGFTQLCUHLOMJTRIJSLPCPWBRWDXHPLUMZ                                         *\r\n* UHUHGWVNGIFDQGRPBCKFKKEBUIENRAUZKZXAPLFSHBPSLSMQQZJRBUJKDSMYSIWGNFTRJQAPXSYI                        *\r\n* LPBWNWRQCYPPNXXYGAYFJEGYUHZZUUJWBPRCLBELEQLHDBWTDRQRZCLGJCBGXRVHOTOXFUNFWNASTYV                     *\r\n* KFWDDSWYEKSIAXNNUDTKNYOIDLUMCSNLHIWRVSEWWQTUBFFZZNYPFKGLRNZSXKVLXHARBVRBZX                          *\r\n* WFUHYGVMPUXFXCKAHTLYMUHWTENYDVWQIWJGWGAMCXGQZBDPRUKIN                                               *\r\n* BCXXNUTXJTXHXASDEBSZVPNRXRAXGILOCJVHIZTGSFONTSEDXNQIPNDMOGAVTVQAHJEOELVEIMHQAAXFNXZTRCZPFJTCZXMW    *\r\n* NFJNPYMRLACGMLNIUHVVWIFKPIUSSFKZKBNVORYZNBFCWITYFTEQRASEAZ                                          *\r\n* GDTYGQDWLXSUDIWIUCCNGPWMZATIJJIUOTRVTCZLTMIAMZBHUSXBXLSRHHZFWUMBOXFKRBORDRUTHVZAZMOQLGXCAAOMDTO     *\r\n* ZGLPTQQTEFYGRYKLHZGKGWQIACJQMBOKCVTAKKHIVULFIRLBPDFEMDSDQDOQHZGDRNDVFJAWRXPLKKZJRHAJWKXYDQKGWRB     *\r\n* OIOUNQWGCIMPOGSGEFZZYWHGQFROZUAAWTXBVEVAKUHNXIKXXECQRBWRBHEIZHGIIMSUJQKZJYPEPTJIVTRV                *\r\n* JIVXFANZNADOYELPPOGTCGTMSBHYVNFQKQYDXXDQXAVXMPQOXTFFLCPCPJEDSODAVMDIG                               *\r\n* RRLPWCKVACLSBCHAEIBVNOTZXIWVCZMII                                                                   *\r\n* BNTVGNSUJBSZNBTUIVHKUDYLROGPSAQCKMBTGJCNDTFRHYUVCIRQBXUYPID                                         *\r\n* GCCILPPBZZNYTTHBXHETTLNJJABMRCEYFKGBRXGRITVCUSXHQSAHEKYVPSYLODJXUPTIMG                              *\r\n* ABNLAQKPRCTVYCXTVLLLYYUCFJXIFZOVKIAFRYYFF                                                           *\r\n* GIUILVXVXXBU                                                                                        *\r\n* BGKFRSCJSNYKQCRCWNFGWRMHXYCKJBRTQWYZGTHNDSOUW                                                       *\r\n* USGSBKWOPKUCISPRARWEUTERVDFRCDDRLZDKDQAHXCHOFEKOYLSWYRDAOOXXEELMGCRJPFNJRPGSMPMRTRSRKGTTVCV         *\r\n* TCCTQUHCNAZTXJFILLOYCFENLUCZIXNMJYPOMNBRIJESRZTAAKIKOWMOXP                                          *\r\n* WSHUPNMJYTQWXJWQTBMVMBBYYPDYNM                                                                      *\r\n* RXFFYAP                                                                                             *\r\n* EFPUHJOKARFTMLUVVRJVAKOWMSZZSEYQDMHQWGUOKFCHHTOFCKKHRTOUR                                           *\r\n* IPJORVSPPADEZOXULVHGOSDUWIUQYKYMYCYFFVNGORDOBYKVJXHSNKFPLPSJBCQFBRFWQSPQIASW                        *\r\n* PSXXYGBCFZOXITPDDFMBYMKTOFRHRKMSIZWWUMDVODWRRYHYZNEVFVRCIDIS                                        *\r\n* TKVMVPIXSIRBRMUQSCPXSIEFRMNITOQDKFVSBEVJYBGENTOJWMPBSVWLGPVJ                                        *\r\n* ADERNRLRC                                                                                           *\r\n* OHGYQBASYXEMHYPKPJJMLJLHYYCMZCDRTXBTMWFKGWWLYNVFCDBCHQDEVZA                                         *\r\n* ZNSWUMSKXVXTDZGPMAJKDWJWABKDTWYNWNLSEAQLVKHHFIYIKORUPPOCDVWTBPQBXKXPON                              *\r\n* MJXPSPCRRCCSFEDXGYJOIEXJFTGJULITWDFKSZWMB                                                           *\r\n* ERZWLWTMQRFZBIM                                                                                     *\r\n* KYJSWFTIWBZSFHCWNFZFKIIJQIVROXCXYEOXDIGZXQAJXBHIOJMW                                                *\r\n* GDBQZCOKBUYZCUASESEYAITIYMPANCEKFO                                                                  *\r\n* BNHDFRPVWBJVGHPKQHYIYKTRNNOXZPOUNCYFWPZGLMWGOQITXSOCHGTRTQQSDSWGNPID                                *\r\n* KNBISXMNNCWFVZGALNGJHLGYHCTPQSZIEK                                                                  *\r\n* ENUOJHEGNTMHSPFBCBUBZGCBPEWXUDNAKNCNRYXCDETEUUAZ                                                    *\r\n* RWHKINXLSZFKGMJGLXENSKEDRYUNXHUDWMDHGQCAE                                                           *\r\n* ZYSSWSJYI                                                                                           *\r\n* WMSGSESKSJNKFBOUJCAUVEIQLFLZCCEYYWHKUWOBYRHUOOTQDCJGYNCRDBVMTTIQFOLIUDZMNYWDWOBWMUVZSXALTPGS        *\r\n* CIFIR                                                                                               *\r\n* ACKVACWTAQZUPAYAYXIXIOAPFXGLLPRUFZBUBYVWWDZUUURSCBJHZTGLCV                                          *\r\n* CWLIKZEPQYEYACLBEOFUKFNIJGKULSPSGHSAKVPVPFATYCJFOSCXWAGXIDYEOJDXJ                                   *\r\n* SSJLQIYKFEFTKGWFGTQRVGBVRHXLGGCDKMKRVCBTYMVCRPS                                                     *\r\n* HJCJHRQMQOUJLNDYBCJXWFJERWTJKZDCOFEWDTVSVXAGISIKIWAPFVVBZYRKYGBRLSUF                                *\r\n* HVIGQBYEDWZOIBOZNWTKCWEBLUPWJVQXCBBARJ                                                              *\r\n* TWWWCSVPEMSXVBUHKQHVWMCVIGBLHANHDHAOFACIPEKJQXUWITQJKOSGT                                           *\r\n* OWQKI                                                                                               *\r\n* YLTNBFBKOYGRBTEKL                                                                                   *\r\n* DNJDWPPTUELGSFWGKFDGUCR                                                                             *\r\n* VLHBFAWDKKGUUUODYILXYHGAU                                                                           *\r\n* IYHEKAVDILHOOUHHVHYCLPRZIMRUHOFHGJSXWFZFYQMCVKURPQLYCSJSHHWYJBWUGAHEBKKQHSDVCODXSAE                 *\r\n* CGFOAZQPIBWXUSWVCPPFFVRJOOPSDZFJWFRZVTDCTVHFWFAKSIUCKZKGOVZLJYLJ                                    *\r\n*******************************************************************************************************\r\n&quot;)" methodname="TestWithRandom" classname="Open_Lab_04._14.Tests" runstate="Runnable" seed="1061221054" result="Passed" start-time="2021-12-27 14:18:11Z" end-time="2021-12-27 14:18:11Z" duration="0.037031" asserts="10195" />
            <test-case id="1058" name="TestWithRandom([&quot;APAXZJLNLKOLMJOFAVECYXULKZTSSVKXJKELJVJLRXNARDJQXD&quot;, &quot;PFTOCUPMZPTUQZQBCECWFMSLAKUTHQDUPXUSQVBRTIJVXDWABCHLUHTDMHNSZVEJLYETFXKGCLCWCWOXNUSFJRZIDQGIIJ&quot;, &quot;YDAKYYDUDRAJJEXAPTQEFDZZTZWPORCYSUESCMPYKZOOIIQDGPQPREMUEAQZBNFMPCQP&quot;, &quot;E&quot;, &quot;CDSUFOLQLISIZAMGOHJNBWQWWTCZGSBDBRNLZKGGSKEQJEGLCVCHQQXGMVXLMMKTHPGHNAHDBDVRRANRNQWLQTMLTHYDMUT&quot;, ...],&quot;*******************************************************************************************************\r\n* APAXZJLNLKOLMJOFAVECYXULKZTSSVKXJKELJVJLRXNARDJQXD                                                  *\r\n* PFTOCUPMZPTUQZQBCECWFMSLAKUTHQDUPXUSQVBRTIJVXDWABCHLUHTDMHNSZVEJLYETFXKGCLCWCWOXNUSFJRZIDQGIIJ      *\r\n* YDAKYYDUDRAJJEXAPTQEFDZZTZWPORCYSUESCMPYKZOOIIQDGPQPREMUEAQZBNFMPCQP                                *\r\n* E                                                                                                   *\r\n* CDSUFOLQLISIZAMGOHJNBWQWWTCZGSBDBRNLZKGGSKEQJEGLCVCHQQXGMVXLMMKTHPGHNAHDBDVRRANRNQWLQTMLTHYDMUT     *\r\n* ZLITYYYBOYGNVFOMIGYWPYDNC                                                                           *\r\n* OFCDQGKORFSTTOSVWRNZPNSMVGWWQBIURCKSZKHADHOIUOMKEUBLADGANPIKJNYQXXCRDZVLJNVIZJSGTLSV                *\r\n* XUNVKEJCXQQIYLWMVGEYPCNHYAEXCQYUCQZDOVSUMJLWFZAXVTXEOXJVGFXJAMAGRWGHLTXAOJMGQQCYZGCISTGFHEWIXIUAIF  *\r\n* ITTLBWXQELCFQDZKTJSO                                                                                *\r\n* QBAHXODFPLXLLTFGUAMVCBUEZFFYYAQQQGSSSEEHTLPZFUFJTDZJGSVOGWHRIEGPVHUEBNOQWEBRMVYFAWEVBHKYKELVXNZ     *\r\n* FZDYZAHGOIMBQEBLXCQLAKNNWVUWBSTJFMLMRAFAOXGSUIHFCZXUWNOULP                                          *\r\n* EFLFVPD                                                                                             *\r\n* DTOUWWQXCDVTNNPUBUYNSYRABZBUDSLDRMEMNFBYFPMQQWNQQQDAQQEFBOSXVWTJSRBBJCGWTZHCLAKELKDNPKM             *\r\n* HYK                                                                                                 *\r\n* MDDJWCXYUMHNKHGRICTADOMKSGUIFBTKSHJQWYFIDLJYDPDHDVRFFJVYRSQQIPTTTXVCXQUKWLXSENHDDMEKJNFILLZDIPANSQF *\r\n* TAKNBHJUMDTDLNNWLJKFRNRLR                                                                           *\r\n* CGKKAOHAJCBRIBDLWIRVSVCDBIGZOGIYWKFCJBCFWKDKUUAICGRJTVXHEHIRHHM                                     *\r\n* UDVYWABUFMZ                                                                                         *\r\n* RSJHIXXHPZEAMXYCTLXOYAPQZCLBEXE                                                                     *\r\n* WPPMXAJKKENVYVLYCZAUOLJQCSIGM                                                                       *\r\n* CRVXDXILESCNETNUSEQMYEWJSLFZKESCXNCVZAROQRVHSBGQDHAEPZYXVLFRRIBAAZPQQRURMCVHJPRREPVCDNNX            *\r\n* EAOVZXHPUHSLQALMIRMDRNGTNNBMYWMLRBMRGWMFNRPHYFOPKPVVBUXQUV                                          *\r\n* MVURXUHTONUGMEHPAYYUIZMCIBRKXE                                                                      *\r\n* WLOAKTARNRLZBPIJQTEXRWAZNISIWDXWJRYVXEWWAGKDWZLNARAQTHDAKPNBASVKUPPJRNMMXHXLMWCNWEIEC               *\r\n* CCNYKIQUWHLZJHJBWMFNTMKSNO                                                                          *\r\n* ZFVKQHNMNVTCDWCLPZMNVEVIVYPNQSVKWVQPAXURWUWGCKBRQA                                                  *\r\n* SBARUJNORSZWUAJFIFMLRFUQBIPGLXXWPYCIVEWFNJCZWXBFTETMEPDNGJPMUGDUVDHWXAKEJGYICVUD                    *\r\n* JMHDLSZUOCLOJKGFIETQFHSUODX                                                                         *\r\n* VLKPMFLUWQJLHBJYYQZVSCURBNBBTMPIUHZDRWCEZLJRUHJDYUWXDCZSRTNYEKAJBBQZB                               *\r\n* HBOVWGSDXTEXDZQRESIGLYID                                                                            *\r\n* P                                                                                                   *\r\n* ZPSQJBSNUJIFTAOVUUGGBSJWYRVUJTLVGUSNECUVKMWH                                                        *\r\n* MOGXCOITIKHGWSRGXDBYNYYHBRRAKWOWBAMDOXHECBYKLHIKCONIUJJNPZWKWIIMVKEWFOSAWWVLAOVTJHXWJGB             *\r\n* QZNOAWIUSMOBCLFOVMLYNXNBECBPKMDPJMFGBEZAOBSNZURXCIAWUDESLLKYUTJGIZSQGYN                             *\r\n* MLKMFZCJLDMCMGUFHMUPTBFURMFZCARDVIKJTSNMIAMQGHUCEMJTEXXKFPUSUDHLMJGD                                *\r\n* LMOZHHTOOOKSCUQQYYYLZEDYVSFTBEWARFTZUUWQEWQBJARIRUNKISXGIQEPBZNKRJBXBQWEBHGCOCOUAXCHQLSY            *\r\n* MQEQHPEJFKAZUGAXJJALUSGCJODXFTF                                                                     *\r\n* CPOZSOTSBTISNUGQBJGCRNNTKCGTLHDMEJXFRBFVPHJAKOOOHMVVMCZPBUOPHAHUQV                                  *\r\n* EXBYADLNKDMJWNSLYLHACKIDXMPOOZPKOAJQGOVRBPOMPLSCPOJI                                                *\r\n* VKUPYBOOXYKNCUVEBFKQPYNVVNLTNYAQGBT                                                                 *\r\n* PBHMGDEQEYNQXXOIZRTWXYTKPUAYYTGABFOZYXJMUWRXAVWPKRRPIWSRHXWMCF                                      *\r\n* KSMPRJOKBHHBBHWJUXKOGCRSFNXRBBXJPEHFOGFGVHPHAURKLNBPSRMHATJELWJAKYMWZRUO                            *\r\n* ESYNKSKVNGNZIQXRZEVWAUYYOWCHUKUSMWNZNTQBYIYQVBCHPEANZSRKTAZNPDBDMUMLDYE                             *\r\n* NUXSWICMUVSPKGTUFDFNUDL                                                                             *\r\n* GVDBOQDQAUZFVZOKXMTUKMSFBSGASRLKIBLAEBYDRBOQHNZFPUPIJRLUCYZWKDYJIPWTNNGWOQDIXCXNTAKX                *\r\n* CARQQY                                                                                              *\r\n* BBSNDFHSRFRCOTUTNCXZAMDJT                                                                           *\r\n* IF                                                                                                  *\r\n* FCXPZUMXPERVFWNIIIHIHDOTYFPYIUDXBEMDUNPZHWXXFEUPQBKRAXHB                                            *\r\n* EQTEOOVBUTBJKOVTIBKFRNUKAIHJLXEWLOQWVUSHCVLKTFFMPYRWWVX                                             *\r\n* VIEGHMQWPEYVYYYNIDDVBJRUCVUNGIAPRZAMQMAPFOVOHKOQZDNSRBPMRKELSCQGEI                                  *\r\n* ZYMXVDOPMOCMSGDN                                                                                    *\r\n* UHYPJOUGIOX                                                                                         *\r\n* YOKYGPSNFSPDM                                                                                       *\r\n* XOXLFOONMXK                                                                                         *\r\n* PJRRNOQMOASOMRLAWCRVDGRFIWJJOKCNNSZJWOEAMZNXWIZNCOQJFOK                                             *\r\n* SLIRFHYEYFAUSCDIYRIESUJZWWGZTSIYHQQ                                                                 *\r\n* FMUEBJZQIFUALILNGFQYBIUJBYLFXBMCLTCLWEDJUS                                                          *\r\n* RBFOKGUSCASIXRLDCYTTGSSPRGZQBCGDJRCIVKAZCIKBSKFTLAALBYLZIQWEGDQZTPZG                                *\r\n* CHRXURXIRWHBGFBBVBKGDAFOWSYRLICKZEITJNHHNRRTODAYPXYOPZLCBD                                          *\r\n* BSFWITW                                                                                             *\r\n* BWHSHUCS                                                                                            *\r\n* ILZSRACNKOVZTFRFMFPHUIZRBYBHFQUMHYUQDIKSDJYFBCIQQ                                                   *\r\n* VONLSALHRSYUIUUIRVLBCDVXDKJUQYQKRSUFZVFTEVRRTJBEL                                                   *\r\n* LNFPKSTPHHQRRSCNCPZOIVPRWGLEDTJFIXNDFCIBMJOXDNEYOFHLEWKPXNSEHOMOYKITFYIAH                           *\r\n* CYHROJBMPXMXAMNYFSKEUXXAZSELTQXHEGTLHGZICUZOBBKVGHSQPDDFBHSVEQTZAFSTSBQZTBBZYIYXIIEMXHRBCOKZO       *\r\n* EMBZOWIQDFQTWOB                                                                                     *\r\n* HSJUMVLHBSORREQQ                                                                                    *\r\n* PXOYYUCPSFZVDKCZYGSQUQIATXVHRZYOZJHRNFJXG                                                           *\r\n* UPMLYILRSXYAQYOOFAZUX                                                                               *\r\n* GKVUDLMTXUKPWSNHZNWZGBQZTIDYZIYMHAICQDFAFYADPABVAXAMXYMFTWBUINTOVXHVJLRWHWT                         *\r\n* BMJSGHYCIMOJODIUBKRSELIRTGLOFDEBED                                                                  *\r\n* HMJNAORFIJYHGDXVX                                                                                   *\r\n* BEPERYAVJXEIMEKZBH                                                                                  *\r\n* WRDNFZIUYFLIIGXDZOCUKNFEUAAXTWHBPCANXRKFJDBQYOWBPBKKYNHJMYTEZKBBYJSFGJ                              *\r\n* IEXKGLOGFEYHRLWDBVQBZ                                                                               *\r\n* FGYCZSOWQVFWCGBDAXXSNZADJPBGQKPIGKYQLELWRIODBVJPBYUTEGKFFVTJQIGGFXQRILRVMAAFLXBNGLFRPWEZASLQL       *\r\n* FICIXEF                                                                                             *\r\n* HQHZGDFEUITFDEDOQJTQRPZAKKUSCDZXIPEPJQPBTVYDWGYBFOROLPZSQHOWINCQIWXO                                *\r\n* OEAT                                                                                                *\r\n* WWRWDEMTMOLLMTPLYCBTSFTHUZIJARJRUSSDATDJKOBNFWKEZPPBYAZRDJBEVCTVFUQTAL                              *\r\n* EZRJEEFCYPEKLBHSUTBARSZOIUFIKGRDNEKCGRUMYH                                                          *\r\n* ORRITXCVZZLTMA                                                                                      *\r\n* BJYWRRXBXHRFLDY                                                                                     *\r\n* CJOKWQMMLIKSDBKXBCQLNBPLRQUBCRQSALJKYQGKXMLJGFXVWTDJNNBAT                                           *\r\n*******************************************************************************************************\r\n&quot;)" fullname="Open_Lab_04._14.Tests.TestWithRandom([&quot;APAXZJLNLKOLMJOFAVECYXULKZTSSVKXJKELJVJLRXNARDJQXD&quot;, &quot;PFTOCUPMZPTUQZQBCECWFMSLAKUTHQDUPXUSQVBRTIJVXDWABCHLUHTDMHNSZVEJLYETFXKGCLCWCWOXNUSFJRZIDQGIIJ&quot;, &quot;YDAKYYDUDRAJJEXAPTQEFDZZTZWPORCYSUESCMPYKZOOIIQDGPQPREMUEAQZBNFMPCQP&quot;, &quot;E&quot;, &quot;CDSUFOLQLISIZAMGOHJNBWQWWTCZGSBDBRNLZKGGSKEQJEGLCVCHQQXGMVXLMMKTHPGHNAHDBDVRRANRNQWLQTMLTHYDMUT&quot;, ...],&quot;*******************************************************************************************************\r\n* APAXZJLNLKOLMJOFAVECYXULKZTSSVKXJKELJVJLRXNARDJQXD                                                  *\r\n* PFTOCUPMZPTUQZQBCECWFMSLAKUTHQDUPXUSQVBRTIJVXDWABCHLUHTDMHNSZVEJLYETFXKGCLCWCWOXNUSFJRZIDQGIIJ      *\r\n* YDAKYYDUDRAJJEXAPTQEFDZZTZWPORCYSUESCMPYKZOOIIQDGPQPREMUEAQZBNFMPCQP                                *\r\n* E                                                                                                   *\r\n* CDSUFOLQLISIZAMGOHJNBWQWWTCZGSBDBRNLZKGGSKEQJEGLCVCHQQXGMVXLMMKTHPGHNAHDBDVRRANRNQWLQTMLTHYDMUT     *\r\n* ZLITYYYBOYGNVFOMIGYWPYDNC                                                                           *\r\n* OFCDQGKORFSTTOSVWRNZPNSMVGWWQBIURCKSZKHADHOIUOMKEUBLADGANPIKJNYQXXCRDZVLJNVIZJSGTLSV                *\r\n* XUNVKEJCXQQIYLWMVGEYPCNHYAEXCQYUCQZDOVSUMJLWFZAXVTXEOXJVGFXJAMAGRWGHLTXAOJMGQQCYZGCISTGFHEWIXIUAIF  *\r\n* ITTLBWXQELCFQDZKTJSO                                                                                *\r\n* QBAHXODFPLXLLTFGUAMVCBUEZFFYYAQQQGSSSEEHTLPZFUFJTDZJGSVOGWHRIEGPVHUEBNOQWEBRMVYFAWEVBHKYKELVXNZ     *\r\n* FZDYZAHGOIMBQEBLXCQLAKNNWVUWBSTJFMLMRAFAOXGSUIHFCZXUWNOULP                                          *\r\n* EFLFVPD                                                                                             *\r\n* DTOUWWQXCDVTNNPUBUYNSYRABZBUDSLDRMEMNFBYFPMQQWNQQQDAQQEFBOSXVWTJSRBBJCGWTZHCLAKELKDNPKM             *\r\n* HYK                                                                                                 *\r\n* MDDJWCXYUMHNKHGRICTADOMKSGUIFBTKSHJQWYFIDLJYDPDHDVRFFJVYRSQQIPTTTXVCXQUKWLXSENHDDMEKJNFILLZDIPANSQF *\r\n* TAKNBHJUMDTDLNNWLJKFRNRLR                                                                           *\r\n* CGKKAOHAJCBRIBDLWIRVSVCDBIGZOGIYWKFCJBCFWKDKUUAICGRJTVXHEHIRHHM                                     *\r\n* UDVYWABUFMZ                                                                                         *\r\n* RSJHIXXHPZEAMXYCTLXOYAPQZCLBEXE                                                                     *\r\n* WPPMXAJKKENVYVLYCZAUOLJQCSIGM                                                                       *\r\n* CRVXDXILESCNETNUSEQMYEWJSLFZKESCXNCVZAROQRVHSBGQDHAEPZYXVLFRRIBAAZPQQRURMCVHJPRREPVCDNNX            *\r\n* EAOVZXHPUHSLQALMIRMDRNGTNNBMYWMLRBMRGWMFNRPHYFOPKPVVBUXQUV                                          *\r\n* MVURXUHTONUGMEHPAYYUIZMCIBRKXE                                                                      *\r\n* WLOAKTARNRLZBPIJQTEXRWAZNISIWDXWJRYVXEWWAGKDWZLNARAQTHDAKPNBASVKUPPJRNMMXHXLMWCNWEIEC               *\r\n* CCNYKIQUWHLZJHJBWMFNTMKSNO                                                                          *\r\n* ZFVKQHNMNVTCDWCLPZMNVEVIVYPNQSVKWVQPAXURWUWGCKBRQA                                                  *\r\n* SBARUJNORSZWUAJFIFMLRFUQBIPGLXXWPYCIVEWFNJCZWXBFTETMEPDNGJPMUGDUVDHWXAKEJGYICVUD                    *\r\n* JMHDLSZUOCLOJKGFIETQFHSUODX                                                                         *\r\n* VLKPMFLUWQJLHBJYYQZVSCURBNBBTMPIUHZDRWCEZLJRUHJDYUWXDCZSRTNYEKAJBBQZB                               *\r\n* HBOVWGSDXTEXDZQRESIGLYID                                                                            *\r\n* P                                                                                                   *\r\n* ZPSQJBSNUJIFTAOVUUGGBSJWYRVUJTLVGUSNECUVKMWH                                                        *\r\n* MOGXCOITIKHGWSRGXDBYNYYHBRRAKWOWBAMDOXHECBYKLHIKCONIUJJNPZWKWIIMVKEWFOSAWWVLAOVTJHXWJGB             *\r\n* QZNOAWIUSMOBCLFOVMLYNXNBECBPKMDPJMFGBEZAOBSNZURXCIAWUDESLLKYUTJGIZSQGYN                             *\r\n* MLKMFZCJLDMCMGUFHMUPTBFURMFZCARDVIKJTSNMIAMQGHUCEMJTEXXKFPUSUDHLMJGD                                *\r\n* LMOZHHTOOOKSCUQQYYYLZEDYVSFTBEWARFTZUUWQEWQBJARIRUNKISXGIQEPBZNKRJBXBQWEBHGCOCOUAXCHQLSY            *\r\n* MQEQHPEJFKAZUGAXJJALUSGCJODXFTF                                                                     *\r\n* CPOZSOTSBTISNUGQBJGCRNNTKCGTLHDMEJXFRBFVPHJAKOOOHMVVMCZPBUOPHAHUQV                                  *\r\n* EXBYADLNKDMJWNSLYLHACKIDXMPOOZPKOAJQGOVRBPOMPLSCPOJI                                                *\r\n* VKUPYBOOXYKNCUVEBFKQPYNVVNLTNYAQGBT                                                                 *\r\n* PBHMGDEQEYNQXXOIZRTWXYTKPUAYYTGABFOZYXJMUWRXAVWPKRRPIWSRHXWMCF                                      *\r\n* KSMPRJOKBHHBBHWJUXKOGCRSFNXRBBXJPEHFOGFGVHPHAURKLNBPSRMHATJELWJAKYMWZRUO                            *\r\n* ESYNKSKVNGNZIQXRZEVWAUYYOWCHUKUSMWNZNTQBYIYQVBCHPEANZSRKTAZNPDBDMUMLDYE                             *\r\n* NUXSWICMUVSPKGTUFDFNUDL                                                                             *\r\n* GVDBOQDQAUZFVZOKXMTUKMSFBSGASRLKIBLAEBYDRBOQHNZFPUPIJRLUCYZWKDYJIPWTNNGWOQDIXCXNTAKX                *\r\n* CARQQY                                                                                              *\r\n* BBSNDFHSRFRCOTUTNCXZAMDJT                                                                           *\r\n* IF                                                                                                  *\r\n* FCXPZUMXPERVFWNIIIHIHDOTYFPYIUDXBEMDUNPZHWXXFEUPQBKRAXHB                                            *\r\n* EQTEOOVBUTBJKOVTIBKFRNUKAIHJLXEWLOQWVUSHCVLKTFFMPYRWWVX                                             *\r\n* VIEGHMQWPEYVYYYNIDDVBJRUCVUNGIAPRZAMQMAPFOVOHKOQZDNSRBPMRKELSCQGEI                                  *\r\n* ZYMXVDOPMOCMSGDN                                                                                    *\r\n* UHYPJOUGIOX                                                                                         *\r\n* YOKYGPSNFSPDM                                                                                       *\r\n* XOXLFOONMXK                                                                                         *\r\n* PJRRNOQMOASOMRLAWCRVDGRFIWJJOKCNNSZJWOEAMZNXWIZNCOQJFOK                                             *\r\n* SLIRFHYEYFAUSCDIYRIESUJZWWGZTSIYHQQ                                                                 *\r\n* FMUEBJZQIFUALILNGFQYBIUJBYLFXBMCLTCLWEDJUS                                                          *\r\n* RBFOKGUSCASIXRLDCYTTGSSPRGZQBCGDJRCIVKAZCIKBSKFTLAALBYLZIQWEGDQZTPZG                                *\r\n* CHRXURXIRWHBGFBBVBKGDAFOWSYRLICKZEITJNHHNRRTODAYPXYOPZLCBD                                          *\r\n* BSFWITW                                                                                             *\r\n* BWHSHUCS                                                                                            *\r\n* ILZSRACNKOVZTFRFMFPHUIZRBYBHFQUMHYUQDIKSDJYFBCIQQ                                                   *\r\n* VONLSALHRSYUIUUIRVLBCDVXDKJUQYQKRSUFZVFTEVRRTJBEL                                                   *\r\n* LNFPKSTPHHQRRSCNCPZOIVPRWGLEDTJFIXNDFCIBMJOXDNEYOFHLEWKPXNSEHOMOYKITFYIAH                           *\r\n* CYHROJBMPXMXAMNYFSKEUXXAZSELTQXHEGTLHGZICUZOBBKVGHSQPDDFBHSVEQTZAFSTSBQZTBBZYIYXIIEMXHRBCOKZO       *\r\n* EMBZOWIQDFQTWOB                                                                                     *\r\n* HSJUMVLHBSORREQQ                                                                                    *\r\n* PXOYYUCPSFZVDKCZYGSQUQIATXVHRZYOZJHRNFJXG                                                           *\r\n* UPMLYILRSXYAQYOOFAZUX                                                                               *\r\n* GKVUDLMTXUKPWSNHZNWZGBQZTIDYZIYMHAICQDFAFYADPABVAXAMXYMFTWBUINTOVXHVJLRWHWT                         *\r\n* BMJSGHYCIMOJODIUBKRSELIRTGLOFDEBED                                                                  *\r\n* HMJNAORFIJYHGDXVX                                                                                   *\r\n* BEPERYAVJXEIMEKZBH                                                                                  *\r\n* WRDNFZIUYFLIIGXDZOCUKNFEUAAXTWHBPCANXRKFJDBQYOWBPBKKYNHJMYTEZKBBYJSFGJ                              *\r\n* IEXKGLOGFEYHRLWDBVQBZ                                                                               *\r\n* FGYCZSOWQVFWCGBDAXXSNZADJPBGQKPIGKYQLELWRIODBVJPBYUTEGKFFVTJQIGGFXQRILRVMAAFLXBNGLFRPWEZASLQL       *\r\n* FICIXEF                                                                                             *\r\n* HQHZGDFEUITFDEDOQJTQRPZAKKUSCDZXIPEPJQPBTVYDWGYBFOROLPZSQHOWINCQIWXO                                *\r\n* OEAT                                                                                                *\r\n* WWRWDEMTMOLLMTPLYCBTSFTHUZIJARJRUSSDATDJKOBNFWKEZPPBYAZRDJBEVCTVFUQTAL                              *\r\n* EZRJEEFCYPEKLBHSUTBARSZOIUFIKGRDNEKCGRUMYH                                                          *\r\n* ORRITXCVZZLTMA                                                                                      *\r\n* BJYWRRXBXHRFLDY                                                                                     *\r\n* CJOKWQMMLIKSDBKXBCQLNBPLRQUBCRQSALJKYQGKXMLJGFXVWTDJNNBAT                                           *\r\n*******************************************************************************************************\r\n&quot;)" methodname="TestWithRandom" classname="Open_Lab_04._14.Tests" runstate="Runnable" seed="583284999" result="Passed" start-time="2021-12-27 14:18:11Z" end-time="2021-12-27 14:18:11Z" duration="0.038435" asserts="9051" />
            <test-case id="1059" name="TestWithRandom([&quot;GWKJTRSRSRAZLVFNAQGFLSYEJNGFMKJQVXAOMDRRONFDWTSNHZAKNXHOXGZFLNFIIJEOVRBXYO&quot;, &quot;XNUIQVTXMJYDXPLQGDMGBIWVNPERQYCLYGJBDYJKRPSYKFGYKBVTMIPPQZUBRBHOH&quot;, &quot;FRGKNHUBPLQYLIIFHOCJZQRULDDISPIDRXZPSZONZKTEYROMSM&quot;, &quot;SLXNPZLZJEMIZCMHNITMHAPKOXMVTPRQGVPSTJKPHAEJMBTBMKADYZMSVNZRMQFUMWBEMUNEYEFGVGX&quot;, &quot;DKJIOORHIXWFKSCQVKWQZPPRWWFUUGWPQMOCHWFYEUVPXITFC&quot;, ...],&quot;************************************************************************************************\r\n* GWKJTRSRSRAZLVFNAQGFLSYEJNGFMKJQVXAOMDRRONFDWTSNHZAKNXHOXGZFLNFIIJEOVRBXYO                   *\r\n* XNUIQVTXMJYDXPLQGDMGBIWVNPERQYCLYGJBDYJKRPSYKFGYKBVTMIPPQZUBRBHOH                            *\r\n* FRGKNHUBPLQYLIIFHOCJZQRULDDISPIDRXZPSZONZKTEYROMSM                                           *\r\n* SLXNPZLZJEMIZCMHNITMHAPKOXMVTPRQGVPSTJKPHAEJMBTBMKADYZMSVNZRMQFUMWBEMUNEYEFGVGX              *\r\n* DKJIOORHIXWFKSCQVKWQZPPRWWFUUGWPQMOCHWFYEUVPXITFC                                            *\r\n* LKJGMNVRMSIXNCBGPYEAJYFXLFUAUOCZSFVLFJZAGPKNPHHTNRSVBBFMF                                    *\r\n* VHTVXXPJFHGPAFYDUTORHEXAMCVGYQAIFTOSGKSMYGCZMYQ                                              *\r\n* XXHLXOEQJTJUCILOHYJHRGXJACTBBYNNMIJAIOLRPXINAYJPVNS                                          *\r\n* PIWQAXKVUCOLFWHUYLFSNRRTXJJCSEFOFZYDMTZLDPWMJXHEQPQKHZBX                                     *\r\n* CTROIDQWAFFYDIFLUOXVFKACFLCNVGFXAMJAIXVMFPIRBFNHLYNKDCLSSOIWADBTZH                           *\r\n* QYFDXTLPPBJAZYVCXTVUXBQHTOZLCOPRUHWIFUPRSNVRJOJXFBEAENZPHYKJTZMBMRGRBMWCDDBKFZYEEBGBKOMGHHBH *\r\n************************************************************************************************\r\n&quot;)" fullname="Open_Lab_04._14.Tests.TestWithRandom([&quot;GWKJTRSRSRAZLVFNAQGFLSYEJNGFMKJQVXAOMDRRONFDWTSNHZAKNXHOXGZFLNFIIJEOVRBXYO&quot;, &quot;XNUIQVTXMJYDXPLQGDMGBIWVNPERQYCLYGJBDYJKRPSYKFGYKBVTMIPPQZUBRBHOH&quot;, &quot;FRGKNHUBPLQYLIIFHOCJZQRULDDISPIDRXZPSZONZKTEYROMSM&quot;, &quot;SLXNPZLZJEMIZCMHNITMHAPKOXMVTPRQGVPSTJKPHAEJMBTBMKADYZMSVNZRMQFUMWBEMUNEYEFGVGX&quot;, &quot;DKJIOORHIXWFKSCQVKWQZPPRWWFUUGWPQMOCHWFYEUVPXITFC&quot;, ...],&quot;************************************************************************************************\r\n* GWKJTRSRSRAZLVFNAQGFLSYEJNGFMKJQVXAOMDRRONFDWTSNHZAKNXHOXGZFLNFIIJEOVRBXYO                   *\r\n* XNUIQVTXMJYDXPLQGDMGBIWVNPERQYCLYGJBDYJKRPSYKFGYKBVTMIPPQZUBRBHOH                            *\r\n* FRGKNHUBPLQYLIIFHOCJZQRULDDISPIDRXZPSZONZKTEYROMSM                                           *\r\n* SLXNPZLZJEMIZCMHNITMHAPKOXMVTPRQGVPSTJKPHAEJMBTBMKADYZMSVNZRMQFUMWBEMUNEYEFGVGX              *\r\n* DKJIOORHIXWFKSCQVKWQZPPRWWFUUGWPQMOCHWFYEUVPXITFC                                            *\r\n* LKJGMNVRMSIXNCBGPYEAJYFXLFUAUOCZSFVLFJZAGPKNPHHTNRSVBBFMF                                    *\r\n* VHTVXXPJFHGPAFYDUTORHEXAMCVGYQAIFTOSGKSMYGCZMYQ                                              *\r\n* XXHLXOEQJTJUCILOHYJHRGXJACTBBYNNMIJAIOLRPXINAYJPVNS                                          *\r\n* PIWQAXKVUCOLFWHUYLFSNRRTXJJCSEFOFZYDMTZLDPWMJXHEQPQKHZBX                                     *\r\n* CTROIDQWAFFYDIFLUOXVFKACFLCNVGFXAMJAIXVMFPIRBFNHLYNKDCLSSOIWADBTZH                           *\r\n* QYFDXTLPPBJAZYVCXTVUXBQHTOZLCOPRUHWIFUPRSNVRJOJXFBEAENZPHYKJTZMBMRGRBMWCDDBKFZYEEBGBKOMGHHBH *\r\n************************************************************************************************\r\n&quot;)" methodname="TestWithRandom" classname="Open_Lab_04._14.Tests" runstate="Runnable" seed="1612817954" result="Passed" start-time="2021-12-27 14:18:11Z" end-time="2021-12-27 14:18:11Z" duration="0.004432" asserts="1264" />
            <test-case id="1060" name="TestWithRandom([&quot;XTAUFRIRVTEBWAMPJIZFESSLRX&quot;, &quot;ZJULPRWGHKKUGVMFNWISL&quot;, &quot;SXSHECFBPDHMJIBIPJZUFFYOTKRMFOIFTGRXSHNUAGUHMUMEEFHYSQONYEOUKSVAVCSCQEPIWFT&quot;, &quot;KRBZYMIAHJMCSDYOTSJIKUMJBJOAPZBMWPCHCOWYJVTLPQKMFBODWLOQFSXOYIKHIAFCBRLEWLZOBBTLZBUOKXQLBMBKRHAB&quot;, &quot;LDPKHLNPKHKMZOEYMOXNWXKJUBOPBMOLXDPYDARPGYAQ&quot;, ...],&quot;*******************************************************************************************************\r\n* XTAUFRIRVTEBWAMPJIZFESSLRX                                                                          *\r\n* ZJULPRWGHKKUGVMFNWISL                                                                               *\r\n* SXSHECFBPDHMJIBIPJZUFFYOTKRMFOIFTGRXSHNUAGUHMUMEEFHYSQONYEOUKSVAVCSCQEPIWFT                         *\r\n* KRBZYMIAHJMCSDYOTSJIKUMJBJOAPZBMWPCHCOWYJVTLPQKMFBODWLOQFSXOYIKHIAFCBRLEWLZOBBTLZBUOKXQLBMBKRHAB    *\r\n* LDPKHLNPKHKMZOEYMOXNWXKJUBOPBMOLXDPYDARPGYAQ                                                        *\r\n* ZCXXMESCNOOSGQGXYOXSZOV                                                                             *\r\n* GULXHGXWTDUYQRPIWIJOBFXKKSIKCYFKGYRRTVVHRRZDVIGHZPVREHYAXBNPYNUUXJSSZXOANCXJFTOCMBKNCOGZZRTSHFJDXE  *\r\n* LPNHBAVECJOVDMKDWCGRJD                                                                              *\r\n* SIDWSHTTMBOCMYTJMHJDPLWQGWCMBQMWIWVZXECWJQCTPJYFDTUKZZEHMNQVFGSVOSUQCULIFMU                         *\r\n* ICAWYXJHWCWIROMKOGRCXGFXOHCIHMEMFFYKMTXIXKZLVMYOHATZVSBCWDIRUAAJXJDMPCYVJJFMGTBBINBGSFRMEVNJKFNW    *\r\n* QOLJMZECYQLNOWCBGIHZTRRRQITOPKDWICQFQSVOW                                                           *\r\n* TPGZPZLHEWGXRYWTT                                                                                   *\r\n* FPNOMOEMFXLONSCP                                                                                    *\r\n* CLQSUDHGGQLLRJWZRJGQECRVDTNWPJNUCAUICLKLGIGYTAOOOPVJWYTZUUPAQLQWCQJRPOWGYUKWWSCCFZHAOEYDHUNIV       *\r\n* VUSJVCRXZATOKBNWCBSMUQDPIYSFJUAOKOYPENX                                                             *\r\n* KIAHHZUWQKSMPJPFRCAXJMNEZEDVCXSOETBMQVIIEWOYCOYBZTXCMZPXVVICWYTSSDHVHCPWTSSNYOCKGCVJZQCEDERUNFMFDWG *\r\n* GDUWEBIUHCZGSXWTDJSBADSDLUJNGNKBHDECHYFYIIXBEKBPJSCTDEYDKRKJRUOTSYZPTTMEEUTSFRYBTTENLQYDFASQNVGOT   *\r\n* IGLMWQFXOJLFYTSJ                                                                                    *\r\n* XPAIBZVKTBWQINFZBISQGXOHNCORACYXEFIYTVGGPBCOJHGVFGWLZTJABSUZKDKQ                                    *\r\n* YLDFHFFBMBFVZ                                                                                       *\r\n* FVTMTFNYLWIXABHVLRLLKVDQYAQJMSEEBUODRRQLPAAGWJFEURPNJOMKSCNTPDLTRDWFMDDTBAVKVWUOVLPVCRVMHEKPD       *\r\n* WMPGPTNZSQNVLITCOWIZXDOPRAHJXHTOQEEJUPHBBVTYIGFNTFQOGEZSXAPOLDBKXYFHDJHZPHXBKPHKVUQSREHLEM          *\r\n* UZSPXUIBJAXJJXQZZGXHHSETQNJTSQTDRXMZWRAHCOXJYLG                                                     *\r\n* AFIFGEECUZYJLOISHTRMKRCIGQFSVUUFHNTNIOWNTKEXSQWNFECETUKJDAZQZLGZETBXVVKSWESZMEPPTR                  *\r\n* QSQMNDJKIPGOHEESZOYSKUKHOBLWYKJWHYQHOGOULLCDQQLVHMQ                                                 *\r\n* UZC                                                                                                 *\r\n* IIXMRMMXFJGJOXESAEGZRGQYPPPLUICIVTZFICCYYEXHJCHKIXAQSDFBRYWCXADWHYNUXYKYCHAMIJPNIFDXILPS            *\r\n* YNKFABYBAALOMNJNBOLCSSIJJTRWFOVJVGYKZSBGBKIJDYWSUKGXEPWF                                            *\r\n* AWHJBWMEBTFOYNIMEAHK                                                                                *\r\n* FLWZCVHXFGKSFZWUWAOVECEQDVWXLZOOVFULKKZAFHWNVWSNMSHASPUDGGVGYJMFRVXZFLKMAOPXFQVHDJLTRNWGKQEEOTCWVQ  *\r\n* ZZSIAIVAEZXYPLODPXSOEZQPOHFYHMTBOVVIKALLWMRHNSOTAPMYCCRZIDUTCXTSGVJUPFTOMHSRHJBVSMYR                *\r\n* UZMDVAGGSIYTZARJUDUWYMUKZSYCYAPYBSLWXQTFMHUYTXIIKMXJDUAIEBDDBEIRTZSGPVMDJOKRSWRCJQRMDGVGSDRVMQEHYC  *\r\n* TFBTOZTZPKJPIKBUKMW                                                                                 *\r\n* NELOMEQRTJCSPRYWHXDMJGFWINILKWTVCOROUNHKICFFIQARLFMNJJE                                             *\r\n* ZOFYVFGXQGQAZKCTQTDGBZOSNRZ                                                                         *\r\n* JGMSKKOFIIODWHPBAZRBDS                                                                              *\r\n* PFYFZANKDGAOKUXQPVWLHEAJTKNRNAXCQIWMLEPEVXLWWTFGDJBGGHQLFOMONVXDIYXBYKEKFRQJSDNZEGOEYRWJRKHX        *\r\n* ARZAIOXWDITEQAOQHSBAMJHHTEQBNJNCHSFAQIKPPDBXUZHRHSKSGWFQKSHDYWITVQXYUNA                             *\r\n* HMLJIJMTWZUVZUWLNOQYAGRTVHCEBJWTSMKULWHBFOHYBMUAUMKGXCXBVRNBGIRMCADMKBZQGOSMZSRIMBJPYQWQOJYTIGU     *\r\n* WUWBJIQSMTZIJKBCZEOFZCOMDMYBCFIAUVQFVQZELQDERNGDHWUDSPYUGKXWKPPGLZONUWHJFKTIYJUQFUTGLEIEXW          *\r\n* LSCUVAWTSZSJLPLYHVPVXPHRPWJUHRJQYXVQDQXHCQCRMLHRAGAIHBBWLLEZRCLBPCKNTUURXITHMPEEORUBQBJXWYFSLYP     *\r\n*******************************************************************************************************\r\n&quot;)" fullname="Open_Lab_04._14.Tests.TestWithRandom([&quot;XTAUFRIRVTEBWAMPJIZFESSLRX&quot;, &quot;ZJULPRWGHKKUGVMFNWISL&quot;, &quot;SXSHECFBPDHMJIBIPJZUFFYOTKRMFOIFTGRXSHNUAGUHMUMEEFHYSQONYEOUKSVAVCSCQEPIWFT&quot;, &quot;KRBZYMIAHJMCSDYOTSJIKUMJBJOAPZBMWPCHCOWYJVTLPQKMFBODWLOQFSXOYIKHIAFCBRLEWLZOBBTLZBUOKXQLBMBKRHAB&quot;, &quot;LDPKHLNPKHKMZOEYMOXNWXKJUBOPBMOLXDPYDARPGYAQ&quot;, ...],&quot;*******************************************************************************************************\r\n* XTAUFRIRVTEBWAMPJIZFESSLRX                                                                          *\r\n* ZJULPRWGHKKUGVMFNWISL                                                                               *\r\n* SXSHECFBPDHMJIBIPJZUFFYOTKRMFOIFTGRXSHNUAGUHMUMEEFHYSQONYEOUKSVAVCSCQEPIWFT                         *\r\n* KRBZYMIAHJMCSDYOTSJIKUMJBJOAPZBMWPCHCOWYJVTLPQKMFBODWLOQFSXOYIKHIAFCBRLEWLZOBBTLZBUOKXQLBMBKRHAB    *\r\n* LDPKHLNPKHKMZOEYMOXNWXKJUBOPBMOLXDPYDARPGYAQ                                                        *\r\n* ZCXXMESCNOOSGQGXYOXSZOV                                                                             *\r\n* GULXHGXWTDUYQRPIWIJOBFXKKSIKCYFKGYRRTVVHRRZDVIGHZPVREHYAXBNPYNUUXJSSZXOANCXJFTOCMBKNCOGZZRTSHFJDXE  *\r\n* LPNHBAVECJOVDMKDWCGRJD                                                                              *\r\n* SIDWSHTTMBOCMYTJMHJDPLWQGWCMBQMWIWVZXECWJQCTPJYFDTUKZZEHMNQVFGSVOSUQCULIFMU                         *\r\n* ICAWYXJHWCWIROMKOGRCXGFXOHCIHMEMFFYKMTXIXKZLVMYOHATZVSBCWDIRUAAJXJDMPCYVJJFMGTBBINBGSFRMEVNJKFNW    *\r\n* QOLJMZECYQLNOWCBGIHZTRRRQITOPKDWICQFQSVOW                                                           *\r\n* TPGZPZLHEWGXRYWTT                                                                                   *\r\n* FPNOMOEMFXLONSCP                                                                                    *\r\n* CLQSUDHGGQLLRJWZRJGQECRVDTNWPJNUCAUICLKLGIGYTAOOOPVJWYTZUUPAQLQWCQJRPOWGYUKWWSCCFZHAOEYDHUNIV       *\r\n* VUSJVCRXZATOKBNWCBSMUQDPIYSFJUAOKOYPENX                                                             *\r\n* KIAHHZUWQKSMPJPFRCAXJMNEZEDVCXSOETBMQVIIEWOYCOYBZTXCMZPXVVICWYTSSDHVHCPWTSSNYOCKGCVJZQCEDERUNFMFDWG *\r\n* GDUWEBIUHCZGSXWTDJSBADSDLUJNGNKBHDECHYFYIIXBEKBPJSCTDEYDKRKJRUOTSYZPTTMEEUTSFRYBTTENLQYDFASQNVGOT   *\r\n* IGLMWQFXOJLFYTSJ                                                                                    *\r\n* XPAIBZVKTBWQINFZBISQGXOHNCORACYXEFIYTVGGPBCOJHGVFGWLZTJABSUZKDKQ                                    *\r\n* YLDFHFFBMBFVZ                                                                                       *\r\n* FVTMTFNYLWIXABHVLRLLKVDQYAQJMSEEBUODRRQLPAAGWJFEURPNJOMKSCNTPDLTRDWFMDDTBAVKVWUOVLPVCRVMHEKPD       *\r\n* WMPGPTNZSQNVLITCOWIZXDOPRAHJXHTOQEEJUPHBBVTYIGFNTFQOGEZSXAPOLDBKXYFHDJHZPHXBKPHKVUQSREHLEM          *\r\n* UZSPXUIBJAXJJXQZZGXHHSETQNJTSQTDRXMZWRAHCOXJYLG                                                     *\r\n* AFIFGEECUZYJLOISHTRMKRCIGQFSVUUFHNTNIOWNTKEXSQWNFECETUKJDAZQZLGZETBXVVKSWESZMEPPTR                  *\r\n* QSQMNDJKIPGOHEESZOYSKUKHOBLWYKJWHYQHOGOULLCDQQLVHMQ                                                 *\r\n* UZC                                                                                                 *\r\n* IIXMRMMXFJGJOXESAEGZRGQYPPPLUICIVTZFICCYYEXHJCHKIXAQSDFBRYWCXADWHYNUXYKYCHAMIJPNIFDXILPS            *\r\n* YNKFABYBAALOMNJNBOLCSSIJJTRWFOVJVGYKZSBGBKIJDYWSUKGXEPWF                                            *\r\n* AWHJBWMEBTFOYNIMEAHK                                                                                *\r\n* FLWZCVHXFGKSFZWUWAOVECEQDVWXLZOOVFULKKZAFHWNVWSNMSHASPUDGGVGYJMFRVXZFLKMAOPXFQVHDJLTRNWGKQEEOTCWVQ  *\r\n* ZZSIAIVAEZXYPLODPXSOEZQPOHFYHMTBOVVIKALLWMRHNSOTAPMYCCRZIDUTCXTSGVJUPFTOMHSRHJBVSMYR                *\r\n* UZMDVAGGSIYTZARJUDUWYMUKZSYCYAPYBSLWXQTFMHUYTXIIKMXJDUAIEBDDBEIRTZSGPVMDJOKRSWRCJQRMDGVGSDRVMQEHYC  *\r\n* TFBTOZTZPKJPIKBUKMW                                                                                 *\r\n* NELOMEQRTJCSPRYWHXDMJGFWINILKWTVCOROUNHKICFFIQARLFMNJJE                                             *\r\n* ZOFYVFGXQGQAZKCTQTDGBZOSNRZ                                                                         *\r\n* JGMSKKOFIIODWHPBAZRBDS                                                                              *\r\n* PFYFZANKDGAOKUXQPVWLHEAJTKNRNAXCQIWMLEPEVXLWWTFGDJBGGHQLFOMONVXDIYXBYKEKFRQJSDNZEGOEYRWJRKHX        *\r\n* ARZAIOXWDITEQAOQHSBAMJHHTEQBNJNCHSFAQIKPPDBXUZHRHSKSGWFQKSHDYWITVQXYUNA                             *\r\n* HMLJIJMTWZUVZUWLNOQYAGRTVHCEBJWTSMKULWHBFOHYBMUAUMKGXCXBVRNBGIRMCADMKBZQGOSMZSRIMBJPYQWQOJYTIGU     *\r\n* WUWBJIQSMTZIJKBCZEOFZCOMDMYBCFIAUVQFVQZELQDERNGDHWUDSPYUGKXWKPPGLZONUWHJFKTIYJUQFUTGLEIEXW          *\r\n* LSCUVAWTSZSJLPLYHVPVXPHRPWJUHRJQYXVQDQXHCQCRMLHRAGAIHBBWLLEZRCLBPCKNTUURXITHMPEEORUBQBJXWYFSLYP     *\r\n*******************************************************************************************************\r\n&quot;)" methodname="TestWithRandom" classname="Open_Lab_04._14.Tests" runstate="Runnable" seed="75042461" result="Passed" start-time="2021-12-27 14:18:11Z" end-time="2021-12-27 14:18:11Z" duration="0.020329" asserts="4475" />
            <test-case id="1061" name="TestWithRandom([&quot;BCKAUXFLIKYHUKVGA&quot;],&quot;*********************\r\n* BCKAUXFLIKYHUKVGA *\r\n*********************\r\n&quot;)" fullname="Open_Lab_04._14.Tests.TestWithRandom([&quot;BCKAUXFLIKYHUKVGA&quot;],&quot;*********************\r\n* BCKAUXFLIKYHUKVGA *\r\n*********************\r\n&quot;)" methodname="TestWithRandom" classname="Open_Lab_04._14.Tests" runstate="Runnable" seed="98351004" result="Passed" start-time="2021-12-27 14:18:11Z" end-time="2021-12-27 14:18:11Z" duration="0.002937" asserts="69" />
            <test-case id="1062" name="TestWithRandom([&quot;HK&quot;, &quot;OSNRVPCGZSTCKNTDTTOPIQKPCOJLKMPSTRNSNDCQ&quot;, &quot;CLGORZHNWRHSUCYHYPHFQVMCAJTAAQQQYGF&quot;, &quot;DAKOCYOVIZYOPKOOVK&quot;, &quot;HYDNIGHMGAQUOWTDXESDSHRUBKEKQBCVNOYFAMCIULHUREKSVGRJCHZZHJMYBWWEXUHZYND&quot;, ...],&quot;*******************************************************************************************************\r\n* HK                                                                                                  *\r\n* OSNRVPCGZSTCKNTDTTOPIQKPCOJLKMPSTRNSNDCQ                                                            *\r\n* CLGORZHNWRHSUCYHYPHFQVMCAJTAAQQQYGF                                                                 *\r\n* DAKOCYOVIZYOPKOOVK                                                                                  *\r\n* HYDNIGHMGAQUOWTDXESDSHRUBKEKQBCVNOYFAMCIULHUREKSVGRJCHZZHJMYBWWEXUHZYND                             *\r\n* CKIGZWCWZMOJJTTGOYYRZDHXPCWXXLTIDHHSYSALG                                                           *\r\n* YPIMVEBBLZPMKYCLRWZFZOSGGCLAHVXNKJESPCHSVWZTSQWIPNBDLARKWBGSSBT                                     *\r\n* BCBATKVPPHKCOYNPGDKUUUBJSUVNVPZUCKRQOVOERMOEQOVXNRMPQZVHASIZ                                        *\r\n* ITZIQAEHXAKPFCIFXTDYYZECJDDOKPWNPPJSOWAORQQQBAKXNCDYEAQIPX                                          *\r\n* MWPWIEXZQSPQBSPHIJOBJSGBILXIPZADRXNRBTHMEAUEXLCFOSIZBVOUQNOXGOKQSMZDFYGOCBWJYCEWIRTWRBCVJTANE       *\r\n* FPPDLKMZAQMTXZZFWOJROOUOZQKDTMXSKSWHTUQ                                                             *\r\n* KJRCJXECWEXMEMVRUBEVZIFOTUIFCSLCYPHFWREBMHGPPKNXWEMSPVTBDDJPOZZETVOPFQUCXCJSC                       *\r\n* ZJHLIXFTMCVFBTIOMMIBWTVYSGKJVNLBZMEZIDQBYZILTZOATIPWKAUFNISCNWYZR                                   *\r\n* GOPJGIVGCWLKESRKPMXPRYSYLZLOOCBJUZTZLKBGADYYUDEAKDHLBBCHWQXHXGRAUBPFYRYELQONA                       *\r\n* EIVLELUQISXMDUNUJUMXDTOZBSECALNOHCLPMMCGFETWIMODRQHUBCQLUWJLGSQWFIFBJYIWRGRZZR                      *\r\n* OEALJESNEMAUQDQZNNWRZHNUTIKCVLQLDFUHGHHSMUAOJDSTAGELDZRHQFRATQSTV                                   *\r\n* RKIJTGGDEFGYLQQRBOGFIDONQAPGYWCHTULHLRNYFZVMASUBKCODMPGO                                            *\r\n* USTQZEICYEREJFJBIAIHCMYGNWWIZVDOWKQZTHFVNJBNCXBWEBDPYGUITNCDIZDDADHYPKHBUMUSKKDQVZDXRNPP            *\r\n* IFGEBMNGYMZPCHTTCVLMBXJKMIJWFMNNRIHEBXTAHMMXDASRJDOSEDOKWWRTDRA                                     *\r\n* ZMYUAPSFCLFPLLGLPRMCYUJNUWIEFZWQMAYQCYRULIQSY                                                       *\r\n* ZLPFEMEXNFDKADHNACPODKMQJRZRRPDQPVXWPZUJLONSMRXNNXINDJVPYZWNMNGYCNVFGKXBIFDPWUDSTMETGPMFAIYQDHW     *\r\n* HPQZWSHCZHFYGFSEVDTAIMRMAPEYMHXAIFHHDDWBEBUZJOZUPUUZOVPVXDZGNIQSJFPAYKARHRWHSSDMQKISMYLMQMJAE       *\r\n* OVLBPEYYVETCRXZICFAMPCAXFKTDKMBZNRDAVQCYNSODYJGOMIJEZRALVOWEKU                                      *\r\n* JDTPATZMLDBZWNWYVEEQCCXAVRSEHUXNSFFAEUGUMVYAXSDXYPAA                                                *\r\n* ELGGTTJBVFQGNGRIWTBYJEGD                                                                            *\r\n* CDNUFRTWHOUYTLAXSRPHUKMLOCVZCWZECJRQVHPOXJGRXJCIAARNRWCSRBFDVUULPPWKUKBLBBKKEUNFZNYBFMMG            *\r\n* YYTBMSDPUCHNSNQZFMPMROXOADIV                                                                        *\r\n* GCDQDVMHKOJGVJSFSHZIBZAXTPKBFBJJHWNZEXOSDSUYGFVEFIHVJMQHCFWNLKBJEZZYWSBV                            *\r\n* GEJECQOUFWXTOZVGGWYABHSQLTGGWIMHLCCHGCAPHSFOEPPZDSPVCURZLTTIKIXXJPHMXNZEW                           *\r\n* TIBELWEGCESRFRKCVNISFZVHEOHDCQTLZSBIX                                                               *\r\n* HWEDFTFSKQBURLVDEUNUZWOBELKGRM                                                                      *\r\n* CFOFLOBTCCMDQBIZHQVOGVDIKHCZTIYBYAZPDGJPCALSMTYZWMCQVYJGBGUDLC                                      *\r\n* TDLFPCSWBGGLGKLVRJDDHGHFZRSNWLFDABROBNIXDQBKOMCWQKCUIZRMVFFYJFZPBDLFSWTEBFZREXQNOVWMJLVAJFTVHKNYQMI *\r\n* BXEURYTCZAIXPSJOINGQHLVNDXWQSBASOELQRCUKRTAIWV                                                      *\r\n* OAZQDFSEQBQRTBCKYAPJKGSWFSV                                                                         *\r\n* OKNQIQHQSKWMVAVOALBIPJBIHLWHHCKLKUPFOAIDULRNDCNJLEVTRMIFIEJWUZIPALCAKQAACYODROFEYMWDHRUXMKWJR       *\r\n* IUDBNRAMZUDVQSYENUZEXHCEIIRFOATQJQPTAQAOEMNBZMABY                                                   *\r\n* WBKMOBRYSEZVYYANLADFDXULALTAFWIQ                                                                    *\r\n* GDSFWBNBCXVOIOOAMAZXTEZHY                                                                           *\r\n* DIRTWWJPSVIHPZQDBZZXSXEZSVISNBDLGKYFKIBZETVTSEL                                                     *\r\n* HPC                                                                                                 *\r\n* I                                                                                                   *\r\n* UFDRAAN                                                                                             *\r\n* BQRXAEAKTSYZSYBKHOKILXYDDFQSBTIAMNRFCUDGZWVKCIIVESJMQFFERNUVOIJAK                                   *\r\n*******************************************************************************************************\r\n&quot;)" fullname="Open_Lab_04._14.Tests.TestWithRandom([&quot;HK&quot;, &quot;OSNRVPCGZSTCKNTDTTOPIQKPCOJLKMPSTRNSNDCQ&quot;, &quot;CLGORZHNWRHSUCYHYPHFQVMCAJTAAQQQYGF&quot;, &quot;DAKOCYOVIZYOPKOOVK&quot;, &quot;HYDNIGHMGAQUOWTDXESDSHRUBKEKQBCVNOYFAMCIULHUREKSVGRJCHZZHJMYBWWEXUHZYND&quot;, ...],&quot;*******************************************************************************************************\r\n* HK                                                                                                  *\r\n* OSNRVPCGZSTCKNTDTTOPIQKPCOJLKMPSTRNSNDCQ                                                            *\r\n* CLGORZHNWRHSUCYHYPHFQVMCAJTAAQQQYGF                                                                 *\r\n* DAKOCYOVIZYOPKOOVK                                                                                  *\r\n* HYDNIGHMGAQUOWTDXESDSHRUBKEKQBCVNOYFAMCIULHUREKSVGRJCHZZHJMYBWWEXUHZYND                             *\r\n* CKIGZWCWZMOJJTTGOYYRZDHXPCWXXLTIDHHSYSALG                                                           *\r\n* YPIMVEBBLZPMKYCLRWZFZOSGGCLAHVXNKJESPCHSVWZTSQWIPNBDLARKWBGSSBT                                     *\r\n* BCBATKVPPHKCOYNPGDKUUUBJSUVNVPZUCKRQOVOERMOEQOVXNRMPQZVHASIZ                                        *\r\n* ITZIQAEHXAKPFCIFXTDYYZECJDDOKPWNPPJSOWAORQQQBAKXNCDYEAQIPX                                          *\r\n* MWPWIEXZQSPQBSPHIJOBJSGBILXIPZADRXNRBTHMEAUEXLCFOSIZBVOUQNOXGOKQSMZDFYGOCBWJYCEWIRTWRBCVJTANE       *\r\n* FPPDLKMZAQMTXZZFWOJROOUOZQKDTMXSKSWHTUQ                                                             *\r\n* KJRCJXECWEXMEMVRUBEVZIFOTUIFCSLCYPHFWREBMHGPPKNXWEMSPVTBDDJPOZZETVOPFQUCXCJSC                       *\r\n* ZJHLIXFTMCVFBTIOMMIBWTVYSGKJVNLBZMEZIDQBYZILTZOATIPWKAUFNISCNWYZR                                   *\r\n* GOPJGIVGCWLKESRKPMXPRYSYLZLOOCBJUZTZLKBGADYYUDEAKDHLBBCHWQXHXGRAUBPFYRYELQONA                       *\r\n* EIVLELUQISXMDUNUJUMXDTOZBSECALNOHCLPMMCGFETWIMODRQHUBCQLUWJLGSQWFIFBJYIWRGRZZR                      *\r\n* OEALJESNEMAUQDQZNNWRZHNUTIKCVLQLDFUHGHHSMUAOJDSTAGELDZRHQFRATQSTV                                   *\r\n* RKIJTGGDEFGYLQQRBOGFIDONQAPGYWCHTULHLRNYFZVMASUBKCODMPGO                                            *\r\n* USTQZEICYEREJFJBIAIHCMYGNWWIZVDOWKQZTHFVNJBNCXBWEBDPYGUITNCDIZDDADHYPKHBUMUSKKDQVZDXRNPP            *\r\n* IFGEBMNGYMZPCHTTCVLMBXJKMIJWFMNNRIHEBXTAHMMXDASRJDOSEDOKWWRTDRA                                     *\r\n* ZMYUAPSFCLFPLLGLPRMCYUJNUWIEFZWQMAYQCYRULIQSY                                                       *\r\n* ZLPFEMEXNFDKADHNACPODKMQJRZRRPDQPVXWPZUJLONSMRXNNXINDJVPYZWNMNGYCNVFGKXBIFDPWUDSTMETGPMFAIYQDHW     *\r\n* HPQZWSHCZHFYGFSEVDTAIMRMAPEYMHXAIFHHDDWBEBUZJOZUPUUZOVPVXDZGNIQSJFPAYKARHRWHSSDMQKISMYLMQMJAE       *\r\n* OVLBPEYYVETCRXZICFAMPCAXFKTDKMBZNRDAVQCYNSODYJGOMIJEZRALVOWEKU                                      *\r\n* JDTPATZMLDBZWNWYVEEQCCXAVRSEHUXNSFFAEUGUMVYAXSDXYPAA                                                *\r\n* ELGGTTJBVFQGNGRIWTBYJEGD                                                                            *\r\n* CDNUFRTWHOUYTLAXSRPHUKMLOCVZCWZECJRQVHPOXJGRXJCIAARNRWCSRBFDVUULPPWKUKBLBBKKEUNFZNYBFMMG            *\r\n* YYTBMSDPUCHNSNQZFMPMROXOADIV                                                                        *\r\n* GCDQDVMHKOJGVJSFSHZIBZAXTPKBFBJJHWNZEXOSDSUYGFVEFIHVJMQHCFWNLKBJEZZYWSBV                            *\r\n* GEJECQOUFWXTOZVGGWYABHSQLTGGWIMHLCCHGCAPHSFOEPPZDSPVCURZLTTIKIXXJPHMXNZEW                           *\r\n* TIBELWEGCESRFRKCVNISFZVHEOHDCQTLZSBIX                                                               *\r\n* HWEDFTFSKQBURLVDEUNUZWOBELKGRM                                                                      *\r\n* CFOFLOBTCCMDQBIZHQVOGVDIKHCZTIYBYAZPDGJPCALSMTYZWMCQVYJGBGUDLC                                      *\r\n* TDLFPCSWBGGLGKLVRJDDHGHFZRSNWLFDABROBNIXDQBKOMCWQKCUIZRMVFFYJFZPBDLFSWTEBFZREXQNOVWMJLVAJFTVHKNYQMI *\r\n* BXEURYTCZAIXPSJOINGQHLVNDXWQSBASOELQRCUKRTAIWV                                                      *\r\n* OAZQDFSEQBQRTBCKYAPJKGSWFSV                                                                         *\r\n* OKNQIQHQSKWMVAVOALBIPJBIHLWHHCKLKUPFOAIDULRNDCNJLEVTRMIFIEJWUZIPALCAKQAACYODROFEYMWDHRUXMKWJR       *\r\n* IUDBNRAMZUDVQSYENUZEXHCEIIRFOATQJQPTAQAOEMNBZMABY                                                   *\r\n* WBKMOBRYSEZVYYANLADFDXULALTAFWIQ                                                                    *\r\n* GDSFWBNBCXVOIOOAMAZXTEZHY                                                                           *\r\n* DIRTWWJPSVIHPZQDBZZXSXEZSVISNBDLGKYFKIBZETVTSEL                                                     *\r\n* HPC                                                                                                 *\r\n* I                                                                                                   *\r\n* UFDRAAN                                                                                             *\r\n* BQRXAEAKTSYZSYBKHOKILXYDDFQSBTIAMNRFCUDGZWVKCIIVESJMQFFERNUVOIJAK                                   *\r\n*******************************************************************************************************\r\n&quot;)" methodname="TestWithRandom" classname="Open_Lab_04._14.Tests" runstate="Runnable" seed="1469553854" result="Passed" start-time="2021-12-27 14:18:11Z" end-time="2021-12-27 14:18:11Z" duration="0.014632" asserts="4787" />
            <test-case id="1063" name="TestWithRandom([&quot;FGVINKEIPBOBUWUOJJWKHINOOAIRRMVZEVDOIJWBLWQCCMZZUUAQ&quot;, &quot;NGWTHUNBMQCGPXZSFFZNUYKRLLCAJXWMELROGVAPJZZFOWNPAGOOBD&quot;, &quot;PVFHWRMSPTPBDGKLJFJDUZEDPYNZCIILBSBTBNEYWHJLYUKIPUEJSZYPRBSYENPHLEZLERKWBLHN&quot;, &quot;SFUOEJHDYTBTMCAUGTJRCAUVYEYKIIHSLAYWYKZDIDMKYRSPJBVRXWNSKYPZL&quot;, &quot;VQMIIMDDWVTGIYNKXGMJBGNPUOMFMZUASLIWYPJFLFFZXRNOEABINBVODWOTZYRWBTNXQRLIXGYVBORDBXALYMNQ&quot;, ...],&quot;*******************************************************************************************************\r\n* FGVINKEIPBOBUWUOJJWKHINOOAIRRMVZEVDOIJWBLWQCCMZZUUAQ                                                *\r\n* NGWTHUNBMQCGPXZSFFZNUYKRLLCAJXWMELROGVAPJZZFOWNPAGOOBD                                              *\r\n* PVFHWRMSPTPBDGKLJFJDUZEDPYNZCIILBSBTBNEYWHJLYUKIPUEJSZYPRBSYENPHLEZLERKWBLHN                        *\r\n* SFUOEJHDYTBTMCAUGTJRCAUVYEYKIIHSLAYWYKZDIDMKYRSPJBVRXWNSKYPZL                                       *\r\n* VQMIIMDDWVTGIYNKXGMJBGNPUOMFMZUASLIWYPJFLFFZXRNOEABINBVODWOTZYRWBTNXQRLIXGYVBORDBXALYMNQ            *\r\n* USBBQGNNJXEDPYNOTLGDANOEKRBXGYOGXHVYJGGALHRQNZLYNXEBGMPHDXQYE                                       *\r\n* HLJYGICOEMEGSSVYQLGCJITNZLSOVMQIVVZGHPTDWZSRWATWMFGESBFZRVYUQ                                       *\r\n* TRWVKXTORBSDGKQCQYRVCPGLQTPAPLRYMIGAVAQWDXNEMOVVIPEADV                                              *\r\n* DKKFQHSYFKTQYEPGPIVRECBZBYTRAGQVRXCQLVZOLZI                                                         *\r\n* TYXRTIPSHDGBIKESOAYZTYYABZVUIGGFUHGDBCYSRYNNQBHARGAKBJBUZWPTNUJBXAHBEBRLBGHUKKKZ                    *\r\n* UDBGWEKFLDEMFFWPMQPUFVPPOIUBGKOMPBSRHUBWWVTXMZWBLFYUUFMZNMRNJJZBOSWEMFH                             *\r\n* PTYJCSCPLTQALURKOTDUCNMMWSIUCSOFYHFAHDWVKCBPTYPUAMQTBMOBGLNKJINTFKC                                 *\r\n* PRCLWIKAMXTXCOTPC                                                                                   *\r\n* ELSEUWQMLCPHKIWLEJJEXSCNOJRPHUPXRKFRLLWGVKXHLEMLBQJJGXXMIFPLEAEQNSQZCFATNDJMVVCK                    *\r\n* GNQLFQUMTIGWLBUFGUSOMIWQQWCNKRNCEOYMNFHBVMIWUXBBPHOAJVJXRAVJNHCCVDRXDHRBNRSZZZWSUBYDCMSI            *\r\n* AVNKXNOKGAQGEXHPNN                                                                                  *\r\n* DKXRECPMJZZJLISCMERPDEPTZGMPDQNPZZFUCDJHIBFLGREXLUVKVXOYVESXQZISLKJLDYZI                            *\r\n* JHCYDMHBPDJUCTBLGYYLLRJSMAWHSUNUNPMQMARRKWAVZYIQHAWZBXKRYJLDQZIUQOHNHLZGHGAPQNTOSGA                 *\r\n* XNTPFURCOOBKNGELQUIVBQSUWUBKQXKKZQWCURINTWRSFPBKJIXXXEQHVYTKTHMRDQLWJCQ                             *\r\n* MUBEYAOGSQBHZNMVZOHVYXUMKAOPEEBGRYLCCLJVKMRCGERQEQXUUUBOAPUXLZCOPUQBCJSNFMLLGSFGJYKOHHMWXXCNRLJKJD  *\r\n* MOQOVXJOIJPHIJOONOOGHITEFGFWUCACCETRTJPQYSDNHPUDCWVW                                                *\r\n* XFEVMJORMUFINFDPWVEZXHPEFWPMCTXHEHFZPWHABZMYXEUKQNGARXXPPZPPTBPSWYEGZEAAODXYVRHBB                   *\r\n* VONWPGJQJQHRHZJTBYZOKMN                                                                             *\r\n* LNZYTYROONGBFZIXWJVJSXWY                                                                            *\r\n* CQIBMVJAHLCHKWKYSCTTINBQCSBRDNORBKQIJNBSWAXOGQLMKLAUDFGOO                                           *\r\n* ZUTSXUWKGAFCPFBAWIPNJLGPGSMTOVECUQNGZEDDRVJLGIWUTCIXYBINOELFHDWKWDIYRUB                             *\r\n* EMVNBVIYVSAMNGDSHASVSYVOZZOCAXDYAQTMGULSVNJPDKXQAPQRCGZGQGOCGFYYPBLWNQM                             *\r\n* OZZFOGLPBYCKHLWTQMVZGJLPOLABYBCJCDCCHURKUZBIDNQDFSG                                                 *\r\n* VN                                                                                                  *\r\n* FNJQDGKRAVTIDJTMVULEHHDMBUX                                                                         *\r\n* GUCOPWWPXEOEKIAMJFNTMFKFJIZXKXPJIOKFTFTHMEPRGHUZGRDWHDJAKWEHWZEZOEVWXVTEMGHIPSYCNAQTU               *\r\n* CFEKUWBLKNZPCBLXBLXYKAWBKSYBTWILFVCQRMAXCAWTJAPXRPYFVVJBJDZCYASNFNKHZVGOKAV                         *\r\n* ECSKCBKDXCQJMBGONYZCHIOVPIXVJJVVZZWGKPA                                                             *\r\n* QOQDWAUYORBLBSCWOWUTDOTNGVKMEAEYXBMSSKYPOZGSIJTGXARNUHTBVCWBQHTONDOZGJEDXFFDHBFXBDPEIQEQI           *\r\n* XQOXZGFSFFVUANWOPOCQTTWYAMSPFWZXRVLNPAGZXPW                                                         *\r\n* BG                                                                                                  *\r\n* CHUAPOSRETQ                                                                                         *\r\n* MOQMIGYDFBIYPIDSEWWWTKPILWKIYDHUYDUKHDOUDDXAZVLGLZNHWTDBYIBLVPEBUNALOSKBICSQMPIPKDXYQAXFA           *\r\n* MZBCYOYVGLVZRTPLYUANOIZLASRFLTQULWFKZFDDRRJXULMEJEBDFMDEAQBGXSKMVBOVOE                              *\r\n* TQWVXZBRPFNWGSMPYTAKIEXGYHXCSWRQERIMIRFFYYLAJWETIL                                                  *\r\n* BNUEOTQWQCZYTOXROKAGGNVLJSXWBDDTGGPCJNTTSUPDYASLMEPJIEJOSIUWVTU                                     *\r\n* YGRMZUIAQGOMYSNJZLJXNTKBXBKBTXXYZCESIGMRWOSCQWPAVKXK                                                *\r\n* XZFVPPXKHGTIPMWNVBTYSAYAILALKFJZMPBCZ                                                               *\r\n* SQPHPHZTAJTMAJDMRXAEMEOLZBXTVALUOYICJKKQBPLQSYFAWAXEBUKOBDHOKFXAYZXBAACHNKDWTYTBVXXUCGS             *\r\n* OUBGCWGVSLRTAEZVYQRRQNVDJGSMICXRGDMFZWEQDHEIGABRXBWLPBDBZXWWDTNQNZMWRTWCMANIIN                      *\r\n* JEBPGFLCFALGBZINKUOUGNFADFUZPOUSMANRCEGKBXHVGNUDDNDNUSQVZALBLMMQGSUBMRKGODSIGJTQKQVCLGXTJR          *\r\n* BSEYPKQPNSTRMCXZQZHPPHVQVQKFZUBRUZINKFDYPUGYRZIZOHGTCCCUXNDYAKPSRBWNTJ                              *\r\n* LWJZUAWZVHKRSNHPSWOQWCEXFFNHQDVGESVXSCHTAOIQPSWEJMDQFSSJRL                                          *\r\n* ONPJRMDMASKXPOUQHTOIMJJXDZEBMZMFGHTGKFQELFVMZPOCKBKPDDIFESFSHCAAGEQIVOGCDKWGNWYO                    *\r\n* CRKPWCDZNCRAXWJFUFUYFGWVILTHCRHTQHELQLJBNIHL                                                        *\r\n* BFNMBSQEPFWUOGKJVXWVYJQSYPJWSLXYKHGGFUBYQPBBIQBEYSRLLQQS                                            *\r\n* UOLJULEHXKHZEDBWXEIHPJINEXATMNURORLGPPVDXTKGTFUOQOOLHKZKG                                           *\r\n* FWLKVKPQLMSVGHIEKVYCUZDMDXYIJESAZRKYSNXAQDUHVVHGCCZDLEDFTYGYLHGGURVPXKLXXYLREWQIPSFHEOOVNEFTG       *\r\n* OIWNMDZSJSQCFNSMBWIYITBZCFDZCSESQYJDURKMIXJMRBIBDADILIQVGXLGAAPQOYMHEPRJMWPLKOIAXBWBPVGIHNWXGDLIHSY *\r\n* PBXOJTWOSELRPKJYDOASRDZQSTDJLHERQPKVEISVZSQCCEIVUMETSFBLBHVPPNDKATBZANUV                            *\r\n* ETYNXNOLIOYDKZKOYUXMCGMPFCJCIUGSIXNMCYETGEHYFGPUQLBTWITYHJHUEMCNIFUNLYMAPDGYYOJYMPLXT               *\r\n* WZDPESQJPUBTPZMCISYBDSCUZTZJIOAEUUJVJWTUJGOMXEYKMKGT                                                *\r\n* SKDXJPLSHBATWZVQRSMYERXEPXUUPWYIGFBKGXAGIBCENSAFDUVRUVUAMYHLURCLDSNRXKJTSFQDPSRXXPRVBGOKLBXHPPMQY   *\r\n* BVEIHSKBZOFQLUHKNEZHJWEDFWMBECTZEYQWSOIYKZGZEUPDAEBHRQHERBDKFIXWVG                                  *\r\n* NEKSZWBXKQEYLHJBZBLINRLFQLXSBCJDYICZQMCKPTWOMDRD                                                    *\r\n* HXVJYYVSFBNYIVIGBZDEKLNZBSUUWTMTUWUFOTAJGGKKOLHXOILDOZLWJVIGEBVMOTELBCRHZTXEADKPKWGNHI              *\r\n* VLXVSKTFFLYVVHVVLRDE                                                                                *\r\n* BHWGLTVHVHEFOJAEHYWFORTCHOHOAUWEEJTEBPHQYYKDTPHXVRETGYGJOTYWMGGALABEQWCRQGHQHPIRHJ                  *\r\n* JQDXGCJPHQLERRKSTOCHZOMCARQCYLHOCNWJHCVBGGVAFBPYWXODFBTUEBXOMGRWJWCDUAKQTB                          *\r\n* STL                                                                                                 *\r\n* YBSFBWDJATCFGFGPAPZQJZLDWMYJDBABSEYNTBPZFMBJSVDLNMADUVMZPOJOYUFZSBNBHTVZZZKXYCLAIMWRAXG             *\r\n* RZXERBBLGCRRICEUQBEUKPBNDIFLYOYVUPJIVQHXYZQVLTSGICBZSMNCXKAIVPNSDVWSSVYZTGWKZFCJQYDVNYDICH          *\r\n* LQZBIMYSPXZOMDBGLQCCSHQRXMRFFSOPKLNJUFNY                                                            *\r\n* NMMRK                                                                                               *\r\n* SLSRRAERDZHEWUTNXJJEBQRMGDEBFUEAMWZTMAWPFTJKMAQDIAPDHGPBTFLOWCM                                     *\r\n* UGRAVZAWMUYHGHZFMATFFATGGXZGPHTCH                                                                   *\r\n* PFJQII                                                                                              *\r\n* S                                                                                                   *\r\n* NHIVMFFCVJHCUNKTXZTHFAVZESUWVSLFNKFZYCNAJFXTZYVRYXKJGLLMMIQTLJGD                                    *\r\n* CPJHLUVLSXZDCZGWCXYHBYCZTNQLUPAZUVXILJMCOXONLJJIKWILHVWENKOYEKRDXAIGCXLSLWSEKONKDHBXGORYZTUBV       *\r\n* YEGLQKADGMLQALDRTZWDVWJUWIJKHJCKXWXOYZYCKABOLQOFVHZVERS                                             *\r\n* VMOHBP                                                                                              *\r\n* XJBSDNOTUAUTVVUIGTDPZJGFFEWTLKRBUEEEKXLSGOEVKXXGADHNXZWNDVNZRVHJJSZQQQYJILJLELVIGQTI                *\r\n* DEUIRBOKLBLGUM                                                                                      *\r\n* YGPJFXFMQKISZESBCZGGOEIZPJZWKYFKYDKZAJDFXRDXIIOFTAJGOGDTYQUVYIBSFYTWU                               *\r\n* BSWAIWBKQGVTDKPYVSARBJPHGOPLSKPSKAZQKNXHSNZNZEFRDHCBWDQRDOTTGPSGQDJCLYNI                            *\r\n* SYOJBHCJYHKHOWHJHNVTDACUTWWVCGFTUGDECIBHRKIHIZCHBTDKRORRWTQEKGGRCQMISCHZLOCTSUMUU                   *\r\n* TJCUCGPLIISXWLEQFRMUOZLEZCLXZCHWJVMXPIOFTHUYHOSRPCPVHABUXXVZV                                       *\r\n* MFAVNAYGAWCGBHFNXKKUIWNMOJTSZRNPKBUOXLBRTICSSAZUOKZKPAIPSOHDHFHIJNV                                 *\r\n* MQPMJSBAUUTOKZDPRCAKSFVJDXKNATIFEZIXVNBWZIVYUTSHBSQGNLGGVFILHNZBLOJLRFUEBDKKJXOKECMICCSTSBCPEPOMIUM *\r\n* KHQVYMEJBVXYRXGFBRYJWPS                                                                             *\r\n* DEZMOYBPKIAXLQKQXISXEEYHIJLRVDJUPBSTMSVCUHNIWJTKHILOXVLZGSDEM                                       *\r\n* UHZGHKXQDFMPCXQPKZQAKNRUXUPTMUORQJNFIQCIN                                                           *\r\n* FFBHSOIQHENMAGPEJNUEEIQVZTJLHUWINTIMSPCBLVNKDDJGPDGONILWOGIYEWJ                                     *\r\n* HFZGYDMULSSIVGSWKDVDNIUEHLXMHDXOMZCXEDHMRMDUPDBIOMOA                                                *\r\n* FAZL                                                                                                *\r\n* YNFZNHVEWVDVRHVJMAEZOEKPYUOWNGZDLJEUGRZWZLGFETUHERTZVMGTDQBSSYQQWZJICBDUBIACYFKFA                   *\r\n*******************************************************************************************************\r\n&quot;)" fullname="Open_Lab_04._14.Tests.TestWithRandom([&quot;FGVINKEIPBOBUWUOJJWKHINOOAIRRMVZEVDOIJWBLWQCCMZZUUAQ&quot;, &quot;NGWTHUNBMQCGPXZSFFZNUYKRLLCAJXWMELROGVAPJZZFOWNPAGOOBD&quot;, &quot;PVFHWRMSPTPBDGKLJFJDUZEDPYNZCIILBSBTBNEYWHJLYUKIPUEJSZYPRBSYENPHLEZLERKWBLHN&quot;, &quot;SFUOEJHDYTBTMCAUGTJRCAUVYEYKIIHSLAYWYKZDIDMKYRSPJBVRXWNSKYPZL&quot;, &quot;VQMIIMDDWVTGIYNKXGMJBGNPUOMFMZUASLIWYPJFLFFZXRNOEABINBVODWOTZYRWBTNXQRLIXGYVBORDBXALYMNQ&quot;, ...],&quot;*******************************************************************************************************\r\n* FGVINKEIPBOBUWUOJJWKHINOOAIRRMVZEVDOIJWBLWQCCMZZUUAQ                                                *\r\n* NGWTHUNBMQCGPXZSFFZNUYKRLLCAJXWMELROGVAPJZZFOWNPAGOOBD                                              *\r\n* PVFHWRMSPTPBDGKLJFJDUZEDPYNZCIILBSBTBNEYWHJLYUKIPUEJSZYPRBSYENPHLEZLERKWBLHN                        *\r\n* SFUOEJHDYTBTMCAUGTJRCAUVYEYKIIHSLAYWYKZDIDMKYRSPJBVRXWNSKYPZL                                       *\r\n* VQMIIMDDWVTGIYNKXGMJBGNPUOMFMZUASLIWYPJFLFFZXRNOEABINBVODWOTZYRWBTNXQRLIXGYVBORDBXALYMNQ            *\r\n* USBBQGNNJXEDPYNOTLGDANOEKRBXGYOGXHVYJGGALHRQNZLYNXEBGMPHDXQYE                                       *\r\n* HLJYGICOEMEGSSVYQLGCJITNZLSOVMQIVVZGHPTDWZSRWATWMFGESBFZRVYUQ                                       *\r\n* TRWVKXTORBSDGKQCQYRVCPGLQTPAPLRYMIGAVAQWDXNEMOVVIPEADV                                              *\r\n* DKKFQHSYFKTQYEPGPIVRECBZBYTRAGQVRXCQLVZOLZI                                                         *\r\n* TYXRTIPSHDGBIKESOAYZTYYABZVUIGGFUHGDBCYSRYNNQBHARGAKBJBUZWPTNUJBXAHBEBRLBGHUKKKZ                    *\r\n* UDBGWEKFLDEMFFWPMQPUFVPPOIUBGKOMPBSRHUBWWVTXMZWBLFYUUFMZNMRNJJZBOSWEMFH                             *\r\n* PTYJCSCPLTQALURKOTDUCNMMWSIUCSOFYHFAHDWVKCBPTYPUAMQTBMOBGLNKJINTFKC                                 *\r\n* PRCLWIKAMXTXCOTPC                                                                                   *\r\n* ELSEUWQMLCPHKIWLEJJEXSCNOJRPHUPXRKFRLLWGVKXHLEMLBQJJGXXMIFPLEAEQNSQZCFATNDJMVVCK                    *\r\n* GNQLFQUMTIGWLBUFGUSOMIWQQWCNKRNCEOYMNFHBVMIWUXBBPHOAJVJXRAVJNHCCVDRXDHRBNRSZZZWSUBYDCMSI            *\r\n* AVNKXNOKGAQGEXHPNN                                                                                  *\r\n* DKXRECPMJZZJLISCMERPDEPTZGMPDQNPZZFUCDJHIBFLGREXLUVKVXOYVESXQZISLKJLDYZI                            *\r\n* JHCYDMHBPDJUCTBLGYYLLRJSMAWHSUNUNPMQMARRKWAVZYIQHAWZBXKRYJLDQZIUQOHNHLZGHGAPQNTOSGA                 *\r\n* XNTPFURCOOBKNGELQUIVBQSUWUBKQXKKZQWCURINTWRSFPBKJIXXXEQHVYTKTHMRDQLWJCQ                             *\r\n* MUBEYAOGSQBHZNMVZOHVYXUMKAOPEEBGRYLCCLJVKMRCGERQEQXUUUBOAPUXLZCOPUQBCJSNFMLLGSFGJYKOHHMWXXCNRLJKJD  *\r\n* MOQOVXJOIJPHIJOONOOGHITEFGFWUCACCETRTJPQYSDNHPUDCWVW                                                *\r\n* XFEVMJORMUFINFDPWVEZXHPEFWPMCTXHEHFZPWHABZMYXEUKQNGARXXPPZPPTBPSWYEGZEAAODXYVRHBB                   *\r\n* VONWPGJQJQHRHZJTBYZOKMN                                                                             *\r\n* LNZYTYROONGBFZIXWJVJSXWY                                                                            *\r\n* CQIBMVJAHLCHKWKYSCTTINBQCSBRDNORBKQIJNBSWAXOGQLMKLAUDFGOO                                           *\r\n* ZUTSXUWKGAFCPFBAWIPNJLGPGSMTOVECUQNGZEDDRVJLGIWUTCIXYBINOELFHDWKWDIYRUB                             *\r\n* EMVNBVIYVSAMNGDSHASVSYVOZZOCAXDYAQTMGULSVNJPDKXQAPQRCGZGQGOCGFYYPBLWNQM                             *\r\n* OZZFOGLPBYCKHLWTQMVZGJLPOLABYBCJCDCCHURKUZBIDNQDFSG                                                 *\r\n* VN                                                                                                  *\r\n* FNJQDGKRAVTIDJTMVULEHHDMBUX                                                                         *\r\n* GUCOPWWPXEOEKIAMJFNTMFKFJIZXKXPJIOKFTFTHMEPRGHUZGRDWHDJAKWEHWZEZOEVWXVTEMGHIPSYCNAQTU               *\r\n* CFEKUWBLKNZPCBLXBLXYKAWBKSYBTWILFVCQRMAXCAWTJAPXRPYFVVJBJDZCYASNFNKHZVGOKAV                         *\r\n* ECSKCBKDXCQJMBGONYZCHIOVPIXVJJVVZZWGKPA                                                             *\r\n* QOQDWAUYORBLBSCWOWUTDOTNGVKMEAEYXBMSSKYPOZGSIJTGXARNUHTBVCWBQHTONDOZGJEDXFFDHBFXBDPEIQEQI           *\r\n* XQOXZGFSFFVUANWOPOCQTTWYAMSPFWZXRVLNPAGZXPW                                                         *\r\n* BG                                                                                                  *\r\n* CHUAPOSRETQ                                                                                         *\r\n* MOQMIGYDFBIYPIDSEWWWTKPILWKIYDHUYDUKHDOUDDXAZVLGLZNHWTDBYIBLVPEBUNALOSKBICSQMPIPKDXYQAXFA           *\r\n* MZBCYOYVGLVZRTPLYUANOIZLASRFLTQULWFKZFDDRRJXULMEJEBDFMDEAQBGXSKMVBOVOE                              *\r\n* TQWVXZBRPFNWGSMPYTAKIEXGYHXCSWRQERIMIRFFYYLAJWETIL                                                  *\r\n* BNUEOTQWQCZYTOXROKAGGNVLJSXWBDDTGGPCJNTTSUPDYASLMEPJIEJOSIUWVTU                                     *\r\n* YGRMZUIAQGOMYSNJZLJXNTKBXBKBTXXYZCESIGMRWOSCQWPAVKXK                                                *\r\n* XZFVPPXKHGTIPMWNVBTYSAYAILALKFJZMPBCZ                                                               *\r\n* SQPHPHZTAJTMAJDMRXAEMEOLZBXTVALUOYICJKKQBPLQSYFAWAXEBUKOBDHOKFXAYZXBAACHNKDWTYTBVXXUCGS             *\r\n* OUBGCWGVSLRTAEZVYQRRQNVDJGSMICXRGDMFZWEQDHEIGABRXBWLPBDBZXWWDTNQNZMWRTWCMANIIN                      *\r\n* JEBPGFLCFALGBZINKUOUGNFADFUZPOUSMANRCEGKBXHVGNUDDNDNUSQVZALBLMMQGSUBMRKGODSIGJTQKQVCLGXTJR          *\r\n* BSEYPKQPNSTRMCXZQZHPPHVQVQKFZUBRUZINKFDYPUGYRZIZOHGTCCCUXNDYAKPSRBWNTJ                              *\r\n* LWJZUAWZVHKRSNHPSWOQWCEXFFNHQDVGESVXSCHTAOIQPSWEJMDQFSSJRL                                          *\r\n* ONPJRMDMASKXPOUQHTOIMJJXDZEBMZMFGHTGKFQELFVMZPOCKBKPDDIFESFSHCAAGEQIVOGCDKWGNWYO                    *\r\n* CRKPWCDZNCRAXWJFUFUYFGWVILTHCRHTQHELQLJBNIHL                                                        *\r\n* BFNMBSQEPFWUOGKJVXWVYJQSYPJWSLXYKHGGFUBYQPBBIQBEYSRLLQQS                                            *\r\n* UOLJULEHXKHZEDBWXEIHPJINEXATMNURORLGPPVDXTKGTFUOQOOLHKZKG                                           *\r\n* FWLKVKPQLMSVGHIEKVYCUZDMDXYIJESAZRKYSNXAQDUHVVHGCCZDLEDFTYGYLHGGURVPXKLXXYLREWQIPSFHEOOVNEFTG       *\r\n* OIWNMDZSJSQCFNSMBWIYITBZCFDZCSESQYJDURKMIXJMRBIBDADILIQVGXLGAAPQOYMHEPRJMWPLKOIAXBWBPVGIHNWXGDLIHSY *\r\n* PBXOJTWOSELRPKJYDOASRDZQSTDJLHERQPKVEISVZSQCCEIVUMETSFBLBHVPPNDKATBZANUV                            *\r\n* ETYNXNOLIOYDKZKOYUXMCGMPFCJCIUGSIXNMCYETGEHYFGPUQLBTWITYHJHUEMCNIFUNLYMAPDGYYOJYMPLXT               *\r\n* WZDPESQJPUBTPZMCISYBDSCUZTZJIOAEUUJVJWTUJGOMXEYKMKGT                                                *\r\n* SKDXJPLSHBATWZVQRSMYERXEPXUUPWYIGFBKGXAGIBCENSAFDUVRUVUAMYHLURCLDSNRXKJTSFQDPSRXXPRVBGOKLBXHPPMQY   *\r\n* BVEIHSKBZOFQLUHKNEZHJWEDFWMBECTZEYQWSOIYKZGZEUPDAEBHRQHERBDKFIXWVG                                  *\r\n* NEKSZWBXKQEYLHJBZBLINRLFQLXSBCJDYICZQMCKPTWOMDRD                                                    *\r\n* HXVJYYVSFBNYIVIGBZDEKLNZBSUUWTMTUWUFOTAJGGKKOLHXOILDOZLWJVIGEBVMOTELBCRHZTXEADKPKWGNHI              *\r\n* VLXVSKTFFLYVVHVVLRDE                                                                                *\r\n* BHWGLTVHVHEFOJAEHYWFORTCHOHOAUWEEJTEBPHQYYKDTPHXVRETGYGJOTYWMGGALABEQWCRQGHQHPIRHJ                  *\r\n* JQDXGCJPHQLERRKSTOCHZOMCARQCYLHOCNWJHCVBGGVAFBPYWXODFBTUEBXOMGRWJWCDUAKQTB                          *\r\n* STL                                                                                                 *\r\n* YBSFBWDJATCFGFGPAPZQJZLDWMYJDBABSEYNTBPZFMBJSVDLNMADUVMZPOJOYUFZSBNBHTVZZZKXYCLAIMWRAXG             *\r\n* RZXERBBLGCRRICEUQBEUKPBNDIFLYOYVUPJIVQHXYZQVLTSGICBZSMNCXKAIVPNSDVWSSVYZTGWKZFCJQYDVNYDICH          *\r\n* LQZBIMYSPXZOMDBGLQCCSHQRXMRFFSOPKLNJUFNY                                                            *\r\n* NMMRK                                                                                               *\r\n* SLSRRAERDZHEWUTNXJJEBQRMGDEBFUEAMWZTMAWPFTJKMAQDIAPDHGPBTFLOWCM                                     *\r\n* UGRAVZAWMUYHGHZFMATFFATGGXZGPHTCH                                                                   *\r\n* PFJQII                                                                                              *\r\n* S                                                                                                   *\r\n* NHIVMFFCVJHCUNKTXZTHFAVZESUWVSLFNKFZYCNAJFXTZYVRYXKJGLLMMIQTLJGD                                    *\r\n* CPJHLUVLSXZDCZGWCXYHBYCZTNQLUPAZUVXILJMCOXONLJJIKWILHVWENKOYEKRDXAIGCXLSLWSEKONKDHBXGORYZTUBV       *\r\n* YEGLQKADGMLQALDRTZWDVWJUWIJKHJCKXWXOYZYCKABOLQOFVHZVERS                                             *\r\n* VMOHBP                                                                                              *\r\n* XJBSDNOTUAUTVVUIGTDPZJGFFEWTLKRBUEEEKXLSGOEVKXXGADHNXZWNDVNZRVHJJSZQQQYJILJLELVIGQTI                *\r\n* DEUIRBOKLBLGUM                                                                                      *\r\n* YGPJFXFMQKISZESBCZGGOEIZPJZWKYFKYDKZAJDFXRDXIIOFTAJGOGDTYQUVYIBSFYTWU                               *\r\n* BSWAIWBKQGVTDKPYVSARBJPHGOPLSKPSKAZQKNXHSNZNZEFRDHCBWDQRDOTTGPSGQDJCLYNI                            *\r\n* SYOJBHCJYHKHOWHJHNVTDACUTWWVCGFTUGDECIBHRKIHIZCHBTDKRORRWTQEKGGRCQMISCHZLOCTSUMUU                   *\r\n* TJCUCGPLIISXWLEQFRMUOZLEZCLXZCHWJVMXPIOFTHUYHOSRPCPVHABUXXVZV                                       *\r\n* MFAVNAYGAWCGBHFNXKKUIWNMOJTSZRNPKBUOXLBRTICSSAZUOKZKPAIPSOHDHFHIJNV                                 *\r\n* MQPMJSBAUUTOKZDPRCAKSFVJDXKNATIFEZIXVNBWZIVYUTSHBSQGNLGGVFILHNZBLOJLRFUEBDKKJXOKECMICCSTSBCPEPOMIUM *\r\n* KHQVYMEJBVXYRXGFBRYJWPS                                                                             *\r\n* DEZMOYBPKIAXLQKQXISXEEYHIJLRVDJUPBSTMSVCUHNIWJTKHILOXVLZGSDEM                                       *\r\n* UHZGHKXQDFMPCXQPKZQAKNRUXUPTMUORQJNFIQCIN                                                           *\r\n* FFBHSOIQHENMAGPEJNUEEIQVZTJLHUWINTIMSPCBLVNKDDJGPDGONILWOGIYEWJ                                     *\r\n* HFZGYDMULSSIVGSWKDVDNIUEHLXMHDXOMZCXEDHMRMDUPDBIOMOA                                                *\r\n* FAZL                                                                                                *\r\n* YNFZNHVEWVDVRHVJMAEZOEKPYUOWNGZDLJEUGRZWZLGFETUHERTZVMGTDQBSSYQQWZJICBDUBIACYFKFA                   *\r\n*******************************************************************************************************\r\n&quot;)" methodname="TestWithRandom" classname="Open_Lab_04._14.Tests" runstate="Runnable" seed="1757608318" result="Passed" start-time="2021-12-27 14:18:11Z" end-time="2021-12-27 14:18:11Z" duration="0.022339" asserts="9779" />
            <test-case id="1064" name="TestWithRandom([&quot;WNAIZCLRPQHDAVQIEJLEDNYXNLDVXFWRKHTCVRJGRKNEUEAHHWGVPDOIOCVNYQTJTPSS&quot;, &quot;NMNZFNSZ&quot;, &quot;DILWNAZACHSKNTVVHBREKELHFUKSVKPWJUZMCCCSKSMKZRATRDXMBVJYWERTQGESSWBTTITFYYTRRAH&quot;, &quot;UQBSMDUNKAPYKJBDNUSDPGZIKSOCCRGWXDYAFMFPBOISSVUOXQDXIE&quot;, &quot;NRSIUOSLSUTBGKBXBODBBYGPOXZELOJOSFLJNELAJDPYZUNDWTCIEDWPKCTXOOZELFIBZSJWDDSXIIQUJWIRLAJPIWYLL&quot;, ...],&quot;*******************************************************************************************************\r\n* WNAIZCLRPQHDAVQIEJLEDNYXNLDVXFWRKHTCVRJGRKNEUEAHHWGVPDOIOCVNYQTJTPSS                                *\r\n* NMNZFNSZ                                                                                            *\r\n* DILWNAZACHSKNTVVHBREKELHFUKSVKPWJUZMCCCSKSMKZRATRDXMBVJYWERTQGESSWBTTITFYYTRRAH                     *\r\n* UQBSMDUNKAPYKJBDNUSDPGZIKSOCCRGWXDYAFMFPBOISSVUOXQDXIE                                              *\r\n* NRSIUOSLSUTBGKBXBODBBYGPOXZELOJOSFLJNELAJDPYZUNDWTCIEDWPKCTXOOZELFIBZSJWDDSXIIQUJWIRLAJPIWYLL       *\r\n* LUDKMTLMEEJGFBLZGBLYOSFHTLWSTCTYLPRXUXVXIWSEIFVIEJPWZM                                              *\r\n* TPVRBXTTBLLVPJNEIGOPRZBZOPNNJNWZYQYIYGTZPDRTXJFYQEGQLWITNWCLJFJOOMXZLFGCMOAOIICEJPWFGFOBIFUCDIQJTDE *\r\n* MGNLXEDWWULFTYBTIEIIXVQFKEZEYQUEDRSDCLHBCRF                                                         *\r\n* TPIFGWBPVVNQQHATFZXFZGBCFYRXWGGGQCMUVUYCPEJIEBMVKOWCUZO                                             *\r\n* OGZHEETPPGANUGXLBVQVXTXELWMIJELQOZGPUQXKKUTXBZAEQLB                                                 *\r\n* JSQVIUVIRKFLUJYVZIQKXFKCAADMWISXCMHWJLGAVPSZOICRAEEHVRCDHNVIQJMJSHIICCMOCQOHMKNSXLLRDLCKKDOVQXJMDI  *\r\n* HZUPYSQEFDUQWADLFXUGHFXXYOQYF                                                                       *\r\n* CEDDGSDWNZNGWHQMRVNMEOICABB                                                                         *\r\n* RJBRZYBPNTTKHIKVSAJQHMWVLSCNWBDFRGFDXVHYGAZYCCEVEMJZSLPENGGHVNTLPOTBDHXXTKJGMXSINHJJRDMG            *\r\n* APROACTHNJNJDSXPMGHBISPNXTOEJULBNJDRFISIQZZOFYKPMUFXFEIIZEQGOOYTXLW                                 *\r\n* OFJDNZKJSBHZJYSOPNWIBURBRMUBAGQTCQAGLBKGTZPYWRXPWJDJPOSUOHLBEJIMKOWSYLDNDPOB                        *\r\n* TFAOEFRCHDOXGSDQJBKQCN                                                                              *\r\n* VEQLGPGAZQOUCLMADRKDKIVSSZXUNEKD                                                                    *\r\n* WFJNUKMBDOHRXBEWBGZSKXM                                                                             *\r\n* YSHSLMUFLOFGDMJGXCHTOAUYSYMXLLVZSZPBDU                                                              *\r\n* QTBGJVYSOXTUHQSVYXIZNZXUATGNDXICDMQZMULDTFXARQNJZEREVUCRWGGQ                                        *\r\n* LOROQQVZTIDLFGHBWDJFWNZGDHJKZDGNVOIQGLAASJGVNSPOVPZDXLRXPL                                          *\r\n* JHKZQCQQRXQVLCJMNHETLRVOKDDQKWLBVARSHJQSWCYQ                                                        *\r\n* TOBNYEQLSASMWPMZZFUMO                                                                               *\r\n* L                                                                                                   *\r\n* QEDRLWISEJQPBCLRVQDZZGLUDTXXDEQTDQXUBYZWRZ                                                          *\r\n* MYXXWTDRYWLLJSINRYLOASXMLFRPW                                                                       *\r\n* HIZZZVFWADANSWREOBSLIXGLHTBLLRCNUHPDMKTNHUXINMAAUGQPXLHJBORFUULJ                                    *\r\n* MSKGO                                                                                               *\r\n* DIFDOZYXUTAQEAMQJZGBXSNTNJOHAUPTFONHRHTJDRXMTDGIOWILANULUMQELRWADHLQNEY                             *\r\n*******************************************************************************************************\r\n&quot;)" fullname="Open_Lab_04._14.Tests.TestWithRandom([&quot;WNAIZCLRPQHDAVQIEJLEDNYXNLDVXFWRKHTCVRJGRKNEUEAHHWGVPDOIOCVNYQTJTPSS&quot;, &quot;NMNZFNSZ&quot;, &quot;DILWNAZACHSKNTVVHBREKELHFUKSVKPWJUZMCCCSKSMKZRATRDXMBVJYWERTQGESSWBTTITFYYTRRAH&quot;, &quot;UQBSMDUNKAPYKJBDNUSDPGZIKSOCCRGWXDYAFMFPBOISSVUOXQDXIE&quot;, &quot;NRSIUOSLSUTBGKBXBODBBYGPOXZELOJOSFLJNELAJDPYZUNDWTCIEDWPKCTXOOZELFIBZSJWDDSXIIQUJWIRLAJPIWYLL&quot;, ...],&quot;*******************************************************************************************************\r\n* WNAIZCLRPQHDAVQIEJLEDNYXNLDVXFWRKHTCVRJGRKNEUEAHHWGVPDOIOCVNYQTJTPSS                                *\r\n* NMNZFNSZ                                                                                            *\r\n* DILWNAZACHSKNTVVHBREKELHFUKSVKPWJUZMCCCSKSMKZRATRDXMBVJYWERTQGESSWBTTITFYYTRRAH                     *\r\n* UQBSMDUNKAPYKJBDNUSDPGZIKSOCCRGWXDYAFMFPBOISSVUOXQDXIE                                              *\r\n* NRSIUOSLSUTBGKBXBODBBYGPOXZELOJOSFLJNELAJDPYZUNDWTCIEDWPKCTXOOZELFIBZSJWDDSXIIQUJWIRLAJPIWYLL       *\r\n* LUDKMTLMEEJGFBLZGBLYOSFHTLWSTCTYLPRXUXVXIWSEIFVIEJPWZM                                              *\r\n* TPVRBXTTBLLVPJNEIGOPRZBZOPNNJNWZYQYIYGTZPDRTXJFYQEGQLWITNWCLJFJOOMXZLFGCMOAOIICEJPWFGFOBIFUCDIQJTDE *\r\n* MGNLXEDWWULFTYBTIEIIXVQFKEZEYQUEDRSDCLHBCRF                                                         *\r\n* TPIFGWBPVVNQQHATFZXFZGBCFYRXWGGGQCMUVUYCPEJIEBMVKOWCUZO                                             *\r\n* OGZHEETPPGANUGXLBVQVXTXELWMIJELQOZGPUQXKKUTXBZAEQLB                                                 *\r\n* JSQVIUVIRKFLUJYVZIQKXFKCAADMWISXCMHWJLGAVPSZOICRAEEHVRCDHNVIQJMJSHIICCMOCQOHMKNSXLLRDLCKKDOVQXJMDI  *\r\n* HZUPYSQEFDUQWADLFXUGHFXXYOQYF                                                                       *\r\n* CEDDGSDWNZNGWHQMRVNMEOICABB                                                                         *\r\n* RJBRZYBPNTTKHIKVSAJQHMWVLSCNWBDFRGFDXVHYGAZYCCEVEMJZSLPENGGHVNTLPOTBDHXXTKJGMXSINHJJRDMG            *\r\n* APROACTHNJNJDSXPMGHBISPNXTOEJULBNJDRFISIQZZOFYKPMUFXFEIIZEQGOOYTXLW                                 *\r\n* OFJDNZKJSBHZJYSOPNWIBURBRMUBAGQTCQAGLBKGTZPYWRXPWJDJPOSUOHLBEJIMKOWSYLDNDPOB                        *\r\n* TFAOEFRCHDOXGSDQJBKQCN                                                                              *\r\n* VEQLGPGAZQOUCLMADRKDKIVSSZXUNEKD                                                                    *\r\n* WFJNUKMBDOHRXBEWBGZSKXM                                                                             *\r\n* YSHSLMUFLOFGDMJGXCHTOAUYSYMXLLVZSZPBDU                                                              *\r\n* QTBGJVYSOXTUHQSVYXIZNZXUATGNDXICDMQZMULDTFXARQNJZEREVUCRWGGQ                                        *\r\n* LOROQQVZTIDLFGHBWDJFWNZGDHJKZDGNVOIQGLAASJGVNSPOVPZDXLRXPL                                          *\r\n* JHKZQCQQRXQVLCJMNHETLRVOKDDQKWLBVARSHJQSWCYQ                                                        *\r\n* TOBNYEQLSASMWPMZZFUMO                                                                               *\r\n* L                                                                                                   *\r\n* QEDRLWISEJQPBCLRVQDZZGLUDTXXDEQTDQXUBYZWRZ                                                          *\r\n* MYXXWTDRYWLLJSINRYLOASXMLFRPW                                                                       *\r\n* HIZZZVFWADANSWREOBSLIXGLHTBLLRCNUHPDMKTNHUXINMAAUGQPXLHJBORFUULJ                                    *\r\n* MSKGO                                                                                               *\r\n* DIFDOZYXUTAQEAMQJZGBXSNTNJOHAUPTFONHRHTJDRXMTDGIOWILANULUMQELRWADHLQNEY                             *\r\n*******************************************************************************************************\r\n&quot;)" methodname="TestWithRandom" classname="Open_Lab_04._14.Tests" runstate="Runnable" seed="1218968400" result="Passed" start-time="2021-12-27 14:18:11Z" end-time="2021-12-27 14:18:11Z" duration="0.007275" asserts="3331" />
            <test-case id="1065" name="TestWithRandom([&quot;WXGUBAJCGSELETSTBNFRPYM&quot;, &quot;XIMSQUKXGFDPNQSMHCEYROYNSWMRTLQXLLXTNQLLIGEZPCGKUTJMTNDJJYZUISEVOFECTZYQQTQKJZYQQB&quot;, &quot;ZBEEXIOJPQRCPCJKJXERUVTVAWSZJAJDHVEUKBHUFPIZYQBIAOOSMJCEHIDAPOZPHNVTXOAHQJMFMTWKUKYVLQRYT&quot;, &quot;MBYGEQQSRKVHKLNHCCWXSOLTFFPEEQVXAYCZJJFWPTBLONZNHDOPBWHYPFAZALOBPYHMJOYSWAHYMZESFCXACGVEQDJEJFWDEAW&quot;, &quot;FNDSFVSAOIMQAHUXOOYICDVGFUJREETLCNMRZEUGNVPIRTDBLYPQCOOCSWNLMBWKO&quot;, ...],&quot;*******************************************************************************************************\r\n* WXGUBAJCGSELETSTBNFRPYM                                                                             *\r\n* XIMSQUKXGFDPNQSMHCEYROYNSWMRTLQXLLXTNQLLIGEZPCGKUTJMTNDJJYZUISEVOFECTZYQQTQKJZYQQB                  *\r\n* ZBEEXIOJPQRCPCJKJXERUVTVAWSZJAJDHVEUKBHUFPIZYQBIAOOSMJCEHIDAPOZPHNVTXOAHQJMFMTWKUKYVLQRYT           *\r\n* MBYGEQQSRKVHKLNHCCWXSOLTFFPEEQVXAYCZJJFWPTBLONZNHDOPBWHYPFAZALOBPYHMJOYSWAHYMZESFCXACGVEQDJEJFWDEAW *\r\n* FNDSFVSAOIMQAHUXOOYICDVGFUJREETLCNMRZEUGNVPIRTDBLYPQCOOCSWNLMBWKO                                   *\r\n* NNVC                                                                                                *\r\n* JTRVHNMPMQHGFPCIOZJZCRITLYFTQFPGIAFXLSHPFHAUFVQULSYOLCVSKXJIHSZGABXEKFXWRUUUQNOQHKIYHBVFFMMN        *\r\n* YHMIUTEXMKGUCWQIACWITAWKBZZFRZXSKN                                                                  *\r\n* NIMVTKSVACDEFEXFJPEPYKBHUUYGMMNJPDDZOGDYAEWIXUUBTUODFXUCGEAZLMINPUPBBYQCM                           *\r\n*******************************************************************************************************\r\n&quot;)" fullname="Open_Lab_04._14.Tests.TestWithRandom([&quot;WXGUBAJCGSELETSTBNFRPYM&quot;, &quot;XIMSQUKXGFDPNQSMHCEYROYNSWMRTLQXLLXTNQLLIGEZPCGKUTJMTNDJJYZUISEVOFECTZYQQTQKJZYQQB&quot;, &quot;ZBEEXIOJPQRCPCJKJXERUVTVAWSZJAJDHVEUKBHUFPIZYQBIAOOSMJCEHIDAPOZPHNVTXOAHQJMFMTWKUKYVLQRYT&quot;, &quot;MBYGEQQSRKVHKLNHCCWXSOLTFFPEEQVXAYCZJJFWPTBLONZNHDOPBWHYPFAZALOBPYHMJOYSWAHYMZESFCXACGVEQDJEJFWDEAW&quot;, &quot;FNDSFVSAOIMQAHUXOOYICDVGFUJREETLCNMRZEUGNVPIRTDBLYPQCOOCSWNLMBWKO&quot;, ...],&quot;*******************************************************************************************************\r\n* WXGUBAJCGSELETSTBNFRPYM                                                                             *\r\n* XIMSQUKXGFDPNQSMHCEYROYNSWMRTLQXLLXTNQLLIGEZPCGKUTJMTNDJJYZUISEVOFECTZYQQTQKJZYQQB                  *\r\n* ZBEEXIOJPQRCPCJKJXERUVTVAWSZJAJDHVEUKBHUFPIZYQBIAOOSMJCEHIDAPOZPHNVTXOAHQJMFMTWKUKYVLQRYT           *\r\n* MBYGEQQSRKVHKLNHCCWXSOLTFFPEEQVXAYCZJJFWPTBLONZNHDOPBWHYPFAZALOBPYHMJOYSWAHYMZESFCXACGVEQDJEJFWDEAW *\r\n* FNDSFVSAOIMQAHUXOOYICDVGFUJREETLCNMRZEUGNVPIRTDBLYPQCOOCSWNLMBWKO                                   *\r\n* NNVC                                                                                                *\r\n* JTRVHNMPMQHGFPCIOZJZCRITLYFTQFPGIAFXLSHPFHAUFVQULSYOLCVSKXJIHSZGABXEKFXWRUUUQNOQHKIYHBVFFMMN        *\r\n* YHMIUTEXMKGUCWQIACWITAWKBZZFRZXSKN                                                                  *\r\n* NIMVTKSVACDEFEXFJPEPYKBHUUYGMMNJPDDZOGDYAEWIXUUBTUODFXUCGEAZLMINPUPBBYQCM                           *\r\n*******************************************************************************************************\r\n&quot;)" methodname="TestWithRandom" classname="Open_Lab_04._14.Tests" runstate="Runnable" seed="182114192" result="Passed" start-time="2021-12-27 14:18:11Z" end-time="2021-12-27 14:18:11Z" duration="0.003228" asserts="1147" />
            <test-case id="1066" name="TestWithRandom([&quot;TOTKZAXMSYJDRIASJFDNNVITDFSAVDLQAIAONUBYOAPPFQXSAFHWISBYFZ&quot;, &quot;UIXQPNTDIIMFOEFYNFTONHZZQVOI&quot;, &quot;HCJONGQRJZCLMPKOASSDUNSMLTMIX&quot;, &quot;UYLW&quot;, &quot;FDQBY&quot;, ...],&quot;**************************************************************************************************\r\n* TOTKZAXMSYJDRIASJFDNNVITDFSAVDLQAIAONUBYOAPPFQXSAFHWISBYFZ                                     *\r\n* UIXQPNTDIIMFOEFYNFTONHZZQVOI                                                                   *\r\n* HCJONGQRJZCLMPKOASSDUNSMLTMIX                                                                  *\r\n* UYLW                                                                                           *\r\n* FDQBY                                                                                          *\r\n* HEFRCASPLPCWENTKWDTUITIFDAPNELJRTOMJMVISTTMKRCGJHVGNHDGNV                                      *\r\n* NB                                                                                             *\r\n* EKZGLCQAKXBUAAOHXNBUGGJEVJQIZNMHHHOJMEGZQJWX                                                   *\r\n* THCRFYMMGFYAVLBMHAW                                                                            *\r\n* TNSMFVTGBEXJMZBCNQTPZVACQIRSFNIIALLGOQLKEFLCHO                                                 *\r\n* VJYYRHGMYMQWWDABNWPJAOVOXEILTJXUCUWIGOQATZMTXUOGDEYGSEN                                        *\r\n* OKBMYVSPOVTCHRUYFOQBCBQC                                                                       *\r\n* CHPLRBXHQUWNECXHXFBAMZLKZAENMDNTYWWOCDWTWVRXXLBMTTFWOCDCVFLRX                                  *\r\n* UMHDOHFJETIHERHOMOZRTSYQEWTTSXSFWLAEQTWTG                                                      *\r\n* PMOHXLVHSXRGQCOQZSOMQGBCLSRCXSSGKJCMCXYI                                                       *\r\n* KFUOQVYQZUEFUTJKLVFTSJZFLVGZCNBTFNGBGOVXTMXXNBQQTBRBTOFBFPCUOZOMSLZGNHEWZHAFLCRJEQFAWZZRHFWQLA *\r\n* UYLECCJDLXUCMNAPDYTQYTNQSLIYHLNLYYG                                                            *\r\n* AXOHUMTDBXNDHPSSSKKAKUMRTLVZJJ                                                                 *\r\n* NHSOGJLVLZJOVXE                                                                                *\r\n* RSVSONGXFLXNJRUUSTAWPAMIHPZAAGQTPUDGNQPZAVJULXMUFPWBXIBQGNLYOFWZU                              *\r\n* YPNNHCEAVTRRWJDFU                                                                              *\r\n* JPWGSMAAEQLVZKAHZWGSIUXXNHZOQCVJKLPFHSWAMGXN                                                   *\r\n* AUHRPKGYCCPRZSLNMJCUCKOUVZGAGGBWJINNSWARPKIIANIZLNZXVSLP                                       *\r\n**************************************************************************************************\r\n&quot;)" fullname="Open_Lab_04._14.Tests.TestWithRandom([&quot;TOTKZAXMSYJDRIASJFDNNVITDFSAVDLQAIAONUBYOAPPFQXSAFHWISBYFZ&quot;, &quot;UIXQPNTDIIMFOEFYNFTONHZZQVOI&quot;, &quot;HCJONGQRJZCLMPKOASSDUNSMLTMIX&quot;, &quot;UYLW&quot;, &quot;FDQBY&quot;, ...],&quot;**************************************************************************************************\r\n* TOTKZAXMSYJDRIASJFDNNVITDFSAVDLQAIAONUBYOAPPFQXSAFHWISBYFZ                                     *\r\n* UIXQPNTDIIMFOEFYNFTONHZZQVOI                                                                   *\r\n* HCJONGQRJZCLMPKOASSDUNSMLTMIX                                                                  *\r\n* UYLW                                                                                           *\r\n* FDQBY                                                                                          *\r\n* HEFRCASPLPCWENTKWDTUITIFDAPNELJRTOMJMVISTTMKRCGJHVGNHDGNV                                      *\r\n* NB                                                                                             *\r\n* EKZGLCQAKXBUAAOHXNBUGGJEVJQIZNMHHHOJMEGZQJWX                                                   *\r\n* THCRFYMMGFYAVLBMHAW                                                                            *\r\n* TNSMFVTGBEXJMZBCNQTPZVACQIRSFNIIALLGOQLKEFLCHO                                                 *\r\n* VJYYRHGMYMQWWDABNWPJAOVOXEILTJXUCUWIGOQATZMTXUOGDEYGSEN                                        *\r\n* OKBMYVSPOVTCHRUYFOQBCBQC                                                                       *\r\n* CHPLRBXHQUWNECXHXFBAMZLKZAENMDNTYWWOCDWTWVRXXLBMTTFWOCDCVFLRX                                  *\r\n* UMHDOHFJETIHERHOMOZRTSYQEWTTSXSFWLAEQTWTG                                                      *\r\n* PMOHXLVHSXRGQCOQZSOMQGBCLSRCXSSGKJCMCXYI                                                       *\r\n* KFUOQVYQZUEFUTJKLVFTSJZFLVGZCNBTFNGBGOVXTMXXNBQQTBRBTOFBFPCUOZOMSLZGNHEWZHAFLCRJEQFAWZZRHFWQLA *\r\n* UYLECCJDLXUCMNAPDYTQYTNQSLIYHLNLYYG                                                            *\r\n* AXOHUMTDBXNDHPSSSKKAKUMRTLVZJJ                                                                 *\r\n* NHSOGJLVLZJOVXE                                                                                *\r\n* RSVSONGXFLXNJRUUSTAWPAMIHPZAAGQTPUDGNQPZAVJULXMUFPWBXIBQGNLYOFWZU                              *\r\n* YPNNHCEAVTRRWJDFU                                                                              *\r\n* JPWGSMAAEQLVZKAHZWGSIUXXNHZOQCVJKLPFHSWAMGXN                                                   *\r\n* AUHRPKGYCCPRZSLNMJCUCKOUVZGAGGBWJINNSWARPKIIANIZLNZXVSLP                                       *\r\n**************************************************************************************************\r\n&quot;)" methodname="TestWithRandom" classname="Open_Lab_04._14.Tests" runstate="Runnable" seed="2112802805" result="Passed" start-time="2021-12-27 14:18:11Z" end-time="2021-12-27 14:18:11Z" duration="0.010292" asserts="2478" />
            <test-case id="1067" name="TestWithRandom([&quot;VQDFSWBSIQFYUPJKERCGUIQHPSGEBRWXGGBKOKSLGIFSTNSJ&quot;, &quot;KNUNASMZVPZQXQQTHROOYWUYQZLDYOCAWQRDCKFNOLSUTVISOYLVDVP&quot;, &quot;TVWBGJAHNYTHYNRXLAZNDZEUQTPACHXBADJGNEHFKKHVBBTAGOJCVCK&quot;, &quot;QBKMTZFFBSHVDKJHTUCSRJTPAOUNXUFXSPQLUVLKFBUJUXWWFCJAARCHIVLEFRHGMJCNUXMXJRNPP&quot;, &quot;UCSYIVKEXBNJDYJGFNUNWLVJBHPLRIEMRYAIMHJ&quot;, ...],&quot;***********************************************************************************************\r\n* VQDFSWBSIQFYUPJKERCGUIQHPSGEBRWXGGBKOKSLGIFSTNSJ                                            *\r\n* KNUNASMZVPZQXQQTHROOYWUYQZLDYOCAWQRDCKFNOLSUTVISOYLVDVP                                     *\r\n* TVWBGJAHNYTHYNRXLAZNDZEUQTPACHXBADJGNEHFKKHVBBTAGOJCVCK                                     *\r\n* QBKMTZFFBSHVDKJHTUCSRJTPAOUNXUFXSPQLUVLKFBUJUXWWFCJAARCHIVLEFRHGMJCNUXMXJRNPP               *\r\n* UCSYIVKEXBNJDYJGFNUNWLVJBHPLRIEMRYAIMHJ                                                     *\r\n* WILBZKUOOCMZVBNJHJWAGZNOWBREXAUXEHROZTJRNBXPWFQQ                                            *\r\n* RBDLJFWUWFYTPQNIPUNKZJOZFMFCYSQLBTFZQLUCUT                                                  *\r\n* OLXXKJGHKCFKI                                                                               *\r\n* DGWAUWEONSWKORDZLPGGZOHPUSRLGIVIXMMFYBZWYAXFBAUPD                                           *\r\n* QPECMOYHFCFSHEWNNBEYBKQJHZQCNUYCHVRGEUAXGRV                                                 *\r\n* RFSTIOMTKFJGZUVNXWTLEDLMMQISBHSKOSRBGXTZHESCLLGJYNAJXKTOUGGSFTRDMZRGDUGADTDZLIABJZUOHJMDZDG *\r\n* RAUO                                                                                        *\r\n* PQMTZGEHZFEHUDMFFIFZDWDMOHZOFICYPMWSOHJSPHHDIVEZUV                                          *\r\n* SPOJSMZFSGQBRDFSHHTQXYMKWOAESCZUJWKJADDFPCRMZF                                              *\r\n* ZCDWSAFOTCEMEMUMPHWSUTVREEOBVHAKRYABPFHTDIQHWQZTUPBFDMVGHLSOME                              *\r\n* MBTVFLTXJZCOLCOUOFUGGFVHECTUDNTHZQEFDVTIBRRFAYKETREIRXLGGLQCRZUWGVOUYIQ                     *\r\n* LMFPNPHGSPALJKPCEXZSERQCWVZFJQGKALXFSWTQEKKCYIMVFMPAJYOUVCSRQBXCIQLYNJJIE                   *\r\n* NTHNEOJDAWAFBBWDKPEBZDNHTIXNIVDHW                                                           *\r\n* LVMHY                                                                                       *\r\n* HNBABDOJCKZTECI                                                                             *\r\n* GZUWRWUESSIAQBQCRATMBMGQTNLYWJDUSAONNCMLT                                                   *\r\n* HIUOTBTXCDIWITTECDLVIJPOHPMDPPOITEFXVETKFZHZMWSVTIZIAXPYTGHEOPHNPACENWJYKAQIBPCKXQKGPFHVP   *\r\n* DPXPVPRUKMTNIXZBYZGGWDEWHYF                                                                 *\r\n* XKSHP                                                                                       *\r\n* STAUFBRHFQQJIMGOGHOJJALAIWJQ                                                                *\r\n* ATMYAEFAETFOPYOFXPTUIDKSFXSIZMIRAJEWELHHBOCOJUTBXVKHQVOWJUSDMXARLNOGTRBMILTUBWILDQLEBBBFVH  *\r\n***********************************************************************************************\r\n&quot;)" fullname="Open_Lab_04._14.Tests.TestWithRandom([&quot;VQDFSWBSIQFYUPJKERCGUIQHPSGEBRWXGGBKOKSLGIFSTNSJ&quot;, &quot;KNUNASMZVPZQXQQTHROOYWUYQZLDYOCAWQRDCKFNOLSUTVISOYLVDVP&quot;, &quot;TVWBGJAHNYTHYNRXLAZNDZEUQTPACHXBADJGNEHFKKHVBBTAGOJCVCK&quot;, &quot;QBKMTZFFBSHVDKJHTUCSRJTPAOUNXUFXSPQLUVLKFBUJUXWWFCJAARCHIVLEFRHGMJCNUXMXJRNPP&quot;, &quot;UCSYIVKEXBNJDYJGFNUNWLVJBHPLRIEMRYAIMHJ&quot;, ...],&quot;***********************************************************************************************\r\n* VQDFSWBSIQFYUPJKERCGUIQHPSGEBRWXGGBKOKSLGIFSTNSJ                                            *\r\n* KNUNASMZVPZQXQQTHROOYWUYQZLDYOCAWQRDCKFNOLSUTVISOYLVDVP                                     *\r\n* TVWBGJAHNYTHYNRXLAZNDZEUQTPACHXBADJGNEHFKKHVBBTAGOJCVCK                                     *\r\n* QBKMTZFFBSHVDKJHTUCSRJTPAOUNXUFXSPQLUVLKFBUJUXWWFCJAARCHIVLEFRHGMJCNUXMXJRNPP               *\r\n* UCSYIVKEXBNJDYJGFNUNWLVJBHPLRIEMRYAIMHJ                                                     *\r\n* WILBZKUOOCMZVBNJHJWAGZNOWBREXAUXEHROZTJRNBXPWFQQ                                            *\r\n* RBDLJFWUWFYTPQNIPUNKZJOZFMFCYSQLBTFZQLUCUT                                                  *\r\n* OLXXKJGHKCFKI                                                                               *\r\n* DGWAUWEONSWKORDZLPGGZOHPUSRLGIVIXMMFYBZWYAXFBAUPD                                           *\r\n* QPECMOYHFCFSHEWNNBEYBKQJHZQCNUYCHVRGEUAXGRV                                                 *\r\n* RFSTIOMTKFJGZUVNXWTLEDLMMQISBHSKOSRBGXTZHESCLLGJYNAJXKTOUGGSFTRDMZRGDUGADTDZLIABJZUOHJMDZDG *\r\n* RAUO                                                                                        *\r\n* PQMTZGEHZFEHUDMFFIFZDWDMOHZOFICYPMWSOHJSPHHDIVEZUV                                          *\r\n* SPOJSMZFSGQBRDFSHHTQXYMKWOAESCZUJWKJADDFPCRMZF                                              *\r\n* ZCDWSAFOTCEMEMUMPHWSUTVREEOBVHAKRYABPFHTDIQHWQZTUPBFDMVGHLSOME                              *\r\n* MBTVFLTXJZCOLCOUOFUGGFVHECTUDNTHZQEFDVTIBRRFAYKETREIRXLGGLQCRZUWGVOUYIQ                     *\r\n* LMFPNPHGSPALJKPCEXZSERQCWVZFJQGKALXFSWTQEKKCYIMVFMPAJYOUVCSRQBXCIQLYNJJIE                   *\r\n* NTHNEOJDAWAFBBWDKPEBZDNHTIXNIVDHW                                                           *\r\n* LVMHY                                                                                       *\r\n* HNBABDOJCKZTECI                                                                             *\r\n* GZUWRWUESSIAQBQCRATMBMGQTNLYWJDUSAONNCMLT                                                   *\r\n* HIUOTBTXCDIWITTECDLVIJPOHPMDPPOITEFXVETKFZHZMWSVTIZIAXPYTGHEOPHNPACENWJYKAQIBPCKXQKGPFHVP   *\r\n* DPXPVPRUKMTNIXZBYZGGWDEWHYF                                                                 *\r\n* XKSHP                                                                                       *\r\n* STAUFBRHFQQJIMGOGHOJJALAIWJQ                                                                *\r\n* ATMYAEFAETFOPYOFXPTUIDKSFXSIZMIRAJEWELHHBOCOJUTBXVKHQVOWJUSDMXARLNOGTRBMILTUBWILDQLEBBBFVH  *\r\n***********************************************************************************************\r\n&quot;)" methodname="TestWithRandom" classname="Open_Lab_04._14.Tests" runstate="Runnable" seed="1537618931" result="Passed" start-time="2021-12-27 14:18:11Z" end-time="2021-12-27 14:18:11Z" duration="0.014364" asserts="2691" />
            <test-case id="1068" name="TestWithRandom([&quot;SDVDNKCVGNIFUYYFCUVMLGAWLWQJMIKLEQTEPPGQ&quot;, &quot;NFPIGJCDVCAMZZLDZSRUTJXDWADETPNOFTYAKOEMNGRGJZERIBQWOVAEIMMGGYJFOMHGAKSKNFHM&quot;, &quot;QTWVMWSZQZJSTSYBYFPWLRXSYQXJFIIONMSTPKUBRGYNXNGSTIPZRQGYVDWVZITHQUFHZF&quot;, &quot;NLOFETJUKJEPWTJXXFTXLOYBINQWDIZSOWBNDKCFLJMLVTWN&quot;, &quot;WICGHAZNMXRCNQCKLAASVTMDOLCBNG&quot;, ...],&quot;********************************************************************************************************\r\n* SDVDNKCVGNIFUYYFCUVMLGAWLWQJMIKLEQTEPPGQ                                                             *\r\n* NFPIGJCDVCAMZZLDZSRUTJXDWADETPNOFTYAKOEMNGRGJZERIBQWOVAEIMMGGYJFOMHGAKSKNFHM                         *\r\n* QTWVMWSZQZJSTSYBYFPWLRXSYQXJFIIONMSTPKUBRGYNXNGSTIPZRQGYVDWVZITHQUFHZF                               *\r\n* NLOFETJUKJEPWTJXXFTXLOYBINQWDIZSOWBNDKCFLJMLVTWN                                                     *\r\n* WICGHAZNMXRCNQCKLAASVTMDOLCBNG                                                                       *\r\n* QCOGZWMHWCARNKCYSJAJSWVMDVZRWXXAFIBZYJDOZTDQVCYSMNKSMXWTH                                            *\r\n* DDXUKYEAL                                                                                            *\r\n* JCZIGMJYSFRAXGFJNFNIM                                                                                *\r\n* SWGZQEIFLURTJJNBMZNXBBKDGRPB                                                                         *\r\n* ZMDTCJCCHWEPMTWJDWVVMSOUPFQMCSZPHVMIOAHAK                                                            *\r\n* FDJHOIOUDUUGYGXIDWSQZOWPIRHNUCPUKNNKLHRIXIPEVAXFLFWKHUZQGTYWAAZAFZVKSNXWFJSQYSUIUBCPGENQNWDRJUIWJ    *\r\n* ZWEMNXIAFYBJROZPCZYKUBLFXVJFMKBVHJTYDIOEGFYOOEFPSTSIYYUYKY                                           *\r\n* ROCNUWFBHVAMTLTDOCWQTQTMTSSXIPVNEUWQERESJCXURHYXFVGVNIVBU                                            *\r\n* UCEITSZMHZODYWYEHQTZVLTUSMIZAWYVVPXCNBJEUFZZJBWJXIAFHVUJIJQG                                         *\r\n* AMKATHJZWQGGOEQLTLQQZBSVTNAUOTELDUUSOZ                                                               *\r\n* TMKBRUYSQEXOXZPKYTPHFHPLCMUDUKXWUVWDOAABUUJQQFHLNKWYZRKLXZZFZV                                       *\r\n* GHATBCMVXTOMKYYUWFJQJOYWDLLFPBUBZWCJPLFIBOYFLFAMZECAQEPSIEQQRGFWYMMOVPELZAOUQSLXKYGLZUKUHKALVOQU     *\r\n* BGYSMRJZQAQPUCQSSGTZUXECRGLOTPLJUMO                                                                  *\r\n* MFYHWLITUENIKSCIXUOEBWAFFUGBOGVINDGNIMDJOKHNTDEA                                                     *\r\n* DMZXKKQESBBEHENJEUGMPAKREPQONLCQGOLUVKDTPIPLBEHGTDO                                                  *\r\n* YNXDCITUTBQHZLYSTTNUQMWGKYQZHKUJWT                                                                   *\r\n* SQHRNQJANSHMPFOMAQURMQRSDRTNIHGKFUGCLBZEHMIOCMAUSYUTCBFBZOOVXVRGLWGV                                 *\r\n* MAYQPKAHCPQRZUKNNIDOEDWNDGLUCDGGFUGXVCMRETWZYEYBHTXOCGUJDLNJYGFZJKMEOMRKWMJLHXOYIKMJFRDYAXTKPDSYOW   *\r\n* NSTNUCNSQWJBFWOAOTWURHNDQTGVSTLWKIAGOXRGSZNCRVNOBCEFSCXGEPWB                                         *\r\n* SZWLMRXVHLRCPCSTLMVFSTQPFEILTBZAQLAAQQFEQSTRNDDAFNTDAWDYJHFHIMCGMQMEBSDUHRPAAYBCBIGG                 *\r\n* VAUHBQJLXWEPNEXQZYMJYVJGDYKFCGZG                                                                     *\r\n* YQPSWZBUJKUKKNUDMCKTWJZQNEDGDIQWYUOOHYCYLPOLOWSKQCQEOMYOQYFSVVQATYMQYGWNZLHHVOCQLSQ                  *\r\n* SMHLV                                                                                                *\r\n* XJ                                                                                                   *\r\n* KCQYNSQJCMKFDEDFRTCWOGCFPIGQBUYINTPJRIHVMHIGGVPHEGEGUMFEZLJFLZIIOBSKPUNILHKHX                        *\r\n* ZUTYLVPROANLJGZCJMYASECESKSVVNCYGDLOLNNMSXMSWEKGJJXXIXEUSOGBCTWAXPEFUKQWYLHURJINZLMLQFQ              *\r\n* YRWWHMKZBMUHZEMYTBYWQJCIFSBRHKKSY                                                                    *\r\n* GDNTPMBITFPBOVZNSPGTSPPOQOKSRQBBIDXIKZLMUIQXTEEGRTSVMFEROZCABIQCDNTKXQDSDUZJYSUMKEBYXG               *\r\n* DZGULWKKLRNTGLTJAQASRFUSWEQQXHRFXXPLQVSVSJNRLYOBRVAIXOXXFNYGG                                        *\r\n* NEZHWIVHSFYEZHRCGXPOYBGJIJZSGCXLOXWJSDCGFJCVJSOPFCGBQRWLXQZMJCBPIMPCLHKDUJIPZLZPU                    *\r\n* MDWVVXBLMBEPWDIMNXCMEYSDGGIGLLQJRZQXTM                                                               *\r\n* SAAVIYENFHMXCNIFOLSPPOUZALUYXMKSBHJLDCKEBTDZYNNWJTCMBXBEGBUWEGPT                                     *\r\n* UWVDXBLBNNWLUANXYODKYRDFEFCINAUDJDEQSSLSQLNJFTLBHYGSLIYDSPZSYDNNTSBRVWEFDLUMDUAKTBAOTCSA             *\r\n* BYDSTTMXAQMSTFLTAP                                                                                   *\r\n* OL                                                                                                   *\r\n* YOOYXCYTQAANTYBMJRHPCENSZVPVSNRMSBZOEUWKZGZMRGLMSNFJHWXTAVZBMDBDIOURYMIOVWPVFBASJCCEHIEVEFOIVUXVFVDD *\r\n* UOFFQNKGBOZVGRKAWVAKYNSYZTAZUQJYXGPOXZRUTODRPNODN                                                    *\r\n* JADTNHWHGWNLMLFAXACVDXEFQJJBILFXLYGIVESISPSUGHCSLOQNARRMVXCEXUZURQZNEXFTITDOEKZJHR                   *\r\n* UVRWUHTMXBNLXQXCQHONOIWFHNDILYTWGEEZZUFGKKHSUIGXGHIBSDBLYMPGDL                                       *\r\n* ZHQE                                                                                                 *\r\n* LYCVCHDEAEKYHFBEPSDCCTANFYDYJIKDDNMHENYLAXKUCQZXKWKPMCQSYPQDEEUSUGVUTTACTS                           *\r\n* FIFKOZFONXU                                                                                          *\r\n* BXTJOWUGVDSAVVEEQWIVUZKKSEBEZPHUZPTXZKLFYMGCPFOTUBYRPYWCMJRKUQHGVY                                   *\r\n* GBHEFK                                                                                               *\r\n* XISIUMPIJXQ                                                                                          *\r\n********************************************************************************************************\r\n&quot;)" fullname="Open_Lab_04._14.Tests.TestWithRandom([&quot;SDVDNKCVGNIFUYYFCUVMLGAWLWQJMIKLEQTEPPGQ&quot;, &quot;NFPIGJCDVCAMZZLDZSRUTJXDWADETPNOFTYAKOEMNGRGJZERIBQWOVAEIMMGGYJFOMHGAKSKNFHM&quot;, &quot;QTWVMWSZQZJSTSYBYFPWLRXSYQXJFIIONMSTPKUBRGYNXNGSTIPZRQGYVDWVZITHQUFHZF&quot;, &quot;NLOFETJUKJEPWTJXXFTXLOYBINQWDIZSOWBNDKCFLJMLVTWN&quot;, &quot;WICGHAZNMXRCNQCKLAASVTMDOLCBNG&quot;, ...],&quot;********************************************************************************************************\r\n* SDVDNKCVGNIFUYYFCUVMLGAWLWQJMIKLEQTEPPGQ                                                             *\r\n* NFPIGJCDVCAMZZLDZSRUTJXDWADETPNOFTYAKOEMNGRGJZERIBQWOVAEIMMGGYJFOMHGAKSKNFHM                         *\r\n* QTWVMWSZQZJSTSYBYFPWLRXSYQXJFIIONMSTPKUBRGYNXNGSTIPZRQGYVDWVZITHQUFHZF                               *\r\n* NLOFETJUKJEPWTJXXFTXLOYBINQWDIZSOWBNDKCFLJMLVTWN                                                     *\r\n* WICGHAZNMXRCNQCKLAASVTMDOLCBNG                                                                       *\r\n* QCOGZWMHWCARNKCYSJAJSWVMDVZRWXXAFIBZYJDOZTDQVCYSMNKSMXWTH                                            *\r\n* DDXUKYEAL                                                                                            *\r\n* JCZIGMJYSFRAXGFJNFNIM                                                                                *\r\n* SWGZQEIFLURTJJNBMZNXBBKDGRPB                                                                         *\r\n* ZMDTCJCCHWEPMTWJDWVVMSOUPFQMCSZPHVMIOAHAK                                                            *\r\n* FDJHOIOUDUUGYGXIDWSQZOWPIRHNUCPUKNNKLHRIXIPEVAXFLFWKHUZQGTYWAAZAFZVKSNXWFJSQYSUIUBCPGENQNWDRJUIWJ    *\r\n* ZWEMNXIAFYBJROZPCZYKUBLFXVJFMKBVHJTYDIOEGFYOOEFPSTSIYYUYKY                                           *\r\n* ROCNUWFBHVAMTLTDOCWQTQTMTSSXIPVNEUWQERESJCXURHYXFVGVNIVBU                                            *\r\n* UCEITSZMHZODYWYEHQTZVLTUSMIZAWYVVPXCNBJEUFZZJBWJXIAFHVUJIJQG                                         *\r\n* AMKATHJZWQGGOEQLTLQQZBSVTNAUOTELDUUSOZ                                                               *\r\n* TMKBRUYSQEXOXZPKYTPHFHPLCMUDUKXWUVWDOAABUUJQQFHLNKWYZRKLXZZFZV                                       *\r\n* GHATBCMVXTOMKYYUWFJQJOYWDLLFPBUBZWCJPLFIBOYFLFAMZECAQEPSIEQQRGFWYMMOVPELZAOUQSLXKYGLZUKUHKALVOQU     *\r\n* BGYSMRJZQAQPUCQSSGTZUXECRGLOTPLJUMO                                                                  *\r\n* MFYHWLITUENIKSCIXUOEBWAFFUGBOGVINDGNIMDJOKHNTDEA                                                     *\r\n* DMZXKKQESBBEHENJEUGMPAKREPQONLCQGOLUVKDTPIPLBEHGTDO                                                  *\r\n* YNXDCITUTBQHZLYSTTNUQMWGKYQZHKUJWT                                                                   *\r\n* SQHRNQJANSHMPFOMAQURMQRSDRTNIHGKFUGCLBZEHMIOCMAUSYUTCBFBZOOVXVRGLWGV                                 *\r\n* MAYQPKAHCPQRZUKNNIDOEDWNDGLUCDGGFUGXVCMRETWZYEYBHTXOCGUJDLNJYGFZJKMEOMRKWMJLHXOYIKMJFRDYAXTKPDSYOW   *\r\n* NSTNUCNSQWJBFWOAOTWURHNDQTGVSTLWKIAGOXRGSZNCRVNOBCEFSCXGEPWB                                         *\r\n* SZWLMRXVHLRCPCSTLMVFSTQPFEILTBZAQLAAQQFEQSTRNDDAFNTDAWDYJHFHIMCGMQMEBSDUHRPAAYBCBIGG                 *\r\n* VAUHBQJLXWEPNEXQZYMJYVJGDYKFCGZG                                                                     *\r\n* YQPSWZBUJKUKKNUDMCKTWJZQNEDGDIQWYUOOHYCYLPOLOWSKQCQEOMYOQYFSVVQATYMQYGWNZLHHVOCQLSQ                  *\r\n* SMHLV                                                                                                *\r\n* XJ                                                                                                   *\r\n* KCQYNSQJCMKFDEDFRTCWOGCFPIGQBUYINTPJRIHVMHIGGVPHEGEGUMFEZLJFLZIIOBSKPUNILHKHX                        *\r\n* ZUTYLVPROANLJGZCJMYASECESKSVVNCYGDLOLNNMSXMSWEKGJJXXIXEUSOGBCTWAXPEFUKQWYLHURJINZLMLQFQ              *\r\n* YRWWHMKZBMUHZEMYTBYWQJCIFSBRHKKSY                                                                    *\r\n* GDNTPMBITFPBOVZNSPGTSPPOQOKSRQBBIDXIKZLMUIQXTEEGRTSVMFEROZCABIQCDNTKXQDSDUZJYSUMKEBYXG               *\r\n* DZGULWKKLRNTGLTJAQASRFUSWEQQXHRFXXPLQVSVSJNRLYOBRVAIXOXXFNYGG                                        *\r\n* NEZHWIVHSFYEZHRCGXPOYBGJIJZSGCXLOXWJSDCGFJCVJSOPFCGBQRWLXQZMJCBPIMPCLHKDUJIPZLZPU                    *\r\n* MDWVVXBLMBEPWDIMNXCMEYSDGGIGLLQJRZQXTM                                                               *\r\n* SAAVIYENFHMXCNIFOLSPPOUZALUYXMKSBHJLDCKEBTDZYNNWJTCMBXBEGBUWEGPT                                     *\r\n* UWVDXBLBNNWLUANXYODKYRDFEFCINAUDJDEQSSLSQLNJFTLBHYGSLIYDSPZSYDNNTSBRVWEFDLUMDUAKTBAOTCSA             *\r\n* BYDSTTMXAQMSTFLTAP                                                                                   *\r\n* OL                                                                                                   *\r\n* YOOYXCYTQAANTYBMJRHPCENSZVPVSNRMSBZOEUWKZGZMRGLMSNFJHWXTAVZBMDBDIOURYMIOVWPVFBASJCCEHIEVEFOIVUXVFVDD *\r\n* UOFFQNKGBOZVGRKAWVAKYNSYZTAZUQJYXGPOXZRUTODRPNODN                                                    *\r\n* JADTNHWHGWNLMLFAXACVDXEFQJJBILFXLYGIVESISPSUGHCSLOQNARRMVXCEXUZURQZNEXFTITDOEKZJHR                   *\r\n* UVRWUHTMXBNLXQXCQHONOIWFHNDILYTWGEEZZUFGKKHSUIGXGHIBSDBLYMPGDL                                       *\r\n* ZHQE                                                                                                 *\r\n* LYCVCHDEAEKYHFBEPSDCCTANFYDYJIKDDNMHENYLAXKUCQZXKWKPMCQSYPQDEEUSUGVUTTACTS                           *\r\n* FIFKOZFONXU                                                                                          *\r\n* BXTJOWUGVDSAVVEEQWIVUZKKSEBEZPHUZPTXZKLFYMGCPFOTUBYRPYWCMJRKUQHGVY                                   *\r\n* GBHEFK                                                                                               *\r\n* XISIUMPIJXQ                                                                                          *\r\n********************************************************************************************************\r\n&quot;)" methodname="TestWithRandom" classname="Open_Lab_04._14.Tests" runstate="Runnable" seed="1803609336" result="Passed" start-time="2021-12-27 14:18:11Z" end-time="2021-12-27 14:18:11Z" duration="0.017173" asserts="5463" />
            <test-case id="1069" name="TestWithRandom([&quot;ASRLPSBKIEAGRDIRNWS&quot;, &quot;MBOJDPEUMGJPFTANKVPNJSOD&quot;, &quot;BCIHQVBYKSYDHHAOGXBULBYDUHRHFWUNLRBMVNWKIRUBCJCOOZCUMIGAEFMJEUSNXLSQFO&quot;, &quot;TBRMUGXAKEDSGUAACKBHPANGOYHDRRMIAGISVWMTHFBEABMTWKQFEGCTOKYWZTJTSUSZLHFG&quot;, &quot;HAKYIGMLNGGBGEUDPELXQUNWILGJMIPEJGWFSUFELKLMCSLPXVVDUIIMNOQWZDYFRBRZIOLUYGMFJBTPAQLRMLKBYJSEEIE&quot;, ...],&quot;********************************************************************************************************\r\n* ASRLPSBKIEAGRDIRNWS                                                                                  *\r\n* MBOJDPEUMGJPFTANKVPNJSOD                                                                             *\r\n* BCIHQVBYKSYDHHAOGXBULBYDUHRHFWUNLRBMVNWKIRUBCJCOOZCUMIGAEFMJEUSNXLSQFO                               *\r\n* TBRMUGXAKEDSGUAACKBHPANGOYHDRRMIAGISVWMTHFBEABMTWKQFEGCTOKYWZTJTSUSZLHFG                             *\r\n* HAKYIGMLNGGBGEUDPELXQUNWILGJMIPEJGWFSUFELKLMCSLPXVVDUIIMNOQWZDYFRBRZIOLUYGMFJBTPAQLRMLKBYJSEEIE      *\r\n* LFUABLHIKBENWCDMUAWJRHTFRQBYWGQQ                                                                     *\r\n* EUDGTOOICG                                                                                           *\r\n* HXFVGGKDLVQDMOJLKJMDLOKRIZFBMIAOAIYTKFRPWME                                                          *\r\n* NQRRKDEZQCASMNNGAJRDUBDEQPAER                                                                        *\r\n* HYKDDRHOQIEAYYIGGXSKPNUBMMNNBUDZITVBIJJVZMSJYTCEWJICLGHTEJQREUNWFESFCGYXNWLDVLCTJIRRLAOB             *\r\n* BXYTSREYVDTBXCPLLOPUEYTGXIWDVKEQQTBJZEVFHEZHIS                                                       *\r\n* GBGALZHHDESVJVBCLZDKEAFMGSJNAYLYFWPBPJSRJMXFH                                                        *\r\n* MJFBOHFHHFVUUTPTGESUQMFANBGLBRCAEX                                                                   *\r\n* ZHYJDSXPKFVPZCPFTMNSZEENNA                                                                           *\r\n* GPCVPWMPMIVOBSXVVRMHJLMJNRFHVCKWCYRAHJGSNNDXXYLZBJJWATLUCSHXRETJXZLDBXNLLTUVIP                       *\r\n* PFGFMTOVJNWXPCIBITUZYNIXEWYKHZPLNGSRKZHPIDCQEZXJ                                                     *\r\n* SLCOPNBXIAQUE                                                                                        *\r\n* JYLKJJQQJLERUKSTFYPGONMXXSQTCYRVDPSSTOOZMBCRKYTQFOVRFXZ                                              *\r\n* LNMQSWNLTJNESZAQJPUNLUNZZZONCZPGQWGFBXGQNQXAKOYFOEIPDLKQANRTIZITTHOWTUOLJEZUXMOKBIZXR                *\r\n* CEMPFOGNHNHDHDACMUQWGZMPTNYGRZALCUEJJEOAFVWLNTFLKZWEHVSDSXVRPZVHNWBNZRSHFPRKCBCAINWSDWDHBAQMIWLFAOY  *\r\n* RSMSHOYRDIARVVJCCCEQSUMYAFZJELKNCLIQBDLPXMDSZZRMNJDXKHXXGNSBOPNS                                     *\r\n* NOJNTAYQPTGQTYANNWVIMDVNKKNLKAHYLVMLIYTIEHVNRGMOSNBTRKLJSWDJNNGOLHFYMPFOCNDFHIWEXYTWYOGAJCTM         *\r\n* KVQAGBJAOCCIMQEGGBKAYMOUKQXBEOJVTTSRMFBGMDIWQNLXBUDAIMWYHWPPEIVATHOTYNTBAENVDREWFZZ                  *\r\n* LIMHWUKQPLBEIIDJZRZOABAEYBUPRSKFIKOKUGWECC                                                           *\r\n* PCJNUOVXNALKJIIJVZVZXAVVXUSOSUULXQKCPOZAWUXF                                                         *\r\n* AECLXBEHDNOGNPAWGFSFZMTXFTHZVCCDQXWPPCUTQETCVVBYZDPPEZYOLFGETFMALLPQTLGDKYPVSQBKSJARNMYRZHE          *\r\n* WQAKSTRKFLENWMFGKDWVDVLKEUNYNYQLHWGUYECZYR                                                           *\r\n* HEMUAHSHWLIHBFPFXFT                                                                                  *\r\n* GUSGAFLHFAWWLQEFSZMQURTAYOFPJYFTFUXMLFUVWKBWOMVKAJNXSCCPBSILAWYGVDRRSRUMFRUJQXLLTUOZLHACRI           *\r\n* TXIUAMUALUDSIPASBISZDHWSFHZVOCPZKGBPXWTXVWA                                                          *\r\n* PCFJKPZTZJHLAQOSNZMIFDHCOLUEPUEHHFCDCPLYDVAAZPPGIAKVJRLLUDVZUUDEE                                    *\r\n* EUNLQYONEJDGCZVOWOKIXPUQIZTLEJRVVZKUSWKMHWMBINAWDGXPUWCOZXCQECJVRHKCOBVZEYABDTIVYXIYLCBZXWUVUTHFMQJA *\r\n* YICLXLVWBLG                                                                                          *\r\n* HSGULKPGLFSGZFKQVOMKISAPFNNRGCVKOHNBBKBGTURSPWLSAFAMZVF                                              *\r\n* RROXWXAIJHRRSIPKMFQOBHZJBVQACJLSBYKJWDJWUIJIEUZSQQATFRNKSE                                           *\r\n* BGZGAWYPUYFNIVUUTYREHVYKLIRNKKZRSHIPUBILGEFTKCRXKXULBZPGIPURFKFJYOVBNFZRPFYCPEZJRTCNQOQ              *\r\n* RCGFHRGVYWVWGPJFXCWVBMQEPKZLHSTKYDJLYUKXYCETJDDBJXPNRUQFLCPWRVOGDLXCGY                               *\r\n* DSYWZIWVLHXBKCFSENEZWEOFDNXQ                                                                         *\r\n* FAVLQMUSXQWOHDOUUDEXSTPCYKZETTLLGWFGCPUPKAGWHLOAZLIKSSFMLTNFNQZDFLIKXISEIOMSMSUNVYFHKBSNRTVIC        *\r\n* CUADRVCECQTEBDFNASYZJOKRSDTUTENJBTMSRJBZKRWOOGZOHDTCJCGOJIKN                                         *\r\n* ILXDJCIR                                                                                             *\r\n* WRRZPRRWDLEENQLKAYNYIIYNXCGYKEEQXUGCKKNOWNFYJXUUMTJD                                                 *\r\n* TEOSEBMLSLZHNHTJJAQLYCVDZEAHLMRVBVEPSJGIBCDBGRVPBLDSTSWQJKTABFAGUDGRDDQATIKWYUXIIKF                  *\r\n* JYCIZNGHPGGWCWHCKEMYVCYLIASONLRRZAXVBXSPWIKNBNTCMUXEXHEGZRAYVRUEOOWBZLAMLWBMSLJUGPBSNNURVQWKXTUFOGZN *\r\n* RCBUKSAGSOOHGSFPBQATFGIPPPRCVYMLVDONAYCVTLDCHCQBPPNPZTLLUMEVBYKUBC                                   *\r\n* DDSPCNFAUCFHNZPMGKWMCRDTOUHUVAJAEQNXXAKBUTRIOER                                                      *\r\n* LLEJFQJLAZBIFLETTEDWLSPFAUSIAUEJDLIJWZVNGCXXZCVJOYOJBUKTVYJLYAKFUREUCUWUJPQJURGXYJUCF                *\r\n* IJBPNYQJPFRRDHXBGTBUZLEBYERLMPGIAZJVSMHYDZZKRDOZAWCAALVWEAQJGFXAZIREYCJTMDQAMUJVPS                   *\r\n* QMGIODNQSVXSYCZKILKBXNINXUVJKQVUNTGNTACAKLRX                                                         *\r\n* KSXNJAJERNDDSLUIDFBACEEVLRIJKQMVLYMCXWBPMPVGDKAPIRHFPXMFNBBR                                         *\r\n* ZUBBHSUYRKGELNNJYSBRSASIGGNLGPVVKXMVTFWRGQRGBBDJZWOJAZZZBTVAFISCPLTOBSQT                             *\r\n* JLBJLGEDDMJAMUKXNTAJVMYYPRQIOIHGVNQOXPPMQXBVIBDQJRNYPJBXMDUUQWOUFDEYDVZXDNSXKCPNOZYWVI               *\r\n* MMTBUUVWUJGPEWENNSPUCQDMKNHFQXRZXNSMKTEDIRXODMKRKMLEFOOVIGRGNPFX                                     *\r\n* HSRDRDUNMMKSPJXDQVDMNUJYXEDBYPSMAWWUSNSJQQSBDCSXUDXUBLENJTGNZSPXTYST                                 *\r\n* DKCCUVWBHUUMGHVRYKOSJKZHFKYBVIFKYKRTVRHQHLCYLATKUF                                                   *\r\n* NDBDSKVWKWVFYPKNVQCWGDYKXHBVEQNHPNSGXGYIZUXTMFDJBNXURJNJEQGKJARTINQLWDPPRTWMGFYRE                    *\r\n* URSTPFZJCGAOYZDDKYPSNYYIDYNBCZSOGRFAAPYKLNAIODVWICUZBLEVSKQRSXGCOMHGT                                *\r\n* DVAFGZXPUZ                                                                                           *\r\n* QSZETMUNJHQZG                                                                                        *\r\n* NGYUCVODGZZYWEEYDQQOBEGYUZNTJUNWUNTTZUREONMAFVPPILEZISQIAZADIUTLMDEJLLZ                              *\r\n* YLZOSGSZJXLYPNNCWKSZUOWUUAOCRGEWL                                                                    *\r\n* AXSCQUHBTKJUVYPBNBTAOKPETRRQHDTONTMQJUTYSTUMLZEQMPTCDLHQINIYCQTQQUHBLZSSHUIVPCTTMBESK                *\r\n* LBMWHVLVWBZEVQSCEMWAVJCMAFUOLAMAGAIFPOSXHMXGVKHCBJWSVJUCYZVCAXJV                                     *\r\n* YYUHNNQUYTJLWRPXRNCDTEWFGGQSPWJDCRWMMUOWGYXQLQCHFEJKHRVTCPBG                                         *\r\n********************************************************************************************************\r\n&quot;)" fullname="Open_Lab_04._14.Tests.TestWithRandom([&quot;ASRLPSBKIEAGRDIRNWS&quot;, &quot;MBOJDPEUMGJPFTANKVPNJSOD&quot;, &quot;BCIHQVBYKSYDHHAOGXBULBYDUHRHFWUNLRBMVNWKIRUBCJCOOZCUMIGAEFMJEUSNXLSQFO&quot;, &quot;TBRMUGXAKEDSGUAACKBHPANGOYHDRRMIAGISVWMTHFBEABMTWKQFEGCTOKYWZTJTSUSZLHFG&quot;, &quot;HAKYIGMLNGGBGEUDPELXQUNWILGJMIPEJGWFSUFELKLMCSLPXVVDUIIMNOQWZDYFRBRZIOLUYGMFJBTPAQLRMLKBYJSEEIE&quot;, ...],&quot;********************************************************************************************************\r\n* ASRLPSBKIEAGRDIRNWS                                                                                  *\r\n* MBOJDPEUMGJPFTANKVPNJSOD                                                                             *\r\n* BCIHQVBYKSYDHHAOGXBULBYDUHRHFWUNLRBMVNWKIRUBCJCOOZCUMIGAEFMJEUSNXLSQFO                               *\r\n* TBRMUGXAKEDSGUAACKBHPANGOYHDRRMIAGISVWMTHFBEABMTWKQFEGCTOKYWZTJTSUSZLHFG                             *\r\n* HAKYIGMLNGGBGEUDPELXQUNWILGJMIPEJGWFSUFELKLMCSLPXVVDUIIMNOQWZDYFRBRZIOLUYGMFJBTPAQLRMLKBYJSEEIE      *\r\n* LFUABLHIKBENWCDMUAWJRHTFRQBYWGQQ                                                                     *\r\n* EUDGTOOICG                                                                                           *\r\n* HXFVGGKDLVQDMOJLKJMDLOKRIZFBMIAOAIYTKFRPWME                                                          *\r\n* NQRRKDEZQCASMNNGAJRDUBDEQPAER                                                                        *\r\n* HYKDDRHOQIEAYYIGGXSKPNUBMMNNBUDZITVBIJJVZMSJYTCEWJICLGHTEJQREUNWFESFCGYXNWLDVLCTJIRRLAOB             *\r\n* BXYTSREYVDTBXCPLLOPUEYTGXIWDVKEQQTBJZEVFHEZHIS                                                       *\r\n* GBGALZHHDESVJVBCLZDKEAFMGSJNAYLYFWPBPJSRJMXFH                                                        *\r\n* MJFBOHFHHFVUUTPTGESUQMFANBGLBRCAEX                                                                   *\r\n* ZHYJDSXPKFVPZCPFTMNSZEENNA                                                                           *\r\n* GPCVPWMPMIVOBSXVVRMHJLMJNRFHVCKWCYRAHJGSNNDXXYLZBJJWATLUCSHXRETJXZLDBXNLLTUVIP                       *\r\n* PFGFMTOVJNWXPCIBITUZYNIXEWYKHZPLNGSRKZHPIDCQEZXJ                                                     *\r\n* SLCOPNBXIAQUE                                                                                        *\r\n* JYLKJJQQJLERUKSTFYPGONMXXSQTCYRVDPSSTOOZMBCRKYTQFOVRFXZ                                              *\r\n* LNMQSWNLTJNESZAQJPUNLUNZZZONCZPGQWGFBXGQNQXAKOYFOEIPDLKQANRTIZITTHOWTUOLJEZUXMOKBIZXR                *\r\n* CEMPFOGNHNHDHDACMUQWGZMPTNYGRZALCUEJJEOAFVWLNTFLKZWEHVSDSXVRPZVHNWBNZRSHFPRKCBCAINWSDWDHBAQMIWLFAOY  *\r\n* RSMSHOYRDIARVVJCCCEQSUMYAFZJELKNCLIQBDLPXMDSZZRMNJDXKHXXGNSBOPNS                                     *\r\n* NOJNTAYQPTGQTYANNWVIMDVNKKNLKAHYLVMLIYTIEHVNRGMOSNBTRKLJSWDJNNGOLHFYMPFOCNDFHIWEXYTWYOGAJCTM         *\r\n* KVQAGBJAOCCIMQEGGBKAYMOUKQXBEOJVTTSRMFBGMDIWQNLXBUDAIMWYHWPPEIVATHOTYNTBAENVDREWFZZ                  *\r\n* LIMHWUKQPLBEIIDJZRZOABAEYBUPRSKFIKOKUGWECC                                                           *\r\n* PCJNUOVXNALKJIIJVZVZXAVVXUSOSUULXQKCPOZAWUXF                                                         *\r\n* AECLXBEHDNOGNPAWGFSFZMTXFTHZVCCDQXWPPCUTQETCVVBYZDPPEZYOLFGETFMALLPQTLGDKYPVSQBKSJARNMYRZHE          *\r\n* WQAKSTRKFLENWMFGKDWVDVLKEUNYNYQLHWGUYECZYR                                                           *\r\n* HEMUAHSHWLIHBFPFXFT                                                                                  *\r\n* GUSGAFLHFAWWLQEFSZMQURTAYOFPJYFTFUXMLFUVWKBWOMVKAJNXSCCPBSILAWYGVDRRSRUMFRUJQXLLTUOZLHACRI           *\r\n* TXIUAMUALUDSIPASBISZDHWSFHZVOCPZKGBPXWTXVWA                                                          *\r\n* PCFJKPZTZJHLAQOSNZMIFDHCOLUEPUEHHFCDCPLYDVAAZPPGIAKVJRLLUDVZUUDEE                                    *\r\n* EUNLQYONEJDGCZVOWOKIXPUQIZTLEJRVVZKUSWKMHWMBINAWDGXPUWCOZXCQECJVRHKCOBVZEYABDTIVYXIYLCBZXWUVUTHFMQJA *\r\n* YICLXLVWBLG                                                                                          *\r\n* HSGULKPGLFSGZFKQVOMKISAPFNNRGCVKOHNBBKBGTURSPWLSAFAMZVF                                              *\r\n* RROXWXAIJHRRSIPKMFQOBHZJBVQACJLSBYKJWDJWUIJIEUZSQQATFRNKSE                                           *\r\n* BGZGAWYPUYFNIVUUTYREHVYKLIRNKKZRSHIPUBILGEFTKCRXKXULBZPGIPURFKFJYOVBNFZRPFYCPEZJRTCNQOQ              *\r\n* RCGFHRGVYWVWGPJFXCWVBMQEPKZLHSTKYDJLYUKXYCETJDDBJXPNRUQFLCPWRVOGDLXCGY                               *\r\n* DSYWZIWVLHXBKCFSENEZWEOFDNXQ                                                                         *\r\n* FAVLQMUSXQWOHDOUUDEXSTPCYKZETTLLGWFGCPUPKAGWHLOAZLIKSSFMLTNFNQZDFLIKXISEIOMSMSUNVYFHKBSNRTVIC        *\r\n* CUADRVCECQTEBDFNASYZJOKRSDTUTENJBTMSRJBZKRWOOGZOHDTCJCGOJIKN                                         *\r\n* ILXDJCIR                                                                                             *\r\n* WRRZPRRWDLEENQLKAYNYIIYNXCGYKEEQXUGCKKNOWNFYJXUUMTJD                                                 *\r\n* TEOSEBMLSLZHNHTJJAQLYCVDZEAHLMRVBVEPSJGIBCDBGRVPBLDSTSWQJKTABFAGUDGRDDQATIKWYUXIIKF                  *\r\n* JYCIZNGHPGGWCWHCKEMYVCYLIASONLRRZAXVBXSPWIKNBNTCMUXEXHEGZRAYVRUEOOWBZLAMLWBMSLJUGPBSNNURVQWKXTUFOGZN *\r\n* RCBUKSAGSOOHGSFPBQATFGIPPPRCVYMLVDONAYCVTLDCHCQBPPNPZTLLUMEVBYKUBC                                   *\r\n* DDSPCNFAUCFHNZPMGKWMCRDTOUHUVAJAEQNXXAKBUTRIOER                                                      *\r\n* LLEJFQJLAZBIFLETTEDWLSPFAUSIAUEJDLIJWZVNGCXXZCVJOYOJBUKTVYJLYAKFUREUCUWUJPQJURGXYJUCF                *\r\n* IJBPNYQJPFRRDHXBGTBUZLEBYERLMPGIAZJVSMHYDZZKRDOZAWCAALVWEAQJGFXAZIREYCJTMDQAMUJVPS                   *\r\n* QMGIODNQSVXSYCZKILKBXNINXUVJKQVUNTGNTACAKLRX                                                         *\r\n* KSXNJAJERNDDSLUIDFBACEEVLRIJKQMVLYMCXWBPMPVGDKAPIRHFPXMFNBBR                                         *\r\n* ZUBBHSUYRKGELNNJYSBRSASIGGNLGPVVKXMVTFWRGQRGBBDJZWOJAZZZBTVAFISCPLTOBSQT                             *\r\n* JLBJLGEDDMJAMUKXNTAJVMYYPRQIOIHGVNQOXPPMQXBVIBDQJRNYPJBXMDUUQWOUFDEYDVZXDNSXKCPNOZYWVI               *\r\n* MMTBUUVWUJGPEWENNSPUCQDMKNHFQXRZXNSMKTEDIRXODMKRKMLEFOOVIGRGNPFX                                     *\r\n* HSRDRDUNMMKSPJXDQVDMNUJYXEDBYPSMAWWUSNSJQQSBDCSXUDXUBLENJTGNZSPXTYST                                 *\r\n* DKCCUVWBHUUMGHVRYKOSJKZHFKYBVIFKYKRTVRHQHLCYLATKUF                                                   *\r\n* NDBDSKVWKWVFYPKNVQCWGDYKXHBVEQNHPNSGXGYIZUXTMFDJBNXURJNJEQGKJARTINQLWDPPRTWMGFYRE                    *\r\n* URSTPFZJCGAOYZDDKYPSNYYIDYNBCZSOGRFAAPYKLNAIODVWICUZBLEVSKQRSXGCOMHGT                                *\r\n* DVAFGZXPUZ                                                                                           *\r\n* QSZETMUNJHQZG                                                                                        *\r\n* NGYUCVODGZZYWEEYDQQOBEGYUZNTJUNWUNTTZUREONMAFVPPILEZISQIAZADIUTLMDEJLLZ                              *\r\n* YLZOSGSZJXLYPNNCWKSZUOWUUAOCRGEWL                                                                    *\r\n* AXSCQUHBTKJUVYPBNBTAOKPETRRQHDTONTMQJUTYSTUMLZEQMPTCDLHQINIYCQTQQUHBLZSSHUIVPCTTMBESK                *\r\n* LBMWHVLVWBZEVQSCEMWAVJCMAFUOLAMAGAIFPOSXHMXGVKHCBJWSVJUCYZVCAXJV                                     *\r\n* YYUHNNQUYTJLWRPXRNCDTEWFGGQSPWJDCRWMMUOWGYXQLQCHFEJKHRVTCPBG                                         *\r\n********************************************************************************************************\r\n&quot;)" methodname="TestWithRandom" classname="Open_Lab_04._14.Tests" runstate="Runnable" seed="1441004726" result="Passed" start-time="2021-12-27 14:18:11Z" end-time="2021-12-27 14:18:11Z" duration="0.027931" asserts="6933" />
            <test-case id="1070" name="TestWithRandom([&quot;ECJGIEUDLWYFXVHFTPEINLNZVKVCKXTHAJTUHFIXMCTMLBUALWVLCOKSOJKYJSTODQENBNXOHGVKSBOUQVQNBIFMZ&quot;, &quot;GYUKO&quot;, &quot;JFJUXHYYZGDVSZANUQHOBFMULSNAGZUXSAAMRUXJWROUEJTAASDECZTDSOIETYSZMGDRYNVZTYRJRRQB&quot;, &quot;NAOVQVSHWUDLSPYZOIYGCBMWDKEIJMBXHFGXEDWKLJBTSOAISKCIRVWMNRSFRJYKSFENJAVLMNUSZSEPKVPZJSGMITKMLRTBL&quot;, &quot;ANJNYSORWEAEMUNCVVUYAAZRFPQIZVTTGHRQFWWXKSVBLDGPZIVYHMQANRHIBGRBKGXE&quot;, ...],&quot;*******************************************************************************************************\r\n* ECJGIEUDLWYFXVHFTPEINLNZVKVCKXTHAJTUHFIXMCTMLBUALWVLCOKSOJKYJSTODQENBNXOHGVKSBOUQVQNBIFMZ           *\r\n* GYUKO                                                                                               *\r\n* JFJUXHYYZGDVSZANUQHOBFMULSNAGZUXSAAMRUXJWROUEJTAASDECZTDSOIETYSZMGDRYNVZTYRJRRQB                    *\r\n* NAOVQVSHWUDLSPYZOIYGCBMWDKEIJMBXHFGXEDWKLJBTSOAISKCIRVWMNRSFRJYKSFENJAVLMNUSZSEPKVPZJSGMITKMLRTBL   *\r\n* ANJNYSORWEAEMUNCVVUYAAZRFPQIZVTTGHRQFWWXKSVBLDGPZIVYHMQANRHIBGRBKGXE                                *\r\n* WXYYWNIEXG                                                                                          *\r\n* IAIRZVL                                                                                             *\r\n* RRDNPOVEAUREFCNDLXZLYIWQLGZBXACOVDNLSJJKAJIJGBVGMFGBWAUJUMBJOUHZSCJBOBKBOOKPZ                       *\r\n* JKKSOSUASUJEQFIZWGBIRERUSLUFMHQFJHDQYVFPFRJPSJKES                                                   *\r\n* SENQUFTQADYPNLEDVJCRBAAMDAUBBIAPMYOLRSMXWIVCRQDYLPOBCBNSD                                           *\r\n* NULSPR                                                                                              *\r\n* IDPWSMCWEUSFYV                                                                                      *\r\n* WVQMUYNLKWIPFSMETDYIMOBTCMFXGUMFGAYPBCXFVSEAKWXDSPZB                                                *\r\n* MAHUWJHSPEQJCJETWCQGTMUJAJGOCFQULFTZQVFTPMFNORHMSKVMJVGAFXTNDTQKOVXWQECBXXQGHHVIBTWRJDLQZTUTBRQWWVZ *\r\n* UKWNHTPMEZSXCKLKXYBKJHXWKJZGGUJLICORWIKPOZLZAWRRGFZYTOJMNZDXUIFKQGPZVUNON                           *\r\n* WJVXWNSIZBVLSUTCDWFMVFUBJTHRVMSKKISZQQDPFMJD                                                        *\r\n* FOVFTQRJAQQOUNDGAMNJKAJBTLMTPHJWRMEEMMCVBBKSBLWCZIEZVUEEFT                                          *\r\n* IDXTSGTXHIYUOKSIJPRZIOKTGDJBWIZZSZTRDHRLHNPUBOQP                                                    *\r\n* MUOOTDTTDMP                                                                                         *\r\n* SBYJZCOQBECYFRUZPSSNTYJOKKYWAXZUCOPMQKBMBZBIRQIBJUDLUCDTRKYODSQDEHWRCIIFQFLUXBWUCWMFTOZZKVU         *\r\n* MMIJIYDKTQZALYUOQIWQODMGF                                                                           *\r\n* JQIWHHOCSEWCMYXMALXMUVTLJBYDSJACDYOMCXJR                                                            *\r\n* JGQSOWXSBCAJTPOWWNFILKJDUYNKLKDBFALODTUFAKQGASK                                                     *\r\n* APFJEIBZXNXQINHRZYDSEATDTZIATCDCNE                                                                  *\r\n* VFUWWZLRQVEWNDYHBOSDAWBQFAAFUKVCEDLMEBHT                                                            *\r\n* IDIODVWUVBNVBKYDDRWYGWGABSJRMCZHYKRTSBCFDKZIHHDSMIAKLUMMWHNKLFITCGWQTFLCP                           *\r\n* UWXYSUPREDBPWDYEWLORTYBGFBKMZHXYUUAQPYPSVUAFRNJSROJZNYXWURSQKCRXFC                                  *\r\n* CDIPXWWVZYWOSRRVLYXLWWEWXGYITCDZOSHOJYLDRCXYXCAZSGGZIRYFZLRRXNCWUXZZKCMMNTTTYFZU                    *\r\n* ZPMWEQXUCPXGTGDZBDZDBOP                                                                             *\r\n* ULOXEGTMXLYXQAQHCEINOFTNPUXCZREKZRBSCZPVVKJHHGIAMSBWGCGPSAIKJRNFGOXZYYFCOMSEVLGJL                   *\r\n* QHPIDXLMZBRFMDXEASIJBNNYHTKCTGUZYLBFPYLANLYDLJAOGRLNABVCURBJNJTTGSGACROCHIVPPJNXTVVCVGYXQZ          *\r\n* YWBMESFXTCALODIGSFGMLDDQRNQYATJJDHPGFVRWJL                                                          *\r\n* VSKGZMZGRKMZUTLUQBHWZTQHHOCBWOJDZKIXHHRLANRZRHUNTAAUCOTCCCZLKYJDBIZKKONJKWWM                        *\r\n* RQZTPHV                                                                                             *\r\n* OAKQFUFHGACDNYIHJCENQKGSHALMZRVQOQMHPUETHBDVUINSHSKMC                                               *\r\n* WDUSIFJTIPELPXLBSPXKGOHKXZMSE                                                                       *\r\n* GIOGTJMXLZKOTNRJSQHFZVPRBHW                                                                         *\r\n* UISROBIWXIECOVDXASVTTOHWKZHLTWFLMCCDHTZRFU                                                          *\r\n* JLFRERSRIMDRFBVGPUXDBDTPMSZPGSDNYCXLFHCTAEWYJK                                                      *\r\n* BMNJXIRKGSPFMRCKQIPTCDJAIRDCWGUFCVYDTIGFGSRSPCQBYUGQUQUYCNBFEPOZYJDRTYQHCJMKMRKFBBDBZDLLAZ          *\r\n* GHBAQ                                                                                               *\r\n* RUGZZHADZOKEKL                                                                                      *\r\n* CWDDMMAUYSQUXKAAIWGUWEGCTDXAPAGPNQDKXXEQRZH                                                         *\r\n* INCTZNCHDROYPBJJOZEXLAGHGPDL                                                                        *\r\n* QDWWZTGAEBCYYMWBFVVOVBRUJVHHVMKJRQNNRBQHDIKYCZMOJFBTIXWOLBNDMYFRRSHI                                *\r\n* JKDFNKNRTSJJTYQLQBTUZBPOMVEDSHKSDPZUXOUMJWSJDTTAPFAQNOZHUPSSGJYLHRFEYVOBHHKCJFLSCEONGTEPPSZIVBGZX   *\r\n* BLNOBTRZJFDXYPEAPBVLFOMQOGV                                                                         *\r\n* GFBLECDZENDUVHJZLSTKEVLE                                                                            *\r\n* MBNYXAVYLTDESSW                                                                                     *\r\n* EVCYBPYENFWMKCKTWHSAQBHNHVKOGUTZXZZZJGCWDIKR                                                        *\r\n* IOJIJHKZVUDOPQFF                                                                                    *\r\n* YSLWPLCLKQFWXIQPJZHBFWNIABEWKUQWRTKRFHS                                                             *\r\n* GWZRFDYMMYG                                                                                         *\r\n* YDEBFDVOGGAQZIFEXYJBHEVIXVDXDSJMNZXNOIMCLEVAWIRWXUOOPEJTIVEJZYKOX                                   *\r\n* CAKRPPLHPCIUMOEHZJDUWJPEETDDDMTHDHGQLGFYCIOGKNIQFSZBLCRT                                            *\r\n* GNVMIDCJBREINVTEEROUITRKNXLNRVAQNFETJMUELXJ                                                         *\r\n* EIRWGXGKCYCNVLYKSPSFROUHQAURXKJLKVGFGOHTPQNPDRXYNJLWFDEPNKFFDOMSORCAETEEHYQBBFEZDWDO                *\r\n* NGGQQRWJBQADVAMPWTUEHOGNDOHFGCGKYTBLVJOBIUFHPXFFSKGDJJRYZTNCKQDZJPEBYBTMFSWMIZXFICNWWDBPBDLBWMRR    *\r\n* GYATEGRQTXRMEPAWHTHDGDGOPZVPRQTAEUCAWMEVVFCGJCXNLFOSKOKDSMDELCZDERHKN                               *\r\n* AVOLHBAAENCHDMBAPQJYIKIAKTGYBSUMAMETEYGJCSHQBDYMCDBRAOQPMOANUCYLSPHQHHWRKAWQDSYHVTWXRDMMWPHPXSOAT   *\r\n* XLVHFUHJHZSZMTPTSBGAUPCVUSAGTRLVXHVNMNNBQHWNTWCNAEANUTBHIANNUAQQOWCEYBHFNEKMTPBXPNG                 *\r\n* QYBDGNELZAHQRFZXUYOYXVZPIOOSYPYHTCZPUYXLXVFNXUVNQDDQYIQV                                            *\r\n* LVSYMNKCZWPGJDVACBCPMROTABULHILLEPIDFMLHVKXYGHGAIQVGNFNUGZYKSYVRKDCTURUQQUUBUQMTVUDQMFXYCOXGOBPWPG  *\r\n* CENFQWFQTKLZPMEPYVEEEGDQGUOCPFXLNCKOHOMUHOEOROHUJLRBLBJ                                             *\r\n* BWZVHDBNMZMNCQHJIJXQBPZRNTSDOWAMTNNLORMENRBRCTRTEHTBDTULWIHNKYYQZZUOCVURWTCKNIOUCZYHCY              *\r\n* ZTCPGJYTPSLRCYDQJMCEKQJYOTNLKZRNAQ                                                                  *\r\n* UAFOIYZNSCQLVYIOUATYJJDBMVMJPBXRMEIQEXTGLDRWYHRNBLWMHSLLWEBMLPXREZZRPRKWGNNFSHDFD                   *\r\n* HEELJTSXUZWHVVFARYHAXJAAFUFGTOBWILITMSPGZSXKAZRSARPEXDBXEEFPOMEFYZZJMMNZJBBFMPZGCNGBYWYFKKPINZSNNR  *\r\n* BAIFNDQUWBVLOEYNAFCHCATZCXELJJORUDYGTISXHBCDOYA                                                     *\r\n* OLRHLKKAGJCQZFLM                                                                                    *\r\n* EQLGSTSNFZAXQKEWAWYRGGKTXAKGBYCQPPKHPXWRZTFLJCPYXUYIMV                                              *\r\n* XGRIRJMMGWKHAAWHCAGSNAZJVKL                                                                         *\r\n* HAUDUINBXPEINHZOZVOXBMVIGCTWHINHX                                                                   *\r\n* FGCGMSNVKNVXFGB                                                                                     *\r\n* KZVNHUEMWSOQTPCXKJCTLSIWKFCHMIXNUWXNLKWKBQJ                                                         *\r\n* DWBULYNVEIZRRZDBRWZOVBWXRPLANRSVJNSODIWOVBJMXGVMGUTEQVZCADDWMNIMQDIDGOYJALTUSJA                     *\r\n* TZTSYNFOOQOZEACHSWWTYRFRWJEECEJQDRCMTPOCXTOQA                                                       *\r\n* EZJLBWNGNBUBWOJAMJGXWMYPOCHUWECPQXFEVQDNCWEBSSTASXHFJCCRBTXYOTKIYEKYJEEVGTVZIWXVJHBZXXGOVNDCTEZ     *\r\n* MVCOHUQNSLYPHCJEWBPGRLLAXWDWBCCBTLNMUJ                                                              *\r\n* OROHLZQGTDZGROSSBJCQKRUMPJWWWPWKMNBPCDABHQKSBWKNBSLDRTDW                                            *\r\n* CRCCUJDHPTENDPXJAIUHBKSYJUDDTSTJESAMYYMGGLLDGZYDOURKIPURYDTZGZOXZUIKPLKCWNAQYPSJWAPZAJBP            *\r\n* INUFNAGXODLRNNCJPNUOESILJCGKOWPTTMGXQWJNUTKMHSIMMQLVGBTQEJWKUWIRNRYBHFSSEHTLIWERTTXYKUNSSQTGA       *\r\n* TYKSYPUHFHXSQZHIHHFEQAYJHTEFJQLLSGNVAQYOXMOQBRDOLKILBVITZALEKOXOVLAKLLHRJQGDLHIPQQUZHAKWXUWZETDJ    *\r\n* AVPRSCZCRCKOEHRSWOUTYGUBDMROHMPMXOLMTXXOUWQXZHTMEHIFJPQTANN                                         *\r\n* KLUFNXRQVFYYQGYBQXCVTEK                                                                             *\r\n* D                                                                                                   *\r\n* DIXRLFJRDJCLKBQDRYJKOCQODDLSMFAUBDUISET                                                             *\r\n* PZCPZEMAFQNLRTVBRINIURFYJHJHHHKMEQVPABPYQKNVRODHHSRJQLYXTEFRVFTXFAHAYGBQT                           *\r\n*******************************************************************************************************\r\n&quot;)" fullname="Open_Lab_04._14.Tests.TestWithRandom([&quot;ECJGIEUDLWYFXVHFTPEINLNZVKVCKXTHAJTUHFIXMCTMLBUALWVLCOKSOJKYJSTODQENBNXOHGVKSBOUQVQNBIFMZ&quot;, &quot;GYUKO&quot;, &quot;JFJUXHYYZGDVSZANUQHOBFMULSNAGZUXSAAMRUXJWROUEJTAASDECZTDSOIETYSZMGDRYNVZTYRJRRQB&quot;, &quot;NAOVQVSHWUDLSPYZOIYGCBMWDKEIJMBXHFGXEDWKLJBTSOAISKCIRVWMNRSFRJYKSFENJAVLMNUSZSEPKVPZJSGMITKMLRTBL&quot;, &quot;ANJNYSORWEAEMUNCVVUYAAZRFPQIZVTTGHRQFWWXKSVBLDGPZIVYHMQANRHIBGRBKGXE&quot;, ...],&quot;*******************************************************************************************************\r\n* ECJGIEUDLWYFXVHFTPEINLNZVKVCKXTHAJTUHFIXMCTMLBUALWVLCOKSOJKYJSTODQENBNXOHGVKSBOUQVQNBIFMZ           *\r\n* GYUKO                                                                                               *\r\n* JFJUXHYYZGDVSZANUQHOBFMULSNAGZUXSAAMRUXJWROUEJTAASDECZTDSOIETYSZMGDRYNVZTYRJRRQB                    *\r\n* NAOVQVSHWUDLSPYZOIYGCBMWDKEIJMBXHFGXEDWKLJBTSOAISKCIRVWMNRSFRJYKSFENJAVLMNUSZSEPKVPZJSGMITKMLRTBL   *\r\n* ANJNYSORWEAEMUNCVVUYAAZRFPQIZVTTGHRQFWWXKSVBLDGPZIVYHMQANRHIBGRBKGXE                                *\r\n* WXYYWNIEXG                                                                                          *\r\n* IAIRZVL                                                                                             *\r\n* RRDNPOVEAUREFCNDLXZLYIWQLGZBXACOVDNLSJJKAJIJGBVGMFGBWAUJUMBJOUHZSCJBOBKBOOKPZ                       *\r\n* JKKSOSUASUJEQFIZWGBIRERUSLUFMHQFJHDQYVFPFRJPSJKES                                                   *\r\n* SENQUFTQADYPNLEDVJCRBAAMDAUBBIAPMYOLRSMXWIVCRQDYLPOBCBNSD                                           *\r\n* NULSPR                                                                                              *\r\n* IDPWSMCWEUSFYV                                                                                      *\r\n* WVQMUYNLKWIPFSMETDYIMOBTCMFXGUMFGAYPBCXFVSEAKWXDSPZB                                                *\r\n* MAHUWJHSPEQJCJETWCQGTMUJAJGOCFQULFTZQVFTPMFNORHMSKVMJVGAFXTNDTQKOVXWQECBXXQGHHVIBTWRJDLQZTUTBRQWWVZ *\r\n* UKWNHTPMEZSXCKLKXYBKJHXWKJZGGUJLICORWIKPOZLZAWRRGFZYTOJMNZDXUIFKQGPZVUNON                           *\r\n* WJVXWNSIZBVLSUTCDWFMVFUBJTHRVMSKKISZQQDPFMJD                                                        *\r\n* FOVFTQRJAQQOUNDGAMNJKAJBTLMTPHJWRMEEMMCVBBKSBLWCZIEZVUEEFT                                          *\r\n* IDXTSGTXHIYUOKSIJPRZIOKTGDJBWIZZSZTRDHRLHNPUBOQP                                                    *\r\n* MUOOTDTTDMP                                                                                         *\r\n* SBYJZCOQBECYFRUZPSSNTYJOKKYWAXZUCOPMQKBMBZBIRQIBJUDLUCDTRKYODSQDEHWRCIIFQFLUXBWUCWMFTOZZKVU         *\r\n* MMIJIYDKTQZALYUOQIWQODMGF                                                                           *\r\n* JQIWHHOCSEWCMYXMALXMUVTLJBYDSJACDYOMCXJR                                                            *\r\n* JGQSOWXSBCAJTPOWWNFILKJDUYNKLKDBFALODTUFAKQGASK                                                     *\r\n* APFJEIBZXNXQINHRZYDSEATDTZIATCDCNE                                                                  *\r\n* VFUWWZLRQVEWNDYHBOSDAWBQFAAFUKVCEDLMEBHT                                                            *\r\n* IDIODVWUVBNVBKYDDRWYGWGABSJRMCZHYKRTSBCFDKZIHHDSMIAKLUMMWHNKLFITCGWQTFLCP                           *\r\n* UWXYSUPREDBPWDYEWLORTYBGFBKMZHXYUUAQPYPSVUAFRNJSROJZNYXWURSQKCRXFC                                  *\r\n* CDIPXWWVZYWOSRRVLYXLWWEWXGYITCDZOSHOJYLDRCXYXCAZSGGZIRYFZLRRXNCWUXZZKCMMNTTTYFZU                    *\r\n* ZPMWEQXUCPXGTGDZBDZDBOP                                                                             *\r\n* ULOXEGTMXLYXQAQHCEINOFTNPUXCZREKZRBSCZPVVKJHHGIAMSBWGCGPSAIKJRNFGOXZYYFCOMSEVLGJL                   *\r\n* QHPIDXLMZBRFMDXEASIJBNNYHTKCTGUZYLBFPYLANLYDLJAOGRLNABVCURBJNJTTGSGACROCHIVPPJNXTVVCVGYXQZ          *\r\n* YWBMESFXTCALODIGSFGMLDDQRNQYATJJDHPGFVRWJL                                                          *\r\n* VSKGZMZGRKMZUTLUQBHWZTQHHOCBWOJDZKIXHHRLANRZRHUNTAAUCOTCCCZLKYJDBIZKKONJKWWM                        *\r\n* RQZTPHV                                                                                             *\r\n* OAKQFUFHGACDNYIHJCENQKGSHALMZRVQOQMHPUETHBDVUINSHSKMC                                               *\r\n* WDUSIFJTIPELPXLBSPXKGOHKXZMSE                                                                       *\r\n* GIOGTJMXLZKOTNRJSQHFZVPRBHW                                                                         *\r\n* UISROBIWXIECOVDXASVTTOHWKZHLTWFLMCCDHTZRFU                                                          *\r\n* JLFRERSRIMDRFBVGPUXDBDTPMSZPGSDNYCXLFHCTAEWYJK                                                      *\r\n* BMNJXIRKGSPFMRCKQIPTCDJAIRDCWGUFCVYDTIGFGSRSPCQBYUGQUQUYCNBFEPOZYJDRTYQHCJMKMRKFBBDBZDLLAZ          *\r\n* GHBAQ                                                                                               *\r\n* RUGZZHADZOKEKL                                                                                      *\r\n* CWDDMMAUYSQUXKAAIWGUWEGCTDXAPAGPNQDKXXEQRZH                                                         *\r\n* INCTZNCHDROYPBJJOZEXLAGHGPDL                                                                        *\r\n* QDWWZTGAEBCYYMWBFVVOVBRUJVHHVMKJRQNNRBQHDIKYCZMOJFBTIXWOLBNDMYFRRSHI                                *\r\n* JKDFNKNRTSJJTYQLQBTUZBPOMVEDSHKSDPZUXOUMJWSJDTTAPFAQNOZHUPSSGJYLHRFEYVOBHHKCJFLSCEONGTEPPSZIVBGZX   *\r\n* BLNOBTRZJFDXYPEAPBVLFOMQOGV                                                                         *\r\n* GFBLECDZENDUVHJZLSTKEVLE                                                                            *\r\n* MBNYXAVYLTDESSW                                                                                     *\r\n* EVCYBPYENFWMKCKTWHSAQBHNHVKOGUTZXZZZJGCWDIKR                                                        *\r\n* IOJIJHKZVUDOPQFF                                                                                    *\r\n* YSLWPLCLKQFWXIQPJZHBFWNIABEWKUQWRTKRFHS                                                             *\r\n* GWZRFDYMMYG                                                                                         *\r\n* YDEBFDVOGGAQZIFEXYJBHEVIXVDXDSJMNZXNOIMCLEVAWIRWXUOOPEJTIVEJZYKOX                                   *\r\n* CAKRPPLHPCIUMOEHZJDUWJPEETDDDMTHDHGQLGFYCIOGKNIQFSZBLCRT                                            *\r\n* GNVMIDCJBREINVTEEROUITRKNXLNRVAQNFETJMUELXJ                                                         *\r\n* EIRWGXGKCYCNVLYKSPSFROUHQAURXKJLKVGFGOHTPQNPDRXYNJLWFDEPNKFFDOMSORCAETEEHYQBBFEZDWDO                *\r\n* NGGQQRWJBQADVAMPWTUEHOGNDOHFGCGKYTBLVJOBIUFHPXFFSKGDJJRYZTNCKQDZJPEBYBTMFSWMIZXFICNWWDBPBDLBWMRR    *\r\n* GYATEGRQTXRMEPAWHTHDGDGOPZVPRQTAEUCAWMEVVFCGJCXNLFOSKOKDSMDELCZDERHKN                               *\r\n* AVOLHBAAENCHDMBAPQJYIKIAKTGYBSUMAMETEYGJCSHQBDYMCDBRAOQPMOANUCYLSPHQHHWRKAWQDSYHVTWXRDMMWPHPXSOAT   *\r\n* XLVHFUHJHZSZMTPTSBGAUPCVUSAGTRLVXHVNMNNBQHWNTWCNAEANUTBHIANNUAQQOWCEYBHFNEKMTPBXPNG                 *\r\n* QYBDGNELZAHQRFZXUYOYXVZPIOOSYPYHTCZPUYXLXVFNXUVNQDDQYIQV                                            *\r\n* LVSYMNKCZWPGJDVACBCPMROTABULHILLEPIDFMLHVKXYGHGAIQVGNFNUGZYKSYVRKDCTURUQQUUBUQMTVUDQMFXYCOXGOBPWPG  *\r\n* CENFQWFQTKLZPMEPYVEEEGDQGUOCPFXLNCKOHOMUHOEOROHUJLRBLBJ                                             *\r\n* BWZVHDBNMZMNCQHJIJXQBPZRNTSDOWAMTNNLORMENRBRCTRTEHTBDTULWIHNKYYQZZUOCVURWTCKNIOUCZYHCY              *\r\n* ZTCPGJYTPSLRCYDQJMCEKQJYOTNLKZRNAQ                                                                  *\r\n* UAFOIYZNSCQLVYIOUATYJJDBMVMJPBXRMEIQEXTGLDRWYHRNBLWMHSLLWEBMLPXREZZRPRKWGNNFSHDFD                   *\r\n* HEELJTSXUZWHVVFARYHAXJAAFUFGTOBWILITMSPGZSXKAZRSARPEXDBXEEFPOMEFYZZJMMNZJBBFMPZGCNGBYWYFKKPINZSNNR  *\r\n* BAIFNDQUWBVLOEYNAFCHCATZCXELJJORUDYGTISXHBCDOYA                                                     *\r\n* OLRHLKKAGJCQZFLM                                                                                    *\r\n* EQLGSTSNFZAXQKEWAWYRGGKTXAKGBYCQPPKHPXWRZTFLJCPYXUYIMV                                              *\r\n* XGRIRJMMGWKHAAWHCAGSNAZJVKL                                                                         *\r\n* HAUDUINBXPEINHZOZVOXBMVIGCTWHINHX                                                                   *\r\n* FGCGMSNVKNVXFGB                                                                                     *\r\n* KZVNHUEMWSOQTPCXKJCTLSIWKFCHMIXNUWXNLKWKBQJ                                                         *\r\n* DWBULYNVEIZRRZDBRWZOVBWXRPLANRSVJNSODIWOVBJMXGVMGUTEQVZCADDWMNIMQDIDGOYJALTUSJA                     *\r\n* TZTSYNFOOQOZEACHSWWTYRFRWJEECEJQDRCMTPOCXTOQA                                                       *\r\n* EZJLBWNGNBUBWOJAMJGXWMYPOCHUWECPQXFEVQDNCWEBSSTASXHFJCCRBTXYOTKIYEKYJEEVGTVZIWXVJHBZXXGOVNDCTEZ     *\r\n* MVCOHUQNSLYPHCJEWBPGRLLAXWDWBCCBTLNMUJ                                                              *\r\n* OROHLZQGTDZGROSSBJCQKRUMPJWWWPWKMNBPCDABHQKSBWKNBSLDRTDW                                            *\r\n* CRCCUJDHPTENDPXJAIUHBKSYJUDDTSTJESAMYYMGGLLDGZYDOURKIPURYDTZGZOXZUIKPLKCWNAQYPSJWAPZAJBP            *\r\n* INUFNAGXODLRNNCJPNUOESILJCGKOWPTTMGXQWJNUTKMHSIMMQLVGBTQEJWKUWIRNRYBHFSSEHTLIWERTTXYKUNSSQTGA       *\r\n* TYKSYPUHFHXSQZHIHHFEQAYJHTEFJQLLSGNVAQYOXMOQBRDOLKILBVITZALEKOXOVLAKLLHRJQGDLHIPQQUZHAKWXUWZETDJ    *\r\n* AVPRSCZCRCKOEHRSWOUTYGUBDMROHMPMXOLMTXXOUWQXZHTMEHIFJPQTANN                                         *\r\n* KLUFNXRQVFYYQGYBQXCVTEK                                                                             *\r\n* D                                                                                                   *\r\n* DIXRLFJRDJCLKBQDRYJKOCQODDLSMFAUBDUISET                                                             *\r\n* PZCPZEMAFQNLRTVBRINIURFYJHJHHHKMEQVPABPYQKNVRODHHSRJQLYXTEFRVFTXFAHAYGBQT                           *\r\n*******************************************************************************************************\r\n&quot;)" methodname="TestWithRandom" classname="Open_Lab_04._14.Tests" runstate="Runnable" seed="722203929" result="Passed" start-time="2021-12-27 14:18:11Z" end-time="2021-12-27 14:18:11Z" duration="0.021605" asserts="9363" />
            <test-case id="1071" name="TestWithRandom([&quot;JEJGUEBZOQBWTRXVVVXDLRQQRHCJBRAQBTPTKYLMTFEGEENJBKFUVKGROTONCSYWPLUAB&quot;, &quot;LXKLJGNJLMUSIQMGUR&quot;, &quot;YERJXKBGHQTJMIWZHJKBAEEHBTJKIKJQDNCZTNMAIZFTSCHKLQ&quot;, &quot;WKPMUAJHEBQXXHCGZF&quot;, &quot;FTXKSAYLOYLYYRFMGNAIZKGIYRBHMPWHFOKKZAXMVOVISCSFSUWTYWXVNOLAYRYZCESKHUNGPONLOXPWZVPSSDIIR&quot;, ...],&quot;******************************************************************************************************\r\n* JEJGUEBZOQBWTRXVVVXDLRQQRHCJBRAQBTPTKYLMTFEGEENJBKFUVKGROTONCSYWPLUAB                              *\r\n* LXKLJGNJLMUSIQMGUR                                                                                 *\r\n* YERJXKBGHQTJMIWZHJKBAEEHBTJKIKJQDNCZTNMAIZFTSCHKLQ                                                 *\r\n* WKPMUAJHEBQXXHCGZF                                                                                 *\r\n* FTXKSAYLOYLYYRFMGNAIZKGIYRBHMPWHFOKKZAXMVOVISCSFSUWTYWXVNOLAYRYZCESKHUNGPONLOXPWZVPSSDIIR          *\r\n* XKOXOEPWFOKIYXGQDKJMGPYPACBGGZVJSRXCRRZIVSRBLRWSLCZXZFIHMZX                                        *\r\n* CIPGSAPHZDZLKAQOXWDIFJVDAXKNJQQRUOGMCLILBPSID                                                      *\r\n* NYOUJPWOFTNMGVPCYJMHQWUELMORHPQMAMKLYOGBVGINYQFNWZRJ                                               *\r\n* WWQEKJXAFHPCALTLDEJCLMJNHFUGAUHYGREQTHNFIAQZSKXFMCSUIGJJMCXEOQAKZRWJHDRWQDUKVKVXIO                 *\r\n* YCMPZHUDQKJQRAFAAOOYJKVEEMZOCHZWAWCHMBWBMZAMHMCKPJUITQLNGIKMIGAJKNQVYYOYRNLJKIXS                   *\r\n* PYTMQCJKOAERJSGYRCTWGMRVVRGFBCXKSCTIHWTKH                                                          *\r\n* JXKHIUFLTGDVDDGXRZVEJMCTYGZYQUJJPWCULNIMZ                                                          *\r\n* JRHWYPBKFTPCBXUQJBUHUYXUGHAMMDRIESCLMBIKWGOPTMVFZUEHSSWKUMQRPPXCC                                  *\r\n* YJUJEHTKKNJHAUMUNRYKQLVRRZ                                                                         *\r\n* QUGIMNNOLKPQWNIHIAMMWFUCFDRQMNDSEWDPEFXTNFAJX                                                      *\r\n* BWHDNQ                                                                                             *\r\n* NPKZEDJWWCYHXMAKS                                                                                  *\r\n* DDTZQFKEEBVIIAM                                                                                    *\r\n* RGSPZBNXQDCCAPAMPAJMLNZFPZZHAOTXUIVURDEBQWJMDIEOAITIQZD                                            *\r\n* HNAACFWBJEHR                                                                                       *\r\n* GUMWHWPEMBGVKHRVLHUFRNECDZKZHDZBMUUOHMIDNYVLUESYEGXXMLCTQJSILPWICEIQMDOZYRRTRSI                    *\r\n* GMVBFCPARBYXUZRYBMJPVCLBSYYUTIBXBSBZUVDAPHYLEQFYZTSFJTDEBTJHDUHJZBWBXSEGJJZNDZWBSAVAQVOHPXYALWWVAP *\r\n* DTEAGPLWZTPABXHODZHSDMOLAUDUNMENONSHOZOKEZOOZWW                                                    *\r\n* EITWTWIRFSZM                                                                                       *\r\n* RJMPCLOEAZDKWNEYAMEYAPETIUREBCWACZNQBYXKIXEIP                                                      *\r\n* WJESEGUNKBETGHUJDXDDHWZNWBOUQCLWEWXIAIXPFOOLM                                                      *\r\n* SPQYUGFLDZJQWCRAXHPIOKKLIVZNYTIOB                                                                  *\r\n* JYERIFQSSXYJLUXFQGVETHFEPZGSNKRVPITTVGZKRVRNNYJFPTCBTX                                             *\r\n* BTZBJZYFIFDUDBEJKHLMXQSQQQBCTIQCSORZVEQLTQIHKEFDKKRTHKWLBIKSXVLAPBBOJFNGRASHHK                     *\r\n* MKXSJQWUHSGYNTXNYEISJDQTFXL                                                                        *\r\n* HSODQCYIZD                                                                                         *\r\n* JSGTWCGA                                                                                           *\r\n* TMUCZSXJTDMMFUMPDDHKVPNUDZZCJUQYXYIVXMEXEPOWQPEYUE                                                 *\r\n* ZYPREZZZATVAZMOPHLRRQZJGFBRENVAHEARZHGEVXNEEIPOJCZWMDMCAOILDIULFSNVYVOHAHVT                        *\r\n* VFXQMICNYNESYR                                                                                     *\r\n* ZUANDBYLVTQNNSWFHSZEJLVRZSXHEJDADCIFGIQBWTCW                                                       *\r\n* UOVBIXZZMBNZJNKDRHLQQJLJRZZBXIPJYVFDCFWMDAQBUGWUGXEMQGFKDLKJXYCELEAOHHBMKZMPTJPKCEVZD              *\r\n* SSPVAQVNOFYMPQF                                                                                    *\r\n* MZWSBQTQRTWZGTCCBILIZMGKQXLHRGUY                                                                   *\r\n* URVCLCCZZDGUWGUCVKHEXJ                                                                             *\r\n* S                                                                                                  *\r\n* BEEMZKZXTMCGZPFJJZJAQUQREVWNUILRDRJXXMASHWCUSW                                                     *\r\n* UBUOJQRVGONIDOLDLBKDIFIMWZQTTSWYIZBLZTBALVDJJEWEVTQSHTMOSIRKAYCOSOADNZDRZKRNCZDSCLYA               *\r\n* DRPMMTRC                                                                                           *\r\n* ANSPRUETRVPYSWBZMTFZHOZCMOXLQAGMPIJDVNIINJUDKCKUNNZZMCJMNQCCXTCQODJK                               *\r\n* YDYLWLYUWRJDCXCAHAMYXPFKFLUGDOHTAHOKBNPRLSQYTYUVZPG                                                *\r\n* WLPIYOGKQRQI                                                                                       *\r\n* PDUJSZTKVNFYHRGRZHOHEWPRFLNHFATBINDVZLGPN                                                          *\r\n* BXJKRWZTRKBAFTNDDHMMEVTDPTNKRNAYULVRIVTQILIJAIHKIWIZDANFDGUYJOCDJDGUXWUIN                          *\r\n* ETMKDHLCCUFAVTXQNBAVGTJFAXCNNMBZMGWUSTCMMGLHXIHMWGITHRQKJHJGFYPQTGOPWDYUZOJZHBHRPPQGDIS            *\r\n* QMLKJWGNRVORUSPTIOTSHQCHASQQHIMKNTYKRNKCHWIMNPXXZXXPOZNAJDKRFQFIIEEATFBVERLLHPUKU                  *\r\n* QKKXVNGYAOCSWRQZEJLWDUWCLXOBSTIAXMAVXLIQUVEMSLUUVILLYXQVOILYZEGHFCUJQUBTAVC                        *\r\n* PJJZCUGJIXCZWEHPZJQQPXGQQKDAGR                                                                     *\r\n* CVIGEZMWEXWYIZVNMNMUREMSSCSIRRGCQNZEOYCQ                                                           *\r\n* NLSSZYQVXQMUXSXJPNCGDENRTIVARZOKVHDSTATDCMUATHTUBUY                                                *\r\n* AKJIYAYQDQEXBCYQPEPPUYEQKNYLPAYWBEKLXUU                                                            *\r\n* BCALIWYRICFWEIPBGSXKCMBCRIWXRNSUKWOSYSIOOGDMVBRSPJFFWJROAXUZZBZVKKMIUWCNJJW                        *\r\n******************************************************************************************************\r\n&quot;)" fullname="Open_Lab_04._14.Tests.TestWithRandom([&quot;JEJGUEBZOQBWTRXVVVXDLRQQRHCJBRAQBTPTKYLMTFEGEENJBKFUVKGROTONCSYWPLUAB&quot;, &quot;LXKLJGNJLMUSIQMGUR&quot;, &quot;YERJXKBGHQTJMIWZHJKBAEEHBTJKIKJQDNCZTNMAIZFTSCHKLQ&quot;, &quot;WKPMUAJHEBQXXHCGZF&quot;, &quot;FTXKSAYLOYLYYRFMGNAIZKGIYRBHMPWHFOKKZAXMVOVISCSFSUWTYWXVNOLAYRYZCESKHUNGPONLOXPWZVPSSDIIR&quot;, ...],&quot;******************************************************************************************************\r\n* JEJGUEBZOQBWTRXVVVXDLRQQRHCJBRAQBTPTKYLMTFEGEENJBKFUVKGROTONCSYWPLUAB                              *\r\n* LXKLJGNJLMUSIQMGUR                                                                                 *\r\n* YERJXKBGHQTJMIWZHJKBAEEHBTJKIKJQDNCZTNMAIZFTSCHKLQ                                                 *\r\n* WKPMUAJHEBQXXHCGZF                                                                                 *\r\n* FTXKSAYLOYLYYRFMGNAIZKGIYRBHMPWHFOKKZAXMVOVISCSFSUWTYWXVNOLAYRYZCESKHUNGPONLOXPWZVPSSDIIR          *\r\n* XKOXOEPWFOKIYXGQDKJMGPYPACBGGZVJSRXCRRZIVSRBLRWSLCZXZFIHMZX                                        *\r\n* CIPGSAPHZDZLKAQOXWDIFJVDAXKNJQQRUOGMCLILBPSID                                                      *\r\n* NYOUJPWOFTNMGVPCYJMHQWUELMORHPQMAMKLYOGBVGINYQFNWZRJ                                               *\r\n* WWQEKJXAFHPCALTLDEJCLMJNHFUGAUHYGREQTHNFIAQZSKXFMCSUIGJJMCXEOQAKZRWJHDRWQDUKVKVXIO                 *\r\n* YCMPZHUDQKJQRAFAAOOYJKVEEMZOCHZWAWCHMBWBMZAMHMCKPJUITQLNGIKMIGAJKNQVYYOYRNLJKIXS                   *\r\n* PYTMQCJKOAERJSGYRCTWGMRVVRGFBCXKSCTIHWTKH                                                          *\r\n* JXKHIUFLTGDVDDGXRZVEJMCTYGZYQUJJPWCULNIMZ                                                          *\r\n* JRHWYPBKFTPCBXUQJBUHUYXUGHAMMDRIESCLMBIKWGOPTMVFZUEHSSWKUMQRPPXCC                                  *\r\n* YJUJEHTKKNJHAUMUNRYKQLVRRZ                                                                         *\r\n* QUGIMNNOLKPQWNIHIAMMWFUCFDRQMNDSEWDPEFXTNFAJX                                                      *\r\n* BWHDNQ                                                                                             *\r\n* NPKZEDJWWCYHXMAKS                                                                                  *\r\n* DDTZQFKEEBVIIAM                                                                                    *\r\n* RGSPZBNXQDCCAPAMPAJMLNZFPZZHAOTXUIVURDEBQWJMDIEOAITIQZD                                            *\r\n* HNAACFWBJEHR                                                                                       *\r\n* GUMWHWPEMBGVKHRVLHUFRNECDZKZHDZBMUUOHMIDNYVLUESYEGXXMLCTQJSILPWICEIQMDOZYRRTRSI                    *\r\n* GMVBFCPARBYXUZRYBMJPVCLBSYYUTIBXBSBZUVDAPHYLEQFYZTSFJTDEBTJHDUHJZBWBXSEGJJZNDZWBSAVAQVOHPXYALWWVAP *\r\n* DTEAGPLWZTPABXHODZHSDMOLAUDUNMENONSHOZOKEZOOZWW                                                    *\r\n* EITWTWIRFSZM                                                                                       *\r\n* RJMPCLOEAZDKWNEYAMEYAPETIUREBCWACZNQBYXKIXEIP                                                      *\r\n* WJESEGUNKBETGHUJDXDDHWZNWBOUQCLWEWXIAIXPFOOLM                                                      *\r\n* SPQYUGFLDZJQWCRAXHPIOKKLIVZNYTIOB                                                                  *\r\n* JYERIFQSSXYJLUXFQGVETHFEPZGSNKRVPITTVGZKRVRNNYJFPTCBTX                                             *\r\n* BTZBJZYFIFDUDBEJKHLMXQSQQQBCTIQCSORZVEQLTQIHKEFDKKRTHKWLBIKSXVLAPBBOJFNGRASHHK                     *\r\n* MKXSJQWUHSGYNTXNYEISJDQTFXL                                                                        *\r\n* HSODQCYIZD                                                                                         *\r\n* JSGTWCGA                                                                                           *\r\n* TMUCZSXJTDMMFUMPDDHKVPNUDZZCJUQYXYIVXMEXEPOWQPEYUE                                                 *\r\n* ZYPREZZZATVAZMOPHLRRQZJGFBRENVAHEARZHGEVXNEEIPOJCZWMDMCAOILDIULFSNVYVOHAHVT                        *\r\n* VFXQMICNYNESYR                                                                                     *\r\n* ZUANDBYLVTQNNSWFHSZEJLVRZSXHEJDADCIFGIQBWTCW                                                       *\r\n* UOVBIXZZMBNZJNKDRHLQQJLJRZZBXIPJYVFDCFWMDAQBUGWUGXEMQGFKDLKJXYCELEAOHHBMKZMPTJPKCEVZD              *\r\n* SSPVAQVNOFYMPQF                                                                                    *\r\n* MZWSBQTQRTWZGTCCBILIZMGKQXLHRGUY                                                                   *\r\n* URVCLCCZZDGUWGUCVKHEXJ                                                                             *\r\n* S                                                                                                  *\r\n* BEEMZKZXTMCGZPFJJZJAQUQREVWNUILRDRJXXMASHWCUSW                                                     *\r\n* UBUOJQRVGONIDOLDLBKDIFIMWZQTTSWYIZBLZTBALVDJJEWEVTQSHTMOSIRKAYCOSOADNZDRZKRNCZDSCLYA               *\r\n* DRPMMTRC                                                                                           *\r\n* ANSPRUETRVPYSWBZMTFZHOZCMOXLQAGMPIJDVNIINJUDKCKUNNZZMCJMNQCCXTCQODJK                               *\r\n* YDYLWLYUWRJDCXCAHAMYXPFKFLUGDOHTAHOKBNPRLSQYTYUVZPG                                                *\r\n* WLPIYOGKQRQI                                                                                       *\r\n* PDUJSZTKVNFYHRGRZHOHEWPRFLNHFATBINDVZLGPN                                                          *\r\n* BXJKRWZTRKBAFTNDDHMMEVTDPTNKRNAYULVRIVTQILIJAIHKIWIZDANFDGUYJOCDJDGUXWUIN                          *\r\n* ETMKDHLCCUFAVTXQNBAVGTJFAXCNNMBZMGWUSTCMMGLHXIHMWGITHRQKJHJGFYPQTGOPWDYUZOJZHBHRPPQGDIS            *\r\n* QMLKJWGNRVORUSPTIOTSHQCHASQQHIMKNTYKRNKCHWIMNPXXZXXPOZNAJDKRFQFIIEEATFBVERLLHPUKU                  *\r\n* QKKXVNGYAOCSWRQZEJLWDUWCLXOBSTIAXMAVXLIQUVEMSLUUVILLYXQVOILYZEGHFCUJQUBTAVC                        *\r\n* PJJZCUGJIXCZWEHPZJQQPXGQQKDAGR                                                                     *\r\n* CVIGEZMWEXWYIZVNMNMUREMSSCSIRRGCQNZEOYCQ                                                           *\r\n* NLSSZYQVXQMUXSXJPNCGDENRTIVARZOKVHDSTATDCMUATHTUBUY                                                *\r\n* AKJIYAYQDQEXBCYQPEPPUYEQKNYLPAYWBEKLXUU                                                            *\r\n* BCALIWYRICFWEIPBGSXKCMBCRIWXRNSUKWOSYSIOOGDMVBRSPJFFWJROAXUZZBZVKKMIUWCNJJW                        *\r\n******************************************************************************************************\r\n&quot;)" methodname="TestWithRandom" classname="Open_Lab_04._14.Tests" runstate="Runnable" seed="1798479483" result="Passed" start-time="2021-12-27 14:18:11Z" end-time="2021-12-27 14:18:11Z" duration="0.015775" asserts="6080" />
            <test-case id="1072" name="TestWithRandom([&quot;PHQQEHIHNXAFZSBYIPMHHBKPJYSGRVNNVEKPDJ&quot;, &quot;TROXNMDUEBPBUKOCNWAHFOBPRJNJVHLUZUSPTEWCFEOECUTDHCWSDBPEQYFDZUZWQVBARZJIAYBBAXNXQK&quot;, &quot;SLSRXE&quot;, &quot;ZVZSDLFSNGSTLITNSEANESKINPSGKYEEVDZNJHUQWHJGEWYSZXZMXQ&quot;, &quot;GKQEOSYHPCOYIIFELKKRXJEDRRAGNYSGETTD&quot;, ...],&quot;*******************************************************************************************************\r\n* PHQQEHIHNXAFZSBYIPMHHBKPJYSGRVNNVEKPDJ                                                              *\r\n* TROXNMDUEBPBUKOCNWAHFOBPRJNJVHLUZUSPTEWCFEOECUTDHCWSDBPEQYFDZUZWQVBARZJIAYBBAXNXQK                  *\r\n* SLSRXE                                                                                              *\r\n* ZVZSDLFSNGSTLITNSEANESKINPSGKYEEVDZNJHUQWHJGEWYSZXZMXQ                                              *\r\n* GKQEOSYHPCOYIIFELKKRXJEDRRAGNYSGETTD                                                                *\r\n* CGXXZUEPYPJUTOBNZMXGMNXSSUQKHTOPBLJEMTXOAOSBQMUKQTFHVXGOIFFFDTIEAUSHEXAFO                           *\r\n* GYUVBFZFUNOGTEFUVHOSLGGOAWUMFSTZTN                                                                  *\r\n* HTNDAFXZUQTANCKCTRWXZSGVFKNABUONGNXAIEOMNHLXGVGJVQAIWPRONRXPSXXZCG                                  *\r\n* AEJUPDKKSGJOJEDELUGQQVJNQGYTQJMVABGFLWLFMFZIDDNLPSMFWPDEVWDIEQTIUONIXXTOJADKWAJ                     *\r\n* SNDXXGZLXBJPSCAWLQNPQFNRZXVVLTIUMQPRMWKNOBLWODWGA                                                   *\r\n* YFNUWNAMYZKDZETODBMJJPGZAOTR                                                                        *\r\n* VBPVEUCHSUCRAY                                                                                      *\r\n* CKBHCZAUUQXJZNTHTJICYVIVJRGLHKSJQVXPNMODVHU                                                         *\r\n* HLCUYNIHRWMGCGXLTO                                                                                  *\r\n* JYNSEPDUHUFGRAEOYOMMTCKRUIQNGOCKGTLGTSYEVTBNMPUFXSZ                                                 *\r\n* GCTHNWXVZPNSRUZXPYUFPHRABXEFNKPOPFDEADSXUCFFFIVSPXQZXTHZKTGQRSIPAZDLQVXLFXLNCMUSBMPQTPQVXE          *\r\n* GXBGBUPFGEJBUAEUAIUWYZNPEDRVKIHOMAQODRJSMHNNRKUPPVQNDHVHJMBXCUUYWVPTKPQJYBKRLA                      *\r\n* TJBFOSUKEFIFRPLPSMPQVVAFZEGOBXEWJOHOBOGFCLKOBKZTMMSFVJDXIVFJMGIHBLVDIXODGJOJLMEPFMBPEYAAKJFFIW      *\r\n* WCCNQOWLPXOZLUTMWRQEZETDCKVSYRJUJQSHJYNAIBLRQZPFRXINSRURJZKFSEMYOUPVCMCXDPWX                        *\r\n* BNCVQABIVCRVAXKOIHEPNCVKTCFUKJCVXYHMHJCDKPTRXZBOSJVHRIFZRSCNVHYMAWYBQYGZ                            *\r\n* AEYJEMUBRBBOUDPTIUOHOI                                                                              *\r\n* RHRBAZXUCVCR                                                                                        *\r\n* GPMGHMDFXXFSJ                                                                                       *\r\n* IDRSQRBHCNLTBTHYSRMLNSIIZCEXUJLI                                                                    *\r\n* RPQLDLZBZMZVNKKXYEOGYVPVJSONENTBCDKEQNPGNKNFINLSUZVEXCSWZVBKXMXM                                    *\r\n* YSKZFHLPHSNHJMWHVSEROEAKNFULEIANAMKUASOSJOPJFOPJFCCTSUFTSAMAMAKYSAGXBBGCEMIZ                        *\r\n* QFYPLGBGHUFHQCAGNFJEQREHRHDWZPGMFEBUNLBTISKFAQLZGWQGZVYYAR                                          *\r\n* DDFHSOTBMAGTCEPVYGYHBWDPCYZNJGCTWNXQCKSRHPYZACNBJAZRCKWHZQETOGRFXMXOHZSOOHZMXDPALXDJHKRMRQQ         *\r\n* FYDBXTCNFYUKILDUKKJWAEIQCIYMVLXQIFIQEYPEBBUMDSBVHW                                                  *\r\n* HGULAQM                                                                                             *\r\n* OVQSTBDCCCMQMUFVYJWNKHCEYJQKOTHARAAJKJALZQYTUFPMAZMRTZOHSMTKKTOIUMZMUWKPIKOTIIJSUDKOGQGSLSQYPQ      *\r\n* GC                                                                                                  *\r\n* ZIGDRDOXIJKUZJCBQGIZCDGGACGLZSKIRSJBLQMGZJIXHQTGVOATXCNVBADPX                                       *\r\n* XQYCDHABPZUB                                                                                        *\r\n* TVJZJJZQLRQKOFOZLNWJWLSYFNLGUZBYVDUZSBTGXMMYHRPCLBDMXSCHDLUWXSVLQSPLKOHKTQLKYTQNXJVTVOACAMWHHXIFRAI *\r\n* BDRWTTSHHSIKUGYNXCQBRMKYSACWHGTXLALTSYZBWTVHDLMAYVHOKGYOTSDTQ                                       *\r\n* ZAZLZTUEUYDOFXRDVHNCXLZENECWAAVFKZUUISMSFTBILWBAXPXWFOYNBUXURYDUDXEFDWVCUUWDKQTRCBZKCY              *\r\n* VB                                                                                                  *\r\n* TNUSBHQGENRVXAUUCKSUCKBGR                                                                           *\r\n* ZSSFXIEXDHICTONDMFZHEYQHWPDGDILNALIXOZQJRAXNMARDHYYVHKLACKIHEY                                      *\r\n* VWUBHGQPNPPPEADUWYZZEJPFPZHUDQIETGCQRYJXQJLGSUHAZPMJFZPLGOLHYWLWGKWXXMDXOCIU                        *\r\n* JNVSHUNDZZTRRKCMCYUYOZHXJCNMPVDQUNWBQPRBXTHLCGGBAKMDOWIKGXJEHBODWDXDNBWNHSAVRVUDWLMEJACXEMUS        *\r\n* MTWFDPZJCNZOZVVVNSKDFIWP                                                                            *\r\n* UVBZZBGDHUZEQOGVUTXMPJEGBRUKPAEXGVITYJD                                                             *\r\n* SKSBWRWDEHLPYCULRUYIHWOGQBXVFMXLPLUFRDKKUQFHOOYE                                                    *\r\n* XBDL                                                                                                *\r\n* FVWLKUTBYRKAZNHPTOJNOQRHSBCTUHKTZUFZJGSQRSROWOPLXLENUXHOEPTJRAHQGRAFHIFNVTWVZCKEMRV                 *\r\n* DXYCMRUUNJYQKBHFNJDOGRSABLPBEOXZ                                                                    *\r\n* ZNJSYSQNLZMUFKXUF                                                                                   *\r\n* COHCMEYBBCTPYLYMLOYMPRNBURFGVARGZXVLXWAEUXRNUWBAWSZJWTBKBFIVYSFAL                                   *\r\n* QAQNPONTRSAZHXPFKCBHKFWKJROFFCRQCIGAJIDKWCBJKBYK                                                    *\r\n* THCYDBKEGEXZIOOAJXYRP                                                                               *\r\n* BZRLHEMAISEAMUPSYGVWDEFKNNNJADZSPXGCHSTGRFWFVICTKRZSVTSXTHXTRDZESLKOOMLFMPEXIAOFLTYJE               *\r\n* XWEIJAVAOOGSMKYNFYGUGFPVPTSR                                                                        *\r\n* YFQZLONKFDLJMAPQQOEHYNZDKARHJTPH                                                                    *\r\n* RQJQSAWKDZVVKUE                                                                                     *\r\n* EZFNJKKFMPKWGBMNDGUKGAXNIXUOEIZGMHEUKUUHGDDCQZECNHREZUSDBSFMPWBEPDJYWSDIMMEDWVWISSAWQVHSPBSSPHSJCY  *\r\n* MPGGUEJSMQPGGVWTWVEOTWRIUZKTEUUAXIKSMMGSHDUBZUMWSN                                                  *\r\n* OYKSQYXLVTPNRWOIYLDGKPMHQCQJANOAQZFCNPUUPBKYRQCFKLOLPGKYMDCNHNLIFPWSQMVIQIRJENPAZK                  *\r\n* OYCKJOGQKMGNBQCSCTKOYQFUGPBUYNCOWPWJCEMDJWKWKVPTBUNGPWAYTIDTNMRXKSQMTTPYGGFBFJJLAISDZVYAOXQUATQ     *\r\n* ENMSFCZIFPZJRYTJYSTEUOXOTPXVDVYNPIWRXRGXIJYKWPJQEGWHZLCQQYYPFDFJRMTJCBMGMVWKPNSEGHQWYQNEF           *\r\n* BZTQSEEOSJVANDUPVEPRBC                                                                              *\r\n* TJXMJLAYPDWANNVDRGAUIIGT                                                                            *\r\n* CIUJONEYTZHURUDRLGWQDHCABYKAHXLCEZGCGPBPSBTONIZLXCXCK                                               *\r\n* KUGUIPDDRVNF                                                                                        *\r\n* SOALWFGYCNNNSZYDFAJSBOMWMGLMPJYAHSGXXRBWDEIHSGQQEALVEMPEBEZPUTJ                                     *\r\n* PNFZSAFOZMOWGEDFQUIOYCWVDCVSRLCKVQSFAQYDUXVRXSXXATZALUUMQKWPEMWNKEAPMY                              *\r\n* AVFUAHEXKEYSYMCYBWFO                                                                                *\r\n* UIYHBIHTRIKCOYEGZTFMNLKGUYBIFZTHJOGNGMYYWETWOQJNXSBCACCIXSNCHYN                                     *\r\n* ODSZSQZNVGPJSOSEONKNXRGHMXPOZVRYQAIKXJUHTOHTMTQJZJNTOAVXWLNVBLNZORSSFHGFS                           *\r\n* TJJMUSGFOQHYJQ                                                                                      *\r\n* KNLWZFIAHFVBYESCIBKG                                                                                *\r\n* NKRUOVWXRQHBNUUUISXLIBHYRIBWNYWYKTXDTBLJLDQPNZ                                                      *\r\n* JXHAIMUDLCSDGUAJSTIRTXQAHHOAFLSKSXSYGYOMPPLA                                                        *\r\n* YEPK                                                                                                *\r\n* XVFHRLGGSAYUYAKILJBBCTFWCEMQZJCYPKNWFKFHRZGNNVRKPSMVNIREQIFNYQGJXAENNOCADUKDNRJ                     *\r\n* MCAHWHLHTJGWFSIASWPNREXBQMS                                                                         *\r\n* YOQZZYBWQZNQOXUEIFVLMJKRBWPIFYQJPSIESGXGRMKTIZYTJSTLQGFODZXCISQRJDBWOPLB                            *\r\n* OUAZRICYVYMFFTIMUATJUYYVTKEYBF                                                                      *\r\n* HSDBLFPMQVEMUEMDKSJUOSRNQWEGHEDWQEFMCRWGEODOPLERGGUFSLFOAQLPBJFMRIWPYZBTVCPAPD                      *\r\n* FSNZAJYEFYQMMGHFVIQWHOOSHEBKPVFZWTFXOKFCTDRRIMPMOXUSYHPREURVIOPJTQPSAJRLDODDXXKUPOVRBMAPD           *\r\n* TTSJUFOHXRXWLEGJPKDLTGKWGUSXIGPAOMQXSTTXPPZSXSCQLRXQLSU                                             *\r\n*******************************************************************************************************\r\n&quot;)" fullname="Open_Lab_04._14.Tests.TestWithRandom([&quot;PHQQEHIHNXAFZSBYIPMHHBKPJYSGRVNNVEKPDJ&quot;, &quot;TROXNMDUEBPBUKOCNWAHFOBPRJNJVHLUZUSPTEWCFEOECUTDHCWSDBPEQYFDZUZWQVBARZJIAYBBAXNXQK&quot;, &quot;SLSRXE&quot;, &quot;ZVZSDLFSNGSTLITNSEANESKINPSGKYEEVDZNJHUQWHJGEWYSZXZMXQ&quot;, &quot;GKQEOSYHPCOYIIFELKKRXJEDRRAGNYSGETTD&quot;, ...],&quot;*******************************************************************************************************\r\n* PHQQEHIHNXAFZSBYIPMHHBKPJYSGRVNNVEKPDJ                                                              *\r\n* TROXNMDUEBPBUKOCNWAHFOBPRJNJVHLUZUSPTEWCFEOECUTDHCWSDBPEQYFDZUZWQVBARZJIAYBBAXNXQK                  *\r\n* SLSRXE                                                                                              *\r\n* ZVZSDLFSNGSTLITNSEANESKINPSGKYEEVDZNJHUQWHJGEWYSZXZMXQ                                              *\r\n* GKQEOSYHPCOYIIFELKKRXJEDRRAGNYSGETTD                                                                *\r\n* CGXXZUEPYPJUTOBNZMXGMNXSSUQKHTOPBLJEMTXOAOSBQMUKQTFHVXGOIFFFDTIEAUSHEXAFO                           *\r\n* GYUVBFZFUNOGTEFUVHOSLGGOAWUMFSTZTN                                                                  *\r\n* HTNDAFXZUQTANCKCTRWXZSGVFKNABUONGNXAIEOMNHLXGVGJVQAIWPRONRXPSXXZCG                                  *\r\n* AEJUPDKKSGJOJEDELUGQQVJNQGYTQJMVABGFLWLFMFZIDDNLPSMFWPDEVWDIEQTIUONIXXTOJADKWAJ                     *\r\n* SNDXXGZLXBJPSCAWLQNPQFNRZXVVLTIUMQPRMWKNOBLWODWGA                                                   *\r\n* YFNUWNAMYZKDZETODBMJJPGZAOTR                                                                        *\r\n* VBPVEUCHSUCRAY                                                                                      *\r\n* CKBHCZAUUQXJZNTHTJICYVIVJRGLHKSJQVXPNMODVHU                                                         *\r\n* HLCUYNIHRWMGCGXLTO                                                                                  *\r\n* JYNSEPDUHUFGRAEOYOMMTCKRUIQNGOCKGTLGTSYEVTBNMPUFXSZ                                                 *\r\n* GCTHNWXVZPNSRUZXPYUFPHRABXEFNKPOPFDEADSXUCFFFIVSPXQZXTHZKTGQRSIPAZDLQVXLFXLNCMUSBMPQTPQVXE          *\r\n* GXBGBUPFGEJBUAEUAIUWYZNPEDRVKIHOMAQODRJSMHNNRKUPPVQNDHVHJMBXCUUYWVPTKPQJYBKRLA                      *\r\n* TJBFOSUKEFIFRPLPSMPQVVAFZEGOBXEWJOHOBOGFCLKOBKZTMMSFVJDXIVFJMGIHBLVDIXODGJOJLMEPFMBPEYAAKJFFIW      *\r\n* WCCNQOWLPXOZLUTMWRQEZETDCKVSYRJUJQSHJYNAIBLRQZPFRXINSRURJZKFSEMYOUPVCMCXDPWX                        *\r\n* BNCVQABIVCRVAXKOIHEPNCVKTCFUKJCVXYHMHJCDKPTRXZBOSJVHRIFZRSCNVHYMAWYBQYGZ                            *\r\n* AEYJEMUBRBBOUDPTIUOHOI                                                                              *\r\n* RHRBAZXUCVCR                                                                                        *\r\n* GPMGHMDFXXFSJ                                                                                       *\r\n* IDRSQRBHCNLTBTHYSRMLNSIIZCEXUJLI                                                                    *\r\n* RPQLDLZBZMZVNKKXYEOGYVPVJSONENTBCDKEQNPGNKNFINLSUZVEXCSWZVBKXMXM                                    *\r\n* YSKZFHLPHSNHJMWHVSEROEAKNFULEIANAMKUASOSJOPJFOPJFCCTSUFTSAMAMAKYSAGXBBGCEMIZ                        *\r\n* QFYPLGBGHUFHQCAGNFJEQREHRHDWZPGMFEBUNLBTISKFAQLZGWQGZVYYAR                                          *\r\n* DDFHSOTBMAGTCEPVYGYHBWDPCYZNJGCTWNXQCKSRHPYZACNBJAZRCKWHZQETOGRFXMXOHZSOOHZMXDPALXDJHKRMRQQ         *\r\n* FYDBXTCNFYUKILDUKKJWAEIQCIYMVLXQIFIQEYPEBBUMDSBVHW                                                  *\r\n* HGULAQM                                                                                             *\r\n* OVQSTBDCCCMQMUFVYJWNKHCEYJQKOTHARAAJKJALZQYTUFPMAZMRTZOHSMTKKTOIUMZMUWKPIKOTIIJSUDKOGQGSLSQYPQ      *\r\n* GC                                                                                                  *\r\n* ZIGDRDOXIJKUZJCBQGIZCDGGACGLZSKIRSJBLQMGZJIXHQTGVOATXCNVBADPX                                       *\r\n* XQYCDHABPZUB                                                                                        *\r\n* TVJZJJZQLRQKOFOZLNWJWLSYFNLGUZBYVDUZSBTGXMMYHRPCLBDMXSCHDLUWXSVLQSPLKOHKTQLKYTQNXJVTVOACAMWHHXIFRAI *\r\n* BDRWTTSHHSIKUGYNXCQBRMKYSACWHGTXLALTSYZBWTVHDLMAYVHOKGYOTSDTQ                                       *\r\n* ZAZLZTUEUYDOFXRDVHNCXLZENECWAAVFKZUUISMSFTBILWBAXPXWFOYNBUXURYDUDXEFDWVCUUWDKQTRCBZKCY              *\r\n* VB                                                                                                  *\r\n* TNUSBHQGENRVXAUUCKSUCKBGR                                                                           *\r\n* ZSSFXIEXDHICTONDMFZHEYQHWPDGDILNALIXOZQJRAXNMARDHYYVHKLACKIHEY                                      *\r\n* VWUBHGQPNPPPEADUWYZZEJPFPZHUDQIETGCQRYJXQJLGSUHAZPMJFZPLGOLHYWLWGKWXXMDXOCIU                        *\r\n* JNVSHUNDZZTRRKCMCYUYOZHXJCNMPVDQUNWBQPRBXTHLCGGBAKMDOWIKGXJEHBODWDXDNBWNHSAVRVUDWLMEJACXEMUS        *\r\n* MTWFDPZJCNZOZVVVNSKDFIWP                                                                            *\r\n* UVBZZBGDHUZEQOGVUTXMPJEGBRUKPAEXGVITYJD                                                             *\r\n* SKSBWRWDEHLPYCULRUYIHWOGQBXVFMXLPLUFRDKKUQFHOOYE                                                    *\r\n* XBDL                                                                                                *\r\n* FVWLKUTBYRKAZNHPTOJNOQRHSBCTUHKTZUFZJGSQRSROWOPLXLENUXHOEPTJRAHQGRAFHIFNVTWVZCKEMRV                 *\r\n* DXYCMRUUNJYQKBHFNJDOGRSABLPBEOXZ                                                                    *\r\n* ZNJSYSQNLZMUFKXUF                                                                                   *\r\n* COHCMEYBBCTPYLYMLOYMPRNBURFGVARGZXVLXWAEUXRNUWBAWSZJWTBKBFIVYSFAL                                   *\r\n* QAQNPONTRSAZHXPFKCBHKFWKJROFFCRQCIGAJIDKWCBJKBYK                                                    *\r\n* THCYDBKEGEXZIOOAJXYRP                                                                               *\r\n* BZRLHEMAISEAMUPSYGVWDEFKNNNJADZSPXGCHSTGRFWFVICTKRZSVTSXTHXTRDZESLKOOMLFMPEXIAOFLTYJE               *\r\n* XWEIJAVAOOGSMKYNFYGUGFPVPTSR                                                                        *\r\n* YFQZLONKFDLJMAPQQOEHYNZDKARHJTPH                                                                    *\r\n* RQJQSAWKDZVVKUE                                                                                     *\r\n* EZFNJKKFMPKWGBMNDGUKGAXNIXUOEIZGMHEUKUUHGDDCQZECNHREZUSDBSFMPWBEPDJYWSDIMMEDWVWISSAWQVHSPBSSPHSJCY  *\r\n* MPGGUEJSMQPGGVWTWVEOTWRIUZKTEUUAXIKSMMGSHDUBZUMWSN                                                  *\r\n* OYKSQYXLVTPNRWOIYLDGKPMHQCQJANOAQZFCNPUUPBKYRQCFKLOLPGKYMDCNHNLIFPWSQMVIQIRJENPAZK                  *\r\n* OYCKJOGQKMGNBQCSCTKOYQFUGPBUYNCOWPWJCEMDJWKWKVPTBUNGPWAYTIDTNMRXKSQMTTPYGGFBFJJLAISDZVYAOXQUATQ     *\r\n* ENMSFCZIFPZJRYTJYSTEUOXOTPXVDVYNPIWRXRGXIJYKWPJQEGWHZLCQQYYPFDFJRMTJCBMGMVWKPNSEGHQWYQNEF           *\r\n* BZTQSEEOSJVANDUPVEPRBC                                                                              *\r\n* TJXMJLAYPDWANNVDRGAUIIGT                                                                            *\r\n* CIUJONEYTZHURUDRLGWQDHCABYKAHXLCEZGCGPBPSBTONIZLXCXCK                                               *\r\n* KUGUIPDDRVNF                                                                                        *\r\n* SOALWFGYCNNNSZYDFAJSBOMWMGLMPJYAHSGXXRBWDEIHSGQQEALVEMPEBEZPUTJ                                     *\r\n* PNFZSAFOZMOWGEDFQUIOYCWVDCVSRLCKVQSFAQYDUXVRXSXXATZALUUMQKWPEMWNKEAPMY                              *\r\n* AVFUAHEXKEYSYMCYBWFO                                                                                *\r\n* UIYHBIHTRIKCOYEGZTFMNLKGUYBIFZTHJOGNGMYYWETWOQJNXSBCACCIXSNCHYN                                     *\r\n* ODSZSQZNVGPJSOSEONKNXRGHMXPOZVRYQAIKXJUHTOHTMTQJZJNTOAVXWLNVBLNZORSSFHGFS                           *\r\n* TJJMUSGFOQHYJQ                                                                                      *\r\n* KNLWZFIAHFVBYESCIBKG                                                                                *\r\n* NKRUOVWXRQHBNUUUISXLIBHYRIBWNYWYKTXDTBLJLDQPNZ                                                      *\r\n* JXHAIMUDLCSDGUAJSTIRTXQAHHOAFLSKSXSYGYOMPPLA                                                        *\r\n* YEPK                                                                                                *\r\n* XVFHRLGGSAYUYAKILJBBCTFWCEMQZJCYPKNWFKFHRZGNNVRKPSMVNIREQIFNYQGJXAENNOCADUKDNRJ                     *\r\n* MCAHWHLHTJGWFSIASWPNREXBQMS                                                                         *\r\n* YOQZZYBWQZNQOXUEIFVLMJKRBWPIFYQJPSIESGXGRMKTIZYTJSTLQGFODZXCISQRJDBWOPLB                            *\r\n* OUAZRICYVYMFFTIMUATJUYYVTKEYBF                                                                      *\r\n* HSDBLFPMQVEMUEMDKSJUOSRNQWEGHEDWQEFMCRWGEODOPLERGGUFSLFOAQLPBJFMRIWPYZBTVCPAPD                      *\r\n* FSNZAJYEFYQMMGHFVIQWHOOSHEBKPVFZWTFXOKFCTDRRIMPMOXUSYHPREURVIOPJTQPSAJRLDODDXXKUPOVRBMAPD           *\r\n* TTSJUFOHXRXWLEGJPKDLTGKWGUSXIGPAOMQXSTTXPPZSXSCQLRXQLSU                                             *\r\n*******************************************************************************************************\r\n&quot;)" methodname="TestWithRandom" classname="Open_Lab_04._14.Tests" runstate="Runnable" seed="248117706" result="Passed" start-time="2021-12-27 14:18:11Z" end-time="2021-12-27 14:18:11Z" duration="0.018268" asserts="8739" />
            <test-case id="1073" name="TestWithRandom([&quot;VDANRYQBWHZOJQVQFWEHRZNRBLQJZOWSDNXQT&quot;, &quot;XQJQALDCCBCZFWPFRVPILFHHCILGKVSEWUYNXBYBNYJ&quot;, &quot;GZIACYWBALZSIBOSAXRGIXDKXCHQXOUMVSACZKDMZRELVFFWNGBQHCGIWYCA&quot;, &quot;FEMQMWQALSPTFHRTRPRWLDRMEFTLRGBIDVTMRVJJPVBNMXCVOPFJKDFCNAMHDEIER&quot;, &quot;PJOECVFIHQBDZGDYWCBSXZQQZRJ&quot;, ...],&quot;******************************************************************************************************\r\n* VDANRYQBWHZOJQVQFWEHRZNRBLQJZOWSDNXQT                                                              *\r\n* XQJQALDCCBCZFWPFRVPILFHHCILGKVSEWUYNXBYBNYJ                                                        *\r\n* GZIACYWBALZSIBOSAXRGIXDKXCHQXOUMVSACZKDMZRELVFFWNGBQHCGIWYCA                                       *\r\n* FEMQMWQALSPTFHRTRPRWLDRMEFTLRGBIDVTMRVJJPVBNMXCVOPFJKDFCNAMHDEIER                                  *\r\n* PJOECVFIHQBDZGDYWCBSXZQQZRJ                                                                        *\r\n* GKMXWFHS                                                                                           *\r\n* KNJDCVPBJAFDFHGDYIQTXFKMDCW                                                                        *\r\n* EGTYKRMPSPVDBPQQ                                                                                   *\r\n* YBDFTYWRZJECWZA                                                                                    *\r\n* LXCGHTNURLJNMSIOUIFATYKIXGLHHMVPVEPRNKWFNIOIOJFHBQIOTZFNMTJAIGMEQTRHCQBJLANKJCTNBDGREHWWZCETAWXGW  *\r\n* RVSXFKOYCTLUEKZWZEAUZJXVIALHJPDGOYKYVEYVCF                                                         *\r\n* CLEYUUEXSGBLIYXOFZHP                                                                               *\r\n* QEGFZBAVGERTEUJEBRNESKAMNCZXPTWVQSMGXSVSDBMBJRED                                                   *\r\n* JDIULTFETSXBDFMIWDLIDHIWUAQYYCVXWKGPOBFZGCDAXQAWZTN                                                *\r\n* TVJCUMZKCGFQWZFSZWUVXMBADIYEAUZFPHEAAEVCBVWAWMDXKIXCYSQG                                           *\r\n* JYLNVKIHABPVFRUBSTCQBEQEATRWXGXQXHRFJOGKNTWLOCFQCAGYOQSEHHNBSLJTEYYXZPRENRCH                       *\r\n* FPYNAUWAYCGOMYCBESCJDHPDHQNICL                                                                     *\r\n* OKXCRONRRNSFWRJMRPCIZAYEYAUGJGNYNFRDPWKMRAKWKBTMYDWSZCXOMTDRUHHKZTRQZFXVFQRYPBTWGIHGKUZ            *\r\n* IDRWSTRJTZWRKDMTGANILYYKZGKMABAEUHHWOBCLYH                                                         *\r\n* QFCMDVOZJGQYKEGWLIFJR                                                                              *\r\n* SWCVPEFYCKETIFXUHQLBQXDIXSHERCSXNRMFJHFJULEGURVBZRAPXPIUSUYXXAGZRGFRSRKAKCHETXNFWGFZBDAXISMOIIMTE  *\r\n* OOLEIHHAEVIDBVHTBRVH                                                                               *\r\n* NGHIAFVRCQOAOIZTRYXSBZEPERRHPGUXXHAHEVICLICFTDNMHZJTXOWOCRDINOCVVQCGHRPVPVHSXYWBEEZQWBAJLMF        *\r\n* SZOXGGKDBGEQJODCHDRDVCEIOLZTQTVVMCDQGJLQOSAXAJGIYX                                                 *\r\n* HUCRPVF                                                                                            *\r\n* UGRNHLIDHKNWXRAODCGIFFRUSRNBKKNVAB                                                                 *\r\n* KXESMRFZXLBEPTNONOWDPPWVPYHTWXSVWAQRYJURZFTJRNXIXWZGDXBUBJCOKMDATF                                 *\r\n* OCVQETFEJWNDCAZWZXLRYZVQOGGHNCT                                                                    *\r\n* LFJFBGVNYTRYNGANLPDCIOIPGFBXMYQHDXRXQTUTCYTFHXCIGSWXZQHXWTYWE                                      *\r\n* AACKVQOCXRUJAJVDIJCSRUBTHMPUBXVYOEYSDWCMUDVFCPPXCTLPTMFFYICIATBZWWVVLCZLHQYNYWRSXRSHMGFCZS         *\r\n* UTTLBCVIGUTMZTZIDOSHBRKKIATNPQSWTIESNEWLCNKYEFSOMXCOGLRDJJDAIITPBWSROHUYRGEOG                      *\r\n* GDIFBSOEPIQBJEBWDUUVXHMBZFCDXAHDXXCASDHAAWGKAN                                                     *\r\n* QXUDJTKOYQGFVPLHPAMDLBBEZNTUBBCBMHMGCXXKMIDJLXLLPORJNJMPVPDVZPNXOFTODFESDCRCXRTCCHFMKSNCUWKNT      *\r\n* KWVGVGEW                                                                                           *\r\n* KJYGKSJRDWBTSKANVRRTGURYBSUHRVMXFYV                                                                *\r\n* LLCJLEGQSI                                                                                         *\r\n* LUTAONDCPSZFRXCAIJDOTPYBKOHHBNBGSAIMXVYKBWFKLFLMJDYGOTYWWRPZFVACRTNROP                             *\r\n* MLTMWKOPEDVY                                                                                       *\r\n* OURYBMQFFYEGVCSSSTXUAMVVHCMIBLWKXCNWCOPCZXGNOGAHVXLJYEXCZVRZZHEUCUITPWPEEUUDGIHABFMEAMMTFLXGW      *\r\n* DRTMLUXHSZHGFDJTVQOQYTVZUPHPNDYJHORCKUXMCTNNWTGIJLPGSFSJWTRVMI                                     *\r\n* OAYZRMGJBTBOEGHDAJZGBORQBVHGRCBAUZZNXUOWCCNNRRNCPPQLNCSAJHXVEARZRATEHUFGUCDZAE                     *\r\n* JIERBLPMSHYEPWSRCKOVQYJVVJKRKYTAFINNZJQOBOBXIPQKCLAOLIJLZJVRBYCTOYZHJESTUATCWLNFTZOZXEOWZBOQNYMCLI *\r\n* JQIBXSHULOGPNWQYBJCVJKCHHQCGVNQQOCD                                                                *\r\n* KYRGQKCHSMBUWZLTJMZYOBTGQBYYXQBKSCNDSVFZIUPVOHJVCXHBDEZJ                                           *\r\n* KPOMDJCLRBTMHANHAQT                                                                                *\r\n* YRJRCWAJZGNCEYHFQNEKMKXFPJUWTTDOGXGSGWJHJTLKOR                                                     *\r\n* JTHRNLIZOUDBSCDPGDZWGSOYTDXBSZ                                                                     *\r\n* RYCKDLCQCXYRYDVRFGEEHOVARFIXJOHGPHLDQRADEMXYIAPVYM                                                 *\r\n* UOUFDDBTXDEGOQRCQSRAOFAAURWSQPNZXWMRVCHAPYCAZGIIRYYCGLDOOTKMGJCIPEIRD                              *\r\n******************************************************************************************************\r\n&quot;)" fullname="Open_Lab_04._14.Tests.TestWithRandom([&quot;VDANRYQBWHZOJQVQFWEHRZNRBLQJZOWSDNXQT&quot;, &quot;XQJQALDCCBCZFWPFRVPILFHHCILGKVSEWUYNXBYBNYJ&quot;, &quot;GZIACYWBALZSIBOSAXRGIXDKXCHQXOUMVSACZKDMZRELVFFWNGBQHCGIWYCA&quot;, &quot;FEMQMWQALSPTFHRTRPRWLDRMEFTLRGBIDVTMRVJJPVBNMXCVOPFJKDFCNAMHDEIER&quot;, &quot;PJOECVFIHQBDZGDYWCBSXZQQZRJ&quot;, ...],&quot;******************************************************************************************************\r\n* VDANRYQBWHZOJQVQFWEHRZNRBLQJZOWSDNXQT                                                              *\r\n* XQJQALDCCBCZFWPFRVPILFHHCILGKVSEWUYNXBYBNYJ                                                        *\r\n* GZIACYWBALZSIBOSAXRGIXDKXCHQXOUMVSACZKDMZRELVFFWNGBQHCGIWYCA                                       *\r\n* FEMQMWQALSPTFHRTRPRWLDRMEFTLRGBIDVTMRVJJPVBNMXCVOPFJKDFCNAMHDEIER                                  *\r\n* PJOECVFIHQBDZGDYWCBSXZQQZRJ                                                                        *\r\n* GKMXWFHS                                                                                           *\r\n* KNJDCVPBJAFDFHGDYIQTXFKMDCW                                                                        *\r\n* EGTYKRMPSPVDBPQQ                                                                                   *\r\n* YBDFTYWRZJECWZA                                                                                    *\r\n* LXCGHTNURLJNMSIOUIFATYKIXGLHHMVPVEPRNKWFNIOIOJFHBQIOTZFNMTJAIGMEQTRHCQBJLANKJCTNBDGREHWWZCETAWXGW  *\r\n* RVSXFKOYCTLUEKZWZEAUZJXVIALHJPDGOYKYVEYVCF                                                         *\r\n* CLEYUUEXSGBLIYXOFZHP                                                                               *\r\n* QEGFZBAVGERTEUJEBRNESKAMNCZXPTWVQSMGXSVSDBMBJRED                                                   *\r\n* JDIULTFETSXBDFMIWDLIDHIWUAQYYCVXWKGPOBFZGCDAXQAWZTN                                                *\r\n* TVJCUMZKCGFQWZFSZWUVXMBADIYEAUZFPHEAAEVCBVWAWMDXKIXCYSQG                                           *\r\n* JYLNVKIHABPVFRUBSTCQBEQEATRWXGXQXHRFJOGKNTWLOCFQCAGYOQSEHHNBSLJTEYYXZPRENRCH                       *\r\n* FPYNAUWAYCGOMYCBESCJDHPDHQNICL                                                                     *\r\n* OKXCRONRRNSFWRJMRPCIZAYEYAUGJGNYNFRDPWKMRAKWKBTMYDWSZCXOMTDRUHHKZTRQZFXVFQRYPBTWGIHGKUZ            *\r\n* IDRWSTRJTZWRKDMTGANILYYKZGKMABAEUHHWOBCLYH                                                         *\r\n* QFCMDVOZJGQYKEGWLIFJR                                                                              *\r\n* SWCVPEFYCKETIFXUHQLBQXDIXSHERCSXNRMFJHFJULEGURVBZRAPXPIUSUYXXAGZRGFRSRKAKCHETXNFWGFZBDAXISMOIIMTE  *\r\n* OOLEIHHAEVIDBVHTBRVH                                                                               *\r\n* NGHIAFVRCQOAOIZTRYXSBZEPERRHPGUXXHAHEVICLICFTDNMHZJTXOWOCRDINOCVVQCGHRPVPVHSXYWBEEZQWBAJLMF        *\r\n* SZOXGGKDBGEQJODCHDRDVCEIOLZTQTVVMCDQGJLQOSAXAJGIYX                                                 *\r\n* HUCRPVF                                                                                            *\r\n* UGRNHLIDHKNWXRAODCGIFFRUSRNBKKNVAB                                                                 *\r\n* KXESMRFZXLBEPTNONOWDPPWVPYHTWXSVWAQRYJURZFTJRNXIXWZGDXBUBJCOKMDATF                                 *\r\n* OCVQETFEJWNDCAZWZXLRYZVQOGGHNCT                                                                    *\r\n* LFJFBGVNYTRYNGANLPDCIOIPGFBXMYQHDXRXQTUTCYTFHXCIGSWXZQHXWTYWE                                      *\r\n* AACKVQOCXRUJAJVDIJCSRUBTHMPUBXVYOEYSDWCMUDVFCPPXCTLPTMFFYICIATBZWWVVLCZLHQYNYWRSXRSHMGFCZS         *\r\n* UTTLBCVIGUTMZTZIDOSHBRKKIATNPQSWTIESNEWLCNKYEFSOMXCOGLRDJJDAIITPBWSROHUYRGEOG                      *\r\n* GDIFBSOEPIQBJEBWDUUVXHMBZFCDXAHDXXCASDHAAWGKAN                                                     *\r\n* QXUDJTKOYQGFVPLHPAMDLBBEZNTUBBCBMHMGCXXKMIDJLXLLPORJNJMPVPDVZPNXOFTODFESDCRCXRTCCHFMKSNCUWKNT      *\r\n* KWVGVGEW                                                                                           *\r\n* KJYGKSJRDWBTSKANVRRTGURYBSUHRVMXFYV                                                                *\r\n* LLCJLEGQSI                                                                                         *\r\n* LUTAONDCPSZFRXCAIJDOTPYBKOHHBNBGSAIMXVYKBWFKLFLMJDYGOTYWWRPZFVACRTNROP                             *\r\n* MLTMWKOPEDVY                                                                                       *\r\n* OURYBMQFFYEGVCSSSTXUAMVVHCMIBLWKXCNWCOPCZXGNOGAHVXLJYEXCZVRZZHEUCUITPWPEEUUDGIHABFMEAMMTFLXGW      *\r\n* DRTMLUXHSZHGFDJTVQOQYTVZUPHPNDYJHORCKUXMCTNNWTGIJLPGSFSJWTRVMI                                     *\r\n* OAYZRMGJBTBOEGHDAJZGBORQBVHGRCBAUZZNXUOWCCNNRRNCPPQLNCSAJHXVEARZRATEHUFGUCDZAE                     *\r\n* JIERBLPMSHYEPWSRCKOVQYJVVJKRKYTAFINNZJQOBOBXIPQKCLAOLIJLZJVRBYCTOYZHJESTUATCWLNFTZOZXEOWZBOQNYMCLI *\r\n* JQIBXSHULOGPNWQYBJCVJKCHHQCGVNQQOCD                                                                *\r\n* KYRGQKCHSMBUWZLTJMZYOBTGQBYYXQBKSCNDSVFZIUPVOHJVCXHBDEZJ                                           *\r\n* KPOMDJCLRBTMHANHAQT                                                                                *\r\n* YRJRCWAJZGNCEYHFQNEKMKXFPJUWTTDOGXGSGWJHJTLKOR                                                     *\r\n* JTHRNLIZOUDBSCDPGDZWGSOYTDXBSZ                                                                     *\r\n* RYCKDLCQCXYRYDVRFGEEHOVARFIXJOHGPHLDQRADEMXYIAPVYM                                                 *\r\n* UOUFDDBTXDEGOQRCQSRAOFAAURWSQPNZXWMRVCHAPYCAZGIIRYYCGLDOOTKMGJCIPEIRD                              *\r\n******************************************************************************************************\r\n&quot;)" methodname="TestWithRandom" classname="Open_Lab_04._14.Tests" runstate="Runnable" seed="1054870928" result="Passed" start-time="2021-12-27 14:18:11Z" end-time="2021-12-27 14:18:12Z" duration="0.011879" asserts="5256" />
            <test-case id="1074" name="TestWithRandom([&quot;OLRLQDZAOIOASQLSMSXDBSVUFVULU&quot;, &quot;QERQKRPZNLOSVDRIJREMWZFWFWPWFUJOFRRKICGUDNEMOIWSCXLCGIARYVKNBSTTBAMDLHZHLJJIUTHXZXTIIHHXQA&quot;, &quot;NRSSKTLKOVTGVYEQWZSWFONODYLKUSPMLVMQTQYOJJTB&quot;, &quot;RYKERKXYDFZDDPLIAPVFGVZM&quot;, &quot;WGADMWULIMAAFDHSNHQNMQBNGJTXVZVYYRUEXVRJERVCLHULONTN&quot;, ...],&quot;********************************************************************************************************\r\n* OLRLQDZAOIOASQLSMSXDBSVUFVULU                                                                        *\r\n* QERQKRPZNLOSVDRIJREMWZFWFWPWFUJOFRRKICGUDNEMOIWSCXLCGIARYVKNBSTTBAMDLHZHLJJIUTHXZXTIIHHXQA           *\r\n* NRSSKTLKOVTGVYEQWZSWFONODYLKUSPMLVMQTQYOJJTB                                                         *\r\n* RYKERKXYDFZDDPLIAPVFGVZM                                                                             *\r\n* WGADMWULIMAAFDHSNHQNMQBNGJTXVZVYYRUEXVRJERVCLHULONTN                                                 *\r\n* ZAGENXDCXPIQBCOJDUSQGIVUYBYOHJIGHOYQO                                                                *\r\n* JY                                                                                                   *\r\n* GGBMMJEGCKSAXDQFLFLYPUOHCIMDXUCLTCZCTIMSTHEYPFKLILCU                                                 *\r\n* ZYLRTJDWAIHIHHVDNLDSSFHQQSXYBVMSHNUENKZYJWSZXQHYOIVZZCFTQVBBMEVFWPAUNQQDLFJWNISZKZJSZMTFHAORIY       *\r\n* EAMCHQNLYSSOTTIGHCCQNUCFKVUMMCYUNSEVAGLJXNLAHYZ                                                      *\r\n* YTGOGIYKYGRMVAYVUXAAPNFBRSSZICXMWIOTWJNFUUXUOYO                                                      *\r\n* PQGKXYWLNEWOPZBWIFPNMEZKJVGVQLNSEUKSVNPXLCFRMZPVSBLJIALKQVABRBVCREKUOIAVPSBJZHXKGLCPZDJDJZB          *\r\n* N                                                                                                    *\r\n* FJHCAIPUGKBQTQZBLJYQVGZFDNUGLPGAHCMRBWHPUMESOIKTDHOSB                                                *\r\n* SZKBZMOIJQDAIREHAOBIVIBHRUDBCDBOYLJNHZXVBMDNONZSPWHZQTBJXDJEIMFFPPCXHQAARGHJFNTEULMGVBXE             *\r\n* AQEPSMOGXYYKCLYWHIKMSEJKFKXAZKOSYNHAVK                                                               *\r\n* TSCHPUUSZNKOSNSRVGUKIPNHNJGMOEYAWJQTPWTPKRXNOWVEFWLTBZRDFVUGNIEVPJRJWZBYMEZQRASRNCGRSEYXRMOUCNBCNC   *\r\n* FFLHFUMGXAALECDSLBMCKKURKLHWZCXDPCNMBUAXGXBXRAJRYUQBBAMUKUXUMPGUCXWBPRRRAOVMJXAJBPXFMVCOQSBH         *\r\n* GKQQGUUDICHDYBMFZLNTOTWSBIHVILWQJUTEFVCCGFTNQBNUPJQHNOINNYPYMYVWFRUEHIZDJKNIAJCAVMFYVPCV             *\r\n* GQHGDQHKWIYHJNGJMXCBAMEVOCZTWBPOZSASSWFUFYDADSM                                                      *\r\n* YPIRAULTLLSAQONUTKIRMORPSHVCJESVQAUHSXOFGGGHEEERKJGTKUNKYTZSYJKHSWJQTGBWVDKGIJKODERZXZLWMKJZYVGXVYOI *\r\n* OXDHKXHKHBOILPURKJTKNDJXCYAWNKJVBTOGNSMBELFIUQMGLFLOUXGLNGFMXKWXSTHRANDSXRGCXAC                      *\r\n* LTKHZUAENDSHMAETOIQBJVGYCSRDQENMDUBDZPXXSCEXU                                                        *\r\n* FWNNNPKBBPNMFGCXNIPGDSYAUZKTIGRJDGMUPDQYCCSLQMKRUVPVHOSNYMTNERSVYEJZTHHJRRDAANKHPTYNR                *\r\n* BONZWDKCULKXNLCLXMNFDPLRMLCLYLSEDCCVLUKEZPXRQDZYEEVLZLSMDWMLAYEJSFTLJHADBJGOSTAJLDHUP                *\r\n* ESJQSOHZDBKNZKJOOWESJQFETJVCA                                                                        *\r\n* QJTLBABTPLVCFEDEUQAWPLQWXONEWISFYGKAUOJJNVHSWGLABPPFCDHFTWNMNWWGTQEYUCKGGQJTEXARDNDHTNCV             *\r\n* FGXBWVQYAZGCMGYEJYLTOBWWVJZSPNFOIZOVNEKVTUDYTOQHFCKOQBKDKAFMVYJMTSTNRCREOQATXYDHTSMNDRXHOLLNZXZVL    *\r\n* EBUDQDLGAABRFMXXTDLWJCVMYFREEQRFIGTBMPCJBWQWFXFYPBEWJPHBGHFKMHBKJW                                   *\r\n* ZSVKDACUMMYGAATOCLUVSZSVFKSWUVGNJOG                                                                  *\r\n* URBVHVUPHAEJTTZYOAQZA                                                                                *\r\n* FT                                                                                                   *\r\n* FZRFKWMUNULKYNXFCNEGJDBWHZJYGE                                                                       *\r\n* LHOCVCJXERPFZNOPNSUYNBMYBYVYLNONJAZCKLCCSQAOTYCISJVFMFGJVPBWHKLQDBVYNLECQSGX                         *\r\n* YECWMF                                                                                               *\r\n* RJBDTQHUK                                                                                            *\r\n* UHEKLSCDUHETOTZJIXLYAVF                                                                              *\r\n* YTZSEXEJSKXYSRMLASRYXYUHEKHKJLFYCVLR                                                                 *\r\n* KZXCUBEWBRRKZXIEGLAZROUQUZGFZVWFUSQTUWCWPLCTQZKNWUWJLRBWEHIUVZWFULPGHPKJIEJ                          *\r\n* LAZUPSIEZMUDQTOMOHAQPX                                                                               *\r\n* EKEGHKMBHHWLDHNFDQSFHRMPOAXVADTQNCVKKMAUMLMVUIKFACXAWRRNXORHNRADOFXBMCVRPYTWERVFQRVYGSTVLHNVUTHV     *\r\n* JGOKITXGGKYYUIGTMQVWBXVMCQEPZWVQXKVLGVHYXSAIU                                                        *\r\n* QZGCICMZKLKCIROHHJPIBKNVNQJWYJXNRFAFIXOSEYAJADMPKPKQTMVFMLORTPABOWLDRJYJVWDCKDUJDTMJYGUEJ            *\r\n* SXIWYOXYUESJYAQAVWJTVIRFNADRCIBHTWQBBYXOFLIQQUULSXLYUQZKGDIYKFWMCLPCJPZWZUNJZAOTF                    *\r\n* ZEXDMDWGVXQYDAPWNFESCDYOYACPKFPPTSGRPYZMGDTBGAQNUDNIPMQWGIFMBGWQIBFLUY                               *\r\n* OGSMYJWIXJPVGSGZGCJKGTNLZGDTF                                                                        *\r\n* FTWWYCXARNJZHCLKPYCBYIKNAUTGMSFDDBDVZKTDBFLWBHMKZPRFQDXXIJVDJQOZHGVFYQLEEYZSWOLTIIHX                 *\r\n* AMZE                                                                                                 *\r\n* MPPQULRMOULGLIDMBSEEAUXCUA                                                                           *\r\n* RYHTWBSDVPNEOBKZQHBXYTOZUVAFSSMVTC                                                                   *\r\n* O                                                                                                    *\r\n* BPFTFHWNOPCQUGUTDJXJIZAAMLDDS                                                                        *\r\n* LBVSPSVETLRLFFXPXMRCQSCEYBPEGUETVEEBUCQ                                                              *\r\n* XZQLRWUUDW                                                                                           *\r\n* QLPTSZQTODQXZGYQBBWUUVPFRCQNCHUBJGOHFLLCDJBZGBQFSGTTHB                                               *\r\n* VWKBPIDRHIPNSSRKQPTQLTQYQLLUVOBTHNSLUJWTARUQQOYMBVCDNKHBGMLEXJVTHVFFZFPGTA                           *\r\n* TZAHBNZSALXGWFRFIXRWQWBIVISMVGWKMUNCGEJQXRVIKOIZIAGJBDAXYRMTVMWUP                                    *\r\n* TCSPZENBYZBSXGZSDUZMJJTQDOSQVKUBSXVFHTBCVZFAVFTFT                                                    *\r\n* JBUCDKJBLK                                                                                           *\r\n* XGNEAZALTLKSWRJDSUYUMWSBSGQUKWFHRQXTRWVFTUARYIX                                                      *\r\n* UGQHNQZBNMMTJFAWFCBGUPMWZSASWBCJIGZDGYTBQ                                                            *\r\n* GFJBWNTDLWHQQEUTHVPGELJCLCFWQGIAQXIGNXWMYTQGCRPUJNQYLJRVWHQTHXMENGASVOGKZCILUCAUMKNCQKO              *\r\n* FNKFHCEBGLTVQXYUHGZJBGATH                                                                            *\r\n* GWJKODSUMIEADWXHEJIEDPMSVJKEEZNQYLVIRWXQDWKQQGDDMUBRKCSRKROESNPNUNBRAPPILSBHFVCOGHSKY                *\r\n* FVSEXAHSXPGXVDELCXESFSBLLPOZXLVFOYHGYWSPATULBIZZJVEVGFRNUHSHLHVMUAIXVYMGEOSMXPKDQPQCHZ               *\r\n* JHULRDKESXIRAZCDKIYQRNEPEXPRVRTEUBYQBNVCUKZOPXJDOLFTIJHWCEGTNTIAEDXYALCXNVWHNQAGNLDJMZWLTCNWGBOBCY   *\r\n* LAKCCJHFMNAIMEZGCQYOEGLFYYGRMHVEPGOGCI                                                               *\r\n* AEUKY                                                                                                *\r\n* TBRGVMLDKFFOFEDDQTFRVTFQTDTOYJKWNMEWOKRUKBEBJRWEXWOAEGWAWAMRSWFAUIASZGOF                             *\r\n* KHUODHCGPR                                                                                           *\r\n* UKSHP                                                                                                *\r\n* ANYZBNWEHAQDEQIIY                                                                                    *\r\n* YCMSTKKDEEFKQTDVGBHCJUYKWGLCKBTMLYJNSIUOPYJRYWKXAIKGBVKEEBVMYHSDLTYRJPDXHTNL                         *\r\n* GLAWOBCRMKQOFJQNHPHFGGEYSNLFMZIHYTXPUQJFQ                                                            *\r\n* YJHDEFNKZDGGEZHCDBQWEMBJPLLASQGBOUHVQPJFSCAFBS                                                       *\r\n* YISNIPTHMHYOSUMRIWFRJRMLORKEBMWIWWNRADXLUNVNRAQLFLRIWBFGWGZ                                          *\r\n* EPFALQRVGVRFYTWWWZUNAZZQUNMVQGVTEHHFHUBBJVEKUMJCFJKXMMPFQPGXEWEZ                                     *\r\n* XBRMQOBXSDFVOWIDJPHWYHRRBOSOEXNQEKXKSQOUIZTIJKBSXTUGWCBPJZKCWNTUQPQEZXLTBNOYNJHRNZRKDGTBJHBSGMXUGZR  *\r\n* TXTZIBFJOCCARSPWWJRKVOVRWTMPPURORNYPFRBBBKNGFBANXAYXHHYFBCDOOPTUKNIEUZRFHQILBOLV                     *\r\n* YSPVUGJOSNDONMLQTVRSWTXJTQRZNENQHWPXEYQGYQBLNQUDWUHTUCWFUFCDPKAOAMGQXNMV                             *\r\n* LTGSMWCWNCSWTWFZKDZ                                                                                  *\r\n* NQOPMKAKDGJIMOJJQMHJAHCHISGQBQMJNZRUEQGBVRTHTJJFNVJYVQUGOGGUDJIMTZVMXPEZGFNINUOYIB                   *\r\n* FHOOXFLFYKLYLJG                                                                                      *\r\n* TOWIXRKRPCLSUSHMCGDFFLYHLJGPUHBZHGUKLTFNXWYUTSKFCZVFF                                                *\r\n* IIPPWN                                                                                               *\r\n* UXIAMLNXXAJAPIINDOSZANUMWTFYMUVWRCCZQTHHXIEYM                                                        *\r\n* QSAVLADOLHCVESFPLCEMI                                                                                *\r\n* FIXKHLBRIWZRDMYQIVSCQVXUPOCIWCTAWDNRYBTSNTYFWNPSRUT                                                  *\r\n* TFWKKCUSITVGCZUZZGRHBZPXWRXCZJQBIJGRHCG                                                              *\r\n* GBJTYSDXSPSKDMITPYOTFSTZCTXSTDSXZWAAQVZEOAJJQGYVBMBIONQOHKRFUKDPWVKGMIDUZKEEIKJWUCRG                 *\r\n* KJMFLSFE                                                                                             *\r\n* JDWTMUVSJTIHJEIMFXBULSTWNMMYAAPXPFABHOXOACSYYUBFDTGVEJJRJZGAIXRJDKRDDHEQAMUJAV                       *\r\n* TLHUHTUTGWJRHIXFDKIUODXBWOPVRPAROBNOBDKPJRLHUPXHCHQYRBKPNFXSDZBQWRDGVIDAASLWRPGGRISKYBZMRXAVFR       *\r\n* KPULCMRMUDQXZPNYYYQAVGQSUSQOYHHUIGBGWEDUAVXGHE                                                       *\r\n* X                                                                                                    *\r\n* ZCWOQQDYCRKVCNM                                                                                      *\r\n* VOSOGBTVWAZIKKQSTLZEKGSQXIUNTZYIKKMPHIXXJBSQQUOSARCROIKPWCRYHGBWBRXZYBKKNBVJNBACTBMB                 *\r\n* HTCAWSFRZQDAVPYWPTZHRDMMBBVBOEFTZZUXVZBIFTOLSISLBFEINUGDHPYUXDCULJAWVABQSRBXPBUTJJAIAXGFTQ           *\r\n* FAHLBQUZIHVQAEOPWTIOFVFKNDUTODVCFKWPLFZGVBMLNTZEMHJMKBKJVWYYWALE                                     *\r\n********************************************************************************************************\r\n&quot;)" fullname="Open_Lab_04._14.Tests.TestWithRandom([&quot;OLRLQDZAOIOASQLSMSXDBSVUFVULU&quot;, &quot;QERQKRPZNLOSVDRIJREMWZFWFWPWFUJOFRRKICGUDNEMOIWSCXLCGIARYVKNBSTTBAMDLHZHLJJIUTHXZXTIIHHXQA&quot;, &quot;NRSSKTLKOVTGVYEQWZSWFONODYLKUSPMLVMQTQYOJJTB&quot;, &quot;RYKERKXYDFZDDPLIAPVFGVZM&quot;, &quot;WGADMWULIMAAFDHSNHQNMQBNGJTXVZVYYRUEXVRJERVCLHULONTN&quot;, ...],&quot;********************************************************************************************************\r\n* OLRLQDZAOIOASQLSMSXDBSVUFVULU                                                                        *\r\n* QERQKRPZNLOSVDRIJREMWZFWFWPWFUJOFRRKICGUDNEMOIWSCXLCGIARYVKNBSTTBAMDLHZHLJJIUTHXZXTIIHHXQA           *\r\n* NRSSKTLKOVTGVYEQWZSWFONODYLKUSPMLVMQTQYOJJTB                                                         *\r\n* RYKERKXYDFZDDPLIAPVFGVZM                                                                             *\r\n* WGADMWULIMAAFDHSNHQNMQBNGJTXVZVYYRUEXVRJERVCLHULONTN                                                 *\r\n* ZAGENXDCXPIQBCOJDUSQGIVUYBYOHJIGHOYQO                                                                *\r\n* JY                                                                                                   *\r\n* GGBMMJEGCKSAXDQFLFLYPUOHCIMDXUCLTCZCTIMSTHEYPFKLILCU                                                 *\r\n* ZYLRTJDWAIHIHHVDNLDSSFHQQSXYBVMSHNUENKZYJWSZXQHYOIVZZCFTQVBBMEVFWPAUNQQDLFJWNISZKZJSZMTFHAORIY       *\r\n* EAMCHQNLYSSOTTIGHCCQNUCFKVUMMCYUNSEVAGLJXNLAHYZ                                                      *\r\n* YTGOGIYKYGRMVAYVUXAAPNFBRSSZICXMWIOTWJNFUUXUOYO                                                      *\r\n* PQGKXYWLNEWOPZBWIFPNMEZKJVGVQLNSEUKSVNPXLCFRMZPVSBLJIALKQVABRBVCREKUOIAVPSBJZHXKGLCPZDJDJZB          *\r\n* N                                                                                                    *\r\n* FJHCAIPUGKBQTQZBLJYQVGZFDNUGLPGAHCMRBWHPUMESOIKTDHOSB                                                *\r\n* SZKBZMOIJQDAIREHAOBIVIBHRUDBCDBOYLJNHZXVBMDNONZSPWHZQTBJXDJEIMFFPPCXHQAARGHJFNTEULMGVBXE             *\r\n* AQEPSMOGXYYKCLYWHIKMSEJKFKXAZKOSYNHAVK                                                               *\r\n* TSCHPUUSZNKOSNSRVGUKIPNHNJGMOEYAWJQTPWTPKRXNOWVEFWLTBZRDFVUGNIEVPJRJWZBYMEZQRASRNCGRSEYXRMOUCNBCNC   *\r\n* FFLHFUMGXAALECDSLBMCKKURKLHWZCXDPCNMBUAXGXBXRAJRYUQBBAMUKUXUMPGUCXWBPRRRAOVMJXAJBPXFMVCOQSBH         *\r\n* GKQQGUUDICHDYBMFZLNTOTWSBIHVILWQJUTEFVCCGFTNQBNUPJQHNOINNYPYMYVWFRUEHIZDJKNIAJCAVMFYVPCV             *\r\n* GQHGDQHKWIYHJNGJMXCBAMEVOCZTWBPOZSASSWFUFYDADSM                                                      *\r\n* YPIRAULTLLSAQONUTKIRMORPSHVCJESVQAUHSXOFGGGHEEERKJGTKUNKYTZSYJKHSWJQTGBWVDKGIJKODERZXZLWMKJZYVGXVYOI *\r\n* OXDHKXHKHBOILPURKJTKNDJXCYAWNKJVBTOGNSMBELFIUQMGLFLOUXGLNGFMXKWXSTHRANDSXRGCXAC                      *\r\n* LTKHZUAENDSHMAETOIQBJVGYCSRDQENMDUBDZPXXSCEXU                                                        *\r\n* FWNNNPKBBPNMFGCXNIPGDSYAUZKTIGRJDGMUPDQYCCSLQMKRUVPVHOSNYMTNERSVYEJZTHHJRRDAANKHPTYNR                *\r\n* BONZWDKCULKXNLCLXMNFDPLRMLCLYLSEDCCVLUKEZPXRQDZYEEVLZLSMDWMLAYEJSFTLJHADBJGOSTAJLDHUP                *\r\n* ESJQSOHZDBKNZKJOOWESJQFETJVCA                                                                        *\r\n* QJTLBABTPLVCFEDEUQAWPLQWXONEWISFYGKAUOJJNVHSWGLABPPFCDHFTWNMNWWGTQEYUCKGGQJTEXARDNDHTNCV             *\r\n* FGXBWVQYAZGCMGYEJYLTOBWWVJZSPNFOIZOVNEKVTUDYTOQHFCKOQBKDKAFMVYJMTSTNRCREOQATXYDHTSMNDRXHOLLNZXZVL    *\r\n* EBUDQDLGAABRFMXXTDLWJCVMYFREEQRFIGTBMPCJBWQWFXFYPBEWJPHBGHFKMHBKJW                                   *\r\n* ZSVKDACUMMYGAATOCLUVSZSVFKSWUVGNJOG                                                                  *\r\n* URBVHVUPHAEJTTZYOAQZA                                                                                *\r\n* FT                                                                                                   *\r\n* FZRFKWMUNULKYNXFCNEGJDBWHZJYGE                                                                       *\r\n* LHOCVCJXERPFZNOPNSUYNBMYBYVYLNONJAZCKLCCSQAOTYCISJVFMFGJVPBWHKLQDBVYNLECQSGX                         *\r\n* YECWMF                                                                                               *\r\n* RJBDTQHUK                                                                                            *\r\n* UHEKLSCDUHETOTZJIXLYAVF                                                                              *\r\n* YTZSEXEJSKXYSRMLASRYXYUHEKHKJLFYCVLR                                                                 *\r\n* KZXCUBEWBRRKZXIEGLAZROUQUZGFZVWFUSQTUWCWPLCTQZKNWUWJLRBWEHIUVZWFULPGHPKJIEJ                          *\r\n* LAZUPSIEZMUDQTOMOHAQPX                                                                               *\r\n* EKEGHKMBHHWLDHNFDQSFHRMPOAXVADTQNCVKKMAUMLMVUIKFACXAWRRNXORHNRADOFXBMCVRPYTWERVFQRVYGSTVLHNVUTHV     *\r\n* JGOKITXGGKYYUIGTMQVWBXVMCQEPZWVQXKVLGVHYXSAIU                                                        *\r\n* QZGCICMZKLKCIROHHJPIBKNVNQJWYJXNRFAFIXOSEYAJADMPKPKQTMVFMLORTPABOWLDRJYJVWDCKDUJDTMJYGUEJ            *\r\n* SXIWYOXYUESJYAQAVWJTVIRFNADRCIBHTWQBBYXOFLIQQUULSXLYUQZKGDIYKFWMCLPCJPZWZUNJZAOTF                    *\r\n* ZEXDMDWGVXQYDAPWNFESCDYOYACPKFPPTSGRPYZMGDTBGAQNUDNIPMQWGIFMBGWQIBFLUY                               *\r\n* OGSMYJWIXJPVGSGZGCJKGTNLZGDTF                                                                        *\r\n* FTWWYCXARNJZHCLKPYCBYIKNAUTGMSFDDBDVZKTDBFLWBHMKZPRFQDXXIJVDJQOZHGVFYQLEEYZSWOLTIIHX                 *\r\n* AMZE                                                                                                 *\r\n* MPPQULRMOULGLIDMBSEEAUXCUA                                                                           *\r\n* RYHTWBSDVPNEOBKZQHBXYTOZUVAFSSMVTC                                                                   *\r\n* O                                                                                                    *\r\n* BPFTFHWNOPCQUGUTDJXJIZAAMLDDS                                                                        *\r\n* LBVSPSVETLRLFFXPXMRCQSCEYBPEGUETVEEBUCQ                                                              *\r\n* XZQLRWUUDW                                                                                           *\r\n* QLPTSZQTODQXZGYQBBWUUVPFRCQNCHUBJGOHFLLCDJBZGBQFSGTTHB                                               *\r\n* VWKBPIDRHIPNSSRKQPTQLTQYQLLUVOBTHNSLUJWTARUQQOYMBVCDNKHBGMLEXJVTHVFFZFPGTA                           *\r\n* TZAHBNZSALXGWFRFIXRWQWBIVISMVGWKMUNCGEJQXRVIKOIZIAGJBDAXYRMTVMWUP                                    *\r\n* TCSPZENBYZBSXGZSDUZMJJTQDOSQVKUBSXVFHTBCVZFAVFTFT                                                    *\r\n* JBUCDKJBLK                                                                                           *\r\n* XGNEAZALTLKSWRJDSUYUMWSBSGQUKWFHRQXTRWVFTUARYIX                                                      *\r\n* UGQHNQZBNMMTJFAWFCBGUPMWZSASWBCJIGZDGYTBQ                                                            *\r\n* GFJBWNTDLWHQQEUTHVPGELJCLCFWQGIAQXIGNXWMYTQGCRPUJNQYLJRVWHQTHXMENGASVOGKZCILUCAUMKNCQKO              *\r\n* FNKFHCEBGLTVQXYUHGZJBGATH                                                                            *\r\n* GWJKODSUMIEADWXHEJIEDPMSVJKEEZNQYLVIRWXQDWKQQGDDMUBRKCSRKROESNPNUNBRAPPILSBHFVCOGHSKY                *\r\n* FVSEXAHSXPGXVDELCXESFSBLLPOZXLVFOYHGYWSPATULBIZZJVEVGFRNUHSHLHVMUAIXVYMGEOSMXPKDQPQCHZ               *\r\n* JHULRDKESXIRAZCDKIYQRNEPEXPRVRTEUBYQBNVCUKZOPXJDOLFTIJHWCEGTNTIAEDXYALCXNVWHNQAGNLDJMZWLTCNWGBOBCY   *\r\n* LAKCCJHFMNAIMEZGCQYOEGLFYYGRMHVEPGOGCI                                                               *\r\n* AEUKY                                                                                                *\r\n* TBRGVMLDKFFOFEDDQTFRVTFQTDTOYJKWNMEWOKRUKBEBJRWEXWOAEGWAWAMRSWFAUIASZGOF                             *\r\n* KHUODHCGPR                                                                                           *\r\n* UKSHP                                                                                                *\r\n* ANYZBNWEHAQDEQIIY                                                                                    *\r\n* YCMSTKKDEEFKQTDVGBHCJUYKWGLCKBTMLYJNSIUOPYJRYWKXAIKGBVKEEBVMYHSDLTYRJPDXHTNL                         *\r\n* GLAWOBCRMKQOFJQNHPHFGGEYSNLFMZIHYTXPUQJFQ                                                            *\r\n* YJHDEFNKZDGGEZHCDBQWEMBJPLLASQGBOUHVQPJFSCAFBS                                                       *\r\n* YISNIPTHMHYOSUMRIWFRJRMLORKEBMWIWWNRADXLUNVNRAQLFLRIWBFGWGZ                                          *\r\n* EPFALQRVGVRFYTWWWZUNAZZQUNMVQGVTEHHFHUBBJVEKUMJCFJKXMMPFQPGXEWEZ                                     *\r\n* XBRMQOBXSDFVOWIDJPHWYHRRBOSOEXNQEKXKSQOUIZTIJKBSXTUGWCBPJZKCWNTUQPQEZXLTBNOYNJHRNZRKDGTBJHBSGMXUGZR  *\r\n* TXTZIBFJOCCARSPWWJRKVOVRWTMPPURORNYPFRBBBKNGFBANXAYXHHYFBCDOOPTUKNIEUZRFHQILBOLV                     *\r\n* YSPVUGJOSNDONMLQTVRSWTXJTQRZNENQHWPXEYQGYQBLNQUDWUHTUCWFUFCDPKAOAMGQXNMV                             *\r\n* LTGSMWCWNCSWTWFZKDZ                                                                                  *\r\n* NQOPMKAKDGJIMOJJQMHJAHCHISGQBQMJNZRUEQGBVRTHTJJFNVJYVQUGOGGUDJIMTZVMXPEZGFNINUOYIB                   *\r\n* FHOOXFLFYKLYLJG                                                                                      *\r\n* TOWIXRKRPCLSUSHMCGDFFLYHLJGPUHBZHGUKLTFNXWYUTSKFCZVFF                                                *\r\n* IIPPWN                                                                                               *\r\n* UXIAMLNXXAJAPIINDOSZANUMWTFYMUVWRCCZQTHHXIEYM                                                        *\r\n* QSAVLADOLHCVESFPLCEMI                                                                                *\r\n* FIXKHLBRIWZRDMYQIVSCQVXUPOCIWCTAWDNRYBTSNTYFWNPSRUT                                                  *\r\n* TFWKKCUSITVGCZUZZGRHBZPXWRXCZJQBIJGRHCG                                                              *\r\n* GBJTYSDXSPSKDMITPYOTFSTZCTXSTDSXZWAAQVZEOAJJQGYVBMBIONQOHKRFUKDPWVKGMIDUZKEEIKJWUCRG                 *\r\n* KJMFLSFE                                                                                             *\r\n* JDWTMUVSJTIHJEIMFXBULSTWNMMYAAPXPFABHOXOACSYYUBFDTGVEJJRJZGAIXRJDKRDDHEQAMUJAV                       *\r\n* TLHUHTUTGWJRHIXFDKIUODXBWOPVRPAROBNOBDKPJRLHUPXHCHQYRBKPNFXSDZBQWRDGVIDAASLWRPGGRISKYBZMRXAVFR       *\r\n* KPULCMRMUDQXZPNYYYQAVGQSUSQOYHHUIGBGWEDUAVXGHE                                                       *\r\n* X                                                                                                    *\r\n* ZCWOQQDYCRKVCNM                                                                                      *\r\n* VOSOGBTVWAZIKKQSTLZEKGSQXIUNTZYIKKMPHIXXJBSQQUOSARCROIKPWCRYHGBWBRXZYBKKNBVJNBACTBMB                 *\r\n* HTCAWSFRZQDAVPYWPTZHRDMMBBVBOEFTZZUXVZBIFTOLSISLBFEINUGDHPYUXDCULJAWVABQSRBXPBUTJJAIAXGFTQ           *\r\n* FAHLBQUZIHVQAEOPWTIOFVFKNDUTODVCFKWPLFZGVBMLNTZEMHJMKBKJVWYYWALE                                     *\r\n********************************************************************************************************\r\n&quot;)" methodname="TestWithRandom" classname="Open_Lab_04._14.Tests" runstate="Runnable" seed="1920857234" result="Passed" start-time="2021-12-27 14:18:12Z" end-time="2021-12-27 14:18:12Z" duration="0.028640" asserts="10608" />
            <test-case id="1075" name="TestWithRandom([&quot;LQHYEQTBTDIUXUEPHGTJRDZMUPHBKUQIYUHIXNCTTJHHBAYDTHTEKCBHRUEPIRRZNAVCMVSTEAQ&quot;, &quot;WSLTQDICBLYWSARDJMKBRITAFWRXPZAJM&quot;, &quot;KZIKZEIPXCCZJMEOJRPOROYLOTMKNBLOJZPSUZNFSCKRYGMETAQJUXBWAXWFSYBWROPJXMUKDJ&quot;, &quot;OEHMHGIRNLCULXSRXCHNUANZKQCHGFFFKCNRSKOZKHOKPTDMEUXHWWBNQHCREAKHFWKJKAZMOIDNMDKQMQCM&quot;, &quot;XINBZBKIXUJWGESJUBDVLTOTNBNXLENYX&quot;, ...],&quot;******************************************************************************************************\r\n* LQHYEQTBTDIUXUEPHGTJRDZMUPHBKUQIYUHIXNCTTJHHBAYDTHTEKCBHRUEPIRRZNAVCMVSTEAQ                        *\r\n* WSLTQDICBLYWSARDJMKBRITAFWRXPZAJM                                                                  *\r\n* KZIKZEIPXCCZJMEOJRPOROYLOTMKNBLOJZPSUZNFSCKRYGMETAQJUXBWAXWFSYBWROPJXMUKDJ                         *\r\n* OEHMHGIRNLCULXSRXCHNUANZKQCHGFFFKCNRSKOZKHOKPTDMEUXHWWBNQHCREAKHFWKJKAZMOIDNMDKQMQCM               *\r\n* XINBZBKIXUJWGESJUBDVLTOTNBNXLENYX                                                                  *\r\n* HOWHLZODRNTQGYSGSPZRXEUUNXONWTHLYHWDNMPEGHCAZWUOEEMYYGCDUCTNLAHXFISZBOTFZVKPCTURDZJRHJMSFTJKSCSGAE *\r\n* REVMQLGYDVMAAICKLRPQWVZUIEJMXCEPYYCMHMSGAKIWSTICQRHOLNYWEBELBUBBRWBCGPCYYIPLMCBOW                  *\r\n* WFVPEKAFHGIHFGJHFWRGVAOIQCXMJ                                                                      *\r\n* APPUYVGCR                                                                                          *\r\n* CAHWQRDJCFXEXPLVQMZBMNVFGSSKINBDEADUSRSYZOJEEVSZICFTCQEOFCQYYSBPDU                                 *\r\n* W                                                                                                  *\r\n* RCYUACYDQAKZTCFHHAOWPPQBTAHMUBKVWNRZGZCNFKOBFYF                                                    *\r\n* VHWTLAWBMXAAVLJPQPDGKGBIXAREAPVUUQRMEQJWQPNJYCSTBZLQVZFPFNWKISB                                    *\r\n* BFFEUWKZFGPUSSKVIXDBDFYULCGRUZNXOQHSWOZEOMKOJKXNDACKOZTVHKTSPTEGTRGBKRYUYZMRVKKAETNTXCJO           *\r\n* LLMUGOVHDVREVCMCHMPNBAWZTNWGLJQIRDZGMZSKRKSOTVJQBQPQTBWLOMBTSOWTEJNRDGQITEVRHIGXDFEUUAOPHORA       *\r\n* YSCNYKJIRNVAHWPGEDGFDPMJCYEUXKPOQJVMSDJXXPMSJTNDZJCKLUUJFSLZFPKHXGKXBCNBUIINDUAILAUNHEDVPLGZSJ     *\r\n* HFEUDJQCWVBQCMGGLSCOFUXZTDPHPWOIKQAIYZWZVYYRGNBIIFUGQUMNHEAZTIMAHTFLMX                             *\r\n* LVCTGWFTGCGYKCHSQDMATZXFMMXJNHP                                                                    *\r\n* LXIKNBGRCKUXNJCXAAPHAWOMYWHUYVGYMKNMTWEPXVYIEZSCJAJMSHVOJVMRTMTHEWLCVPEDWAKFYFIZEEKYL              *\r\n* GEOZDYKMVKCREINPGUVFPSXQPEMMNPCUVKQHNWMGTKEZDHAALOXPCFENHYJYLXZGIHVURGCKHPMFNXN                    *\r\n* DMAZRMSPFCZPMNUVKYRVLGIFLNIMTZAJK                                                                  *\r\n* VYXAOV                                                                                             *\r\n* GPPGMXUVRUPFRWWDVNEEFWFCQFLRVYKKWGFRTYZPNRCELDSEZVBMJQJJJ                                          *\r\n* QHMCZTKEJKQFKXOPQOUARMMGSAWXBFXVHFIRCLSIUGUHOTLEYTAU                                               *\r\n* JWDVGJYWNDEMUXEPWNEVLGKSESYPRYHFDGYJEWWCTMHCPUTWGPCGVZECLLQNK                                      *\r\n* EOWZJOZUKARCCYZHCKZCICWBJEBVYTGIRKHSG                                                              *\r\n* KEXMECPSWFDDIGOIACRUPFMDWRTILSRGALZUFWXUMRHVSUKATJJEBLBFRTPNIGHEO                                  *\r\n* CWGUCEEXIXYRKCGTOBJMFPKUCLHKMFKDHWROTZGEADDDGAJNGORFVBQNMMSRXUKDNVJOKSAOVEMBMGNBCTEYNEH            *\r\n* FDCHHPHGTZPLQVCNNCJQPP                                                                             *\r\n* FZQODPM                                                                                            *\r\n* JNEIHQTHGWGIMQBKHRQKKUQQQBWHRAEQGKGYMMUXUVDTIGPOXFHLZCEOWOSF                                       *\r\n* LQGSPCBKDYVXTPPRXHJMIKLSSREFSBYTPEJFXBTENETHMOFMPXZGITKAENAYXWRBZBHPFJTWOFY                        *\r\n* QDGDLRQUCRLVTIAJ                                                                                   *\r\n* UGR                                                                                                *\r\n* RIKGQGFDDSDUGJBHWMGFXZHQMVXJKVTZHRZVVXUKKRYZIAMYZ                                                  *\r\n* EIALPRAUUV                                                                                         *\r\n* VTIZDNPKFLZRVUGBIILJYKHRKZVCHVACZAPXQZ                                                             *\r\n* MXOTQEQEQJQRMIMLL                                                                                  *\r\n* ROESMDKKWSUFIKJDYLKQQMUUETQDOUNPDLZLZUKKJFIYJL                                                     *\r\n* GII                                                                                                *\r\n* ABVUETKOTNGWCEFCWKYEEBZGKDWKTSJVFJNOHQUR                                                           *\r\n* GQWDJFTEIDVJEGZBOKAXZUBEKRSRQUFQHPXKDDBYDGKONLBDNMTGTTPLPSS                                        *\r\n* NBNOYFCOIOYKICUTKMQYQODEBYWNZMVKLKKBSWQIJMVZOIYQZWACBTBYXJMZIPOVTNZX                               *\r\n* TAOWIPDTEPTAFODLTJRIMDJJRZUXZGAIBYGVMFTEXFTTSZCALKZEIOFPREFIVGTYPLYHI                              *\r\n* YNPMLGKPQSWTMPGWZMTQDIALJRMUEHAV                                                                   *\r\n* DLLPWDYECNNLBTESSLMNREQNDDTUQLJRBAIDVHDIULBVMZHXICLWNIAYVXLSKDOQEVKBLAW                            *\r\n* HESFDVADWVMNZMETAKIXVKXRWKRRPGMHFAOIPUVAWHWPQ                                                      *\r\n* QRQR                                                                                               *\r\n******************************************************************************************************\r\n&quot;)" fullname="Open_Lab_04._14.Tests.TestWithRandom([&quot;LQHYEQTBTDIUXUEPHGTJRDZMUPHBKUQIYUHIXNCTTJHHBAYDTHTEKCBHRUEPIRRZNAVCMVSTEAQ&quot;, &quot;WSLTQDICBLYWSARDJMKBRITAFWRXPZAJM&quot;, &quot;KZIKZEIPXCCZJMEOJRPOROYLOTMKNBLOJZPSUZNFSCKRYGMETAQJUXBWAXWFSYBWROPJXMUKDJ&quot;, &quot;OEHMHGIRNLCULXSRXCHNUANZKQCHGFFFKCNRSKOZKHOKPTDMEUXHWWBNQHCREAKHFWKJKAZMOIDNMDKQMQCM&quot;, &quot;XINBZBKIXUJWGESJUBDVLTOTNBNXLENYX&quot;, ...],&quot;******************************************************************************************************\r\n* LQHYEQTBTDIUXUEPHGTJRDZMUPHBKUQIYUHIXNCTTJHHBAYDTHTEKCBHRUEPIRRZNAVCMVSTEAQ                        *\r\n* WSLTQDICBLYWSARDJMKBRITAFWRXPZAJM                                                                  *\r\n* KZIKZEIPXCCZJMEOJRPOROYLOTMKNBLOJZPSUZNFSCKRYGMETAQJUXBWAXWFSYBWROPJXMUKDJ                         *\r\n* OEHMHGIRNLCULXSRXCHNUANZKQCHGFFFKCNRSKOZKHOKPTDMEUXHWWBNQHCREAKHFWKJKAZMOIDNMDKQMQCM               *\r\n* XINBZBKIXUJWGESJUBDVLTOTNBNXLENYX                                                                  *\r\n* HOWHLZODRNTQGYSGSPZRXEUUNXONWTHLYHWDNMPEGHCAZWUOEEMYYGCDUCTNLAHXFISZBOTFZVKPCTURDZJRHJMSFTJKSCSGAE *\r\n* REVMQLGYDVMAAICKLRPQWVZUIEJMXCEPYYCMHMSGAKIWSTICQRHOLNYWEBELBUBBRWBCGPCYYIPLMCBOW                  *\r\n* WFVPEKAFHGIHFGJHFWRGVAOIQCXMJ                                                                      *\r\n* APPUYVGCR                                                                                          *\r\n* CAHWQRDJCFXEXPLVQMZBMNVFGSSKINBDEADUSRSYZOJEEVSZICFTCQEOFCQYYSBPDU                                 *\r\n* W                                                                                                  *\r\n* RCYUACYDQAKZTCFHHAOWPPQBTAHMUBKVWNRZGZCNFKOBFYF                                                    *\r\n* VHWTLAWBMXAAVLJPQPDGKGBIXAREAPVUUQRMEQJWQPNJYCSTBZLQVZFPFNWKISB                                    *\r\n* BFFEUWKZFGPUSSKVIXDBDFYULCGRUZNXOQHSWOZEOMKOJKXNDACKOZTVHKTSPTEGTRGBKRYUYZMRVKKAETNTXCJO           *\r\n* LLMUGOVHDVREVCMCHMPNBAWZTNWGLJQIRDZGMZSKRKSOTVJQBQPQTBWLOMBTSOWTEJNRDGQITEVRHIGXDFEUUAOPHORA       *\r\n* YSCNYKJIRNVAHWPGEDGFDPMJCYEUXKPOQJVMSDJXXPMSJTNDZJCKLUUJFSLZFPKHXGKXBCNBUIINDUAILAUNHEDVPLGZSJ     *\r\n* HFEUDJQCWVBQCMGGLSCOFUXZTDPHPWOIKQAIYZWZVYYRGNBIIFUGQUMNHEAZTIMAHTFLMX                             *\r\n* LVCTGWFTGCGYKCHSQDMATZXFMMXJNHP                                                                    *\r\n* LXIKNBGRCKUXNJCXAAPHAWOMYWHUYVGYMKNMTWEPXVYIEZSCJAJMSHVOJVMRTMTHEWLCVPEDWAKFYFIZEEKYL              *\r\n* GEOZDYKMVKCREINPGUVFPSXQPEMMNPCUVKQHNWMGTKEZDHAALOXPCFENHYJYLXZGIHVURGCKHPMFNXN                    *\r\n* DMAZRMSPFCZPMNUVKYRVLGIFLNIMTZAJK                                                                  *\r\n* VYXAOV                                                                                             *\r\n* GPPGMXUVRUPFRWWDVNEEFWFCQFLRVYKKWGFRTYZPNRCELDSEZVBMJQJJJ                                          *\r\n* QHMCZTKEJKQFKXOPQOUARMMGSAWXBFXVHFIRCLSIUGUHOTLEYTAU                                               *\r\n* JWDVGJYWNDEMUXEPWNEVLGKSESYPRYHFDGYJEWWCTMHCPUTWGPCGVZECLLQNK                                      *\r\n* EOWZJOZUKARCCYZHCKZCICWBJEBVYTGIRKHSG                                                              *\r\n* KEXMECPSWFDDIGOIACRUPFMDWRTILSRGALZUFWXUMRHVSUKATJJEBLBFRTPNIGHEO                                  *\r\n* CWGUCEEXIXYRKCGTOBJMFPKUCLHKMFKDHWROTZGEADDDGAJNGORFVBQNMMSRXUKDNVJOKSAOVEMBMGNBCTEYNEH            *\r\n* FDCHHPHGTZPLQVCNNCJQPP                                                                             *\r\n* FZQODPM                                                                                            *\r\n* JNEIHQTHGWGIMQBKHRQKKUQQQBWHRAEQGKGYMMUXUVDTIGPOXFHLZCEOWOSF                                       *\r\n* LQGSPCBKDYVXTPPRXHJMIKLSSREFSBYTPEJFXBTENETHMOFMPXZGITKAENAYXWRBZBHPFJTWOFY                        *\r\n* QDGDLRQUCRLVTIAJ                                                                                   *\r\n* UGR                                                                                                *\r\n* RIKGQGFDDSDUGJBHWMGFXZHQMVXJKVTZHRZVVXUKKRYZIAMYZ                                                  *\r\n* EIALPRAUUV                                                                                         *\r\n* VTIZDNPKFLZRVUGBIILJYKHRKZVCHVACZAPXQZ                                                             *\r\n* MXOTQEQEQJQRMIMLL                                                                                  *\r\n* ROESMDKKWSUFIKJDYLKQQMUUETQDOUNPDLZLZUKKJFIYJL                                                     *\r\n* GII                                                                                                *\r\n* ABVUETKOTNGWCEFCWKYEEBZGKDWKTSJVFJNOHQUR                                                           *\r\n* GQWDJFTEIDVJEGZBOKAXZUBEKRSRQUFQHPXKDDBYDGKONLBDNMTGTTPLPSS                                        *\r\n* NBNOYFCOIOYKICUTKMQYQODEBYWNZMVKLKKBSWQIJMVZOIYQZWACBTBYXJMZIPOVTNZX                               *\r\n* TAOWIPDTEPTAFODLTJRIMDJJRZUXZGAIBYGVMFTEXFTTSZCALKZEIOFPREFIVGTYPLYHI                              *\r\n* YNPMLGKPQSWTMPGWZMTQDIALJRMUEHAV                                                                   *\r\n* DLLPWDYECNNLBTESSLMNREQNDDTUQLJRBAIDVHDIULBVMZHXICLWNIAYVXLSKDOQEVKBLAW                            *\r\n* HESFDVADWVMNZMETAKIXVKXRWKRRPGMHFAOIPUVAWHWPQ                                                      *\r\n* QRQR                                                                                               *\r\n******************************************************************************************************\r\n&quot;)" methodname="TestWithRandom" classname="Open_Lab_04._14.Tests" runstate="Runnable" seed="853090107" result="Passed" start-time="2021-12-27 14:18:12Z" end-time="2021-12-27 14:18:12Z" duration="0.018767" asserts="5153" />
            <test-case id="1076" name="TestWithRandom([&quot;SZP&quot;, &quot;GBJSEJOQIFIZYVDFOIAOOIAVUZAYFMPFKRCNLDWNTGGLSQTVNVLKZBIYANXEIPKWPCPGTPTLLMVIBPDDFFLJAFGJ&quot;, &quot;ENYFREDVKVPBNCXBAYMFAWLJUYDEAWKWFWPCV&quot;, &quot;UHRMRTNBSCNIZHUDJHBOKSBZU&quot;],&quot;********************************************************************************************\r\n* SZP                                                                                      *\r\n* GBJSEJOQIFIZYVDFOIAOOIAVUZAYFMPFKRCNLDWNTGGLSQTVNVLKZBIYANXEIPKWPCPGTPTLLMVIBPDDFFLJAFGJ *\r\n* ENYFREDVKVPBNCXBAYMFAWLJUYDEAWKWFWPCV                                                    *\r\n* UHRMRTNBSCNIZHUDJHBOKSBZU                                                                *\r\n********************************************************************************************\r\n&quot;)" fullname="Open_Lab_04._14.Tests.TestWithRandom([&quot;SZP&quot;, &quot;GBJSEJOQIFIZYVDFOIAOOIAVUZAYFMPFKRCNLDWNTGGLSQTVNVLKZBIYANXEIPKWPCPGTPTLLMVIBPDDFFLJAFGJ&quot;, &quot;ENYFREDVKVPBNCXBAYMFAWLJUYDEAWKWFWPCV&quot;, &quot;UHRMRTNBSCNIZHUDJHBOKSBZU&quot;],&quot;********************************************************************************************\r\n* SZP                                                                                      *\r\n* GBJSEJOQIFIZYVDFOIAOOIAVUZAYFMPFKRCNLDWNTGGLSQTVNVLKZBIYANXEIPKWPCPGTPTLLMVIBPDDFFLJAFGJ *\r\n* ENYFREDVKVPBNCXBAYMFAWLJUYDEAWKWFWPCV                                                    *\r\n* UHRMRTNBSCNIZHUDJHBOKSBZU                                                                *\r\n********************************************************************************************\r\n&quot;)" methodname="TestWithRandom" classname="Open_Lab_04._14.Tests" runstate="Runnable" seed="931124015" result="Passed" start-time="2021-12-27 14:18:12Z" end-time="2021-12-27 14:18:12Z" duration="0.005037" asserts="561" />
            <test-case id="1077" name="TestWithRandom([&quot;TVQNUGUDEONESVTFAQSWDCCNHBHVBGSSDIUFCPSCFDP&quot;, &quot;VDJSRNAIBRHQTDFTYYCYVVAJBNDKXQQAMNRESOEOFKQMBDMZKZDHARUACZRE&quot;, &quot;QKLBHEFLBBKTOSKFOIXAEAYNIZUTRCSXAEPAF&quot;, &quot;TZGNJYSNMZJVNRUDFPMXTHJMUZINTJCKAEOXTQRZU&quot;, &quot;NVJVOBCWZZNHRMQTTJQFUDWYVJCXKOYMCYUNDYKHKXJDXSMCHZXHJOAKZLAFZFMLBAETRCQUZJVWTTBC&quot;, ...],&quot;********************************************************************************************************\r\n* TVQNUGUDEONESVTFAQSWDCCNHBHVBGSSDIUFCPSCFDP                                                          *\r\n* VDJSRNAIBRHQTDFTYYCYVVAJBNDKXQQAMNRESOEOFKQMBDMZKZDHARUACZRE                                         *\r\n* QKLBHEFLBBKTOSKFOIXAEAYNIZUTRCSXAEPAF                                                                *\r\n* TZGNJYSNMZJVNRUDFPMXTHJMUZINTJCKAEOXTQRZU                                                            *\r\n* NVJVOBCWZZNHRMQTTJQFUDWYVJCXKOYMCYUNDYKHKXJDXSMCHZXHJOAKZLAFZFMLBAETRCQUZJVWTTBC                     *\r\n* ZPKRRDOYKOSYFHELYBWNTKFICIATDQGJXJZPBUKXQVHNYWUBQLVRFPCPKBOJDVUTIIAVIOKERYXYDRKFOZCRUO               *\r\n* IHKFZFAUVANFPWYSB                                                                                    *\r\n* RZGRDLT                                                                                              *\r\n* JUDSCYTEROYJKYRECYPLUJPGAPDPYQDYLHVGQCXOMLEJTSQSIBPFVHWZFWRNVDGBKZY                                  *\r\n* DKOZABZJFFN                                                                                          *\r\n* YLHWBYCELWATKKTIFDYTTOPXMQEUHMUZJJ                                                                   *\r\n* KVJZMXURHKUOQHREBGTOKVKJLUHWYBBJBWJMWDMWZWIMSBONQISSQUD                                              *\r\n* LZOSPXSFJLNTYEHYUWPNNXRJGUFPIITGTUBWPTHBECDGOUOLAUXTFPAN                                             *\r\n* EMURCXARGADDLJAPNJKTLVLGUONKZ                                                                        *\r\n* DUNPKH                                                                                               *\r\n* JBFDOHTLHPLXESFPUWJAOXNJPSEWJQVYTCDIFQWNRVMZCNVJXE                                                   *\r\n* TBGYMNVNWCWBRUMDBOXKDAVISKOHCWVZFXCXMERUKCZKVTVEPJUUZUPTFYFBYOLZHXWTRPRXXD                           *\r\n* AAKNZPKRSCBZLHJROYPVVRADXXBMZSWWWUOSVKGLOWTWFYKMIYDZHHEJAHPBOXSAFEDRTQWDRDHZYDYZMPEBOXPOPFSNUFXRESRA *\r\n* TSRCZHDAFKWJQOYSQLIPOBNXIJMGQUFMXETWMZPQLOKUWEEQYYNHJLFSETTQVXKKFKMLVCFRVREAQTBD                     *\r\n* VHRGXDLZARTFYUODAOL                                                                                  *\r\n* SVWSWMRHEBLRQLAPSDHHAMUKMMXXQWQEQLLALZKLMEUZGBOMUYLWHESGALFJOURILGBFZAET                             *\r\n* WVVSVELXKCRLTXLSFZZTAWSNMOZZJMUTSDLJWOFHUMERZWRJPMUAEZSZDIGGELNXIXSPMCWRU                            *\r\n* YORANPXQJXSUPSLLGOHYDIYHIBDBXNQCFMBDHCUQJNCQEOIAEAWIJVOPQKSMLVTWHQOCRI                               *\r\n* DTQOPGIDUTDXWQIS                                                                                     *\r\n* XLNXKIFOUFIOZFIVWSOSHZJHHXTHXXFZXEEGUG                                                               *\r\n* KLAVAZOUNVBZYTZCYCFQMPXQXAJRVBCBQYDHGDIISDGMWXHFXCGEOPHVNKYAQXZLTAJZPSVUTXYI                         *\r\n* LUZTDTSUYMARITWFHRUEUTVOHPEGLKRRYLCPY                                                                *\r\n* MDGRUOIHHYZPMFDEPRZLLNOMJNUI                                                                         *\r\n* WQGGAFRYCYGFAIFGVYLOUWKQNVYOTHHTAOKHSJLAMGMTSGKFIFNPJUZAGQTEHCEURNELYYOMML                           *\r\n* NJRYHKTF                                                                                             *\r\n* URKGPJBCPGSKCRCFBZHKRBCXSLROSMTOWQAZCYWOWMWGSRLRPSFLL                                                *\r\n* VTPMNESNJDNENLRCCCDTOFEWFAAZZZGHCBVHKQKSVJCSTOEAAMQDISGQOTHNDTNKXFBMPKSMRKXFDMDQW                    *\r\n* ZMJDZJVFSQJXOCVRVNMRKPUELXVAMCPQQETBBUFSQKRBDUWVKLQPEEPJSFRBOVSQASGKITQBHUBZYSARBZPALAMMOJIVCEDVSAAK *\r\n* MMQUPHKDPLAEAZPFRFAGTVYLUYDQFHYRQDONYGVTBJYYIRCEOQAVA                                                *\r\n* TRNFZRDTXIMIOWKCGL                                                                                   *\r\n* GEKWACDWYCPGDRLJXZTGEPILPMZDFTMJPLTAIUN                                                              *\r\n* WVFQICJRCMN                                                                                          *\r\n* MFFQVZGOCZQ                                                                                          *\r\n* QFQSXLADLQJJKRDMCI                                                                                   *\r\n* SGJW                                                                                                 *\r\n* FDEJNZAWEAACMRUQLJQWWWGDVTLUYYXGIGMUHRQ                                                              *\r\n* QMEJRAALOKHXSANIWAOTNFXGCTTFEZJUTEFJRXMUSAFOQAOIT                                                    *\r\n* XGDWZKOYGXHVGOAMDO                                                                                   *\r\n* EQZOTANAIPCFLMZCDRXFVUTQONXTQOEWZNOOXSJVLKGJESVJGMXVGJZKXIZFDTJUKFGXXLEKHBTKOJM                      *\r\n* RNMERJQPOEQPSERSBLYYMYMVHMNFQOVNWDNQGECBPQITUPSDJAJCLNJTBRWEVLYAIDSPQBMWIXJVPSASUKVQE                *\r\n* CIUUPOHYFDRIKRWDMINNTOENEIREKLQIWPBJUWMYOKRFDHIIVRXNCQZOEGPGWDNTNJMVQMIQVP                           *\r\n* JWYKWAJITOCFFQNFOGFBKXYRUVNSIJHRMRQRFWTGNUTEKDGECHTJPOOLXGPBNQZKHLSNZVASNZNQDTHQOIPBPXBYDETZGRSXU    *\r\n* XZLSEHHAWQAXIEZZNFAYUJKUKVBAMVGQVUVHF                                                                *\r\n* DIUPBLXFWPZGENWWONPRIJGGOAJKCNIRURCSDFIYWFZLBFRTUYFISNNTBOAACNCIGHMNLDTJFQUCKUEJJQPEI                *\r\n* YG                                                                                                   *\r\n* IQOEHWICQFTTD                                                                                        *\r\n* QFVDCTKJHKRRMXYZGIFKDMEEXUMAT                                                                        *\r\n* LQFIYZNXWNSZJENPKKEQYKNTEEAQFIGKPSYBMDYZMJMSRDDZRHKBWCQACLE                                          *\r\n* YWROGIKQFLDGLEEPYUBABBZYYFOMCYYAZEBPRXMJTMTGEDPRYACIJDSXXTQAUYOHNDGHDOXAISHOHTU                      *\r\n********************************************************************************************************\r\n&quot;)" fullname="Open_Lab_04._14.Tests.TestWithRandom([&quot;TVQNUGUDEONESVTFAQSWDCCNHBHVBGSSDIUFCPSCFDP&quot;, &quot;VDJSRNAIBRHQTDFTYYCYVVAJBNDKXQQAMNRESOEOFKQMBDMZKZDHARUACZRE&quot;, &quot;QKLBHEFLBBKTOSKFOIXAEAYNIZUTRCSXAEPAF&quot;, &quot;TZGNJYSNMZJVNRUDFPMXTHJMUZINTJCKAEOXTQRZU&quot;, &quot;NVJVOBCWZZNHRMQTTJQFUDWYVJCXKOYMCYUNDYKHKXJDXSMCHZXHJOAKZLAFZFMLBAETRCQUZJVWTTBC&quot;, ...],&quot;********************************************************************************************************\r\n* TVQNUGUDEONESVTFAQSWDCCNHBHVBGSSDIUFCPSCFDP                                                          *\r\n* VDJSRNAIBRHQTDFTYYCYVVAJBNDKXQQAMNRESOEOFKQMBDMZKZDHARUACZRE                                         *\r\n* QKLBHEFLBBKTOSKFOIXAEAYNIZUTRCSXAEPAF                                                                *\r\n* TZGNJYSNMZJVNRUDFPMXTHJMUZINTJCKAEOXTQRZU                                                            *\r\n* NVJVOBCWZZNHRMQTTJQFUDWYVJCXKOYMCYUNDYKHKXJDXSMCHZXHJOAKZLAFZFMLBAETRCQUZJVWTTBC                     *\r\n* ZPKRRDOYKOSYFHELYBWNTKFICIATDQGJXJZPBUKXQVHNYWUBQLVRFPCPKBOJDVUTIIAVIOKERYXYDRKFOZCRUO               *\r\n* IHKFZFAUVANFPWYSB                                                                                    *\r\n* RZGRDLT                                                                                              *\r\n* JUDSCYTEROYJKYRECYPLUJPGAPDPYQDYLHVGQCXOMLEJTSQSIBPFVHWZFWRNVDGBKZY                                  *\r\n* DKOZABZJFFN                                                                                          *\r\n* YLHWBYCELWATKKTIFDYTTOPXMQEUHMUZJJ                                                                   *\r\n* KVJZMXURHKUOQHREBGTOKVKJLUHWYBBJBWJMWDMWZWIMSBONQISSQUD                                              *\r\n* LZOSPXSFJLNTYEHYUWPNNXRJGUFPIITGTUBWPTHBECDGOUOLAUXTFPAN                                             *\r\n* EMURCXARGADDLJAPNJKTLVLGUONKZ                                                                        *\r\n* DUNPKH                                                                                               *\r\n* JBFDOHTLHPLXESFPUWJAOXNJPSEWJQVYTCDIFQWNRVMZCNVJXE                                                   *\r\n* TBGYMNVNWCWBRUMDBOXKDAVISKOHCWVZFXCXMERUKCZKVTVEPJUUZUPTFYFBYOLZHXWTRPRXXD                           *\r\n* AAKNZPKRSCBZLHJROYPVVRADXXBMZSWWWUOSVKGLOWTWFYKMIYDZHHEJAHPBOXSAFEDRTQWDRDHZYDYZMPEBOXPOPFSNUFXRESRA *\r\n* TSRCZHDAFKWJQOYSQLIPOBNXIJMGQUFMXETWMZPQLOKUWEEQYYNHJLFSETTQVXKKFKMLVCFRVREAQTBD                     *\r\n* VHRGXDLZARTFYUODAOL                                                                                  *\r\n* SVWSWMRHEBLRQLAPSDHHAMUKMMXXQWQEQLLALZKLMEUZGBOMUYLWHESGALFJOURILGBFZAET                             *\r\n* WVVSVELXKCRLTXLSFZZTAWSNMOZZJMUTSDLJWOFHUMERZWRJPMUAEZSZDIGGELNXIXSPMCWRU                            *\r\n* YORANPXQJXSUPSLLGOHYDIYHIBDBXNQCFMBDHCUQJNCQEOIAEAWIJVOPQKSMLVTWHQOCRI                               *\r\n* DTQOPGIDUTDXWQIS                                                                                     *\r\n* XLNXKIFOUFIOZFIVWSOSHZJHHXTHXXFZXEEGUG                                                               *\r\n* KLAVAZOUNVBZYTZCYCFQMPXQXAJRVBCBQYDHGDIISDGMWXHFXCGEOPHVNKYAQXZLTAJZPSVUTXYI                         *\r\n* LUZTDTSUYMARITWFHRUEUTVOHPEGLKRRYLCPY                                                                *\r\n* MDGRUOIHHYZPMFDEPRZLLNOMJNUI                                                                         *\r\n* WQGGAFRYCYGFAIFGVYLOUWKQNVYOTHHTAOKHSJLAMGMTSGKFIFNPJUZAGQTEHCEURNELYYOMML                           *\r\n* NJRYHKTF                                                                                             *\r\n* URKGPJBCPGSKCRCFBZHKRBCXSLROSMTOWQAZCYWOWMWGSRLRPSFLL                                                *\r\n* VTPMNESNJDNENLRCCCDTOFEWFAAZZZGHCBVHKQKSVJCSTOEAAMQDISGQOTHNDTNKXFBMPKSMRKXFDMDQW                    *\r\n* ZMJDZJVFSQJXOCVRVNMRKPUELXVAMCPQQETBBUFSQKRBDUWVKLQPEEPJSFRBOVSQASGKITQBHUBZYSARBZPALAMMOJIVCEDVSAAK *\r\n* MMQUPHKDPLAEAZPFRFAGTVYLUYDQFHYRQDONYGVTBJYYIRCEOQAVA                                                *\r\n* TRNFZRDTXIMIOWKCGL                                                                                   *\r\n* GEKWACDWYCPGDRLJXZTGEPILPMZDFTMJPLTAIUN                                                              *\r\n* WVFQICJRCMN                                                                                          *\r\n* MFFQVZGOCZQ                                                                                          *\r\n* QFQSXLADLQJJKRDMCI                                                                                   *\r\n* SGJW                                                                                                 *\r\n* FDEJNZAWEAACMRUQLJQWWWGDVTLUYYXGIGMUHRQ                                                              *\r\n* QMEJRAALOKHXSANIWAOTNFXGCTTFEZJUTEFJRXMUSAFOQAOIT                                                    *\r\n* XGDWZKOYGXHVGOAMDO                                                                                   *\r\n* EQZOTANAIPCFLMZCDRXFVUTQONXTQOEWZNOOXSJVLKGJESVJGMXVGJZKXIZFDTJUKFGXXLEKHBTKOJM                      *\r\n* RNMERJQPOEQPSERSBLYYMYMVHMNFQOVNWDNQGECBPQITUPSDJAJCLNJTBRWEVLYAIDSPQBMWIXJVPSASUKVQE                *\r\n* CIUUPOHYFDRIKRWDMINNTOENEIREKLQIWPBJUWMYOKRFDHIIVRXNCQZOEGPGWDNTNJMVQMIQVP                           *\r\n* JWYKWAJITOCFFQNFOGFBKXYRUVNSIJHRMRQRFWTGNUTEKDGECHTJPOOLXGPBNQZKHLSNZVASNZNQDTHQOIPBPXBYDETZGRSXU    *\r\n* XZLSEHHAWQAXIEZZNFAYUJKUKVBAMVGQVUVHF                                                                *\r\n* DIUPBLXFWPZGENWWONPRIJGGOAJKCNIRURCSDFIYWFZLBFRTUYFISNNTBOAACNCIGHMNLDTJFQUCKUEJJQPEI                *\r\n* YG                                                                                                   *\r\n* IQOEHWICQFTTD                                                                                        *\r\n* QFVDCTKJHKRRMXYZGIFKDMEEXUMAT                                                                        *\r\n* LQFIYZNXWNSZJENPKKEQYKNTEEAQFIGKPSYBMDYZMJMSRDDZRHKBWCQACLE                                          *\r\n* YWROGIKQFLDGLEEPYUBABBZYYFOMCYYAZEBPRXMJTMTGEDPRYACIJDSXXTQAUYOHNDGHDOXAISHOHTU                      *\r\n********************************************************************************************************\r\n&quot;)" methodname="TestWithRandom" classname="Open_Lab_04._14.Tests" runstate="Runnable" seed="349014334" result="Passed" start-time="2021-12-27 14:18:12Z" end-time="2021-12-27 14:18:12Z" duration="0.023431" asserts="5883" />
            <test-case id="1078" name="TestWithRandom([&quot;WNBWQQWLESYHLPVYMSBXIOJDBZRWEPEZWKXKMLWMKVZWZTXCMQVATXHHEYURYZ&quot;, &quot;ONZKARLLAWOMMPNDIBPKOUEGZCQFO&quot;, &quot;FNKOKIAIWKAEUDEKUSRUMPJPSUJSLXBFWJQACYEEDZFEJJZABPHXOUEQDUVQYHXZIV&quot;, &quot;LNDIWOMQMJFGJUJRWPERCEAWHDNFVCG&quot;, &quot;NBONYGLJBDSGYOLVPQAJEEFGMGASAHUKDJSHGWSPEVQYMTYTRRQFBWRJWHARGSIUJICPVEPTXLFJOHUTIHBI&quot;, ...],&quot;********************************************************************************************************\r\n* WNBWQQWLESYHLPVYMSBXIOJDBZRWEPEZWKXKMLWMKVZWZTXCMQVATXHHEYURYZ                                       *\r\n* ONZKARLLAWOMMPNDIBPKOUEGZCQFO                                                                        *\r\n* FNKOKIAIWKAEUDEKUSRUMPJPSUJSLXBFWJQACYEEDZFEJJZABPHXOUEQDUVQYHXZIV                                   *\r\n* LNDIWOMQMJFGJUJRWPERCEAWHDNFVCG                                                                      *\r\n* NBONYGLJBDSGYOLVPQAJEEFGMGASAHUKDJSHGWSPEVQYMTYTRRQFBWRJWHARGSIUJICPVEPTXLFJOHUTIHBI                 *\r\n* PIGSILYVBJLMVPEQIXMCWHQRIVONGJYRZDTZWXMTRXWBTWSSQCZKOGTHRPKNWKOSL                                    *\r\n* MSVEULKTKZLOXLDVXEJNCTJMHGMZWHIEQZJZXLINZVWUWDRYKAMKIXRTIIWNZLWDQHXYBDYLVWNHWO                       *\r\n* EPOPWUXVTHQQOPUOOYTEOFSWGCAOMJKWTSRYKWAISLEQLMJWBHZIDKBYWRITTIJK                                     *\r\n* TXWXWDSYKLDBCKUSENEKCSIQSBSNGOJBUTSPNYFEGJTZXXUGOBPVFAUAOFEUKERVBCHISEFFIADSZJSVGMZFZOWUYR           *\r\n* HUKTBR                                                                                               *\r\n* XVQLOJWJNFWCAENJNYFMVNGMKBDXLXGBACLWEVXQJQBQXWQWUKXUWFBKPDBNFYYPYVBYSQESAODFMPPNKGDAAMEVABH          *\r\n* TKKK                                                                                                 *\r\n* LSCVREEGETHCVXAOOCZUXPLQGYQIDZQESOAWNSSCZUVSWSEEGMFHLQTWHLOTNVCFDDKHW                                *\r\n* AVKXVDTTTNTMCRUI                                                                                     *\r\n* BUEPBDZOERQPTIXHCMJXNUQDNSBZBTLLVKINSOZRKIQMCEZFWEZFKKFGEABJCAMLGFTJZKPONRN                          *\r\n* EDBJSVCWTGAKEBIRNPPK                                                                                 *\r\n* FGWKQFMPKSSWACAZRRHXQRZFIEYBXBXCDJYXEZCQQHJOHNEYIRVYIMFNGRBLGKRJUQTRDCVSOQGIILXVAZTFF                *\r\n* UQDKRNXQJGPZTRUNUGWDJRFWFUTGKGRMEVVCNSKHUYHATJRGANFNJCPDKGFWURFCODVYVRZBVOILKFDWDMFXBECBGSRHNONC     *\r\n* ELQNTLJNDRUTETFDJTHMIAKATRDZSOHBGSFTMIJAWJYMIHCZMDEUFQJDBQUBIJVPKSNLNMQ                              *\r\n* JGPYC                                                                                                *\r\n* RLPENOKMVPJBRWNISNOIBPUQLZNCLYALBEYILEVGFYXYCMUTNAOCJTVBRZSOBHBWOXANYFXORIDDSVOZETPKKYBHIWQ          *\r\n* LHEXXAJELHVHDZKBPSJWKTJIRQMPWSEBPKDKEFGRMKNXXIGK                                                     *\r\n* ZRQNUCSYVGGOTHTCUSSWAXJLRJZGLKIJBCWAONUILMIZZDSDTVDQNN                                               *\r\n* CHEWKCLMKXWMRKSNGXKLNOKMNRWMQGSVOOUSKRKFZAXBCRASAHXSD                                                *\r\n* ZNXSJTGZ                                                                                             *\r\n* DEBYDQADPNFMNQIJVQDLIJZSMOGVRHRYZDTWBTXCAEIFYPMXOINCDNNUFILOJFLHWGMJWLICSBLEBUUWCJGJUO               *\r\n* LQZRTHJSVSAJRCCADAKJCCISKNPLAYCNHLBTXTOVJIPMAKCUZIDJJETJHGHFSXRWQNBGBJCJLPATMWRAKUM                  *\r\n* VSECRRLQMJDMQTVNIWTQGTXTEAWKOGUXLABXIZOJXMWCMNCTAEROBVLBVKXRVBCFOFAQ                                 *\r\n* YEJHJTTXVHRXDKKPFWQOZBYBXOWKQNHMMACZHHRBREADGURQRQIJKBSWGHKVXJGHZELCILH                              *\r\n* EOXVBVUCWFSAEYBKHFSZWWDHXSDCIOIGIKEVEXULMHYSRGDBCAUCSHBHLPYJRSTIWMRUTGFKKHMPYKQQOBZITGOAIWKPZLT      *\r\n* NPWFOJIWUKRKUMJAYHUQTLOQYRLWVQLZOSCIOLCFTDNJODFWNKQRQDABBFHXXLBEZSWCKALNEPXQYE                       *\r\n* ULPJLATJL                                                                                            *\r\n* AGIEFHHCIKVHDMMYDNAFKCXDMLICPEFJLKJUCJZHQNPTGNHDXMWGIFGXJFRTZFMEFMWTC                                *\r\n* WUNTPXMDXYEFEDHZAFDLKXRFIKBLOTROAFQCSPPJLFHTPTAIXFMQPQHYDHKEVBOEHQEZNF                               *\r\n* LQTAEQXQOKTOJHBYJXRZKEKOJR                                                                           *\r\n* MZPAVSZAAWQCI                                                                                        *\r\n* RVUBNFXFRUCVFVGFFQNML                                                                                *\r\n* ZKYWJGACTVJTTJQMWLGGHUXZMDUURAPVTZWJDRVQEPBGMLBWOSTBGFKEMYJGLGKSGNAU                                 *\r\n* HJFQPBRTRNACXGYGNPNPRWEHPFYEIAYLHJHINLRESLVLJENAMMSY                                                 *\r\n* FWKEYAJCMKQOPUOYQSCXJWFATXLRYSWIAYCNWEPKHCGAFXUJZB                                                   *\r\n* TPADIQJLAPSDTOHNQSABLDSQGPEVWDCRXXDSAUTXNTOUPYNMXJDQZZKPWKXTLOPWNAGWLONWYDOSPYBHCSXMA                *\r\n* SXMNVQXALYDRGOSQBJWGRVLRAYIPQTQCWCHIJXSXZYRP                                                         *\r\n* XRMPLQOQUTXLVMXHIKSHBVEGKHEQYHTEWCCHVAEDCMCIKWNKVQROZHNCNF                                           *\r\n* EMXRMZTPTKQLHFPFOTV                                                                                  *\r\n* NTTUIQFFOOAUPVAREVPIRHUAFEJIJCZIRJRLSDIWUNBEJVVMFYATDMEGYTODHWVMPRCGDOYBMTODGQRJJWDLCG               *\r\n* EFLMZOFOYSOPRTPIQZYG                                                                                 *\r\n* YBAIBFUKSJKJMXBSCZMHEPKRBZQUONLDZUGDLEXJ                                                             *\r\n* EGJEFEVNQNAMZFJQIHBOZWEXGJRRXHYBDWAIBMVVVGX                                                          *\r\n* LRAPWNCWVULHBLXWMDQJPYICFAOWMGTTYEMPJCUJEBGJLSGQOYIRPOKNIXJWZFKOBRJXZINKIHENSZRNTYINYBDKUZHLSYKYRRHT *\r\n* JQGLYJIKXUJFWCAXWQZNZCAABRJWFWARYEJ                                                                  *\r\n* BCZSVAXEYGVVJAUAIFKHQFJGZLEAU                                                                        *\r\n* HSTTWUQHSYFWCVWOMEBZJSUCQWSTSJVWJGYDCQEZJAMLBUCOKLZZZUIOYQCZCXOJDJMWW                                *\r\n* LVABQIFIAWTDJHKWWPXJEMOEXMMDHRIGRRZDZXEAIPPFGYOHYGMXYMOZHVEDWBBIONMRHHXZL                            *\r\n* BOWIYZYFFBFKHECAVDTADGOGRTMWZRJNLBLZDYXFFRWZDDGHOHLTFKUUAPRFMBFOSSYFTDXXGOUMKODONFHRFPHBHRZ          *\r\n* HSSELIHLEAOLKNNRQHJLMDRHTNICKXYBDJPOVQACHRJMRWHSCQKZI                                                *\r\n* BEALKXAFAGBMIAXZVAHHEUTFPXGQAUMYSOILOKFCCBQCKENHUDUKSAKGL                                            *\r\n* VNRJFGTDTTRMKLUEFCDQULJYWWZBGSDBASORLSWKJHKTPHSJQNVICUAKESNIGRWBQPMRWDSNFTHMAPJOE                    *\r\n* LSWVYFSDNSEODRKIDZVAMNVICJNNJOJZDRGEFUQGZSPZJRQPBSLJTEDYXOSPSE                                       *\r\n* ZJEKMLGDJIOAUXVZLTXLRCAGZNHGQBBNUYQQEGDEVOCAEDIBBPGVVTCWIYLYDANHHBGVHEUFPSQDZAC                      *\r\n* FGEAVFSBVTIFVFAUBVTDXNUXUBGCCZXIWPTXVMMBIEANWOJKRVBDGYYRMHGTZQYVWZJGLDZOJRUSMGAGSVKHX                *\r\n* BXQBLNGSBSGERXFDYOVMUPEGEFHABEFRYCXLPKRMIQPCMIODAOWWLKYMTKWFGGRXNPGOZTOOWJE                          *\r\n* ZCUWQDZMHJFNDKSF                                                                                     *\r\n* MFCYROWCADGAIZBGUNRPAOCGFQEJSKOBIAKDBFHNXTQASMYJDGJXBP                                               *\r\n* XCWTBKNJPOFRIOYFPFDSGYCNTSUFMBRZTMNAFMGCKJALNUPVFATR                                                 *\r\n* XGYAIAIQHXNXFYVAXADZAIWXQAYCZALHZBVGOAWMXMCMNNHVUUIAQSXPJBJIBFQHLGYDDPLWDRBNFKKCSDIERLRHEGWN         *\r\n* OKSVVBHPDSFILWZQJJZQGPXWMPAORYWSYGPGJRJIDNPLDWFORQVWXWJZNVJFBSYEV                                    *\r\n* KFGTGRZQNTAMTPJLXADZUBWQSOHEHLOKPQLAHXJEXGIQZACUWP                                                   *\r\n* YBWSJJQASJVJCEQXCEJDZQYCOSGRSLNIRQQISYCQRXRVBXGLJDZPMLVHDUEQDZIGVNRMOHEEBTMCZDAQ                     *\r\n* UIOMYVGVJFYTMNROKAOFUWBYVNTZSIATNEIQUUXRLRFCGKP                                                      *\r\n* UOOCMLSYGQQKCHCBEEGHEAUP                                                                             *\r\n* WUDRYSLYNEETX                                                                                        *\r\n* CMKKEEMOEOEXBDHBTTZZQROGIXE                                                                          *\r\n* PCXHHXEVUQQLQHPOMBQIQLKLTXQLXDCGZAZBRWPDZMHCDNJ                                                      *\r\n* BAUGGWVESMOKHTYQOJMPIOWQLNIEEHHGO                                                                    *\r\n* JWJVZCFVIFIFWGNQOTBTAMEDVTORZLEH                                                                     *\r\n* ZJBHTKJKNFRIFRCQOTNFUIXSFZFONVXAAJXXLIUISIMHNVQCMAKRQCBQMJBUEUWRHQHVTEEFYEMLVPEKJDCMK                *\r\n* JYIGLCGAEXLVZXOUIHWESLPP                                                                             *\r\n* WFRKBRKGBGINNTCZYAPZAQHVPUVQGNXISKOXPPCGBOXQFGUNTFULAQVGXVVGWTAOIAVCEFJJYIXLSQQJZHW                  *\r\n********************************************************************************************************\r\n&quot;)" fullname="Open_Lab_04._14.Tests.TestWithRandom([&quot;WNBWQQWLESYHLPVYMSBXIOJDBZRWEPEZWKXKMLWMKVZWZTXCMQVATXHHEYURYZ&quot;, &quot;ONZKARLLAWOMMPNDIBPKOUEGZCQFO&quot;, &quot;FNKOKIAIWKAEUDEKUSRUMPJPSUJSLXBFWJQACYEEDZFEJJZABPHXOUEQDUVQYHXZIV&quot;, &quot;LNDIWOMQMJFGJUJRWPERCEAWHDNFVCG&quot;, &quot;NBONYGLJBDSGYOLVPQAJEEFGMGASAHUKDJSHGWSPEVQYMTYTRRQFBWRJWHARGSIUJICPVEPTXLFJOHUTIHBI&quot;, ...],&quot;********************************************************************************************************\r\n* WNBWQQWLESYHLPVYMSBXIOJDBZRWEPEZWKXKMLWMKVZWZTXCMQVATXHHEYURYZ                                       *\r\n* ONZKARLLAWOMMPNDIBPKOUEGZCQFO                                                                        *\r\n* FNKOKIAIWKAEUDEKUSRUMPJPSUJSLXBFWJQACYEEDZFEJJZABPHXOUEQDUVQYHXZIV                                   *\r\n* LNDIWOMQMJFGJUJRWPERCEAWHDNFVCG                                                                      *\r\n* NBONYGLJBDSGYOLVPQAJEEFGMGASAHUKDJSHGWSPEVQYMTYTRRQFBWRJWHARGSIUJICPVEPTXLFJOHUTIHBI                 *\r\n* PIGSILYVBJLMVPEQIXMCWHQRIVONGJYRZDTZWXMTRXWBTWSSQCZKOGTHRPKNWKOSL                                    *\r\n* MSVEULKTKZLOXLDVXEJNCTJMHGMZWHIEQZJZXLINZVWUWDRYKAMKIXRTIIWNZLWDQHXYBDYLVWNHWO                       *\r\n* EPOPWUXVTHQQOPUOOYTEOFSWGCAOMJKWTSRYKWAISLEQLMJWBHZIDKBYWRITTIJK                                     *\r\n* TXWXWDSYKLDBCKUSENEKCSIQSBSNGOJBUTSPNYFEGJTZXXUGOBPVFAUAOFEUKERVBCHISEFFIADSZJSVGMZFZOWUYR           *\r\n* HUKTBR                                                                                               *\r\n* XVQLOJWJNFWCAENJNYFMVNGMKBDXLXGBACLWEVXQJQBQXWQWUKXUWFBKPDBNFYYPYVBYSQESAODFMPPNKGDAAMEVABH          *\r\n* TKKK                                                                                                 *\r\n* LSCVREEGETHCVXAOOCZUXPLQGYQIDZQESOAWNSSCZUVSWSEEGMFHLQTWHLOTNVCFDDKHW                                *\r\n* AVKXVDTTTNTMCRUI                                                                                     *\r\n* BUEPBDZOERQPTIXHCMJXNUQDNSBZBTLLVKINSOZRKIQMCEZFWEZFKKFGEABJCAMLGFTJZKPONRN                          *\r\n* EDBJSVCWTGAKEBIRNPPK                                                                                 *\r\n* FGWKQFMPKSSWACAZRRHXQRZFIEYBXBXCDJYXEZCQQHJOHNEYIRVYIMFNGRBLGKRJUQTRDCVSOQGIILXVAZTFF                *\r\n* UQDKRNXQJGPZTRUNUGWDJRFWFUTGKGRMEVVCNSKHUYHATJRGANFNJCPDKGFWURFCODVYVRZBVOILKFDWDMFXBECBGSRHNONC     *\r\n* ELQNTLJNDRUTETFDJTHMIAKATRDZSOHBGSFTMIJAWJYMIHCZMDEUFQJDBQUBIJVPKSNLNMQ                              *\r\n* JGPYC                                                                                                *\r\n* RLPENOKMVPJBRWNISNOIBPUQLZNCLYALBEYILEVGFYXYCMUTNAOCJTVBRZSOBHBWOXANYFXORIDDSVOZETPKKYBHIWQ          *\r\n* LHEXXAJELHVHDZKBPSJWKTJIRQMPWSEBPKDKEFGRMKNXXIGK                                                     *\r\n* ZRQNUCSYVGGOTHTCUSSWAXJLRJZGLKIJBCWAONUILMIZZDSDTVDQNN                                               *\r\n* CHEWKCLMKXWMRKSNGXKLNOKMNRWMQGSVOOUSKRKFZAXBCRASAHXSD                                                *\r\n* ZNXSJTGZ                                                                                             *\r\n* DEBYDQADPNFMNQIJVQDLIJZSMOGVRHRYZDTWBTXCAEIFYPMXOINCDNNUFILOJFLHWGMJWLICSBLEBUUWCJGJUO               *\r\n* LQZRTHJSVSAJRCCADAKJCCISKNPLAYCNHLBTXTOVJIPMAKCUZIDJJETJHGHFSXRWQNBGBJCJLPATMWRAKUM                  *\r\n* VSECRRLQMJDMQTVNIWTQGTXTEAWKOGUXLABXIZOJXMWCMNCTAEROBVLBVKXRVBCFOFAQ                                 *\r\n* YEJHJTTXVHRXDKKPFWQOZBYBXOWKQNHMMACZHHRBREADGURQRQIJKBSWGHKVXJGHZELCILH                              *\r\n* EOXVBVUCWFSAEYBKHFSZWWDHXSDCIOIGIKEVEXULMHYSRGDBCAUCSHBHLPYJRSTIWMRUTGFKKHMPYKQQOBZITGOAIWKPZLT      *\r\n* NPWFOJIWUKRKUMJAYHUQTLOQYRLWVQLZOSCIOLCFTDNJODFWNKQRQDABBFHXXLBEZSWCKALNEPXQYE                       *\r\n* ULPJLATJL                                                                                            *\r\n* AGIEFHHCIKVHDMMYDNAFKCXDMLICPEFJLKJUCJZHQNPTGNHDXMWGIFGXJFRTZFMEFMWTC                                *\r\n* WUNTPXMDXYEFEDHZAFDLKXRFIKBLOTROAFQCSPPJLFHTPTAIXFMQPQHYDHKEVBOEHQEZNF                               *\r\n* LQTAEQXQOKTOJHBYJXRZKEKOJR                                                                           *\r\n* MZPAVSZAAWQCI                                                                                        *\r\n* RVUBNFXFRUCVFVGFFQNML                                                                                *\r\n* ZKYWJGACTVJTTJQMWLGGHUXZMDUURAPVTZWJDRVQEPBGMLBWOSTBGFKEMYJGLGKSGNAU                                 *\r\n* HJFQPBRTRNACXGYGNPNPRWEHPFYEIAYLHJHINLRESLVLJENAMMSY                                                 *\r\n* FWKEYAJCMKQOPUOYQSCXJWFATXLRYSWIAYCNWEPKHCGAFXUJZB                                                   *\r\n* TPADIQJLAPSDTOHNQSABLDSQGPEVWDCRXXDSAUTXNTOUPYNMXJDQZZKPWKXTLOPWNAGWLONWYDOSPYBHCSXMA                *\r\n* SXMNVQXALYDRGOSQBJWGRVLRAYIPQTQCWCHIJXSXZYRP                                                         *\r\n* XRMPLQOQUTXLVMXHIKSHBVEGKHEQYHTEWCCHVAEDCMCIKWNKVQROZHNCNF                                           *\r\n* EMXRMZTPTKQLHFPFOTV                                                                                  *\r\n* NTTUIQFFOOAUPVAREVPIRHUAFEJIJCZIRJRLSDIWUNBEJVVMFYATDMEGYTODHWVMPRCGDOYBMTODGQRJJWDLCG               *\r\n* EFLMZOFOYSOPRTPIQZYG                                                                                 *\r\n* YBAIBFUKSJKJMXBSCZMHEPKRBZQUONLDZUGDLEXJ                                                             *\r\n* EGJEFEVNQNAMZFJQIHBOZWEXGJRRXHYBDWAIBMVVVGX                                                          *\r\n* LRAPWNCWVULHBLXWMDQJPYICFAOWMGTTYEMPJCUJEBGJLSGQOYIRPOKNIXJWZFKOBRJXZINKIHENSZRNTYINYBDKUZHLSYKYRRHT *\r\n* JQGLYJIKXUJFWCAXWQZNZCAABRJWFWARYEJ                                                                  *\r\n* BCZSVAXEYGVVJAUAIFKHQFJGZLEAU                                                                        *\r\n* HSTTWUQHSYFWCVWOMEBZJSUCQWSTSJVWJGYDCQEZJAMLBUCOKLZZZUIOYQCZCXOJDJMWW                                *\r\n* LVABQIFIAWTDJHKWWPXJEMOEXMMDHRIGRRZDZXEAIPPFGYOHYGMXYMOZHVEDWBBIONMRHHXZL                            *\r\n* BOWIYZYFFBFKHECAVDTADGOGRTMWZRJNLBLZDYXFFRWZDDGHOHLTFKUUAPRFMBFOSSYFTDXXGOUMKODONFHRFPHBHRZ          *\r\n* HSSELIHLEAOLKNNRQHJLMDRHTNICKXYBDJPOVQACHRJMRWHSCQKZI                                                *\r\n* BEALKXAFAGBMIAXZVAHHEUTFPXGQAUMYSOILOKFCCBQCKENHUDUKSAKGL                                            *\r\n* VNRJFGTDTTRMKLUEFCDQULJYWWZBGSDBASORLSWKJHKTPHSJQNVICUAKESNIGRWBQPMRWDSNFTHMAPJOE                    *\r\n* LSWVYFSDNSEODRKIDZVAMNVICJNNJOJZDRGEFUQGZSPZJRQPBSLJTEDYXOSPSE                                       *\r\n* ZJEKMLGDJIOAUXVZLTXLRCAGZNHGQBBNUYQQEGDEVOCAEDIBBPGVVTCWIYLYDANHHBGVHEUFPSQDZAC                      *\r\n* FGEAVFSBVTIFVFAUBVTDXNUXUBGCCZXIWPTXVMMBIEANWOJKRVBDGYYRMHGTZQYVWZJGLDZOJRUSMGAGSVKHX                *\r\n* BXQBLNGSBSGERXFDYOVMUPEGEFHABEFRYCXLPKRMIQPCMIODAOWWLKYMTKWFGGRXNPGOZTOOWJE                          *\r\n* ZCUWQDZMHJFNDKSF                                                                                     *\r\n* MFCYROWCADGAIZBGUNRPAOCGFQEJSKOBIAKDBFHNXTQASMYJDGJXBP                                               *\r\n* XCWTBKNJPOFRIOYFPFDSGYCNTSUFMBRZTMNAFMGCKJALNUPVFATR                                                 *\r\n* XGYAIAIQHXNXFYVAXADZAIWXQAYCZALHZBVGOAWMXMCMNNHVUUIAQSXPJBJIBFQHLGYDDPLWDRBNFKKCSDIERLRHEGWN         *\r\n* OKSVVBHPDSFILWZQJJZQGPXWMPAORYWSYGPGJRJIDNPLDWFORQVWXWJZNVJFBSYEV                                    *\r\n* KFGTGRZQNTAMTPJLXADZUBWQSOHEHLOKPQLAHXJEXGIQZACUWP                                                   *\r\n* YBWSJJQASJVJCEQXCEJDZQYCOSGRSLNIRQQISYCQRXRVBXGLJDZPMLVHDUEQDZIGVNRMOHEEBTMCZDAQ                     *\r\n* UIOMYVGVJFYTMNROKAOFUWBYVNTZSIATNEIQUUXRLRFCGKP                                                      *\r\n* UOOCMLSYGQQKCHCBEEGHEAUP                                                                             *\r\n* WUDRYSLYNEETX                                                                                        *\r\n* CMKKEEMOEOEXBDHBTTZZQROGIXE                                                                          *\r\n* PCXHHXEVUQQLQHPOMBQIQLKLTXQLXDCGZAZBRWPDZMHCDNJ                                                      *\r\n* BAUGGWVESMOKHTYQOJMPIOWQLNIEEHHGO                                                                    *\r\n* JWJVZCFVIFIFWGNQOTBTAMEDVTORZLEH                                                                     *\r\n* ZJBHTKJKNFRIFRCQOTNFUIXSFZFONVXAAJXXLIUISIMHNVQCMAKRQCBQMJBUEUWRHQHVTEEFYEMLVPEKJDCMK                *\r\n* JYIGLCGAEXLVZXOUIHWESLPP                                                                             *\r\n* WFRKBRKGBGINNTCZYAPZAQHVPUVQGNXISKOXPPCGBOXQFGUNTFULAQVGXVVGWTAOIAVCEFJJYIXLSQQJZHW                  *\r\n********************************************************************************************************\r\n&quot;)" methodname="TestWithRandom" classname="Open_Lab_04._14.Tests" runstate="Runnable" seed="1357315675" result="Passed" start-time="2021-12-27 14:18:12Z" end-time="2021-12-27 14:18:12Z" duration="0.049378" asserts="8403" />
            <test-case id="1079" name="TestWithRandom([&quot;MICPIZTTVKHNJIFKSIOWKMRSJOGFMGOXAVVRTNWFPPCYQYIIKYHYHDIZQKGUTOHOVKNOMNREMI&quot;, &quot;VKSBKFXUOZPPWNVBIGCMBINDGK&quot;],&quot;******************************************************************************\r\n* MICPIZTTVKHNJIFKSIOWKMRSJOGFMGOXAVVRTNWFPPCYQYIIKYHYHDIZQKGUTOHOVKNOMNREMI *\r\n* VKSBKFXUOZPPWNVBIGCMBINDGK                                                 *\r\n******************************************************************************\r\n&quot;)" fullname="Open_Lab_04._14.Tests.TestWithRandom([&quot;MICPIZTTVKHNJIFKSIOWKMRSJOGFMGOXAVVRTNWFPPCYQYIIKYHYHDIZQKGUTOHOVKNOMNREMI&quot;, &quot;VKSBKFXUOZPPWNVBIGCMBINDGK&quot;],&quot;******************************************************************************\r\n* MICPIZTTVKHNJIFKSIOWKMRSJOGFMGOXAVVRTNWFPPCYQYIIKYHYHDIZQKGUTOHOVKNOMNREMI *\r\n* VKSBKFXUOZPPWNVBIGCMBINDGK                                                 *\r\n******************************************************************************\r\n&quot;)" methodname="TestWithRandom" classname="Open_Lab_04._14.Tests" runstate="Runnable" seed="1364992806" result="Passed" start-time="2021-12-27 14:18:12Z" end-time="2021-12-27 14:18:12Z" duration="0.002345" asserts="319" />
            <test-case id="1080" name="TestWithRandom([&quot;WGCMYXMPXIVOVTTPGURARMIYKWENWPVALCYHWDRYAGDALNRIOYWLTTEKXEBCSZSIMVDSVMTCDSAKIHNXEWYY&quot;, &quot;KGRXNJRBOGANVOPKYMCFUIBSTBQREYVBUPCOLVHCBAOLAXNTXNGJWTYBFZDLTAXQKZSGMBYDF&quot;, &quot;ETTPSVOWTRSLEBQAJMRVJADYBAFGGWOCEWOEHQGIXWGGXYUQPLSMLJQDQUNRQHQXCPHIMLTSFJYMTWBCGORUECRVFLOMCPRPGJEI&quot;, &quot;MEDSZGCKEKTTLLBQVTAXMCBXGQQRJFKSSLUKNCEWPKBBUSRDQYLQDLEJCGMJPKAYZBB&quot;, &quot;QRDSODIBAACNYMBLUUOHGKHHQVGFKDBTRRNYVTBZCDICDYKCIOEFMUTGJWCTXDQXZJWGZCQASOEDBFDRKEWVYVGWYGPZQHCZMLD&quot;, ...],&quot;********************************************************************************************************\r\n* WGCMYXMPXIVOVTTPGURARMIYKWENWPVALCYHWDRYAGDALNRIOYWLTTEKXEBCSZSIMVDSVMTCDSAKIHNXEWYY                 *\r\n* KGRXNJRBOGANVOPKYMCFUIBSTBQREYVBUPCOLVHCBAOLAXNTXNGJWTYBFZDLTAXQKZSGMBYDF                            *\r\n* ETTPSVOWTRSLEBQAJMRVJADYBAFGGWOCEWOEHQGIXWGGXYUQPLSMLJQDQUNRQHQXCPHIMLTSFJYMTWBCGORUECRVFLOMCPRPGJEI *\r\n* MEDSZGCKEKTTLLBQVTAXMCBXGQQRJFKSSLUKNCEWPKBBUSRDQYLQDLEJCGMJPKAYZBB                                  *\r\n* QRDSODIBAACNYMBLUUOHGKHHQVGFKDBTRRNYVTBZCDICDYKCIOEFMUTGJWCTXDQXZJWGZCQASOEDBFDRKEWVYVGWYGPZQHCZMLD  *\r\n* CDCFYDMYPQEDSKISGVYDCZITNRKKLFQQCIOGBRXVJIHICMGFYJTRMZRDVJSHTBMKZNAKWCQPYCUURZQA                     *\r\n* ELCLYDCQLKSYPCHWWJPLWJWSDTKFXLWTRWOPKYAKY                                                            *\r\n* LRYQIANYVQBPOVPJIFTWTZOZHSORMXIENCYFUNKJSZQGRCITABQUQBALDZIQMVLXHWCLXKOUVJE                          *\r\n* JHHEKVRLGNOLCMBVEUXXNSZVAWWQMWZGXGCWSEGQEARTHQJKITPBMGGRILENZAYKOINWKFCAOGSMB                        *\r\n* OJNLHSGXUQZLNGZSRDCG                                                                                 *\r\n* ZDNADQONFOTQDXVZNTFDQN                                                                               *\r\n* WYRWBVOOKUZOGALECSKOCGVKJDTEKWDPLGQBLUNSRZJVDJPZCPDLFZUQDHMXCKENQKCAJJSHESXCWZGAOTBVSRJML            *\r\n* YEH                                                                                                  *\r\n* QGVVETGPPTXVGNCRTDAMJIIJUZAQOJKNAPCQHAUNTYEIYWLWKTGVEUGHYMAF                                         *\r\n* QAGJJVRKLKTIMTKDZKXNEFVCOIFIURVZOVDYXZOBTLYJNMSBVEYBCSNKFEUBQIQTOTTRPMG                              *\r\n* WWU                                                                                                  *\r\n* HMOCQDNQSUWWHSTTENKKVEUUSALJYYEGXVDTPSKMVZATWXKWSMVJMJXCRUJPRDSUPQYMPZDMC                            *\r\n* PVEBXVQOQLCVTOXACVIUUSHGDGYYHTJJGOTBYPWOZCMGSUWKOOXHDHCXOXXRXSHXCTOFUWCMYUVSFANJJNJSVBFYLWNAS        *\r\n* QHVOEZFQPSMLJJMKRNKOHJ                                                                               *\r\n* PCBNPUYICUSDNXQWODSYRGKRWMAEAQDXH                                                                    *\r\n* FMDLPWRJKQQFYNAQVKPLQJRJQDUTILQUWORESCNWGIVTARNMEJUTIWIWUUULCYBYAVJKWWXSWTEINYIZQHOYQXMZGUKYHBUIG    *\r\n* TFHDPIMCWPRZJWLVVUJDHCJJDBLYKVYWCQEDRNRGMOBWHHLNNMGZYDPRVYZOWNRAQVXSSIDICCQTBMCWPYLYOZYYAM           *\r\n* TNDKZWAGMJTVEIYXVMVQJVCYYBTM                                                                         *\r\n* XYRFBJUZSRWAGPMWCHPQBCMFWXXKFMXDOOPLBQCYDYCUZPDGQBVUEVPULMIDMJTGUTMR                                 *\r\n* AVMEQMDZRFHURUDRDYSYVZOHZMUEWAFDLGPGIPOJMUUHBIUOQPQVTTEBGFFDSZDQADJKFXJNJJMAFHGQRFNHKKJSBOZCKLQNRDGX *\r\n* KJTGCLKGEVZZPLMLVGPURJQXGDYSYIBAIQHVUBHYZLWSADVZECWWRDIATVZYMRHWUYQYERQUZQUFMYXDIZOWMFJFIGCZBILIDAX  *\r\n* NWVNL                                                                                                *\r\n* XAICOUX                                                                                              *\r\n* QNDLKPPKQXORSREMCMAWPMDBLKHIXFSHCFSYFSPILCGXYUIGVVABTAGEJBZZHGMKEGONYGHJWSKNFFCQBBNBERO              *\r\n* YOODSP                                                                                               *\r\n* FQVTS                                                                                                *\r\n* VHOOQEBPTYDZJYFSKGNSNO                                                                               *\r\n* SERHQFXKMKLGUYNOMMLFQKDIRVMFPFZSGWWKYXKKW                                                            *\r\n* RPYRKUWRBGBJUHAIPVSRUHKSZXCDPOBBJCTOKZKSIXETQXCOJQIPRE                                               *\r\n* KEFSNRTCMFAZSNMYPKAJXCRCCVNUZGLJFJJKFHXAPVSOPXJAXSSFQUVHMDPREZCFTRUJECSIMA                           *\r\n* BKDMELMWHOFSKNBXCRFVPSMUYDAWVZKSQAUXIQLGSCVROYKWCEQQHEEIXJOBKPBHDMBJSEOLGZDNXUG                      *\r\n* SE                                                                                                   *\r\n* QIULMWLZZCJVCANOBWADXPEJIAQLDCNIGVKZJAPNHFPJWDBMJGEERAWBDKDMFZWWOAPGQOEAHNVSA                        *\r\n* NEZECWXJQFZJVZXDIIJSVVOUWVBEWEFDBJXYMAXZYEKJGHSFCDENJHZRQEIGUTMLAWHMCYQHKJUQLFNPC                    *\r\n* BSARUTJFIISQEFRYIKZGDENWCZNJFLRSEYRTLJBNDWQIPUEOYNWCPVTXFDOUGAAXQZLGNYMZILDGOFHIVYKRPODI             *\r\n* UOHUHHCVSRPIXBABW                                                                                    *\r\n* ESMIZVGYIPJICWCCTJEFBEALVNSZXXKQSUYQRLOMOIYNMKPSGVHQWRSARBNLDGBLESPHYLKIVSQSF                        *\r\n* YKYATBPTTBCYZPXCIHHNITVHUUKZVEAAVECCNDNZVLZNFZMVKSJ                                                  *\r\n* LREFPRFZRQYPACCVNVPFUHSXTHCUHPPCURO                                                                  *\r\n* AXMWXOIFMKNDXRIO                                                                                     *\r\n* EODYGLIOLRCAV                                                                                        *\r\n* JNYUPITHGZMLJUZXQHAZPDKFTLEHMWGEQOEPYWSGJWIELVBOPNAUZWFFCTBDELVJTIUUPJYUOUPSVGTYKP                   *\r\n* YWLFUJYNEUOBXBYLDAGYFPGGEGMKWADTOTWMHCALRVTZZTRRWUPXDRMJQEANWORERVNEFLD                              *\r\n* AVGJV                                                                                                *\r\n* GLOVNCLGPXHMWDCMODEPHEFNLLQ                                                                          *\r\n* WIKCOJYOZBAPSLGPXSOAYOGDFFZBFBJCLXJGMEXNEONNCPWWYPQSWPP                                              *\r\n* BHXJJWIXRYDVBZDSVAWKATAPICDQKRGV                                                                     *\r\n* BEFHODHFPVELBUYMYXVTFHIGHAHSSNA                                                                      *\r\n* INAUXKGWOELXVEHHEDMTKBCTWYANWPNBVMDNUEONQYFAWKKDTZNOBGGGKGXYKTAZRJCIA                                *\r\n* NAOZDMWCXLOWTXBYAOGWCOGPCXYGJMHBCALNACDUKIILKOZCYSINCEQYTYWFOQSKEMUTLNYYLLM                          *\r\n* FUFOYVHQEUZYKMUBFXFUQXHYTFRLUJBRRWTYTIHSIBGJMVJYSXTOFRDINGUSEWWUSIGNTVHXQNMOQY                       *\r\n* YWSSXQNLZSKLNNOOLEMREOVEWPVXSFPRPVWVLEZDEWGVJ                                                        *\r\n* UJBYAJEGGJANVHUQSTDSVSRSCGFIMHHAVMVMVUFFMI                                                           *\r\n* MVYJSIOENRQOCRIVTEWUYBASJMIUYOXGNDEXEXMZXDUIEXTUNYLBQOPL                                             *\r\n* FAGAUGYUKBYMLQVRXWVGRNLSNHZCWQZOTDZXGZDXWOUVUICHPJSRUECSONMMGWXTBKSHRYLXSYKDSPYF                     *\r\n* SMNXHUOAGJTMQQAQAUKPU                                                                                *\r\n* RYVYVUZZYPHHOJKWTPEHLPSLCHKNRVNPLCVPCJYUBHKDEICQFEAULMEBFJWOJ                                        *\r\n* HCBSWMOVUKRJGDEOGTFTHNVSEYXTJSMKKPZHBMMQCKJPDC                                                       *\r\n* AXRCDJQETHJNXOVLBYHYREX                                                                              *\r\n* UGPRWEFPCSXWSPIBULFASYOBGZHRWDOWZEIXTYHPBTLERZTMPF                                                   *\r\n* GYWUVRNKXWOTYEBWN                                                                                    *\r\n* LHWDPYYNJKHFVBQZIXDKNFGNKTN                                                                          *\r\n* MAQ                                                                                                  *\r\n* FFEYICJYVHIC                                                                                         *\r\n* RANCZVDSDTGA                                                                                         *\r\n* SWKYAJUEAQXRQFNEOFXEKSTAXMFMKBMX                                                                     *\r\n* ZJNNXHYIYRJQLJPPOPNJWXADKANDIUYEZTQVAQQYYWMAJKMDPWVMYOCCJJDXTUADTFQRSTOXYPLAKAUANJOLYMFLROMRNT       *\r\n* DWJGDTULVHYNJCBSJ                                                                                    *\r\n* CJKGOEHZFADHXJFLHEBTQGSYSEAYWIPWDBLJUWHEZEOUHOJOIYUXQPZVRMNKD                                        *\r\n* CWLHDWYVQLWWTMSYQEUMQYNRFNBPSIJXAQB                                                                  *\r\n* JAKNPMHJBTWMCSVIQRSEJTBQUIDIBZWDLBPPUHWDRDQMRPMAMAHJXXHQYTSHJYIBXTB                                  *\r\n* CGOIUPM                                                                                              *\r\n* CPZFVCWBRNFNTZQAOPTTVPOX                                                                             *\r\n* LXFMYOIKBNIUMLGBGKKNNHDPNUFVTKNABSKFQOTYXDSLHFBENROF                                                 *\r\n********************************************************************************************************\r\n&quot;)" fullname="Open_Lab_04._14.Tests.TestWithRandom([&quot;WGCMYXMPXIVOVTTPGURARMIYKWENWPVALCYHWDRYAGDALNRIOYWLTTEKXEBCSZSIMVDSVMTCDSAKIHNXEWYY&quot;, &quot;KGRXNJRBOGANVOPKYMCFUIBSTBQREYVBUPCOLVHCBAOLAXNTXNGJWTYBFZDLTAXQKZSGMBYDF&quot;, &quot;ETTPSVOWTRSLEBQAJMRVJADYBAFGGWOCEWOEHQGIXWGGXYUQPLSMLJQDQUNRQHQXCPHIMLTSFJYMTWBCGORUECRVFLOMCPRPGJEI&quot;, &quot;MEDSZGCKEKTTLLBQVTAXMCBXGQQRJFKSSLUKNCEWPKBBUSRDQYLQDLEJCGMJPKAYZBB&quot;, &quot;QRDSODIBAACNYMBLUUOHGKHHQVGFKDBTRRNYVTBZCDICDYKCIOEFMUTGJWCTXDQXZJWGZCQASOEDBFDRKEWVYVGWYGPZQHCZMLD&quot;, ...],&quot;********************************************************************************************************\r\n* WGCMYXMPXIVOVTTPGURARMIYKWENWPVALCYHWDRYAGDALNRIOYWLTTEKXEBCSZSIMVDSVMTCDSAKIHNXEWYY                 *\r\n* KGRXNJRBOGANVOPKYMCFUIBSTBQREYVBUPCOLVHCBAOLAXNTXNGJWTYBFZDLTAXQKZSGMBYDF                            *\r\n* ETTPSVOWTRSLEBQAJMRVJADYBAFGGWOCEWOEHQGIXWGGXYUQPLSMLJQDQUNRQHQXCPHIMLTSFJYMTWBCGORUECRVFLOMCPRPGJEI *\r\n* MEDSZGCKEKTTLLBQVTAXMCBXGQQRJFKSSLUKNCEWPKBBUSRDQYLQDLEJCGMJPKAYZBB                                  *\r\n* QRDSODIBAACNYMBLUUOHGKHHQVGFKDBTRRNYVTBZCDICDYKCIOEFMUTGJWCTXDQXZJWGZCQASOEDBFDRKEWVYVGWYGPZQHCZMLD  *\r\n* CDCFYDMYPQEDSKISGVYDCZITNRKKLFQQCIOGBRXVJIHICMGFYJTRMZRDVJSHTBMKZNAKWCQPYCUURZQA                     *\r\n* ELCLYDCQLKSYPCHWWJPLWJWSDTKFXLWTRWOPKYAKY                                                            *\r\n* LRYQIANYVQBPOVPJIFTWTZOZHSORMXIENCYFUNKJSZQGRCITABQUQBALDZIQMVLXHWCLXKOUVJE                          *\r\n* JHHEKVRLGNOLCMBVEUXXNSZVAWWQMWZGXGCWSEGQEARTHQJKITPBMGGRILENZAYKOINWKFCAOGSMB                        *\r\n* OJNLHSGXUQZLNGZSRDCG                                                                                 *\r\n* ZDNADQONFOTQDXVZNTFDQN                                                                               *\r\n* WYRWBVOOKUZOGALECSKOCGVKJDTEKWDPLGQBLUNSRZJVDJPZCPDLFZUQDHMXCKENQKCAJJSHESXCWZGAOTBVSRJML            *\r\n* YEH                                                                                                  *\r\n* QGVVETGPPTXVGNCRTDAMJIIJUZAQOJKNAPCQHAUNTYEIYWLWKTGVEUGHYMAF                                         *\r\n* QAGJJVRKLKTIMTKDZKXNEFVCOIFIURVZOVDYXZOBTLYJNMSBVEYBCSNKFEUBQIQTOTTRPMG                              *\r\n* WWU                                                                                                  *\r\n* HMOCQDNQSUWWHSTTENKKVEUUSALJYYEGXVDTPSKMVZATWXKWSMVJMJXCRUJPRDSUPQYMPZDMC                            *\r\n* PVEBXVQOQLCVTOXACVIUUSHGDGYYHTJJGOTBYPWOZCMGSUWKOOXHDHCXOXXRXSHXCTOFUWCMYUVSFANJJNJSVBFYLWNAS        *\r\n* QHVOEZFQPSMLJJMKRNKOHJ                                                                               *\r\n* PCBNPUYICUSDNXQWODSYRGKRWMAEAQDXH                                                                    *\r\n* FMDLPWRJKQQFYNAQVKPLQJRJQDUTILQUWORESCNWGIVTARNMEJUTIWIWUUULCYBYAVJKWWXSWTEINYIZQHOYQXMZGUKYHBUIG    *\r\n* TFHDPIMCWPRZJWLVVUJDHCJJDBLYKVYWCQEDRNRGMOBWHHLNNMGZYDPRVYZOWNRAQVXSSIDICCQTBMCWPYLYOZYYAM           *\r\n* TNDKZWAGMJTVEIYXVMVQJVCYYBTM                                                                         *\r\n* XYRFBJUZSRWAGPMWCHPQBCMFWXXKFMXDOOPLBQCYDYCUZPDGQBVUEVPULMIDMJTGUTMR                                 *\r\n* AVMEQMDZRFHURUDRDYSYVZOHZMUEWAFDLGPGIPOJMUUHBIUOQPQVTTEBGFFDSZDQADJKFXJNJJMAFHGQRFNHKKJSBOZCKLQNRDGX *\r\n* KJTGCLKGEVZZPLMLVGPURJQXGDYSYIBAIQHVUBHYZLWSADVZECWWRDIATVZYMRHWUYQYERQUZQUFMYXDIZOWMFJFIGCZBILIDAX  *\r\n* NWVNL                                                                                                *\r\n* XAICOUX                                                                                              *\r\n* QNDLKPPKQXORSREMCMAWPMDBLKHIXFSHCFSYFSPILCGXYUIGVVABTAGEJBZZHGMKEGONYGHJWSKNFFCQBBNBERO              *\r\n* YOODSP                                                                                               *\r\n* FQVTS                                                                                                *\r\n* VHOOQEBPTYDZJYFSKGNSNO                                                                               *\r\n* SERHQFXKMKLGUYNOMMLFQKDIRVMFPFZSGWWKYXKKW                                                            *\r\n* RPYRKUWRBGBJUHAIPVSRUHKSZXCDPOBBJCTOKZKSIXETQXCOJQIPRE                                               *\r\n* KEFSNRTCMFAZSNMYPKAJXCRCCVNUZGLJFJJKFHXAPVSOPXJAXSSFQUVHMDPREZCFTRUJECSIMA                           *\r\n* BKDMELMWHOFSKNBXCRFVPSMUYDAWVZKSQAUXIQLGSCVROYKWCEQQHEEIXJOBKPBHDMBJSEOLGZDNXUG                      *\r\n* SE                                                                                                   *\r\n* QIULMWLZZCJVCANOBWADXPEJIAQLDCNIGVKZJAPNHFPJWDBMJGEERAWBDKDMFZWWOAPGQOEAHNVSA                        *\r\n* NEZECWXJQFZJVZXDIIJSVVOUWVBEWEFDBJXYMAXZYEKJGHSFCDENJHZRQEIGUTMLAWHMCYQHKJUQLFNPC                    *\r\n* BSARUTJFIISQEFRYIKZGDENWCZNJFLRSEYRTLJBNDWQIPUEOYNWCPVTXFDOUGAAXQZLGNYMZILDGOFHIVYKRPODI             *\r\n* UOHUHHCVSRPIXBABW                                                                                    *\r\n* ESMIZVGYIPJICWCCTJEFBEALVNSZXXKQSUYQRLOMOIYNMKPSGVHQWRSARBNLDGBLESPHYLKIVSQSF                        *\r\n* YKYATBPTTBCYZPXCIHHNITVHUUKZVEAAVECCNDNZVLZNFZMVKSJ                                                  *\r\n* LREFPRFZRQYPACCVNVPFUHSXTHCUHPPCURO                                                                  *\r\n* AXMWXOIFMKNDXRIO                                                                                     *\r\n* EODYGLIOLRCAV                                                                                        *\r\n* JNYUPITHGZMLJUZXQHAZPDKFTLEHMWGEQOEPYWSGJWIELVBOPNAUZWFFCTBDELVJTIUUPJYUOUPSVGTYKP                   *\r\n* YWLFUJYNEUOBXBYLDAGYFPGGEGMKWADTOTWMHCALRVTZZTRRWUPXDRMJQEANWORERVNEFLD                              *\r\n* AVGJV                                                                                                *\r\n* GLOVNCLGPXHMWDCMODEPHEFNLLQ                                                                          *\r\n* WIKCOJYOZBAPSLGPXSOAYOGDFFZBFBJCLXJGMEXNEONNCPWWYPQSWPP                                              *\r\n* BHXJJWIXRYDVBZDSVAWKATAPICDQKRGV                                                                     *\r\n* BEFHODHFPVELBUYMYXVTFHIGHAHSSNA                                                                      *\r\n* INAUXKGWOELXVEHHEDMTKBCTWYANWPNBVMDNUEONQYFAWKKDTZNOBGGGKGXYKTAZRJCIA                                *\r\n* NAOZDMWCXLOWTXBYAOGWCOGPCXYGJMHBCALNACDUKIILKOZCYSINCEQYTYWFOQSKEMUTLNYYLLM                          *\r\n* FUFOYVHQEUZYKMUBFXFUQXHYTFRLUJBRRWTYTIHSIBGJMVJYSXTOFRDINGUSEWWUSIGNTVHXQNMOQY                       *\r\n* YWSSXQNLZSKLNNOOLEMREOVEWPVXSFPRPVWVLEZDEWGVJ                                                        *\r\n* UJBYAJEGGJANVHUQSTDSVSRSCGFIMHHAVMVMVUFFMI                                                           *\r\n* MVYJSIOENRQOCRIVTEWUYBASJMIUYOXGNDEXEXMZXDUIEXTUNYLBQOPL                                             *\r\n* FAGAUGYUKBYMLQVRXWVGRNLSNHZCWQZOTDZXGZDXWOUVUICHPJSRUECSONMMGWXTBKSHRYLXSYKDSPYF                     *\r\n* SMNXHUOAGJTMQQAQAUKPU                                                                                *\r\n* RYVYVUZZYPHHOJKWTPEHLPSLCHKNRVNPLCVPCJYUBHKDEICQFEAULMEBFJWOJ                                        *\r\n* HCBSWMOVUKRJGDEOGTFTHNVSEYXTJSMKKPZHBMMQCKJPDC                                                       *\r\n* AXRCDJQETHJNXOVLBYHYREX                                                                              *\r\n* UGPRWEFPCSXWSPIBULFASYOBGZHRWDOWZEIXTYHPBTLERZTMPF                                                   *\r\n* GYWUVRNKXWOTYEBWN                                                                                    *\r\n* LHWDPYYNJKHFVBQZIXDKNFGNKTN                                                                          *\r\n* MAQ                                                                                                  *\r\n* FFEYICJYVHIC                                                                                         *\r\n* RANCZVDSDTGA                                                                                         *\r\n* SWKYAJUEAQXRQFNEOFXEKSTAXMFMKBMX                                                                     *\r\n* ZJNNXHYIYRJQLJPPOPNJWXADKANDIUYEZTQVAQQYYWMAJKMDPWVMYOCCJJDXTUADTFQRSTOXYPLAKAUANJOLYMFLROMRNT       *\r\n* DWJGDTULVHYNJCBSJ                                                                                    *\r\n* CJKGOEHZFADHXJFLHEBTQGSYSEAYWIPWDBLJUWHEZEOUHOJOIYUXQPZVRMNKD                                        *\r\n* CWLHDWYVQLWWTMSYQEUMQYNRFNBPSIJXAQB                                                                  *\r\n* JAKNPMHJBTWMCSVIQRSEJTBQUIDIBZWDLBPPUHWDRDQMRPMAMAHJXXHQYTSHJYIBXTB                                  *\r\n* CGOIUPM                                                                                              *\r\n* CPZFVCWBRNFNTZQAOPTTVPOX                                                                             *\r\n* LXFMYOIKBNIUMLGBGKKNNHDPNUFVTKNABSKFQOTYXDSLHFBENROF                                                 *\r\n********************************************************************************************************\r\n&quot;)" methodname="TestWithRandom" classname="Open_Lab_04._14.Tests" runstate="Runnable" seed="1360247113" result="Passed" start-time="2021-12-27 14:18:12Z" end-time="2021-12-27 14:18:12Z" duration="0.047499" asserts="8508" />
            <test-case id="1081" name="TestWithRandom([&quot;ZDTQYEJMRQAITUBAKSQLQKPRHISBIBWIWRSHLAQ&quot;, &quot;PKLBKZMHCMGWOTTONCJQLIEQUSLBBTPKBBWGZOGHVKYWUATCYETJRADHGV&quot;, &quot;SNLFJWVUMXMPYVBVBJHVUYJDXAF&quot;, &quot;BYPAEHOTKFPZYFGFLOVOPFCXYZMTEHIIRCTOIMLQHHLVUIXORDRIFREWWRBEVUOCWGIWMSXZDEGHU&quot;, &quot;CQCXBBQZDZXXRQKGVMTIZOZA&quot;, ...],&quot;*********************************************************************************************\r\n* ZDTQYEJMRQAITUBAKSQLQKPRHISBIBWIWRSHLAQ                                                   *\r\n* PKLBKZMHCMGWOTTONCJQLIEQUSLBBTPKBBWGZOGHVKYWUATCYETJRADHGV                                *\r\n* SNLFJWVUMXMPYVBVBJHVUYJDXAF                                                               *\r\n* BYPAEHOTKFPZYFGFLOVOPFCXYZMTEHIIRCTOIMLQHHLVUIXORDRIFREWWRBEVUOCWGIWMSXZDEGHU             *\r\n* CQCXBBQZDZXXRQKGVMTIZOZA                                                                  *\r\n* ZFSFAKWCQPL                                                                               *\r\n* XSMLWCIYOAH                                                                               *\r\n* XJUOLGNQBUCVXUCPAUBAZDXTGXCLRBNYYEHRQIQJBUBCQROCZTXTYGO                                   *\r\n* LAHOECZZHDXTMLZSESZFCUCPIAMYETARQNFPACEZVBVNTUPOTFPGHIRQXSFEQAVNDFCZGJRBNZKAZ             *\r\n* VNLXEYDTKHWORIXAJUFIJOSPIKOOSHYQRHWRSSWXJJUVDRSIDMQPVRGHVVPUJP                            *\r\n* DIF                                                                                       *\r\n* JLGHRYIYZTWMQRFLGQJVABPVXCBNUJRMYUIXXEZRMSGOYIZCEEUMZJWHWKKOWUEQCKOWJINBRSIHVBWPDYJQOEMOX *\r\n* BMUK                                                                                      *\r\n* SOPMOTCTVQTVHAOMVOULXLNCXXAZIHBGGYQTFPIVAFNAVIFOIOFYZZWGANORTDLOPMPJJVHGFZKSYN            *\r\n* ORLQTBCGGBKSRAQBXTYKITWENGZ                                                               *\r\n* APDHMHZZHMRNMFIHZCQFPXMYACYVVGDNBJGRXCGKBRTKCLYCKOFKQUDDCEHKIEEBJEMCZRJW                  *\r\n* FEXDBWOEVKGBSWGGDPTUWBWNSBXZVDTFJOKQGZAISFNTXZQHFWWCQBAEHJKAYPJRRBSDLQADOKBQNDQTKQTZHR    *\r\n* HOGIWPZJCWWBWHMVOVTNFZJQDTRQIWJKAMKPFHDNOBYURBTLXUFDOEJHEP                                *\r\n* CYJBGMLBKWXPGSFYEBP                                                                       *\r\n*********************************************************************************************\r\n&quot;)" fullname="Open_Lab_04._14.Tests.TestWithRandom([&quot;ZDTQYEJMRQAITUBAKSQLQKPRHISBIBWIWRSHLAQ&quot;, &quot;PKLBKZMHCMGWOTTONCJQLIEQUSLBBTPKBBWGZOGHVKYWUATCYETJRADHGV&quot;, &quot;SNLFJWVUMXMPYVBVBJHVUYJDXAF&quot;, &quot;BYPAEHOTKFPZYFGFLOVOPFCXYZMTEHIIRCTOIMLQHHLVUIXORDRIFREWWRBEVUOCWGIWMSXZDEGHU&quot;, &quot;CQCXBBQZDZXXRQKGVMTIZOZA&quot;, ...],&quot;*********************************************************************************************\r\n* ZDTQYEJMRQAITUBAKSQLQKPRHISBIBWIWRSHLAQ                                                   *\r\n* PKLBKZMHCMGWOTTONCJQLIEQUSLBBTPKBBWGZOGHVKYWUATCYETJRADHGV                                *\r\n* SNLFJWVUMXMPYVBVBJHVUYJDXAF                                                               *\r\n* BYPAEHOTKFPZYFGFLOVOPFCXYZMTEHIIRCTOIMLQHHLVUIXORDRIFREWWRBEVUOCWGIWMSXZDEGHU             *\r\n* CQCXBBQZDZXXRQKGVMTIZOZA                                                                  *\r\n* ZFSFAKWCQPL                                                                               *\r\n* XSMLWCIYOAH                                                                               *\r\n* XJUOLGNQBUCVXUCPAUBAZDXTGXCLRBNYYEHRQIQJBUBCQROCZTXTYGO                                   *\r\n* LAHOECZZHDXTMLZSESZFCUCPIAMYETARQNFPACEZVBVNTUPOTFPGHIRQXSFEQAVNDFCZGJRBNZKAZ             *\r\n* VNLXEYDTKHWORIXAJUFIJOSPIKOOSHYQRHWRSSWXJJUVDRSIDMQPVRGHVVPUJP                            *\r\n* DIF                                                                                       *\r\n* JLGHRYIYZTWMQRFLGQJVABPVXCBNUJRMYUIXXEZRMSGOYIZCEEUMZJWHWKKOWUEQCKOWJINBRSIHVBWPDYJQOEMOX *\r\n* BMUK                                                                                      *\r\n* SOPMOTCTVQTVHAOMVOULXLNCXXAZIHBGGYQTFPIVAFNAVIFOIOFYZZWGANORTDLOPMPJJVHGFZKSYN            *\r\n* ORLQTBCGGBKSRAQBXTYKITWENGZ                                                               *\r\n* APDHMHZZHMRNMFIHZCQFPXMYACYVVGDNBJGRXCGKBRTKCLYCKOFKQUDDCEHKIEEBJEMCZRJW                  *\r\n* FEXDBWOEVKGBSWGGDPTUWBWNSBXZVDTFJOKQGZAISFNTXZQHFWWCQBAEHJKAYPJRRBSDLQADOKBQNDQTKQTZHR    *\r\n* HOGIWPZJCWWBWHMVOVTNFZJQDTRQIWJKAMKPFHDNOBYURBTLXUFDOEJHEP                                *\r\n* CYJBGMLBKWXPGSFYEBP                                                                       *\r\n*********************************************************************************************\r\n&quot;)" methodname="TestWithRandom" classname="Open_Lab_04._14.Tests" runstate="Runnable" seed="1072488408" result="Passed" start-time="2021-12-27 14:18:12Z" end-time="2021-12-27 14:18:12Z" duration="0.006897" asserts="1977" />
            <test-case id="1082" name="TestWithRandom([&quot;AGSNQGWWD&quot;, &quot;LPDBPEZSHFZJO&quot;, &quot;E&quot;, &quot;LIFEGPQCCRRNPFPFHTMADQPTEIHTCQRSISVNQYXVZAYXNLCCPUCUNEUUTLZXIXALAYEXKCPIWQADSSGSGFDIOXEEXBUFYZN&quot;, &quot;ZMXOHERN&quot;, ...],&quot;********************************************************************************************************\r\n* AGSNQGWWD                                                                                            *\r\n* LPDBPEZSHFZJO                                                                                        *\r\n* E                                                                                                    *\r\n* LIFEGPQCCRRNPFPFHTMADQPTEIHTCQRSISVNQYXVZAYXNLCCPUCUNEUUTLZXIXALAYEXKCPIWQADSSGSGFDIOXEEXBUFYZN      *\r\n* ZMXOHERN                                                                                             *\r\n* TYXDRCBFGQDTSXDUAZJ                                                                                  *\r\n* KJWDYDFURLBNQDVZHAFYSZSJKIHPUTGEIE                                                                   *\r\n* JBUFOWGNUOPDPCENAUKPKRNTQVPAXFXELILXNURCMMXUUFSNQGFKYOKRNAOSHGPPRLRGQGAFDIDXUTYL                     *\r\n* CJRZMGXXTKMFYU                                                                                       *\r\n* XHCINLWKGAHQLNWTBDPFWXPFE                                                                            *\r\n* IWVOZFNWZMQPXSFZLZEQLKXRKCIPKZSXETCZPSACCONJCMGXZWMPAOIYZDEXWXMAUSLEPFKTZCNWXNO                      *\r\n* VLQNNDXPKEALNDFECNPJACHTLTQXAMAMPFBLHYMRVVTLFZFWWJUKXEXTEWCTNZPXDNVIBUXDAYOEIVOMOTBRSPOKHIHLW        *\r\n* EVGVHRDXUBLQKZQTKIHPFTYYFOZLATNMGHTSXNOXIRYZFBFPUOXYDGNKXIQTSSWBNZKDFXWXT                            *\r\n* HOUYSEJJQLWPIZUIUPXVEQUXMFQCJXSZETZYQZQLK                                                            *\r\n* BLFYRKIXCGAYGRUXMMNGATTWKPAVSVZLKV                                                                   *\r\n* JRNOGTMVLYGNIESNDYDIIRIOCKNEGHPNKDLFYYHNOYIYDCRRZIVMHNF                                              *\r\n* IYMVFHODJSCFSMOFRPTKJKKASWEYMCGWXTWZLLIGJFOLZMYNUQVSTUIYOMCJCQRGMGHZ                                 *\r\n* OTGHNADVZAGYRDVHNCDLYLZIYDTNIZTFZXFWOLGTECOLWLLMVYYDENRCTXIJH                                        *\r\n* MZHAZUXYSCWJGWWOLNSGSKBPALFDDRCXMOPPDVLQOWFVHVHVFFLURAXCYRAOOUV                                      *\r\n* AZXSGH                                                                                               *\r\n* PBBSVFFIFDKXXFHFLQNQMVXCTBDVHXOOYUVSPICXT                                                            *\r\n* UKDXXVSTLBTQYUEZYUBJBHPWZDJOQDOQXD                                                                   *\r\n* NYWD                                                                                                 *\r\n* DOMNVHWBOPJHVJHNVHYULDCINDTVTQB                                                                      *\r\n* RTGMVBBSG                                                                                            *\r\n* ZBUHUNVNSRYJWZMEZRNBIYOHQBDVSTG                                                                      *\r\n* NDDBNGIFZFXKEHXGAQCJEFZ                                                                              *\r\n* MNQSKA                                                                                               *\r\n* ZKSVSWKQTJHBCAECIEWUBRXBIECOAPQUZKYZLMFKPAIZWDWAIKIOOFTINRMNUVPDTMCRCFRVZMFBIXEFH                    *\r\n* GQHBGT                                                                                               *\r\n* QLUARQTKEGKAEYDSMOCASZQMGFSPZWRGJALTWUIVLQEQUFDCDXUNETYRVIULXELIPDR                                  *\r\n* NJWRGGPCVZSACQLB                                                                                     *\r\n* EBPBUXO                                                                                              *\r\n* WY                                                                                                   *\r\n* EVBQOZPTBCGXDWVVQTIHSJGLC                                                                            *\r\n* CTLHR                                                                                                *\r\n* IIXZYBMDBRAYXDLEYBYGNQNVPPONWWHTLWPVZWX                                                              *\r\n* HFGBJHNYPXUKJKWRVCJINYGEJGNAOQFBEJZIKMLIBPYZBXKBAXZXMOBIZ                                            *\r\n* RCUMKY                                                                                               *\r\n* SFZLNHIQBHXAGDMWMAQQIOQIQJJVJOOFZHISKPMQRHLHDISXFGIMTHJEPRVEYNHNSSAYV                                *\r\n* MWNAZADIEHRLQDFCLSYEDTUISDZYPLHTCLTLYTHIAGMNNMXEHPGIAQQTBEHWBFTTZXIEJTDSKPDW                         *\r\n* HVFGVQZEZSLUAKTLLHVNSNPDSVN                                                                          *\r\n* OXLNUMUJBPFOTPAFXKIJJGZHIJOTGBNADNPBGYAOPKKVBGT                                                      *\r\n* NJGIMDCIYEEKX                                                                                        *\r\n* DZCFLG                                                                                               *\r\n* YYYJTUZWDFBQLFWVFNZLHDCTPQOGKTWVNDPLHYTJCMUYDUMVHEWRMUSUVFUCGSLKJFCHQKNHUPIUJEPUESZFXEJSLUPCEQDKAJO  *\r\n* RFFWQOXWMXLRPZYNTGNEVKWVVKDEMXUZPRCYMCOIHNFOJXNERPRUWKCHIKBFLTJOCLCXWZBQRFXIEILXXYMWGZDFPVQCBJ       *\r\n* ODRLXVPHROADQMTCAYDINGMHCHWIBJZOIJJENWNBIQVIFWNSVSPDXBIHQJIPYHGHOLVHDOPEKBZWLDCGUENIUV               *\r\n* HABODOXDBKNUTBFOGDLTWBLWMHCVUUXNTUOGBALPMYYMYJIEPPGFJBVFOFBWLCIHMZA                                  *\r\n* NZMFRVGXCZXDZXFENSERZIRWZPEJPRZYJJRPCANOUXDPHXXNWETUVIZFHQFCQXHKZZTPGQBMEPWBECOBSQMLYEDAJLIMULXXQ    *\r\n* PIEHHGCGPFLXAEBEJAKWMVWTGUHPRTSYLLNGXLJGIRPXOMLEKQBWNUGUMLAMZNPVNMMPQVGYRE                           *\r\n* VFZETJDFASVLRFTUMKWGVCTJBZWNPKCFIGLONGGDVHODSBUJWATO                                                 *\r\n* XRTMPCTMPPQQPCKTFHFDTLNNPQAFMQOQOKLORBXEMQFSXNCYKQRSOKBMEFWZBOAZAZCFRWBDKBQDFVQCN                    *\r\n* VWZWCDJZ                                                                                             *\r\n* MFYCYPGRXLXHNONIMUXGIOTLZTEAEXYWRLPYMYSO                                                             *\r\n* ESRQUHILNPILSBXLMDELGMAMBPCYPWOCJHEWCVEMWOQIPLZKRNZVNCSRSFOFFJWRBGBLWBJRYRORVRWQQRHBWSOHOMDWGZHNS    *\r\n* GJJNOQEHXVNBWAIYONBUUISUWJXMKYKBYWLNGCDQXPVSTMQDNIKTLYEYQPRESRXZLMDAPVRMKKXFNZBKTUYCNQQARMWRLYYFRW   *\r\n* HJQNSQYJAAZLROGLXSULVVCICYA                                                                          *\r\n* LMRN                                                                                                 *\r\n* SUACHGLOGQZSBFDENAMXKLLGIKTQXYNILTYTGJQMJWOFCQBTXWYMFQGHITUWMVRICRG                                  *\r\n* GJYEJANNXGERJZTBZBDVMRLMOUZNFF                                                                       *\r\n* LJTMNYTCFC                                                                                           *\r\n* KCPCMMCPIANLUPYLPPAAIRDSIQMFDFZYSTHJXMHNLPXBYYYXPMEMECLSYXUWZWMCBOSBIOODINO                          *\r\n* UCUKRPPQBNTQIOLZRKNPCUAJFXPAYAEROSYVCKFKGWBOVCTTDOLXZYPZCKEUAORBJCBPPPXH                             *\r\n* CIGSLOCDVXKOGRPCYTRFK                                                                                *\r\n* RFAFTADEORESWQJHQWBQERGMDKMMQVFCUSQBSGVC                                                             *\r\n* RITKNUZTRDVDUFZYNCINRNSLCYEZIOJBZQNJNCPPNTYSJYAMRCEEMOIDPHHPQZKDTTEDSQKLMTAYOACEXRIFKFPKIJUFUAYNIVZQ *\r\n* WUARSRSNJPOFDRZRESNETVJWFRLVNQSBLKBXHORNXWYTFAQJZWDCLMZBKEMBGWATWNTTQBKQBAGX                         *\r\n* PQEBCWQMQQZKZMCBQHAVEXRGXSXLNBKFCEUNHADAJHFXUIQOHOLSGBRRZYDJYFYOFUIUSPTQEZLXRUMOCIEYPSYB             *\r\n* COJWTBEIQSZAWWSUVOHPUAFLPHQAAZMVHHPAKTKXHOABMOFLMDU                                                  *\r\n* QLSCJYGMLEIRFD                                                                                       *\r\n* PHRKBEKIFZDYABEOWEJEVOMRMNYLCGIWIVQEUSTZGDNDFZFKGPMNWZXAUAYOGYFZQHPFLAUDLK                           *\r\n* RBJLMHNFNUVAJXPKUUETIYNNYJAZGVIBMAGZLOMHSSRFUGGHVPZJGQPSNVMDGOYRLTNIRQYFIXAPGISRDSDQVZUVLNMPB        *\r\n* ADUATASXQFQUAJQZMECUAOLHVLYSXDDIDZ                                                                   *\r\n* XVGOSZFBYZBYLFMBHNHIMSMEIBAANBIQBNTDFQKVUMNHTNNNKBWVWQJEICGQYFOWRLXXMIVRDLOAEFKUNMPLFMT              *\r\n* DOVDJTWPYRPIQQBCGESLCJZDRLCMPCQFSMUXNSIJOYB                                                          *\r\n* PCEXKNFBTHIUORLXQKAVAKPEWDONWJWDHLOPHFBBXPLKDZJWGKSEYF                                               *\r\n* FMABHYRFKLFMCCWQLIYYLYFAWTSHLQSEBYJCGDUCFKAZYNHTJTHVA                                                *\r\n* CGHZFNGJTUSAKETUJHOVTBXFCIMZ                                                                         *\r\n* RJWEUVCUHYGWVQGGYDDZPKZGFNBICXWAHLBKVWPIQZCIIYXKQYEFJZIHJQYHUUSJCFPJPVLBNVJQHQYGQRRDTQRHDTBFX        *\r\n* NWGTGCJNUVNCROQSZTRSRDCPPLOHGVUF                                                                     *\r\n* FHMJOJWXCWWQRZDR                                                                                     *\r\n* UHNFRKURDVNBHYAHYMGDIKJVUPGFZYMKQVBMSYOXSS                                                           *\r\n* OIWUYWITMXOCJYSKCEORFJDKLXNPZXJKPZUMYUHJQFZ                                                          *\r\n* BTROZOMTDAFFFLJAITTPNEMKDFLHWFBAJPJRGYQKLPGOTPHNKHAXLK                                               *\r\n* XGGKTDEXXZFVQCRUJCIDYXYQOYXXOFEOZPLLZOWHHSIPOTRLSMQUCGBAHQWUFHISUQVAQGVVGAWGOJCVHMECPKLTNLDJRBCAJQUX *\r\n* QUMRUNCKVLYNBNSCFCKECNFCMEEYWWYPEXRRRLVWJISZEVQOKXENJSUDPJFPJEOZNJIDVBLUHOUTUGYQNPNYSKFLCOC          *\r\n* GFMFUTLVMNSIMJGUYBIJLOCTQPHDDWA                                                                      *\r\n* ZCOBBPYBUCDAWEMIDKNBFTWRCSPFM                                                                        *\r\n* RPMLJJVESICHOILCXLDYZSJZBFGWYJZ                                                                      *\r\n* PNLNNLVCMZSFYYENGAVECNIZGNKECZFJJJRBXXPLQALAAEACBSPYNURBELGZBQZNTIVPGDQILJO                          *\r\n* CHYCNHCKJ                                                                                            *\r\n* WORQWLQPKZAXHSIKVXBHNDGPZXND                                                                         *\r\n* TOPEMMHYQHESVYPBEAGUDLFICTSICQZYMDRLKTUGBLFPXO                                                       *\r\n* ERNVWGJIHIGCSTYVAIFFRHERLFASRGPLNBOQPVCSDVJCEQCMCQFHRJAXMVKQGQQBSVPQF                                *\r\n* GEGNBVYBNUDNQBBITDBQETLLLMFIKIB                                                                      *\r\n* HUKAADIEZLIPNSAPZJBLOODMTUBOQPRETRGWQBHQVXRSK                                                        *\r\n********************************************************************************************************\r\n&quot;)" fullname="Open_Lab_04._14.Tests.TestWithRandom([&quot;AGSNQGWWD&quot;, &quot;LPDBPEZSHFZJO&quot;, &quot;E&quot;, &quot;LIFEGPQCCRRNPFPFHTMADQPTEIHTCQRSISVNQYXVZAYXNLCCPUCUNEUUTLZXIXALAYEXKCPIWQADSSGSGFDIOXEEXBUFYZN&quot;, &quot;ZMXOHERN&quot;, ...],&quot;********************************************************************************************************\r\n* AGSNQGWWD                                                                                            *\r\n* LPDBPEZSHFZJO                                                                                        *\r\n* E                                                                                                    *\r\n* LIFEGPQCCRRNPFPFHTMADQPTEIHTCQRSISVNQYXVZAYXNLCCPUCUNEUUTLZXIXALAYEXKCPIWQADSSGSGFDIOXEEXBUFYZN      *\r\n* ZMXOHERN                                                                                             *\r\n* TYXDRCBFGQDTSXDUAZJ                                                                                  *\r\n* KJWDYDFURLBNQDVZHAFYSZSJKIHPUTGEIE                                                                   *\r\n* JBUFOWGNUOPDPCENAUKPKRNTQVPAXFXELILXNURCMMXUUFSNQGFKYOKRNAOSHGPPRLRGQGAFDIDXUTYL                     *\r\n* CJRZMGXXTKMFYU                                                                                       *\r\n* XHCINLWKGAHQLNWTBDPFWXPFE                                                                            *\r\n* IWVOZFNWZMQPXSFZLZEQLKXRKCIPKZSXETCZPSACCONJCMGXZWMPAOIYZDEXWXMAUSLEPFKTZCNWXNO                      *\r\n* VLQNNDXPKEALNDFECNPJACHTLTQXAMAMPFBLHYMRVVTLFZFWWJUKXEXTEWCTNZPXDNVIBUXDAYOEIVOMOTBRSPOKHIHLW        *\r\n* EVGVHRDXUBLQKZQTKIHPFTYYFOZLATNMGHTSXNOXIRYZFBFPUOXYDGNKXIQTSSWBNZKDFXWXT                            *\r\n* HOUYSEJJQLWPIZUIUPXVEQUXMFQCJXSZETZYQZQLK                                                            *\r\n* BLFYRKIXCGAYGRUXMMNGATTWKPAVSVZLKV                                                                   *\r\n* JRNOGTMVLYGNIESNDYDIIRIOCKNEGHPNKDLFYYHNOYIYDCRRZIVMHNF                                              *\r\n* IYMVFHODJSCFSMOFRPTKJKKASWEYMCGWXTWZLLIGJFOLZMYNUQVSTUIYOMCJCQRGMGHZ                                 *\r\n* OTGHNADVZAGYRDVHNCDLYLZIYDTNIZTFZXFWOLGTECOLWLLMVYYDENRCTXIJH                                        *\r\n* MZHAZUXYSCWJGWWOLNSGSKBPALFDDRCXMOPPDVLQOWFVHVHVFFLURAXCYRAOOUV                                      *\r\n* AZXSGH                                                                                               *\r\n* PBBSVFFIFDKXXFHFLQNQMVXCTBDVHXOOYUVSPICXT                                                            *\r\n* UKDXXVSTLBTQYUEZYUBJBHPWZDJOQDOQXD                                                                   *\r\n* NYWD                                                                                                 *\r\n* DOMNVHWBOPJHVJHNVHYULDCINDTVTQB                                                                      *\r\n* RTGMVBBSG                                                                                            *\r\n* ZBUHUNVNSRYJWZMEZRNBIYOHQBDVSTG                                                                      *\r\n* NDDBNGIFZFXKEHXGAQCJEFZ                                                                              *\r\n* MNQSKA                                                                                               *\r\n* ZKSVSWKQTJHBCAECIEWUBRXBIECOAPQUZKYZLMFKPAIZWDWAIKIOOFTINRMNUVPDTMCRCFRVZMFBIXEFH                    *\r\n* GQHBGT                                                                                               *\r\n* QLUARQTKEGKAEYDSMOCASZQMGFSPZWRGJALTWUIVLQEQUFDCDXUNETYRVIULXELIPDR                                  *\r\n* NJWRGGPCVZSACQLB                                                                                     *\r\n* EBPBUXO                                                                                              *\r\n* WY                                                                                                   *\r\n* EVBQOZPTBCGXDWVVQTIHSJGLC                                                                            *\r\n* CTLHR                                                                                                *\r\n* IIXZYBMDBRAYXDLEYBYGNQNVPPONWWHTLWPVZWX                                                              *\r\n* HFGBJHNYPXUKJKWRVCJINYGEJGNAOQFBEJZIKMLIBPYZBXKBAXZXMOBIZ                                            *\r\n* RCUMKY                                                                                               *\r\n* SFZLNHIQBHXAGDMWMAQQIOQIQJJVJOOFZHISKPMQRHLHDISXFGIMTHJEPRVEYNHNSSAYV                                *\r\n* MWNAZADIEHRLQDFCLSYEDTUISDZYPLHTCLTLYTHIAGMNNMXEHPGIAQQTBEHWBFTTZXIEJTDSKPDW                         *\r\n* HVFGVQZEZSLUAKTLLHVNSNPDSVN                                                                          *\r\n* OXLNUMUJBPFOTPAFXKIJJGZHIJOTGBNADNPBGYAOPKKVBGT                                                      *\r\n* NJGIMDCIYEEKX                                                                                        *\r\n* DZCFLG                                                                                               *\r\n* YYYJTUZWDFBQLFWVFNZLHDCTPQOGKTWVNDPLHYTJCMUYDUMVHEWRMUSUVFUCGSLKJFCHQKNHUPIUJEPUESZFXEJSLUPCEQDKAJO  *\r\n* RFFWQOXWMXLRPZYNTGNEVKWVVKDEMXUZPRCYMCOIHNFOJXNERPRUWKCHIKBFLTJOCLCXWZBQRFXIEILXXYMWGZDFPVQCBJ       *\r\n* ODRLXVPHROADQMTCAYDINGMHCHWIBJZOIJJENWNBIQVIFWNSVSPDXBIHQJIPYHGHOLVHDOPEKBZWLDCGUENIUV               *\r\n* HABODOXDBKNUTBFOGDLTWBLWMHCVUUXNTUOGBALPMYYMYJIEPPGFJBVFOFBWLCIHMZA                                  *\r\n* NZMFRVGXCZXDZXFENSERZIRWZPEJPRZYJJRPCANOUXDPHXXNWETUVIZFHQFCQXHKZZTPGQBMEPWBECOBSQMLYEDAJLIMULXXQ    *\r\n* PIEHHGCGPFLXAEBEJAKWMVWTGUHPRTSYLLNGXLJGIRPXOMLEKQBWNUGUMLAMZNPVNMMPQVGYRE                           *\r\n* VFZETJDFASVLRFTUMKWGVCTJBZWNPKCFIGLONGGDVHODSBUJWATO                                                 *\r\n* XRTMPCTMPPQQPCKTFHFDTLNNPQAFMQOQOKLORBXEMQFSXNCYKQRSOKBMEFWZBOAZAZCFRWBDKBQDFVQCN                    *\r\n* VWZWCDJZ                                                                                             *\r\n* MFYCYPGRXLXHNONIMUXGIOTLZTEAEXYWRLPYMYSO                                                             *\r\n* ESRQUHILNPILSBXLMDELGMAMBPCYPWOCJHEWCVEMWOQIPLZKRNZVNCSRSFOFFJWRBGBLWBJRYRORVRWQQRHBWSOHOMDWGZHNS    *\r\n* GJJNOQEHXVNBWAIYONBUUISUWJXMKYKBYWLNGCDQXPVSTMQDNIKTLYEYQPRESRXZLMDAPVRMKKXFNZBKTUYCNQQARMWRLYYFRW   *\r\n* HJQNSQYJAAZLROGLXSULVVCICYA                                                                          *\r\n* LMRN                                                                                                 *\r\n* SUACHGLOGQZSBFDENAMXKLLGIKTQXYNILTYTGJQMJWOFCQBTXWYMFQGHITUWMVRICRG                                  *\r\n* GJYEJANNXGERJZTBZBDVMRLMOUZNFF                                                                       *\r\n* LJTMNYTCFC                                                                                           *\r\n* KCPCMMCPIANLUPYLPPAAIRDSIQMFDFZYSTHJXMHNLPXBYYYXPMEMECLSYXUWZWMCBOSBIOODINO                          *\r\n* UCUKRPPQBNTQIOLZRKNPCUAJFXPAYAEROSYVCKFKGWBOVCTTDOLXZYPZCKEUAORBJCBPPPXH                             *\r\n* CIGSLOCDVXKOGRPCYTRFK                                                                                *\r\n* RFAFTADEORESWQJHQWBQERGMDKMMQVFCUSQBSGVC                                                             *\r\n* RITKNUZTRDVDUFZYNCINRNSLCYEZIOJBZQNJNCPPNTYSJYAMRCEEMOIDPHHPQZKDTTEDSQKLMTAYOACEXRIFKFPKIJUFUAYNIVZQ *\r\n* WUARSRSNJPOFDRZRESNETVJWFRLVNQSBLKBXHORNXWYTFAQJZWDCLMZBKEMBGWATWNTTQBKQBAGX                         *\r\n* PQEBCWQMQQZKZMCBQHAVEXRGXSXLNBKFCEUNHADAJHFXUIQOHOLSGBRRZYDJYFYOFUIUSPTQEZLXRUMOCIEYPSYB             *\r\n* COJWTBEIQSZAWWSUVOHPUAFLPHQAAZMVHHPAKTKXHOABMOFLMDU                                                  *\r\n* QLSCJYGMLEIRFD                                                                                       *\r\n* PHRKBEKIFZDYABEOWEJEVOMRMNYLCGIWIVQEUSTZGDNDFZFKGPMNWZXAUAYOGYFZQHPFLAUDLK                           *\r\n* RBJLMHNFNUVAJXPKUUETIYNNYJAZGVIBMAGZLOMHSSRFUGGHVPZJGQPSNVMDGOYRLTNIRQYFIXAPGISRDSDQVZUVLNMPB        *\r\n* ADUATASXQFQUAJQZMECUAOLHVLYSXDDIDZ                                                                   *\r\n* XVGOSZFBYZBYLFMBHNHIMSMEIBAANBIQBNTDFQKVUMNHTNNNKBWVWQJEICGQYFOWRLXXMIVRDLOAEFKUNMPLFMT              *\r\n* DOVDJTWPYRPIQQBCGESLCJZDRLCMPCQFSMUXNSIJOYB                                                          *\r\n* PCEXKNFBTHIUORLXQKAVAKPEWDONWJWDHLOPHFBBXPLKDZJWGKSEYF                                               *\r\n* FMABHYRFKLFMCCWQLIYYLYFAWTSHLQSEBYJCGDUCFKAZYNHTJTHVA                                                *\r\n* CGHZFNGJTUSAKETUJHOVTBXFCIMZ                                                                         *\r\n* RJWEUVCUHYGWVQGGYDDZPKZGFNBICXWAHLBKVWPIQZCIIYXKQYEFJZIHJQYHUUSJCFPJPVLBNVJQHQYGQRRDTQRHDTBFX        *\r\n* NWGTGCJNUVNCROQSZTRSRDCPPLOHGVUF                                                                     *\r\n* FHMJOJWXCWWQRZDR                                                                                     *\r\n* UHNFRKURDVNBHYAHYMGDIKJVUPGFZYMKQVBMSYOXSS                                                           *\r\n* OIWUYWITMXOCJYSKCEORFJDKLXNPZXJKPZUMYUHJQFZ                                                          *\r\n* BTROZOMTDAFFFLJAITTPNEMKDFLHWFBAJPJRGYQKLPGOTPHNKHAXLK                                               *\r\n* XGGKTDEXXZFVQCRUJCIDYXYQOYXXOFEOZPLLZOWHHSIPOTRLSMQUCGBAHQWUFHISUQVAQGVVGAWGOJCVHMECPKLTNLDJRBCAJQUX *\r\n* QUMRUNCKVLYNBNSCFCKECNFCMEEYWWYPEXRRRLVWJISZEVQOKXENJSUDPJFPJEOZNJIDVBLUHOUTUGYQNPNYSKFLCOC          *\r\n* GFMFUTLVMNSIMJGUYBIJLOCTQPHDDWA                                                                      *\r\n* ZCOBBPYBUCDAWEMIDKNBFTWRCSPFM                                                                        *\r\n* RPMLJJVESICHOILCXLDYZSJZBFGWYJZ                                                                      *\r\n* PNLNNLVCMZSFYYENGAVECNIZGNKECZFJJJRBXXPLQALAAEACBSPYNURBELGZBQZNTIVPGDQILJO                          *\r\n* CHYCNHCKJ                                                                                            *\r\n* WORQWLQPKZAXHSIKVXBHNDGPZXND                                                                         *\r\n* TOPEMMHYQHESVYPBEAGUDLFICTSICQZYMDRLKTUGBLFPXO                                                       *\r\n* ERNVWGJIHIGCSTYVAIFFRHERLFASRGPLNBOQPVCSDVJCEQCMCQFHRJAXMVKQGQQBSVPQF                                *\r\n* GEGNBVYBNUDNQBBITDBQETLLLMFIKIB                                                                      *\r\n* HUKAADIEZLIPNSAPZJBLOODMTUBOQPRETRGWQBHQVXRSK                                                        *\r\n********************************************************************************************************\r\n&quot;)" methodname="TestWithRandom" classname="Open_Lab_04._14.Tests" runstate="Runnable" seed="1528140633" result="Passed" start-time="2021-12-27 14:18:12Z" end-time="2021-12-27 14:18:12Z" duration="0.034537" asserts="10398" />
            <test-case id="1083" name="TestWithRandom([&quot;TMPIAHPWTQXHFBTNJUEWVMEYYBLQRWLBXXICAHQXDVMFTTBOBJIYGZCGIRJZVYFWFWJISRMBEGSAZYFEZWPINNUXVBTJ&quot;, &quot;QBEQQAWJTVKWHTAHBGJMEZZJWJSBMNQXDDNENKJYIUGAELGTUQTUJXSRCVTGHVXFFMTDGVTQXLDKTZEKDZGWUWNFKWCS&quot;, &quot;CQNXAVRSCMZWCXYTIYCQIDIOBLIZNTKSBZUUQMSDNRAMGZRYPMBYZCIYHYWPMSFICHV&quot;, &quot;DDDWFZDRCWI&quot;, &quot;TKKBRM&quot;, ...],&quot;********************************************************************************************************\r\n* TMPIAHPWTQXHFBTNJUEWVMEYYBLQRWLBXXICAHQXDVMFTTBOBJIYGZCGIRJZVYFWFWJISRMBEGSAZYFEZWPINNUXVBTJ         *\r\n* QBEQQAWJTVKWHTAHBGJMEZZJWJSBMNQXDDNENKJYIUGAELGTUQTUJXSRCVTGHVXFFMTDGVTQXLDKTZEKDZGWUWNFKWCS         *\r\n* CQNXAVRSCMZWCXYTIYCQIDIOBLIZNTKSBZUUQMSDNRAMGZRYPMBYZCIYHYWPMSFICHV                                  *\r\n* DDDWFZDRCWI                                                                                          *\r\n* TKKBRM                                                                                               *\r\n* YRVMSQCRUMSJZDOULIFSAYRVLQUVBIDRQPWLHRKGCHIEKNIXEPYSMTRAAZBCVGPLIATKGDN                              *\r\n* YZPSPMLXHXRLJLEWXWLIPILVSXVJTYQBCEUNEYKNODVYPDBXVWMKSEEPOTASQBEIGQJFRRRYMXTLNN                       *\r\n* OVYOWLGIYZEYLYSWNZMRZUWF                                                                             *\r\n* FOYUKTCBNMXSNHWZ                                                                                     *\r\n* LFMSGAUBGLAVGTYSJRXINNGBXXLUEA                                                                       *\r\n* PSSJRSLYOETEHBFGTYZDQZRTXZLUJOZXGTLCOKHAYTIEUJYASQSWEXBPBYLSHQPAEVXOQD                               *\r\n* IRZEWRMZOBLCSWCSIRVBQYOSIDIZYLJJOYJEFTEYOZWRWNWDCDPWUBCKCHVTINADRBNUMYNP                             *\r\n* XNQBXVVGEXVWNPNVZBYXLPAZTAVZCRDPZJXNLIFLZMEQEHDLAYN                                                  *\r\n* PSBHMRIWAWENTFWESAKQWNXZKKULWJYEDHAHIPATAIKDIRWYKZTAOWZBUBXCXWARXZJLFPWCZQQNCURTNVAXPY               *\r\n* GHYNGSYWDITGIILTVCRAXGMZAKDOBVCCYICDGCPKBTMEJOIKCCFUXYSAVZMVOJUH                                     *\r\n* RHAGHNTMHZDTHQMBSLZQHEAP                                                                             *\r\n* IGPUVRZ                                                                                              *\r\n* YRGIEVOLHQYPGNJAUVXVQ                                                                                *\r\n* NGKEYGESLHEOIYFTOQKFZNBAUUXOZZTDOAEZYZWIHOFRKSEKUAHHKLYAFJJEIPSLNAAIUFUOUCXKHKPCPNTZRMTCBEUOQS       *\r\n* R                                                                                                    *\r\n* TDJSWQPFTNIONSUTHOUVTTBHXGPLGYBCFONHGKTWETYZLOOLZUIDFWCACCUQADZVLGIYENNXVXQAVBWJRDLLPY               *\r\n* JMNEDPDWBTCOEGPHLGLIHFBEAGLYXSNGNJYMRJKHSBPGSNRDCWZFDPPDKIDXEEYIGWAVHDQCWEQFPVLNOHWASICX             *\r\n* VBIFMCNCGAWMWWYGWIZZJNPXQJWIYQXTDBLBHXJBCCJUPASLXUVZDYKHMLPDGEEQCCJUKXYZYYWHEU                       *\r\n* PQLLDVXQEREOWIGUXXSRMRXBAVVBEBD                                                                      *\r\n* SDZNUTBUFMF                                                                                          *\r\n* GIBRSDYJLCVYSK                                                                                       *\r\n* HZWMCOBWTJTAEWXMALUVRUEIBCTQPHAUKITVIACPELHI                                                         *\r\n* DUMNPUMYPTNVNLZUKGLIYPWDCDAJEQFMWJXIGCAMOVVOGAVPCVTFVZANXJLMUCUYNAYENRNIGYUDUHWCILHJXAQWIJKWRNSLBXB  *\r\n* BQBKHLYWFXTQMIDJVKANJC                                                                               *\r\n* DGQQSGJBXGRBSJWCMBTQKPUJIKIPRWNVYUXEQUGQWWWJVHLAYIOLQLLOMGIHYTKASVCYLSLSVDUOSKOBZIRIHB               *\r\n* MIJSJMYRDLVQZEMOGWWQM                                                                                *\r\n* XVBSHIPCBTRQQPBACFWLRCWTOWMUKMKLSULOQQEQCAJCZJOXMGUQTAAUYIDLVVRPIFXVD                                *\r\n* JLBGJQSUTFHPHESURRURQIMTUGJUUULTTZWIPNRKBDOYDGONXOO                                                  *\r\n* BMWBYHLDHYAZUOVHHJEDAJQM                                                                             *\r\n* OQORVXGFFSHCVKIBNDDDOEPKGGNJLFRWKHKQXLLAUUOWOFLZWBNGNIFKBELPJWUAAKSOAREBRCJUPT                       *\r\n* BUOMJRKJBBZPSZWRXAOVEMXZFXLPKZLUHIKUVKKIQBRMABLCUKMTAXROXPHMGVYBQFHKPCVMPGFCVKZDLJVZ                 *\r\n* RTKQWXGDYBUCPWUTBMSOZEUSOSMQDBXAYOYLXTSFPJQFKAGOEKJ                                                  *\r\n* DLNNZRCDKQAXDUEAXJWITMZPNPIOLYLTRBXNALMFROUZJTBPVGQVNACQLXZKJNSMEGFCXQZMWQRESZGUNSSFHQF              *\r\n* YGBDMCVDWHVCNYRFGEYXJXXMRFWRUMENBOEQPWAUUNHKEDGOANYDSIHAJPLGFEIKDH                                   *\r\n* ZUAQK                                                                                                *\r\n* ECWPMINYHQHOBVTG                                                                                     *\r\n* HZKTOPEXHWCGU                                                                                        *\r\n* X                                                                                                    *\r\n* ZNFLLWGYIXOBWBMHSRTQAKPNRREMKRNQKABHOVRKTLLQBDBFJUOCG                                                *\r\n* NOXRUTSUOQKYRVAETXZJXPZZLNQZ                                                                         *\r\n* PDLJDNNJW                                                                                            *\r\n* YSYXU                                                                                                *\r\n* DMGFFBQCXJYOYGGDSSYMZONIN                                                                            *\r\n* XWAQYRFSIBKTWOMIMTPYKQUVZFZIHOYXSLEUBGLGJGXFSZWJZQCUTOJGBFRTSWLTCMBLKRGFIIPESPC                      *\r\n* JP                                                                                                   *\r\n* QMDEDBXTWPROMUDCGXKZHJWMKZENMCRJDO                                                                   *\r\n* HYIXJNYKQQUCJPMWCYPBGPRTEWJHUXIKYZWDYABMJZFWQWUYZGOKNMORHOSMDRPSIJDKTIXBXDSGKVCHC                    *\r\n* HNJXWLLEWJHOIRJMOGTKEQIMMKUHHMLLKSJCJKMRYOMO                                                         *\r\n* JUAWXHWORGRFWKMREXKXWDQIHDDTBMQETSDPUKKEPXTMSWNZAAURCQYFESOTDCMEPNLDHWXTNFIZKEQ                      *\r\n* PETASYBDUYLCVQBMKOWFKJSDDAEXIZUZCDEZJMMRLIJJ                                                         *\r\n* UYWDVOWIKAFLPXRUEUVDLARMBCXBFTCAJSICHTMKYRR                                                          *\r\n* YNUPUWGNNGZUGK                                                                                       *\r\n* SQUCRXECW                                                                                            *\r\n* PMLHLETIONNIIHIMONDTOWXRUTDOAFTLXAFKVFCBFLRWOKINUEIRZDA                                              *\r\n* PUNRAEIIUCLHCYRJKBOCEACJLQUVXBMUALUBRLAACICMYALWNZHXPXPPRDGKKMLSPRGQDQRZBNZV                         *\r\n* QLKEYIXTPEDWFJNEPPQXJWHTUSXHIVBXTQBSVFMEOZAMDUYGDULXJYOUDRJFLPLTDFCOIVJKDLJKVUQAUQEOKDOVCGODV        *\r\n* SYNHIXRJYIKBUXOEYIBJLVLXIAR                                                                          *\r\n* MBGFOWTKWOMSIKSVDJJQGYIFCM                                                                           *\r\n* XMQYIGLXWCEMXEDHJWIAACQTZQAZNTACBBWYGQDLXNVTZWLMCQZJUMVUWXZRGLJDCBLWHFBSTWDNHWUCFNWX                 *\r\n* RIPGCBIRLFLDSRXLOEXPGPXJHMZDWMSPMJLTVQFESBIRRJOFWQQJZHNBLGYPBFUYNWRJFEPYZSXEG                        *\r\n* RYYUGFVJPFVJIPSPCMGJEUSF                                                                             *\r\n* SBSJGJIUEOAQHZPDDHMNWWZGJQLYXBXFTUOEDZIVNODBSZVNRGANGSDWBLAQYKXCQUXNLKZEYQZHTXOKUYHQBJZAQRCRZSXDRALX *\r\n* HCGGW                                                                                                *\r\n* PSVDDXQVADGBGVWWTIIFFTWQSMQJNWAJFUJIVOYTJXXAKYECELIXYQJWVFKQ                                         *\r\n* HIDCWWMLOBFJOWIVWFUIOECNCLO                                                                          *\r\n* MNPDHMBOTXOCRQPJDOKUBAYAQISCGQZLHBZBMBBBUT                                                           *\r\n* ZQRRYOSKOA                                                                                           *\r\n* JLOPNZUZICXDUQQOXBMIAHYZJYQUNNGLKOSNMWNBGULZBNXBHZVIBRTCNOFPIAMVWMSGYDBAOKCF                         *\r\n* YYVBPMNRXJSVPZYRXSGIQCPVQDEYVTRPNGPQKOTNYDZCALIDDIQRVXFVJAKMIPWDSCHJKHGJZSKMDMUFUAUMD                *\r\n* UPATHJDGFJHVKXDYSVCGRDNSSWFFSHUJASISJRAXFTMAFICXBWIYKWHRCHAKEYOXOXVRPLPAVFBXQMNKUIDVZWZDLRPBQPSGFPM  *\r\n* MKHQGHDFVJAQUQQWVSYRYRGYVNJFMUSB                                                                     *\r\n* FXJANPSSTIBQZHAYWLNQVKUEJUTXXTARZQPTHWHDFYEJFHVGJGPIEKEUCEQSWUVAHJRJSHRAEKKWGLZCYMNQDSNOMUQCFOGLDD   *\r\n* VPMNCPPE                                                                                             *\r\n* ZHORFNUJHEXPWCWYQPUPDZSCJDMLZLBNNTOEFZXRUXDYFMZMQPLAVOQZPLHBBIKWDJBDOSSRSCUFVU                       *\r\n* WEZVJZBSYCOPTRVQLNHUVLWYXXUHSTKEVOKXCMAWCRCAZDYZWMJRNZBKIAYMETAERKUFHYOYNLSEJVZUYVLFKSQVNA           *\r\n* BONSJQXIOJSSYYKECHWBMADNJHUUYUYSGJMKZSINMMLKFCNHAONOQZBAK                                            *\r\n* IBWDKUKALOLAEJYJOAPSIGUNTKGJCHHMZAJGRJCRAFRYVAJDPGKBLSRCHJJZNAYDGZBEZSRFXYSDOVRSADUVXGAHIHZIZCDZGNS  *\r\n* ZFDXPEDMZONLRRZKGCGAYUWSSJFVUTWBDUTVZWGSCOHUTOQIDTSEHSXFJLFGYISFRMHWYDLKWNXKMBYESXRBAST              *\r\n* XNMORATTVBCHGTKZIIHUUNTHMANBQRFZSWZKQWSWTDPK                                                         *\r\n* RXYNSSSKZQKUFBQMSDEWDOJUZILPLAQYIIVDPNYYMOTFPQLVCJAAKNVCNENJHCZYZLLWGNXEEFJOVEEJXQNBZQNVMSPLAPRK     *\r\n********************************************************************************************************\r\n&quot;)" fullname="Open_Lab_04._14.Tests.TestWithRandom([&quot;TMPIAHPWTQXHFBTNJUEWVMEYYBLQRWLBXXICAHQXDVMFTTBOBJIYGZCGIRJZVYFWFWJISRMBEGSAZYFEZWPINNUXVBTJ&quot;, &quot;QBEQQAWJTVKWHTAHBGJMEZZJWJSBMNQXDDNENKJYIUGAELGTUQTUJXSRCVTGHVXFFMTDGVTQXLDKTZEKDZGWUWNFKWCS&quot;, &quot;CQNXAVRSCMZWCXYTIYCQIDIOBLIZNTKSBZUUQMSDNRAMGZRYPMBYZCIYHYWPMSFICHV&quot;, &quot;DDDWFZDRCWI&quot;, &quot;TKKBRM&quot;, ...],&quot;********************************************************************************************************\r\n* TMPIAHPWTQXHFBTNJUEWVMEYYBLQRWLBXXICAHQXDVMFTTBOBJIYGZCGIRJZVYFWFWJISRMBEGSAZYFEZWPINNUXVBTJ         *\r\n* QBEQQAWJTVKWHTAHBGJMEZZJWJSBMNQXDDNENKJYIUGAELGTUQTUJXSRCVTGHVXFFMTDGVTQXLDKTZEKDZGWUWNFKWCS         *\r\n* CQNXAVRSCMZWCXYTIYCQIDIOBLIZNTKSBZUUQMSDNRAMGZRYPMBYZCIYHYWPMSFICHV                                  *\r\n* DDDWFZDRCWI                                                                                          *\r\n* TKKBRM                                                                                               *\r\n* YRVMSQCRUMSJZDOULIFSAYRVLQUVBIDRQPWLHRKGCHIEKNIXEPYSMTRAAZBCVGPLIATKGDN                              *\r\n* YZPSPMLXHXRLJLEWXWLIPILVSXVJTYQBCEUNEYKNODVYPDBXVWMKSEEPOTASQBEIGQJFRRRYMXTLNN                       *\r\n* OVYOWLGIYZEYLYSWNZMRZUWF                                                                             *\r\n* FOYUKTCBNMXSNHWZ                                                                                     *\r\n* LFMSGAUBGLAVGTYSJRXINNGBXXLUEA                                                                       *\r\n* PSSJRSLYOETEHBFGTYZDQZRTXZLUJOZXGTLCOKHAYTIEUJYASQSWEXBPBYLSHQPAEVXOQD                               *\r\n* IRZEWRMZOBLCSWCSIRVBQYOSIDIZYLJJOYJEFTEYOZWRWNWDCDPWUBCKCHVTINADRBNUMYNP                             *\r\n* XNQBXVVGEXVWNPNVZBYXLPAZTAVZCRDPZJXNLIFLZMEQEHDLAYN                                                  *\r\n* PSBHMRIWAWENTFWESAKQWNXZKKULWJYEDHAHIPATAIKDIRWYKZTAOWZBUBXCXWARXZJLFPWCZQQNCURTNVAXPY               *\r\n* GHYNGSYWDITGIILTVCRAXGMZAKDOBVCCYICDGCPKBTMEJOIKCCFUXYSAVZMVOJUH                                     *\r\n* RHAGHNTMHZDTHQMBSLZQHEAP                                                                             *\r\n* IGPUVRZ                                                                                              *\r\n* YRGIEVOLHQYPGNJAUVXVQ                                                                                *\r\n* NGKEYGESLHEOIYFTOQKFZNBAUUXOZZTDOAEZYZWIHOFRKSEKUAHHKLYAFJJEIPSLNAAIUFUOUCXKHKPCPNTZRMTCBEUOQS       *\r\n* R                                                                                                    *\r\n* TDJSWQPFTNIONSUTHOUVTTBHXGPLGYBCFONHGKTWETYZLOOLZUIDFWCACCUQADZVLGIYENNXVXQAVBWJRDLLPY               *\r\n* JMNEDPDWBTCOEGPHLGLIHFBEAGLYXSNGNJYMRJKHSBPGSNRDCWZFDPPDKIDXEEYIGWAVHDQCWEQFPVLNOHWASICX             *\r\n* VBIFMCNCGAWMWWYGWIZZJNPXQJWIYQXTDBLBHXJBCCJUPASLXUVZDYKHMLPDGEEQCCJUKXYZYYWHEU                       *\r\n* PQLLDVXQEREOWIGUXXSRMRXBAVVBEBD                                                                      *\r\n* SDZNUTBUFMF                                                                                          *\r\n* GIBRSDYJLCVYSK                                                                                       *\r\n* HZWMCOBWTJTAEWXMALUVRUEIBCTQPHAUKITVIACPELHI                                                         *\r\n* DUMNPUMYPTNVNLZUKGLIYPWDCDAJEQFMWJXIGCAMOVVOGAVPCVTFVZANXJLMUCUYNAYENRNIGYUDUHWCILHJXAQWIJKWRNSLBXB  *\r\n* BQBKHLYWFXTQMIDJVKANJC                                                                               *\r\n* DGQQSGJBXGRBSJWCMBTQKPUJIKIPRWNVYUXEQUGQWWWJVHLAYIOLQLLOMGIHYTKASVCYLSLSVDUOSKOBZIRIHB               *\r\n* MIJSJMYRDLVQZEMOGWWQM                                                                                *\r\n* XVBSHIPCBTRQQPBACFWLRCWTOWMUKMKLSULOQQEQCAJCZJOXMGUQTAAUYIDLVVRPIFXVD                                *\r\n* JLBGJQSUTFHPHESURRURQIMTUGJUUULTTZWIPNRKBDOYDGONXOO                                                  *\r\n* BMWBYHLDHYAZUOVHHJEDAJQM                                                                             *\r\n* OQORVXGFFSHCVKIBNDDDOEPKGGNJLFRWKHKQXLLAUUOWOFLZWBNGNIFKBELPJWUAAKSOAREBRCJUPT                       *\r\n* BUOMJRKJBBZPSZWRXAOVEMXZFXLPKZLUHIKUVKKIQBRMABLCUKMTAXROXPHMGVYBQFHKPCVMPGFCVKZDLJVZ                 *\r\n* RTKQWXGDYBUCPWUTBMSOZEUSOSMQDBXAYOYLXTSFPJQFKAGOEKJ                                                  *\r\n* DLNNZRCDKQAXDUEAXJWITMZPNPIOLYLTRBXNALMFROUZJTBPVGQVNACQLXZKJNSMEGFCXQZMWQRESZGUNSSFHQF              *\r\n* YGBDMCVDWHVCNYRFGEYXJXXMRFWRUMENBOEQPWAUUNHKEDGOANYDSIHAJPLGFEIKDH                                   *\r\n* ZUAQK                                                                                                *\r\n* ECWPMINYHQHOBVTG                                                                                     *\r\n* HZKTOPEXHWCGU                                                                                        *\r\n* X                                                                                                    *\r\n* ZNFLLWGYIXOBWBMHSRTQAKPNRREMKRNQKABHOVRKTLLQBDBFJUOCG                                                *\r\n* NOXRUTSUOQKYRVAETXZJXPZZLNQZ                                                                         *\r\n* PDLJDNNJW                                                                                            *\r\n* YSYXU                                                                                                *\r\n* DMGFFBQCXJYOYGGDSSYMZONIN                                                                            *\r\n* XWAQYRFSIBKTWOMIMTPYKQUVZFZIHOYXSLEUBGLGJGXFSZWJZQCUTOJGBFRTSWLTCMBLKRGFIIPESPC                      *\r\n* JP                                                                                                   *\r\n* QMDEDBXTWPROMUDCGXKZHJWMKZENMCRJDO                                                                   *\r\n* HYIXJNYKQQUCJPMWCYPBGPRTEWJHUXIKYZWDYABMJZFWQWUYZGOKNMORHOSMDRPSIJDKTIXBXDSGKVCHC                    *\r\n* HNJXWLLEWJHOIRJMOGTKEQIMMKUHHMLLKSJCJKMRYOMO                                                         *\r\n* JUAWXHWORGRFWKMREXKXWDQIHDDTBMQETSDPUKKEPXTMSWNZAAURCQYFESOTDCMEPNLDHWXTNFIZKEQ                      *\r\n* PETASYBDUYLCVQBMKOWFKJSDDAEXIZUZCDEZJMMRLIJJ                                                         *\r\n* UYWDVOWIKAFLPXRUEUVDLARMBCXBFTCAJSICHTMKYRR                                                          *\r\n* YNUPUWGNNGZUGK                                                                                       *\r\n* SQUCRXECW                                                                                            *\r\n* PMLHLETIONNIIHIMONDTOWXRUTDOAFTLXAFKVFCBFLRWOKINUEIRZDA                                              *\r\n* PUNRAEIIUCLHCYRJKBOCEACJLQUVXBMUALUBRLAACICMYALWNZHXPXPPRDGKKMLSPRGQDQRZBNZV                         *\r\n* QLKEYIXTPEDWFJNEPPQXJWHTUSXHIVBXTQBSVFMEOZAMDUYGDULXJYOUDRJFLPLTDFCOIVJKDLJKVUQAUQEOKDOVCGODV        *\r\n* SYNHIXRJYIKBUXOEYIBJLVLXIAR                                                                          *\r\n* MBGFOWTKWOMSIKSVDJJQGYIFCM                                                                           *\r\n* XMQYIGLXWCEMXEDHJWIAACQTZQAZNTACBBWYGQDLXNVTZWLMCQZJUMVUWXZRGLJDCBLWHFBSTWDNHWUCFNWX                 *\r\n* RIPGCBIRLFLDSRXLOEXPGPXJHMZDWMSPMJLTVQFESBIRRJOFWQQJZHNBLGYPBFUYNWRJFEPYZSXEG                        *\r\n* RYYUGFVJPFVJIPSPCMGJEUSF                                                                             *\r\n* SBSJGJIUEOAQHZPDDHMNWWZGJQLYXBXFTUOEDZIVNODBSZVNRGANGSDWBLAQYKXCQUXNLKZEYQZHTXOKUYHQBJZAQRCRZSXDRALX *\r\n* HCGGW                                                                                                *\r\n* PSVDDXQVADGBGVWWTIIFFTWQSMQJNWAJFUJIVOYTJXXAKYECELIXYQJWVFKQ                                         *\r\n* HIDCWWMLOBFJOWIVWFUIOECNCLO                                                                          *\r\n* MNPDHMBOTXOCRQPJDOKUBAYAQISCGQZLHBZBMBBBUT                                                           *\r\n* ZQRRYOSKOA                                                                                           *\r\n* JLOPNZUZICXDUQQOXBMIAHYZJYQUNNGLKOSNMWNBGULZBNXBHZVIBRTCNOFPIAMVWMSGYDBAOKCF                         *\r\n* YYVBPMNRXJSVPZYRXSGIQCPVQDEYVTRPNGPQKOTNYDZCALIDDIQRVXFVJAKMIPWDSCHJKHGJZSKMDMUFUAUMD                *\r\n* UPATHJDGFJHVKXDYSVCGRDNSSWFFSHUJASISJRAXFTMAFICXBWIYKWHRCHAKEYOXOXVRPLPAVFBXQMNKUIDVZWZDLRPBQPSGFPM  *\r\n* MKHQGHDFVJAQUQQWVSYRYRGYVNJFMUSB                                                                     *\r\n* FXJANPSSTIBQZHAYWLNQVKUEJUTXXTARZQPTHWHDFYEJFHVGJGPIEKEUCEQSWUVAHJRJSHRAEKKWGLZCYMNQDSNOMUQCFOGLDD   *\r\n* VPMNCPPE                                                                                             *\r\n* ZHORFNUJHEXPWCWYQPUPDZSCJDMLZLBNNTOEFZXRUXDYFMZMQPLAVOQZPLHBBIKWDJBDOSSRSCUFVU                       *\r\n* WEZVJZBSYCOPTRVQLNHUVLWYXXUHSTKEVOKXCMAWCRCAZDYZWMJRNZBKIAYMETAERKUFHYOYNLSEJVZUYVLFKSQVNA           *\r\n* BONSJQXIOJSSYYKECHWBMADNJHUUYUYSGJMKZSINMMLKFCNHAONOQZBAK                                            *\r\n* IBWDKUKALOLAEJYJOAPSIGUNTKGJCHHMZAJGRJCRAFRYVAJDPGKBLSRCHJJZNAYDGZBEZSRFXYSDOVRSADUVXGAHIHZIZCDZGNS  *\r\n* ZFDXPEDMZONLRRZKGCGAYUWSSJFVUTWBDUTVZWGSCOHUTOQIDTSEHSXFJLFGYISFRMHWYDLKWNXKMBYESXRBAST              *\r\n* XNMORATTVBCHGTKZIIHUUNTHMANBQRFZSWZKQWSWTDPK                                                         *\r\n* RXYNSSSKZQKUFBQMSDEWDOJUZILPLAQYIIVDPNYYMOTFPQLVCJAAKNVCNENJHCZYZLLWGNXEEFJOVEEJXQNBZQNVMSPLAPRK     *\r\n********************************************************************************************************\r\n&quot;)" methodname="TestWithRandom" classname="Open_Lab_04._14.Tests" runstate="Runnable" seed="854140281" result="Passed" start-time="2021-12-27 14:18:12Z" end-time="2021-12-27 14:18:12Z" duration="0.024077" asserts="9138" />
            <test-case id="1084" name="TestWithRandom([&quot;FDFPOPMWVFDGHJZEMQOYZJYPJOXMEPNZAAYAEHBYPDVHSFKFLVDAWQVWFPFARARFREGHLZAEOPJWOQXD&quot;, &quot;RAIMMCJFCVOCBH&quot;, &quot;LPQNZDUMVYLGHZIORBWZZJTEBXBJDLCNIUKYAKEZXONNAVBGUGWAEHPCW&quot;, &quot;LBBLIJWYYNOJOHXWCLVFDGVVPWPBIAFICOYCYLFDQCXORK&quot;, &quot;ODIFEGQIFFFWMUVQXIGGZJUYQFSPBIHEEDAYAVABMGSWSPTIVLAFLETFJJOYNAGWYBSIUXQBH&quot;, ...],&quot;********************************************************************************************************\r\n* FDFPOPMWVFDGHJZEMQOYZJYPJOXMEPNZAAYAEHBYPDVHSFKFLVDAWQVWFPFARARFREGHLZAEOPJWOQXD                     *\r\n* RAIMMCJFCVOCBH                                                                                       *\r\n* LPQNZDUMVYLGHZIORBWZZJTEBXBJDLCNIUKYAKEZXONNAVBGUGWAEHPCW                                            *\r\n* LBBLIJWYYNOJOHXWCLVFDGVVPWPBIAFICOYCYLFDQCXORK                                                       *\r\n* ODIFEGQIFFFWMUVQXIGGZJUYQFSPBIHEEDAYAVABMGSWSPTIVLAFLETFJJOYNAGWYBSIUXQBH                            *\r\n* TTQXGBMJUQIBTZKUPQ                                                                                   *\r\n* CNLZWYQWKOXUYYGKZPLCNMEGQO                                                                           *\r\n* ISXAIZVEQHTUYQEBVWVKCMPLFDOTQJFJHBIENOPVCTPCGUNMIKIJVDUVDMUELCOGCKMXHAOHGAHJXMEKPCKFBWOEH            *\r\n* AATKJAEIAWIPEIWACUWLXQHJOJRJFFVIQUZNOWQHEOMICAXCIAUT                                                 *\r\n* WPKSJVAIVDUAAZKIJMGEPGJDZHOLPBE                                                                      *\r\n* CAUEOVEAPYJKRHBAMUZONPSPGHSBGOTTZJYAFGTOHFOQ                                                         *\r\n* YLRFOZUCPXMHEYHCDTAEPLIJBUGAKHIACRHVBVSPYRJLLSAHLLEMOMIMDIETTURIPMENRMBHBLFXCWXITYOYCWMQJURS         *\r\n* YVEABWZNNQZKXKCGKKHLVZUFSFTAOEWUJPCPAXAZXUGIPOFLJJYJKGVZBZHVDZZJTFBH                                 *\r\n* MFMJHOATMQEZHQFFNJCTDOBQFVYVWOKMYC                                                                   *\r\n* DLZDSVFOJDWVJTEGVZNFYEWELPFWYFRAFTCTNGKYXZSMIAPCSHONLXYZOVRCPJQDLVQPRKTPOOIYLKWLACDQQEPIU            *\r\n* ESOHINJOBMJZ                                                                                         *\r\n* IOZYWPANEYGCMFAMGGIVOFBBGGUPWIJBASVBRFTSUP                                                           *\r\n* THFVIJCUGBDWCNYRQVLQWPEBUJYVAMPBYGHTBKLGUOCAWVTOTODXJZDDCDAYKGTULCXVFEQFJEVHNEEZPJCMJRSZCEQYJNVOUIOU *\r\n* XJOXXOEDVQYYBIBEGKUKYTBNSWWJHNEPKBSZNOMCNWGNSZHEUJNYUJZEIAFBSUVILJOAQBQSXRWBMNVSORPXZGVBBNRM         *\r\n* LKTAYCILHNSTVACMXSUFMMAEYIENMYDJDJM                                                                  *\r\n* DBOLMHGEWEEGSODVWHWYKOCPXU                                                                           *\r\n* JKIPMNWIWDJSFGWHTEXVXUHNVNOWPZYNRJXTNPSSWGHRNPQROGILZZAOCVTZZZTWFVAVJCUELEZRNQAGWWIIQMNSIJRSVT       *\r\n* WMLMROVILMEAUZIBMVNCDRLFSHHMZLBISLDFCDIRBNWWMMTTAIEWIQPFBFUJHIJZKVHJWDYJMVB                          *\r\n* UOTFOOMRHFABVYEWIZKSEWLQFKWWJVJMOZKMLPUSVRSEUFNYZCANLJLXDCZESP                                       *\r\n* LWONVNSLTFSWNEGVZWYXGVWBFONIJPQAFI                                                                   *\r\n* IGSRKGRGITMYTWGAHTSBQZMHHAJB                                                                         *\r\n* ORQEWYOHFNQPOOISP                                                                                    *\r\n* MCPIGNGQIUKKKXPCTBVTWYRSBGBLBLEORGXZPFLDYFPUWVCTAMUGXWXNKWGALUPXPVSDAPNNQRVQ                         *\r\n* XWGDILPQYRVJJPSYKRDQREBDZSKYHPFAGENA                                                                 *\r\n* WD                                                                                                   *\r\n* ZGREWTRAUOFARARSVDEQAQJILVDECSYOOUQK                                                                 *\r\n* WGFAKESKFIFNUFWSMJJXJSBQNYBPRLXJGFYXYPPLQXGMXRHNBVB                                                  *\r\n* GNDEEONLCDSTLWGPGZTXTXHLLOSWQNNVJMCTBTSKBEJN                                                         *\r\n* MBBKSGCCESJGRSPVRUOP                                                                                 *\r\n* KYTNNNHJWPOUGZNRLYHLTFUTNKBCOJJUXICCIWFTVSHCULKTCEGWHDDEEZADLEVMFUWYWLJPTNQBXRZBZHAJDMMTE            *\r\n* XIVBHQXUXZPLWRUQDUNCHNAZDEELJTHCUZNATRFADCUZLNLIOMJSGCQKIWXDLMLDSMRXDUXLONYETANQTWWWJPWRICS          *\r\n* TBORRQHZVNEUOYDSEMQHJHKPPOUCQAOBBARNYHMDTOUFRBHLMDNWLKNMRZBCVEIVYDTOGQUWZNOVMEYOGIQNNSPQ             *\r\n* FWYFKHOFZHNITFVJQXYWSZMBNWNOVHGOCAAUVQPGZPMXKFMDUDXUR                                                *\r\n* VFJXSNUAJSAYFTEBNZIRWCMOQHJJTRKLXHFVKYYBMYFUXLZTZTQXLZXSSVGKEKHRHOBXOJRPBHEYWSR                      *\r\n* HQJZBNZXKMCORNXBRNN                                                                                  *\r\n* KCEQCAWEVZVAEBDNAHQUOENBGCXNJCGI                                                                     *\r\n* JUFLTXARVCKQBKPKJAJXS                                                                                *\r\n* GOCJZCIUSSMVVHXCHKPDTCDLFRIDABXLMPORIKYYIAJSDGPIMHTZIPZELREHUEUQUBIFTGTXLRU                          *\r\n* SLHYCZRSIYDXPKGQFQDEFTXCXJPGOWNQUGLAKFFUNBIWYLPJACRVOPOZNEBSKLEMKMCJYFGALIRD                         *\r\n* AEMUGFLERCESMMFEMKBXVLLJGKUWRKFYKONAOYEFSHT                                                          *\r\n* XRLTAVYYPGPPSDNVLPMHXGHYYEPOFWENSALOZAVVL                                                            *\r\n* JDZYILKJUDVLNRJNUVFKTSCBWR                                                                           *\r\n* ZVKUQVQWDZAWDDWCBSHNUELGZPBNQBXBQULNJIEPXUGOTZCGXQBIPEWUKEVAUDGBBZF                                  *\r\n* SISSORQAYXMZNVQZAPLMXRDFNDVTNEMUTSNOY                                                                *\r\n* UXOWVMSVNYMGBMNTLBFNELWWMULRGVHCBS                                                                   *\r\n* OYBVRMSQWGHDAHZGMIKDIBRJABAORQKFIRZVKFOAMVZPFRKKGOVTQOMMGSVPMEYGWBUJHEWGUKRNCBDIQP                   *\r\n* DVROUENOSKYOIWTTDXBCCROYGWYJEOM                                                                      *\r\n* WWVKEMZEUPEWVWJQJIZKONFLGSIYFDKDXZRLBIPQYXINMSDJMHZWOBLJQJDLEBYRFBYWEXPBTJMQESYNPYLYDOPVNIUSEDMWZRH  *\r\n* UGFOSYCFPUEYKQWFQANRLCIVCXWPWQRNKMTJTWFELKGTEW                                                       *\r\n* OHHGZDQARXJMVCNIYCQOYWMLUUIG                                                                         *\r\n* WPRGQI                                                                                               *\r\n* OKSKTMBLKKKCYBHQNHIRUVLEUKYVIRFEU                                                                    *\r\n********************************************************************************************************\r\n&quot;)" fullname="Open_Lab_04._14.Tests.TestWithRandom([&quot;FDFPOPMWVFDGHJZEMQOYZJYPJOXMEPNZAAYAEHBYPDVHSFKFLVDAWQVWFPFARARFREGHLZAEOPJWOQXD&quot;, &quot;RAIMMCJFCVOCBH&quot;, &quot;LPQNZDUMVYLGHZIORBWZZJTEBXBJDLCNIUKYAKEZXONNAVBGUGWAEHPCW&quot;, &quot;LBBLIJWYYNOJOHXWCLVFDGVVPWPBIAFICOYCYLFDQCXORK&quot;, &quot;ODIFEGQIFFFWMUVQXIGGZJUYQFSPBIHEEDAYAVABMGSWSPTIVLAFLETFJJOYNAGWYBSIUXQBH&quot;, ...],&quot;********************************************************************************************************\r\n* FDFPOPMWVFDGHJZEMQOYZJYPJOXMEPNZAAYAEHBYPDVHSFKFLVDAWQVWFPFARARFREGHLZAEOPJWOQXD                     *\r\n* RAIMMCJFCVOCBH                                                                                       *\r\n* LPQNZDUMVYLGHZIORBWZZJTEBXBJDLCNIUKYAKEZXONNAVBGUGWAEHPCW                                            *\r\n* LBBLIJWYYNOJOHXWCLVFDGVVPWPBIAFICOYCYLFDQCXORK                                                       *\r\n* ODIFEGQIFFFWMUVQXIGGZJUYQFSPBIHEEDAYAVABMGSWSPTIVLAFLETFJJOYNAGWYBSIUXQBH                            *\r\n* TTQXGBMJUQIBTZKUPQ                                                                                   *\r\n* CNLZWYQWKOXUYYGKZPLCNMEGQO                                                                           *\r\n* ISXAIZVEQHTUYQEBVWVKCMPLFDOTQJFJHBIENOPVCTPCGUNMIKIJVDUVDMUELCOGCKMXHAOHGAHJXMEKPCKFBWOEH            *\r\n* AATKJAEIAWIPEIWACUWLXQHJOJRJFFVIQUZNOWQHEOMICAXCIAUT                                                 *\r\n* WPKSJVAIVDUAAZKIJMGEPGJDZHOLPBE                                                                      *\r\n* CAUEOVEAPYJKRHBAMUZONPSPGHSBGOTTZJYAFGTOHFOQ                                                         *\r\n* YLRFOZUCPXMHEYHCDTAEPLIJBUGAKHIACRHVBVSPYRJLLSAHLLEMOMIMDIETTURIPMENRMBHBLFXCWXITYOYCWMQJURS         *\r\n* YVEABWZNNQZKXKCGKKHLVZUFSFTAOEWUJPCPAXAZXUGIPOFLJJYJKGVZBZHVDZZJTFBH                                 *\r\n* MFMJHOATMQEZHQFFNJCTDOBQFVYVWOKMYC                                                                   *\r\n* DLZDSVFOJDWVJTEGVZNFYEWELPFWYFRAFTCTNGKYXZSMIAPCSHONLXYZOVRCPJQDLVQPRKTPOOIYLKWLACDQQEPIU            *\r\n* ESOHINJOBMJZ                                                                                         *\r\n* IOZYWPANEYGCMFAMGGIVOFBBGGUPWIJBASVBRFTSUP                                                           *\r\n* THFVIJCUGBDWCNYRQVLQWPEBUJYVAMPBYGHTBKLGUOCAWVTOTODXJZDDCDAYKGTULCXVFEQFJEVHNEEZPJCMJRSZCEQYJNVOUIOU *\r\n* XJOXXOEDVQYYBIBEGKUKYTBNSWWJHNEPKBSZNOMCNWGNSZHEUJNYUJZEIAFBSUVILJOAQBQSXRWBMNVSORPXZGVBBNRM         *\r\n* LKTAYCILHNSTVACMXSUFMMAEYIENMYDJDJM                                                                  *\r\n* DBOLMHGEWEEGSODVWHWYKOCPXU                                                                           *\r\n* JKIPMNWIWDJSFGWHTEXVXUHNVNOWPZYNRJXTNPSSWGHRNPQROGILZZAOCVTZZZTWFVAVJCUELEZRNQAGWWIIQMNSIJRSVT       *\r\n* WMLMROVILMEAUZIBMVNCDRLFSHHMZLBISLDFCDIRBNWWMMTTAIEWIQPFBFUJHIJZKVHJWDYJMVB                          *\r\n* UOTFOOMRHFABVYEWIZKSEWLQFKWWJVJMOZKMLPUSVRSEUFNYZCANLJLXDCZESP                                       *\r\n* LWONVNSLTFSWNEGVZWYXGVWBFONIJPQAFI                                                                   *\r\n* IGSRKGRGITMYTWGAHTSBQZMHHAJB                                                                         *\r\n* ORQEWYOHFNQPOOISP                                                                                    *\r\n* MCPIGNGQIUKKKXPCTBVTWYRSBGBLBLEORGXZPFLDYFPUWVCTAMUGXWXNKWGALUPXPVSDAPNNQRVQ                         *\r\n* XWGDILPQYRVJJPSYKRDQREBDZSKYHPFAGENA                                                                 *\r\n* WD                                                                                                   *\r\n* ZGREWTRAUOFARARSVDEQAQJILVDECSYOOUQK                                                                 *\r\n* WGFAKESKFIFNUFWSMJJXJSBQNYBPRLXJGFYXYPPLQXGMXRHNBVB                                                  *\r\n* GNDEEONLCDSTLWGPGZTXTXHLLOSWQNNVJMCTBTSKBEJN                                                         *\r\n* MBBKSGCCESJGRSPVRUOP                                                                                 *\r\n* KYTNNNHJWPOUGZNRLYHLTFUTNKBCOJJUXICCIWFTVSHCULKTCEGWHDDEEZADLEVMFUWYWLJPTNQBXRZBZHAJDMMTE            *\r\n* XIVBHQXUXZPLWRUQDUNCHNAZDEELJTHCUZNATRFADCUZLNLIOMJSGCQKIWXDLMLDSMRXDUXLONYETANQTWWWJPWRICS          *\r\n* TBORRQHZVNEUOYDSEMQHJHKPPOUCQAOBBARNYHMDTOUFRBHLMDNWLKNMRZBCVEIVYDTOGQUWZNOVMEYOGIQNNSPQ             *\r\n* FWYFKHOFZHNITFVJQXYWSZMBNWNOVHGOCAAUVQPGZPMXKFMDUDXUR                                                *\r\n* VFJXSNUAJSAYFTEBNZIRWCMOQHJJTRKLXHFVKYYBMYFUXLZTZTQXLZXSSVGKEKHRHOBXOJRPBHEYWSR                      *\r\n* HQJZBNZXKMCORNXBRNN                                                                                  *\r\n* KCEQCAWEVZVAEBDNAHQUOENBGCXNJCGI                                                                     *\r\n* JUFLTXARVCKQBKPKJAJXS                                                                                *\r\n* GOCJZCIUSSMVVHXCHKPDTCDLFRIDABXLMPORIKYYIAJSDGPIMHTZIPZELREHUEUQUBIFTGTXLRU                          *\r\n* SLHYCZRSIYDXPKGQFQDEFTXCXJPGOWNQUGLAKFFUNBIWYLPJACRVOPOZNEBSKLEMKMCJYFGALIRD                         *\r\n* AEMUGFLERCESMMFEMKBXVLLJGKUWRKFYKONAOYEFSHT                                                          *\r\n* XRLTAVYYPGPPSDNVLPMHXGHYYEPOFWENSALOZAVVL                                                            *\r\n* JDZYILKJUDVLNRJNUVFKTSCBWR                                                                           *\r\n* ZVKUQVQWDZAWDDWCBSHNUELGZPBNQBXBQULNJIEPXUGOTZCGXQBIPEWUKEVAUDGBBZF                                  *\r\n* SISSORQAYXMZNVQZAPLMXRDFNDVTNEMUTSNOY                                                                *\r\n* UXOWVMSVNYMGBMNTLBFNELWWMULRGVHCBS                                                                   *\r\n* OYBVRMSQWGHDAHZGMIKDIBRJABAORQKFIRZVKFOAMVZPFRKKGOVTQOMMGSVPMEYGWBUJHEWGUKRNCBDIQP                   *\r\n* DVROUENOSKYOIWTTDXBCCROYGWYJEOM                                                                      *\r\n* WWVKEMZEUPEWVWJQJIZKONFLGSIYFDKDXZRLBIPQYXINMSDJMHZWOBLJQJDLEBYRFBYWEXPBTJMQESYNPYLYDOPVNIUSEDMWZRH  *\r\n* UGFOSYCFPUEYKQWFQANRLCIVCXWPWQRNKMTJTWFELKGTEW                                                       *\r\n* OHHGZDQARXJMVCNIYCQOYWMLUUIG                                                                         *\r\n* WPRGQI                                                                                               *\r\n* OKSKTMBLKKKCYBHQNHIRUVLEUKYVIRFEU                                                                    *\r\n********************************************************************************************************\r\n&quot;)" methodname="TestWithRandom" classname="Open_Lab_04._14.Tests" runstate="Runnable" seed="41700450" result="Passed" start-time="2021-12-27 14:18:12Z" end-time="2021-12-27 14:18:12Z" duration="0.012443" asserts="6198" />
            <test-case id="1085" name="TestWithRandom([&quot;OKGVLUBBKKGHAOYEZHQOTYOPINGDSFFITHSGGMXXSUBTOCYHKNFXEQAQVRMXOYIFEXOSVRXMJSVYW&quot;, &quot;AGPZTFZHEDGCKPAZIUMWPROFLSPTNLVCTBRGIPECFWTLMTGHMKKAMZFIRJNAQGUTHEIJYTQTPJQSYDT&quot;, &quot;MHGDBUQTWIOYBEMZCZDIKXJSTQKCJNKOQVOIZRRMOONQFRRLWRPYZKHPYNJKKNKJXAHGQE&quot;, &quot;LHQUWKTNBZZFRXMOFOZJMIHCADDSFKKVSRDQJQKFFZHKLISLLLBSRUNDAOTSGAIRPENATVFPDTEMAXRSKSGTISDXDAQUXSYEQPVH&quot;, &quot;SRQFMPXQACCWBIOUOJWAPXTFKRLUZVLBKXSAPOVCGGDXNXVJKKBFYGFVYKUVECREQBMEPOEAOUTIUVSNW&quot;, ...],&quot;********************************************************************************************************\r\n* OKGVLUBBKKGHAOYEZHQOTYOPINGDSFFITHSGGMXXSUBTOCYHKNFXEQAQVRMXOYIFEXOSVRXMJSVYW                        *\r\n* AGPZTFZHEDGCKPAZIUMWPROFLSPTNLVCTBRGIPECFWTLMTGHMKKAMZFIRJNAQGUTHEIJYTQTPJQSYDT                      *\r\n* MHGDBUQTWIOYBEMZCZDIKXJSTQKCJNKOQVOIZRRMOONQFRRLWRPYZKHPYNJKKNKJXAHGQE                               *\r\n* LHQUWKTNBZZFRXMOFOZJMIHCADDSFKKVSRDQJQKFFZHKLISLLLBSRUNDAOTSGAIRPENATVFPDTEMAXRSKSGTISDXDAQUXSYEQPVH *\r\n* SRQFMPXQACCWBIOUOJWAPXTFKRLUZVLBKXSAPOVCGGDXNXVJKKBFYGFVYKUVECREQBMEPOEAOUTIUVSNW                    *\r\n* KPTGD                                                                                                *\r\n* RXBFTZYEPYHMLR                                                                                       *\r\n* WFBQEMWBCSHYCSBLKXJMSMZGOVPTVOGBEHNJSPZQUVYMMBVMNMWOBEBJGUBJWDFOMFUVESSUYSRWNN                       *\r\n* NZDFJRRAAFEDYNQTRQKZGGAHVUCQJMEWTZOJTYWWVFTPZOUGIYAGDNNGZVKOPBQOBIKYZGATUOEBNKIG                     *\r\n* VIKLYSFLHKXOHHTOFOREWHCYHLPIMTPNDOUTGCDPEMRVDFMHKMIVQCDOGLEMDWZOVJKSMAIDLCZJPGVCZIYZLTXBLFNUYRLIMDAT *\r\n* UUJEEKNCTYZQBNVYZDBMJHHNNETRRWMGBIENOVGJJYRHNDWEPJNAYHKMMWRAQWLWMTOTIHJEXSCLQZA                      *\r\n* IPBHJMIUXSBSEGSNNUUUPDWHAJCFEZWNVHRAU                                                                *\r\n* NALUVPGRZRAPYV                                                                                       *\r\n* GUETUHAJCQYVOWWORSJG                                                                                 *\r\n* JUHGAIJLFOAAHPNNHAVNRIDXUSUDCIXOOKXZXNTYQXXCXUGGJBKRNTDAQJLIOGJWQMMWSNPTHWWUKBA                      *\r\n* MNUBYFAVHWINBLKKOBLLIJOVLQKRWIPPJMVAMHXKLQPWEBRWLMGJQPQDZYQIVJYYGTEPPKYGEAZRUSQJYNFJCGYTVRANRPOBSQP  *\r\n* WCGBOZFPPYJHIGJHEOWZVLUXJKPOLXZDCFNWHEVDBJ                                                           *\r\n* WITEKFHXDUQPLHI                                                                                      *\r\n********************************************************************************************************\r\n&quot;)" fullname="Open_Lab_04._14.Tests.TestWithRandom([&quot;OKGVLUBBKKGHAOYEZHQOTYOPINGDSFFITHSGGMXXSUBTOCYHKNFXEQAQVRMXOYIFEXOSVRXMJSVYW&quot;, &quot;AGPZTFZHEDGCKPAZIUMWPROFLSPTNLVCTBRGIPECFWTLMTGHMKKAMZFIRJNAQGUTHEIJYTQTPJQSYDT&quot;, &quot;MHGDBUQTWIOYBEMZCZDIKXJSTQKCJNKOQVOIZRRMOONQFRRLWRPYZKHPYNJKKNKJXAHGQE&quot;, &quot;LHQUWKTNBZZFRXMOFOZJMIHCADDSFKKVSRDQJQKFFZHKLISLLLBSRUNDAOTSGAIRPENATVFPDTEMAXRSKSGTISDXDAQUXSYEQPVH&quot;, &quot;SRQFMPXQACCWBIOUOJWAPXTFKRLUZVLBKXSAPOVCGGDXNXVJKKBFYGFVYKUVECREQBMEPOEAOUTIUVSNW&quot;, ...],&quot;********************************************************************************************************\r\n* OKGVLUBBKKGHAOYEZHQOTYOPINGDSFFITHSGGMXXSUBTOCYHKNFXEQAQVRMXOYIFEXOSVRXMJSVYW                        *\r\n* AGPZTFZHEDGCKPAZIUMWPROFLSPTNLVCTBRGIPECFWTLMTGHMKKAMZFIRJNAQGUTHEIJYTQTPJQSYDT                      *\r\n* MHGDBUQTWIOYBEMZCZDIKXJSTQKCJNKOQVOIZRRMOONQFRRLWRPYZKHPYNJKKNKJXAHGQE                               *\r\n* LHQUWKTNBZZFRXMOFOZJMIHCADDSFKKVSRDQJQKFFZHKLISLLLBSRUNDAOTSGAIRPENATVFPDTEMAXRSKSGTISDXDAQUXSYEQPVH *\r\n* SRQFMPXQACCWBIOUOJWAPXTFKRLUZVLBKXSAPOVCGGDXNXVJKKBFYGFVYKUVECREQBMEPOEAOUTIUVSNW                    *\r\n* KPTGD                                                                                                *\r\n* RXBFTZYEPYHMLR                                                                                       *\r\n* WFBQEMWBCSHYCSBLKXJMSMZGOVPTVOGBEHNJSPZQUVYMMBVMNMWOBEBJGUBJWDFOMFUVESSUYSRWNN                       *\r\n* NZDFJRRAAFEDYNQTRQKZGGAHVUCQJMEWTZOJTYWWVFTPZOUGIYAGDNNGZVKOPBQOBIKYZGATUOEBNKIG                     *\r\n* VIKLYSFLHKXOHHTOFOREWHCYHLPIMTPNDOUTGCDPEMRVDFMHKMIVQCDOGLEMDWZOVJKSMAIDLCZJPGVCZIYZLTXBLFNUYRLIMDAT *\r\n* UUJEEKNCTYZQBNVYZDBMJHHNNETRRWMGBIENOVGJJYRHNDWEPJNAYHKMMWRAQWLWMTOTIHJEXSCLQZA                      *\r\n* IPBHJMIUXSBSEGSNNUUUPDWHAJCFEZWNVHRAU                                                                *\r\n* NALUVPGRZRAPYV                                                                                       *\r\n* GUETUHAJCQYVOWWORSJG                                                                                 *\r\n* JUHGAIJLFOAAHPNNHAVNRIDXUSUDCIXOOKXZXNTYQXXCXUGGJBKRNTDAQJLIOGJWQMMWSNPTHWWUKBA                      *\r\n* MNUBYFAVHWINBLKKOBLLIJOVLQKRWIPPJMVAMHXKLQPWEBRWLMGJQPQDZYQIVJYYGTEPPKYGEAZRUSQJYNFJCGYTVRANRPOBSQP  *\r\n* WCGBOZFPPYJHIGJHEOWZVLUXJKPOLXZDCFNWHEVDBJ                                                           *\r\n* WITEKFHXDUQPLHI                                                                                      *\r\n********************************************************************************************************\r\n&quot;)" methodname="TestWithRandom" classname="Open_Lab_04._14.Tests" runstate="Runnable" seed="1182166110" result="Passed" start-time="2021-12-27 14:18:12Z" end-time="2021-12-27 14:18:12Z" duration="0.005422" asserts="2103" />
            <test-case id="1086" name="TestWithRandom([&quot;JQDSZFFCTNAATSX&quot;, &quot;HYPQGFJEAWJMPBOZMRULFLXCOCRSGWJBSDEJTAXEGZRCVSM&quot;, &quot;YBNCYMGVBMCDNQYDMHTMWEFLTPEGUUHVPZTFJHDGXIIGYTQPBNQOZAUTVCIIHABGFHNNX&quot;, &quot;UFENOOWZNAZOFGDSVPEAKHZVZWHBBRFDSITLJLLGXWOIJSVVDMLYIWINFJOSGUXVUVWWMSJK&quot;, &quot;YCNSRLHBMYOFHU&quot;, ...],&quot;*******************************************************************************************************\r\n* JQDSZFFCTNAATSX                                                                                     *\r\n* HYPQGFJEAWJMPBOZMRULFLXCOCRSGWJBSDEJTAXEGZRCVSM                                                     *\r\n* YBNCYMGVBMCDNQYDMHTMWEFLTPEGUUHVPZTFJHDGXIIGYTQPBNQOZAUTVCIIHABGFHNNX                               *\r\n* UFENOOWZNAZOFGDSVPEAKHZVZWHBBRFDSITLJLLGXWOIJSVVDMLYIWINFJOSGUXVUVWWMSJK                            *\r\n* YCNSRLHBMYOFHU                                                                                      *\r\n* ZGFAXTZDYTNNWYIKDBVKTUUOXGQUVIPNBZXGNIMJYZPZDYLDDOLELJCFLQDQDFHPDALWBCWVOLMUFVLYVMQGXL              *\r\n* SXRUXE                                                                                              *\r\n* GSSZWCMOCBSQQAXHZPEFUQOASSZTYJHYQSFTCGZJLHKOOGUBUPSFTZBPDRGECTQTUTZXVEFTQUTNGALMXYZIR               *\r\n* FRRPPKZV                                                                                            *\r\n* SQRTVHXGQKYPYFNJDFUGEUHCSNI                                                                         *\r\n* FOVTUNBWPGQEASIYSMGLEGLE                                                                            *\r\n* OCXIPBHYRACOFUKEQTXPP                                                                               *\r\n* MLJJFHWCZCQOFLDOAFJGJRGJN                                                                           *\r\n* WGNMOPPIPMZFVABOBZYQOYBCTRGJXVFZWNKQOMNBYXWROUKIEUQGLWEXFKTXIGLUGZIIPLAO                            *\r\n* WRQCKOYHXFCEYOAJNKDSQSSMCKPMCTSTBUOENUVWVPLAIPH                                                     *\r\n* IYBBWWVDZDAZZMFDMJDDZVVSOHXBHSEMCEDDSQXFZLF                                                         *\r\n* UVXIJHNZMELNDIMPYUVGZNXUICLWLXEOPLYSJO                                                              *\r\n* AEFAYSQZJEHGEPYKGYCAHVRNOZXXRKTGJDVCTNYCSDCREQAYRBRUGOKEMSLZVSHYKBX                                 *\r\n* TVQTAA                                                                                              *\r\n* ESZIXZYGQTZZVTQQBBZGZVEHDTYFVK                                                                      *\r\n* TGGGLMJOZXMREKBBICFPRATIIOSFDATKFVFTONFDRNZJMEZWBRQCPVGSMYXXTDLZEBLJFHNVXCXEBKVDOWELKQVKPMHQP       *\r\n* JOBAEKTQRTEVEMXBRBDTIXZZPNGAUS                                                                      *\r\n* X                                                                                                   *\r\n* QTJCBFKKYFKHOMIMNVFMVZ                                                                              *\r\n* OCKQESVYTHPOTOZQVSJJRPSABXOHWUKKQHUZQOGRCGQZYXP                                                     *\r\n* NFKUMPUZKJPGEOCZXFXMTZZGLRGLYSCDIQTRKPXBNVPGZZNNERCTADEOFDIUIIBRHLYOVKPHIWZYJTHMDSGHPIDELELGG       *\r\n* SETXYNAZSTC                                                                                         *\r\n* LDDFFMWWQQCUCYITCRYIAFEVEMUTLEANEUXZAGZZKKLCCZVZFGXAUTUFZIASSCKMPOPHBJTVSZXPTBSFQU                  *\r\n* EHZSLZRZRFGHHZZMNKNYVNBIVVEMYPVCXOGEPWEHJJBQLSQPTPFUDVS                                             *\r\n* GQXPUFBCJEJSTUWRGFPLMKXDFPSJKAZBWPYZZONDIZHHIXVZSOOXGGEVTTJFNSRIFH                                  *\r\n* EWXSRSLDNDPUHTSQWMBVQKCFFFHQQHYCABRDUWXEUCQSDYBMUBVWDMFTTRMMLVNGFNUGCPWZOWANUKCGDUWOLB              *\r\n* OVXJCJLTZPKNQEVKEFVHGLSZJPFIQYYUDOFKFFTPDDAXKWLBHKSJPTSCDXANECCBRPJCYKFYLGECKUPMEDBGGOEJVDHHEGLAA   *\r\n* GUNIDXFTXJPPRIIOJABWVCKAGVCXUFUDBLOUZVADAMQVTGLZYQXLZEEDKMCHUHZSPMNGUOPNZXVIMPGAKDYDIIEXGKKMTTJTNYF *\r\n* SEFKAJMCIWRUGBWQIVJGHQAJDDUFNC                                                                      *\r\n* OJYIGYOCZWCPKTPGSXTKROYZCEVHXOGOFBCKHSQSUSKKFAPPNWCIURCZLZGCCHFKPNJJQFYZHAQZDOTBO                   *\r\n* TAMXTOYCZIMOPNNAUSRGYIYDBT                                                                          *\r\n* DWW                                                                                                 *\r\n* ENWNEXRUUKOGQMTLDLDUB                                                                               *\r\n* IILCJWZNUGDDIATZJCCYWVKBHQIIXSTCDUFNCBO                                                             *\r\n* UHQHDNDSRECARDNMXJUSNRQCNAZOVFWHOGEPFCYUMQQSPTKAGSQTGVHCQNUCOPXMHVLKZXGUKAFXBXMTQZHC                *\r\n* DASYBZRIWGXSDLUHZAJMVIGQKASBAMOIVXEVTLXYPMOUIEXMSMQYYQTUUCO                                         *\r\n* GPI                                                                                                 *\r\n* ROXGGZONDKWJULHFDGJNVQKFDKAQXWSZDEDUHRF                                                             *\r\n* YCUNTKZIUJXZGUOADSCVYXQGSWFQHNYMAQPSVWLTLSWOZSTJPCQOOKUBMOVWFJAHKLZPFVFH                            *\r\n* JKGACHZDVAFXJXQWOGHBONBRPDOT                                                                        *\r\n* EUXJHEZOAKHWSJ                                                                                      *\r\n* VJBNITROXGSVIOLYSGARFHOBTQINWAFVESVF                                                                *\r\n* AKKNFZCP                                                                                            *\r\n* QZOLOPSRDOVAUSLDSXAWRQSGWSWPEZHLLK                                                                  *\r\n* IY                                                                                                  *\r\n* LPDMPHJBGSZJNCCTRAGIOWTCNDGKOJRCEGMLSEBLXVLE                                                        *\r\n* UMFJSTZBQXPWAZLBZNXAWFGQQAMZVLTKPLSRABVQRANJWPRFPJXHNDTPFPSSGAGFD                                   *\r\n* GPGUAXSHIWRXTBIHJL                                                                                  *\r\n* MWLRDLLIDKRUIGRICZUJAOGVXYIWRJYQUSRHVXCIPPPXQBIRBSF                                                 *\r\n* OCNXQPUEDPRTLAZPOKNFWMTKZJEWPRUYD                                                                   *\r\n* CSFURFDYFAXVLQCTCRFAMCICXGLXPLUSQVYHKUSHCXGTNEYOTWODSDDZJDWLUF                                      *\r\n* TFEFPSUIIYXXOWPPTHXDSXRAMRYYGXHNXOMN                                                                *\r\n* YIVZNGEVFPCTODDWBQWNESXTWCKRJAZJ                                                                    *\r\n* GUZBEFQ                                                                                             *\r\n* EHCVESTDRWYPZDFKCCLVNLFPSRHIEVWKGAZLVXSJQNSDBUBDOOZ                                                 *\r\n* UVATCNCM                                                                                            *\r\n* LZVANJZDUPFKBEZSBNYQETPWUQLAGIHUFYFNWDNKCZU                                                         *\r\n* URSQABBZEWHRKZFWYYXLHKFDYLVXZONEZQBDYUZEHIQIRODXXRLDCIRJLOROFDZPJCRTXCYEYSDZUWMKIYZICJCRYSRJDLZEI   *\r\n* Z                                                                                                   *\r\n* XJZVTHFJERPPCHGHEQNZAAUFLOANTZRUWXMYZEPUESMHDCHVESARMAOXO                                           *\r\n* KEGRQFAUSEUIHABSVHNNCJHFJBZZHWJPJGTKNMCHGIJCAVKAQUEGJBRBXBIPFBNVVFYBGQEIEGG                         *\r\n* ZFENQZJNRCGIOSNMENBFVNGVXITZPWCDUXBSWUYGRAETZQMNDSDREAYLYJQHFJXVADORQUPKPVNVJ                       *\r\n* WGVGVXSKYTYQTNDQAICITWBVXICTBINDBLMJLZNACPEUSZBCGYV                                                 *\r\n*******************************************************************************************************\r\n&quot;)" fullname="Open_Lab_04._14.Tests.TestWithRandom([&quot;JQDSZFFCTNAATSX&quot;, &quot;HYPQGFJEAWJMPBOZMRULFLXCOCRSGWJBSDEJTAXEGZRCVSM&quot;, &quot;YBNCYMGVBMCDNQYDMHTMWEFLTPEGUUHVPZTFJHDGXIIGYTQPBNQOZAUTVCIIHABGFHNNX&quot;, &quot;UFENOOWZNAZOFGDSVPEAKHZVZWHBBRFDSITLJLLGXWOIJSVVDMLYIWINFJOSGUXVUVWWMSJK&quot;, &quot;YCNSRLHBMYOFHU&quot;, ...],&quot;*******************************************************************************************************\r\n* JQDSZFFCTNAATSX                                                                                     *\r\n* HYPQGFJEAWJMPBOZMRULFLXCOCRSGWJBSDEJTAXEGZRCVSM                                                     *\r\n* YBNCYMGVBMCDNQYDMHTMWEFLTPEGUUHVPZTFJHDGXIIGYTQPBNQOZAUTVCIIHABGFHNNX                               *\r\n* UFENOOWZNAZOFGDSVPEAKHZVZWHBBRFDSITLJLLGXWOIJSVVDMLYIWINFJOSGUXVUVWWMSJK                            *\r\n* YCNSRLHBMYOFHU                                                                                      *\r\n* ZGFAXTZDYTNNWYIKDBVKTUUOXGQUVIPNBZXGNIMJYZPZDYLDDOLELJCFLQDQDFHPDALWBCWVOLMUFVLYVMQGXL              *\r\n* SXRUXE                                                                                              *\r\n* GSSZWCMOCBSQQAXHZPEFUQOASSZTYJHYQSFTCGZJLHKOOGUBUPSFTZBPDRGECTQTUTZXVEFTQUTNGALMXYZIR               *\r\n* FRRPPKZV                                                                                            *\r\n* SQRTVHXGQKYPYFNJDFUGEUHCSNI                                                                         *\r\n* FOVTUNBWPGQEASIYSMGLEGLE                                                                            *\r\n* OCXIPBHYRACOFUKEQTXPP                                                                               *\r\n* MLJJFHWCZCQOFLDOAFJGJRGJN                                                                           *\r\n* WGNMOPPIPMZFVABOBZYQOYBCTRGJXVFZWNKQOMNBYXWROUKIEUQGLWEXFKTXIGLUGZIIPLAO                            *\r\n* WRQCKOYHXFCEYOAJNKDSQSSMCKPMCTSTBUOENUVWVPLAIPH                                                     *\r\n* IYBBWWVDZDAZZMFDMJDDZVVSOHXBHSEMCEDDSQXFZLF                                                         *\r\n* UVXIJHNZMELNDIMPYUVGZNXUICLWLXEOPLYSJO                                                              *\r\n* AEFAYSQZJEHGEPYKGYCAHVRNOZXXRKTGJDVCTNYCSDCREQAYRBRUGOKEMSLZVSHYKBX                                 *\r\n* TVQTAA                                                                                              *\r\n* ESZIXZYGQTZZVTQQBBZGZVEHDTYFVK                                                                      *\r\n* TGGGLMJOZXMREKBBICFPRATIIOSFDATKFVFTONFDRNZJMEZWBRQCPVGSMYXXTDLZEBLJFHNVXCXEBKVDOWELKQVKPMHQP       *\r\n* JOBAEKTQRTEVEMXBRBDTIXZZPNGAUS                                                                      *\r\n* X                                                                                                   *\r\n* QTJCBFKKYFKHOMIMNVFMVZ                                                                              *\r\n* OCKQESVYTHPOTOZQVSJJRPSABXOHWUKKQHUZQOGRCGQZYXP                                                     *\r\n* NFKUMPUZKJPGEOCZXFXMTZZGLRGLYSCDIQTRKPXBNVPGZZNNERCTADEOFDIUIIBRHLYOVKPHIWZYJTHMDSGHPIDELELGG       *\r\n* SETXYNAZSTC                                                                                         *\r\n* LDDFFMWWQQCUCYITCRYIAFEVEMUTLEANEUXZAGZZKKLCCZVZFGXAUTUFZIASSCKMPOPHBJTVSZXPTBSFQU                  *\r\n* EHZSLZRZRFGHHZZMNKNYVNBIVVEMYPVCXOGEPWEHJJBQLSQPTPFUDVS                                             *\r\n* GQXPUFBCJEJSTUWRGFPLMKXDFPSJKAZBWPYZZONDIZHHIXVZSOOXGGEVTTJFNSRIFH                                  *\r\n* EWXSRSLDNDPUHTSQWMBVQKCFFFHQQHYCABRDUWXEUCQSDYBMUBVWDMFTTRMMLVNGFNUGCPWZOWANUKCGDUWOLB              *\r\n* OVXJCJLTZPKNQEVKEFVHGLSZJPFIQYYUDOFKFFTPDDAXKWLBHKSJPTSCDXANECCBRPJCYKFYLGECKUPMEDBGGOEJVDHHEGLAA   *\r\n* GUNIDXFTXJPPRIIOJABWVCKAGVCXUFUDBLOUZVADAMQVTGLZYQXLZEEDKMCHUHZSPMNGUOPNZXVIMPGAKDYDIIEXGKKMTTJTNYF *\r\n* SEFKAJMCIWRUGBWQIVJGHQAJDDUFNC                                                                      *\r\n* OJYIGYOCZWCPKTPGSXTKROYZCEVHXOGOFBCKHSQSUSKKFAPPNWCIURCZLZGCCHFKPNJJQFYZHAQZDOTBO                   *\r\n* TAMXTOYCZIMOPNNAUSRGYIYDBT                                                                          *\r\n* DWW                                                                                                 *\r\n* ENWNEXRUUKOGQMTLDLDUB                                                                               *\r\n* IILCJWZNUGDDIATZJCCYWVKBHQIIXSTCDUFNCBO                                                             *\r\n* UHQHDNDSRECARDNMXJUSNRQCNAZOVFWHOGEPFCYUMQQSPTKAGSQTGVHCQNUCOPXMHVLKZXGUKAFXBXMTQZHC                *\r\n* DASYBZRIWGXSDLUHZAJMVIGQKASBAMOIVXEVTLXYPMOUIEXMSMQYYQTUUCO                                         *\r\n* GPI                                                                                                 *\r\n* ROXGGZONDKWJULHFDGJNVQKFDKAQXWSZDEDUHRF                                                             *\r\n* YCUNTKZIUJXZGUOADSCVYXQGSWFQHNYMAQPSVWLTLSWOZSTJPCQOOKUBMOVWFJAHKLZPFVFH                            *\r\n* JKGACHZDVAFXJXQWOGHBONBRPDOT                                                                        *\r\n* EUXJHEZOAKHWSJ                                                                                      *\r\n* VJBNITROXGSVIOLYSGARFHOBTQINWAFVESVF                                                                *\r\n* AKKNFZCP                                                                                            *\r\n* QZOLOPSRDOVAUSLDSXAWRQSGWSWPEZHLLK                                                                  *\r\n* IY                                                                                                  *\r\n* LPDMPHJBGSZJNCCTRAGIOWTCNDGKOJRCEGMLSEBLXVLE                                                        *\r\n* UMFJSTZBQXPWAZLBZNXAWFGQQAMZVLTKPLSRABVQRANJWPRFPJXHNDTPFPSSGAGFD                                   *\r\n* GPGUAXSHIWRXTBIHJL                                                                                  *\r\n* MWLRDLLIDKRUIGRICZUJAOGVXYIWRJYQUSRHVXCIPPPXQBIRBSF                                                 *\r\n* OCNXQPUEDPRTLAZPOKNFWMTKZJEWPRUYD                                                                   *\r\n* CSFURFDYFAXVLQCTCRFAMCICXGLXPLUSQVYHKUSHCXGTNEYOTWODSDDZJDWLUF                                      *\r\n* TFEFPSUIIYXXOWPPTHXDSXRAMRYYGXHNXOMN                                                                *\r\n* YIVZNGEVFPCTODDWBQWNESXTWCKRJAZJ                                                                    *\r\n* GUZBEFQ                                                                                             *\r\n* EHCVESTDRWYPZDFKCCLVNLFPSRHIEVWKGAZLVXSJQNSDBUBDOOZ                                                 *\r\n* UVATCNCM                                                                                            *\r\n* LZVANJZDUPFKBEZSBNYQETPWUQLAGIHUFYFNWDNKCZU                                                         *\r\n* URSQABBZEWHRKZFWYYXLHKFDYLVXZONEZQBDYUZEHIQIRODXXRLDCIRJLOROFDZPJCRTXCYEYSDZUWMKIYZICJCRYSRJDLZEI   *\r\n* Z                                                                                                   *\r\n* XJZVTHFJERPPCHGHEQNZAAUFLOANTZRUWXMYZEPUESMHDCHVESARMAOXO                                           *\r\n* KEGRQFAUSEUIHABSVHNNCJHFJBZZHWJPJGTKNMCHGIJCAVKAQUEGJBRBXBIPFBNVVFYBGQEIEGG                         *\r\n* ZFENQZJNRCGIOSNMENBFVNGVXITZPWCDUXBSWUYGRAETZQMNDSDREAYLYJQHFJXVADORQUPKPVNVJ                       *\r\n* WGVGVXSKYTYQTNDQAICITWBVXICTBINDBLMJLZNACPEUSZBCGYV                                                 *\r\n*******************************************************************************************************\r\n&quot;)" methodname="TestWithRandom" classname="Open_Lab_04._14.Tests" runstate="Runnable" seed="1435330084" result="Passed" start-time="2021-12-27 14:18:12Z" end-time="2021-12-27 14:18:12Z" duration="0.013705" asserts="7283" />
            <test-case id="1087" name="TestWithRandom([&quot;AUAEAIMUZJPGUPIATEAUBGDRHCXHAMCNHKARMELQBFCGOOXKSBMUULRUQIXYLEUMGCYKOQOPT&quot;, &quot;TVEXCSEMOYAISWTGBEHMFWLPZMPNVCNXBKRVPSF&quot;, &quot;TYQVMYJCQIPJIGEXKOXQ&quot;, &quot;QQMLCGIEXQIYB&quot;, &quot;GGPDBCNWNMDPVFULBUPBDHDJKRAXTSGLGNXQVLWNQTDZIMLCJLONJAPZCFTKCPDUFSJHHDQQYB&quot;, ...],&quot;**********************************************************************************************\r\n* AUAEAIMUZJPGUPIATEAUBGDRHCXHAMCNHKARMELQBFCGOOXKSBMUULRUQIXYLEUMGCYKOQOPT                  *\r\n* TVEXCSEMOYAISWTGBEHMFWLPZMPNVCNXBKRVPSF                                                    *\r\n* TYQVMYJCQIPJIGEXKOXQ                                                                       *\r\n* QQMLCGIEXQIYB                                                                              *\r\n* GGPDBCNWNMDPVFULBUPBDHDJKRAXTSGLGNXQVLWNQTDZIMLCJLONJAPZCFTKCPDUFSJHHDQQYB                 *\r\n* JDDBXFYOHDTBFXYOPSMLBQJTQDDUFVYPIOGVYDVEEAVQM                                              *\r\n* DKIPAYMQKTUJLTBDIMFDTRRDPLWHHAVSGYZTMPVZDSDMAOSCDARJLJYLTFAOCFIKYC                         *\r\n* MTIRSQFAANEDA                                                                              *\r\n* UEGILGXANAGPHXYJTOXLFIUJZSFIXYOCAUIACBMVFLFHKDJHCRTPFONLJWJTAODPLEPMPXHRCCGT               *\r\n* NZVJYGFEZXL                                                                                *\r\n* WRFSTUQIQWFNXRFKCMCIUIWXNK                                                                 *\r\n* IXLLHEFTFBZ                                                                                *\r\n* HPLMQTILGBVCMUDMNVIEISIKEKYJRYZJCDVTI                                                      *\r\n* FDEYWHCJZNATFJSUAPGBHFUYUHBMZJYKERPEAKVBHVLLIYTQQHCGMHOAIGDPGQJPOQOOTOUQUFTLTJQWOKVSHSX    *\r\n* CPWTGGVRMWXSJEWCNLMHNCGZQHBVUQIVSRLDSAJOKCZXMXNJOTFVGQJZJWDZEAWVNBZRSSKMCXXKDIMSTRGALNPCHM *\r\n* VWJJJFDKLYVQVJSTITYWBJLGNTWKAMXJGYOPSONFAXBTXBKQTUGIIQSLLDVQJTKZBMJXUDATGTVDIR             *\r\n* MIFQGFOAQGDDOTWWHNCSLRNVPTMBPUODT                                                          *\r\n* JIDCDTMLTQRZLAKXOQFZWUUJAMSMLWRAKTJOSFJIFAYWEQHMRRGYXUYONUBRAAZXZRPSRWFJGWUWWXFKFGU        *\r\n* PTCPUUAXDSHEAAXMBPVVMXRAACRQPQLUFFHFOZYWVHFNPPVVZSJQLZHSBCPSDKIMHNZUTSXBRYZF               *\r\n* ELKGVQWHVIFYODMJFTLYSGBPBCHUHYMZCBXRELHTMFLETVEOLRLFNGYYJVFTJBAWWGWN                       *\r\n* VFULSMNVXWFXSJPNGMVCYHJFNK                                                                 *\r\n* EOINZRIQMQTVULDMZAWQRKJPTBLHNWOYHAJHOIFGKTD                                                *\r\n**********************************************************************************************\r\n&quot;)" fullname="Open_Lab_04._14.Tests.TestWithRandom([&quot;AUAEAIMUZJPGUPIATEAUBGDRHCXHAMCNHKARMELQBFCGOOXKSBMUULRUQIXYLEUMGCYKOQOPT&quot;, &quot;TVEXCSEMOYAISWTGBEHMFWLPZMPNVCNXBKRVPSF&quot;, &quot;TYQVMYJCQIPJIGEXKOXQ&quot;, &quot;QQMLCGIEXQIYB&quot;, &quot;GGPDBCNWNMDPVFULBUPBDHDJKRAXTSGLGNXQVLWNQTDZIMLCJLONJAPZCFTKCPDUFSJHHDQQYB&quot;, ...],&quot;**********************************************************************************************\r\n* AUAEAIMUZJPGUPIATEAUBGDRHCXHAMCNHKARMELQBFCGOOXKSBMUULRUQIXYLEUMGCYKOQOPT                  *\r\n* TVEXCSEMOYAISWTGBEHMFWLPZMPNVCNXBKRVPSF                                                    *\r\n* TYQVMYJCQIPJIGEXKOXQ                                                                       *\r\n* QQMLCGIEXQIYB                                                                              *\r\n* GGPDBCNWNMDPVFULBUPBDHDJKRAXTSGLGNXQVLWNQTDZIMLCJLONJAPZCFTKCPDUFSJHHDQQYB                 *\r\n* JDDBXFYOHDTBFXYOPSMLBQJTQDDUFVYPIOGVYDVEEAVQM                                              *\r\n* DKIPAYMQKTUJLTBDIMFDTRRDPLWHHAVSGYZTMPVZDSDMAOSCDARJLJYLTFAOCFIKYC                         *\r\n* MTIRSQFAANEDA                                                                              *\r\n* UEGILGXANAGPHXYJTOXLFIUJZSFIXYOCAUIACBMVFLFHKDJHCRTPFONLJWJTAODPLEPMPXHRCCGT               *\r\n* NZVJYGFEZXL                                                                                *\r\n* WRFSTUQIQWFNXRFKCMCIUIWXNK                                                                 *\r\n* IXLLHEFTFBZ                                                                                *\r\n* HPLMQTILGBVCMUDMNVIEISIKEKYJRYZJCDVTI                                                      *\r\n* FDEYWHCJZNATFJSUAPGBHFUYUHBMZJYKERPEAKVBHVLLIYTQQHCGMHOAIGDPGQJPOQOOTOUQUFTLTJQWOKVSHSX    *\r\n* CPWTGGVRMWXSJEWCNLMHNCGZQHBVUQIVSRLDSAJOKCZXMXNJOTFVGQJZJWDZEAWVNBZRSSKMCXXKDIMSTRGALNPCHM *\r\n* VWJJJFDKLYVQVJSTITYWBJLGNTWKAMXJGYOPSONFAXBTXBKQTUGIIQSLLDVQJTKZBMJXUDATGTVDIR             *\r\n* MIFQGFOAQGDDOTWWHNCSLRNVPTMBPUODT                                                          *\r\n* JIDCDTMLTQRZLAKXOQFZWUUJAMSMLWRAKTJOSFJIFAYWEQHMRRGYXUYONUBRAAZXZRPSRWFJGWUWWXFKFGU        *\r\n* PTCPUUAXDSHEAAXMBPVVMXRAACRQPQLUFFHFOZYWVHFNPPVVZSJQLZHSBCPSDKIMHNZUTSXBRYZF               *\r\n* ELKGVQWHVIFYODMJFTLYSGBPBCHUHYMZCBXRELHTMFLETVEOLRLFNGYYJVFTJBAWWGWN                       *\r\n* VFULSMNVXWFXSJPNGMVCYHJFNK                                                                 *\r\n* EOINZRIQMQTVULDMZAWQRKJPTBLHNWOYHAJHOIFGKTD                                                *\r\n**********************************************************************************************\r\n&quot;)" methodname="TestWithRandom" classname="Open_Lab_04._14.Tests" runstate="Runnable" seed="435911507" result="Passed" start-time="2021-12-27 14:18:12Z" end-time="2021-12-27 14:18:12Z" duration="0.003855" asserts="2283" />
            <test-case id="1088" name="TestWithRandom([&quot;QBQVVJFRUTTFSTYFACQCVOTCVXQUQGYHMCDZUMSMJGNHPCWOHAJ&quot;, &quot;MURCHOZXTKBNULSQQYKOJESOBLMTBCMPWHURKASGMVTZFZMDJFYJPVHICCBVBFWQXL&quot;, &quot;NRBGPFEBOLTJBZJKWECZAZMOIZWEGYCBTHZMHZIEKTTXITZWSUAMULQNENXQJAVPISPUZ&quot;, &quot;DWWYOHGOFOZALLYPGIQLHUBRUKYEOQEFWWRDQVWJHQHJQJPJQTLHDOPJVEEEICAPKUDPUVZKLGDRMRBLVONVFXBH&quot;, &quot;IHMRSAFQSZVFZPUUAWWKXWDCSIUO&quot;, ...],&quot;********************************************************************************************************\r\n* QBQVVJFRUTTFSTYFACQCVOTCVXQUQGYHMCDZUMSMJGNHPCWOHAJ                                                  *\r\n* MURCHOZXTKBNULSQQYKOJESOBLMTBCMPWHURKASGMVTZFZMDJFYJPVHICCBVBFWQXL                                   *\r\n* NRBGPFEBOLTJBZJKWECZAZMOIZWEGYCBTHZMHZIEKTTXITZWSUAMULQNENXQJAVPISPUZ                                *\r\n* DWWYOHGOFOZALLYPGIQLHUBRUKYEOQEFWWRDQVWJHQHJQJPJQTLHDOPJVEEEICAPKUDPUVZKLGDRMRBLVONVFXBH             *\r\n* IHMRSAFQSZVFZPUUAWWKXWDCSIUO                                                                         *\r\n* JNSVIMNMTSFYBUSFGVY                                                                                  *\r\n* BEBEXJLEJZJGQLILDKRDGHHDRMWBKXMNVWDFLNYYAJDTIZHQMGCVEVLTWXNKNJTMNWLUHCZP                             *\r\n* SCXDOUSEGPDUQIZKJIOANLQQRGMNNIJGMKLSOPICVGHUPR                                                       *\r\n* NLKXULPYGLGMHIERXFWIGWHVTZLEHEWBZJYCDKPVXMEGIDBURPJOSJQREOEUZKQCPFMXKBNMPBKURANQYRMSUHIQ             *\r\n* GYPGVVMVCRDQDJQBWYRYWZDANVIYYHHWWEDCYGUGXYPIKAVHWQYJRRXHVOTAMOXVKGTZGNCQEKBX                         *\r\n* UQNAABHJYEEGVHKNTTJBUYDGVBJNHEGQZXAYGAM                                                              *\r\n* PLMBPSKFSDKRRWPVMGEYSTBTYNHYHMGTGWLIMCQCRDVETOZDIE                                                   *\r\n* ZVNUVKSDCLMYGWRLVKHJJPBHOYXZJODPCAHXTBQXUYORFF                                                       *\r\n* HCDDSAVBJTFFWNSUNHWWFOTRTUJOLBKCJKPWFKLPGYYDNWTKBEAJIIISJ                                            *\r\n* KXRGQIJDWMXWODWHPHQPEXBYNHABTABXNTZNXZIQUJZGNF                                                       *\r\n* XNBTBCUHNWSTJHIJVLAIVDIJPZAUUXUKHRDNSHZUSMMQEFYIMZEVNWUUERDC                                         *\r\n* ZMPCHMR                                                                                              *\r\n* UROLFQIQSEJARIUTYX                                                                                   *\r\n* XIJADXTSZXOWTHERHPKHGLDMMTBKRRVDKBUVKRKNMXJ                                                          *\r\n* DIQTNQNDNPFLFXNJVIBHBKMSMIGQEXVICKIEDIWAERQUWIQNEARDWBRTVXGEJWYQUWJUOIGMLA                           *\r\n* JUSWESTLDFSLB                                                                                        *\r\n* PIFCSRHSZAZZVZVUFRWXHYDACLQKVLBLHBYZAKTIVQVRXEXUPJZBODLQFFZGAWXNYNRTAWUUXN                           *\r\n* QDLDYOWVLL                                                                                           *\r\n* WE                                                                                                   *\r\n* HUVLNHYSHTJMDTTPFDBBUNTBBREBMBYQNDSBYJKFEYVSTLLCBWGWVDVUBTJVDWG                                      *\r\n* UTZZBSQWSVXWRAIQGBAPVBU                                                                              *\r\n* HYZFZPCHRPXALLBIGJDAGZCBLTOBVRKTYPSCTKX                                                              *\r\n* SPECCIEVASIMXU                                                                                       *\r\n* IVYTGAALAFEBVTY                                                                                      *\r\n* VMAHQUAYDOTBDIXVDLJGURQCRDEWYGJCBDNZXMNOVAQRHZIRHIXKJRUEVXP                                          *\r\n* PDZWFRAAVYXRYVLUAZVSVNPPIYSJIIEZXAYRATMQZIWJLGLOGA                                                   *\r\n* WCXRCOKOGYRRMTXT                                                                                     *\r\n* XTUHMFTMQFEBNECIEHXAIVDPFFRIRJPNNNRMFWJXEELIFMTUOIILATPBQECGNKVGQROANPCHYAWEJUJSMWTIBDMTXPWBUC       *\r\n* TIFSOXSHYGANAXKRVUJTRQNFMEVCXSBMVQCW                                                                 *\r\n* BVVTOVCAPMWNYBGLIRC                                                                                  *\r\n* ZGJCQKFFNSJUOMTZNACVLEWSZOYRUBMZABFVLTDEPWNXDBYMHHXIPGJVJRDBLNKMFKUNHYOUWYGORYOXQ                    *\r\n* KNDEKTRKLTPBSBMBSTGLFITCLQZUDKCFLZDXIBABVXMUEVFF                                                     *\r\n* QGVRFHCUAS                                                                                           *\r\n* TXGBQKQTYOSRSFPHWYXQLUSNEHNGSBDHJGHYQLEUFMHNXOCLPZFVDBHZFSWJWJAXLLIMYRRKTDK                          *\r\n* MEPQECQSVHEHYHSXPVXVLKCMGQNXIVCZQIMBCGEUSIBDGANQYTVYFPNCBDJNOTKAFEQPURVJQDCDIZFFDWYPZDUBVJZZWRFZX    *\r\n* XCKXVHYM                                                                                             *\r\n* CMKUBYDKSUVACKOULSVMYXDFGBDVFARRNU                                                                   *\r\n* OKPXBSGNECBVRVDKPCZJEJEOAUIERDDNHSAJVUUTSKYDEGLZCPCONKNEFAXGKCVBYONZV                                *\r\n* OUIGRTLBJUJJBBAPZWFVDUWNJPOWEQSLEJAHGHSTTERDWBATAJOQTZPUXUWBFOXSBXESATISDMC                          *\r\n* DTQIPVWUCBSFTGJLKROEGYBZWHSHAVNHXQQEDOMJSCPAFZYUJWHMXXTERRLHCPUHOKIDPFIWEEMDIBTXIYXENAJZXMMMCEHCIIM  *\r\n* RVEEOLITLPVQYOYDRQTNAIGDSVUZWJVAPYGNUTPCSPNHRWNOFELSOYUIOALSRIWBTVBAILIYARVKUYMWHF                   *\r\n* SYDLQDXYTIWKJTMOVVNFUVMRWCJNQOOLLOEDQJKWKMPQEGMRIKQBTZZXLLOOUJIFTLZVOIXMKRVIF                        *\r\n* NQQRFGYNRLPHSFUVCBEKWSHQDAMEQCERROXYYCECGGUOGHPSRPPTDVAUIZOETUWOGXPEHWXAWCDQYSKVLUMBNLNVN            *\r\n* PYNAIMJFHIRK                                                                                         *\r\n* VRPXBSKWPOSTZHVBVKUQEGYMWTQHSLCEAJRJXNLDDG                                                           *\r\n* JUGIFNDMXXUGOSCAICCDEMOTQQLDHZRNXGORPKLTOYEHFCCQVNDBACUWGNSOCAEYGHIHDKLXQJOGIHNNOUIUVPMVLRLCSWROTFBY *\r\n* UMKBGKRNOOYAEAHRKDQUNWLYIEUSAMDGOTUHYSPFVHXDMCOWJXJBKDHYBLTCQYNCKSLLGZTROKZGZIM                      *\r\n* PXICDBVKMVGMZMPWTUSUQDQKERN                                                                          *\r\n* DAZSZMMSQLZJXAYKSGSBVDMEPSQMHYYLOVHLWOMNAWGIVJWQEGRXZMDAOUDHWZLSMNVBTNNETFAZXEJFVZHBGAMBSGXBKFQALOV  *\r\n* OVWRSNDTLECJLYMWSJLLBTJMQLUO                                                                         *\r\n* ANJJCQZDQJTXSQNDOQMTUIBCJFVMKAGSPFLQTZJHMTBASOICVICVHVURM                                            *\r\n* AWUNTPCAINEWKOGFGBGAKUXSQB                                                                           *\r\n* KLTKTDMZNMZZLYRGUYYYNOCPSKMWFYCWRQRPOCKSXPTSGBUCSOCURCLVJESJRQUOKCIVGCRRNFBXVJIRPJDQVHEPFVFKKBBG     *\r\n* FIDTZVQXLHLANAZWBTINDSCYSPKWHGLEVCPBEXPNMTKASORVGNJISSRMFFAJLTPEVHFLLYRDDUAKHBFEYP                   *\r\n* TXCLCLDVZWFCTDGFLIGKIWGFYSHFEAWLWDVGSVDAHCSGXSHGAWTVSFIXQXNKDXRZ                                     *\r\n* U                                                                                                    *\r\n* PHAMQFGCFEAHGKAEHGBTRUY                                                                              *\r\n* UITWJLTGCMRYAJDPLDDTQQGZDTJSYBOVIKSIMKSTKTETTBDYCMHNRFZEBTSQCA                                       *\r\n* BXWPQRVDBKJIWLMFBPLQMTADDKNGSRB                                                                      *\r\n* KLCWXLNGGIFDHXCSONQAQKVHXSMFEOLKIRYKIQIQCFJDOXVFIUSEABAZQUZEYHCSXUUP                                 *\r\n* RKXFAYLASTZWHXJVGKHRYUNRERUCRFTDFGQKVZZCPZXBZHRKSWRKMYAWWFAJDIIMZWQAGYAHKFBYXMSWZKJVOIQHGUOPYPYGQ    *\r\n* BCRRDUVJZHXBZJNEKTZNXQFJUMKKJVGVIMKPEIGPZFJ                                                          *\r\n* JEUECTFFHCNKXHWRJLAEBCTNZXZCNJOSHWZQ                                                                 *\r\n* GHPQANFZASXLOGNEEHHKHFFUCSYOUCAHGADDLOAOOOYFCQYDANDOSFJBCVNIPQEXRPEO                                 *\r\n* KTPHSWTGZRMT                                                                                         *\r\n* NGZMPBQCAPBRZXJBNMLKAPUNHZIQUCDBPUDYYFZDXBJDOPTYJFMEAIUXMLEQSZHYMACFULDINIMZGQZSF                    *\r\n* GPQYBGZFLMAJLYTLRNMOEYBDRRWVRWLMKISRHOZ                                                              *\r\n* FOZQHEXOFUYLFRFINMGJKDNPBOYCFBDDORIPYLVNTHQWXZGTDJDVHPLCAKPTFUJDRVXOIPKCQTPCNRRBHFZV                 *\r\n* IWYFGOOVCHZYNFCCSKNZBENAIPJSOLAVNFIYYIBAVGOLQEZLPZOUMVWEIYXREVHRHDLHXDDKJMDUQBJEPYDOWGJRIEQAL        *\r\n* VAYWEMSSOLWELZRBOGOSCGRTUBUTYSNCZYQDWTXWL                                                            *\r\n* JSSSUJZHPJMSIPIFCCSZTVYTFMIOFUJRHFXZACGLTRDDQHQBUQQVELDNTZMIALBUAUKCRIFAWHGBSUCYVHTOEOMVB            *\r\n* GBPXKIPIDWWNJMLPYXFCVZWOMTRNQMHPBICE                                                                 *\r\n* YWYLKRGBIXHDOPPQZNGEALRQCRQOHMBJHEAAHQKIPMEV                                                         *\r\n* KBXSYBUVZKNFHJSASUVWYVKOOJJDYONGVHRPT                                                                *\r\n* IKGNHTNVZGRIXSIZLORIDPSRXKWGJARDGVMLQKOQBTJCLQRVYWWDYLSSROQWXHLZOOBBGXJAABGKFPGHTAHNDO               *\r\n* UDTTBTRTUHKNWOPPBMVD                                                                                 *\r\n* FHNBIJCWZXVAJHYMDHGIIMDVCKSELFAILIPWGRTKPXUJONMGRCYEOVOTERZXQYKTWNPBRCGMOWTLRTHPXLMIHVT              *\r\n* UWRORVTQMBMAXLPPWLQSBDCKJKAELCLBUZGVKRUTCCYPGGRMWXLWFAORUHFGVO                                       *\r\n* JPLGYETFERWQYEMDC                                                                                    *\r\n* NIOQPVTLPADMNYNYPAVASICSHEJKPNIDCNHGPSZQNNOSCSDXCAPMICAEFWJLLIVCSZJAQGIWAENF                         *\r\n* KQOALHOXWUAMDBTJOEERLACIDHVRSLDPVKVGUKZAGEWEJNNFPMLAINIJNGWEMXEKRKQTGNOEEDKGDXY                      *\r\n* UQCGADGIBLSONVOJZLNZWTZCXGVFCBGQHGKVVYKOEISUUARJPBHRKZTARZITHBF                                      *\r\n* FCGGKTOBBZUOBEHXPMQBUOFINKEVQRGDCSPSUKZVMGQKFEZMRKDVKEFQWYTZOTKKSRMIPPDFMUPOXUDIKRDFNLSYNYVVQZHSVGS  *\r\n* SQXCHXIQPQTBVLPWPFWHYOVQTHPNMWTRCPPUUBXQDBIWFUAFKKDQJK                                               *\r\n********************************************************************************************************\r\n&quot;)" fullname="Open_Lab_04._14.Tests.TestWithRandom([&quot;QBQVVJFRUTTFSTYFACQCVOTCVXQUQGYHMCDZUMSMJGNHPCWOHAJ&quot;, &quot;MURCHOZXTKBNULSQQYKOJESOBLMTBCMPWHURKASGMVTZFZMDJFYJPVHICCBVBFWQXL&quot;, &quot;NRBGPFEBOLTJBZJKWECZAZMOIZWEGYCBTHZMHZIEKTTXITZWSUAMULQNENXQJAVPISPUZ&quot;, &quot;DWWYOHGOFOZALLYPGIQLHUBRUKYEOQEFWWRDQVWJHQHJQJPJQTLHDOPJVEEEICAPKUDPUVZKLGDRMRBLVONVFXBH&quot;, &quot;IHMRSAFQSZVFZPUUAWWKXWDCSIUO&quot;, ...],&quot;********************************************************************************************************\r\n* QBQVVJFRUTTFSTYFACQCVOTCVXQUQGYHMCDZUMSMJGNHPCWOHAJ                                                  *\r\n* MURCHOZXTKBNULSQQYKOJESOBLMTBCMPWHURKASGMVTZFZMDJFYJPVHICCBVBFWQXL                                   *\r\n* NRBGPFEBOLTJBZJKWECZAZMOIZWEGYCBTHZMHZIEKTTXITZWSUAMULQNENXQJAVPISPUZ                                *\r\n* DWWYOHGOFOZALLYPGIQLHUBRUKYEOQEFWWRDQVWJHQHJQJPJQTLHDOPJVEEEICAPKUDPUVZKLGDRMRBLVONVFXBH             *\r\n* IHMRSAFQSZVFZPUUAWWKXWDCSIUO                                                                         *\r\n* JNSVIMNMTSFYBUSFGVY                                                                                  *\r\n* BEBEXJLEJZJGQLILDKRDGHHDRMWBKXMNVWDFLNYYAJDTIZHQMGCVEVLTWXNKNJTMNWLUHCZP                             *\r\n* SCXDOUSEGPDUQIZKJIOANLQQRGMNNIJGMKLSOPICVGHUPR                                                       *\r\n* NLKXULPYGLGMHIERXFWIGWHVTZLEHEWBZJYCDKPVXMEGIDBURPJOSJQREOEUZKQCPFMXKBNMPBKURANQYRMSUHIQ             *\r\n* GYPGVVMVCRDQDJQBWYRYWZDANVIYYHHWWEDCYGUGXYPIKAVHWQYJRRXHVOTAMOXVKGTZGNCQEKBX                         *\r\n* UQNAABHJYEEGVHKNTTJBUYDGVBJNHEGQZXAYGAM                                                              *\r\n* PLMBPSKFSDKRRWPVMGEYSTBTYNHYHMGTGWLIMCQCRDVETOZDIE                                                   *\r\n* ZVNUVKSDCLMYGWRLVKHJJPBHOYXZJODPCAHXTBQXUYORFF                                                       *\r\n* HCDDSAVBJTFFWNSUNHWWFOTRTUJOLBKCJKPWFKLPGYYDNWTKBEAJIIISJ                                            *\r\n* KXRGQIJDWMXWODWHPHQPEXBYNHABTABXNTZNXZIQUJZGNF                                                       *\r\n* XNBTBCUHNWSTJHIJVLAIVDIJPZAUUXUKHRDNSHZUSMMQEFYIMZEVNWUUERDC                                         *\r\n* ZMPCHMR                                                                                              *\r\n* UROLFQIQSEJARIUTYX                                                                                   *\r\n* XIJADXTSZXOWTHERHPKHGLDMMTBKRRVDKBUVKRKNMXJ                                                          *\r\n* DIQTNQNDNPFLFXNJVIBHBKMSMIGQEXVICKIEDIWAERQUWIQNEARDWBRTVXGEJWYQUWJUOIGMLA                           *\r\n* JUSWESTLDFSLB                                                                                        *\r\n* PIFCSRHSZAZZVZVUFRWXHYDACLQKVLBLHBYZAKTIVQVRXEXUPJZBODLQFFZGAWXNYNRTAWUUXN                           *\r\n* QDLDYOWVLL                                                                                           *\r\n* WE                                                                                                   *\r\n* HUVLNHYSHTJMDTTPFDBBUNTBBREBMBYQNDSBYJKFEYVSTLLCBWGWVDVUBTJVDWG                                      *\r\n* UTZZBSQWSVXWRAIQGBAPVBU                                                                              *\r\n* HYZFZPCHRPXALLBIGJDAGZCBLTOBVRKTYPSCTKX                                                              *\r\n* SPECCIEVASIMXU                                                                                       *\r\n* IVYTGAALAFEBVTY                                                                                      *\r\n* VMAHQUAYDOTBDIXVDLJGURQCRDEWYGJCBDNZXMNOVAQRHZIRHIXKJRUEVXP                                          *\r\n* PDZWFRAAVYXRYVLUAZVSVNPPIYSJIIEZXAYRATMQZIWJLGLOGA                                                   *\r\n* WCXRCOKOGYRRMTXT                                                                                     *\r\n* XTUHMFTMQFEBNECIEHXAIVDPFFRIRJPNNNRMFWJXEELIFMTUOIILATPBQECGNKVGQROANPCHYAWEJUJSMWTIBDMTXPWBUC       *\r\n* TIFSOXSHYGANAXKRVUJTRQNFMEVCXSBMVQCW                                                                 *\r\n* BVVTOVCAPMWNYBGLIRC                                                                                  *\r\n* ZGJCQKFFNSJUOMTZNACVLEWSZOYRUBMZABFVLTDEPWNXDBYMHHXIPGJVJRDBLNKMFKUNHYOUWYGORYOXQ                    *\r\n* KNDEKTRKLTPBSBMBSTGLFITCLQZUDKCFLZDXIBABVXMUEVFF                                                     *\r\n* QGVRFHCUAS                                                                                           *\r\n* TXGBQKQTYOSRSFPHWYXQLUSNEHNGSBDHJGHYQLEUFMHNXOCLPZFVDBHZFSWJWJAXLLIMYRRKTDK                          *\r\n* MEPQECQSVHEHYHSXPVXVLKCMGQNXIVCZQIMBCGEUSIBDGANQYTVYFPNCBDJNOTKAFEQPURVJQDCDIZFFDWYPZDUBVJZZWRFZX    *\r\n* XCKXVHYM                                                                                             *\r\n* CMKUBYDKSUVACKOULSVMYXDFGBDVFARRNU                                                                   *\r\n* OKPXBSGNECBVRVDKPCZJEJEOAUIERDDNHSAJVUUTSKYDEGLZCPCONKNEFAXGKCVBYONZV                                *\r\n* OUIGRTLBJUJJBBAPZWFVDUWNJPOWEQSLEJAHGHSTTERDWBATAJOQTZPUXUWBFOXSBXESATISDMC                          *\r\n* DTQIPVWUCBSFTGJLKROEGYBZWHSHAVNHXQQEDOMJSCPAFZYUJWHMXXTERRLHCPUHOKIDPFIWEEMDIBTXIYXENAJZXMMMCEHCIIM  *\r\n* RVEEOLITLPVQYOYDRQTNAIGDSVUZWJVAPYGNUTPCSPNHRWNOFELSOYUIOALSRIWBTVBAILIYARVKUYMWHF                   *\r\n* SYDLQDXYTIWKJTMOVVNFUVMRWCJNQOOLLOEDQJKWKMPQEGMRIKQBTZZXLLOOUJIFTLZVOIXMKRVIF                        *\r\n* NQQRFGYNRLPHSFUVCBEKWSHQDAMEQCERROXYYCECGGUOGHPSRPPTDVAUIZOETUWOGXPEHWXAWCDQYSKVLUMBNLNVN            *\r\n* PYNAIMJFHIRK                                                                                         *\r\n* VRPXBSKWPOSTZHVBVKUQEGYMWTQHSLCEAJRJXNLDDG                                                           *\r\n* JUGIFNDMXXUGOSCAICCDEMOTQQLDHZRNXGORPKLTOYEHFCCQVNDBACUWGNSOCAEYGHIHDKLXQJOGIHNNOUIUVPMVLRLCSWROTFBY *\r\n* UMKBGKRNOOYAEAHRKDQUNWLYIEUSAMDGOTUHYSPFVHXDMCOWJXJBKDHYBLTCQYNCKSLLGZTROKZGZIM                      *\r\n* PXICDBVKMVGMZMPWTUSUQDQKERN                                                                          *\r\n* DAZSZMMSQLZJXAYKSGSBVDMEPSQMHYYLOVHLWOMNAWGIVJWQEGRXZMDAOUDHWZLSMNVBTNNETFAZXEJFVZHBGAMBSGXBKFQALOV  *\r\n* OVWRSNDTLECJLYMWSJLLBTJMQLUO                                                                         *\r\n* ANJJCQZDQJTXSQNDOQMTUIBCJFVMKAGSPFLQTZJHMTBASOICVICVHVURM                                            *\r\n* AWUNTPCAINEWKOGFGBGAKUXSQB                                                                           *\r\n* KLTKTDMZNMZZLYRGUYYYNOCPSKMWFYCWRQRPOCKSXPTSGBUCSOCURCLVJESJRQUOKCIVGCRRNFBXVJIRPJDQVHEPFVFKKBBG     *\r\n* FIDTZVQXLHLANAZWBTINDSCYSPKWHGLEVCPBEXPNMTKASORVGNJISSRMFFAJLTPEVHFLLYRDDUAKHBFEYP                   *\r\n* TXCLCLDVZWFCTDGFLIGKIWGFYSHFEAWLWDVGSVDAHCSGXSHGAWTVSFIXQXNKDXRZ                                     *\r\n* U                                                                                                    *\r\n* PHAMQFGCFEAHGKAEHGBTRUY                                                                              *\r\n* UITWJLTGCMRYAJDPLDDTQQGZDTJSYBOVIKSIMKSTKTETTBDYCMHNRFZEBTSQCA                                       *\r\n* BXWPQRVDBKJIWLMFBPLQMTADDKNGSRB                                                                      *\r\n* KLCWXLNGGIFDHXCSONQAQKVHXSMFEOLKIRYKIQIQCFJDOXVFIUSEABAZQUZEYHCSXUUP                                 *\r\n* RKXFAYLASTZWHXJVGKHRYUNRERUCRFTDFGQKVZZCPZXBZHRKSWRKMYAWWFAJDIIMZWQAGYAHKFBYXMSWZKJVOIQHGUOPYPYGQ    *\r\n* BCRRDUVJZHXBZJNEKTZNXQFJUMKKJVGVIMKPEIGPZFJ                                                          *\r\n* JEUECTFFHCNKXHWRJLAEBCTNZXZCNJOSHWZQ                                                                 *\r\n* GHPQANFZASXLOGNEEHHKHFFUCSYOUCAHGADDLOAOOOYFCQYDANDOSFJBCVNIPQEXRPEO                                 *\r\n* KTPHSWTGZRMT                                                                                         *\r\n* NGZMPBQCAPBRZXJBNMLKAPUNHZIQUCDBPUDYYFZDXBJDOPTYJFMEAIUXMLEQSZHYMACFULDINIMZGQZSF                    *\r\n* GPQYBGZFLMAJLYTLRNMOEYBDRRWVRWLMKISRHOZ                                                              *\r\n* FOZQHEXOFUYLFRFINMGJKDNPBOYCFBDDORIPYLVNTHQWXZGTDJDVHPLCAKPTFUJDRVXOIPKCQTPCNRRBHFZV                 *\r\n* IWYFGOOVCHZYNFCCSKNZBENAIPJSOLAVNFIYYIBAVGOLQEZLPZOUMVWEIYXREVHRHDLHXDDKJMDUQBJEPYDOWGJRIEQAL        *\r\n* VAYWEMSSOLWELZRBOGOSCGRTUBUTYSNCZYQDWTXWL                                                            *\r\n* JSSSUJZHPJMSIPIFCCSZTVYTFMIOFUJRHFXZACGLTRDDQHQBUQQVELDNTZMIALBUAUKCRIFAWHGBSUCYVHTOEOMVB            *\r\n* GBPXKIPIDWWNJMLPYXFCVZWOMTRNQMHPBICE                                                                 *\r\n* YWYLKRGBIXHDOPPQZNGEALRQCRQOHMBJHEAAHQKIPMEV                                                         *\r\n* KBXSYBUVZKNFHJSASUVWYVKOOJJDYONGVHRPT                                                                *\r\n* IKGNHTNVZGRIXSIZLORIDPSRXKWGJARDGVMLQKOQBTJCLQRVYWWDYLSSROQWXHLZOOBBGXJAABGKFPGHTAHNDO               *\r\n* UDTTBTRTUHKNWOPPBMVD                                                                                 *\r\n* FHNBIJCWZXVAJHYMDHGIIMDVCKSELFAILIPWGRTKPXUJONMGRCYEOVOTERZXQYKTWNPBRCGMOWTLRTHPXLMIHVT              *\r\n* UWRORVTQMBMAXLPPWLQSBDCKJKAELCLBUZGVKRUTCCYPGGRMWXLWFAORUHFGVO                                       *\r\n* JPLGYETFERWQYEMDC                                                                                    *\r\n* NIOQPVTLPADMNYNYPAVASICSHEJKPNIDCNHGPSZQNNOSCSDXCAPMICAEFWJLLIVCSZJAQGIWAENF                         *\r\n* KQOALHOXWUAMDBTJOEERLACIDHVRSLDPVKVGUKZAGEWEJNNFPMLAINIJNGWEMXEKRKQTGNOEEDKGDXY                      *\r\n* UQCGADGIBLSONVOJZLNZWTZCXGVFCBGQHGKVVYKOEISUUARJPBHRKZTARZITHBF                                      *\r\n* FCGGKTOBBZUOBEHXPMQBUOFINKEVQRGDCSPSUKZVMGQKFEZMRKDVKEFQWYTZOTKKSRMIPPDFMUPOXUDIKRDFNLSYNYVVQZHSVGS  *\r\n* SQXCHXIQPQTBVLPWPFWHYOVQTHPNMWTRCPPUUBXQDBIWFUAFKKDQJK                                               *\r\n********************************************************************************************************\r\n&quot;)" methodname="TestWithRandom" classname="Open_Lab_04._14.Tests" runstate="Runnable" seed="59700396" result="Passed" start-time="2021-12-27 14:18:12Z" end-time="2021-12-27 14:18:12Z" duration="0.019304" asserts="9558" />
            <test-case id="1089" name="TestWithRandom([&quot;VHIAIUDSXBYGVUCOH&quot;, &quot;DXFYKZHJDCSCIRALYNTXHJXP&quot;, &quot;EVUKPHPJDHRYXWJSZRBAUSGGJWPVJYUZPYGDNZNUDTEKIMBQKEIRWPELONATSUZEMSJYPFFADGWBNWXWUYKEQCCZUUOZYTCJUAX&quot;, &quot;DDBEZINQTDXSQEZTJUOJPJEUQGBKDNHNYHTRXGFHPLGQWWJUUJAZLNZTYGOTGD&quot;, &quot;FWKTIKHVDPHUDCOXTXHPTNHCLHZSRRLBLYAUMCAJMNWJESVRKIUW&quot;, ...],&quot;*******************************************************************************************************\r\n* VHIAIUDSXBYGVUCOH                                                                                   *\r\n* DXFYKZHJDCSCIRALYNTXHJXP                                                                            *\r\n* EVUKPHPJDHRYXWJSZRBAUSGGJWPVJYUZPYGDNZNUDTEKIMBQKEIRWPELONATSUZEMSJYPFFADGWBNWXWUYKEQCCZUUOZYTCJUAX *\r\n* DDBEZINQTDXSQEZTJUOJPJEUQGBKDNHNYHTRXGFHPLGQWWJUUJAZLNZTYGOTGD                                      *\r\n* FWKTIKHVDPHUDCOXTXHPTNHCLHZSRRLBLYAUMCAJMNWJESVRKIUW                                                *\r\n* OTSOHIALOELDFIFCULRWYCFQXYSLIIIWPCXEHFETZYYJLGYKQPQXDZZLOCRJQPCGWOODLAUOGXWAEWFRAIVTRKTPCMQFOVD     *\r\n* VRMWRUYQVBRFCZHRXZJITJOLVZAZJOAKTMFNJIAFJ                                                           *\r\n* YQTNMDEZIOLVQLCBBSUZ                                                                                *\r\n* GAGLQUTHOZEYOLYRHMXUKGLZ                                                                            *\r\n* VTKIHHKKYRPNBWILRTPHWBAEJTFXFVZOGNUAJZGRTOPTJEGQOJTNWSCTTGYOBNFDRAGOBIBSMYNHLGUFNPIVCMSOKAHDASPG    *\r\n* MBJXROFHBAYEUINLTBMFJBFHRDABXRUIHYZEL                                                               *\r\n* VACNBMUKPSTSGQDBALWBGNNEKJGPXW                                                                      *\r\n* IZLFLCVATMHOIHFLDFGYNHJBINXDRFFMTJ                                                                  *\r\n* SULRYELDOYZFXEYCJRYUAPKXYERINHUUYWNQSOHTCEV                                                         *\r\n* IHAZTCWVUOKC                                                                                        *\r\n* NTUMCPHEEGAQIKVJESWUHOQDSPKLYZKMKFEVMHZONY                                                          *\r\n* BZIKSBMQWNHDZCQUN                                                                                   *\r\n* WGEWOGCGZWXSHHIKPDJESJ                                                                              *\r\n* JNYCCESWMMIRSZFLCILBPTDFAUONNKJNMTVIPDABHAKGYQQ                                                     *\r\n* KSHWHIWQKSCHPFICDVEYEWVZHJUOIXGKEEDVDMGEX                                                           *\r\n* YXBTLBRIDDLRFNWHPX                                                                                  *\r\n* HIMLRDLCNYQPABAYYYNXSWZTDZMYPYWXIQPWLLJPAZEKNNLQFPYJBAV                                             *\r\n* ISISRNMPCSHJMDMNOYXSSPGQNVSAAMWIUEOSDRYMMP                                                          *\r\n* UGBECCLVCDCSSMREVUMOPVZPHPUJXAK                                                                     *\r\n* DHLJLRQXPRTERMVGLMCRAASZ                                                                            *\r\n* LWMIBXCSWOKAITDEOZYBUYUTNYKXS                                                                       *\r\n* DPMCZUDOOTRLUYLGDTYNLA                                                                              *\r\n* XNNCTVCMFARKVNFTJAZLEKIDWIHVRYETCVPPMSKTLGLLDNQSXAPMLPPNEKFKNHVHVXIZYQHQQGAXY                       *\r\n* AJSPXRISINGCKCMZGDLEPGFQUHTYWFPROHJWSYKDYDOUTWFEEQZWLTHUDBUQYKWCYONCSPGHSIGMRKXXBOUFFSFUA           *\r\n* SQDUEOGMWEIDMOKREDNUCTEXOKPRWFISBCWPEYDRFENSOYBFUNOCHGMZMGGUY                                       *\r\n* PQVQBKRUNFAVOXGLIQJJWIRGLVPXDYSJTQPWWYXQOAAICLSOSAXPKOTGZOFG                                        *\r\n* TRPNQCXIJPJTSVVIJEZDAECACYEXJXITQVUJLULJUGJLOWSSXYPJFCUOOPLRXAZMHQCWBLXOTPIUVRLFG                   *\r\n* ZKHYNOBFVWJTLTHWEXUVRLBAQQTASWDFLMBOEIDNVVQBF                                                       *\r\n* DPMZNOKLUNJGHXUAMYSDIZRSRVUGAVVAVQMENTJOVZROEXBGTUIRIBREYUHRTDLYSJLQKPNTPEIIHDNUUONFMDRUZIGTMRUROTW *\r\n* MKVDGPBESIWUGNXFQFLORQRCJUHYJRUOHSHJSJYXCNBRLLMYTPBIIHDVTSUMIDVBOINOFOMHGOMEOZQYII                  *\r\n* TPLFZOLQZOMOYSADDYX                                                                                 *\r\n* FCTBUVZGTCWEAYBLCCNZTYNSUZNLOWNZKOZRVJLDPFWXSHOZROAAKYZHPBHUINRWOWULZJPTRKJ                         *\r\n* BPZNLNUAWMPMPSCUCQVCNZJWNCAHYGJAOLFABTJVSRACHHWGHVRAPHBC                                            *\r\n* DAIMNCQCOYDNCSIGAJVYGPFG                                                                            *\r\n* ZDOJLGJCTYTBIFPKZSJSTFCJTPXFDZNUBTNYBTDRTKIUOFREGOHWVOZUAFPWJEZUKZAOSQIGPSYJ                        *\r\n* IUOXTYORQYNTSYVDGIPLNJPFDLQFBHDPQXSLBZPFKDTANVZRNCIJIXJZEITIIJQJUXCVGKBHSKBKPPSHLYSYZUHSNT          *\r\n* TFHWBMKFPSELCBARYWZJPQMWK                                                                           *\r\n* RJAQJHNEICKNAXFJCPHMPXZCIWOJQCTLMKVBEZIWYYSYGLWBEFOXPXBTKYHNTDNGJ                                   *\r\n* APBDECGKNQFBWWZMFLNWWOJCQGRUCVLMOGKGZABMQEJKNJBLNGXCSNDMGZNXKLHSFTMPLTNFJAFREZOHFGGWXJTBDYAANDCFWRE *\r\n* WLZUTSSRHLHHKFSDELVVAKMNTMRGYAVNUULTGMCERBURQSQHKYAKWJUMZMBGBLTGQUNPUZXSIQEYQVW                     *\r\n* WJW                                                                                                 *\r\n* AKQ                                                                                                 *\r\n* AZUUKWDGINAVEANLBIBFFVVEPBKROSGGECPVFCIMMX                                                          *\r\n* DUBVVWLZSIKFEDPEILMRPGURCLSFYZPTHFSJOFOVDSOXTXKRPXZAAGAWAJTJDFB                                     *\r\n* TRXZKGQDXRNWRWXEBAQAAOSBEWJELERYRWECZLHIHVDJSDEDMOICOBREZWUOXMRSZPFVRVF                             *\r\n* THSELIIBRFRXWOJQEADCQSLUELJDYJMRJSJHINTQOTWSUUVKFPQRSCZAWYAZZED                                     *\r\n* SANDFBHQHMOXWTAJPZXISVZHSILKNTRJ                                                                    *\r\n* OZTHSEDHZJFNCEDXQKAHUPXBGKXQXDNVFHHTGCXUTBSLTTQDIMXIRBVYBSAHHN                                      *\r\n* WVJIVXJRNNFOTXMHNUTILGFEDLISOCPNGRWPKK                                                              *\r\n* GYUKVLNBBPKNMNEYQQEFJORDLXSHBAXXCZNJQVJTPJGCDODZBTFYGFLRHRZYSGAARNKNZUHUHLPZHOZWU                   *\r\n* GIUYRXNVCZWLAJJFKQEPAGMLQVPMJTRCDZZRFTWMZDSHXWKFPBDIRESZWJHWIBMIHUHAJSZRU                           *\r\n* QWOEOUKJWHPJKZHAVWLAEYRJZDOJWXBLOAOVKSVNLYEETYJITIWDGUMSFEEKFBNZGEUK                                *\r\n* LQDBXOGTNQBUGQNAYETNVQFNKHJKFYODYXHSTCIFGY                                                          *\r\n*******************************************************************************************************\r\n&quot;)" fullname="Open_Lab_04._14.Tests.TestWithRandom([&quot;VHIAIUDSXBYGVUCOH&quot;, &quot;DXFYKZHJDCSCIRALYNTXHJXP&quot;, &quot;EVUKPHPJDHRYXWJSZRBAUSGGJWPVJYUZPYGDNZNUDTEKIMBQKEIRWPELONATSUZEMSJYPFFADGWBNWXWUYKEQCCZUUOZYTCJUAX&quot;, &quot;DDBEZINQTDXSQEZTJUOJPJEUQGBKDNHNYHTRXGFHPLGQWWJUUJAZLNZTYGOTGD&quot;, &quot;FWKTIKHVDPHUDCOXTXHPTNHCLHZSRRLBLYAUMCAJMNWJESVRKIUW&quot;, ...],&quot;*******************************************************************************************************\r\n* VHIAIUDSXBYGVUCOH                                                                                   *\r\n* DXFYKZHJDCSCIRALYNTXHJXP                                                                            *\r\n* EVUKPHPJDHRYXWJSZRBAUSGGJWPVJYUZPYGDNZNUDTEKIMBQKEIRWPELONATSUZEMSJYPFFADGWBNWXWUYKEQCCZUUOZYTCJUAX *\r\n* DDBEZINQTDXSQEZTJUOJPJEUQGBKDNHNYHTRXGFHPLGQWWJUUJAZLNZTYGOTGD                                      *\r\n* FWKTIKHVDPHUDCOXTXHPTNHCLHZSRRLBLYAUMCAJMNWJESVRKIUW                                                *\r\n* OTSOHIALOELDFIFCULRWYCFQXYSLIIIWPCXEHFETZYYJLGYKQPQXDZZLOCRJQPCGWOODLAUOGXWAEWFRAIVTRKTPCMQFOVD     *\r\n* VRMWRUYQVBRFCZHRXZJITJOLVZAZJOAKTMFNJIAFJ                                                           *\r\n* YQTNMDEZIOLVQLCBBSUZ                                                                                *\r\n* GAGLQUTHOZEYOLYRHMXUKGLZ                                                                            *\r\n* VTKIHHKKYRPNBWILRTPHWBAEJTFXFVZOGNUAJZGRTOPTJEGQOJTNWSCTTGYOBNFDRAGOBIBSMYNHLGUFNPIVCMSOKAHDASPG    *\r\n* MBJXROFHBAYEUINLTBMFJBFHRDABXRUIHYZEL                                                               *\r\n* VACNBMUKPSTSGQDBALWBGNNEKJGPXW                                                                      *\r\n* IZLFLCVATMHOIHFLDFGYNHJBINXDRFFMTJ                                                                  *\r\n* SULRYELDOYZFXEYCJRYUAPKXYERINHUUYWNQSOHTCEV                                                         *\r\n* IHAZTCWVUOKC                                                                                        *\r\n* NTUMCPHEEGAQIKVJESWUHOQDSPKLYZKMKFEVMHZONY                                                          *\r\n* BZIKSBMQWNHDZCQUN                                                                                   *\r\n* WGEWOGCGZWXSHHIKPDJESJ                                                                              *\r\n* JNYCCESWMMIRSZFLCILBPTDFAUONNKJNMTVIPDABHAKGYQQ                                                     *\r\n* KSHWHIWQKSCHPFICDVEYEWVZHJUOIXGKEEDVDMGEX                                                           *\r\n* YXBTLBRIDDLRFNWHPX                                                                                  *\r\n* HIMLRDLCNYQPABAYYYNXSWZTDZMYPYWXIQPWLLJPAZEKNNLQFPYJBAV                                             *\r\n* ISISRNMPCSHJMDMNOYXSSPGQNVSAAMWIUEOSDRYMMP                                                          *\r\n* UGBECCLVCDCSSMREVUMOPVZPHPUJXAK                                                                     *\r\n* DHLJLRQXPRTERMVGLMCRAASZ                                                                            *\r\n* LWMIBXCSWOKAITDEOZYBUYUTNYKXS                                                                       *\r\n* DPMCZUDOOTRLUYLGDTYNLA                                                                              *\r\n* XNNCTVCMFARKVNFTJAZLEKIDWIHVRYETCVPPMSKTLGLLDNQSXAPMLPPNEKFKNHVHVXIZYQHQQGAXY                       *\r\n* AJSPXRISINGCKCMZGDLEPGFQUHTYWFPROHJWSYKDYDOUTWFEEQZWLTHUDBUQYKWCYONCSPGHSIGMRKXXBOUFFSFUA           *\r\n* SQDUEOGMWEIDMOKREDNUCTEXOKPRWFISBCWPEYDRFENSOYBFUNOCHGMZMGGUY                                       *\r\n* PQVQBKRUNFAVOXGLIQJJWIRGLVPXDYSJTQPWWYXQOAAICLSOSAXPKOTGZOFG                                        *\r\n* TRPNQCXIJPJTSVVIJEZDAECACYEXJXITQVUJLULJUGJLOWSSXYPJFCUOOPLRXAZMHQCWBLXOTPIUVRLFG                   *\r\n* ZKHYNOBFVWJTLTHWEXUVRLBAQQTASWDFLMBOEIDNVVQBF                                                       *\r\n* DPMZNOKLUNJGHXUAMYSDIZRSRVUGAVVAVQMENTJOVZROEXBGTUIRIBREYUHRTDLYSJLQKPNTPEIIHDNUUONFMDRUZIGTMRUROTW *\r\n* MKVDGPBESIWUGNXFQFLORQRCJUHYJRUOHSHJSJYXCNBRLLMYTPBIIHDVTSUMIDVBOINOFOMHGOMEOZQYII                  *\r\n* TPLFZOLQZOMOYSADDYX                                                                                 *\r\n* FCTBUVZGTCWEAYBLCCNZTYNSUZNLOWNZKOZRVJLDPFWXSHOZROAAKYZHPBHUINRWOWULZJPTRKJ                         *\r\n* BPZNLNUAWMPMPSCUCQVCNZJWNCAHYGJAOLFABTJVSRACHHWGHVRAPHBC                                            *\r\n* DAIMNCQCOYDNCSIGAJVYGPFG                                                                            *\r\n* ZDOJLGJCTYTBIFPKZSJSTFCJTPXFDZNUBTNYBTDRTKIUOFREGOHWVOZUAFPWJEZUKZAOSQIGPSYJ                        *\r\n* IUOXTYORQYNTSYVDGIPLNJPFDLQFBHDPQXSLBZPFKDTANVZRNCIJIXJZEITIIJQJUXCVGKBHSKBKPPSHLYSYZUHSNT          *\r\n* TFHWBMKFPSELCBARYWZJPQMWK                                                                           *\r\n* RJAQJHNEICKNAXFJCPHMPXZCIWOJQCTLMKVBEZIWYYSYGLWBEFOXPXBTKYHNTDNGJ                                   *\r\n* APBDECGKNQFBWWZMFLNWWOJCQGRUCVLMOGKGZABMQEJKNJBLNGXCSNDMGZNXKLHSFTMPLTNFJAFREZOHFGGWXJTBDYAANDCFWRE *\r\n* WLZUTSSRHLHHKFSDELVVAKMNTMRGYAVNUULTGMCERBURQSQHKYAKWJUMZMBGBLTGQUNPUZXSIQEYQVW                     *\r\n* WJW                                                                                                 *\r\n* AKQ                                                                                                 *\r\n* AZUUKWDGINAVEANLBIBFFVVEPBKROSGGECPVFCIMMX                                                          *\r\n* DUBVVWLZSIKFEDPEILMRPGURCLSFYZPTHFSJOFOVDSOXTXKRPXZAAGAWAJTJDFB                                     *\r\n* TRXZKGQDXRNWRWXEBAQAAOSBEWJELERYRWECZLHIHVDJSDEDMOICOBREZWUOXMRSZPFVRVF                             *\r\n* THSELIIBRFRXWOJQEADCQSLUELJDYJMRJSJHINTQOTWSUUVKFPQRSCZAWYAZZED                                     *\r\n* SANDFBHQHMOXWTAJPZXISVZHSILKNTRJ                                                                    *\r\n* OZTHSEDHZJFNCEDXQKAHUPXBGKXQXDNVFHHTGCXUTBSLTTQDIMXIRBVYBSAHHN                                      *\r\n* WVJIVXJRNNFOTXMHNUTILGFEDLISOCPNGRWPKK                                                              *\r\n* GYUKVLNBBPKNMNEYQQEFJORDLXSHBAXXCZNJQVJTPJGCDODZBTFYGFLRHRZYSGAARNKNZUHUHLPZHOZWU                   *\r\n* GIUYRXNVCZWLAJJFKQEPAGMLQVPMJTRCDZZRFTWMZDSHXWKFPBDIRESZWJHWIBMIHUHAJSZRU                           *\r\n* QWOEOUKJWHPJKZHAVWLAEYRJZDOJWXBLOAOVKSVNLYEETYJITIWDGUMSFEEKFBNZGEUK                                *\r\n* LQDBXOGTNQBUGQNAYETNVQFNKHJKFYODYXHSTCIFGY                                                          *\r\n*******************************************************************************************************\r\n&quot;)" methodname="TestWithRandom" classname="Open_Lab_04._14.Tests" runstate="Runnable" seed="1637624375" result="Passed" start-time="2021-12-27 14:18:12Z" end-time="2021-12-27 14:18:12Z" duration="0.013549" asserts="6243" />
            <test-case id="1090" name="TestWithRandom([&quot;DQZLAYHZBXOVKPQQEVOPBXVIIUHWWOGWZRKUIYKGQPCBIMIDMSALKBM&quot;, &quot;UQCFQLDMQSVSFVIGKHZMUUA&quot;, &quot;MEJDNVMXFEZRWFQFLPKQQPXQJUADCALAQFTMBZZUFYNBWQJFQTAEJJGWGTUTUIUESZBRMDDMQPKSCWUSKVMIZGQG&quot;, &quot;WGIFFAXDIIWPSSNQONTZNUJYBIYVMFMIURPWVGLPNOTOXDSDZSKSWHLCXJEXBBRDWNUACQVICEMZAVBYQVWTUTLNGNZMBNOLXQ&quot;, &quot;JIRAIXCQSVMCBIGHFFXICCHUPRIGPPABJDRPYVOWRDTSTKXEVGIGZIPHBWKQOWBCUKTYQQ&quot;, ...],&quot;********************************************************************************************************\r\n* DQZLAYHZBXOVKPQQEVOPBXVIIUHWWOGWZRKUIYKGQPCBIMIDMSALKBM                                              *\r\n* UQCFQLDMQSVSFVIGKHZMUUA                                                                              *\r\n* MEJDNVMXFEZRWFQFLPKQQPXQJUADCALAQFTMBZZUFYNBWQJFQTAEJJGWGTUTUIUESZBRMDDMQPKSCWUSKVMIZGQG             *\r\n* WGIFFAXDIIWPSSNQONTZNUJYBIYVMFMIURPWVGLPNOTOXDSDZSKSWHLCXJEXBBRDWNUACQVICEMZAVBYQVWTUTLNGNZMBNOLXQ   *\r\n* JIRAIXCQSVMCBIGHFFXICCHUPRIGPPABJDRPYVOWRDTSTKXEVGIGZIPHBWKQOWBCUKTYQQ                               *\r\n* KQBRZJOBFTEKIHUBBOJOBKXIUCQYIRYNFX                                                                   *\r\n* PYRPYMVFWJMSVZJSKGBHZTSWXSQSNVRFKIFDKYLBGFAYIJUYZZOGDQZWFUSFWDRBRHHMUGILVABTSUNNYRTOGKBUJJXPGFF      *\r\n* NZGBBHETQCK                                                                                          *\r\n* PFDLHEHEKCUHF                                                                                        *\r\n* DKISFQVYGTNMLQNZYEAYEEFLHCXASLEZVOETKXXUHRZKYVSRRKEQ                                                 *\r\n* HIZFXLCTUFUONQXLUPAGFQNFVNMJ                                                                         *\r\n* JIGOSOFFNNMUAMMEWLFVFW                                                                               *\r\n* EJBQVTKJYSOLWNAUBRGGCNMFDBAYCHOZMNCFRXKLDDOBMBPQVQDDZQSRXVNUTLHREOZJLVDEHVCZZKSC                     *\r\n* KDLEKAWVLHVKPSSVWXYBFFAMYWDNTRMCKIJIVNTNCNANHTR                                                      *\r\n* KDCMUAGECZFOW                                                                                        *\r\n* BTUSAHJJZJEKYRFNFEEACPPAIJCEGWHERUM                                                                  *\r\n* SOTKUADSIKBOZOTAKVGMDUKQEE                                                                           *\r\n* CCZTEFYVQLTGCMW                                                                                      *\r\n* XHNERCGUVOACXDDFPXAQIRXIBSDPQPEAHCNIRALAVEXQFVXMHNRELGJGKFDYZQEGJZVVQU                               *\r\n* OLAVDTGCFVRICXZOASHYMXMBEARGFZCWNZDTKLFMECXDIIBJKLUCJWCRY                                            *\r\n* QDCZXFTVUDUFEPNVUJZJTVZHVUEZMRWLVKUCJEERKMOXOFGFOOBSSPGUDVDCBTIDHIKTVLLPFHYGHBTQNZKYPDTFEZYOACQQEKQ  *\r\n* UNKDCLNKQANBBMOBIJODPEO                                                                              *\r\n* NXPCQHBWLNWAPHWDQIPELWMNNOHUWNPQYOQEWKUIYQQOQOMBNKMHPKJQLBOCZGAYXFBAQRHFNGFUGYWZCGH                  *\r\n* AIBNFZTUWSISQSQLMMLWDHTIFOKMEPZTZOXPEOUQXMJVY                                                        *\r\n* ENHLNPVLHTOSIRPGPHSOTBVBGYRUYRYXJSJXFTBKYNGDBLFDB                                                    *\r\n* WCDJTCSGFPYANQVQIPHSBWFIPFURZUSOTHVVUAZHEZOMMYAQILDQWIPZWVTNHBGKWJ                                   *\r\n* GVZWIPZNCISVRFEIORBRKRVZYGLZD                                                                        *\r\n* DQCQUVJOUAWUNREZBIDSSTUSWOZAXBEAKJFCTAKIZZWBVPDEUYECWLAJVJUFWIRSWWKELBF                              *\r\n* YVSSW                                                                                                *\r\n* XHLVFYXBDZJWHJGFMRIEEYEZSTSDEBSIMBMMTADSVVSLUPUWUTIBJSPYCMDMFTXCGBJFWTLLOPJJ                         *\r\n* TECYWJLSQYUMOKHXQMBXPET                                                                              *\r\n* PZAIWNTJFSJHANJKMKQCPSIJD                                                                            *\r\n* XDHLPOLWJXICVCEKGVBAWCDRLFOQQWQREIQQBUCUWEELBJONYEMMHDRU                                             *\r\n* Q                                                                                                    *\r\n* KA                                                                                                   *\r\n* FMHRYNMOJMSHDSXRPCQASMJDJBQVQKTSUBYSEKKBBJVATAZZXIBYTZCTCDHXWRXYSAMBTFNERPZIRJJJ                     *\r\n* RYIJVZ                                                                                               *\r\n* ZFPADNEJLWITNXFRUXHDZTCSTYVFTPPWBRCNPMADLQWUBQVDLGNMOVVFDWHFRYQWHLSWVSCIWDRJXHRCCS                   *\r\n* MCCHFVWKSFVLNZANPYZITDFQLEMIVFECZEDUEDMAYHJCBREKWUBEDKAJWMWBJOPNASMJVGIMLYJLTCO                      *\r\n* ZCLADAZPDUXRHLQKSWCIFVOQLPSEAPPUXCBHCOJATXFAIREAIYTWZGOENUPOHUOOFDTEJIHENCPH                         *\r\n* OHULRWBVSURNXUHZUSYJRVFXZRZQPJXQHOYNUDQXMSMJBQLOAFTJRYXTCXLZ                                         *\r\n* KGJWBGIWUERCBWZJWVIFKQJQNZIRFKXSQZBLCMAKDSFABHQBXJFBCUMUXTICYRQJHZMBVOGJVYCSLJOGJHTVFVPWMHOJ         *\r\n* XLMBVTCVOFJDWGE                                                                                      *\r\n* UINFCTQXUELJPOOAWFXMPQQPLKUBKRIPLESYAEBEVPGQHTFARJHQIRBDRYTSZONDWWYLV                                *\r\n* ZSETRAKAISFTKAKSGTCPGCKJFGBDUKUUFBJOLPAATRPBMFEMSDQEIGIXIVOKZ                                        *\r\n* FYXLOJQWHQTCVOMIWZCPLQTPLY                                                                           *\r\n* MFPBPBMLREBRVVWWALGKTKAZOIKVPEHZPQEQRODAJDVDUHHTOUTEEOYBFPMHRRWNWCBERFEL                             *\r\n* GBQPWFHAQGUKDUBRCKBCWJRGIHRFCC                                                                       *\r\n* PIWYMIMJKFGAKBCTHANOVDILWJKHPNBYOXF                                                                  *\r\n* GWOJQB                                                                                               *\r\n* WQJGEFNKFPNNMZLCCXFUWEILNWBMLLDYTLMUNDFBBDVIBJSBUULLLHUSHXTIDBZUMPU                                  *\r\n* NQO                                                                                                  *\r\n* SDSTIZJDDARQZRNMRTNPJXYZDBWLPSNEFLTHOAKINPEDJIUUCHJUDYQVFTQGDYOLMNLOXFYQJEBTSUQUHBJIITAHVYCVKDEPBTQV *\r\n* GWXJSLYWWCKCVZBOFCTNDSZDDFGAMSZDUXBFMZPIBKZVSSPDDAVQXITNXTFNFYKEDGIYYWCGMLLTTDLKPCWLWJGMDNIS         *\r\n* CCDZUSLKRFHXODMWZTTIVXCBYHUAWUKOKNKIIUYKZAYXPNHFTPDTOJYEABANYLOWUSNBTDNFVIJ                          *\r\n* ZFLLZOGGRQZBPFIHTLMNMBCWAGMQBXYGZDFUPPNKFHFDTMLNVGMJWWIXCPKSCQFUSTBLZNSDXBIEWZDO                     *\r\n* YUVKOJDVHSAFUIPCLLAKZOIOIMUNDADLWYEVKJDJXQSVSYCTSCLNCDUKLGBCOPSGOOIWETRBIQMJVNWKJ                    *\r\n* VAPP                                                                                                 *\r\n* SDTJDHBVIYLGDPFPZKJFMRLOYKRSNURRYFQ                                                                  *\r\n* KJOUHVELKGSUELWPFKWBRFLSPIHNGTHYYMFPWOYRMADSSWOCYCMOIPCEYWFYOQERYTVRFGTQMFOR                         *\r\n* SASUEPEGT                                                                                            *\r\n* JKAQZJZCWVLTYAWWRIVCDBKCFWMEJBAKFDMHFQTGMCSWQZBSXIYVLQMIZXLDXV                                       *\r\n* UUANUOORBPPPAINMFUTGBCFZOREIHEPJRJXCPMHEJQXGVBMZLLFJDOSSOBYDJGKWZFYRLLWTMPXK                         *\r\n* ZDNEEWVZGFDQFNONDUCGBG                                                                               *\r\n* CVNZOLWOQHMPXKZFJOWTAUAGYIGIVUEESNLJQXGOJRNISXQCEOTRENPIUHBFFN                                       *\r\n* VDIXJZPOMHIKIHROBSDEGBNZFYCOJVBIVYRFJAHDOAHJVDGADSZNCJMUPISLWBEQGZOKQLEAL                            *\r\n* PFUEEBRCLQWNGLLXQBIVGNVQCVOWJROYCCUGZLEQUUQNUTTCYTVDSPTBKDBIMUSTCXLDRFXEXRBMXHWJCMYQVLGNJSWWKWDZBWLX *\r\n********************************************************************************************************\r\n&quot;)" fullname="Open_Lab_04._14.Tests.TestWithRandom([&quot;DQZLAYHZBXOVKPQQEVOPBXVIIUHWWOGWZRKUIYKGQPCBIMIDMSALKBM&quot;, &quot;UQCFQLDMQSVSFVIGKHZMUUA&quot;, &quot;MEJDNVMXFEZRWFQFLPKQQPXQJUADCALAQFTMBZZUFYNBWQJFQTAEJJGWGTUTUIUESZBRMDDMQPKSCWUSKVMIZGQG&quot;, &quot;WGIFFAXDIIWPSSNQONTZNUJYBIYVMFMIURPWVGLPNOTOXDSDZSKSWHLCXJEXBBRDWNUACQVICEMZAVBYQVWTUTLNGNZMBNOLXQ&quot;, &quot;JIRAIXCQSVMCBIGHFFXICCHUPRIGPPABJDRPYVOWRDTSTKXEVGIGZIPHBWKQOWBCUKTYQQ&quot;, ...],&quot;********************************************************************************************************\r\n* DQZLAYHZBXOVKPQQEVOPBXVIIUHWWOGWZRKUIYKGQPCBIMIDMSALKBM                                              *\r\n* UQCFQLDMQSVSFVIGKHZMUUA                                                                              *\r\n* MEJDNVMXFEZRWFQFLPKQQPXQJUADCALAQFTMBZZUFYNBWQJFQTAEJJGWGTUTUIUESZBRMDDMQPKSCWUSKVMIZGQG             *\r\n* WGIFFAXDIIWPSSNQONTZNUJYBIYVMFMIURPWVGLPNOTOXDSDZSKSWHLCXJEXBBRDWNUACQVICEMZAVBYQVWTUTLNGNZMBNOLXQ   *\r\n* JIRAIXCQSVMCBIGHFFXICCHUPRIGPPABJDRPYVOWRDTSTKXEVGIGZIPHBWKQOWBCUKTYQQ                               *\r\n* KQBRZJOBFTEKIHUBBOJOBKXIUCQYIRYNFX                                                                   *\r\n* PYRPYMVFWJMSVZJSKGBHZTSWXSQSNVRFKIFDKYLBGFAYIJUYZZOGDQZWFUSFWDRBRHHMUGILVABTSUNNYRTOGKBUJJXPGFF      *\r\n* NZGBBHETQCK                                                                                          *\r\n* PFDLHEHEKCUHF                                                                                        *\r\n* DKISFQVYGTNMLQNZYEAYEEFLHCXASLEZVOETKXXUHRZKYVSRRKEQ                                                 *\r\n* HIZFXLCTUFUONQXLUPAGFQNFVNMJ                                                                         *\r\n* JIGOSOFFNNMUAMMEWLFVFW                                                                               *\r\n* EJBQVTKJYSOLWNAUBRGGCNMFDBAYCHOZMNCFRXKLDDOBMBPQVQDDZQSRXVNUTLHREOZJLVDEHVCZZKSC                     *\r\n* KDLEKAWVLHVKPSSVWXYBFFAMYWDNTRMCKIJIVNTNCNANHTR                                                      *\r\n* KDCMUAGECZFOW                                                                                        *\r\n* BTUSAHJJZJEKYRFNFEEACPPAIJCEGWHERUM                                                                  *\r\n* SOTKUADSIKBOZOTAKVGMDUKQEE                                                                           *\r\n* CCZTEFYVQLTGCMW                                                                                      *\r\n* XHNERCGUVOACXDDFPXAQIRXIBSDPQPEAHCNIRALAVEXQFVXMHNRELGJGKFDYZQEGJZVVQU                               *\r\n* OLAVDTGCFVRICXZOASHYMXMBEARGFZCWNZDTKLFMECXDIIBJKLUCJWCRY                                            *\r\n* QDCZXFTVUDUFEPNVUJZJTVZHVUEZMRWLVKUCJEERKMOXOFGFOOBSSPGUDVDCBTIDHIKTVLLPFHYGHBTQNZKYPDTFEZYOACQQEKQ  *\r\n* UNKDCLNKQANBBMOBIJODPEO                                                                              *\r\n* NXPCQHBWLNWAPHWDQIPELWMNNOHUWNPQYOQEWKUIYQQOQOMBNKMHPKJQLBOCZGAYXFBAQRHFNGFUGYWZCGH                  *\r\n* AIBNFZTUWSISQSQLMMLWDHTIFOKMEPZTZOXPEOUQXMJVY                                                        *\r\n* ENHLNPVLHTOSIRPGPHSOTBVBGYRUYRYXJSJXFTBKYNGDBLFDB                                                    *\r\n* WCDJTCSGFPYANQVQIPHSBWFIPFURZUSOTHVVUAZHEZOMMYAQILDQWIPZWVTNHBGKWJ                                   *\r\n* GVZWIPZNCISVRFEIORBRKRVZYGLZD                                                                        *\r\n* DQCQUVJOUAWUNREZBIDSSTUSWOZAXBEAKJFCTAKIZZWBVPDEUYECWLAJVJUFWIRSWWKELBF                              *\r\n* YVSSW                                                                                                *\r\n* XHLVFYXBDZJWHJGFMRIEEYEZSTSDEBSIMBMMTADSVVSLUPUWUTIBJSPYCMDMFTXCGBJFWTLLOPJJ                         *\r\n* TECYWJLSQYUMOKHXQMBXPET                                                                              *\r\n* PZAIWNTJFSJHANJKMKQCPSIJD                                                                            *\r\n* XDHLPOLWJXICVCEKGVBAWCDRLFOQQWQREIQQBUCUWEELBJONYEMMHDRU                                             *\r\n* Q                                                                                                    *\r\n* KA                                                                                                   *\r\n* FMHRYNMOJMSHDSXRPCQASMJDJBQVQKTSUBYSEKKBBJVATAZZXIBYTZCTCDHXWRXYSAMBTFNERPZIRJJJ                     *\r\n* RYIJVZ                                                                                               *\r\n* ZFPADNEJLWITNXFRUXHDZTCSTYVFTPPWBRCNPMADLQWUBQVDLGNMOVVFDWHFRYQWHLSWVSCIWDRJXHRCCS                   *\r\n* MCCHFVWKSFVLNZANPYZITDFQLEMIVFECZEDUEDMAYHJCBREKWUBEDKAJWMWBJOPNASMJVGIMLYJLTCO                      *\r\n* ZCLADAZPDUXRHLQKSWCIFVOQLPSEAPPUXCBHCOJATXFAIREAIYTWZGOENUPOHUOOFDTEJIHENCPH                         *\r\n* OHULRWBVSURNXUHZUSYJRVFXZRZQPJXQHOYNUDQXMSMJBQLOAFTJRYXTCXLZ                                         *\r\n* KGJWBGIWUERCBWZJWVIFKQJQNZIRFKXSQZBLCMAKDSFABHQBXJFBCUMUXTICYRQJHZMBVOGJVYCSLJOGJHTVFVPWMHOJ         *\r\n* XLMBVTCVOFJDWGE                                                                                      *\r\n* UINFCTQXUELJPOOAWFXMPQQPLKUBKRIPLESYAEBEVPGQHTFARJHQIRBDRYTSZONDWWYLV                                *\r\n* ZSETRAKAISFTKAKSGTCPGCKJFGBDUKUUFBJOLPAATRPBMFEMSDQEIGIXIVOKZ                                        *\r\n* FYXLOJQWHQTCVOMIWZCPLQTPLY                                                                           *\r\n* MFPBPBMLREBRVVWWALGKTKAZOIKVPEHZPQEQRODAJDVDUHHTOUTEEOYBFPMHRRWNWCBERFEL                             *\r\n* GBQPWFHAQGUKDUBRCKBCWJRGIHRFCC                                                                       *\r\n* PIWYMIMJKFGAKBCTHANOVDILWJKHPNBYOXF                                                                  *\r\n* GWOJQB                                                                                               *\r\n* WQJGEFNKFPNNMZLCCXFUWEILNWBMLLDYTLMUNDFBBDVIBJSBUULLLHUSHXTIDBZUMPU                                  *\r\n* NQO                                                                                                  *\r\n* SDSTIZJDDARQZRNMRTNPJXYZDBWLPSNEFLTHOAKINPEDJIUUCHJUDYQVFTQGDYOLMNLOXFYQJEBTSUQUHBJIITAHVYCVKDEPBTQV *\r\n* GWXJSLYWWCKCVZBOFCTNDSZDDFGAMSZDUXBFMZPIBKZVSSPDDAVQXITNXTFNFYKEDGIYYWCGMLLTTDLKPCWLWJGMDNIS         *\r\n* CCDZUSLKRFHXODMWZTTIVXCBYHUAWUKOKNKIIUYKZAYXPNHFTPDTOJYEABANYLOWUSNBTDNFVIJ                          *\r\n* ZFLLZOGGRQZBPFIHTLMNMBCWAGMQBXYGZDFUPPNKFHFDTMLNVGMJWWIXCPKSCQFUSTBLZNSDXBIEWZDO                     *\r\n* YUVKOJDVHSAFUIPCLLAKZOIOIMUNDADLWYEVKJDJXQSVSYCTSCLNCDUKLGBCOPSGOOIWETRBIQMJVNWKJ                    *\r\n* VAPP                                                                                                 *\r\n* SDTJDHBVIYLGDPFPZKJFMRLOYKRSNURRYFQ                                                                  *\r\n* KJOUHVELKGSUELWPFKWBRFLSPIHNGTHYYMFPWOYRMADSSWOCYCMOIPCEYWFYOQERYTVRFGTQMFOR                         *\r\n* SASUEPEGT                                                                                            *\r\n* JKAQZJZCWVLTYAWWRIVCDBKCFWMEJBAKFDMHFQTGMCSWQZBSXIYVLQMIZXLDXV                                       *\r\n* UUANUOORBPPPAINMFUTGBCFZOREIHEPJRJXCPMHEJQXGVBMZLLFJDOSSOBYDJGKWZFYRLLWTMPXK                         *\r\n* ZDNEEWVZGFDQFNONDUCGBG                                                                               *\r\n* CVNZOLWOQHMPXKZFJOWTAUAGYIGIVUEESNLJQXGOJRNISXQCEOTRENPIUHBFFN                                       *\r\n* VDIXJZPOMHIKIHROBSDEGBNZFYCOJVBIVYRFJAHDOAHJVDGADSZNCJMUPISLWBEQGZOKQLEAL                            *\r\n* PFUEEBRCLQWNGLLXQBIVGNVQCVOWJROYCCUGZLEQUUQNUTTCYTVDSPTBKDBIMUSTCXLDRFXEXRBMXHWJCMYQVLGNJSWWKWDZBWLX *\r\n********************************************************************************************************\r\n&quot;)" methodname="TestWithRandom" classname="Open_Lab_04._14.Tests" runstate="Runnable" seed="373255762" result="Passed" start-time="2021-12-27 14:18:12Z" end-time="2021-12-27 14:18:12Z" duration="0.015956" asserts="7248" />
            <test-case id="1091" name="TestWithRandom([&quot;LTVRGAOGECHSFAWBXRQYUYIAUAOBLAWZBMBEVEEFYCOUPRQCCZYTGJVMKUWFM&quot;, &quot;VDFIQTZRGTMLZSKNLCKLYLBDSRROTAIZSMHKPHBXDLTFGUK&quot;, &quot;CXIUVBNJBBPZ&quot;, &quot;LXFKNSM&quot;, &quot;AYEBNINSWXYGOLWROERZXINRBVSNNUTBYSCYESITZR&quot;, ...],&quot;********************************************************************************************************\r\n* LTVRGAOGECHSFAWBXRQYUYIAUAOBLAWZBMBEVEEFYCOUPRQCCZYTGJVMKUWFM                                        *\r\n* VDFIQTZRGTMLZSKNLCKLYLBDSRROTAIZSMHKPHBXDLTFGUK                                                      *\r\n* CXIUVBNJBBPZ                                                                                         *\r\n* LXFKNSM                                                                                              *\r\n* AYEBNINSWXYGOLWROERZXINRBVSNNUTBYSCYESITZR                                                           *\r\n* ERSNZBOWIBMNRLNZRPAEBD                                                                               *\r\n* IWJYNVWYAFCIAIISMZXKALEKNRTQDYNDAVKRPDABMDMIPDMQJWOFDTVWRYLWCFUBSZHFYRDIYWXXYWVKECGGKH               *\r\n* HZOZQSEYGILPPVHSSTFGHWYXVDASAZORKZAFJRMQUXQONGFOWJOMEBSKAQDNRMYHTUFQVCIAHOMJFKJPXMWQKBMJHPFSNYZIYJU  *\r\n* APTUANFQOIFPHOPEPIWSHWJFWQMIOELVPQOITCQXWWVZJPLZIVSQMCLEFNXKAWBJXJAQAHLNRZVL                         *\r\n* KWGEN                                                                                                *\r\n* TMUJNEJCFEFWZULBZPUYBJEYMGADVRRGNWHXCAMMREGJMDVQPIWRJPYKHVWGEFHNNZJDNNZZCIHXDVMJKJNNVZWXYXPHDGILWSWM *\r\n* SDBJWOBHAHMJNWURUSNCLEPYSWWZVAKYZPRGLDYLVPYQCYQJOTCZIKIONDRASBMAWOJXENFQTCGVG                        *\r\n* VUFMLCXKPPGCTIMYSUDXTOOSFANMGGDNINHXUFQJCLYUQBUXDUJMRIGHFMHKOLEJLTUFBPDNEUVHQUCDFQILXQVAHZRIYFUQHOIW *\r\n* PVNRWIXMYRKKEEYDSLUYUYBYVOYZF                                                                        *\r\n* BM                                                                                                   *\r\n* VQUUUBIYNJIGXUAWMODNYN                                                                               *\r\n* UPWHJXHXPYEINEJYJMZGPSRXUXCSLXZHIAZEYUYAGLTITLMSDQTAYGBCYYMMVOMRZ                                    *\r\n* ZNEEAPOZZDZIEILKOVEYICYXGZHMFRYBJVMZOZPEMZGXDQUEBKZRNAPWPGYAHBTIFXYIVMWPFZLIVAUPFDLURHNIFPJH         *\r\n* PWL                                                                                                  *\r\n* YSFRLIPOKMOPGBPMIVEQZQ                                                                               *\r\n* JQDGCOPPCADXHOYTVWFHUZTZOUURTSUGIUWAIBMZVWLODDHXJBIUTIDJWDRIUXWKFWPNSYLTJFMYOEVKMWIRKAMZRMEEK        *\r\n* FYAAIGOUFLQOKNWEU                                                                                    *\r\n* IGVXOEAFJPWFUGJFAOYOVPWSRWBVPZCMSLWDJIJVADWZXZRJFFNIGGWTKCGSCEPKMJNIKFW                              *\r\n* FCNSSWVRESPKLUFLPDTGCQSVNMMNMJYAIVDDSDANHONKPFYSDBSHLPPOKSFGKHEVTPCP                                 *\r\n* CSLCFZNCHGINUKKQROTGOTAYUCZJSRZDIABIHEGPBLCLXSQXUEBBIJDJSNHCZEKQHEEUI                                *\r\n* JNIDFCQ                                                                                              *\r\n* BCMCPNPXUZXRQUWDQXALESOWOSVOTFDASDLFQWOXBJKEWRLPQFMHBFKINQ                                           *\r\n* WSAEOVWYNIQMTIDKVHJZXHGYOSWYNTDRZIRFBEWIASYGZSTZYVPAERRPL                                            *\r\n* QVZXKTFYN                                                                                            *\r\n* QYIQLAYEJZYVZXASECNIQCTYNAJCHEBAFHIZMYPDSMFLD                                                        *\r\n* VCXRPDLEUOEKDLRWXFYYQRPBGGMKPDXHVSEGFPOYPAMTUBUELWPANFEDNWLJQAPRQWOKGKRHQAIQFVGEL                    *\r\n********************************************************************************************************\r\n&quot;)" fullname="Open_Lab_04._14.Tests.TestWithRandom([&quot;LTVRGAOGECHSFAWBXRQYUYIAUAOBLAWZBMBEVEEFYCOUPRQCCZYTGJVMKUWFM&quot;, &quot;VDFIQTZRGTMLZSKNLCKLYLBDSRROTAIZSMHKPHBXDLTFGUK&quot;, &quot;CXIUVBNJBBPZ&quot;, &quot;LXFKNSM&quot;, &quot;AYEBNINSWXYGOLWROERZXINRBVSNNUTBYSCYESITZR&quot;, ...],&quot;********************************************************************************************************\r\n* LTVRGAOGECHSFAWBXRQYUYIAUAOBLAWZBMBEVEEFYCOUPRQCCZYTGJVMKUWFM                                        *\r\n* VDFIQTZRGTMLZSKNLCKLYLBDSRROTAIZSMHKPHBXDLTFGUK                                                      *\r\n* CXIUVBNJBBPZ                                                                                         *\r\n* LXFKNSM                                                                                              *\r\n* AYEBNINSWXYGOLWROERZXINRBVSNNUTBYSCYESITZR                                                           *\r\n* ERSNZBOWIBMNRLNZRPAEBD                                                                               *\r\n* IWJYNVWYAFCIAIISMZXKALEKNRTQDYNDAVKRPDABMDMIPDMQJWOFDTVWRYLWCFUBSZHFYRDIYWXXYWVKECGGKH               *\r\n* HZOZQSEYGILPPVHSSTFGHWYXVDASAZORKZAFJRMQUXQONGFOWJOMEBSKAQDNRMYHTUFQVCIAHOMJFKJPXMWQKBMJHPFSNYZIYJU  *\r\n* APTUANFQOIFPHOPEPIWSHWJFWQMIOELVPQOITCQXWWVZJPLZIVSQMCLEFNXKAWBJXJAQAHLNRZVL                         *\r\n* KWGEN                                                                                                *\r\n* TMUJNEJCFEFWZULBZPUYBJEYMGADVRRGNWHXCAMMREGJMDVQPIWRJPYKHVWGEFHNNZJDNNZZCIHXDVMJKJNNVZWXYXPHDGILWSWM *\r\n* SDBJWOBHAHMJNWURUSNCLEPYSWWZVAKYZPRGLDYLVPYQCYQJOTCZIKIONDRASBMAWOJXENFQTCGVG                        *\r\n* VUFMLCXKPPGCTIMYSUDXTOOSFANMGGDNINHXUFQJCLYUQBUXDUJMRIGHFMHKOLEJLTUFBPDNEUVHQUCDFQILXQVAHZRIYFUQHOIW *\r\n* PVNRWIXMYRKKEEYDSLUYUYBYVOYZF                                                                        *\r\n* BM                                                                                                   *\r\n* VQUUUBIYNJIGXUAWMODNYN                                                                               *\r\n* UPWHJXHXPYEINEJYJMZGPSRXUXCSLXZHIAZEYUYAGLTITLMSDQTAYGBCYYMMVOMRZ                                    *\r\n* ZNEEAPOZZDZIEILKOVEYICYXGZHMFRYBJVMZOZPEMZGXDQUEBKZRNAPWPGYAHBTIFXYIVMWPFZLIVAUPFDLURHNIFPJH         *\r\n* PWL                                                                                                  *\r\n* YSFRLIPOKMOPGBPMIVEQZQ                                                                               *\r\n* JQDGCOPPCADXHOYTVWFHUZTZOUURTSUGIUWAIBMZVWLODDHXJBIUTIDJWDRIUXWKFWPNSYLTJFMYOEVKMWIRKAMZRMEEK        *\r\n* FYAAIGOUFLQOKNWEU                                                                                    *\r\n* IGVXOEAFJPWFUGJFAOYOVPWSRWBVPZCMSLWDJIJVADWZXZRJFFNIGGWTKCGSCEPKMJNIKFW                              *\r\n* FCNSSWVRESPKLUFLPDTGCQSVNMMNMJYAIVDDSDANHONKPFYSDBSHLPPOKSFGKHEVTPCP                                 *\r\n* CSLCFZNCHGINUKKQROTGOTAYUCZJSRZDIABIHEGPBLCLXSQXUEBBIJDJSNHCZEKQHEEUI                                *\r\n* JNIDFCQ                                                                                              *\r\n* BCMCPNPXUZXRQUWDQXALESOWOSVOTFDASDLFQWOXBJKEWRLPQFMHBFKINQ                                           *\r\n* WSAEOVWYNIQMTIDKVHJZXHGYOSWYNTDRZIRFBEWIASYGZSTZYVPAERRPL                                            *\r\n* QVZXKTFYN                                                                                            *\r\n* QYIQLAYEJZYVZXASECNIQCTYNAJCHEBAFHIZMYPDSMFLD                                                        *\r\n* VCXRPDLEUOEKDLRWXFYYQRPBGGMKPDXHVSEGFPOYPAMTUBUELWPANFEDNWLJQAPRQWOKGKRHQAIQFVGEL                    *\r\n********************************************************************************************************\r\n&quot;)" methodname="TestWithRandom" classname="Open_Lab_04._14.Tests" runstate="Runnable" seed="1613166387" result="Passed" start-time="2021-12-27 14:18:12Z" end-time="2021-12-27 14:18:12Z" duration="0.008386" asserts="3468" />
            <test-case id="1092" name="TestWithRandom([&quot;TNXUPOATIEEHOLVCXMKYAFIJMWOYSPGYHCVDTCYWFRICMSUEJSIRAKXNFNITACATYGALPSJVOOSJXFXTCJPAGOXXFHXFTF&quot;, &quot;DRPEFSIORJNDMROQAQOQQMAMKICGHUDBISPSIARBUVYRTKLFQRXPFOFQQDUXPBGWFLVUBWIZZNWUOJSZXXQQX&quot;, &quot;WTMZBFGTLSOBLHOQDUIYPRRKBGKUZSKPZRPBICUDSFCDGNYKLGTWIZ&quot;, &quot;EBBYUUMUSHYBTSMIBZFFKPOEOIZJSYOHATKAGEZIGLJVILFSYYSWDTNONWJMVCBTTQBZHMBXZWYZGSWCDHLUGREGGWMJU&quot;, &quot;NEJPCRKFKLWVXHVOHVAHJNRHNBMUTLASCMIUPRPESXWZYLUXLRO&quot;, ...],&quot;***************************************************************************************************\r\n* TNXUPOATIEEHOLVCXMKYAFIJMWOYSPGYHCVDTCYWFRICMSUEJSIRAKXNFNITACATYGALPSJVOOSJXFXTCJPAGOXXFHXFTF  *\r\n* DRPEFSIORJNDMROQAQOQQMAMKICGHUDBISPSIARBUVYRTKLFQRXPFOFQQDUXPBGWFLVUBWIZZNWUOJSZXXQQX           *\r\n* WTMZBFGTLSOBLHOQDUIYPRRKBGKUZSKPZRPBICUDSFCDGNYKLGTWIZ                                          *\r\n* EBBYUUMUSHYBTSMIBZFFKPOEOIZJSYOHATKAGEZIGLJVILFSYYSWDTNONWJMVCBTTQBZHMBXZWYZGSWCDHLUGREGGWMJU   *\r\n* NEJPCRKFKLWVXHVOHVAHJNRHNBMUTLASCMIUPRPESXWZYLUXLRO                                             *\r\n* JNDZMCBBFPMZLESKYAZQGVOMRRJBGOICWIIPJIHMPNZDLXOTSKYLRYKNYRIVTAVQGK                              *\r\n* CVDBQSMBSWLB                                                                                    *\r\n* CPJVPXKYYUQRZMTPSIWAUMXPIISFXSRNQOSEQZBIZEEAMJQGTLZNOAAQRTMGEFBFCCBLTPYTHNBPIX                  *\r\n* ZRMMLSEZPOCM                                                                                    *\r\n* MUEUCYYKHFMDNGGAZKIUQNORTQNYDMWRCAGMJGMJZSRMAIXLYYQDUSHYFMBMLZHVIUBMZTRTXYVXVCRKSBAEVTXKTIHX    *\r\n* ZYZLVEFGLLEHXFVWKC                                                                              *\r\n* VQUJYCZPXQTR                                                                                    *\r\n* UOXAVLZYLEHPVWYNCNIFEBNFOAIWOIPRUSNIIVBYCEJMNTD                                                 *\r\n* BCVDKMHSASLVCDJCOPVDIQFHMK                                                                      *\r\n* ZSBSUXCUM                                                                                       *\r\n* MHHKVHPJFVZVGYXYZXLWOQAKIZZZQXAIWPCINSMIPXGODELDUWXE                                            *\r\n* PZVGXCVHQTIVQZRWOKHKCHQKLHDOWETZWZGPGB                                                          *\r\n* PRAYEYTMETHGLQTHIILVQYHLLZIYQSBPNURTBJMLRUZUPYIJCSYGVGZQJPNFPUW                                 *\r\n* RRSRYZFZWZDWZMVMRZWYUUUHUAKMVHVWYNDXGQKDMZKVCDQ                                                 *\r\n* TANQYXRWXLWXPSDPDGYMJYGAOSLVKZFRKNTVTEYAVGAUUMOUWVRVFDNVTNBFLVMXGFNBYHVYIXRCXMGCERZPHJLGZ       *\r\n* CGDSPZUDOOYMVOZSMIMLXHGZBUWWPWTHCAFPVPHRIUXRDSVKPPXDTOAVZDRVDXNSVRJUJKWWAVCDJPWIYLHAZQONAKPSYL  *\r\n* KGFWMIBBFSACYLWLKGJXRQMTFDWUZUDYOGRWESKZXKBHYNPBEYFLPOXU                                        *\r\n* LRJMGBKOBNRTZGRWJAGOEURNUQAPSJAJXCSBANQIRSXAYHEROOGOQFPRZVSQAVWSNIWXOPWVKXXMXRP                 *\r\n* LJBDCMSSMBBEVZIVWEMPLHDYSKETIDUIGFFRUTPBQDKNNRAK                                                *\r\n* BPSEZAEFCLSHYKJGTXPUQADOLZHXQKBKTDGNCDHFALRIXTRTAGUTLPYAMDTA                                    *\r\n* GPSJIOUDVEQQJTEJURSHOWKPIZDEFAYKGMTWZYPEWQFBECBWURRMBTEKFCBJKPYUGFKWZIKW                        *\r\n* NKXQILF                                                                                         *\r\n* HKNILJNIJRWWGUGRKVYSEWMHVKNIGTWRWLDFKMVWWOQQNZVTEGGNMNTKYGNAVFBPUFAUQBGYACVPGVTVPUEANJEIRTGEY   *\r\n* ARMAWIZACCZIMKREEDMRLBBBCKBRDXUBZFBEDFZLWORBAEWTQNPDSHJZQKYLHHXFHXJHJNBYDAVWJZBX                *\r\n* HAPIRJRVBNSHNDOQMTCVPKDMQZRLMQQJAXZHHWQORLHAJQQXHGWFYC                                          *\r\n* XXDRRRGJLWIHQEHJQDNDDDCDZJUEGULKXZCJDEZWLCVDAJASAXFCKZUTUARHXCCRLXJQBXFLDRSBHZCQJBDJOJAYEJODMSZ *\r\n* ZERCZJRCRUYTGTLVYBXVYTCCXLMSICYLRJ                                                              *\r\n* DHZQAJB                                                                                         *\r\n* UKGRLXTELVDKGBPFOWZTPVMBWRINYLWMXCIRRTAUOXNQOZVBSUBDKHBZYEVTOGGAYRN                             *\r\n***************************************************************************************************\r\n&quot;)" fullname="Open_Lab_04._14.Tests.TestWithRandom([&quot;TNXUPOATIEEHOLVCXMKYAFIJMWOYSPGYHCVDTCYWFRICMSUEJSIRAKXNFNITACATYGALPSJVOOSJXFXTCJPAGOXXFHXFTF&quot;, &quot;DRPEFSIORJNDMROQAQOQQMAMKICGHUDBISPSIARBUVYRTKLFQRXPFOFQQDUXPBGWFLVUBWIZZNWUOJSZXXQQX&quot;, &quot;WTMZBFGTLSOBLHOQDUIYPRRKBGKUZSKPZRPBICUDSFCDGNYKLGTWIZ&quot;, &quot;EBBYUUMUSHYBTSMIBZFFKPOEOIZJSYOHATKAGEZIGLJVILFSYYSWDTNONWJMVCBTTQBZHMBXZWYZGSWCDHLUGREGGWMJU&quot;, &quot;NEJPCRKFKLWVXHVOHVAHJNRHNBMUTLASCMIUPRPESXWZYLUXLRO&quot;, ...],&quot;***************************************************************************************************\r\n* TNXUPOATIEEHOLVCXMKYAFIJMWOYSPGYHCVDTCYWFRICMSUEJSIRAKXNFNITACATYGALPSJVOOSJXFXTCJPAGOXXFHXFTF  *\r\n* DRPEFSIORJNDMROQAQOQQMAMKICGHUDBISPSIARBUVYRTKLFQRXPFOFQQDUXPBGWFLVUBWIZZNWUOJSZXXQQX           *\r\n* WTMZBFGTLSOBLHOQDUIYPRRKBGKUZSKPZRPBICUDSFCDGNYKLGTWIZ                                          *\r\n* EBBYUUMUSHYBTSMIBZFFKPOEOIZJSYOHATKAGEZIGLJVILFSYYSWDTNONWJMVCBTTQBZHMBXZWYZGSWCDHLUGREGGWMJU   *\r\n* NEJPCRKFKLWVXHVOHVAHJNRHNBMUTLASCMIUPRPESXWZYLUXLRO                                             *\r\n* JNDZMCBBFPMZLESKYAZQGVOMRRJBGOICWIIPJIHMPNZDLXOTSKYLRYKNYRIVTAVQGK                              *\r\n* CVDBQSMBSWLB                                                                                    *\r\n* CPJVPXKYYUQRZMTPSIWAUMXPIISFXSRNQOSEQZBIZEEAMJQGTLZNOAAQRTMGEFBFCCBLTPYTHNBPIX                  *\r\n* ZRMMLSEZPOCM                                                                                    *\r\n* MUEUCYYKHFMDNGGAZKIUQNORTQNYDMWRCAGMJGMJZSRMAIXLYYQDUSHYFMBMLZHVIUBMZTRTXYVXVCRKSBAEVTXKTIHX    *\r\n* ZYZLVEFGLLEHXFVWKC                                                                              *\r\n* VQUJYCZPXQTR                                                                                    *\r\n* UOXAVLZYLEHPVWYNCNIFEBNFOAIWOIPRUSNIIVBYCEJMNTD                                                 *\r\n* BCVDKMHSASLVCDJCOPVDIQFHMK                                                                      *\r\n* ZSBSUXCUM                                                                                       *\r\n* MHHKVHPJFVZVGYXYZXLWOQAKIZZZQXAIWPCINSMIPXGODELDUWXE                                            *\r\n* PZVGXCVHQTIVQZRWOKHKCHQKLHDOWETZWZGPGB                                                          *\r\n* PRAYEYTMETHGLQTHIILVQYHLLZIYQSBPNURTBJMLRUZUPYIJCSYGVGZQJPNFPUW                                 *\r\n* RRSRYZFZWZDWZMVMRZWYUUUHUAKMVHVWYNDXGQKDMZKVCDQ                                                 *\r\n* TANQYXRWXLWXPSDPDGYMJYGAOSLVKZFRKNTVTEYAVGAUUMOUWVRVFDNVTNBFLVMXGFNBYHVYIXRCXMGCERZPHJLGZ       *\r\n* CGDSPZUDOOYMVOZSMIMLXHGZBUWWPWTHCAFPVPHRIUXRDSVKPPXDTOAVZDRVDXNSVRJUJKWWAVCDJPWIYLHAZQONAKPSYL  *\r\n* KGFWMIBBFSACYLWLKGJXRQMTFDWUZUDYOGRWESKZXKBHYNPBEYFLPOXU                                        *\r\n* LRJMGBKOBNRTZGRWJAGOEURNUQAPSJAJXCSBANQIRSXAYHEROOGOQFPRZVSQAVWSNIWXOPWVKXXMXRP                 *\r\n* LJBDCMSSMBBEVZIVWEMPLHDYSKETIDUIGFFRUTPBQDKNNRAK                                                *\r\n* BPSEZAEFCLSHYKJGTXPUQADOLZHXQKBKTDGNCDHFALRIXTRTAGUTLPYAMDTA                                    *\r\n* GPSJIOUDVEQQJTEJURSHOWKPIZDEFAYKGMTWZYPEWQFBECBWURRMBTEKFCBJKPYUGFKWZIKW                        *\r\n* NKXQILF                                                                                         *\r\n* HKNILJNIJRWWGUGRKVYSEWMHVKNIGTWRWLDFKMVWWOQQNZVTEGGNMNTKYGNAVFBPUFAUQBGYACVPGVTVPUEANJEIRTGEY   *\r\n* ARMAWIZACCZIMKREEDMRLBBBCKBRDXUBZFBEDFZLWORBAEWTQNPDSHJZQKYLHHXFHXJHJNBYDAVWJZBX                *\r\n* HAPIRJRVBNSHNDOQMTCVPKDMQZRLMQQJAXZHHWQORLHAJQQXHGWFYC                                          *\r\n* XXDRRRGJLWIHQEHJQDNDDDCDZJUEGULKXZCJDEZWLCVDAJASAXFCKZUTUARHXCCRLXJQBXFLDRSBHZCQJBDJOJAYEJODMSZ *\r\n* ZERCZJRCRUYTGTLVYBXVYTCCXLMSICYLRJ                                                              *\r\n* DHZQAJB                                                                                         *\r\n* UKGRLXTELVDKGBPFOWZTPVMBWRINYLWMXCIRRTAUOXNQOZVBSUBDKHBZYEVTOGGAYRN                             *\r\n***************************************************************************************************\r\n&quot;)" methodname="TestWithRandom" classname="Open_Lab_04._14.Tests" runstate="Runnable" seed="967436746" result="Passed" start-time="2021-12-27 14:18:12Z" end-time="2021-12-27 14:18:12Z" duration="0.009801" asserts="3603" />
            <test-case id="1093" name="TestWithRandom([&quot;XOVVEESHWNWWGUEJSCPAJTMYHGIQNSWMRIUFGHFCIRBQYXILBQFPXDJDBWOYWBUEQKFXZYCKW&quot;, &quot;SSRWAJXWPWMHONZREKSGGGWXZNSKMDOUSLLRLFWFAAMXRJVRY&quot;, &quot;TSRQGLVUWMQNKMHRPDBIFZONFFUZFQSBMD&quot;, &quot;WCCEAWRIJONQAPATRPPDUDEKARWOFUPAGCLO&quot;, &quot;ZBMNQEZSPTJFWBLWAPSYREJZDDPYMJXEMGSNDQDZERKXNJITEEG&quot;, ...],&quot;********************************************************************************************************\r\n* XOVVEESHWNWWGUEJSCPAJTMYHGIQNSWMRIUFGHFCIRBQYXILBQFPXDJDBWOYWBUEQKFXZYCKW                            *\r\n* SSRWAJXWPWMHONZREKSGGGWXZNSKMDOUSLLRLFWFAAMXRJVRY                                                    *\r\n* TSRQGLVUWMQNKMHRPDBIFZONFFUZFQSBMD                                                                   *\r\n* WCCEAWRIJONQAPATRPPDUDEKARWOFUPAGCLO                                                                 *\r\n* ZBMNQEZSPTJFWBLWAPSYREJZDDPYMJXEMGSNDQDZERKXNJITEEG                                                  *\r\n* SPVUSMKNPAGFWETPIXSKLTUZTLMTUWUIDJLWLXVRFPJDLEBIQTKGLW                                               *\r\n* ZVVAHZQTT                                                                                            *\r\n* XCMTWEKCBEWJQOOKEDBLNXHHMAQ                                                                          *\r\n* ORPVQXNCOPTOZDJRFPFHLWVMSHTAUFGVOOOJOATTAMVPJMMJNPBWVJLRWCDJDMHJIYALPZDFVMGZAGCGUJNFDKAFC            *\r\n* NMXKPNEMGLLBUNMWAJCLQQZXOUZCFYXVISMQILWSUOZQUTPZTHJQCRGWMZVVOCGINQSBBVOPMKQCRJDUEZIYPHTQL            *\r\n* EIQBDSHQCDBNYYTUESAEFDWBQOTITGXBPLQFYKGYUAGZTRAKFUCAQHKBLPLPYZ                                       *\r\n* WGZXNHNVTLCKEXXHYNICYDWLIAPUJZRZUDJTUTNCSZIONXFEOHMBPWYSJNPMSSLUUDPBNENFAGKYUHYLUKGBMPJXER           *\r\n* GEAKZOOUJHERKUHAJMZXCPESHMJIEUSWVUGB                                                                 *\r\n* VLKGNODQTWHFPZLEUHRZICMEGPPPHVPNGBOAPQOAACOQCCPVGSBNPBRTYGAYZOIXHTZOKKPDSQYGOWCDZUIPUBXEJVCJQQBMTQJI *\r\n* BKWCXVZCLFBEXY                                                                                       *\r\n* GSDFWUEPHGNBOMMXNTZ                                                                                  *\r\n* KLNWFXCYQBETRWGBMDMIXUOWJULQYHNKXBUUFGZYSGZGBUJRFLLJHRAPWQMLMLZINUWQCMVFDNQRUIVPKTKNWECFAEXO         *\r\n********************************************************************************************************\r\n&quot;)" fullname="Open_Lab_04._14.Tests.TestWithRandom([&quot;XOVVEESHWNWWGUEJSCPAJTMYHGIQNSWMRIUFGHFCIRBQYXILBQFPXDJDBWOYWBUEQKFXZYCKW&quot;, &quot;SSRWAJXWPWMHONZREKSGGGWXZNSKMDOUSLLRLFWFAAMXRJVRY&quot;, &quot;TSRQGLVUWMQNKMHRPDBIFZONFFUZFQSBMD&quot;, &quot;WCCEAWRIJONQAPATRPPDUDEKARWOFUPAGCLO&quot;, &quot;ZBMNQEZSPTJFWBLWAPSYREJZDDPYMJXEMGSNDQDZERKXNJITEEG&quot;, ...],&quot;********************************************************************************************************\r\n* XOVVEESHWNWWGUEJSCPAJTMYHGIQNSWMRIUFGHFCIRBQYXILBQFPXDJDBWOYWBUEQKFXZYCKW                            *\r\n* SSRWAJXWPWMHONZREKSGGGWXZNSKMDOUSLLRLFWFAAMXRJVRY                                                    *\r\n* TSRQGLVUWMQNKMHRPDBIFZONFFUZFQSBMD                                                                   *\r\n* WCCEAWRIJONQAPATRPPDUDEKARWOFUPAGCLO                                                                 *\r\n* ZBMNQEZSPTJFWBLWAPSYREJZDDPYMJXEMGSNDQDZERKXNJITEEG                                                  *\r\n* SPVUSMKNPAGFWETPIXSKLTUZTLMTUWUIDJLWLXVRFPJDLEBIQTKGLW                                               *\r\n* ZVVAHZQTT                                                                                            *\r\n* XCMTWEKCBEWJQOOKEDBLNXHHMAQ                                                                          *\r\n* ORPVQXNCOPTOZDJRFPFHLWVMSHTAUFGVOOOJOATTAMVPJMMJNPBWVJLRWCDJDMHJIYALPZDFVMGZAGCGUJNFDKAFC            *\r\n* NMXKPNEMGLLBUNMWAJCLQQZXOUZCFYXVISMQILWSUOZQUTPZTHJQCRGWMZVVOCGINQSBBVOPMKQCRJDUEZIYPHTQL            *\r\n* EIQBDSHQCDBNYYTUESAEFDWBQOTITGXBPLQFYKGYUAGZTRAKFUCAQHKBLPLPYZ                                       *\r\n* WGZXNHNVTLCKEXXHYNICYDWLIAPUJZRZUDJTUTNCSZIONXFEOHMBPWYSJNPMSSLUUDPBNENFAGKYUHYLUKGBMPJXER           *\r\n* GEAKZOOUJHERKUHAJMZXCPESHMJIEUSWVUGB                                                                 *\r\n* VLKGNODQTWHFPZLEUHRZICMEGPPPHVPNGBOAPQOAACOQCCPVGSBNPBRTYGAYZOIXHTZOKKPDSQYGOWCDZUIPUBXEJVCJQQBMTQJI *\r\n* BKWCXVZCLFBEXY                                                                                       *\r\n* GSDFWUEPHGNBOMMXNTZ                                                                                  *\r\n* KLNWFXCYQBETRWGBMDMIXUOWJULQYHNKXBUUFGZYSGZGBUJRFLLJHRAPWQMLMLZINUWQCMVFDNQRUIVPKTKNWECFAEXO         *\r\n********************************************************************************************************\r\n&quot;)" methodname="TestWithRandom" classname="Open_Lab_04._14.Tests" runstate="Runnable" seed="2112622719" result="Passed" start-time="2021-12-27 14:18:12Z" end-time="2021-12-27 14:18:12Z" duration="0.003866" asserts="1998" />
            <test-case id="1094" name="TestWithRandom([&quot;LGGRTGYSPTPFGUBJVOVXBSBMMJSQQXOGLPCJKDOORREQXQXHERJJTWM&quot;, &quot;FUEKNICSFJTQSSZSZGGJOKPVLKLZNFNPCJDQYEAIPMLOXHPMSRJMQDFVEIZDWDEZWDNIOITVGX&quot;, &quot;BYBXDUZHVWAZZEHLPFXMMHLRTUGXJYNGSJDWDLVIXVJDVEOEHXDQIKHUNJEJNBXXIUGPAKHEJPPQY&quot;, &quot;WPFCQMUXXHCIJUGMUVXLVBXYEWPYHTV&quot;, &quot;VFMODLLLCLWZMRBNXXUTSMMVRGXUXWPEMLNEHSIIKMIJFYMMVCAJYCYISRWWNROGV&quot;, ...],&quot;********************************************************************************************************\r\n* LGGRTGYSPTPFGUBJVOVXBSBMMJSQQXOGLPCJKDOORREQXQXHERJJTWM                                              *\r\n* FUEKNICSFJTQSSZSZGGJOKPVLKLZNFNPCJDQYEAIPMLOXHPMSRJMQDFVEIZDWDEZWDNIOITVGX                           *\r\n* BYBXDUZHVWAZZEHLPFXMMHLRTUGXJYNGSJDWDLVIXVJDVEOEHXDQIKHUNJEJNBXXIUGPAKHEJPPQY                        *\r\n* WPFCQMUXXHCIJUGMUVXLVBXYEWPYHTV                                                                      *\r\n* VFMODLLLCLWZMRBNXXUTSMMVRGXUXWPEMLNEHSIIKMIJFYMMVCAJYCYISRWWNROGV                                    *\r\n* NBEWFFOMIGDCPTULYUVFGJNEMPVMUTXCONLLHYWVVLTREPBDBCSTKPKDNAKPKCRPIBO                                  *\r\n* IJDZYAKUP                                                                                            *\r\n* ZWNSKSBERYDIXHOGKSUEJDBZVSYSVKFPNRBOCRSZNDJPYZLWLRPRALMVUNXRTIIHTNUGGAETAVQFULBVGCHE                 *\r\n* NOCFFTOUAFFVBWKFFQKMWRFUGBJMBLRBENGZSAAHQYAPLKTOQPALWRXVJHZEJBSONDQOQLMFPDVYRQI                      *\r\n* IUWMKFEMPKQLBWXOFLBHUEYEDVWTWZESYDWOFGEHZDYFVBDTFGSGOABDVRIPJLQPFXMYZIJYHTIQGTJBSDNP                 *\r\n* YEYCTTOXOYONIZYPFTWXTZUSLWC                                                                          *\r\n* GXGXAJHSNVGPVBSVUCXTLMMKQRNZK                                                                        *\r\n* QWQGRRRQMZRFBJMGCSHYXIZ                                                                              *\r\n* WUKWGIVIIHFJYOKADEPYBFKDXKPUSLIIX                                                                    *\r\n* KWHVJDDJXTECHOIGVTSBGQKHYWTBQXZWM                                                                    *\r\n* DNSIULUSIQYUCBLLQOPWBULAWMKCSZUHQRLUNMZGGNHTIDUSPFGLHQOIBSLHBSZI                                     *\r\n* QEKQRXDPIPNMSRSSSMNTIAACCTVBRFOOZXRZJCYHDWYAAVJASPJFLPOQEINYCBXCBZNVATIQOGPLBABGJUICWJC              *\r\n* JBUBOAFBZVYBIOAYGSQFACOEGHOHSUGSXELYY                                                                *\r\n* COBNMGBAYUTKWDSWJGNQUGLXIEPFD                                                                        *\r\n* CBZYQCEMPICFJTN                                                                                      *\r\n* YCAAUELIMVCDEIQVWUSRKXNPRWRENPXRJZ                                                                   *\r\n* MFCIXQRMVZBHHRHIOBVYAPKJ                                                                             *\r\n* NGVXXLTFCEQULUBSLSQQPKNGGIPNBFXVTKKJVOXNHCENRODHUFPXTSICTPRPVFDWHUAAJSXWUCJNFAPRFHTVPZBBCHPGX        *\r\n* RBYHFWOCXBISCRJVWTAZJNMIHHTYYBCQ                                                                     *\r\n* MKHOYUTCDKSMXWKRHLWGXYDPQAYCPEVZSSQGBGYYHXFDTVKKJHQQFKCNGRYXWQNZOTUEGDPBMYZASAVUQNSINETHQCZJIBCQJGP  *\r\n* AFEF                                                                                                 *\r\n* PEHLCUGWDGIXELJZMNEEFSLVIQMKUTKJNRYALWOHTNEUUSEVFAOSZBLWTMCLIVBKWZ                                   *\r\n* NNIOQZWKSOQBQLQFTFSJLGBHYUCYXLUYUHRIWMXSDQ                                                           *\r\n* HCLMASQHEDPZHLBPWWXNGUSGIUHIHIZGUNTENHCGHEPUEIJWVWBVFDMNKEDFKIAWDJEUSXCOU                            *\r\n* GCFXBZLLNLGDARBGUJEWWYETQVEPEXUMBOXJHMCDUZUOPAINTLCSKXUHYMGGVWGPRUC                                  *\r\n* URYHGACXEPDQMQVTVBCDTPLVGWIXSFXVXVSBNVMKVXDIIPTEAN                                                   *\r\n* PSZTEGCBJSEEYRITQYUFZORIVMCNQDDXFLICYCOVKUDSQTERAWCGGHUAAQXRDPKGOHZNJFUOJYVFLZR                      *\r\n* ILNUAWRXQH                                                                                           *\r\n* HEWSVJWDJT                                                                                           *\r\n* HUBNWHLPPAZVJSCQFSPBXCDNKNGAWOWHIRESSMZJLBSBHIMASSRLURTERODJBLSAER                                   *\r\n* SNJYSSGQVKBFBBFHEXKNRXZBEJQIAIRWQWTMJUYSNBYUPJBIV                                                    *\r\n* ODTEVVOITJBXPNSE                                                                                     *\r\n* FHTYJYRZPZELUHIMWUOCLAYXBAPQQLKCLUWACGEECEFWJWZBTLTSECDEJVW                                          *\r\n* JBJDOCAALHKQPJAHVBOEBNXESSXJQRRGJVVA                                                                 *\r\n* BIHWYPLBDDVBVJHHSIVDFLWFRJTQEGTNZMTTGHCXLDOOCHVIJYQNAXPQMCFOWUXWJIBJPOBLFXRBXHCJO                    *\r\n* HFQGMCWDHECOBRGRETGLSVXFIDFNSEZVZKNRGDVZMMGW                                                         *\r\n* QVAVFCJDDSLHKYJWIKCEGOQDOLBYHYFOAW                                                                   *\r\n* HFSNBQSWRBKVFLCECDRBCEWGTBKVEMXGOGCQQWBOOSZBEQWMEUDKJUPCILTAFWREEDHY                                 *\r\n* MNFCDNJFVCDEYRKJMXTRZIEDAJRAUXBIXCSGY                                                                *\r\n* GHFWNJPVHFHVRFOHJDJCCTWJLXBUHVZDK                                                                    *\r\n* RMLDUVNEBMSYFVUQ                                                                                     *\r\n* OXWGMKWLPIUOLFEKNOBVGJNOXSJQNRFARCKFOXFBPRENSQPGONRGSUMFJHIUBFYXCUWJVYWQJA                           *\r\n* OEAWHCCCZAYHXPFVHPLAKTGK                                                                             *\r\n* TGLPRBXSOXBJLBSYDYXDNZUQDPAXAVVXPYOVRMHYAPISDMVOTBGUJHKTLVMCAARSBETMMWGQQYCYRCMRTMEYPBNIOUJV         *\r\n* FY                                                                                                   *\r\n* XQQZ                                                                                                 *\r\n* IBWVQDKELBJJVJNVSDAQKYRMKQLZBABLMYKLHDYXCECSZMFWKFFMPJIKJKKASKCLAYWXYBNOE                            *\r\n* NGWYMYLOOWVOW                                                                                        *\r\n* QACWTYFSBRSBQ                                                                                        *\r\n* XJRQIMVBOKYLODVGQMBTGYZQVFXVEEG                                                                      *\r\n* HDQFEEGKHOLRYHJCWVAFZXBZJAVCOAXJDOELMPBLG                                                            *\r\n* LSMHSNWVZJEBKKBRWEJDVGRCOKDXPGUPZILIMBHHGSBNFCDTKUTXCCVEAKTIJYFTPOCC                                 *\r\n* SEVWBXDFDXMGJNUMXNWMGICIZXHMIYQAAURQYAAESZXNHBZKKGSBFPSKCMWDPQXEGLFPWEOWMSUGKOBYXXBCGOVLBGNLEWOBC    *\r\n* GVVKNGRVPNVLAOLYFSPVYSQUNQRDSPDTESHGDNKVKKZHPPGZAFRWMHTOEAWWOODZJCHHGF                               *\r\n* SHTKNSIFYKSDMYGHWYTCCRNGWHAYNIYTUKYOSXGWVVYMWLRADVKIMCSBUMOGSKRPLZIBZROZSXHHSBKLQZ                   *\r\n* RYQGRSXUFIZDKDIAXCPALGKPPVLISCCQSPZRVSQJCXJRTTWDKBMIAZJLNAQWGPBCGJLUDREEMFYOWTWWZH                   *\r\n* RPUPTFODUCUCMVGKJHCASWIVVAVOUETWZRKNLUSOPNKCSCLSPIMPXGFVHYTSKZJQIXDVLTZPPNLFMGDSOCYMREZSMOGMA        *\r\n* EPETTVZQHWIXZJVZJAVADHAXYEXKIWNMOPIVBSNHTYVCDUEPXMFFRZWWOGVOXOHLIWIKAZYQNNHFMYUEZHNWQIVPTMHUXYKFQKTG *\r\n* UOXNORDSRKQMQPQBLUAATQOSETPDBOBENSESPIBRSWBBQ                                                        *\r\n* GJTEFPTGSDAFJVBZQCJMZXKXLCSIIWP                                                                      *\r\n* CWNGJXJLKGAASKZGPSFZSEIIYVSCXLYVOMCMIVPTSXBSXJFACMTPQ                                                *\r\n* VXNEINFHOZIEMGHMYUCMGUCQLOQRALSIEYQFZDNCNLICJSXYTPNYNEJAVXSTXN                                       *\r\n* DGAZNPCNUHAYVMZGTRRYKXTUAPQJ                                                                         *\r\n* KTEAEF                                                                                               *\r\n* JSKJQCTRNFOOWRZCFPWFNFZXZTMJNVYQGDWAGIHHECHVBBNJLRZLHZIDTMKXQJDRGXHSUZVXHPBLXDWXFCYWV                *\r\n* JGVSGTXKRVYQOEUUPLVCDSYXGPQMSOKHVTOAXBSBZXXGNHPRDKMM                                                 *\r\n* TJ                                                                                                   *\r\n* IYMRCKSDKQUUQTXNTTCGUSJZAZJHBYHBKXSZPBZOFUVWMUBJNZSGQDWQONQDBKCLJ                                    *\r\n* KSBYYSUOBAWMMFXAUCFALGBCLBKVNUSJNTKIIPAAMCCVTBALGBQAGIHDRZNWHZBGIMZSUPRFB                            *\r\n* OJEFIJAYOMESDELGQJ                                                                                   *\r\n* DTMAVNHC                                                                                             *\r\n* QRJLYBUYYMQDWIKPBQIUHNYIDXLBIIR                                                                      *\r\n********************************************************************************************************\r\n&quot;)" fullname="Open_Lab_04._14.Tests.TestWithRandom([&quot;LGGRTGYSPTPFGUBJVOVXBSBMMJSQQXOGLPCJKDOORREQXQXHERJJTWM&quot;, &quot;FUEKNICSFJTQSSZSZGGJOKPVLKLZNFNPCJDQYEAIPMLOXHPMSRJMQDFVEIZDWDEZWDNIOITVGX&quot;, &quot;BYBXDUZHVWAZZEHLPFXMMHLRTUGXJYNGSJDWDLVIXVJDVEOEHXDQIKHUNJEJNBXXIUGPAKHEJPPQY&quot;, &quot;WPFCQMUXXHCIJUGMUVXLVBXYEWPYHTV&quot;, &quot;VFMODLLLCLWZMRBNXXUTSMMVRGXUXWPEMLNEHSIIKMIJFYMMVCAJYCYISRWWNROGV&quot;, ...],&quot;********************************************************************************************************\r\n* LGGRTGYSPTPFGUBJVOVXBSBMMJSQQXOGLPCJKDOORREQXQXHERJJTWM                                              *\r\n* FUEKNICSFJTQSSZSZGGJOKPVLKLZNFNPCJDQYEAIPMLOXHPMSRJMQDFVEIZDWDEZWDNIOITVGX                           *\r\n* BYBXDUZHVWAZZEHLPFXMMHLRTUGXJYNGSJDWDLVIXVJDVEOEHXDQIKHUNJEJNBXXIUGPAKHEJPPQY                        *\r\n* WPFCQMUXXHCIJUGMUVXLVBXYEWPYHTV                                                                      *\r\n* VFMODLLLCLWZMRBNXXUTSMMVRGXUXWPEMLNEHSIIKMIJFYMMVCAJYCYISRWWNROGV                                    *\r\n* NBEWFFOMIGDCPTULYUVFGJNEMPVMUTXCONLLHYWVVLTREPBDBCSTKPKDNAKPKCRPIBO                                  *\r\n* IJDZYAKUP                                                                                            *\r\n* ZWNSKSBERYDIXHOGKSUEJDBZVSYSVKFPNRBOCRSZNDJPYZLWLRPRALMVUNXRTIIHTNUGGAETAVQFULBVGCHE                 *\r\n* NOCFFTOUAFFVBWKFFQKMWRFUGBJMBLRBENGZSAAHQYAPLKTOQPALWRXVJHZEJBSONDQOQLMFPDVYRQI                      *\r\n* IUWMKFEMPKQLBWXOFLBHUEYEDVWTWZESYDWOFGEHZDYFVBDTFGSGOABDVRIPJLQPFXMYZIJYHTIQGTJBSDNP                 *\r\n* YEYCTTOXOYONIZYPFTWXTZUSLWC                                                                          *\r\n* GXGXAJHSNVGPVBSVUCXTLMMKQRNZK                                                                        *\r\n* QWQGRRRQMZRFBJMGCSHYXIZ                                                                              *\r\n* WUKWGIVIIHFJYOKADEPYBFKDXKPUSLIIX                                                                    *\r\n* KWHVJDDJXTECHOIGVTSBGQKHYWTBQXZWM                                                                    *\r\n* DNSIULUSIQYUCBLLQOPWBULAWMKCSZUHQRLUNMZGGNHTIDUSPFGLHQOIBSLHBSZI                                     *\r\n* QEKQRXDPIPNMSRSSSMNTIAACCTVBRFOOZXRZJCYHDWYAAVJASPJFLPOQEINYCBXCBZNVATIQOGPLBABGJUICWJC              *\r\n* JBUBOAFBZVYBIOAYGSQFACOEGHOHSUGSXELYY                                                                *\r\n* COBNMGBAYUTKWDSWJGNQUGLXIEPFD                                                                        *\r\n* CBZYQCEMPICFJTN                                                                                      *\r\n* YCAAUELIMVCDEIQVWUSRKXNPRWRENPXRJZ                                                                   *\r\n* MFCIXQRMVZBHHRHIOBVYAPKJ                                                                             *\r\n* NGVXXLTFCEQULUBSLSQQPKNGGIPNBFXVTKKJVOXNHCENRODHUFPXTSICTPRPVFDWHUAAJSXWUCJNFAPRFHTVPZBBCHPGX        *\r\n* RBYHFWOCXBISCRJVWTAZJNMIHHTYYBCQ                                                                     *\r\n* MKHOYUTCDKSMXWKRHLWGXYDPQAYCPEVZSSQGBGYYHXFDTVKKJHQQFKCNGRYXWQNZOTUEGDPBMYZASAVUQNSINETHQCZJIBCQJGP  *\r\n* AFEF                                                                                                 *\r\n* PEHLCUGWDGIXELJZMNEEFSLVIQMKUTKJNRYALWOHTNEUUSEVFAOSZBLWTMCLIVBKWZ                                   *\r\n* NNIOQZWKSOQBQLQFTFSJLGBHYUCYXLUYUHRIWMXSDQ                                                           *\r\n* HCLMASQHEDPZHLBPWWXNGUSGIUHIHIZGUNTENHCGHEPUEIJWVWBVFDMNKEDFKIAWDJEUSXCOU                            *\r\n* GCFXBZLLNLGDARBGUJEWWYETQVEPEXUMBOXJHMCDUZUOPAINTLCSKXUHYMGGVWGPRUC                                  *\r\n* URYHGACXEPDQMQVTVBCDTPLVGWIXSFXVXVSBNVMKVXDIIPTEAN                                                   *\r\n* PSZTEGCBJSEEYRITQYUFZORIVMCNQDDXFLICYCOVKUDSQTERAWCGGHUAAQXRDPKGOHZNJFUOJYVFLZR                      *\r\n* ILNUAWRXQH                                                                                           *\r\n* HEWSVJWDJT                                                                                           *\r\n* HUBNWHLPPAZVJSCQFSPBXCDNKNGAWOWHIRESSMZJLBSBHIMASSRLURTERODJBLSAER                                   *\r\n* SNJYSSGQVKBFBBFHEXKNRXZBEJQIAIRWQWTMJUYSNBYUPJBIV                                                    *\r\n* ODTEVVOITJBXPNSE                                                                                     *\r\n* FHTYJYRZPZELUHIMWUOCLAYXBAPQQLKCLUWACGEECEFWJWZBTLTSECDEJVW                                          *\r\n* JBJDOCAALHKQPJAHVBOEBNXESSXJQRRGJVVA                                                                 *\r\n* BIHWYPLBDDVBVJHHSIVDFLWFRJTQEGTNZMTTGHCXLDOOCHVIJYQNAXPQMCFOWUXWJIBJPOBLFXRBXHCJO                    *\r\n* HFQGMCWDHECOBRGRETGLSVXFIDFNSEZVZKNRGDVZMMGW                                                         *\r\n* QVAVFCJDDSLHKYJWIKCEGOQDOLBYHYFOAW                                                                   *\r\n* HFSNBQSWRBKVFLCECDRBCEWGTBKVEMXGOGCQQWBOOSZBEQWMEUDKJUPCILTAFWREEDHY                                 *\r\n* MNFCDNJFVCDEYRKJMXTRZIEDAJRAUXBIXCSGY                                                                *\r\n* GHFWNJPVHFHVRFOHJDJCCTWJLXBUHVZDK                                                                    *\r\n* RMLDUVNEBMSYFVUQ                                                                                     *\r\n* OXWGMKWLPIUOLFEKNOBVGJNOXSJQNRFARCKFOXFBPRENSQPGONRGSUMFJHIUBFYXCUWJVYWQJA                           *\r\n* OEAWHCCCZAYHXPFVHPLAKTGK                                                                             *\r\n* TGLPRBXSOXBJLBSYDYXDNZUQDPAXAVVXPYOVRMHYAPISDMVOTBGUJHKTLVMCAARSBETMMWGQQYCYRCMRTMEYPBNIOUJV         *\r\n* FY                                                                                                   *\r\n* XQQZ                                                                                                 *\r\n* IBWVQDKELBJJVJNVSDAQKYRMKQLZBABLMYKLHDYXCECSZMFWKFFMPJIKJKKASKCLAYWXYBNOE                            *\r\n* NGWYMYLOOWVOW                                                                                        *\r\n* QACWTYFSBRSBQ                                                                                        *\r\n* XJRQIMVBOKYLODVGQMBTGYZQVFXVEEG                                                                      *\r\n* HDQFEEGKHOLRYHJCWVAFZXBZJAVCOAXJDOELMPBLG                                                            *\r\n* LSMHSNWVZJEBKKBRWEJDVGRCOKDXPGUPZILIMBHHGSBNFCDTKUTXCCVEAKTIJYFTPOCC                                 *\r\n* SEVWBXDFDXMGJNUMXNWMGICIZXHMIYQAAURQYAAESZXNHBZKKGSBFPSKCMWDPQXEGLFPWEOWMSUGKOBYXXBCGOVLBGNLEWOBC    *\r\n* GVVKNGRVPNVLAOLYFSPVYSQUNQRDSPDTESHGDNKVKKZHPPGZAFRWMHTOEAWWOODZJCHHGF                               *\r\n* SHTKNSIFYKSDMYGHWYTCCRNGWHAYNIYTUKYOSXGWVVYMWLRADVKIMCSBUMOGSKRPLZIBZROZSXHHSBKLQZ                   *\r\n* RYQGRSXUFIZDKDIAXCPALGKPPVLISCCQSPZRVSQJCXJRTTWDKBMIAZJLNAQWGPBCGJLUDREEMFYOWTWWZH                   *\r\n* RPUPTFODUCUCMVGKJHCASWIVVAVOUETWZRKNLUSOPNKCSCLSPIMPXGFVHYTSKZJQIXDVLTZPPNLFMGDSOCYMREZSMOGMA        *\r\n* EPETTVZQHWIXZJVZJAVADHAXYEXKIWNMOPIVBSNHTYVCDUEPXMFFRZWWOGVOXOHLIWIKAZYQNNHFMYUEZHNWQIVPTMHUXYKFQKTG *\r\n* UOXNORDSRKQMQPQBLUAATQOSETPDBOBENSESPIBRSWBBQ                                                        *\r\n* GJTEFPTGSDAFJVBZQCJMZXKXLCSIIWP                                                                      *\r\n* CWNGJXJLKGAASKZGPSFZSEIIYVSCXLYVOMCMIVPTSXBSXJFACMTPQ                                                *\r\n* VXNEINFHOZIEMGHMYUCMGUCQLOQRALSIEYQFZDNCNLICJSXYTPNYNEJAVXSTXN                                       *\r\n* DGAZNPCNUHAYVMZGTRRYKXTUAPQJ                                                                         *\r\n* KTEAEF                                                                                               *\r\n* JSKJQCTRNFOOWRZCFPWFNFZXZTMJNVYQGDWAGIHHECHVBBNJLRZLHZIDTMKXQJDRGXHSUZVXHPBLXDWXFCYWV                *\r\n* JGVSGTXKRVYQOEUUPLVCDSYXGPQMSOKHVTOAXBSBZXXGNHPRDKMM                                                 *\r\n* TJ                                                                                                   *\r\n* IYMRCKSDKQUUQTXNTTCGUSJZAZJHBYHBKXSZPBZOFUVWMUBJNZSGQDWQONQDBKCLJ                                    *\r\n* KSBYYSUOBAWMMFXAUCFALGBCLBKVNUSJNTKIIPAAMCCVTBALGBQAGIHDRZNWHZBGIMZSUPRFB                            *\r\n* OJEFIJAYOMESDELGQJ                                                                                   *\r\n* DTMAVNHC                                                                                             *\r\n* QRJLYBUYYMQDWIKPBQIUHNYIDXLBIIR                                                                      *\r\n********************************************************************************************************\r\n&quot;)" methodname="TestWithRandom" classname="Open_Lab_04._14.Tests" runstate="Runnable" seed="1548159356" result="Passed" start-time="2021-12-27 14:18:12Z" end-time="2021-12-27 14:18:12Z" duration="0.019244" asserts="8298" />
            <test-case id="1095" name="TestWithRandom([&quot;SIXCTTBKNIESYHKCLTXYHACSAHAQSP&quot;, &quot;UPVDAMMIWHKTFUQEQBZXOUDZRFFCLTLRXSJDCDJPYLAQXHXYKDJPTSAZMVLVH&quot;, &quot;XDVSWNKMBMRJYDUMCKHGRHJVXERKRGRNIOOWVEKJO&quot;, &quot;BWXJUXFZTBNATPTZURVAVUVDBKPXRXZYSTGMYOKUFRNQAHVYCVKSOOCGBUIJHHIWBPIAJHBGHBUDHEDUPQUWNHJDQZLDF&quot;, &quot;MX&quot;, ...],&quot;*************************************************************************************************\r\n* SIXCTTBKNIESYHKCLTXYHACSAHAQSP                                                                *\r\n* UPVDAMMIWHKTFUQEQBZXOUDZRFFCLTLRXSJDCDJPYLAQXHXYKDJPTSAZMVLVH                                 *\r\n* XDVSWNKMBMRJYDUMCKHGRHJVXERKRGRNIOOWVEKJO                                                     *\r\n* BWXJUXFZTBNATPTZURVAVUVDBKPXRXZYSTGMYOKUFRNQAHVYCVKSOOCGBUIJHHIWBPIAJHBGHBUDHEDUPQUWNHJDQZLDF *\r\n* MX                                                                                            *\r\n* ROKYUPVTDLMTYZWQNURMMIUFFJKWXAHOXUPP                                                          *\r\n*************************************************************************************************\r\n&quot;)" fullname="Open_Lab_04._14.Tests.TestWithRandom([&quot;SIXCTTBKNIESYHKCLTXYHACSAHAQSP&quot;, &quot;UPVDAMMIWHKTFUQEQBZXOUDZRFFCLTLRXSJDCDJPYLAQXHXYKDJPTSAZMVLVH&quot;, &quot;XDVSWNKMBMRJYDUMCKHGRHJVXERKRGRNIOOWVEKJO&quot;, &quot;BWXJUXFZTBNATPTZURVAVUVDBKPXRXZYSTGMYOKUFRNQAHVYCVKSOOCGBUIJHHIWBPIAJHBGHBUDHEDUPQUWNHJDQZLDF&quot;, &quot;MX&quot;, ...],&quot;*************************************************************************************************\r\n* SIXCTTBKNIESYHKCLTXYHACSAHAQSP                                                                *\r\n* UPVDAMMIWHKTFUQEQBZXOUDZRFFCLTLRXSJDCDJPYLAQXHXYKDJPTSAZMVLVH                                 *\r\n* XDVSWNKMBMRJYDUMCKHGRHJVXERKRGRNIOOWVEKJO                                                     *\r\n* BWXJUXFZTBNATPTZURVAVUVDBKPXRXZYSTGMYOKUFRNQAHVYCVKSOOCGBUIJHHIWBPIAJHBGHBUDHEDUPQUWNHJDQZLDF *\r\n* MX                                                                                            *\r\n* ROKYUPVTDLMTYZWQNURMMIUFFJKWXAHOXUPP                                                          *\r\n*************************************************************************************************\r\n&quot;)" methodname="TestWithRandom" classname="Open_Lab_04._14.Tests" runstate="Runnable" seed="1799267575" result="Passed" start-time="2021-12-27 14:18:12Z" end-time="2021-12-27 14:18:12Z" duration="0.001828" asserts="787" />
            <test-case id="1096" name="TestWithRandom([&quot;UBYCJVWKSZONSFVKXIUETLFZVCEYVDJGYRAQOJZYIUQKHKIBTMXHVNCIVZHGRYOOPHOAEFWNJWWYUURKUCFJGC&quot;, &quot;KOSUOCSGKGCVAVHWOQJYYRENBIWLOTFINVEMMKHLQQLSSZ&quot;, &quot;PNGRSWDNSKETGFGRQAUHEQVJDIXIHGMVBRHYICMLJHMBIRBFJZURXRLYRWNKZVFMY&quot;, &quot;RPYIIOOJYWETAMGSYILUXKFJGLOCMNCADZZ&quot;, &quot;GBQGDOTOTYVBDGXWBDLHJPBWZLXKUDPBMULXSERIQQPIPNYF&quot;, ...],&quot;********************************************************************************************************\r\n* UBYCJVWKSZONSFVKXIUETLFZVCEYVDJGYRAQOJZYIUQKHKIBTMXHVNCIVZHGRYOOPHOAEFWNJWWYUURKUCFJGC               *\r\n* KOSUOCSGKGCVAVHWOQJYYRENBIWLOTFINVEMMKHLQQLSSZ                                                       *\r\n* PNGRSWDNSKETGFGRQAUHEQVJDIXIHGMVBRHYICMLJHMBIRBFJZURXRLYRWNKZVFMY                                    *\r\n* RPYIIOOJYWETAMGSYILUXKFJGLOCMNCADZZ                                                                  *\r\n* GBQGDOTOTYVBDGXWBDLHJPBWZLXKUDPBMULXSERIQQPIPNYF                                                     *\r\n* FZZOSCRZTHRRIUPIUPJVZEWMCQTATGMMRUPEQMURUYYXARHWZZVYPJRACNLBJQFM                                     *\r\n* EZOELSHVRBBFZMLJXAULNXIDOBCBSIDSMCVRTROGNDYIPVDBASMQLBGHRLPJPGCJXITWQTQFLNXKYZNTY                    *\r\n* AAWNH                                                                                                *\r\n* VOZHBFQHAPKHBGLGCGEXDWISYWKOGBMKBIBBUIDGWQJ                                                          *\r\n* OFRRPTYPIJHZFHJFUBBZCZGTFJMTCXBNMZDSE                                                                *\r\n* YMCXBRABWMYYLUPKHOZYMGHFMLIUNGERACDPXEXOSDNZVEMGXBROSGGSEXLQJGOPIHXJRANCR                            *\r\n* FITHKHYBWLOPYUVLKZTHEMOXQNGCOXOPXHBXYWNDSHJD                                                         *\r\n* SI                                                                                                   *\r\n* NGPNJJGSTWQW                                                                                         *\r\n* VMZX                                                                                                 *\r\n* SRTXMOMQPWDLXXEDPIIBFNBIDBFQCWUKFAARJQTBATUJPIYSRXGEQVTEPLUKIVNSCSFWXNUZOGAMSRTVCMZFPQTKGVBYVITFFBHW *\r\n* CVECHPKVH                                                                                            *\r\n* YRYHVWIDLZVQBLVDGNVHQKWTARUCHAJOZJDGXAXIWYVXGM                                                       *\r\n* TGEJXAZUNVFHEBGVLPHQRHPFFPMLSPZNOWBVDRMOAPPLSTSHQCKHZVCLRYDHNNCYVSSHZKSUDTQCSDN                      *\r\n* WFVQERNSTQEENEAMMQPZALHFJPDGFATNKRKISMTDEAOJFOHY                                                     *\r\n* DPBOOLLXPGPOHNTXRTVURTAWLVAXYZVIENBKRZWFYKDGEPWNULOULEAKPECSLOZPKGJULIFR                             *\r\n* PVHPUSWZNCMLBWAMRVNWDUKLOWXGBBMFWWVITUVMGTYMMEIJJHTMSVTVLWBYUPXLPHOEARTXABQKVYYJNOXUIZNBDAX          *\r\n* SWRQWNWFQDIROWMREJZNYRKGSCDQTMBAUWEDJZOIBSTJFFFLNWXUBKYAMLXTKGLDBIXRRIHEUQLFYAANXRCXOHZJX            *\r\n* RXBUYVGPIWINUEOSZ                                                                                    *\r\n* YTCLKKWSDOPUJNUNRKCARQYISDFJWYJWIOLEBFMRYG                                                           *\r\n* SANNUTHMDPYTIUUTGFNWEESMUCPLMXLBLXGHFQKPPLFHJVCKHLFLLJNNIBSSEVAGDXHKNMOQ                             *\r\n* XGTZLDZZFDARAQBJSZDXSLTKYDLORWVXPQNDUOWXTSYSAPDGFBUMKSCMMIAIRLHJICBJCYPEDGEZMBKJA                    *\r\n* IQBINXNBQLOOGILPJXNTD                                                                                *\r\n* LQJEODZLYQHLCQHZPEVBHDPOZWNX                                                                         *\r\n* MWGBBELZJIKBFNXGUFVHKIIXBZIAUERPCTLUBKBLWAGVLACQSIFQSPHENJZBWKEERVYMB                                *\r\n* FKDJLJCMMBXRI                                                                                        *\r\n* ZBWNLHHRKZOLWBEPCPOOCUMJDXCAWYEECREPZLAUVNZDUZNAIX                                                   *\r\n* HDTKEONJNEHUMVKIEXOPQOTSOVJOEKCSZZWBJHABMCNPOSNIKQIDTHITJAVJFYFDCPVMZIZXWMDOBDEVIAENBYYSQDRILQWNX    *\r\n* MZXAIBRLGGEURFWZBEUSCDQCVWRQLGQPRSQEY                                                                *\r\n* SCVPSSOWLLMMPSTEGJJVEMJAZAQOD                                                                        *\r\n* PRBTLRWMLXOZLGDZQXVMLHUCCGSVQSCZTLWULWHBIUYLGFBDWAJSTQOHXYQFYBWSVPFZKJOUQTDRJIWXFPYPIJFCXOXMFCCHXFQ  *\r\n* ZCSNMPCZNXXOBTZJCGJMJCBVLBONQWTESFXDWKDSGGPARJKLCTEQVDGWAXBKBOIQD                                    *\r\n* VVVWMSDRFDNAECQDLXSDIOZACYJTRRXZXYNPPFGMNEYDJATZTYDLYAKGWVTOIJZNFODFOBNFRGQ                          *\r\n* QVRCFKZTOMBXNHSUM                                                                                    *\r\n* DDEKXVWNKRKXTRJGPBDRIYJGZSNGSHJSTYCMZGXVGRAIIRSJNHRRQVJETYKEIQVCIRDVOXG                              *\r\n* DHKQYBXIADTKQSCYOXTBVSNQWXARNXUQBHNIKS                                                               *\r\n* RACEEWKMPPFGQDEOKUUUABGUCJ                                                                           *\r\n* JIETOVRCBSOJT                                                                                        *\r\n* LKBIRDMWTCOPYFPUHCUTADKWQKZBDVWLBIPREMLGQNPBEZX                                                      *\r\n* MGKLOALHZFRGDLSXGDNPPYPVQOCNOJRRMNOWKKWBWHSZVE                                                       *\r\n* FURVBLHWNRP                                                                                          *\r\n* AXYTQNATQWWMVGMTHGPAMLXSWNQFFRAFVPWDYOCMUKMIYFAUZOOHCPIOZFXCXUOYVQRFKIUTDCFBZPUQN                    *\r\n* GQDSDFHHDTQZPZVOMHOUKQUUEZKGPKKGPCOXUCNLYCFADENFGLCNCTKQWJODVASSIJKMLXTKTCVHKTQZLE                   *\r\n* EI                                                                                                   *\r\n* EVRXBLNJPXKMSTUAUIRSTAXDFDSPSRANKLFOVNWHWJMXXYBXFKJSMQDDYOSYSYRYXWCHOFEHLKWJNZFHCVJHHIBTHB           *\r\n* HUYOXSOABWUIZFCGCUUQYILVXPJRPVIZMPXMMVYQZZELIMJBEBYZNLRYJCRHIW                                       *\r\n* FNUWKIQTGVDQYEZNKFIMOWJMBYYCKERICPYXNQZTN                                                            *\r\n* RDKUSUKOGBAJWJDIVLKOJCEVOJFB                                                                         *\r\n* UG                                                                                                   *\r\n* ZHEFBGFDSVXPHSSOTFVNJZXPZPGJPIOLVMKPFYGOGGWOEPNVQQHVZSFZJ                                            *\r\n* GMAWOJHLTUHDJVYGHCCJKJBLSYATMCGKFPRUOKSMHTVTNNGMXSLDXAEWKPD                                          *\r\n* JNZQOWYTEDSXKQBROIXFROVURCNFLUJZGCDTTEEQONHTAOTHYNICRYYUSEZLJT                                       *\r\n* JTTQIMIXJDHQEGBUDJGGXMHHIDIBPFSHVE                                                                   *\r\n* AGXLUPQYYKHUOQKVBCMKWLLIEDHIELZUZIBNGYMQHOJXAJULEJRFJTBOVOGQIHTNKMUFOXPDPVDICOIVJVDVTULFGMSRSV       *\r\n* ZUVMNOPWHTOPNQTMGGLHMEXTQBOZCEY                                                                      *\r\n* UNDNGBVHUZVCFEYPNALLGNUVWCVMZPUCUDVZMFFEKDN                                                          *\r\n* IVNLCZLBTMEGTIREGJHEESHCJZCIUGACAHMBPJJAESJHZOGDOBYBWJ                                               *\r\n* POKCDWDGMMBGLWQPWZHALJZDUTZUTHZGQXWME                                                                *\r\n* GDAMWVYIUHXMCCOJXGOGHKXJNFNUPO                                                                       *\r\n* DKOTDZZMDFLYRWHFXSHZPYYAWGQYRIDTGHUBNIKJYULAVLFNFZQCHOKFMOWXIAUVCSSJBFROHXBVMXELADSRSBLRXPPZMNBXZQYD *\r\n* VLAIBVKMOSOKLWFIDCAGAMMQSBTWEVWYASERSJQGBFIXAOARVPWNXXRJZKQZBNITVPJSRNPU                             *\r\n* UFVDPPDBCAOZJBDAVRITQENWPBKEHZIZCBDRWFKUMYZNTT                                                       *\r\n* OGRVVHAVPSYONEZTCSPXHXMEPHNGRFADVPWYQDMSBGOZXR                                                       *\r\n* QNFWUEWEQUNGOTUDJSVSXIADYGWVBJMHYKXTMIFZYLFECXXYHDEHCYZHMCYNHADGHFHEWAQAMVTMCWAAIYOXFFEZK            *\r\n* GKKRSXIYWXPTCGMDUGENFQCXFJMFBBAITGTGQUDWDEZDLOVHLCLYUXKQIMMI                                         *\r\n* DXUWHAVNFNACIKBQYMQNEUZQCNVWCYDHUKAGEGDOAUFOK                                                        *\r\n* MNJAJAWVHIXEUTEYKHJSIYJULSIBMJPKFGBINCPCLYDRJAMKKBKYFSNNDPOQRVJXTNYNSVLHRGHJUSLKGYR                  *\r\n* YRFNTNFYNYLQPFXVCYROQCGYLESKEEKTDYYCILTEQNU                                                          *\r\n********************************************************************************************************\r\n&quot;)" fullname="Open_Lab_04._14.Tests.TestWithRandom([&quot;UBYCJVWKSZONSFVKXIUETLFZVCEYVDJGYRAQOJZYIUQKHKIBTMXHVNCIVZHGRYOOPHOAEFWNJWWYUURKUCFJGC&quot;, &quot;KOSUOCSGKGCVAVHWOQJYYRENBIWLOTFINVEMMKHLQQLSSZ&quot;, &quot;PNGRSWDNSKETGFGRQAUHEQVJDIXIHGMVBRHYICMLJHMBIRBFJZURXRLYRWNKZVFMY&quot;, &quot;RPYIIOOJYWETAMGSYILUXKFJGLOCMNCADZZ&quot;, &quot;GBQGDOTOTYVBDGXWBDLHJPBWZLXKUDPBMULXSERIQQPIPNYF&quot;, ...],&quot;********************************************************************************************************\r\n* UBYCJVWKSZONSFVKXIUETLFZVCEYVDJGYRAQOJZYIUQKHKIBTMXHVNCIVZHGRYOOPHOAEFWNJWWYUURKUCFJGC               *\r\n* KOSUOCSGKGCVAVHWOQJYYRENBIWLOTFINVEMMKHLQQLSSZ                                                       *\r\n* PNGRSWDNSKETGFGRQAUHEQVJDIXIHGMVBRHYICMLJHMBIRBFJZURXRLYRWNKZVFMY                                    *\r\n* RPYIIOOJYWETAMGSYILUXKFJGLOCMNCADZZ                                                                  *\r\n* GBQGDOTOTYVBDGXWBDLHJPBWZLXKUDPBMULXSERIQQPIPNYF                                                     *\r\n* FZZOSCRZTHRRIUPIUPJVZEWMCQTATGMMRUPEQMURUYYXARHWZZVYPJRACNLBJQFM                                     *\r\n* EZOELSHVRBBFZMLJXAULNXIDOBCBSIDSMCVRTROGNDYIPVDBASMQLBGHRLPJPGCJXITWQTQFLNXKYZNTY                    *\r\n* AAWNH                                                                                                *\r\n* VOZHBFQHAPKHBGLGCGEXDWISYWKOGBMKBIBBUIDGWQJ                                                          *\r\n* OFRRPTYPIJHZFHJFUBBZCZGTFJMTCXBNMZDSE                                                                *\r\n* YMCXBRABWMYYLUPKHOZYMGHFMLIUNGERACDPXEXOSDNZVEMGXBROSGGSEXLQJGOPIHXJRANCR                            *\r\n* FITHKHYBWLOPYUVLKZTHEMOXQNGCOXOPXHBXYWNDSHJD                                                         *\r\n* SI                                                                                                   *\r\n* NGPNJJGSTWQW                                                                                         *\r\n* VMZX                                                                                                 *\r\n* SRTXMOMQPWDLXXEDPIIBFNBIDBFQCWUKFAARJQTBATUJPIYSRXGEQVTEPLUKIVNSCSFWXNUZOGAMSRTVCMZFPQTKGVBYVITFFBHW *\r\n* CVECHPKVH                                                                                            *\r\n* YRYHVWIDLZVQBLVDGNVHQKWTARUCHAJOZJDGXAXIWYVXGM                                                       *\r\n* TGEJXAZUNVFHEBGVLPHQRHPFFPMLSPZNOWBVDRMOAPPLSTSHQCKHZVCLRYDHNNCYVSSHZKSUDTQCSDN                      *\r\n* WFVQERNSTQEENEAMMQPZALHFJPDGFATNKRKISMTDEAOJFOHY                                                     *\r\n* DPBOOLLXPGPOHNTXRTVURTAWLVAXYZVIENBKRZWFYKDGEPWNULOULEAKPECSLOZPKGJULIFR                             *\r\n* PVHPUSWZNCMLBWAMRVNWDUKLOWXGBBMFWWVITUVMGTYMMEIJJHTMSVTVLWBYUPXLPHOEARTXABQKVYYJNOXUIZNBDAX          *\r\n* SWRQWNWFQDIROWMREJZNYRKGSCDQTMBAUWEDJZOIBSTJFFFLNWXUBKYAMLXTKGLDBIXRRIHEUQLFYAANXRCXOHZJX            *\r\n* RXBUYVGPIWINUEOSZ                                                                                    *\r\n* YTCLKKWSDOPUJNUNRKCARQYISDFJWYJWIOLEBFMRYG                                                           *\r\n* SANNUTHMDPYTIUUTGFNWEESMUCPLMXLBLXGHFQKPPLFHJVCKHLFLLJNNIBSSEVAGDXHKNMOQ                             *\r\n* XGTZLDZZFDARAQBJSZDXSLTKYDLORWVXPQNDUOWXTSYSAPDGFBUMKSCMMIAIRLHJICBJCYPEDGEZMBKJA                    *\r\n* IQBINXNBQLOOGILPJXNTD                                                                                *\r\n* LQJEODZLYQHLCQHZPEVBHDPOZWNX                                                                         *\r\n* MWGBBELZJIKBFNXGUFVHKIIXBZIAUERPCTLUBKBLWAGVLACQSIFQSPHENJZBWKEERVYMB                                *\r\n* FKDJLJCMMBXRI                                                                                        *\r\n* ZBWNLHHRKZOLWBEPCPOOCUMJDXCAWYEECREPZLAUVNZDUZNAIX                                                   *\r\n* HDTKEONJNEHUMVKIEXOPQOTSOVJOEKCSZZWBJHABMCNPOSNIKQIDTHITJAVJFYFDCPVMZIZXWMDOBDEVIAENBYYSQDRILQWNX    *\r\n* MZXAIBRLGGEURFWZBEUSCDQCVWRQLGQPRSQEY                                                                *\r\n* SCVPSSOWLLMMPSTEGJJVEMJAZAQOD                                                                        *\r\n* PRBTLRWMLXOZLGDZQXVMLHUCCGSVQSCZTLWULWHBIUYLGFBDWAJSTQOHXYQFYBWSVPFZKJOUQTDRJIWXFPYPIJFCXOXMFCCHXFQ  *\r\n* ZCSNMPCZNXXOBTZJCGJMJCBVLBONQWTESFXDWKDSGGPARJKLCTEQVDGWAXBKBOIQD                                    *\r\n* VVVWMSDRFDNAECQDLXSDIOZACYJTRRXZXYNPPFGMNEYDJATZTYDLYAKGWVTOIJZNFODFOBNFRGQ                          *\r\n* QVRCFKZTOMBXNHSUM                                                                                    *\r\n* DDEKXVWNKRKXTRJGPBDRIYJGZSNGSHJSTYCMZGXVGRAIIRSJNHRRQVJETYKEIQVCIRDVOXG                              *\r\n* DHKQYBXIADTKQSCYOXTBVSNQWXARNXUQBHNIKS                                                               *\r\n* RACEEWKMPPFGQDEOKUUUABGUCJ                                                                           *\r\n* JIETOVRCBSOJT                                                                                        *\r\n* LKBIRDMWTCOPYFPUHCUTADKWQKZBDVWLBIPREMLGQNPBEZX                                                      *\r\n* MGKLOALHZFRGDLSXGDNPPYPVQOCNOJRRMNOWKKWBWHSZVE                                                       *\r\n* FURVBLHWNRP                                                                                          *\r\n* AXYTQNATQWWMVGMTHGPAMLXSWNQFFRAFVPWDYOCMUKMIYFAUZOOHCPIOZFXCXUOYVQRFKIUTDCFBZPUQN                    *\r\n* GQDSDFHHDTQZPZVOMHOUKQUUEZKGPKKGPCOXUCNLYCFADENFGLCNCTKQWJODVASSIJKMLXTKTCVHKTQZLE                   *\r\n* EI                                                                                                   *\r\n* EVRXBLNJPXKMSTUAUIRSTAXDFDSPSRANKLFOVNWHWJMXXYBXFKJSMQDDYOSYSYRYXWCHOFEHLKWJNZFHCVJHHIBTHB           *\r\n* HUYOXSOABWUIZFCGCUUQYILVXPJRPVIZMPXMMVYQZZELIMJBEBYZNLRYJCRHIW                                       *\r\n* FNUWKIQTGVDQYEZNKFIMOWJMBYYCKERICPYXNQZTN                                                            *\r\n* RDKUSUKOGBAJWJDIVLKOJCEVOJFB                                                                         *\r\n* UG                                                                                                   *\r\n* ZHEFBGFDSVXPHSSOTFVNJZXPZPGJPIOLVMKPFYGOGGWOEPNVQQHVZSFZJ                                            *\r\n* GMAWOJHLTUHDJVYGHCCJKJBLSYATMCGKFPRUOKSMHTVTNNGMXSLDXAEWKPD                                          *\r\n* JNZQOWYTEDSXKQBROIXFROVURCNFLUJZGCDTTEEQONHTAOTHYNICRYYUSEZLJT                                       *\r\n* JTTQIMIXJDHQEGBUDJGGXMHHIDIBPFSHVE                                                                   *\r\n* AGXLUPQYYKHUOQKVBCMKWLLIEDHIELZUZIBNGYMQHOJXAJULEJRFJTBOVOGQIHTNKMUFOXPDPVDICOIVJVDVTULFGMSRSV       *\r\n* ZUVMNOPWHTOPNQTMGGLHMEXTQBOZCEY                                                                      *\r\n* UNDNGBVHUZVCFEYPNALLGNUVWCVMZPUCUDVZMFFEKDN                                                          *\r\n* IVNLCZLBTMEGTIREGJHEESHCJZCIUGACAHMBPJJAESJHZOGDOBYBWJ                                               *\r\n* POKCDWDGMMBGLWQPWZHALJZDUTZUTHZGQXWME                                                                *\r\n* GDAMWVYIUHXMCCOJXGOGHKXJNFNUPO                                                                       *\r\n* DKOTDZZMDFLYRWHFXSHZPYYAWGQYRIDTGHUBNIKJYULAVLFNFZQCHOKFMOWXIAUVCSSJBFROHXBVMXELADSRSBLRXPPZMNBXZQYD *\r\n* VLAIBVKMOSOKLWFIDCAGAMMQSBTWEVWYASERSJQGBFIXAOARVPWNXXRJZKQZBNITVPJSRNPU                             *\r\n* UFVDPPDBCAOZJBDAVRITQENWPBKEHZIZCBDRWFKUMYZNTT                                                       *\r\n* OGRVVHAVPSYONEZTCSPXHXMEPHNGRFADVPWYQDMSBGOZXR                                                       *\r\n* QNFWUEWEQUNGOTUDJSVSXIADYGWVBJMHYKXTMIFZYLFECXXYHDEHCYZHMCYNHADGHFHEWAQAMVTMCWAAIYOXFFEZK            *\r\n* GKKRSXIYWXPTCGMDUGENFQCXFJMFBBAITGTGQUDWDEZDLOVHLCLYUXKQIMMI                                         *\r\n* DXUWHAVNFNACIKBQYMQNEUZQCNVWCYDHUKAGEGDOAUFOK                                                        *\r\n* MNJAJAWVHIXEUTEYKHJSIYJULSIBMJPKFGBINCPCLYDRJAMKKBKYFSNNDPOQRVJXTNYNSVLHRGHJUSLKGYR                  *\r\n* YRFNTNFYNYLQPFXVCYROQCGYLESKEEKTDYYCILTEQNU                                                          *\r\n********************************************************************************************************\r\n&quot;)" methodname="TestWithRandom" classname="Open_Lab_04._14.Tests" runstate="Runnable" seed="1304777149" result="Passed" start-time="2021-12-27 14:18:12Z" end-time="2021-12-27 14:18:12Z" duration="0.017877" asserts="7878" />
            <test-case id="1097" name="TestWithRandom([&quot;RTPVPIHGCUWKGBPUUUJORMRGUNQFNXCINCUKDPOVDMBDCSBJEJVTKEDFBIBCRBTESNWEHERFFNKFKOECLHAEC&quot;, &quot;XJYOJVOMDBTWKOVWCZRQNXTYUNEYQKAOCIQNG&quot;, &quot;VWRSJIMODPHPEBMLVAPZUWQPWTAETCYHQJDVYVNKLFJORBFZCRNQXGXZFCWQIIUBRZYVXQMA&quot;, &quot;EOOMCYUNBBCPIJJLEQWYWCDLIXRCKBMEMCTSJNDECCGGRMIPPJT&quot;, &quot;QCQBKDEEGSDZPYCFQRCRNSVUWWTVOCNAIMOKMRHFIYYKZHRTJDYXHCMXGWFOKIPDECQDJSSZJWIOULVOFZLLDPTGZQDQLTVAIUFW&quot;, ...],&quot;********************************************************************************************************\r\n* RTPVPIHGCUWKGBPUUUJORMRGUNQFNXCINCUKDPOVDMBDCSBJEJVTKEDFBIBCRBTESNWEHERFFNKFKOECLHAEC                *\r\n* XJYOJVOMDBTWKOVWCZRQNXTYUNEYQKAOCIQNG                                                                *\r\n* VWRSJIMODPHPEBMLVAPZUWQPWTAETCYHQJDVYVNKLFJORBFZCRNQXGXZFCWQIIUBRZYVXQMA                             *\r\n* EOOMCYUNBBCPIJJLEQWYWCDLIXRCKBMEMCTSJNDECCGGRMIPPJT                                                  *\r\n* QCQBKDEEGSDZPYCFQRCRNSVUWWTVOCNAIMOKMRHFIYYKZHRTJDYXHCMXGWFOKIPDECQDJSSZJWIOULVOFZLLDPTGZQDQLTVAIUFW *\r\n* OJRKZOKUXCUBQIKWEAPJKDSOCNPBHGAGYYQPUADAIMCOJPVKKEEUPMFLQDIMYJMR                                     *\r\n* NCRSUCDWOA                                                                                           *\r\n* AEEMREQDBFQMSFYQSRBZALLVNDSPBAYBMHKMYVUUSIPWWQZMWMLEMAYPSJZOLABBHPZKUMRXWHHRVPYWEGTPPTOLJUTPVG       *\r\n* RGOOHQORJUNIFTGUDLCJFHLLOBOBATCCP                                                                    *\r\n* PKHARGQOJVBKIRCAPESWCKUCAFBMRQSLSGDWMDTWTRXQJDTWYZDYJSWEPEZLEDWTCQSCNGNLKWDLNESWMFOSNUBZKYGHDHRQ     *\r\n* DNTLQISLRNNPKRLMCZZOEGIOSRPZFICEMQJQYLVWWGVGOJZHVVBIRBQXFFTZTSFJLIDTIUNREDSXKBAI                     *\r\n* HDKGTNKALLTRWCDAMUFGFZBHJEOISNDELHLOVCRVSTWJUAHAPWXHVBLICCXPYCHYHOGOQ                                *\r\n* FJDJOMCRNJWNTVPWJJVDLSECWQLYCFTTKAROELNZFLPOTLIMILFXTNCNF                                            *\r\n* MXAE                                                                                                 *\r\n* IPDDSEBSYVVXACQILHZPQAWZWXDIDZQYBVHYQIQHGSHBXPCLOSBQBOYISDGU                                         *\r\n* SPYFW                                                                                                *\r\n* EVRSCRRJYTVCHVSULXAXMXZFMCVGODIVATXPXZYYKFAOXBYYJYEAFZJHWLFAVKUUKZCOYCWLZBNHXKILDWXPZH               *\r\n* AJQTLTYDZKFEXYKAGBSBEMBKMDUWYMFVDJBEIJKRBXNXRFKMSWQNGFLOIGGIZB                                       *\r\n* MFKAOXGSXRAAGYESGSHE                                                                                 *\r\n* VROXYMWC                                                                                             *\r\n* CSZSARHFWP                                                                                           *\r\n* ETWFFEPDNAPSXCQOWDPLKQUPIAOYNLBWSRXCUIRUWSOCMZC                                                      *\r\n* JDKCGEBOYHWFQRQCZSAFFOTNLVORBSCJXYOJAYQOQJDNLMEECMCTZXKVJXRKP                                        *\r\n* MGENHRDGBACMPVLGBYRJOPPJJAOTADHFYFXWIYFMB                                                            *\r\n* LCQNIOJDVSTGVXQVDHDKFXTXNJYOYDTEIRDNSWSZJWIOLSJZGMUYJQQNJTZYQVFRZOXETDDHODBIPELVZYILJUVR             *\r\n* QEY                                                                                                  *\r\n* TJNRROXUFFCJMJGOHXEIEZRNTHFTFDDYELVUNRYPOBTTFBXLPCSSZQSTRAXJJDOCCEFANLBQZOTCFYHSJTECKK               *\r\n* NTCCNTOGKMRQBWXXDBCTKWPNTTFAQZLRSFRHLJNXKIJQOHFWMVBBIQOQEOIUOOPLAAXWEPMTNEJCNYZLNINUXKICQBDWATIVT    *\r\n* POKJSWIHNDGMCFOWGFBVNQRUFCMPTUWOIQJLBDQRLQXFWEYXIDMDTXKZWPDPJTOTHRDMVDVDOKJXSMYAEPHPHSULGKOM         *\r\n* BHSCEXEBLCEIJOJOMGKQCKULYLOWRGKOJDNCQUOOTZSMCHXELWTEDVXQNGDSIIJFRQZGAHXSRVXDSHIROKLVNGKNGWPKRVGLPMVM *\r\n* RDDZBMIYTXFXLEYWORKFLADRNAWPLOFM                                                                     *\r\n* JWGHWMUCPMYJMFRHOBUKHXRZLLAQSMESTBCHRPSFQCVNEIBVEHXNKBPMFGVKMEJDIGQKDJPZIPUEBEUDKELLPR               *\r\n* RMPCLTHTMTRFYRQSVRYEVHKKALRAHS                                                                       *\r\n* OQYYYNGEFBVILJZWLUMPTQNMKBFBZBHMTUDOZTRFOMSCZZZABPGFUDEXCMOWHEFDUJOQGKXSCHAGYKNLCEAKVBRQQGLMFV       *\r\n* KHPIPKJUQSNDNCXZSZCUDEVISSYZZYKNGJQYJBXATJJRHXDNSHTNCATGMGQWLJURHAWDMYPQBBBTUDAUOLHSFWKGPKM          *\r\n* LAPJPRJHB                                                                                            *\r\n* B                                                                                                    *\r\n* RCLAZALJGVIACBMLQQNBMNFBMRECTTTOJNBDLJGPYCVPSOHNFYRKMZHDWKOIWIPNCTQOAIZGKYDJS                        *\r\n* IYJRXUCICKGXGBVYTQMINZXSMWZKANWXLGBQYFLVLTQGIDCYLLFNXJCJAREAVR                                       *\r\n* POIMZZFZOERXUIRJJTAZOIJABERPHAKZ                                                                     *\r\n* LBSARCYGLRIFMIBJHUGUSTGFIKVHQSNTRDJGYJSRCTCRAUPVQFZFEFBRUNRGHQQTDPNJZUKXCPSYR                        *\r\n* ENUZRKTHPMBRLLSLJLDJNLGGWVUCDOMDAFIDMIZFZVZBHHJYFQGGVHCSGOCVQ                                        *\r\n* EAZYRGDOZAMXJRLFYOMVWMIGHSCPXXFDOJRZBJQCVRRFTXYLHBQNJVUSSTQYDNRBUJ                                   *\r\n* AZMEOYJZFUCMJURIWGRTTOZHHSRYHZPKKO                                                                   *\r\n* LVWBPZVOXPGHDMFVUDPOLAEWWGLRFFRCUXGMZFCUYZCRBLNMCEUHUALKQZEIODJSYEMGGSVPAVQLYNVLTZPAKJHULVW          *\r\n* ATFVQKTXYGGJJFHZKZMCETPPNIHOWRVKVVOHPUVNUYMMSFRFCIKLITVHEQHICFAGLVNNQZJPEZIFGDWHQCLOHJBCAHDYMMLOXFAX *\r\n* EOCYUGJLPAAUARZTMZBTLNJWLDRNTIACZPMOIPMDSQKGCEMVLVLGYDGQFFNROVRHAXVKELL                              *\r\n* MYBVDCUGQWCYWTDVIVICCVOWZCGEJBQZJOUABLNCLGBSTTKGUZBJDITRJFWAWQXPFDOHZDTXHGRWUWCFRAKJZGW              *\r\n* VCQWPN                                                                                               *\r\n* VILMQEDGQFEBWRXXNCQIWFO                                                                              *\r\n* YGNMWNXIUAWNIJMBOTTDVFZKXFCUZEJPUWNJRQJDIWHVVKPDPPUDLKUTGDPR                                         *\r\n* CIQRGSLWCJYJQUZXEONQYEKKGDKCTCOASSFNREORD                                                            *\r\n* NFVTVPVVCOCALYYFLCIJCZVXRXOL                                                                         *\r\n* AAVNRREOMIUGXAZYRHHOLSLITE                                                                           *\r\n* KYBXAJPCOGNTHURYUODFZVZAQHXVHOMUNEUQLLTXIYLRDNAUTTR                                                  *\r\n* PZNOZBHTLUUATSGDZBNIUFXBJHWCHDBNWSEOQFQJDALNDLXLGXUSGJZKBMFSFELISGDBOSMUKDEUTJX                      *\r\n* JLVKIJHNSUMEZYEZODVXIWWOKZHCEFQSOHITIBZJZQJTFIULYFGQOAPNOHZJBEINDTPSQKRMDLXRNDICFVEYZZEOSVFA         *\r\n* QIUHVQMS                                                                                             *\r\n* VOOTNCCYZL                                                                                           *\r\n* XEFAJOEPBAUEQKMDCJRMWJCAQKFMBLTVUCEMCUXGMWRCBJXIAZZOIYCNBFKZIRNPGYKOFAAILKAZRZYHMXMCLFNWZRLXKYYU     *\r\n* BWDYJCZYRCXXDVBGCMLFKDBKOOOPDXNMGPQDVI                                                               *\r\n* VMDUCQYWVJRHM                                                                                        *\r\n* PYXVSKVNKVTPLRNFXKUIQSGJYTPSTFLQAZQQSICXIHBIAMFHIPL                                                  *\r\n* NDWWSOWYVCTEJDPLAWNPHWAIQY                                                                           *\r\n* MOHJEUFDWCTYEMDCFNXYXXTGLCWYQCOGTFK                                                                  *\r\n* NTPKEASJGYJDDTVVTZLOUAXCYGMUONEZCTOMXNUW                                                             *\r\n* KZNSSUWHSMUTVPMVNLXN                                                                                 *\r\n* UTTKBKFIXFFOJKBKJFLPMVBKFGECQKBXJGPGTIRKRYVGPELFLLEGLXLZSJEUGCRNEHFDUUQAOBYNAUVBVZQFFVLLUQOKDW       *\r\n* OGICHYIKQVDRJZYYX                                                                                    *\r\n* DZHMMHIVUIEGFWRXJGSROCNOZKCDBLWRQXAXXCUATLDAFKQGAMPRG                                                *\r\n* ZALSMCFFUILMPIWTZGMRYCZNI                                                                            *\r\n* UVDPWFLKXZLEQRVORUOTVHKGMIFOIWBYJXIJCEMGBFKWHVQUWJLEYPUMLW                                           *\r\n********************************************************************************************************\r\n&quot;)" fullname="Open_Lab_04._14.Tests.TestWithRandom([&quot;RTPVPIHGCUWKGBPUUUJORMRGUNQFNXCINCUKDPOVDMBDCSBJEJVTKEDFBIBCRBTESNWEHERFFNKFKOECLHAEC&quot;, &quot;XJYOJVOMDBTWKOVWCZRQNXTYUNEYQKAOCIQNG&quot;, &quot;VWRSJIMODPHPEBMLVAPZUWQPWTAETCYHQJDVYVNKLFJORBFZCRNQXGXZFCWQIIUBRZYVXQMA&quot;, &quot;EOOMCYUNBBCPIJJLEQWYWCDLIXRCKBMEMCTSJNDECCGGRMIPPJT&quot;, &quot;QCQBKDEEGSDZPYCFQRCRNSVUWWTVOCNAIMOKMRHFIYYKZHRTJDYXHCMXGWFOKIPDECQDJSSZJWIOULVOFZLLDPTGZQDQLTVAIUFW&quot;, ...],&quot;********************************************************************************************************\r\n* RTPVPIHGCUWKGBPUUUJORMRGUNQFNXCINCUKDPOVDMBDCSBJEJVTKEDFBIBCRBTESNWEHERFFNKFKOECLHAEC                *\r\n* XJYOJVOMDBTWKOVWCZRQNXTYUNEYQKAOCIQNG                                                                *\r\n* VWRSJIMODPHPEBMLVAPZUWQPWTAETCYHQJDVYVNKLFJORBFZCRNQXGXZFCWQIIUBRZYVXQMA                             *\r\n* EOOMCYUNBBCPIJJLEQWYWCDLIXRCKBMEMCTSJNDECCGGRMIPPJT                                                  *\r\n* QCQBKDEEGSDZPYCFQRCRNSVUWWTVOCNAIMOKMRHFIYYKZHRTJDYXHCMXGWFOKIPDECQDJSSZJWIOULVOFZLLDPTGZQDQLTVAIUFW *\r\n* OJRKZOKUXCUBQIKWEAPJKDSOCNPBHGAGYYQPUADAIMCOJPVKKEEUPMFLQDIMYJMR                                     *\r\n* NCRSUCDWOA                                                                                           *\r\n* AEEMREQDBFQMSFYQSRBZALLVNDSPBAYBMHKMYVUUSIPWWQZMWMLEMAYPSJZOLABBHPZKUMRXWHHRVPYWEGTPPTOLJUTPVG       *\r\n* RGOOHQORJUNIFTGUDLCJFHLLOBOBATCCP                                                                    *\r\n* PKHARGQOJVBKIRCAPESWCKUCAFBMRQSLSGDWMDTWTRXQJDTWYZDYJSWEPEZLEDWTCQSCNGNLKWDLNESWMFOSNUBZKYGHDHRQ     *\r\n* DNTLQISLRNNPKRLMCZZOEGIOSRPZFICEMQJQYLVWWGVGOJZHVVBIRBQXFFTZTSFJLIDTIUNREDSXKBAI                     *\r\n* HDKGTNKALLTRWCDAMUFGFZBHJEOISNDELHLOVCRVSTWJUAHAPWXHVBLICCXPYCHYHOGOQ                                *\r\n* FJDJOMCRNJWNTVPWJJVDLSECWQLYCFTTKAROELNZFLPOTLIMILFXTNCNF                                            *\r\n* MXAE                                                                                                 *\r\n* IPDDSEBSYVVXACQILHZPQAWZWXDIDZQYBVHYQIQHGSHBXPCLOSBQBOYISDGU                                         *\r\n* SPYFW                                                                                                *\r\n* EVRSCRRJYTVCHVSULXAXMXZFMCVGODIVATXPXZYYKFAOXBYYJYEAFZJHWLFAVKUUKZCOYCWLZBNHXKILDWXPZH               *\r\n* AJQTLTYDZKFEXYKAGBSBEMBKMDUWYMFVDJBEIJKRBXNXRFKMSWQNGFLOIGGIZB                                       *\r\n* MFKAOXGSXRAAGYESGSHE                                                                                 *\r\n* VROXYMWC                                                                                             *\r\n* CSZSARHFWP                                                                                           *\r\n* ETWFFEPDNAPSXCQOWDPLKQUPIAOYNLBWSRXCUIRUWSOCMZC                                                      *\r\n* JDKCGEBOYHWFQRQCZSAFFOTNLVORBSCJXYOJAYQOQJDNLMEECMCTZXKVJXRKP                                        *\r\n* MGENHRDGBACMPVLGBYRJOPPJJAOTADHFYFXWIYFMB                                                            *\r\n* LCQNIOJDVSTGVXQVDHDKFXTXNJYOYDTEIRDNSWSZJWIOLSJZGMUYJQQNJTZYQVFRZOXETDDHODBIPELVZYILJUVR             *\r\n* QEY                                                                                                  *\r\n* TJNRROXUFFCJMJGOHXEIEZRNTHFTFDDYELVUNRYPOBTTFBXLPCSSZQSTRAXJJDOCCEFANLBQZOTCFYHSJTECKK               *\r\n* NTCCNTOGKMRQBWXXDBCTKWPNTTFAQZLRSFRHLJNXKIJQOHFWMVBBIQOQEOIUOOPLAAXWEPMTNEJCNYZLNINUXKICQBDWATIVT    *\r\n* POKJSWIHNDGMCFOWGFBVNQRUFCMPTUWOIQJLBDQRLQXFWEYXIDMDTXKZWPDPJTOTHRDMVDVDOKJXSMYAEPHPHSULGKOM         *\r\n* BHSCEXEBLCEIJOJOMGKQCKULYLOWRGKOJDNCQUOOTZSMCHXELWTEDVXQNGDSIIJFRQZGAHXSRVXDSHIROKLVNGKNGWPKRVGLPMVM *\r\n* RDDZBMIYTXFXLEYWORKFLADRNAWPLOFM                                                                     *\r\n* JWGHWMUCPMYJMFRHOBUKHXRZLLAQSMESTBCHRPSFQCVNEIBVEHXNKBPMFGVKMEJDIGQKDJPZIPUEBEUDKELLPR               *\r\n* RMPCLTHTMTRFYRQSVRYEVHKKALRAHS                                                                       *\r\n* OQYYYNGEFBVILJZWLUMPTQNMKBFBZBHMTUDOZTRFOMSCZZZABPGFUDEXCMOWHEFDUJOQGKXSCHAGYKNLCEAKVBRQQGLMFV       *\r\n* KHPIPKJUQSNDNCXZSZCUDEVISSYZZYKNGJQYJBXATJJRHXDNSHTNCATGMGQWLJURHAWDMYPQBBBTUDAUOLHSFWKGPKM          *\r\n* LAPJPRJHB                                                                                            *\r\n* B                                                                                                    *\r\n* RCLAZALJGVIACBMLQQNBMNFBMRECTTTOJNBDLJGPYCVPSOHNFYRKMZHDWKOIWIPNCTQOAIZGKYDJS                        *\r\n* IYJRXUCICKGXGBVYTQMINZXSMWZKANWXLGBQYFLVLTQGIDCYLLFNXJCJAREAVR                                       *\r\n* POIMZZFZOERXUIRJJTAZOIJABERPHAKZ                                                                     *\r\n* LBSARCYGLRIFMIBJHUGUSTGFIKVHQSNTRDJGYJSRCTCRAUPVQFZFEFBRUNRGHQQTDPNJZUKXCPSYR                        *\r\n* ENUZRKTHPMBRLLSLJLDJNLGGWVUCDOMDAFIDMIZFZVZBHHJYFQGGVHCSGOCVQ                                        *\r\n* EAZYRGDOZAMXJRLFYOMVWMIGHSCPXXFDOJRZBJQCVRRFTXYLHBQNJVUSSTQYDNRBUJ                                   *\r\n* AZMEOYJZFUCMJURIWGRTTOZHHSRYHZPKKO                                                                   *\r\n* LVWBPZVOXPGHDMFVUDPOLAEWWGLRFFRCUXGMZFCUYZCRBLNMCEUHUALKQZEIODJSYEMGGSVPAVQLYNVLTZPAKJHULVW          *\r\n* ATFVQKTXYGGJJFHZKZMCETPPNIHOWRVKVVOHPUVNUYMMSFRFCIKLITVHEQHICFAGLVNNQZJPEZIFGDWHQCLOHJBCAHDYMMLOXFAX *\r\n* EOCYUGJLPAAUARZTMZBTLNJWLDRNTIACZPMOIPMDSQKGCEMVLVLGYDGQFFNROVRHAXVKELL                              *\r\n* MYBVDCUGQWCYWTDVIVICCVOWZCGEJBQZJOUABLNCLGBSTTKGUZBJDITRJFWAWQXPFDOHZDTXHGRWUWCFRAKJZGW              *\r\n* VCQWPN                                                                                               *\r\n* VILMQEDGQFEBWRXXNCQIWFO                                                                              *\r\n* YGNMWNXIUAWNIJMBOTTDVFZKXFCUZEJPUWNJRQJDIWHVVKPDPPUDLKUTGDPR                                         *\r\n* CIQRGSLWCJYJQUZXEONQYEKKGDKCTCOASSFNREORD                                                            *\r\n* NFVTVPVVCOCALYYFLCIJCZVXRXOL                                                                         *\r\n* AAVNRREOMIUGXAZYRHHOLSLITE                                                                           *\r\n* KYBXAJPCOGNTHURYUODFZVZAQHXVHOMUNEUQLLTXIYLRDNAUTTR                                                  *\r\n* PZNOZBHTLUUATSGDZBNIUFXBJHWCHDBNWSEOQFQJDALNDLXLGXUSGJZKBMFSFELISGDBOSMUKDEUTJX                      *\r\n* JLVKIJHNSUMEZYEZODVXIWWOKZHCEFQSOHITIBZJZQJTFIULYFGQOAPNOHZJBEINDTPSQKRMDLXRNDICFVEYZZEOSVFA         *\r\n* QIUHVQMS                                                                                             *\r\n* VOOTNCCYZL                                                                                           *\r\n* XEFAJOEPBAUEQKMDCJRMWJCAQKFMBLTVUCEMCUXGMWRCBJXIAZZOIYCNBFKZIRNPGYKOFAAILKAZRZYHMXMCLFNWZRLXKYYU     *\r\n* BWDYJCZYRCXXDVBGCMLFKDBKOOOPDXNMGPQDVI                                                               *\r\n* VMDUCQYWVJRHM                                                                                        *\r\n* PYXVSKVNKVTPLRNFXKUIQSGJYTPSTFLQAZQQSICXIHBIAMFHIPL                                                  *\r\n* NDWWSOWYVCTEJDPLAWNPHWAIQY                                                                           *\r\n* MOHJEUFDWCTYEMDCFNXYXXTGLCWYQCOGTFK                                                                  *\r\n* NTPKEASJGYJDDTVVTZLOUAXCYGMUONEZCTOMXNUW                                                             *\r\n* KZNSSUWHSMUTVPMVNLXN                                                                                 *\r\n* UTTKBKFIXFFOJKBKJFLPMVBKFGECQKBXJGPGTIRKRYVGPELFLLEGLXLZSJEUGCRNEHFDUUQAOBYNAUVBVZQFFVLLUQOKDW       *\r\n* OGICHYIKQVDRJZYYX                                                                                    *\r\n* DZHMMHIVUIEGFWRXJGSROCNOZKCDBLWRQXAXXCUATLDAFKQGAMPRG                                                *\r\n* ZALSMCFFUILMPIWTZGMRYCZNI                                                                            *\r\n* UVDPWFLKXZLEQRVORUOTVHKGMIFOIWBYJXIJCEMGBFKWHVQUWJLEYPUMLW                                           *\r\n********************************************************************************************************\r\n&quot;)" methodname="TestWithRandom" classname="Open_Lab_04._14.Tests" runstate="Runnable" seed="824314463" result="Passed" start-time="2021-12-27 14:18:12Z" end-time="2021-12-27 14:18:12Z" duration="0.017307" asserts="7773" />
            <test-case id="1098" name="TestWithRandom([&quot;AWCAYNVTJLMMHIRPXOYRSKSYLXATDWYFCZGFDJXUZXLKXZWQXEP&quot;, &quot;XKUPDDPBMBQNNGJIBMMNQESUZIAMAKWYGBIREQCZUWHXHXXRPOOLSBGTSAQUCDACFRGLXRDLKMTTWUNBLJWMVLGFU&quot;, &quot;ZEAHWQVFRPRLTXLDAGINWXMOJTHOGULBRIRYKDPCXRDXKAPYASKZWHTCSLX&quot;, &quot;JHYXEPUKFMSX&quot;, &quot;FPEUODJEINOJLEJPPGYFMTQTFTVFESOZNJQROIDINYBTJNTKKVQFTREMYKOVIDZPZ&quot;, ...],&quot;*********************************************************************************************\r\n* AWCAYNVTJLMMHIRPXOYRSKSYLXATDWYFCZGFDJXUZXLKXZWQXEP                                       *\r\n* XKUPDDPBMBQNNGJIBMMNQESUZIAMAKWYGBIREQCZUWHXHXXRPOOLSBGTSAQUCDACFRGLXRDLKMTTWUNBLJWMVLGFU *\r\n* ZEAHWQVFRPRLTXLDAGINWXMOJTHOGULBRIRYKDPCXRDXKAPYASKZWHTCSLX                               *\r\n* JHYXEPUKFMSX                                                                              *\r\n* FPEUODJEINOJLEJPPGYFMTQTFTVFESOZNJQROIDINYBTJNTKKVQFTREMYKOVIDZPZ                         *\r\n* WCORBGDQRNRXJSAKVJCIFVFDTDTHZKZMUVQRWSUJCDAQVBBWVYIPMQIB                                  *\r\n* KYXMVQHOFDOBINCPSGCVOIRCXMBCJZDMOTMTWWGMSCPYMUMKFAUJGGIBHUPJPFEGZBMPBJSWZPCMSSPDZQWJFTGIL *\r\n* MBHWXNXJZKHXJWHXKQDWIOEMKYIVBFVEDQWROCSPO                                                 *\r\n* TFVBHABHJQEPBXWVMYFBIUPDUSZQIHXOHZVZQ                                                     *\r\n* RHUTVFAOPYUTQUKNBZPSHPBLYCSPHBCWED                                                        *\r\n*********************************************************************************************\r\n&quot;)" fullname="Open_Lab_04._14.Tests.TestWithRandom([&quot;AWCAYNVTJLMMHIRPXOYRSKSYLXATDWYFCZGFDJXUZXLKXZWQXEP&quot;, &quot;XKUPDDPBMBQNNGJIBMMNQESUZIAMAKWYGBIREQCZUWHXHXXRPOOLSBGTSAQUCDACFRGLXRDLKMTTWUNBLJWMVLGFU&quot;, &quot;ZEAHWQVFRPRLTXLDAGINWXMOJTHOGULBRIRYKDPCXRDXKAPYASKZWHTCSLX&quot;, &quot;JHYXEPUKFMSX&quot;, &quot;FPEUODJEINOJLEJPPGYFMTQTFTVFESOZNJQROIDINYBTJNTKKVQFTREMYKOVIDZPZ&quot;, ...],&quot;*********************************************************************************************\r\n* AWCAYNVTJLMMHIRPXOYRSKSYLXATDWYFCZGFDJXUZXLKXZWQXEP                                       *\r\n* XKUPDDPBMBQNNGJIBMMNQESUZIAMAKWYGBIREQCZUWHXHXXRPOOLSBGTSAQUCDACFRGLXRDLKMTTWUNBLJWMVLGFU *\r\n* ZEAHWQVFRPRLTXLDAGINWXMOJTHOGULBRIRYKDPCXRDXKAPYASKZWHTCSLX                               *\r\n* JHYXEPUKFMSX                                                                              *\r\n* FPEUODJEINOJLEJPPGYFMTQTFTVFESOZNJQROIDINYBTJNTKKVQFTREMYKOVIDZPZ                         *\r\n* WCORBGDQRNRXJSAKVJCIFVFDTDTHZKZMUVQRWSUJCDAQVBBWVYIPMQIB                                  *\r\n* KYXMVQHOFDOBINCPSGCVOIRCXMBCJZDMOTMTWWGMSCPYMUMKFAUJGGIBHUPJPFEGZBMPBJSWZPCMSSPDZQWJFTGIL *\r\n* MBHWXNXJZKHXJWHXKQDWIOEMKYIVBFVEDQWROCSPO                                                 *\r\n* TFVBHABHJQEPBXWVMYFBIUPDUSZQIHXOHZVZQ                                                     *\r\n* RHUTVFAOPYUTQUKNBZPSHPBLYCSPHBCWED                                                        *\r\n*********************************************************************************************\r\n&quot;)" methodname="TestWithRandom" classname="Open_Lab_04._14.Tests" runstate="Runnable" seed="92539868" result="Passed" start-time="2021-12-27 14:18:12Z" end-time="2021-12-27 14:18:12Z" duration="0.002500" asserts="1131" />
            <test-case id="1099" name="TestWithRandom([&quot;HOYKCFCAVPQDEUYWJXBBFJUSNKGNWXOMNMFMAFPBMBPJMOKNDGNGCERYTGWSZPDYAEPSOMVEIZPETLGYZTKQKHJIVHS&quot;, &quot;IXCXXRIHYSYRKIYDPMEIZYSFENNSUHXHUBVLWRHCDYZHUTGBJFSICJUKEXSKDPNRVQWINNHYFBFBZK&quot;, &quot;LHMJPOOFKHLGZYXZNLHMEWXNWYUDAETLULHDRGYDGLM&quot;, &quot;CGIZHCR&quot;, &quot;RYGPJYNQTLEFNZMNRUIHNEFTJVLPPVVYNEUVFSTSSHJUGHNCUVINTKBMSNFN&quot;, ...],&quot;*******************************************************************************************************\r\n* HOYKCFCAVPQDEUYWJXBBFJUSNKGNWXOMNMFMAFPBMBPJMOKNDGNGCERYTGWSZPDYAEPSOMVEIZPETLGYZTKQKHJIVHS         *\r\n* IXCXXRIHYSYRKIYDPMEIZYSFENNSUHXHUBVLWRHCDYZHUTGBJFSICJUKEXSKDPNRVQWINNHYFBFBZK                      *\r\n* LHMJPOOFKHLGZYXZNLHMEWXNWYUDAETLULHDRGYDGLM                                                         *\r\n* CGIZHCR                                                                                             *\r\n* RYGPJYNQTLEFNZMNRUIHNEFTJVLPPVVYNEUVFSTSSHJUGHNCUVINTKBMSNFN                                        *\r\n* YBXQGSJFQIZAPOGUKMCHIUUNHECCHCRMFFUFLEAPEWDNIMDVVR                                                  *\r\n* ADFEDGKIBPHYOQMVJUAIFMNDMRHEVAG                                                                     *\r\n* PURJABQYBWYZWYPWVRTBUJBNQCSM                                                                        *\r\n* FNAJAITYDVIDBHJNNGNCKIDGFMGSDSXJEZVJYQWQWYRWLXSBSACVEKPWJTENBAVKXYYCLAPXJXFMQHVHTFADQCEUKYZFMJOVCGZ *\r\n* YQPRKFLHECGCYWTWZSUUTESNBKKAIKJJHIIDPISKRXQHSWHPPS                                                  *\r\n* KMESUYCQAUKZUTWUPOPHRZJDWOKUECVLPOZXDPNFMRRQGXWOWCRAZKFLCAWGNHMXZZJGTYRZBKVZHTXZSWYBL               *\r\n* LFJOVCTHSEFUQGOQUYKRZPPFDIDXOQJKMENEXFCOGTSQTNCQKBCARTVWPDKMYWTBUUHMTJSOVWLFXYLQ                    *\r\n* NMMOJTTJQOTUQQJAQVZGQW                                                                              *\r\n* JNFUH                                                                                               *\r\n* ZQRUHLKGNLANCCUYUEGBEGDMJOQLDBDYLTRYCAJEZUDJYSNUGKSAOFLSNEKSUZ                                      *\r\n* MICBJLWWUVBCKD                                                                                      *\r\n* ORBWFTIDJGHYKXPRJAQQBWQEJJNYENDBPUQTQYUKDESVCMLYFERBUMRRBXMVFJYWDGIQHWAKGF                          *\r\n* XEUBWXPTAVBGCDZRTLYFUGVSVDVRIEGVOZTNGVQYPPXBBZFMIEG                                                 *\r\n* IASQICGSBYKWOGSDJLLYVAPEIURVYIIEXHNNGDEEOYWRFBMUGCDWSHDHLNIOLKUSPFYGTFWGGHKXEXZHHWPVFMMQEFBSVQTED   *\r\n* CZCGBBGXQLXGD                                                                                       *\r\n* OAHOVYNDTICNEDLQOFTAUAEAUOPHVATXCMEUIEIFPZFUENWCMAXRMCTOW                                           *\r\n* UHJGHSOELRZRHKWOLVUJWGRMVVD                                                                         *\r\n* LZTPXCJB                                                                                            *\r\n* JRMGZBEDVTNUYRXTMKNPWKLPMTMYJTFAVSBDHDWFMJACQHMIVWLRWLZYGXTGPGUCNMZFPULJNIDMKJZFGDDNI               *\r\n* EJSDXKKQQGPYODIHTAKBEOINOXXNALCHTAIPMMWAYXSWXLUWXYKC                                                *\r\n* GIQAFOANXPE                                                                                         *\r\n* HEOUSUHEJDHVMPDCB                                                                                   *\r\n*******************************************************************************************************\r\n&quot;)" fullname="Open_Lab_04._14.Tests.TestWithRandom([&quot;HOYKCFCAVPQDEUYWJXBBFJUSNKGNWXOMNMFMAFPBMBPJMOKNDGNGCERYTGWSZPDYAEPSOMVEIZPETLGYZTKQKHJIVHS&quot;, &quot;IXCXXRIHYSYRKIYDPMEIZYSFENNSUHXHUBVLWRHCDYZHUTGBJFSICJUKEXSKDPNRVQWINNHYFBFBZK&quot;, &quot;LHMJPOOFKHLGZYXZNLHMEWXNWYUDAETLULHDRGYDGLM&quot;, &quot;CGIZHCR&quot;, &quot;RYGPJYNQTLEFNZMNRUIHNEFTJVLPPVVYNEUVFSTSSHJUGHNCUVINTKBMSNFN&quot;, ...],&quot;*******************************************************************************************************\r\n* HOYKCFCAVPQDEUYWJXBBFJUSNKGNWXOMNMFMAFPBMBPJMOKNDGNGCERYTGWSZPDYAEPSOMVEIZPETLGYZTKQKHJIVHS         *\r\n* IXCXXRIHYSYRKIYDPMEIZYSFENNSUHXHUBVLWRHCDYZHUTGBJFSICJUKEXSKDPNRVQWINNHYFBFBZK                      *\r\n* LHMJPOOFKHLGZYXZNLHMEWXNWYUDAETLULHDRGYDGLM                                                         *\r\n* CGIZHCR                                                                                             *\r\n* RYGPJYNQTLEFNZMNRUIHNEFTJVLPPVVYNEUVFSTSSHJUGHNCUVINTKBMSNFN                                        *\r\n* YBXQGSJFQIZAPOGUKMCHIUUNHECCHCRMFFUFLEAPEWDNIMDVVR                                                  *\r\n* ADFEDGKIBPHYOQMVJUAIFMNDMRHEVAG                                                                     *\r\n* PURJABQYBWYZWYPWVRTBUJBNQCSM                                                                        *\r\n* FNAJAITYDVIDBHJNNGNCKIDGFMGSDSXJEZVJYQWQWYRWLXSBSACVEKPWJTENBAVKXYYCLAPXJXFMQHVHTFADQCEUKYZFMJOVCGZ *\r\n* YQPRKFLHECGCYWTWZSUUTESNBKKAIKJJHIIDPISKRXQHSWHPPS                                                  *\r\n* KMESUYCQAUKZUTWUPOPHRZJDWOKUECVLPOZXDPNFMRRQGXWOWCRAZKFLCAWGNHMXZZJGTYRZBKVZHTXZSWYBL               *\r\n* LFJOVCTHSEFUQGOQUYKRZPPFDIDXOQJKMENEXFCOGTSQTNCQKBCARTVWPDKMYWTBUUHMTJSOVWLFXYLQ                    *\r\n* NMMOJTTJQOTUQQJAQVZGQW                                                                              *\r\n* JNFUH                                                                                               *\r\n* ZQRUHLKGNLANCCUYUEGBEGDMJOQLDBDYLTRYCAJEZUDJYSNUGKSAOFLSNEKSUZ                                      *\r\n* MICBJLWWUVBCKD                                                                                      *\r\n* ORBWFTIDJGHYKXPRJAQQBWQEJJNYENDBPUQTQYUKDESVCMLYFERBUMRRBXMVFJYWDGIQHWAKGF                          *\r\n* XEUBWXPTAVBGCDZRTLYFUGVSVDVRIEGVOZTNGVQYPPXBBZFMIEG                                                 *\r\n* IASQICGSBYKWOGSDJLLYVAPEIURVYIIEXHNNGDEEOYWRFBMUGCDWSHDHLNIOLKUSPFYGTFWGGHKXEXZHHWPVFMMQEFBSVQTED   *\r\n* CZCGBBGXQLXGD                                                                                       *\r\n* OAHOVYNDTICNEDLQOFTAUAEAUOPHVATXCMEUIEIFPZFUENWCMAXRMCTOW                                           *\r\n* UHJGHSOELRZRHKWOLVUJWGRMVVD                                                                         *\r\n* LZTPXCJB                                                                                            *\r\n* JRMGZBEDVTNUYRXTMKNPWKLPMTMYJTFAVSBDHDWFMJACQHMIVWLRWLZYGXTGPGUCNMZFPULJNIDMKJZFGDDNI               *\r\n* EJSDXKKQQGPYODIHTAKBEOINOXXNALCHTAIPMMWAYXSWXLUWXYKC                                                *\r\n* GIQAFOANXPE                                                                                         *\r\n* HEOUSUHEJDHVMPDCB                                                                                   *\r\n*******************************************************************************************************\r\n&quot;)" methodname="TestWithRandom" classname="Open_Lab_04._14.Tests" runstate="Runnable" seed="1539716440" result="Passed" start-time="2021-12-27 14:18:12Z" end-time="2021-12-27 14:18:12Z" duration="0.009075" asserts="3019" />
            <test-case id="1100" name="TestWithRandom([&quot;AZENRS&quot;, &quot;GXWNBHNSPHGBFECYTCBUNQLXLGODEDQWBCNJIVBAIUZVWZLXYBKKQYBQMYBUS&quot;, &quot;NMQJACQTQXBBLTQPBMVRFDSGGDAXWJTHHZHNF&quot;, &quot;ZIGEKNJPMIZXXPYBDJTKDWBSWGETTMMCKOMNKBSFWQQSXZMDIGV&quot;, &quot;TUJCHNIEIPWAWXNJDLQCROOMGJVWUALMQPIPEKGXSOWGUPVAMDAWQTFFGWVXSLJIEJKHOXESFSJCRHRRNVKRZOVWJ&quot;, ...],&quot;********************************************************************************************************\r\n* AZENRS                                                                                               *\r\n* GXWNBHNSPHGBFECYTCBUNQLXLGODEDQWBCNJIVBAIUZVWZLXYBKKQYBQMYBUS                                        *\r\n* NMQJACQTQXBBLTQPBMVRFDSGGDAXWJTHHZHNF                                                                *\r\n* ZIGEKNJPMIZXXPYBDJTKDWBSWGETTMMCKOMNKBSFWQQSXZMDIGV                                                  *\r\n* TUJCHNIEIPWAWXNJDLQCROOMGJVWUALMQPIPEKGXSOWGUPVAMDAWQTFFGWVXSLJIEJKHOXESFSJCRHRRNVKRZOVWJ            *\r\n* IHOIEHEOBLFOL                                                                                        *\r\n* YIRXJCNYFEKXBSIQNNXLOXEXNCYDGGMYJVTRXYNGPJCKYHGMFLXRQAZBD                                            *\r\n* JHEJSYRLOFZRTPARVFUTZGWLYUIUIIVSNDOFBGQDSMTAMOSIRZFUGJUDLSLYPXDFJHDPAUPPORBMMV                       *\r\n* JBADICBLDILUIUSNVJNRFLCHXJQGPIIQPTCWPTUDIVZHPZGUWDGCZETYZTGZLUWVZUFPSVYBPKIKLURXDVKLCFRLADXVNVRN     *\r\n* EHVURCAEEMPVJMEBIVQKLTUDTOOYCOUSVLHNWDLTJHXSBPRRSUEZBCNKNRACNBBQSWAXERFFJWADVBBEXXGIJVRSXWZECIFI     *\r\n* HAFPTMAOYPEBJPMQVFPVS                                                                                *\r\n* XFHAISBCBQSYOAWPDLFUKFMQOH                                                                           *\r\n* OGDPNMADAHTEINWONJLBLUGBEPYVRSQMAFMVYAEMNXVHKHWGOR                                                   *\r\n* HDFATABLXNFMIQHDDAAQNEYOOYYRXSRGZTJIVESVWPGYILNRDETGOBLCERMVBJOFVYMOGYIYHETXYAFDLGOSYLSYHHEDSXTM     *\r\n* BCJ                                                                                                  *\r\n* YLEWVYJINDELJKUVVGKGOHYTEGKLGXWXWEMVJWDNIPTDARJNYREVSDKRMLRPOYBQHGPEXYMZCWXYNUTNXWMPSBESUVJXFOYJ     *\r\n* CWTCEQZEFSVFLDRSERRMMYFBWKBPOTOYNKKYZKTGMKMJJMISSFBWGXCE                                             *\r\n* SFTOKQMEXSBSTSTYLZBMVSJCJXISRRPHGGGFZSBUZFLUGZYMHYVXASVAVRENHTMGCTMM                                 *\r\n* NZTYGMQGPVKYVKTVSHOKGKINONFSFSNNMATYCZUFFTGVUOL                                                      *\r\n* TKKMXBFDQFJTGXAWIWMVQUTSMIFNDMTZCWYV                                                                 *\r\n* APKVQIWQBYHSKNXCQSZQRZOVSAEMKRJZFN                                                                   *\r\n* HBZAMWCLKYUTYVWLEZEQBAODQDKFK                                                                        *\r\n* INWGQBQRNTPOEXXGFQNFFZBWGGMWKIMWBVPHXSFUVMMKBNVRFJXTSEJILZ                                           *\r\n* JPUHEHTMJIQJNLSJSNRVTLVQAKTEWLHVYSVFBFHDIALJPAKHZVQVUDGXTDGTNPPYBULUPNINGONSZMBAALEBUMBULYLYYNPTLNIU *\r\n* QSMMDOGPOYHBGTBKNDOTQIRBKOSYUHMEHLJTSPRXVEXADWSTOIXJTAYHAKC                                          *\r\n* WHVGLDUUJHSYMRYMLRXNVYKLKCLGMCTHMCANJROACYJGQYXBCMWJNOSXX                                            *\r\n* WISOIHOKMJQLCTDXLXODVLFJDAGKUXJDPAUF                                                                 *\r\n* OPCSGMOKRJCFQDVITOLDIKHADQOZNVCYX                                                                    *\r\n* XHMLPYQZMQDEDUOUWLJBADIBOPYOXVGDIBGNWIYMNIYQXZMUKSZQPVOTZ                                            *\r\n* WZABCQKAWCNBXNNWORFREPDDEEWPOMNMNMLZMLGH                                                             *\r\n* WCKGJVLDSGXOHFGWWXXTULJPB                                                                            *\r\n* LBNKDKXLHNSXVJLLVFQYFGFDQNINLLTVFVJJQIDMQWYTDZCOIIQDYD                                               *\r\n* EWKTPBJZWTXSAZCVNCDHJIMZRLUFDVPW                                                                     *\r\n* NFMGOOK                                                                                              *\r\n* XBZFGBOFMCBUVZVKKCDHEVBDB                                                                            *\r\n* NTPPZOTBLHMUKKFZQSOBGNKCVLKCCBAWEQOUQXDNBUNOYQSTBEFIPZKZJNTNDQY                                      *\r\n* HPPTVKJTPBALAWEFSRAXWRGEGPLDDPJKVDGIAY                                                               *\r\n* RULTNZYZNINUMPBMPJKNGZGPARPPWPWEUTJCLYSFHQXUQUWUURQZQLRROWSWJICYMIATFYBRQFFPCMZGVVVFYXOIBSOOF        *\r\n* VYNZHHTDOWPZJKFBPCXMBONXZPUSSNJNMTJHCDESMRGZQZNDCZCMRSVGKQZRMBLAMBMPBYZMXEAJIOHABQPSKXVU             *\r\n* CWMDMFLGFNOMYCEZQOMSMYWIZQWMSQOGSSYCNIKZPCCBTNDNKTUJICLEZDEWIZOPYIUFECMHDNCJVVPLMIBZVFXPHUC          *\r\n* EOQPNNCKSYJIGMFVZBIENSKAXPTSKEYJACDPWM                                                               *\r\n* ISETOZTSJABQGLXVLDQSYUJZNZZIEIPYMFALJZWBEXJSJORYCGSLGUXNIEFOZLOAKCEBKMMLHPNBKRQZHBGXQ                *\r\n* SRHMDEUHBTIJIGJQNP                                                                                   *\r\n* HDRGWDROFGYEQKFKMTYJIRZNUSAIJPRNQDJABKLILPOBDORYCWWWPGMQDDMDCIEPOKONBFJBIPXSCYJ                      *\r\n* ABFNTUYJQTWXYIGCLZMTZEXX                                                                             *\r\n* VOZJTNFTFCACRWUMFWIILCAJUHDLQGWEIAXFYAXFRDSFFZUCSHU                                                  *\r\n* PPBSOQOMKUDZGWUQYONFZCRHJUEV                                                                         *\r\n* ASJMPOSYFRHLKUWATZIEDDDTOHNYTITMTZJBTMQHBSTWFTOHUHQ                                                  *\r\n* VQJXOQYHBUEXXVSLLVGGIACKKHNUTFDMRYQDPMMDOIGHNWZKBCWZAJMVNZNHCDOWQSFYEPWYIDRAUVXNH                    *\r\n* SQIEMIMVPQZE                                                                                         *\r\n* LT                                                                                                   *\r\n* QVRAFMGYQWRLBRBZAZKYNMGWLJZGYEDGGJECWHXG                                                             *\r\n* KNPQBUYOAEAAVWEOUOWNZZMTLFRNYCTCEODYQGKP                                                             *\r\n* RYZCF                                                                                                *\r\n* NANCSBTKKAVFVDKPXLYWHTFXNEHMHBNRFUDMLABBKDSY                                                         *\r\n* BOLQCAODIETVPONTHDJNEZBZYEXKXLDAGCMPVVFAYNWPKRVLNHDAJKQBMMSXDEGXASOMBYYLXIORDLPGJ                    *\r\n* XQHDRWMLCIDIXUHZPRDIJOISCAWYXAXLOSGPPWBRAQVQ                                                         *\r\n* PLTKEWYCABIIPBQAONBLRTFORKSQLIT                                                                      *\r\n* SKMPCOTEZINQYHZVKRLCUFPVFFSTDIRSIPPEOBXATXLJGOPJKWFTWQYMUQJWVZARRVIIRVHIU                            *\r\n* JXTGPRPJJHCXVRRCJXRAEUWURKGGROPXZKHBTOASHMQTP                                                        *\r\n* ZQROLKRTHOAYOELJRUSEYKKPJVWZTSDDFYLPPCCEFFDSAUZWHXUVBKVOGBFQNSAOKXTQTWTORNYS                         *\r\n* RPOVARVXICVCXINXMRNFPHDBJCL                                                                          *\r\n* GDNLDHOMRUNAEQCV                                                                                     *\r\n********************************************************************************************************\r\n&quot;)" fullname="Open_Lab_04._14.Tests.TestWithRandom([&quot;AZENRS&quot;, &quot;GXWNBHNSPHGBFECYTCBUNQLXLGODEDQWBCNJIVBAIUZVWZLXYBKKQYBQMYBUS&quot;, &quot;NMQJACQTQXBBLTQPBMVRFDSGGDAXWJTHHZHNF&quot;, &quot;ZIGEKNJPMIZXXPYBDJTKDWBSWGETTMMCKOMNKBSFWQQSXZMDIGV&quot;, &quot;TUJCHNIEIPWAWXNJDLQCROOMGJVWUALMQPIPEKGXSOWGUPVAMDAWQTFFGWVXSLJIEJKHOXESFSJCRHRRNVKRZOVWJ&quot;, ...],&quot;********************************************************************************************************\r\n* AZENRS                                                                                               *\r\n* GXWNBHNSPHGBFECYTCBUNQLXLGODEDQWBCNJIVBAIUZVWZLXYBKKQYBQMYBUS                                        *\r\n* NMQJACQTQXBBLTQPBMVRFDSGGDAXWJTHHZHNF                                                                *\r\n* ZIGEKNJPMIZXXPYBDJTKDWBSWGETTMMCKOMNKBSFWQQSXZMDIGV                                                  *\r\n* TUJCHNIEIPWAWXNJDLQCROOMGJVWUALMQPIPEKGXSOWGUPVAMDAWQTFFGWVXSLJIEJKHOXESFSJCRHRRNVKRZOVWJ            *\r\n* IHOIEHEOBLFOL                                                                                        *\r\n* YIRXJCNYFEKXBSIQNNXLOXEXNCYDGGMYJVTRXYNGPJCKYHGMFLXRQAZBD                                            *\r\n* JHEJSYRLOFZRTPARVFUTZGWLYUIUIIVSNDOFBGQDSMTAMOSIRZFUGJUDLSLYPXDFJHDPAUPPORBMMV                       *\r\n* JBADICBLDILUIUSNVJNRFLCHXJQGPIIQPTCWPTUDIVZHPZGUWDGCZETYZTGZLUWVZUFPSVYBPKIKLURXDVKLCFRLADXVNVRN     *\r\n* EHVURCAEEMPVJMEBIVQKLTUDTOOYCOUSVLHNWDLTJHXSBPRRSUEZBCNKNRACNBBQSWAXERFFJWADVBBEXXGIJVRSXWZECIFI     *\r\n* HAFPTMAOYPEBJPMQVFPVS                                                                                *\r\n* XFHAISBCBQSYOAWPDLFUKFMQOH                                                                           *\r\n* OGDPNMADAHTEINWONJLBLUGBEPYVRSQMAFMVYAEMNXVHKHWGOR                                                   *\r\n* HDFATABLXNFMIQHDDAAQNEYOOYYRXSRGZTJIVESVWPGYILNRDETGOBLCERMVBJOFVYMOGYIYHETXYAFDLGOSYLSYHHEDSXTM     *\r\n* BCJ                                                                                                  *\r\n* YLEWVYJINDELJKUVVGKGOHYTEGKLGXWXWEMVJWDNIPTDARJNYREVSDKRMLRPOYBQHGPEXYMZCWXYNUTNXWMPSBESUVJXFOYJ     *\r\n* CWTCEQZEFSVFLDRSERRMMYFBWKBPOTOYNKKYZKTGMKMJJMISSFBWGXCE                                             *\r\n* SFTOKQMEXSBSTSTYLZBMVSJCJXISRRPHGGGFZSBUZFLUGZYMHYVXASVAVRENHTMGCTMM                                 *\r\n* NZTYGMQGPVKYVKTVSHOKGKINONFSFSNNMATYCZUFFTGVUOL                                                      *\r\n* TKKMXBFDQFJTGXAWIWMVQUTSMIFNDMTZCWYV                                                                 *\r\n* APKVQIWQBYHSKNXCQSZQRZOVSAEMKRJZFN                                                                   *\r\n* HBZAMWCLKYUTYVWLEZEQBAODQDKFK                                                                        *\r\n* INWGQBQRNTPOEXXGFQNFFZBWGGMWKIMWBVPHXSFUVMMKBNVRFJXTSEJILZ                                           *\r\n* JPUHEHTMJIQJNLSJSNRVTLVQAKTEWLHVYSVFBFHDIALJPAKHZVQVUDGXTDGTNPPYBULUPNINGONSZMBAALEBUMBULYLYYNPTLNIU *\r\n* QSMMDOGPOYHBGTBKNDOTQIRBKOSYUHMEHLJTSPRXVEXADWSTOIXJTAYHAKC                                          *\r\n* WHVGLDUUJHSYMRYMLRXNVYKLKCLGMCTHMCANJROACYJGQYXBCMWJNOSXX                                            *\r\n* WISOIHOKMJQLCTDXLXODVLFJDAGKUXJDPAUF                                                                 *\r\n* OPCSGMOKRJCFQDVITOLDIKHADQOZNVCYX                                                                    *\r\n* XHMLPYQZMQDEDUOUWLJBADIBOPYOXVGDIBGNWIYMNIYQXZMUKSZQPVOTZ                                            *\r\n* WZABCQKAWCNBXNNWORFREPDDEEWPOMNMNMLZMLGH                                                             *\r\n* WCKGJVLDSGXOHFGWWXXTULJPB                                                                            *\r\n* LBNKDKXLHNSXVJLLVFQYFGFDQNINLLTVFVJJQIDMQWYTDZCOIIQDYD                                               *\r\n* EWKTPBJZWTXSAZCVNCDHJIMZRLUFDVPW                                                                     *\r\n* NFMGOOK                                                                                              *\r\n* XBZFGBOFMCBUVZVKKCDHEVBDB                                                                            *\r\n* NTPPZOTBLHMUKKFZQSOBGNKCVLKCCBAWEQOUQXDNBUNOYQSTBEFIPZKZJNTNDQY                                      *\r\n* HPPTVKJTPBALAWEFSRAXWRGEGPLDDPJKVDGIAY                                                               *\r\n* RULTNZYZNINUMPBMPJKNGZGPARPPWPWEUTJCLYSFHQXUQUWUURQZQLRROWSWJICYMIATFYBRQFFPCMZGVVVFYXOIBSOOF        *\r\n* VYNZHHTDOWPZJKFBPCXMBONXZPUSSNJNMTJHCDESMRGZQZNDCZCMRSVGKQZRMBLAMBMPBYZMXEAJIOHABQPSKXVU             *\r\n* CWMDMFLGFNOMYCEZQOMSMYWIZQWMSQOGSSYCNIKZPCCBTNDNKTUJICLEZDEWIZOPYIUFECMHDNCJVVPLMIBZVFXPHUC          *\r\n* EOQPNNCKSYJIGMFVZBIENSKAXPTSKEYJACDPWM                                                               *\r\n* ISETOZTSJABQGLXVLDQSYUJZNZZIEIPYMFALJZWBEXJSJORYCGSLGUXNIEFOZLOAKCEBKMMLHPNBKRQZHBGXQ                *\r\n* SRHMDEUHBTIJIGJQNP                                                                                   *\r\n* HDRGWDROFGYEQKFKMTYJIRZNUSAIJPRNQDJABKLILPOBDORYCWWWPGMQDDMDCIEPOKONBFJBIPXSCYJ                      *\r\n* ABFNTUYJQTWXYIGCLZMTZEXX                                                                             *\r\n* VOZJTNFTFCACRWUMFWIILCAJUHDLQGWEIAXFYAXFRDSFFZUCSHU                                                  *\r\n* PPBSOQOMKUDZGWUQYONFZCRHJUEV                                                                         *\r\n* ASJMPOSYFRHLKUWATZIEDDDTOHNYTITMTZJBTMQHBSTWFTOHUHQ                                                  *\r\n* VQJXOQYHBUEXXVSLLVGGIACKKHNUTFDMRYQDPMMDOIGHNWZKBCWZAJMVNZNHCDOWQSFYEPWYIDRAUVXNH                    *\r\n* SQIEMIMVPQZE                                                                                         *\r\n* LT                                                                                                   *\r\n* QVRAFMGYQWRLBRBZAZKYNMGWLJZGYEDGGJECWHXG                                                             *\r\n* KNPQBUYOAEAAVWEOUOWNZZMTLFRNYCTCEODYQGKP                                                             *\r\n* RYZCF                                                                                                *\r\n* NANCSBTKKAVFVDKPXLYWHTFXNEHMHBNRFUDMLABBKDSY                                                         *\r\n* BOLQCAODIETVPONTHDJNEZBZYEXKXLDAGCMPVVFAYNWPKRVLNHDAJKQBMMSXDEGXASOMBYYLXIORDLPGJ                    *\r\n* XQHDRWMLCIDIXUHZPRDIJOISCAWYXAXLOSGPPWBRAQVQ                                                         *\r\n* PLTKEWYCABIIPBQAONBLRTFORKSQLIT                                                                      *\r\n* SKMPCOTEZINQYHZVKRLCUFPVFFSTDIRSIPPEOBXATXLJGOPJKWFTWQYMUQJWVZARRVIIRVHIU                            *\r\n* JXTGPRPJJHCXVRRCJXRAEUWURKGGROPXZKHBTOASHMQTP                                                        *\r\n* ZQROLKRTHOAYOELJRUSEYKKPJVWZTSDDFYLPPCCEFFDSAUZWHXUVBKVOGBFQNSAOKXTQTWTORNYS                         *\r\n* RPOVARVXICVCXINXMRNFPHDBJCL                                                                          *\r\n* GDNLDHOMRUNAEQCV                                                                                     *\r\n********************************************************************************************************\r\n&quot;)" methodname="TestWithRandom" classname="Open_Lab_04._14.Tests" runstate="Runnable" seed="2130148524" result="Passed" start-time="2021-12-27 14:18:12Z" end-time="2021-12-27 14:18:12Z" duration="0.017118" asserts="6828" />
            <test-case id="1101" name="TestWithRandom([&quot;WNGRFWLNRKMMMXGRRFOJZPTAGRDNAYFHDVGXXPYRAPQEAEIPTNZWGO&quot;, &quot;GTGLNSXMTEEJRQJTCHXJJZPZBJOTNYIAOHADRDKYCCWZWUQZKTXPJFE&quot;, &quot;EGJDEDZUWDUKQFCYWYGGCPDGSPJ&quot;, &quot;BSRJCTYLUGUYDCDTZGIERYSLYXEPCCKPUGSDLLHWHQDPDIDALKHMGFBDZGKFPJISWFEWKZHNZMX&quot;, &quot;UCHQ&quot;, ...],&quot;********************************************************************************************************\r\n* WNGRFWLNRKMMMXGRRFOJZPTAGRDNAYFHDVGXXPYRAPQEAEIPTNZWGO                                               *\r\n* GTGLNSXMTEEJRQJTCHXJJZPZBJOTNYIAOHADRDKYCCWZWUQZKTXPJFE                                              *\r\n* EGJDEDZUWDUKQFCYWYGGCPDGSPJ                                                                          *\r\n* BSRJCTYLUGUYDCDTZGIERYSLYXEPCCKPUGSDLLHWHQDPDIDALKHMGFBDZGKFPJISWFEWKZHNZMX                          *\r\n* UCHQ                                                                                                 *\r\n* EDSVYJPEPDFBBHXHLTXDHPMDTMTHAIXYTMLFQXXWPRVWBMXEZSJJJMMORPBMPHDHGGHPVSROWBO                          *\r\n* UPBGOOIIYOPGZWOBVLHIOOPVEIJHBVMIYWTBNUXAZVISRAPZDQSLTGBGAFCG                                         *\r\n* AGDBHIDDMNANHISFXEDSJEK                                                                              *\r\n* BOSVNBISQUYO                                                                                         *\r\n* RKSMVQDSXMXIBCBYOVWWA                                                                                *\r\n* T                                                                                                    *\r\n* HPLFHXNJEAGULGONHKDBUMMYGTCYCSFQRCEFFXKAZNEAWHNIHIOPWRUVDMYOU                                        *\r\n* HLUPDIBIIJADCHILCYGUQTEQUZIJCSZWFKGTGHEFGZAEOSPNMSKZHAYNHE                                           *\r\n* DZSFPKEYRAPFVUANQSACCKUWJHZOFLSMBMAFOUKTJUXMXNPFHMIUGCSTFVWILQSGICDITVZWIGSHMIYW                     *\r\n* THTCYFZTHASXCISBREUKHMLMMMAJKGXWAQRJYDJXDOLUGYFYZFVDDLKHVGQLEQJBDVXMQ                                *\r\n* CNUXGSARGNHCJEKTTOFJNSNYTNFKRKBTHQDIIG                                                               *\r\n* SHDACECGEQJCIGGVKAWD                                                                                 *\r\n* NPZVMOUSBCLMJNCJSKUQGATIHSMAUSIMCMFREEPQINDOYQZTELSPBNMMWROUBTYJTYJXILFOVE                           *\r\n* SXEJQSTWIATKPZSVMPUOOPUVZHCLTGDT                                                                     *\r\n* FUPRHXBHWPIANTXPPTYAPTDCJKJQIDCWZNKFCDESTGRZLUMNEVDMESHLRNHXOKZTMMAAJSMMOGHIBDRPXVMMZQRGFYO          *\r\n* WHDIGYMZUMDLJRYYLZJNVSASXNTWUTULEWPHCYBDQRULRBDIRTVGOATEHLKTE                                        *\r\n* FARSHMBQVNXFXEXOBWKLFBYOWECLARNIZAMUTZUQHAXIIICPGSKOJTKDCCVDJP                                       *\r\n* EZOGXRCUCCTDEDQFOBNEHHZYGPIRQDRHRJTITCFXEXHMQPGAMXHBWLJWZQZIJKDYL                                    *\r\n* MUJHLLWPAKZNIQIIFTVPKGAXIDCWOTTJADDMQFLWFGKZXMHI                                                     *\r\n* A                                                                                                    *\r\n* KCVBGTMYHIZAHQQMENWRA                                                                                *\r\n* ZKEVBZWWTWNNJGFCWSEGDNFFDIGACVD                                                                      *\r\n* ECDLXLRMBLODMTGJHCRDNTEMEYSTSWUYSEJH                                                                 *\r\n* TFLBRESYCTJC                                                                                         *\r\n* TZEAVKYQHZTYTFQQKIKZGNXFCVOLNCFIRVDUUSIYJLMGSCXZBIRKZCQFCYYZVMDETKHYCWVSZLPVBRMZYPJFKUIOF            *\r\n* RVTIDWIHMHVZXFNYLONVELMZBGDXUZCTSEEZZQITMTEEDYSESLIUBKTGJUHWTLNMFCHSANZUFUILGHVCNYFIQHRHLYPE         *\r\n* LZBGSYBRZDELOOHBIACYEIUFEVYKZHCYVLUU                                                                 *\r\n* ENIUKOVBWCSKFDYNFECEVBXAQRRAGQ                                                                       *\r\n* UMUDMTEUUZE                                                                                          *\r\n* SFAUEEKPGSQLDQIDSXUVFAYXLZLUBKIF                                                                     *\r\n* TEUQXMWVBVCWIZVKBBXEICSHCJESQOWKKTKLOMVKYZEEWBCZQJAJKBJQMMOOHDFNZSLOP                                *\r\n* WOGNFJXNLAGFCGONZJKTZBYGCVURFDPOKGMLCX                                                               *\r\n* ZTZBNICAYYLSCDWKVPZLJOGIHLSUWTCKBNLAAZLYZUWSULNKOVRWDMLLNQTBPHEEWAROSVKVDALPRNOWYHGA                 *\r\n* FHPBZNJGJI                                                                                           *\r\n* QSVTUYSSLVSCAWTZCXDIAEBQTBMSIBPUSUZZRUCZPOPGNEOFGNGIFAQLQFZSLZJJGXKG                                 *\r\n* THHUDSMOUDONHMUUGOSDNJMVKOQFFAPUHHMGYNBHEXVCKEDMOPZJSDKKUMKPCGJUNUGAAOVTMKYPNKKFKDQQBGCEWBLM         *\r\n* MEXNBOQYDMZT                                                                                         *\r\n* WHEUWKCEFYPSSGSBDYDJQAGA                                                                             *\r\n* MVUHGRQW                                                                                             *\r\n* KUACFBJYHFIUIHXWAOWJQWBDSKOHXYHYWXWYBBTBZRSASHEOWKGDUMFNTWJUMCAIYJYKKZVYVUKYDAKLGAL                  *\r\n* REEJSIEERYPXQKCJITDXPHHZCGKSMYOMROQTEPSBUQHWFMHS                                                     *\r\n* BDMXNWKWFGLYMSTKDGCTIESBBCZALTPZRTKUBPDRGXZJGDIXNMCGEZQWKLVKXJLLQLGSHYIOCKNLFIUXUBMYRJUSCNJQTSUW     *\r\n* NSVXPQOEODUMFRCRYQVWNUGROPUPSUKPQZSPZAELYUDGA                                                        *\r\n* XWHZVCZZYSLEJAWZMTTEVF                                                                               *\r\n* MRXLKYSRAQIRXHSZHQRBZEVREPZIKMVJSWVHXQPAFBLNAIYRTTLOEEAIWGHUZKGNVYZBMLCQAQVXSHQWRHOQBHFOWNKQIUBVUXS  *\r\n* IWFHRUN                                                                                              *\r\n* ICPPPLDSVQMOTLEYALIGOACVPONUBGZGTQFUXVBXRJZEKEIXRHHGMHZ                                              *\r\n* ZTZAYIQOQGUCFKAFJKOFBYLLGQCUZTT                                                                      *\r\n* RYUEVAZISKNDJFRHGBWCSTGBIOTHGWPXNILHPWJJLGNQKH                                                       *\r\n* BYVNXX                                                                                               *\r\n* TXRTVGGRBVVQQBUKRJSMQMGQQBNSJLIRAWPNQWBCCUERVTRAGNDEFKAGRADUTNIQND                                   *\r\n* TLHUVIPJWHPUWJNMVHELPVJVPSGJOLODRDXOZTIVPAEYBFGKGBMIIRAXCLFCBGV                                      *\r\n* TLDTMYNBZIWORKTJMWDNYFUZCZMNOFTJFTFQCMYHO                                                            *\r\n* IAVLGSRWPFDHLNQEQMLZNUOMJXEDGZYVYNXUDQTUVSP                                                          *\r\n* GXIRZYWLVOXOLJCINOPPHIJXQWAZSREVEAGLPNDIDMZJQJIUNKHHCZHY                                             *\r\n* KBDXWSEKBJLCRTZKGMUIZHHNGLHKXSESIWEMZKHTVZOZXRWRHWWNMPOD                                             *\r\n* QRKLTNJESUUONLWFBNASHQOPQDAWRGSHBSJSWIBLFVEWBCULZILCOKMACVUQMMMMCMMUBDISLONLL                        *\r\n* NNJPXJVQTRFJPBNLZTISUPPZJVASQZXBOKHHHWPDRMTVPSOGFAPTCTXYXJGBJCZUTEVETG                               *\r\n* CDFAIWUJRHTNQJDY                                                                                     *\r\n* MJJXQOUOMYCLXJMYWNQXSPBDAOTPPIKQFARKWGLPKMVXSYUYGOUVNABXHGWCUEZEOLFWRCCPCAMGUEKB                     *\r\n* UJBOOCEYUCPJJUGNRJGTXHDMFTMOVDDVVHZUYQZJAYWAMFSGGTCVEIWNFPIVPQDRZUOBULPBKXTZKDZ                      *\r\n* AGIBAIRNKMOJHDTJUEBSQRLUEBLHPXCCPIUJIBRRCBQIWGTGDJEGBGJJVNXYWJYNKMTYJJBTNKPPADXXHEDFSWBIZKOUDSUTDDXK *\r\n* VWUILSRRTIRQAQRGSUNLKZYVGPUQWLXFNLMIJWHDJRFBWEDBCM                                                   *\r\n* IJZBWXYBVYAVHLMCPEJWVMKBTTWZCMSOJBOVNJPKLU                                                           *\r\n* FIWXQKBOXSPOWZYIDAZZJFMLGWQPGOZLABFSXVGPAXVVTM                                                       *\r\n* WPAMJMVCZWKRUTMIITENVUGKHUJZLKRSUDUAFBPZFYFWNDMVOPMCPYXBIPFPCWQPESWQZLCG                             *\r\n* EIWPKXDIOKVXPDWG                                                                                     *\r\n* RPWAXJHPRUGVWCNGYLQBMYRBGNLVSPPAKGUMKDGYOZTCWMSHIQQSGEGSYVTKXMXBFGLQIAWUER                           *\r\n* NFOETVDMBYXUFZBOPJWABBRXQBCZIUWNORTNJQAOUAWCILFQGL                                                   *\r\n* KIQLLNRNRTDDGCJGNGOFYJHGBFPO                                                                         *\r\n* VLTXNLFXGHZRCIVQWPAZE                                                                                *\r\n* KRFIBBKJGYDIVHKGSQEIGYPNWALQEPOOADABRFKDNXBAOTMOFPXJUWLMCSMAPUEQJOISGI                               *\r\n* NFAUJWOZCOXKPREUDSOZYTKNTSKQZLUHXAKEUBBQNTJMSKPYEUEZSIQTUMBR                                         *\r\n* YZQTPMOHAACQYMFJYVJCLLFHUOOKQJHAKEPTTSCXBREU                                                         *\r\n* JUWKKWRRO                                                                                            *\r\n* MUJYBXERQSBFTWMPFSLBUHKFLUSZFNPIWFDZKTBZWANBADAZYUQZFMEEJDNGFFLDDSJOTMFLQMFUTJEHTSALWQCJAYQGGVURPJ   *\r\n* HUMFMPEITHKLAZFMMEZGNQZNVWZFVSNFJKWNHMOWSHIBPNPHBIHMPCLRUYKPPZNBUFBPCSFZPDOFHYYIGRDMKBPHZFSICZ       *\r\n* SUHHJLAFJDHWLOFJWABIYVBQ                                                                             *\r\n* PUPWZXWQXVLAQOWGMUIDEESUVVHBQHXTQOURLIJGKGNSUJGMECLBSNOLBUBDPVAPYSJBUEVEK                            *\r\n* SYQAALPUW                                                                                            *\r\n* WVBCAIQQHGRPGYTBZESAGHRPVQUAUPOUZLTDRHBLOFXELDSRHYLKCWHO                                             *\r\n* LGJNPVRRWQUFQKSDH                                                                                    *\r\n* BKMESYCTWDDSCDEZGASXYJFMONXMQNTHVKGERGNLKWZOOE                                                       *\r\n* QAQERKJNREAQFAQCIJVWSXZHZNGMCKRXKZGMZICWLXOAQPIKUTQE                                                 *\r\n* HVTAJEEEXLHNCGFUDCZHYLUIZRJEWRITMECEMLQDYSNLHNNJCPQQQXVVALBRVZHFCNAYDBHSLWJ                          *\r\n* YIAMDACGARCPJGEBJYIYLH                                                                               *\r\n* UMPGBIYFUOPXRKOOUXAFLKKPWXFINNKUQZG                                                                  *\r\n* OUAYCMIBTJMRVKNAKCXJCZJECPRHDVHRDPAAWCDZCJWNKONCZJJNCXXPKWVMUAXXCVNGKMEIZYGSDVTNCPHUMTPGRLPAGQEBLYL  *\r\n* BHSMFBODRELPCIJFTDLJFGOYWDBITEGEJEMVWUOLELPMZAXYHZIIMCJUSTP                                          *\r\n********************************************************************************************************\r\n&quot;)" fullname="Open_Lab_04._14.Tests.TestWithRandom([&quot;WNGRFWLNRKMMMXGRRFOJZPTAGRDNAYFHDVGXXPYRAPQEAEIPTNZWGO&quot;, &quot;GTGLNSXMTEEJRQJTCHXJJZPZBJOTNYIAOHADRDKYCCWZWUQZKTXPJFE&quot;, &quot;EGJDEDZUWDUKQFCYWYGGCPDGSPJ&quot;, &quot;BSRJCTYLUGUYDCDTZGIERYSLYXEPCCKPUGSDLLHWHQDPDIDALKHMGFBDZGKFPJISWFEWKZHNZMX&quot;, &quot;UCHQ&quot;, ...],&quot;********************************************************************************************************\r\n* WNGRFWLNRKMMMXGRRFOJZPTAGRDNAYFHDVGXXPYRAPQEAEIPTNZWGO                                               *\r\n* GTGLNSXMTEEJRQJTCHXJJZPZBJOTNYIAOHADRDKYCCWZWUQZKTXPJFE                                              *\r\n* EGJDEDZUWDUKQFCYWYGGCPDGSPJ                                                                          *\r\n* BSRJCTYLUGUYDCDTZGIERYSLYXEPCCKPUGSDLLHWHQDPDIDALKHMGFBDZGKFPJISWFEWKZHNZMX                          *\r\n* UCHQ                                                                                                 *\r\n* EDSVYJPEPDFBBHXHLTXDHPMDTMTHAIXYTMLFQXXWPRVWBMXEZSJJJMMORPBMPHDHGGHPVSROWBO                          *\r\n* UPBGOOIIYOPGZWOBVLHIOOPVEIJHBVMIYWTBNUXAZVISRAPZDQSLTGBGAFCG                                         *\r\n* AGDBHIDDMNANHISFXEDSJEK                                                                              *\r\n* BOSVNBISQUYO                                                                                         *\r\n* RKSMVQDSXMXIBCBYOVWWA                                                                                *\r\n* T                                                                                                    *\r\n* HPLFHXNJEAGULGONHKDBUMMYGTCYCSFQRCEFFXKAZNEAWHNIHIOPWRUVDMYOU                                        *\r\n* HLUPDIBIIJADCHILCYGUQTEQUZIJCSZWFKGTGHEFGZAEOSPNMSKZHAYNHE                                           *\r\n* DZSFPKEYRAPFVUANQSACCKUWJHZOFLSMBMAFOUKTJUXMXNPFHMIUGCSTFVWILQSGICDITVZWIGSHMIYW                     *\r\n* THTCYFZTHASXCISBREUKHMLMMMAJKGXWAQRJYDJXDOLUGYFYZFVDDLKHVGQLEQJBDVXMQ                                *\r\n* CNUXGSARGNHCJEKTTOFJNSNYTNFKRKBTHQDIIG                                                               *\r\n* SHDACECGEQJCIGGVKAWD                                                                                 *\r\n* NPZVMOUSBCLMJNCJSKUQGATIHSMAUSIMCMFREEPQINDOYQZTELSPBNMMWROUBTYJTYJXILFOVE                           *\r\n* SXEJQSTWIATKPZSVMPUOOPUVZHCLTGDT                                                                     *\r\n* FUPRHXBHWPIANTXPPTYAPTDCJKJQIDCWZNKFCDESTGRZLUMNEVDMESHLRNHXOKZTMMAAJSMMOGHIBDRPXVMMZQRGFYO          *\r\n* WHDIGYMZUMDLJRYYLZJNVSASXNTWUTULEWPHCYBDQRULRBDIRTVGOATEHLKTE                                        *\r\n* FARSHMBQVNXFXEXOBWKLFBYOWECLARNIZAMUTZUQHAXIIICPGSKOJTKDCCVDJP                                       *\r\n* EZOGXRCUCCTDEDQFOBNEHHZYGPIRQDRHRJTITCFXEXHMQPGAMXHBWLJWZQZIJKDYL                                    *\r\n* MUJHLLWPAKZNIQIIFTVPKGAXIDCWOTTJADDMQFLWFGKZXMHI                                                     *\r\n* A                                                                                                    *\r\n* KCVBGTMYHIZAHQQMENWRA                                                                                *\r\n* ZKEVBZWWTWNNJGFCWSEGDNFFDIGACVD                                                                      *\r\n* ECDLXLRMBLODMTGJHCRDNTEMEYSTSWUYSEJH                                                                 *\r\n* TFLBRESYCTJC                                                                                         *\r\n* TZEAVKYQHZTYTFQQKIKZGNXFCVOLNCFIRVDUUSIYJLMGSCXZBIRKZCQFCYYZVMDETKHYCWVSZLPVBRMZYPJFKUIOF            *\r\n* RVTIDWIHMHVZXFNYLONVELMZBGDXUZCTSEEZZQITMTEEDYSESLIUBKTGJUHWTLNMFCHSANZUFUILGHVCNYFIQHRHLYPE         *\r\n* LZBGSYBRZDELOOHBIACYEIUFEVYKZHCYVLUU                                                                 *\r\n* ENIUKOVBWCSKFDYNFECEVBXAQRRAGQ                                                                       *\r\n* UMUDMTEUUZE                                                                                          *\r\n* SFAUEEKPGSQLDQIDSXUVFAYXLZLUBKIF                                                                     *\r\n* TEUQXMWVBVCWIZVKBBXEICSHCJESQOWKKTKLOMVKYZEEWBCZQJAJKBJQMMOOHDFNZSLOP                                *\r\n* WOGNFJXNLAGFCGONZJKTZBYGCVURFDPOKGMLCX                                                               *\r\n* ZTZBNICAYYLSCDWKVPZLJOGIHLSUWTCKBNLAAZLYZUWSULNKOVRWDMLLNQTBPHEEWAROSVKVDALPRNOWYHGA                 *\r\n* FHPBZNJGJI                                                                                           *\r\n* QSVTUYSSLVSCAWTZCXDIAEBQTBMSIBPUSUZZRUCZPOPGNEOFGNGIFAQLQFZSLZJJGXKG                                 *\r\n* THHUDSMOUDONHMUUGOSDNJMVKOQFFAPUHHMGYNBHEXVCKEDMOPZJSDKKUMKPCGJUNUGAAOVTMKYPNKKFKDQQBGCEWBLM         *\r\n* MEXNBOQYDMZT                                                                                         *\r\n* WHEUWKCEFYPSSGSBDYDJQAGA                                                                             *\r\n* MVUHGRQW                                                                                             *\r\n* KUACFBJYHFIUIHXWAOWJQWBDSKOHXYHYWXWYBBTBZRSASHEOWKGDUMFNTWJUMCAIYJYKKZVYVUKYDAKLGAL                  *\r\n* REEJSIEERYPXQKCJITDXPHHZCGKSMYOMROQTEPSBUQHWFMHS                                                     *\r\n* BDMXNWKWFGLYMSTKDGCTIESBBCZALTPZRTKUBPDRGXZJGDIXNMCGEZQWKLVKXJLLQLGSHYIOCKNLFIUXUBMYRJUSCNJQTSUW     *\r\n* NSVXPQOEODUMFRCRYQVWNUGROPUPSUKPQZSPZAELYUDGA                                                        *\r\n* XWHZVCZZYSLEJAWZMTTEVF                                                                               *\r\n* MRXLKYSRAQIRXHSZHQRBZEVREPZIKMVJSWVHXQPAFBLNAIYRTTLOEEAIWGHUZKGNVYZBMLCQAQVXSHQWRHOQBHFOWNKQIUBVUXS  *\r\n* IWFHRUN                                                                                              *\r\n* ICPPPLDSVQMOTLEYALIGOACVPONUBGZGTQFUXVBXRJZEKEIXRHHGMHZ                                              *\r\n* ZTZAYIQOQGUCFKAFJKOFBYLLGQCUZTT                                                                      *\r\n* RYUEVAZISKNDJFRHGBWCSTGBIOTHGWPXNILHPWJJLGNQKH                                                       *\r\n* BYVNXX                                                                                               *\r\n* TXRTVGGRBVVQQBUKRJSMQMGQQBNSJLIRAWPNQWBCCUERVTRAGNDEFKAGRADUTNIQND                                   *\r\n* TLHUVIPJWHPUWJNMVHELPVJVPSGJOLODRDXOZTIVPAEYBFGKGBMIIRAXCLFCBGV                                      *\r\n* TLDTMYNBZIWORKTJMWDNYFUZCZMNOFTJFTFQCMYHO                                                            *\r\n* IAVLGSRWPFDHLNQEQMLZNUOMJXEDGZYVYNXUDQTUVSP                                                          *\r\n* GXIRZYWLVOXOLJCINOPPHIJXQWAZSREVEAGLPNDIDMZJQJIUNKHHCZHY                                             *\r\n* KBDXWSEKBJLCRTZKGMUIZHHNGLHKXSESIWEMZKHTVZOZXRWRHWWNMPOD                                             *\r\n* QRKLTNJESUUONLWFBNASHQOPQDAWRGSHBSJSWIBLFVEWBCULZILCOKMACVUQMMMMCMMUBDISLONLL                        *\r\n* NNJPXJVQTRFJPBNLZTISUPPZJVASQZXBOKHHHWPDRMTVPSOGFAPTCTXYXJGBJCZUTEVETG                               *\r\n* CDFAIWUJRHTNQJDY                                                                                     *\r\n* MJJXQOUOMYCLXJMYWNQXSPBDAOTPPIKQFARKWGLPKMVXSYUYGOUVNABXHGWCUEZEOLFWRCCPCAMGUEKB                     *\r\n* UJBOOCEYUCPJJUGNRJGTXHDMFTMOVDDVVHZUYQZJAYWAMFSGGTCVEIWNFPIVPQDRZUOBULPBKXTZKDZ                      *\r\n* AGIBAIRNKMOJHDTJUEBSQRLUEBLHPXCCPIUJIBRRCBQIWGTGDJEGBGJJVNXYWJYNKMTYJJBTNKPPADXXHEDFSWBIZKOUDSUTDDXK *\r\n* VWUILSRRTIRQAQRGSUNLKZYVGPUQWLXFNLMIJWHDJRFBWEDBCM                                                   *\r\n* IJZBWXYBVYAVHLMCPEJWVMKBTTWZCMSOJBOVNJPKLU                                                           *\r\n* FIWXQKBOXSPOWZYIDAZZJFMLGWQPGOZLABFSXVGPAXVVTM                                                       *\r\n* WPAMJMVCZWKRUTMIITENVUGKHUJZLKRSUDUAFBPZFYFWNDMVOPMCPYXBIPFPCWQPESWQZLCG                             *\r\n* EIWPKXDIOKVXPDWG                                                                                     *\r\n* RPWAXJHPRUGVWCNGYLQBMYRBGNLVSPPAKGUMKDGYOZTCWMSHIQQSGEGSYVTKXMXBFGLQIAWUER                           *\r\n* NFOETVDMBYXUFZBOPJWABBRXQBCZIUWNORTNJQAOUAWCILFQGL                                                   *\r\n* KIQLLNRNRTDDGCJGNGOFYJHGBFPO                                                                         *\r\n* VLTXNLFXGHZRCIVQWPAZE                                                                                *\r\n* KRFIBBKJGYDIVHKGSQEIGYPNWALQEPOOADABRFKDNXBAOTMOFPXJUWLMCSMAPUEQJOISGI                               *\r\n* NFAUJWOZCOXKPREUDSOZYTKNTSKQZLUHXAKEUBBQNTJMSKPYEUEZSIQTUMBR                                         *\r\n* YZQTPMOHAACQYMFJYVJCLLFHUOOKQJHAKEPTTSCXBREU                                                         *\r\n* JUWKKWRRO                                                                                            *\r\n* MUJYBXERQSBFTWMPFSLBUHKFLUSZFNPIWFDZKTBZWANBADAZYUQZFMEEJDNGFFLDDSJOTMFLQMFUTJEHTSALWQCJAYQGGVURPJ   *\r\n* HUMFMPEITHKLAZFMMEZGNQZNVWZFVSNFJKWNHMOWSHIBPNPHBIHMPCLRUYKPPZNBUFBPCSFZPDOFHYYIGRDMKBPHZFSICZ       *\r\n* SUHHJLAFJDHWLOFJWABIYVBQ                                                                             *\r\n* PUPWZXWQXVLAQOWGMUIDEESUVVHBQHXTQOURLIJGKGNSUJGMECLBSNOLBUBDPVAPYSJBUEVEK                            *\r\n* SYQAALPUW                                                                                            *\r\n* WVBCAIQQHGRPGYTBZESAGHRPVQUAUPOUZLTDRHBLOFXELDSRHYLKCWHO                                             *\r\n* LGJNPVRRWQUFQKSDH                                                                                    *\r\n* BKMESYCTWDDSCDEZGASXYJFMONXMQNTHVKGERGNLKWZOOE                                                       *\r\n* QAQERKJNREAQFAQCIJVWSXZHZNGMCKRXKZGMZICWLXOAQPIKUTQE                                                 *\r\n* HVTAJEEEXLHNCGFUDCZHYLUIZRJEWRITMECEMLQDYSNLHNNJCPQQQXVVALBRVZHFCNAYDBHSLWJ                          *\r\n* YIAMDACGARCPJGEBJYIYLH                                                                               *\r\n* UMPGBIYFUOPXRKOOUXAFLKKPWXFINNKUQZG                                                                  *\r\n* OUAYCMIBTJMRVKNAKCXJCZJECPRHDVHRDPAAWCDZCJWNKONCZJJNCXXPKWVMUAXXCVNGKMEIZYGSDVTNCPHUMTPGRLPAGQEBLYL  *\r\n* BHSMFBODRELPCIJFTDLJFGOYWDBITEGEJEMVWUOLELPMZAXYHZIIMCJUSTP                                          *\r\n********************************************************************************************************\r\n&quot;)" methodname="TestWithRandom" classname="Open_Lab_04._14.Tests" runstate="Runnable" seed="287057698" result="Passed" start-time="2021-12-27 14:18:12Z" end-time="2021-12-27 14:18:12Z" duration="0.026987" asserts="10083" />
          </test-suite>
        </test-suite>
      </test-suite>
    </test-suite>
  </test-suite>
</test-run>